07-05 14:09:17,342148 [INFOR] [userlog] 当前:2023-07-05 14:09:17 用户:wt 登录成功
07-05 14:10:41,064719 [INFOR] [userlog] 当前:2023-07-05 14:10:41 用户:wt 创建固件扫描任务:et, id:225, 并未关联固件库
07-05 14:10:42,994134 [INFOR] [userlog] 当前:2023-07-05 14:10:42 用户:wt 开始固件扫描任务:et, id:225
07-05 14:11:07,032117 [INFOR] [userlog] 当前:2023-07-05 14:11:06 用户:wt 创建固件扫描任务:ftpc, id:226, 并未关联固件库
07-05 14:11:08,831151 [INFOR] [userlog] 当前:2023-07-05 14:11:08 用户:wt 开始固件扫描任务:ftpc, id:226
07-05 14:11:24,389504 [INFOR] [userlog] 当前:2023-07-05 14:11:24 用户:wt 创建固件扫描任务:smb_pass, id:227, 并未关联固件库
07-05 14:11:26,991974 [INFOR] [userlog] 当前:2023-07-05 14:11:26 用户:wt 开始固件扫描任务:smb_pass, id:227
07-05 18:28:19,314011 [INFOR] [userlog] 当前:2023-07-05 18:28:19 用户:root 登录成功
07-05 18:28:19,667471 [INFOR] [userlog] 当前:2023-07-05 18:28:19 用户:root 创建固件扫描任务:dsp.ko, id:228, 并未关联固件库
07-05 18:28:19,901160 [INFOR] [userlog] 当前:2023-07-05 18:28:19 用户:root 开始固件扫描任务:dsp.ko, id:228
07-05 18:28:38,385356 [INFOR] [userlog] 当前:2023-07-05 18:28:38 用户:wwh 登录成功
07-05 18:29:20,106726 [INFOR] [userlog] 当前:2023-07-05 18:29:20 用户:root 删除固件扫描任务:dsp.ko, id:228
07-05 18:30:17,756663 [INFOR] [userlog] 当前:2023-07-05 18:30:17 用户:root 登录成功
07-05 18:30:18,165641 [INFOR] [userlog] 当前:2023-07-05 18:30:18 用户:root 创建固件扫描任务:libcurl_7.17.1-1_arm.ipk, id:229, 并未关联固件库
07-05 18:30:18,442850 [INFOR] [userlog] 当前:2023-07-05 18:30:18 用户:root 开始固件扫描任务:libcurl_7.17.1-1_arm.ipk, id:229
07-05 18:30:18,503935 [INFOR] [userlog] 当前:2023-07-05 18:30:18 用户:root 暂停固件扫描任务:libcurl_7.17.1-1_arm.ipk, id:229
07-05 18:30:18,600942 [INFOR] [userlog] 当前:2023-07-05 18:30:18 用户:root 删除固件扫描任务:libcurl_7.17.1-1_arm.ipk, id:229
07-05 18:30:18,861239 [INFOR] [userlog] 当前:2023-07-05 18:30:18 用户:root 登录成功
07-05 18:30:19,437391 [INFOR] [userlog] 当前:2023-07-05 18:30:19 用户:root 创建固件扫描任务:dsp.ko, id:230, 并未关联固件库
07-05 18:30:19,666798 [INFOR] [userlog] 当前:2023-07-05 18:30:19 用户:root 开始固件扫描任务:dsp.ko, id:230
07-05 18:31:20,213891 [INFOR] [userlog] 当前:2023-07-05 18:31:19 用户:root 删除固件扫描任务:dsp.ko, id:230
07-05 18:33:29,614197 [INFOR] [userlog] 当前:2023-07-05 18:33:29 用户:root 修改密码成功
07-05 18:33:30,025720 [INFOR] [userlog] 当前:2023-07-05 18:33:29 用户:root 登录成功
07-05 18:33:30,456849 [INFOR] [userlog] 当前:2023-07-05 18:33:30 用户:root 创建报告对比任务:smb_pass对比ftpc, id:4
07-05 18:33:30,738033 [INFOR] [userlog] 当前:2023-07-05 18:33:30 用户:root 登录成功
07-05 18:33:31,477331 [INFOR] [userlog] 当前:2023-07-05 18:33:31 用户:root 登录成功
07-05 18:33:32,062630 [INFOR] [userlog] 当前:2023-07-05 18:33:31 用户:root 登录成功
07-05 18:33:32,607937 [INFOR] [userlog] 当前:2023-07-05 18:33:32 用户:root 登录成功
07-05 18:40:08,923467 [INFOR] [userlog] 当前:2023-07-05 18:40:08 用户:wwh 创建固件扫描任务:app.bin, id:231, 并未关联固件库
07-05 18:40:10,317430 [INFOR] [userlog] 当前:2023-07-05 18:40:10 用户:wwh 开始固件扫描任务:app.bin, id:231
07-05 18:40:25,830128 [INFOR] [userlog] 当前:2023-07-05 18:40:25 用户:root 登录成功
07-05 18:40:26,434858 [INFOR] [userlog] 当前:2023-07-05 18:40:26 用户:root 登录成功
07-05 18:40:27,091718 [INFOR] [userlog] 当前:2023-07-05 18:40:26 用户:root 登录成功
07-05 18:45:32,336463 [INFOR] [userlog] 当前:2023-07-05 18:45:32 用户:wwh 创建固件扫描任务:dsp.ko, id:232, 并未关联固件库
07-05 18:45:33,703999 [INFOR] [userlog] 当前:2023-07-05 18:45:33 用户:wwh 开始固件扫描任务:dsp.ko, id:232
07-05 18:46:27,905786 [INFOR] [userlog] 当前:2023-07-05 18:46:27 用户:root 登录成功
07-05 18:46:30,293906 [INFOR] [userlog] 当前:2023-07-05 18:46:30 用户:root 创建固件扫描任务:全选插件创建任务, id:233, 并未关联固件库
07-05 18:46:30,518388 [INFOR] [userlog] 当前:2023-07-05 18:46:30 用户:root 登录成功
07-05 18:46:30,880931 [INFOR] [userlog] 当前:2023-07-05 18:46:30 用户:root 创建固件扫描任务:全选插件关联固件库, id:234, 并关联固件库
07-05 18:46:31,107286 [INFOR] [userlog] 当前:2023-07-05 18:46:30 用户:root 登录成功
07-05 18:46:31,731324 [INFOR] [userlog] 当前:2023-07-05 18:46:31 用户:root 登录成功
07-05 18:46:32,524863 [INFOR] [userlog] 当前:2023-07-05 18:46:32 用户:root 登录成功
07-05 18:46:33,083159 [INFOR] [userlog] 当前:2023-07-05 18:46:32 用户:root 登录成功
07-05 18:46:33,765842 [INFOR] [userlog] 当前:2023-07-05 18:46:33 用户:root 登录成功
07-05 18:46:34,192126 [INFOR] [userlog] 当前:2023-07-05 18:46:34 用户:root 删除固件扫描任务:全选插件关联固件库, id:234
07-05 18:46:34,216984 [INFOR] [userlog] 当前:2023-07-05 18:46:34 用户:root 创建固件扫描任务:1, id:235, 并关联固件库
07-05 18:46:34,454584 [INFOR] [userlog] 当前:2023-07-05 18:46:34 用户:root 登录成功
07-05 18:46:34,995698 [INFOR] [userlog] 当前:2023-07-05 18:46:34 用户:root 创建固件扫描任务:a, id:236, 并未关联固件库
07-05 18:46:35,236132 [INFOR] [userlog] 当前:2023-07-05 18:46:35 用户:root 登录成功
07-05 18:46:35,630650 [INFOR] [userlog] 当前:2023-07-05 18:46:35 用户:root 删除固件扫描任务:a, id:236
07-05 18:46:35,656660 [INFOR] [userlog] 当前:2023-07-05 18:46:35 用户:root 创建固件扫描任务:*, id:237, 并未关联固件库
07-05 18:46:35,902425 [INFOR] [userlog] 当前:2023-07-05 18:46:35 用户:root 登录成功
07-05 18:46:36,188611 [INFOR] [userlog] 当前:2023-07-05 18:46:36 用户:root 创建固件扫描任务:a1wO69DqMV4fyGXHbywUrPT3Ke3aqzh6pMWQB7DszaKKw82JSc8iO3skT0bkONWY9fpJH8oXDd7Ah43C2MbGxUcZoBksUZSQY5i, id:238, 并未关联固件库
07-05 18:46:36,412178 [INFOR] [userlog] 当前:2023-07-05 18:46:36 用户:root 登录成功
07-05 18:46:37,339462 [INFOR] [userlog] 当前:2023-07-05 18:46:37 用户:root 登录成功
07-05 18:46:39,006561 [INFOR] [userlog] 当前:2023-07-05 18:46:38 用户:root 登录成功
07-05 18:46:39,842944 [INFOR] [userlog] 当前:2023-07-05 18:46:39 用户:root 登录成功
07-05 18:46:40,397724 [INFOR] [userlog] 当前:2023-07-05 18:46:40 用户:root 登录成功
07-05 18:46:40,907184 [INFOR] [userlog] 当前:2023-07-05 18:46:40 用户:root 登录成功
07-05 18:46:41,630601 [INFOR] [userlog] 当前:2023-07-05 18:46:41 用户:root 登录成功
07-05 18:46:42,226589 [INFOR] [userlog] 当前:2023-07-05 18:46:41 用户:root 登录成功
07-05 18:46:42,778332 [INFOR] [userlog] 当前:2023-07-05 18:46:42 用户:root 登录成功
07-05 18:46:43,327658 [INFOR] [userlog] 当前:2023-07-05 18:46:43 用户:root 登录成功
07-05 18:46:44,369644 [INFOR] [userlog] 当前:2023-07-05 18:46:44 用户:root 登录成功
07-05 18:46:44,963191 [INFOR] [userlog] 当前:2023-07-05 18:46:44 用户:root 登录成功
07-05 18:46:45,473260 [INFOR] [userlog] 当前:2023-07-05 18:46:45 用户:root 登录成功
07-05 18:46:45,910580 [INFOR] [userlog] 当前:2023-07-05 18:46:45 用户:root 创建固件扫描任务:创建任务—只勾选cwe_checker插件, id:239, 并未关联固件库
07-05 18:46:46,157659 [INFOR] [userlog] 当前:2023-07-05 18:46:45 用户:root 登录成功
07-05 18:46:47,456220 [INFOR] [userlog] 当前:2023-07-05 18:46:47 用户:root 创建固件扫描任务:创建任务—只勾选software_components插件, id:240, 并未关联固件库
07-05 18:46:47,701323 [INFOR] [userlog] 当前:2023-07-05 18:46:47 用户:root 登录成功
07-05 18:46:48,056014 [INFOR] [userlog] 当前:2023-07-05 18:46:48 用户:root 创建固件扫描任务:创建任务—只勾选cve_lookup插件, id:241, 并未关联固件库
07-05 18:46:48,328290 [INFOR] [userlog] 当前:2023-07-05 18:46:48 用户:root 登录成功
07-05 18:46:48,871590 [INFOR] [userlog] 当前:2023-07-05 18:46:48 用户:root 登录成功
07-05 18:46:49,586769 [INFOR] [userlog] 当前:2023-07-05 18:46:49 用户:root 创建固件扫描任务:创建任务—只勾选crypto_hints插件, id:242, 并未关联固件库
07-05 18:46:49,907629 [INFOR] [userlog] 当前:2023-07-05 18:46:49 用户:root 登录成功
07-05 18:46:50,417074 [INFOR] [userlog] 当前:2023-07-05 18:46:50 用户:root 创建固件扫描任务:创建任务—只勾选elf_analysis插件, id:243, 并未关联固件库
07-05 18:46:50,643627 [INFOR] [userlog] 当前:2023-07-05 18:46:50 用户:root 登录成功
07-05 18:46:51,199890 [INFOR] [userlog] 当前:2023-07-05 18:46:51 用户:root 创建固件扫描任务:创建任务—只勾选ip_and_uri_finder插件, id:244, 并未关联固件库
07-05 18:46:51,427232 [INFOR] [userlog] 当前:2023-07-05 18:46:51 用户:root 登录成功
07-05 18:46:52,023058 [INFOR] [userlog] 当前:2023-07-05 18:46:52 用户:root 创建固件扫描任务:创建任务—只勾选users_and_passwords插件, id:245, 并未关联固件库
07-05 18:46:52,266290 [INFOR] [userlog] 当前:2023-07-05 18:46:52 用户:root 登录成功
07-05 18:46:52,948116 [INFOR] [userlog] 当前:2023-07-05 18:46:52 用户:root 创建固件扫描任务:创建任务—只勾选elf_checksec插件, id:246, 并未关联固件库
07-05 18:46:53,200748 [INFOR] [userlog] 当前:2023-07-05 18:46:52 用户:root 登录成功
07-05 18:46:53,639046 [INFOR] [userlog] 当前:2023-07-05 18:46:53 用户:root 创建固件扫描任务:创建任务—不勾选elf_checksec插件, id:247, 并未关联固件库
07-05 18:46:53,882948 [INFOR] [userlog] 当前:2023-07-05 18:46:53 用户:root 登录成功
07-05 18:46:54,265249 [INFOR] [userlog] 当前:2023-07-05 18:46:54 用户:root 创建固件扫描任务:创建任务—不勾选users_and_passwords插件, id:248, 并未关联固件库
07-05 18:46:54,473863 [INFOR] [userlog] 当前:2023-07-05 18:46:54 用户:root 登录成功
07-05 18:46:54,860119 [INFOR] [userlog] 当前:2023-07-05 18:46:54 用户:root 创建固件扫描任务:创建任务—不勾选ip_and_uri_finder插件, id:249, 并未关联固件库
07-05 18:46:55,101243 [INFOR] [userlog] 当前:2023-07-05 18:46:54 用户:root 登录成功
07-05 18:46:55,427406 [INFOR] [userlog] 当前:2023-07-05 18:46:55 用户:root 创建固件扫描任务:创建任务—不勾选elf_analysis插件, id:250, 并未关联固件库
07-05 18:46:55,636042 [INFOR] [userlog] 当前:2023-07-05 18:46:55 用户:root 登录成功
07-05 18:46:55,964875 [INFOR] [userlog] 当前:2023-07-05 18:46:55 用户:root 创建固件扫描任务:创建任务—不勾选crypto_hints插件, id:251, 并未关联固件库
07-05 18:46:56,180871 [INFOR] [userlog] 当前:2023-07-05 18:46:55 用户:root 登录成功
07-05 18:46:56,548099 [INFOR] [userlog] 当前:2023-07-05 18:46:56 用户:root 创建固件扫描任务:创建任务—不勾选cve_lookup插件, id:252, 并未关联固件库
07-05 18:46:56,774565 [INFOR] [userlog] 当前:2023-07-05 18:46:56 用户:root 登录成功
07-05 18:46:57,117863 [INFOR] [userlog] 当前:2023-07-05 18:46:57 用户:root 创建固件扫描任务:创建任务—不勾选software_components插件, id:253, 并未关联固件库
07-05 18:46:57,345834 [INFOR] [userlog] 当前:2023-07-05 18:46:57 用户:root 登录成功
07-05 18:46:58,384262 [INFOR] [userlog] 当前:2023-07-05 18:46:58 用户:root 删除固件扫描任务:全选插件创建任务, id:233
07-05 18:46:58,397005 [INFOR] [userlog] 当前:2023-07-05 18:46:58 用户:root 创建固件扫描任务:1, id:254, 并关联固件库
07-05 18:46:58,693757 [INFOR] [userlog] 当前:2023-07-05 18:46:58 用户:root 登录成功
07-05 18:46:59,795005 [INFOR] [userlog] 当前:2023-07-05 18:46:59 用户:root 登录成功
07-05 18:47:00,890268 [INFOR] [userlog] 当前:2023-07-05 18:47:00 用户:root 删除固件扫描任务:1, id:254
07-05 18:47:00,929519 [INFOR] [userlog] 当前:2023-07-05 18:47:00 用户:root 创建固件扫描任务:a, id:255, 并关联固件库
07-05 18:47:01,168415 [INFOR] [userlog] 当前:2023-07-05 18:47:00 用户:root 登录成功
07-05 18:47:02,095081 [INFOR] [userlog] 当前:2023-07-05 18:47:02 用户:root 删除固件扫描任务:a, id:255
07-05 18:47:02,155348 [INFOR] [userlog] 当前:2023-07-05 18:47:02 用户:root 创建固件扫描任务:*, id:256, 并关联固件库
07-05 18:47:02,411544 [INFOR] [userlog] 当前:2023-07-05 18:47:02 用户:root 登录成功
07-05 18:47:03,316063 [INFOR] [userlog] 当前:2023-07-05 18:47:03 用户:root 删除固件扫描任务:*, id:256
07-05 18:47:03,354850 [INFOR] [userlog] 当前:2023-07-05 18:47:03 用户:root 创建固件扫描任务:ishPgnwl7j6T2pI8pKz4uCgzuo01Db2PlPtMxRcHy0kfln5nkdNY8DVsJe4swq293f0vVYnvP42V9NSuqK7OkZMQRuBwpNpa6DQ, id:257, 并关联固件库
07-05 18:47:03,614846 [INFOR] [userlog] 当前:2023-07-05 18:47:03 用户:root 登录成功
07-05 18:47:04,671386 [INFOR] [userlog] 当前:2023-07-05 18:47:04 用户:root 删除固件扫描任务:ishPgnwl7j6T2pI8pKz4uCgzuo01Db2PlPtMxRcHy0kfln5nkdNY8DVsJe4swq293f0vVYnvP42V9NSuqK7OkZMQRuBwpNpa6DQ, id:257
07-05 18:47:04,691675 [INFOR] [userlog] 当前:2023-07-05 18:47:04 用户:root 创建固件扫描任务:5PEnfI9eb6Dz2So6Pn4byF8hS9HkbJCP7SFdCdU03TyJ3Ti04fQFWyCGvxWSfEup9uazSHXNlUKv5jif8pC20SHBzVTrG85Ym6I, id:258, 并关联固件库
07-05 18:47:04,937557 [INFOR] [userlog] 当前:2023-07-05 18:47:04 用户:root 登录成功
07-05 18:47:06,056999 [INFOR] [userlog] 当前:2023-07-05 18:47:05 用户:root 登录成功
07-05 18:47:07,204960 [INFOR] [userlog] 当前:2023-07-05 18:47:07 用户:root 登录成功
07-05 18:47:08,520336 [INFOR] [userlog] 当前:2023-07-05 18:47:08 用户:root 登录成功
07-05 18:47:09,660062 [INFOR] [userlog] 当前:2023-07-05 18:47:09 用户:root 登录成功
07-05 18:47:10,860025 [INFOR] [userlog] 当前:2023-07-05 18:47:10 用户:root 登录成功
07-05 18:47:12,039007 [INFOR] [userlog] 当前:2023-07-05 18:47:11 用户:root 登录成功
07-05 18:47:13,268926 [INFOR] [userlog] 当前:2023-07-05 18:47:13 用户:root 登录成功
07-05 18:47:14,936848 [INFOR] [userlog] 当前:2023-07-05 18:47:14 用户:root 登录成功
07-05 18:47:16,264862 [INFOR] [userlog] 当前:2023-07-05 18:47:16 用户:root 登录成功
07-05 18:47:16,811615 [INFOR] [userlog] 当前:2023-07-05 18:47:16 用户:root 登录成功
07-05 18:47:18,045797 [INFOR] [userlog] 当前:2023-07-05 18:47:17 用户:root 登录成功
07-05 18:47:19,298931 [INFOR] [userlog] 当前:2023-07-05 18:47:19 用户:root 登录成功
07-05 18:47:20,653846 [INFOR] [userlog] 当前:2023-07-05 18:47:20 用户:root 登录成功
07-05 18:47:21,941519 [INFOR] [userlog] 当前:2023-07-05 18:47:21 用户:root 登录成功
07-05 18:47:23,161732 [INFOR] [userlog] 当前:2023-07-05 18:47:22 用户:root 登录成功
07-05 18:47:24,599737 [INFOR] [userlog] 当前:2023-07-05 18:47:24 用户:root 登录成功
07-05 18:47:25,830342 [INFOR] [userlog] 当前:2023-07-05 18:47:25 用户:root 登录成功
07-05 18:47:27,112688 [INFOR] [userlog] 当前:2023-07-05 18:47:26 用户:root 登录成功
07-05 18:47:28,725778 [INFOR] [userlog] 当前:2023-07-05 18:47:28 用户:root 登录成功
07-05 18:47:30,063728 [INFOR] [userlog] 当前:2023-07-05 18:47:29 用户:root 登录成功
07-05 18:47:31,255707 [INFOR] [userlog] 当前:2023-07-05 18:47:31 用户:root 登录成功
07-05 18:47:32,415604 [INFOR] [userlog] 当前:2023-07-05 18:47:32 用户:root 登录成功
07-05 18:47:32,661787 [INFOR] [userlog] 当前:2023-07-05 18:47:32 用户:root 删除报告对比任务:smb_pass对比ftpc, id:4
07-05 18:47:32,927727 [INFOR] [userlog] 当前:2023-07-05 18:47:32 用户:root 登录成功
07-05 18:47:33,825896 [INFOR] [userlog] 当前:2023-07-05 18:47:33 用户:root 创建报告对比任务:app.bin对比smb_pass, id:5
07-05 18:47:34,165941 [INFOR] [userlog] 当前:2023-07-05 18:47:34 用户:root 创建报告对比任务:app.bin对比smb_pass, id:6
07-05 18:47:35,475578 [INFOR] [userlog] 当前:2023-07-05 18:47:35 用户:root 删除报告对比任务:app.bin对比smb_pass, id:6
07-05 18:47:35,492287 [INFOR] [userlog] 当前:2023-07-05 18:47:35 用户:root 删除报告对比任务:app.bin对比smb_pass, id:5
07-05 18:47:35,731306 [INFOR] [userlog] 当前:2023-07-05 18:47:35 用户:root 登录成功
07-05 18:47:36,097698 [INFOR] [userlog] 当前:2023-07-05 18:47:35 用户:root 登录成功
07-05 18:47:36,512010 [INFOR] [userlog] 当前:2023-07-05 18:47:36 用户:root 登录成功
07-05 18:47:38,290394 [INFOR] [userlog] 当前:2023-07-05 18:47:38 用户:root 创建固件扫描任务:zsy.zip, id:259, 并关联固件库
07-05 18:47:38,674068 [INFOR] [userlog] 当前:2023-07-05 18:47:38 用户:root 登录成功
07-05 18:47:40,438490 [INFOR] [userlog] 当前:2023-07-05 18:47:40 用户:root 创建固件扫描任务:zsy.zip, id:260, 并未关联固件库
07-05 18:47:40,572776 [INFOR] [userlog] 当前:2023-07-05 18:47:40 用户:root 删除固件扫描任务:zsy.zip, id:259
07-05 18:47:40,572804 [INFOR] [userlog] 当前:2023-07-05 18:47:40 用户:root 删除固件扫描任务:zsy.zip, id:260
07-05 18:47:41,531183 [INFOR] [userlog] 当前:2023-07-05 18:47:41 用户:root 登录成功
07-05 18:47:42,002585 [INFOR] [userlog] 当前:2023-07-05 18:47:41 用户:root 登录成功
07-05 18:47:42,397962 [INFOR] [userlog] 当前:2023-07-05 18:47:42 用户:root 登录成功
07-05 18:47:42,799942 [INFOR] [userlog] 当前:2023-07-05 18:47:42 用户:root 登录成功
07-05 18:47:44,424520 [INFOR] [userlog] 当前:2023-07-05 18:47:44 用户:root 创建固件扫描任务:zsy.zip, id:261, 并未关联固件库
07-05 18:47:44,674139 [INFOR] [userlog] 当前:2023-07-05 18:47:44 用户:root 开始固件扫描任务:zsy.zip, id:261
07-05 18:47:44,943907 [INFOR] [userlog] 当前:2023-07-05 18:47:44 用户:root 登录成功
07-05 18:47:45,282018 [INFOR] [userlog] 当前:2023-07-05 18:47:45 用户:root 删除固件扫描任务:*, id:237
07-05 18:47:45,317158 [INFOR] [userlog] 当前:2023-07-05 18:47:45 用户:root 创建固件扫描任务:libcurl_7.17.1-1_arm.ipk, id:262, 并未关联固件库
07-05 18:47:45,598697 [INFOR] [userlog] 当前:2023-07-05 18:47:45 用户:root 开始固件扫描任务:libcurl_7.17.1-1_arm.ipk, id:262
07-05 18:48:26,039884 [INFOR] [userlog] 当前:2023-07-05 18:48:25 用户:root 登录成功
07-05 18:48:27,570062 [INFOR] [userlog] 当前:2023-07-05 18:48:27 用户:root 暂停固件扫描任务:libcurl_7.17.1-1_arm.ipk, id:262
07-05 18:48:27,613484 [INFOR] [userlog] 当前:2023-07-05 18:48:27 用户:root 删除固件扫描任务:libcurl_7.17.1-1_arm.ipk, id:262
07-05 18:48:27,695391 [INFOR] [userlog] 当前:2023-07-05 18:48:26 用户:root 创建固件扫描任务:libcurl_7.17.1-1_arm.ipk, id:263, 并未关联固件库
07-05 18:48:27,917700 [INFOR] [userlog] 当前:2023-07-05 18:48:27 用户:root 开始固件扫描任务:libcurl_7.17.1-1_arm.ipk, id:263
07-05 18:48:27,953759 [INFOR] [userlog] 当前:2023-07-05 18:48:27 用户:root 暂停固件扫描任务:libcurl_7.17.1-1_arm.ipk, id:263
07-05 18:48:27,990178 [INFOR] [userlog] 当前:2023-07-05 18:48:27 用户:root 删除固件扫描任务:libcurl_7.17.1-1_arm.ipk, id:263
07-05 18:48:28,224330 [INFOR] [userlog] 当前:2023-07-05 18:48:28 用户:root 登录成功
07-05 18:48:28,401542 [INFOR] [userlog] 当前:2023-07-05 18:48:28 用户:root 创建固件扫描任务:dsp.ko, id:264, 并未关联固件库
07-05 18:48:28,505210 [INFOR] [userlog] 当前:2023-07-05 18:48:28 用户:root 开始固件扫描任务:dsp.ko, id:264
07-05 18:48:28,564240 [INFOR] [userlog] 当前:2023-07-05 18:48:28 用户:root 删除固件扫描任务:dsp.ko, id:232
07-05 18:48:28,885108 [INFOR] [userlog] 当前:2023-07-05 18:48:28 用户:root 登录成功
07-05 18:48:29,221415 [INFOR] [userlog] 当前:2023-07-05 18:48:29 用户:root 登录成功
07-05 18:48:29,559591 [INFOR] [userlog] 当前:2023-07-05 18:48:29 用户:root 登录成功
07-05 18:48:29,863960 [INFOR] [userlog] 当前:2023-07-05 18:48:29 用户:root 登录成功
07-05 18:48:30,542722 [INFOR] [userlog] 当前:2023-07-05 18:48:30 用户:root 登录成功
07-05 18:48:30,956935 [INFOR] [userlog] 当前:2023-07-05 18:48:30 用户:root 登录成功
07-05 18:48:31,457845 [INFOR] [userlog] 当前:2023-07-05 18:48:31 用户:root 登录成功
07-05 18:48:31,847365 [INFOR] [userlog] 当前:2023-07-05 18:48:31 用户:root 登录成功
07-05 18:48:32,465999 [INFOR] [userlog] 当前:2023-07-05 18:48:32 用户:root 登录成功
07-05 18:48:35,833845 [INFOR] [userlog] 当前:2023-07-05 18:48:35 用户:root 暂停固件扫描任务:zsy.zip, id:261
07-05 18:48:35,871569 [INFOR] [userlog] 当前:2023-07-05 18:48:35 用户:root 删除固件扫描任务:zsy.zip, id:261
07-05 18:48:35,929156 [INFOR] [userlog] 当前:2023-07-05 18:48:34 用户:root 创建固件扫描任务:zsy.zip, id:265, 并未关联固件库
07-05 18:48:36,195645 [INFOR] [userlog] 当前:2023-07-05 18:48:35 用户:root 登录成功
07-05 18:48:38,081505 [INFOR] [userlog] 当前:2023-07-05 18:48:38 用户:root 删除固件扫描任务:zsy.zip, id:265
07-05 18:48:38,120259 [INFOR] [userlog] 当前:2023-07-05 18:48:38 用户:root 创建固件扫描任务:zsy.zip, id:266, 并未关联固件库
07-05 18:48:38,333526 [INFOR] [userlog] 当前:2023-07-05 18:48:38 用户:root 开始固件扫描任务:zsy.zip, id:266
07-05 18:48:38,666821 [INFOR] [userlog] 当前:2023-07-05 18:48:38 用户:root 登录成功
07-05 18:48:41,014131 [INFOR] [userlog] 当前:2023-07-05 18:48:41 用户:root 暂停固件扫描任务:zsy.zip, id:266
07-05 18:48:41,106382 [INFOR] [userlog] 当前:2023-07-05 18:48:41 用户:root 删除固件扫描任务:zsy.zip, id:266
07-05 18:48:41,152589 [INFOR] [userlog] 当前:2023-07-05 18:48:40 用户:root 创建固件扫描任务:zsy.zip, id:267, 并未关联固件库
07-05 18:48:41,381940 [INFOR] [userlog] 当前:2023-07-05 18:48:41 用户:root 开始固件扫描任务:zsy.zip, id:267
07-05 18:49:26,798350 [INFOR] [userlog] 当前:2023-07-05 18:49:26 用户:root 登录成功
07-05 18:49:30,717595 [INFOR] [userlog] 当前:2023-07-05 18:49:30 用户:root 暂停固件扫描任务:zsy.zip, id:267
07-05 18:49:30,836333 [INFOR] [userlog] 当前:2023-07-05 18:49:30 用户:root 删除固件扫描任务:zsy.zip, id:267
07-05 18:49:30,884799 [INFOR] [userlog] 当前:2023-07-05 18:49:29 用户:root 创建固件扫描任务:zsy.zip, id:268, 并未关联固件库
07-05 18:49:31,144844 [INFOR] [userlog] 当前:2023-07-05 18:49:31 用户:root 开始固件扫描任务:zsy.zip, id:268
07-05 18:49:31,176616 [INFOR] [userlog] 当前:2023-07-05 18:49:31 用户:root 暂停固件扫描任务:zsy.zip, id:268
07-05 18:49:31,216212 [INFOR] [userlog] 当前:2023-07-05 18:49:31 用户:root 恢复固件扫描任务:zsy.zip, id:268
07-05 18:49:31,453161 [INFOR] [userlog] 当前:2023-07-05 18:49:31 用户:root 登录成功
07-05 18:49:33,648533 [INFOR] [userlog] 当前:2023-07-05 18:49:33 用户:root 暂停固件扫描任务:zsy.zip, id:268
07-05 18:49:33,670457 [INFOR] [userlog] 当前:2023-07-05 18:49:33 用户:root 删除固件扫描任务:zsy.zip, id:268
07-05 18:49:33,694663 [INFOR] [userlog] 当前:2023-07-05 18:49:33 用户:root 创建固件扫描任务:zsy.zip, id:269, 并未关联固件库
07-05 18:49:33,930823 [INFOR] [userlog] 当前:2023-07-05 18:49:33 用户:root 开始固件扫描任务:zsy.zip, id:269
07-05 18:49:34,280868 [INFOR] [userlog] 当前:2023-07-05 18:49:34 用户:root 登录成功
07-05 18:49:34,617003 [INFOR] [userlog] 当前:2023-07-05 18:49:34 用户:root 删除固件扫描任务:dsp.ko, id:264
07-05 18:49:34,971016 [INFOR] [userlog] 当前:2023-07-05 18:49:34 用户:root 创建固件扫描任务:dsp.ko, id:270, 并未关联固件库
07-05 18:49:35,264909 [INFOR] [userlog] 当前:2023-07-05 18:49:35 用户:root 开始固件扫描任务:dsp.ko, id:270
07-05 18:50:35,571116 [INFOR] [userlog] 当前:2023-07-05 18:50:35 用户:root 登录成功
07-05 18:50:37,378051 [INFOR] [userlog] 当前:2023-07-05 18:50:37 用户:root 创建固件扫描任务:创建一个未开始的任务, id:271, 并未关联固件库
07-05 18:50:37,596407 [INFOR] [userlog] 当前:2023-07-05 18:50:37 用户:root 开始固件扫描任务:创建一个未开始的任务, id:271
07-05 18:50:37,895893 [INFOR] [userlog] 当前:2023-07-05 18:50:37 用户:root 登录成功
07-05 18:50:38,540448 [INFOR] [userlog] 当前:2023-07-05 18:50:38 用户:root 登录成功
07-05 18:50:39,130785 [INFOR] [userlog] 当前:2023-07-05 18:50:38 用户:root 登录成功
07-05 18:50:40,071112 [INFOR] [userlog] 当前:2023-07-05 18:50:40 用户:root 删除固件扫描任务:5PEnfI9eb6Dz2So6Pn4byF8hS9HkbJCP7SFdCdU03TyJ3Ti04fQFWyCGvxWSfEup9uazSHXNlUKv5jif8pC20SHBzVTrG85Ym6I, id:258
07-05 18:50:40,108122 [INFOR] [userlog] 当前:2023-07-05 18:50:40 用户:root 创建固件扫描任务:创建并开始一个新任务, id:272, 并未关联固件库
07-05 18:50:40,284883 [INFOR] [userlog] 当前:2023-07-05 18:50:40 用户:root 开始固件扫描任务:创建并开始一个新任务, id:272
07-05 18:50:40,321422 [INFOR] [userlog] 当前:2023-07-05 18:50:40 用户:root 暂停固件扫描任务:创建并开始一个新任务, id:272
07-05 18:50:40,806055 [INFOR] [userlog] 当前:2023-07-05 18:50:40 用户:root 登录成功
07-05 18:50:41,368453 [INFOR] [userlog] 当前:2023-07-05 18:50:41 用户:root 登录成功
07-05 18:50:41,652400 [INFOR] [userlog] 当前:2023-07-05 18:50:41 用户:root 创建固件扫描任务:创建一个不可用的任务, id:273, 并未关联固件库
07-05 18:50:41,832452 [INFOR] [userlog] 当前:2023-07-05 18:50:41 用户:root 开始固件扫描任务:创建一个不可用的任务, id:273
07-05 18:50:42,314300 [INFOR] [userlog] 当前:2023-07-05 18:50:42 用户:root 登录成功
07-05 18:50:42,937947 [INFOR] [userlog] 当前:2023-07-05 18:50:42 用户:root 登录成功
07-05 18:50:43,358252 [INFOR] [userlog] 当前:2023-07-05 18:50:43 用户:root 登录成功
07-05 18:50:46,985836 [INFOR] [userlog] 当前:2023-07-05 18:50:46 用户:root 暂停固件扫描任务:zsy.zip, id:269
07-05 18:50:47,534928 [INFOR] [userlog] 当前:2023-07-05 18:50:46 用户:root 删除固件扫描任务:zsy.zip, id:269
07-05 18:50:47,579147 [INFOR] [userlog] 当前:2023-07-05 18:50:45 用户:root 创建固件扫描任务:zsy.zip, id:274, 并未关联固件库
07-05 18:50:47,875632 [INFOR] [userlog] 当前:2023-07-05 18:50:47 用户:root 登录成功
07-05 18:50:50,260369 [INFOR] [userlog] 当前:2023-07-05 18:50:50 用户:root 创建固件扫描任务:暂停队列中的固件任务, id:275, 并未关联固件库
07-05 18:50:50,555690 [INFOR] [userlog] 当前:2023-07-05 18:50:50 用户:root 开始固件扫描任务:暂停队列中的固件任务, id:275
07-05 18:50:50,606955 [INFOR] [userlog] 当前:2023-07-05 18:50:50 用户:root 暂停固件扫描任务:暂停队列中的固件任务, id:275
07-05 18:50:50,839048 [INFOR] [userlog] 当前:2023-07-05 18:50:50 用户:root 登录成功
07-05 18:50:52,818480 [INFOR] [userlog] 当前:2023-07-05 18:50:52 用户:root 创建固件扫描任务:暂停运行中的固件任务, id:276, 并未关联固件库
07-05 18:50:53,046424 [INFOR] [userlog] 当前:2023-07-05 18:50:53 用户:root 开始固件扫描任务:暂停运行中的固件任务, id:276
07-05 18:51:24,398552 [INFOR] [userlog] 当前:2023-07-05 18:51:24 用户:root 暂停固件扫描任务:暂停运行中的固件任务, id:276
07-05 18:51:24,619380 [INFOR] [userlog] 当前:2023-07-05 18:51:24 用户:root 登录成功
07-05 18:51:25,036769 [INFOR] [userlog] 当前:2023-07-05 18:51:24 用户:root 登录成功
07-05 18:51:25,470386 [INFOR] [userlog] 当前:2023-07-05 18:51:25 用户:root 登录成功
07-05 18:51:25,820039 [INFOR] [userlog] 当前:2023-07-05 18:51:25 用户:root 登录成功
07-05 18:55:43,141795 [INFOR] [userlog] 当前:2023-07-05 18:55:42 用户:wwh 删除固件扫描任务:暂停运行中的固件任务, id:276
07-05 18:55:43,141814 [INFOR] [userlog] 当前:2023-07-05 18:55:42 用户:wwh 删除固件扫描任务:暂停队列中的固件任务, id:275
07-05 18:55:43,141819 [INFOR] [userlog] 当前:2023-07-05 18:55:42 用户:wwh 删除固件扫描任务:zsy.zip, id:274
07-05 18:55:43,141825 [INFOR] [userlog] 当前:2023-07-05 18:55:42 用户:wwh 删除固件扫描任务:创建一个不可用的任务, id:273
07-05 18:55:43,141830 [INFOR] [userlog] 当前:2023-07-05 18:55:42 用户:wwh 删除固件扫描任务:创建并开始一个新任务, id:272
07-05 18:55:43,141835 [INFOR] [userlog] 当前:2023-07-05 18:55:42 用户:wwh 删除固件扫描任务:dsp.ko, id:270
07-05 18:55:43,141840 [INFOR] [userlog] 当前:2023-07-05 18:55:42 用户:wwh 删除固件扫描任务:创建任务—不勾选software_components插件, id:253
07-05 18:55:43,141846 [INFOR] [userlog] 当前:2023-07-05 18:55:42 用户:wwh 删除固件扫描任务:创建任务—不勾选cve_lookup插件, id:252
07-05 18:55:43,141851 [INFOR] [userlog] 当前:2023-07-05 18:55:42 用户:wwh 删除固件扫描任务:创建任务—不勾选crypto_hints插件, id:251
07-05 18:55:49,410884 [INFOR] [userlog] 当前:2023-07-05 18:55:49 用户:wwh 删除固件扫描任务:创建任务—不勾选elf_analysis插件, id:250
07-05 18:55:49,410902 [INFOR] [userlog] 当前:2023-07-05 18:55:49 用户:wwh 删除固件扫描任务:创建任务—不勾选ip_and_uri_finder插件, id:249
07-05 18:55:49,410907 [INFOR] [userlog] 当前:2023-07-05 18:55:49 用户:wwh 删除固件扫描任务:创建任务—不勾选users_and_passwords插件, id:248
07-05 18:55:49,410913 [INFOR] [userlog] 当前:2023-07-05 18:55:49 用户:wwh 删除固件扫描任务:创建任务—不勾选elf_checksec插件, id:247
07-05 18:55:49,410918 [INFOR] [userlog] 当前:2023-07-05 18:55:49 用户:wwh 删除固件扫描任务:创建任务—只勾选elf_checksec插件, id:246
07-05 18:55:49,410923 [INFOR] [userlog] 当前:2023-07-05 18:55:49 用户:wwh 删除固件扫描任务:创建任务—只勾选users_and_passwords插件, id:245
07-05 18:55:49,410929 [INFOR] [userlog] 当前:2023-07-05 18:55:49 用户:wwh 删除固件扫描任务:创建任务—只勾选ip_and_uri_finder插件, id:244
07-05 18:55:49,410934 [INFOR] [userlog] 当前:2023-07-05 18:55:49 用户:wwh 删除固件扫描任务:创建任务—只勾选elf_analysis插件, id:243
07-05 18:55:49,410939 [INFOR] [userlog] 当前:2023-07-05 18:55:49 用户:wwh 删除固件扫描任务:创建任务—只勾选crypto_hints插件, id:242
07-05 18:55:55,774054 [INFOR] [userlog] 当前:2023-07-05 18:55:55 用户:wwh 删除固件扫描任务:创建任务—只勾选cwe_checker插件, id:239
07-05 18:55:55,774083 [INFOR] [userlog] 当前:2023-07-05 18:55:55 用户:wwh 删除固件扫描任务:创建任务—只勾选software_components插件, id:240
07-05 18:55:55,774092 [INFOR] [userlog] 当前:2023-07-05 18:55:55 用户:wwh 删除固件扫描任务:创建任务—只勾选cve_lookup插件, id:241
07-05 18:55:58,658086 [INFOR] [userlog] 当前:2023-07-05 18:55:58 用户:wwh 暂停固件扫描任务:创建一个未开始的任务, id:271
07-05 18:55:59,763062 [INFOR] [userlog] 当前:2023-07-05 18:55:59 用户:wwh 删除固件扫描任务:创建一个未开始的任务, id:271
07-05 18:56:06,804681 [INFOR] [userlog] 当前:2023-07-05 18:56:06 用户:root 修改密码成功
07-05 18:56:07,150652 [INFOR] [userlog] 当前:2023-07-05 18:56:06 用户:root 登录成功
07-05 18:56:07,704454 [INFOR] [userlog] 当前:2023-07-05 18:56:07 用户:root 创建报告对比任务:app.bin对比smb_pass, id:7
07-05 18:56:07,969539 [INFOR] [userlog] 当前:2023-07-05 18:56:07 用户:root 登录成功
07-05 18:56:08,534455 [INFOR] [userlog] 当前:2023-07-05 18:56:08 用户:root 登录成功
07-05 18:56:09,080285 [INFOR] [userlog] 当前:2023-07-05 18:56:08 用户:root 登录成功
07-05 18:56:09,576777 [INFOR] [userlog] 当前:2023-07-05 18:56:09 用户:root 登录成功
07-05 18:56:11,336606 [INFOR] [userlog] 当前:2023-07-05 18:56:11 用户:root 创建固件扫描任务:暂停运行中的固件任务, id:277, 并未关联固件库
07-05 18:56:11,538705 [INFOR] [userlog] 当前:2023-07-05 18:56:11 用户:root 开始固件扫描任务:暂停运行中的固件任务, id:277
07-05 18:56:27,028554 [INFOR] [userlog] 当前:2023-07-05 18:56:26 用户:root 登录成功
07-05 18:56:32,232349 [INFOR] [userlog] 当前:2023-07-05 18:56:32 用户:root 暂停固件扫描任务:暂停运行中的固件任务, id:277
07-05 18:56:32,261984 [INFOR] [userlog] 当前:2023-07-05 18:56:32 用户:root 删除固件扫描任务:暂停运行中的固件任务, id:277
07-05 18:56:32,280682 [INFOR] [userlog] 当前:2023-07-05 18:56:30 用户:root 创建固件扫描任务:暂停运行中的固件任务, id:278, 并未关联固件库
07-05 18:56:32,456553 [INFOR] [userlog] 当前:2023-07-05 18:56:32 用户:root 开始固件扫描任务:暂停运行中的固件任务, id:278
07-05 18:57:23,920109 [INFOR] [userlog] 当前:2023-07-05 18:57:23 用户:root 暂停固件扫描任务:暂停运行中的固件任务, id:278
07-05 18:57:24,680124 [INFOR] [userlog] 当前:2023-07-05 18:57:24 用户:root 登录成功
07-05 18:57:26,332899 [INFOR] [userlog] 当前:2023-07-05 18:57:26 用户:root 删除固件扫描任务:暂停运行中的固件任务, id:278
07-05 18:57:26,545783 [INFOR] [userlog] 当前:2023-07-05 18:57:26 用户:root 创建固件扫描任务:zsy.zip, id:279, 并未关联固件库
07-05 18:57:27,012802 [INFOR] [userlog] 当前:2023-07-05 18:57:26 用户:root 登录成功
07-05 18:57:27,512542 [INFOR] [userlog] 当前:2023-07-05 18:57:27 用户:root 创建固件扫描任务:dsp.ko, id:280, 并未关联固件库
07-05 18:57:27,721759 [INFOR] [userlog] 当前:2023-07-05 18:57:27 用户:root 开始固件扫描任务:dsp.ko, id:280
07-05 19:02:13,289126 [INFOR] [userlog] 当前:2023-07-05 19:02:13 用户:wwh 暂停固件扫描任务:dsp.ko, id:280
07-05 19:02:14,051609 [INFOR] [userlog] 当前:2023-07-05 19:02:14 用户:wwh 恢复固件扫描任务:dsp.ko, id:280至任务队列中
07-05 19:02:28,417616 [INFOR] [userlog] 当前:2023-07-05 19:02:28 用户:root 登录成功
07-05 19:02:29,481285 [INFOR] [userlog] 当前:2023-07-05 19:02:29 用户:root 创建固件扫描任务:全选插件创建任务, id:281, 并未关联固件库
07-05 19:02:29,563909 [INFOR] [userlog] 当前:2023-07-05 19:02:29 用户:wwh 创建固件扫描任务:dsp.ko, id:282, 并未关联固件库
07-05 19:02:30,015064 [INFOR] [userlog] 当前:2023-07-05 19:02:29 用户:root 登录成功
07-05 19:02:30,332919 [INFOR] [userlog] 当前:2023-07-05 19:02:30 用户:root 删除固件扫描任务:1, id:235
07-05 19:02:30,355693 [INFOR] [userlog] 当前:2023-07-05 19:02:30 用户:root 创建固件扫描任务:全选插件关联固件库, id:283, 并关联固件库
07-05 19:02:30,579764 [INFOR] [userlog] 当前:2023-07-05 19:02:30 用户:root 登录成功
07-05 19:02:31,092482 [INFOR] [userlog] 当前:2023-07-05 19:02:30 用户:root 登录成功
07-05 19:02:31,658745 [INFOR] [userlog] 当前:2023-07-05 19:02:31 用户:root 登录成功
07-05 19:02:32,204805 [INFOR] [userlog] 当前:2023-07-05 19:02:31 用户:root 登录成功
07-05 19:02:32,764932 [INFOR] [userlog] 当前:2023-07-05 19:02:32 用户:root 登录成功
07-05 19:02:33,160213 [INFOR] [userlog] 当前:2023-07-05 19:02:33 用户:root 删除固件扫描任务:全选插件关联固件库, id:283
07-05 19:02:33,196821 [INFOR] [userlog] 当前:2023-07-05 19:02:33 用户:root 创建固件扫描任务:1, id:284, 并关联固件库
07-05 19:02:33,434284 [INFOR] [userlog] 当前:2023-07-05 19:02:33 用户:root 登录成功
07-05 19:02:33,770632 [INFOR] [userlog] 当前:2023-07-05 19:02:33 用户:root 创建固件扫描任务:a, id:285, 并未关联固件库
07-05 19:02:33,987214 [INFOR] [userlog] 当前:2023-07-05 19:02:33 用户:root 登录成功
07-05 19:02:34,363990 [INFOR] [userlog] 当前:2023-07-05 19:02:34 用户:root 删除固件扫描任务:a, id:285
07-05 19:02:34,567841 [INFOR] [userlog] 当前:2023-07-05 19:02:34 用户:root 创建固件扫描任务:*, id:286, 并未关联固件库
07-05 19:02:34,840491 [INFOR] [userlog] 当前:2023-07-05 19:02:34 用户:root 登录成功
07-05 19:02:35,157027 [INFOR] [userlog] 当前:2023-07-05 19:02:35 用户:root 删除固件扫描任务:a1wO69DqMV4fyGXHbywUrPT3Ke3aqzh6pMWQB7DszaKKw82JSc8iO3skT0bkONWY9fpJH8oXDd7Ah43C2MbGxUcZoBksUZSQY5i, id:238
07-05 19:02:35,179733 [INFOR] [userlog] 当前:2023-07-05 19:02:35 用户:root 创建固件扫描任务:UNdXkshEhUJXy7EAPRvDBy2nkXhQWCqYjZtublXZXkODsKdNus9pte7emdEXlz0QkIEYX1pNsFnFns09YNIFictqlRjVEgpliv2, id:287, 并未关联固件库
07-05 19:02:35,424557 [INFOR] [userlog] 当前:2023-07-05 19:02:35 用户:root 登录成功
07-05 19:02:36,230174 [INFOR] [userlog] 当前:2023-07-05 19:02:35 用户:root 登录成功
07-05 19:02:36,792080 [INFOR] [userlog] 当前:2023-07-05 19:02:36 用户:root 登录成功
07-05 19:02:37,387153 [INFOR] [userlog] 当前:2023-07-05 19:02:37 用户:root 登录成功
07-05 19:02:38,001763 [INFOR] [userlog] 当前:2023-07-05 19:02:37 用户:root 登录成功
07-05 19:02:38,523144 [INFOR] [userlog] 当前:2023-07-05 19:02:38 用户:root 登录成功
07-05 19:02:39,131083 [INFOR] [userlog] 当前:2023-07-05 19:02:38 用户:root 登录成功
07-05 19:02:39,726317 [INFOR] [userlog] 当前:2023-07-05 19:02:39 用户:root 登录成功
07-05 19:02:40,279991 [INFOR] [userlog] 当前:2023-07-05 19:02:40 用户:root 登录成功
07-05 19:02:40,802165 [INFOR] [userlog] 当前:2023-07-05 19:02:40 用户:root 登录成功
07-05 19:02:41,385503 [INFOR] [userlog] 当前:2023-07-05 19:02:41 用户:root 登录成功
07-05 19:02:42,091218 [INFOR] [userlog] 当前:2023-07-05 19:02:41 用户:root 登录成功
07-05 19:02:42,627573 [INFOR] [userlog] 当前:2023-07-05 19:02:42 用户:root 登录成功
07-05 19:02:43,053782 [INFOR] [userlog] 当前:2023-07-05 19:02:43 用户:root 创建固件扫描任务:创建任务—只勾选cwe_checker插件, id:288, 并未关联固件库
07-05 19:02:43,285926 [INFOR] [userlog] 当前:2023-07-05 19:02:43 用户:root 登录成功
07-05 19:02:43,621876 [INFOR] [userlog] 当前:2023-07-05 19:02:43 用户:root 创建固件扫描任务:创建任务—只勾选software_components插件, id:289, 并未关联固件库
07-05 19:02:43,941913 [INFOR] [userlog] 当前:2023-07-05 19:02:43 用户:root 登录成功
07-05 19:02:44,293359 [INFOR] [userlog] 当前:2023-07-05 19:02:44 用户:root 创建固件扫描任务:创建任务—只勾选cve_lookup插件, id:290, 并未关联固件库
07-05 19:02:44,571098 [INFOR] [userlog] 当前:2023-07-05 19:02:44 用户:root 登录成功
07-05 19:02:45,067598 [INFOR] [userlog] 当前:2023-07-05 19:02:44 用户:root 登录成功
07-05 19:02:45,362982 [INFOR] [userlog] 当前:2023-07-05 19:02:45 用户:root 创建固件扫描任务:创建任务—只勾选crypto_hints插件, id:291, 并未关联固件库
07-05 19:02:45,580290 [INFOR] [userlog] 当前:2023-07-05 19:02:45 用户:root 登录成功
07-05 19:02:46,402682 [INFOR] [userlog] 当前:2023-07-05 19:02:46 用户:root 创建固件扫描任务:创建任务—只勾选elf_analysis插件, id:292, 并未关联固件库
07-05 19:02:46,653870 [INFOR] [userlog] 当前:2023-07-05 19:02:46 用户:root 登录成功
07-05 19:02:47,028525 [INFOR] [userlog] 当前:2023-07-05 19:02:47 用户:root 创建固件扫描任务:创建任务—只勾选ip_and_uri_finder插件, id:293, 并未关联固件库
07-05 19:02:47,284938 [INFOR] [userlog] 当前:2023-07-05 19:02:47 用户:root 登录成功
07-05 19:02:47,637996 [INFOR] [userlog] 当前:2023-07-05 19:02:47 用户:root 创建固件扫描任务:创建任务—只勾选users_and_passwords插件, id:294, 并未关联固件库
07-05 19:02:47,864646 [INFOR] [userlog] 当前:2023-07-05 19:02:47 用户:root 登录成功
07-05 19:02:48,472119 [INFOR] [userlog] 当前:2023-07-05 19:02:48 用户:root 创建固件扫描任务:创建任务—只勾选elf_checksec插件, id:295, 并未关联固件库
07-05 19:02:48,769973 [INFOR] [userlog] 当前:2023-07-05 19:02:48 用户:root 登录成功
07-05 19:02:49,113444 [INFOR] [userlog] 当前:2023-07-05 19:02:49 用户:root 创建固件扫描任务:创建任务—不勾选elf_checksec插件, id:296, 并未关联固件库
07-05 19:02:49,356745 [INFOR] [userlog] 当前:2023-07-05 19:02:49 用户:root 登录成功
07-05 19:02:49,707458 [INFOR] [userlog] 当前:2023-07-05 19:02:49 用户:root 创建固件扫描任务:创建任务—不勾选users_and_passwords插件, id:297, 并未关联固件库
07-05 19:02:49,934417 [INFOR] [userlog] 当前:2023-07-05 19:02:49 用户:root 登录成功
07-05 19:02:50,310626 [INFOR] [userlog] 当前:2023-07-05 19:02:50 用户:root 创建固件扫描任务:创建任务—不勾选ip_and_uri_finder插件, id:298, 并未关联固件库
07-05 19:02:50,552770 [INFOR] [userlog] 当前:2023-07-05 19:02:50 用户:root 登录成功
07-05 19:02:50,901555 [INFOR] [userlog] 当前:2023-07-05 19:02:50 用户:root 创建固件扫描任务:创建任务—不勾选elf_analysis插件, id:299, 并未关联固件库
07-05 19:02:51,125286 [INFOR] [userlog] 当前:2023-07-05 19:02:50 用户:root 登录成功
07-05 19:02:51,603539 [INFOR] [userlog] 当前:2023-07-05 19:02:51 用户:root 创建固件扫描任务:创建任务—不勾选crypto_hints插件, id:300, 并未关联固件库
07-05 19:02:51,855931 [INFOR] [userlog] 当前:2023-07-05 19:02:51 用户:root 登录成功
07-05 19:02:52,247367 [INFOR] [userlog] 当前:2023-07-05 19:02:52 用户:root 创建固件扫描任务:创建任务—不勾选cve_lookup插件, id:301, 并未关联固件库
07-05 19:02:52,480426 [INFOR] [userlog] 当前:2023-07-05 19:02:52 用户:root 登录成功
07-05 19:02:53,021942 [INFOR] [userlog] 当前:2023-07-05 19:02:52 用户:root 创建固件扫描任务:创建任务—不勾选software_components插件, id:302, 并未关联固件库
07-05 19:02:53,254308 [INFOR] [userlog] 当前:2023-07-05 19:02:53 用户:root 登录成功
07-05 19:02:54,435029 [INFOR] [userlog] 当前:2023-07-05 19:02:54 用户:root 删除固件扫描任务:全选插件创建任务, id:281
07-05 19:02:54,466326 [INFOR] [userlog] 当前:2023-07-05 19:02:54 用户:root 创建固件扫描任务:1, id:303, 并关联固件库
07-05 19:02:54,699755 [INFOR] [userlog] 当前:2023-07-05 19:02:54 用户:root 登录成功
07-05 19:02:56,068581 [INFOR] [userlog] 当前:2023-07-05 19:02:55 用户:root 登录成功
07-05 19:02:57,180052 [INFOR] [userlog] 当前:2023-07-05 19:02:57 用户:root 删除固件扫描任务:1, id:303
07-05 19:02:57,205418 [INFOR] [userlog] 当前:2023-07-05 19:02:57 用户:root 创建固件扫描任务:a, id:304, 并关联固件库
07-05 19:02:57,468474 [INFOR] [userlog] 当前:2023-07-05 19:02:57 用户:root 登录成功
07-05 19:02:58,592690 [INFOR] [userlog] 当前:2023-07-05 19:02:58 用户:root 删除固件扫描任务:a, id:304
07-05 19:02:58,643999 [INFOR] [userlog] 当前:2023-07-05 19:02:58 用户:root 创建固件扫描任务:*, id:305, 并关联固件库
07-05 19:02:58,898061 [INFOR] [userlog] 当前:2023-07-05 19:02:58 用户:root 登录成功
07-05 19:03:00,001826 [INFOR] [userlog] 当前:2023-07-05 19:02:59 用户:root 删除固件扫描任务:*, id:305
07-05 19:03:00,059797 [INFOR] [userlog] 当前:2023-07-05 19:02:59 用户:root 创建固件扫描任务:pJBZwW8PTyCiByKdBmyopMbMo9CgGwkiQQxVflEY0tc9Zf7I5VpETLirydGSwidYJbR1mY532LMYrL7adUQp9r40RIhTgeVCDfm, id:306, 并关联固件库
07-05 19:03:00,307059 [INFOR] [userlog] 当前:2023-07-05 19:03:00 用户:root 登录成功
07-05 19:03:01,347741 [INFOR] [userlog] 当前:2023-07-05 19:03:01 用户:root 删除固件扫描任务:pJBZwW8PTyCiByKdBmyopMbMo9CgGwkiQQxVflEY0tc9Zf7I5VpETLirydGSwidYJbR1mY532LMYrL7adUQp9r40RIhTgeVCDfm, id:306
07-05 19:03:01,384991 [INFOR] [userlog] 当前:2023-07-05 19:03:01 用户:root 创建固件扫描任务:1hX15Zz7hxyEztiy8KZ6yZfVJeaKpqd7Ig8JaBjpisdZplnCBXJiy7SP5ZxHop6vaf2lNfeM1IyIssjKlWnGNHG4FeygtN8xZTX, id:307, 并关联固件库
07-05 19:03:01,654370 [INFOR] [userlog] 当前:2023-07-05 19:03:01 用户:root 登录成功
07-05 19:03:02,895260 [INFOR] [userlog] 当前:2023-07-05 19:03:02 用户:root 登录成功
07-05 19:03:04,107826 [INFOR] [userlog] 当前:2023-07-05 19:03:03 用户:root 登录成功
07-05 19:03:05,202867 [INFOR] [userlog] 当前:2023-07-05 19:03:04 用户:root 登录成功
07-05 19:03:06,762012 [INFOR] [userlog] 当前:2023-07-05 19:03:06 用户:root 登录成功
07-05 19:03:07,972230 [INFOR] [userlog] 当前:2023-07-05 19:03:07 用户:root 登录成功
07-05 19:03:09,153203 [INFOR] [userlog] 当前:2023-07-05 19:03:08 用户:root 登录成功
07-05 19:03:10,231874 [INFOR] [userlog] 当前:2023-07-05 19:03:10 用户:root 登录成功
07-05 19:03:11,434586 [INFOR] [userlog] 当前:2023-07-05 19:03:11 用户:root 登录成功
07-05 19:03:12,669259 [INFOR] [userlog] 当前:2023-07-05 19:03:12 用户:root 登录成功
07-05 19:03:13,147158 [INFOR] [userlog] 当前:2023-07-05 19:03:12 用户:root 登录成功
07-05 19:03:14,284878 [INFOR] [userlog] 当前:2023-07-05 19:03:14 用户:root 登录成功
07-05 19:03:15,481931 [INFOR] [userlog] 当前:2023-07-05 19:03:15 用户:root 登录成功
07-05 19:03:16,915139 [INFOR] [userlog] 当前:2023-07-05 19:03:16 用户:root 登录成功
07-05 19:03:18,122657 [INFOR] [userlog] 当前:2023-07-05 19:03:17 用户:root 登录成功
07-05 19:03:19,310972 [INFOR] [userlog] 当前:2023-07-05 19:03:19 用户:root 登录成功
07-05 19:03:20,429297 [INFOR] [userlog] 当前:2023-07-05 19:03:20 用户:root 登录成功
07-05 19:03:21,474433 [INFOR] [userlog] 当前:2023-07-05 19:03:21 用户:root 登录成功
07-05 19:03:22,583761 [INFOR] [userlog] 当前:2023-07-05 19:03:22 用户:root 登录成功
07-05 19:03:23,800053 [INFOR] [userlog] 当前:2023-07-05 19:03:23 用户:root 登录成功
07-05 19:03:24,895785 [INFOR] [userlog] 当前:2023-07-05 19:03:24 用户:root 登录成功
07-05 19:03:26,205420 [INFOR] [userlog] 当前:2023-07-05 19:03:25 用户:root 登录成功
07-05 19:03:27,307637 [INFOR] [userlog] 当前:2023-07-05 19:03:27 用户:root 登录成功
07-05 19:03:27,532828 [INFOR] [userlog] 当前:2023-07-05 19:03:27 用户:root 删除报告对比任务:app.bin对比smb_pass, id:7
07-05 19:03:27,751585 [INFOR] [userlog] 当前:2023-07-05 19:03:27 用户:root 登录成功
07-05 19:03:28,247276 [INFOR] [userlog] 当前:2023-07-05 19:03:28 用户:root 创建报告对比任务:app.bin对比smb_pass, id:8
07-05 19:03:28,470562 [INFOR] [userlog] 当前:2023-07-05 19:03:28 用户:root 创建报告对比任务:app.bin对比smb_pass, id:9
07-05 19:03:28,600655 [INFOR] [userlog] 当前:2023-07-05 19:03:28 用户:root 删除报告对比任务:app.bin对比smb_pass, id:8
07-05 19:03:28,825257 [INFOR] [userlog] 当前:2023-07-05 19:03:28 用户:root 登录成功
07-05 19:03:29,335694 [INFOR] [userlog] 当前:2023-07-05 19:03:29 用户:root 登录成功
07-05 19:03:29,727941 [INFOR] [userlog] 当前:2023-07-05 19:03:29 用户:root 登录成功
07-05 19:03:31,039452 [INFOR] [userlog] 当前:2023-07-05 19:03:30 用户:root 创建固件扫描任务:zsy.zip, id:308, 并关联固件库
07-05 19:03:32,113249 [INFOR] [userlog] 当前:2023-07-05 19:03:31 用户:root 登录成功
07-05 19:03:33,446687 [INFOR] [userlog] 当前:2023-07-05 19:03:33 用户:root 删除固件扫描任务:zsy.zip, id:279
07-05 19:03:33,468651 [INFOR] [userlog] 当前:2023-07-05 19:03:33 用户:root 创建固件扫描任务:zsy.zip, id:309, 并未关联固件库
07-05 19:03:33,527973 [INFOR] [userlog] 当前:2023-07-05 19:03:33 用户:root 删除固件扫描任务:zsy.zip, id:308
07-05 19:03:33,527986 [INFOR] [userlog] 当前:2023-07-05 19:03:33 用户:root 删除固件扫描任务:zsy.zip, id:309
07-05 19:03:33,800494 [INFOR] [userlog] 当前:2023-07-05 19:03:33 用户:root 登录成功
07-05 19:03:34,320356 [INFOR] [userlog] 当前:2023-07-05 19:03:34 用户:root 登录成功
07-05 19:03:34,905906 [INFOR] [userlog] 当前:2023-07-05 19:03:34 用户:root 登录成功
07-05 19:03:35,290687 [INFOR] [userlog] 当前:2023-07-05 19:03:35 用户:root 登录成功
07-05 19:03:37,003304 [INFOR] [userlog] 当前:2023-07-05 19:03:36 用户:root 创建固件扫描任务:zsy.zip, id:310, 并未关联固件库
07-05 19:03:37,222361 [INFOR] [userlog] 当前:2023-07-05 19:03:37 用户:root 开始固件扫描任务:zsy.zip, id:310
07-05 19:03:37,476077 [INFOR] [userlog] 当前:2023-07-05 19:03:37 用户:root 登录成功
07-05 19:03:37,805207 [INFOR] [userlog] 当前:2023-07-05 19:03:37 用户:root 删除固件扫描任务:*, id:286
07-05 19:03:38,470045 [INFOR] [userlog] 当前:2023-07-05 19:03:37 用户:root 创建固件扫描任务:libcurl_7.17.1-1_arm.ipk, id:311, 并未关联固件库
07-05 19:03:38,698370 [INFOR] [userlog] 当前:2023-07-05 19:03:38 用户:root 开始固件扫描任务:libcurl_7.17.1-1_arm.ipk, id:311
07-05 19:04:24,228058 [INFOR] [userlog] 当前:2023-07-05 19:04:23 用户:root 登录成功
07-05 19:04:25,843212 [INFOR] [userlog] 当前:2023-07-05 19:04:25 用户:root 暂停固件扫描任务:libcurl_7.17.1-1_arm.ipk, id:311
07-05 19:04:25,886348 [INFOR] [userlog] 当前:2023-07-05 19:04:25 用户:root 删除固件扫描任务:libcurl_7.17.1-1_arm.ipk, id:311
07-05 19:04:25,913296 [INFOR] [userlog] 当前:2023-07-05 19:04:24 用户:root 创建固件扫描任务:libcurl_7.17.1-1_arm.ipk, id:312, 并未关联固件库
07-05 19:04:26,122241 [INFOR] [userlog] 当前:2023-07-05 19:04:26 用户:root 开始固件扫描任务:libcurl_7.17.1-1_arm.ipk, id:312
07-05 19:04:26,178487 [INFOR] [userlog] 当前:2023-07-05 19:04:26 用户:root 暂停固件扫描任务:libcurl_7.17.1-1_arm.ipk, id:312
07-05 19:04:26,232900 [INFOR] [userlog] 当前:2023-07-05 19:04:26 用户:root 删除固件扫描任务:libcurl_7.17.1-1_arm.ipk, id:312
07-05 19:04:26,484813 [INFOR] [userlog] 当前:2023-07-05 19:04:26 用户:root 登录成功
07-05 19:04:26,676288 [INFOR] [userlog] 当前:2023-07-05 19:04:26 用户:root 删除固件扫描任务:dsp.ko, id:280
07-05 19:04:26,688813 [INFOR] [userlog] 当前:2023-07-05 19:04:26 用户:root 创建固件扫描任务:dsp.ko, id:313, 并未关联固件库
07-05 19:04:26,817438 [INFOR] [userlog] 当前:2023-07-05 19:04:26 用户:root 开始固件扫描任务:dsp.ko, id:313
07-05 19:05:27,060203 [INFOR] [userlog] 当前:2023-07-05 19:05:26 用户:root 删除固件扫描任务:dsp.ko, id:313
07-05 19:05:27,295534 [INFOR] [userlog] 当前:2023-07-05 19:05:27 用户:root 登录成功
07-05 19:05:27,659600 [INFOR] [userlog] 当前:2023-07-05 19:05:27 用户:root 登录成功
07-05 19:05:28,093203 [INFOR] [userlog] 当前:2023-07-05 19:05:27 用户:root 登录成功
07-05 19:05:28,534117 [INFOR] [userlog] 当前:2023-07-05 19:05:28 用户:root 登录成功
07-05 19:05:29,363174 [INFOR] [userlog] 当前:2023-07-05 19:05:29 用户:root 登录成功
07-05 19:05:29,713245 [INFOR] [userlog] 当前:2023-07-05 19:05:29 用户:root 登录成功
07-05 19:05:30,409262 [INFOR] [userlog] 当前:2023-07-05 19:05:30 用户:root 登录成功
07-05 19:05:30,798272 [INFOR] [userlog] 当前:2023-07-05 19:05:30 用户:root 登录成功
07-05 19:05:31,473054 [INFOR] [userlog] 当前:2023-07-05 19:05:31 用户:root 登录成功
07-05 19:05:33,077111 [INFOR] [userlog] 当前:2023-07-05 19:05:33 用户:root 删除固件扫描任务:zsy.zip, id:310
07-05 19:05:33,125262 [INFOR] [userlog] 当前:2023-07-05 19:05:33 用户:root 创建固件扫描任务:zsy.zip, id:314, 并未关联固件库
07-05 19:05:33,385170 [INFOR] [userlog] 当前:2023-07-05 19:05:33 用户:root 登录成功
07-05 19:05:35,111441 [INFOR] [userlog] 当前:2023-07-05 19:05:35 用户:root 删除固件扫描任务:zsy.zip, id:314
07-05 19:05:35,371773 [INFOR] [userlog] 当前:2023-07-05 19:05:35 用户:root 创建固件扫描任务:zsy.zip, id:315, 并未关联固件库
07-05 19:05:35,605948 [INFOR] [userlog] 当前:2023-07-05 19:05:35 用户:root 开始固件扫描任务:zsy.zip, id:315
07-05 19:05:35,921642 [INFOR] [userlog] 当前:2023-07-05 19:05:35 用户:root 登录成功
07-05 19:05:37,429016 [INFOR] [userlog] 当前:2023-07-05 19:05:37 用户:root 暂停固件扫描任务:zsy.zip, id:315
07-05 19:05:37,457367 [INFOR] [userlog] 当前:2023-07-05 19:05:37 用户:root 删除固件扫描任务:zsy.zip, id:315
07-05 19:05:37,480659 [INFOR] [userlog] 当前:2023-07-05 19:05:37 用户:root 创建固件扫描任务:zsy.zip, id:316, 并未关联固件库
07-05 19:05:37,717269 [INFOR] [userlog] 当前:2023-07-05 19:05:37 用户:root 开始固件扫描任务:zsy.zip, id:316
07-05 19:06:23,202206 [INFOR] [userlog] 当前:2023-07-05 19:06:22 用户:root 登录成功
07-05 19:06:26,380907 [INFOR] [userlog] 当前:2023-07-05 19:06:26 用户:root 暂停固件扫描任务:zsy.zip, id:316
07-05 19:06:26,422434 [INFOR] [userlog] 当前:2023-07-05 19:06:26 用户:root 删除固件扫描任务:zsy.zip, id:316
07-05 19:06:26,454458 [INFOR] [userlog] 当前:2023-07-05 19:06:25 用户:root 创建固件扫描任务:zsy.zip, id:317, 并未关联固件库
07-05 19:06:26,689876 [INFOR] [userlog] 当前:2023-07-05 19:06:26 用户:root 开始固件扫描任务:zsy.zip, id:317
07-05 19:06:26,746280 [INFOR] [userlog] 当前:2023-07-05 19:06:26 用户:root 暂停固件扫描任务:zsy.zip, id:317
07-05 19:06:26,794107 [INFOR] [userlog] 当前:2023-07-05 19:06:26 用户:root 恢复固件扫描任务:zsy.zip, id:317
07-05 19:06:27,027966 [INFOR] [userlog] 当前:2023-07-05 19:06:26 用户:root 登录成功
07-05 19:06:28,717869 [INFOR] [userlog] 当前:2023-07-05 19:06:28 用户:root 暂停固件扫描任务:zsy.zip, id:317
07-05 19:06:28,849260 [INFOR] [userlog] 当前:2023-07-05 19:06:28 用户:root 删除固件扫描任务:zsy.zip, id:317
07-05 19:06:28,878508 [INFOR] [userlog] 当前:2023-07-05 19:06:28 用户:root 创建固件扫描任务:zsy.zip, id:318, 并未关联固件库
07-05 19:06:29,091636 [INFOR] [userlog] 当前:2023-07-05 19:06:29 用户:root 开始固件扫描任务:zsy.zip, id:318
07-05 19:06:29,384724 [INFOR] [userlog] 当前:2023-07-05 19:06:29 用户:root 登录成功
07-05 19:06:29,688081 [INFOR] [userlog] 当前:2023-07-05 19:06:29 用户:root 创建固件扫描任务:dsp.ko, id:319, 并未关联固件库
07-05 19:06:29,915621 [INFOR] [userlog] 当前:2023-07-05 19:06:29 用户:root 开始固件扫描任务:dsp.ko, id:319
07-05 19:07:30,332881 [INFOR] [userlog] 当前:2023-07-05 19:07:30 用户:root 登录成功
07-05 19:07:36,969288 [INFOR] [userlog] 当前:2023-07-05 19:07:36 用户:root 创建固件扫描任务:创建一个未开始的任务, id:320, 并未关联固件库
07-05 19:07:37,357255 [INFOR] [userlog] 当前:2023-07-05 19:07:37 用户:root 开始固件扫描任务:创建一个未开始的任务, id:320
07-05 19:07:37,582452 [INFOR] [userlog] 当前:2023-07-05 19:07:37 用户:root 登录成功
07-05 19:07:38,204286 [INFOR] [userlog] 当前:2023-07-05 19:07:37 用户:root 登录成功
07-05 19:07:38,809339 [INFOR] [userlog] 当前:2023-07-05 19:07:38 用户:root 登录成功
07-05 19:07:40,008012 [INFOR] [userlog] 当前:2023-07-05 19:07:39 用户:root 删除固件扫描任务:1hX15Zz7hxyEztiy8KZ6yZfVJeaKpqd7Ig8JaBjpisdZplnCBXJiy7SP5ZxHop6vaf2lNfeM1IyIssjKlWnGNHG4FeygtN8xZTX, id:307
07-05 19:07:40,033276 [INFOR] [userlog] 当前:2023-07-05 19:07:39 用户:root 创建固件扫描任务:创建并开始一个新任务, id:321, 并未关联固件库
07-05 19:07:40,214842 [INFOR] [userlog] 当前:2023-07-05 19:07:40 用户:root 开始固件扫描任务:创建并开始一个新任务, id:321
07-05 19:07:40,235972 [INFOR] [userlog] 当前:2023-07-05 19:07:40 用户:root 暂停固件扫描任务:创建并开始一个新任务, id:321
07-05 19:07:40,677013 [INFOR] [userlog] 当前:2023-07-05 19:07:40 用户:root 登录成功
07-05 19:07:41,303277 [INFOR] [userlog] 当前:2023-07-05 19:07:41 用户:root 登录成功
07-05 19:07:41,553547 [INFOR] [userlog] 当前:2023-07-05 19:07:41 用户:root 创建固件扫描任务:创建一个不可用的任务, id:322, 并未关联固件库
07-05 19:07:41,770181 [INFOR] [userlog] 当前:2023-07-05 19:07:41 用户:root 开始固件扫描任务:创建一个不可用的任务, id:322
07-05 19:07:42,172288 [INFOR] [userlog] 当前:2023-07-05 19:07:41 用户:root 登录成功
07-05 19:07:42,823068 [INFOR] [userlog] 当前:2023-07-05 19:07:42 用户:root 登录成功
07-05 19:07:43,306338 [INFOR] [userlog] 当前:2023-07-05 19:07:43 用户:root 登录成功
07-05 19:07:46,124631 [INFOR] [userlog] 当前:2023-07-05 19:07:46 用户:root 暂停固件扫描任务:zsy.zip, id:318
07-05 19:07:46,162670 [INFOR] [userlog] 当前:2023-07-05 19:07:46 用户:root 删除固件扫描任务:zsy.zip, id:318
07-05 19:07:46,188733 [INFOR] [userlog] 当前:2023-07-05 19:07:44 用户:root 创建固件扫描任务:zsy.zip, id:323, 并未关联固件库
07-05 19:07:46,480841 [INFOR] [userlog] 当前:2023-07-05 19:07:46 用户:root 登录成功
07-05 19:07:48,560053 [INFOR] [userlog] 当前:2023-07-05 19:07:48 用户:root 创建固件扫描任务:暂停队列中的固件任务, id:324, 并未关联固件库
07-05 19:07:48,850449 [INFOR] [userlog] 当前:2023-07-05 19:07:48 用户:root 开始固件扫描任务:暂停队列中的固件任务, id:324
07-05 19:07:48,900578 [INFOR] [userlog] 当前:2023-07-05 19:07:48 用户:root 暂停固件扫描任务:暂停队列中的固件任务, id:324
07-05 19:07:49,138796 [INFOR] [userlog] 当前:2023-07-05 19:07:48 用户:root 登录成功
07-05 19:07:50,988684 [INFOR] [userlog] 当前:2023-07-05 19:07:50 用户:root 创建固件扫描任务:暂停运行中的固件任务, id:325, 并未关联固件库
07-05 19:07:51,237341 [INFOR] [userlog] 当前:2023-07-05 19:07:51 用户:root 开始固件扫描任务:暂停运行中的固件任务, id:325
07-05 19:08:27,633517 [INFOR] [userlog] 当前:2023-07-05 19:08:27 用户:root 暂停固件扫描任务:暂停运行中的固件任务, id:325
07-05 19:08:27,981315 [INFOR] [userlog] 当前:2023-07-05 19:08:27 用户:root 登录成功
07-05 19:08:28,354925 [INFOR] [userlog] 当前:2023-07-05 19:08:28 用户:root 登录成功
07-05 19:08:28,762226 [INFOR] [userlog] 当前:2023-07-05 19:08:28 用户:root 登录成功
07-05 19:08:29,049132 [INFOR] [userlog] 当前:2023-07-05 19:08:28 用户:root 登录成功
07-05 19:14:10,960700 [INFOR] [userlog] 当前:2023-07-05 19:14:10 用户:root 登录成功
07-05 19:14:13,599459 [INFOR] [userlog] 当前:2023-07-05 19:14:13 用户:root 删除固件扫描任务:zsy.zip, id:323
07-05 19:14:13,623596 [INFOR] [userlog] 当前:2023-07-05 19:14:13 用户:root 创建固件扫描任务:zsy.zip, id:326, 并未关联固件库
07-05 19:14:13,898873 [INFOR] [userlog] 当前:2023-07-05 19:14:13 用户:root 登录成功
07-05 19:14:15,891917 [INFOR] [userlog] 当前:2023-07-05 19:14:15 用户:root 删除固件扫描任务:zsy.zip, id:326
07-05 19:14:15,909572 [INFOR] [userlog] 当前:2023-07-05 19:14:15 用户:root 创建固件扫描任务:zsy.zip, id:327, 并未关联固件库
07-05 19:14:16,122413 [INFOR] [userlog] 当前:2023-07-05 19:14:16 用户:root 开始固件扫描任务:zsy.zip, id:327
07-05 19:14:16,365883 [INFOR] [userlog] 当前:2023-07-05 19:14:16 用户:root 登录成功
07-05 19:14:18,139059 [INFOR] [userlog] 当前:2023-07-05 19:14:18 用户:root 暂停固件扫描任务:zsy.zip, id:327
07-05 19:14:18,175372 [INFOR] [userlog] 当前:2023-07-05 19:14:18 用户:root 删除固件扫描任务:zsy.zip, id:327
07-05 19:14:18,204624 [INFOR] [userlog] 当前:2023-07-05 19:14:18 用户:root 创建固件扫描任务:zsy.zip, id:328, 并未关联固件库
07-05 19:14:18,465270 [INFOR] [userlog] 当前:2023-07-05 19:14:18 用户:root 开始固件扫描任务:zsy.zip, id:328
07-05 19:14:18,781609 [INFOR] [userlog] 当前:2023-07-05 19:14:18 用户:root 登录成功
07-05 19:14:20,814691 [INFOR] [userlog] 当前:2023-07-05 19:14:20 用户:root 暂停固件扫描任务:zsy.zip, id:328
07-05 19:14:20,947790 [INFOR] [userlog] 当前:2023-07-05 19:14:20 用户:root 删除固件扫描任务:zsy.zip, id:328
07-05 19:14:20,980627 [INFOR] [userlog] 当前:2023-07-05 19:14:20 用户:root 创建固件扫描任务:zsy.zip, id:329, 并未关联固件库
07-05 19:14:21,194351 [INFOR] [userlog] 当前:2023-07-05 19:14:21 用户:root 开始固件扫描任务:zsy.zip, id:329
07-05 19:14:21,217276 [INFOR] [userlog] 当前:2023-07-05 19:14:21 用户:root 暂停固件扫描任务:zsy.zip, id:329
07-05 19:14:21,247653 [INFOR] [userlog] 当前:2023-07-05 19:14:21 用户:root 恢复固件扫描任务:zsy.zip, id:329
07-05 19:14:21,516666 [INFOR] [userlog] 当前:2023-07-05 19:14:21 用户:root 登录成功
07-05 19:14:26,042406 [INFOR] [userlog] 当前:2023-07-05 19:14:26 用户:root 暂停固件扫描任务:zsy.zip, id:329
07-05 19:14:26,071150 [INFOR] [userlog] 当前:2023-07-05 19:14:26 用户:root 删除固件扫描任务:zsy.zip, id:329
07-05 19:14:26,100260 [INFOR] [userlog] 当前:2023-07-05 19:14:24 用户:root 创建固件扫描任务:zsy.zip, id:330, 并未关联固件库
07-05 19:14:26,292792 [INFOR] [userlog] 当前:2023-07-05 19:14:26 用户:root 开始固件扫描任务:zsy.zip, id:330
07-05 19:14:26,630362 [INFOR] [userlog] 当前:2023-07-05 19:14:26 用户:root 登录成功
07-05 19:14:26,902053 [INFOR] [userlog] 当前:2023-07-05 19:14:26 用户:root 删除固件扫描任务:dsp.ko, id:319
07-05 19:14:26,925862 [INFOR] [userlog] 当前:2023-07-05 19:14:26 用户:root 创建固件扫描任务:dsp.ko, id:331, 并未关联固件库
07-05 19:14:27,174053 [INFOR] [userlog] 当前:2023-07-05 19:14:27 用户:root 开始固件扫描任务:dsp.ko, id:331
07-05 19:15:14,008772 [INFOR] [userlog] 当前:2023-07-05 19:15:13 用户:root 修改密码成功
07-05 19:15:14,411360 [INFOR] [userlog] 当前:2023-07-05 19:15:14 用户:root 登录成功
07-05 19:15:15,133161 [INFOR] [userlog] 当前:2023-07-05 19:15:15 用户:root 创建报告对比任务:app.bin对比smb_pass, id:10
07-05 19:15:15,474947 [INFOR] [userlog] 当前:2023-07-05 19:15:15 用户:root 登录成功
07-05 19:15:16,429361 [INFOR] [userlog] 当前:2023-07-05 19:15:16 用户:root 登录成功
07-05 19:15:17,052470 [INFOR] [userlog] 当前:2023-07-05 19:15:16 用户:root 登录成功
07-05 19:15:17,608353 [INFOR] [userlog] 当前:2023-07-05 19:15:17 用户:root 登录成功
07-05 19:15:25,619367 [INFOR] [userlog] 当前:2023-07-05 19:15:25 用户:root 暂停固件扫描任务:zsy.zip, id:330
07-05 19:15:25,987880 [INFOR] [userlog] 当前:2023-07-05 19:15:25 用户:root 删除固件扫描任务:zsy.zip, id:330
07-05 19:15:26,037029 [INFOR] [userlog] 当前:2023-07-05 19:15:24 用户:root 创建固件扫描任务:暂停运行中的固件任务, id:332, 并未关联固件库
07-05 19:15:26,255383 [INFOR] [userlog] 当前:2023-07-05 19:15:26 用户:root 开始固件扫描任务:暂停运行中的固件任务, id:332
07-05 19:15:26,772710 [INFOR] [userlog] 当前:2023-07-05 19:15:26 用户:root 登录成功
07-05 19:15:30,718398 [INFOR] [userlog] 当前:2023-07-05 19:15:30 用户:root 暂停固件扫描任务:暂停运行中的固件任务, id:332
07-05 19:15:30,856711 [INFOR] [userlog] 当前:2023-07-05 19:15:30 用户:root 删除固件扫描任务:暂停运行中的固件任务, id:332
07-05 19:15:30,897568 [INFOR] [userlog] 当前:2023-07-05 19:15:30 用户:root 创建固件扫描任务:暂停运行中的固件任务, id:333, 并未关联固件库
07-05 19:15:31,117082 [INFOR] [userlog] 当前:2023-07-05 19:15:31 用户:root 开始固件扫描任务:暂停运行中的固件任务, id:333
07-05 19:15:32,372376 [INFOR] [userlog] 当前:2023-07-05 19:15:32 用户:root 暂停固件扫描任务:创建一个未开始的任务, id:320
07-05 19:15:32,792798 [INFOR] [userlog] 当前:2023-07-05 19:15:32 用户:root 登录成功
07-05 19:15:35,908636 [INFOR] [userlog] 当前:2023-07-05 19:15:35 用户:root 暂停固件扫描任务:暂停运行中的固件任务, id:333
07-05 19:15:36,157512 [INFOR] [userlog] 当前:2023-07-05 19:15:36 用户:root 删除固件扫描任务:暂停运行中的固件任务, id:333
07-05 19:15:36,366602 [INFOR] [userlog] 当前:2023-07-05 19:15:35 用户:root 创建固件扫描任务:zsy.zip, id:334, 并未关联固件库
07-05 19:15:37,282572 [INFOR] [userlog] 当前:2023-07-05 19:15:36 用户:root 登录成功
07-05 19:15:37,615091 [INFOR] [userlog] 当前:2023-07-05 19:15:37 用户:root 删除固件扫描任务:dsp.ko, id:331
07-05 19:15:38,909152 [INFOR] [userlog] 当前:2023-07-05 19:15:37 用户:root 创建固件扫描任务:dsp.ko, id:335, 并未关联固件库
07-05 19:15:40,564178 [INFOR] [userlog] 当前:2023-07-05 19:15:39 用户:root 开始固件扫描任务:dsp.ko, id:335
07-05 19:15:42,261695 [INFOR] [userlog] 当前:2023-07-05 19:15:40 用户:root 登录成功
07-05 19:15:44,230493 [INFOR] [userlog] 当前:2023-07-05 19:15:44 用户:root 删除固件扫描任务:创建并开始一个新任务, id:321
07-05 19:15:45,289574 [INFOR] [userlog] 当前:2023-07-05 19:15:44 用户:root 创建固件扫描任务:全选插件创建任务, id:336, 并未关联固件库
07-05 19:15:46,637505 [INFOR] [userlog] 当前:2023-07-05 19:15:45 用户:root 登录成功
07-05 19:15:46,964806 [INFOR] [userlog] 当前:2023-07-05 19:15:46 用户:root 删除固件扫描任务:1, id:284
07-05 19:15:46,987234 [INFOR] [userlog] 当前:2023-07-05 19:15:46 用户:root 创建固件扫描任务:全选插件关联固件库, id:337, 并关联固件库
07-05 19:15:47,220711 [INFOR] [userlog] 当前:2023-07-05 19:15:47 用户:root 登录成功
07-05 19:15:47,790771 [INFOR] [userlog] 当前:2023-07-05 19:15:47 用户:root 登录成功
07-05 19:15:48,328248 [INFOR] [userlog] 当前:2023-07-05 19:15:48 用户:root 登录成功
07-05 19:15:48,905741 [INFOR] [userlog] 当前:2023-07-05 19:15:48 用户:root 登录成功
07-05 19:15:49,395104 [INFOR] [userlog] 当前:2023-07-05 19:15:49 用户:root 登录成功
07-05 19:15:49,710867 [INFOR] [userlog] 当前:2023-07-05 19:15:49 用户:root 删除固件扫描任务:全选插件关联固件库, id:337
07-05 19:15:49,729616 [INFOR] [userlog] 当前:2023-07-05 19:15:49 用户:root 创建固件扫描任务:1, id:338, 并关联固件库
07-05 19:15:49,965528 [INFOR] [userlog] 当前:2023-07-05 19:15:49 用户:root 登录成功
07-05 19:15:50,334494 [INFOR] [userlog] 当前:2023-07-05 19:15:50 用户:root 创建固件扫描任务:a, id:339, 并未关联固件库
07-05 19:15:50,584288 [INFOR] [userlog] 当前:2023-07-05 19:15:50 用户:root 登录成功
07-05 19:15:50,911258 [INFOR] [userlog] 当前:2023-07-05 19:15:50 用户:root 删除固件扫描任务:a, id:339
07-05 19:15:51,024760 [INFOR] [userlog] 当前:2023-07-05 19:15:50 用户:root 创建固件扫描任务:*, id:340, 并未关联固件库
07-05 19:15:51,257884 [INFOR] [userlog] 当前:2023-07-05 19:15:51 用户:root 登录成功
07-05 19:15:51,561725 [INFOR] [userlog] 当前:2023-07-05 19:15:51 用户:root 删除固件扫描任务:UNdXkshEhUJXy7EAPRvDBy2nkXhQWCqYjZtublXZXkODsKdNus9pte7emdEXlz0QkIEYX1pNsFnFns09YNIFictqlRjVEgpliv2, id:287
07-05 19:15:51,598129 [INFOR] [userlog] 当前:2023-07-05 19:15:51 用户:root 创建固件扫描任务:NuPIP5x6ZznQCiVXmiF88zVUpALDnOpCP9OK0RL3k4FyUxzOV6Az5G0q2pk0GDy6EIXoMEF6m0DVDxzjFI8Y2SILFgNAbsTxpI2, id:341, 并未关联固件库
07-05 19:15:51,861915 [INFOR] [userlog] 当前:2023-07-05 19:15:51 用户:root 登录成功
07-05 19:15:52,411787 [INFOR] [userlog] 当前:2023-07-05 19:15:52 用户:root 登录成功
07-05 19:15:52,940505 [INFOR] [userlog] 当前:2023-07-05 19:15:52 用户:root 登录成功
07-05 19:15:53,456936 [INFOR] [userlog] 当前:2023-07-05 19:15:53 用户:root 登录成功
07-05 19:15:54,063157 [INFOR] [userlog] 当前:2023-07-05 19:15:53 用户:root 登录成功
07-05 19:15:54,611648 [INFOR] [userlog] 当前:2023-07-05 19:15:54 用户:root 登录成功
07-05 19:15:55,195774 [INFOR] [userlog] 当前:2023-07-05 19:15:54 用户:root 登录成功
07-05 19:15:55,898992 [INFOR] [userlog] 当前:2023-07-05 19:15:55 用户:root 登录成功
07-05 19:15:56,456090 [INFOR] [userlog] 当前:2023-07-05 19:15:56 用户:root 登录成功
07-05 19:15:57,026658 [INFOR] [userlog] 当前:2023-07-05 19:15:56 用户:root 登录成功
07-05 19:15:57,573310 [INFOR] [userlog] 当前:2023-07-05 19:15:57 用户:root 登录成功
07-05 19:15:58,177791 [INFOR] [userlog] 当前:2023-07-05 19:15:57 用户:root 登录成功
07-05 19:15:58,688589 [INFOR] [userlog] 当前:2023-07-05 19:15:58 用户:root 登录成功
07-05 19:15:58,990642 [INFOR] [userlog] 当前:2023-07-05 19:15:58 用户:root 删除固件扫描任务:创建任务—只勾选cwe_checker插件, id:288
07-05 19:15:59,019152 [INFOR] [userlog] 当前:2023-07-05 19:15:58 用户:root 创建固件扫描任务:创建任务—只勾选cwe_checker插件, id:342, 并未关联固件库
07-05 19:15:59,290256 [INFOR] [userlog] 当前:2023-07-05 19:15:59 用户:root 登录成功
07-05 19:15:59,619258 [INFOR] [userlog] 当前:2023-07-05 19:15:59 用户:root 删除固件扫描任务:创建任务—只勾选software_components插件, id:289
07-05 19:15:59,652382 [INFOR] [userlog] 当前:2023-07-05 19:15:59 用户:root 创建固件扫描任务:创建任务—只勾选software_components插件, id:343, 并未关联固件库
07-05 19:15:59,886787 [INFOR] [userlog] 当前:2023-07-05 19:15:59 用户:root 登录成功
07-05 19:16:00,222121 [INFOR] [userlog] 当前:2023-07-05 19:16:00 用户:root 删除固件扫描任务:创建任务—只勾选cve_lookup插件, id:290
07-05 19:16:00,240059 [INFOR] [userlog] 当前:2023-07-05 19:16:00 用户:root 创建固件扫描任务:创建任务—只勾选cve_lookup插件, id:344, 并未关联固件库
07-05 19:16:00,466244 [INFOR] [userlog] 当前:2023-07-05 19:16:00 用户:root 登录成功
07-05 19:16:01,059533 [INFOR] [userlog] 当前:2023-07-05 19:16:00 用户:root 登录成功
07-05 19:16:01,451968 [INFOR] [userlog] 当前:2023-07-05 19:16:01 用户:root 删除固件扫描任务:创建任务—只勾选crypto_hints插件, id:291
07-05 19:16:01,489002 [INFOR] [userlog] 当前:2023-07-05 19:16:01 用户:root 创建固件扫描任务:创建任务—只勾选crypto_hints插件, id:345, 并未关联固件库
07-05 19:16:01,782431 [INFOR] [userlog] 当前:2023-07-05 19:16:01 用户:root 登录成功
07-05 19:16:02,144602 [INFOR] [userlog] 当前:2023-07-05 19:16:02 用户:root 删除固件扫描任务:创建任务—只勾选elf_analysis插件, id:292
07-05 19:16:02,175625 [INFOR] [userlog] 当前:2023-07-05 19:16:02 用户:root 创建固件扫描任务:创建任务—只勾选elf_analysis插件, id:346, 并未关联固件库
07-05 19:16:02,422579 [INFOR] [userlog] 当前:2023-07-05 19:16:02 用户:root 登录成功
07-05 19:16:02,751872 [INFOR] [userlog] 当前:2023-07-05 19:16:02 用户:root 删除固件扫描任务:创建任务—只勾选ip_and_uri_finder插件, id:293
07-05 19:16:02,771766 [INFOR] [userlog] 当前:2023-07-05 19:16:02 用户:root 创建固件扫描任务:创建任务—只勾选ip_and_uri_finder插件, id:347, 并未关联固件库
07-05 19:16:03,016521 [INFOR] [userlog] 当前:2023-07-05 19:16:02 用户:root 登录成功
07-05 19:16:03,366452 [INFOR] [userlog] 当前:2023-07-05 19:16:03 用户:root 删除固件扫描任务:创建任务—只勾选users_and_passwords插件, id:294
07-05 19:16:03,392688 [INFOR] [userlog] 当前:2023-07-05 19:16:03 用户:root 创建固件扫描任务:创建任务—只勾选users_and_passwords插件, id:348, 并未关联固件库
07-05 19:16:03,666005 [INFOR] [userlog] 当前:2023-07-05 19:16:03 用户:root 登录成功
07-05 19:16:04,005514 [INFOR] [userlog] 当前:2023-07-05 19:16:03 用户:root 删除固件扫描任务:创建任务—只勾选elf_checksec插件, id:295
07-05 19:16:04,025866 [INFOR] [userlog] 当前:2023-07-05 19:16:03 用户:root 创建固件扫描任务:创建任务—只勾选elf_checksec插件, id:349, 并未关联固件库
07-05 19:16:04,263048 [INFOR] [userlog] 当前:2023-07-05 19:16:04 用户:root 登录成功
07-05 19:16:04,613978 [INFOR] [userlog] 当前:2023-07-05 19:16:04 用户:root 删除固件扫描任务:创建任务—不勾选elf_checksec插件, id:296
07-05 19:16:04,636187 [INFOR] [userlog] 当前:2023-07-05 19:16:04 用户:root 创建固件扫描任务:创建任务—不勾选elf_checksec插件, id:350, 并未关联固件库
07-05 19:16:04,895407 [INFOR] [userlog] 当前:2023-07-05 19:16:04 用户:root 登录成功
07-05 19:16:05,207946 [INFOR] [userlog] 当前:2023-07-05 19:16:05 用户:root 删除固件扫描任务:创建任务—不勾选users_and_passwords插件, id:297
07-05 19:16:05,311329 [INFOR] [userlog] 当前:2023-07-05 19:16:05 用户:root 创建固件扫描任务:创建任务—不勾选users_and_passwords插件, id:351, 并未关联固件库
07-05 19:16:05,547134 [INFOR] [userlog] 当前:2023-07-05 19:16:05 用户:root 登录成功
07-05 19:16:05,890480 [INFOR] [userlog] 当前:2023-07-05 19:16:05 用户:root 删除固件扫描任务:创建任务—不勾选ip_and_uri_finder插件, id:298
07-05 19:16:05,918393 [INFOR] [userlog] 当前:2023-07-05 19:16:05 用户:root 创建固件扫描任务:创建任务—不勾选ip_and_uri_finder插件, id:352, 并未关联固件库
07-05 19:16:06,184807 [INFOR] [userlog] 当前:2023-07-05 19:16:05 用户:root 登录成功
07-05 19:16:06,576139 [INFOR] [userlog] 当前:2023-07-05 19:16:06 用户:root 删除固件扫描任务:创建任务—不勾选elf_analysis插件, id:299
07-05 19:16:06,625012 [INFOR] [userlog] 当前:2023-07-05 19:16:06 用户:root 创建固件扫描任务:创建任务—不勾选elf_analysis插件, id:353, 并未关联固件库
07-05 19:16:06,885010 [INFOR] [userlog] 当前:2023-07-05 19:16:06 用户:root 登录成功
07-05 19:16:07,258855 [INFOR] [userlog] 当前:2023-07-05 19:16:07 用户:root 删除固件扫描任务:创建任务—不勾选crypto_hints插件, id:300
07-05 19:16:07,283121 [INFOR] [userlog] 当前:2023-07-05 19:16:07 用户:root 创建固件扫描任务:创建任务—不勾选crypto_hints插件, id:354, 并未关联固件库
07-05 19:16:07,520020 [INFOR] [userlog] 当前:2023-07-05 19:16:07 用户:root 登录成功
07-05 19:16:07,871172 [INFOR] [userlog] 当前:2023-07-05 19:16:07 用户:root 删除固件扫描任务:创建任务—不勾选cve_lookup插件, id:301
07-05 19:16:07,895325 [INFOR] [userlog] 当前:2023-07-05 19:16:07 用户:root 创建固件扫描任务:创建任务—不勾选cve_lookup插件, id:355, 并未关联固件库
07-05 19:16:08,140813 [INFOR] [userlog] 当前:2023-07-05 19:16:07 用户:root 登录成功
07-05 19:16:08,498526 [INFOR] [userlog] 当前:2023-07-05 19:16:08 用户:root 删除固件扫描任务:创建任务—不勾选software_components插件, id:302
07-05 19:16:08,529013 [INFOR] [userlog] 当前:2023-07-05 19:16:08 用户:root 创建固件扫描任务:创建任务—不勾选software_components插件, id:356, 并未关联固件库
07-05 19:16:08,770251 [INFOR] [userlog] 当前:2023-07-05 19:16:08 用户:root 登录成功
07-05 19:16:09,604957 [INFOR] [userlog] 当前:2023-07-05 19:16:09 用户:root 删除固件扫描任务:全选插件创建任务, id:336
07-05 19:16:09,633789 [INFOR] [userlog] 当前:2023-07-05 19:16:09 用户:root 创建固件扫描任务:1, id:357, 并关联固件库
07-05 19:16:09,935135 [INFOR] [userlog] 当前:2023-07-05 19:16:09 用户:root 登录成功
07-05 19:16:10,971122 [INFOR] [userlog] 当前:2023-07-05 19:16:10 用户:root 登录成功
07-05 19:16:11,860182 [INFOR] [userlog] 当前:2023-07-05 19:16:11 用户:root 删除固件扫描任务:1, id:357
07-05 19:16:11,887686 [INFOR] [userlog] 当前:2023-07-05 19:16:11 用户:root 创建固件扫描任务:a, id:358, 并关联固件库
07-05 19:16:12,134814 [INFOR] [userlog] 当前:2023-07-05 19:16:11 用户:root 登录成功
07-05 19:16:12,924619 [INFOR] [userlog] 当前:2023-07-05 19:16:12 用户:root 删除固件扫描任务:a, id:358
07-05 19:16:13,027506 [INFOR] [userlog] 当前:2023-07-05 19:16:12 用户:root 创建固件扫描任务:*, id:359, 并关联固件库
07-05 19:16:13,256504 [INFOR] [userlog] 当前:2023-07-05 19:16:13 用户:root 登录成功
07-05 19:16:13,986029 [INFOR] [userlog] 当前:2023-07-05 19:16:13 用户:root 删除固件扫描任务:*, id:359
07-05 19:16:13,999204 [INFOR] [userlog] 当前:2023-07-05 19:16:13 用户:root 创建固件扫描任务:AxjzGHthscemMc9fUMmy3444HOYJvudztK4MVHTZLhonLsXjWJQb0XegYDBYCAX7Qfmn2yJXDBPmFfU5TtpPBpDUKCSM7wrEieT, id:360, 并关联固件库
07-05 19:16:14,273351 [INFOR] [userlog] 当前:2023-07-05 19:16:14 用户:root 登录成功
07-05 19:16:15,164478 [INFOR] [userlog] 当前:2023-07-05 19:16:15 用户:root 删除固件扫描任务:AxjzGHthscemMc9fUMmy3444HOYJvudztK4MVHTZLhonLsXjWJQb0XegYDBYCAX7Qfmn2yJXDBPmFfU5TtpPBpDUKCSM7wrEieT, id:360
07-05 19:16:15,184179 [INFOR] [userlog] 当前:2023-07-05 19:16:15 用户:root 创建固件扫描任务:2DdsUePTclNKEya7znxZAKa7imRFm4rQwRjB6NEMTRSmNZ5hSTe6GFDM2a5P5ltqoR7L1oJ9JwcbiGMgBTcMQHzCmJBM7B0aIPz, id:361, 并关联固件库
07-05 19:16:15,413993 [INFOR] [userlog] 当前:2023-07-05 19:16:15 用户:root 登录成功
07-05 19:16:16,477365 [INFOR] [userlog] 当前:2023-07-05 19:16:16 用户:root 登录成功
07-05 19:16:17,633815 [INFOR] [userlog] 当前:2023-07-05 19:16:17 用户:root 登录成功
07-05 19:16:19,026081 [INFOR] [userlog] 当前:2023-07-05 19:16:18 用户:root 登录成功
07-05 19:16:20,072333 [INFOR] [userlog] 当前:2023-07-05 19:16:19 用户:root 登录成功
07-05 19:16:21,393617 [INFOR] [userlog] 当前:2023-07-05 19:16:21 用户:root 登录成功
07-05 19:16:22,642301 [INFOR] [userlog] 当前:2023-07-05 19:16:22 用户:root 登录成功
07-05 19:16:23,790865 [INFOR] [userlog] 当前:2023-07-05 19:16:23 用户:root 登录成功
07-05 19:16:25,055558 [INFOR] [userlog] 当前:2023-07-05 19:16:24 用户:root 登录成功
07-05 19:16:26,561910 [INFOR] [userlog] 当前:2023-07-05 19:16:26 用户:root 登录成功
07-05 19:16:27,443991 [INFOR] [userlog] 当前:2023-07-05 19:16:27 用户:root 登录成功
07-05 19:16:28,516016 [INFOR] [userlog] 当前:2023-07-05 19:16:28 用户:root 登录成功
07-05 19:16:29,864422 [INFOR] [userlog] 当前:2023-07-05 19:16:29 用户:root 登录成功
07-05 19:16:31,339690 [INFOR] [userlog] 当前:2023-07-05 19:16:30 用户:root 登录成功
07-05 19:16:32,930016 [INFOR] [userlog] 当前:2023-07-05 19:16:32 用户:root 登录成功
07-05 19:16:34,707093 [INFOR] [userlog] 当前:2023-07-05 19:16:33 用户:root 登录成功
07-05 19:16:36,422820 [INFOR] [userlog] 当前:2023-07-05 19:16:35 用户:root 登录成功
07-05 19:16:37,527622 [INFOR] [userlog] 当前:2023-07-05 19:16:37 用户:root 登录成功
07-05 19:16:38,640265 [INFOR] [userlog] 当前:2023-07-05 19:16:38 用户:root 登录成功
07-05 19:16:39,820879 [INFOR] [userlog] 当前:2023-07-05 19:16:39 用户:root 登录成功
07-05 19:16:41,069469 [INFOR] [userlog] 当前:2023-07-05 19:16:40 用户:root 登录成功
07-05 19:16:42,278878 [INFOR] [userlog] 当前:2023-07-05 19:16:42 用户:root 登录成功
07-05 19:16:43,340256 [INFOR] [userlog] 当前:2023-07-05 19:16:43 用户:root 登录成功
07-05 19:16:43,594727 [INFOR] [userlog] 当前:2023-07-05 19:16:43 用户:root 删除报告对比任务:app.bin对比smb_pass, id:10
07-05 19:16:43,824048 [INFOR] [userlog] 当前:2023-07-05 19:16:43 用户:root 登录成功
07-05 19:16:44,440853 [INFOR] [userlog] 当前:2023-07-05 19:16:44 用户:root 创建报告对比任务:app.bin对比smb_pass, id:11
07-05 19:16:44,848245 [INFOR] [userlog] 当前:2023-07-05 19:16:44 用户:root 创建报告对比任务:app.bin对比smb_pass, id:12
07-05 19:16:45,065416 [INFOR] [userlog] 当前:2023-07-05 19:16:45 用户:root 删除报告对比任务:app.bin对比smb_pass, id:11
07-05 19:16:45,104356 [INFOR] [userlog] 当前:2023-07-05 19:16:45 用户:root 删除报告对比任务:app.bin对比smb_pass, id:9
07-05 19:16:45,338181 [INFOR] [userlog] 当前:2023-07-05 19:16:45 用户:root 登录成功
07-05 19:16:46,064351 [INFOR] [userlog] 当前:2023-07-05 19:16:45 用户:root 登录成功
07-05 19:16:46,440094 [INFOR] [userlog] 当前:2023-07-05 19:16:46 用户:root 登录成功
07-05 19:16:47,768923 [INFOR] [userlog] 当前:2023-07-05 19:16:47 用户:root 删除固件扫描任务:创建一个未开始的任务, id:320
07-05 19:16:47,795896 [INFOR] [userlog] 当前:2023-07-05 19:16:47 用户:root 创建固件扫描任务:zsy.zip, id:362, 并关联固件库
07-05 19:16:48,211424 [INFOR] [userlog] 当前:2023-07-05 19:16:47 用户:root 登录成功
07-05 19:16:49,695774 [INFOR] [userlog] 当前:2023-07-05 19:16:49 用户:root 删除固件扫描任务:zsy.zip, id:334
07-05 19:16:50,004837 [INFOR] [userlog] 当前:2023-07-05 19:16:49 用户:root 创建固件扫描任务:zsy.zip, id:363, 并未关联固件库
07-05 19:16:50,085215 [INFOR] [userlog] 当前:2023-07-05 19:16:50 用户:root 删除固件扫描任务:zsy.zip, id:362
07-05 19:16:50,085241 [INFOR] [userlog] 当前:2023-07-05 19:16:50 用户:root 删除固件扫描任务:zsy.zip, id:363
07-05 19:16:50,314724 [INFOR] [userlog] 当前:2023-07-05 19:16:50 用户:root 登录成功
07-05 19:16:50,701969 [INFOR] [userlog] 当前:2023-07-05 19:16:50 用户:root 登录成功
07-05 19:16:51,072961 [INFOR] [userlog] 当前:2023-07-05 19:16:50 用户:root 登录成功
07-05 19:16:51,493305 [INFOR] [userlog] 当前:2023-07-05 19:16:51 用户:root 登录成功
07-05 19:16:53,011133 [INFOR] [userlog] 当前:2023-07-05 19:16:52 用户:root 创建固件扫描任务:zsy.zip, id:364, 并未关联固件库
07-05 19:16:53,843461 [INFOR] [userlog] 当前:2023-07-05 19:16:53 用户:root 开始固件扫描任务:zsy.zip, id:364
07-05 19:16:54,968754 [INFOR] [userlog] 当前:2023-07-05 19:16:53 用户:root 登录成功
07-05 19:16:55,354866 [INFOR] [userlog] 当前:2023-07-05 19:16:55 用户:root 删除固件扫描任务:*, id:340
07-05 19:16:55,385748 [INFOR] [userlog] 当前:2023-07-05 19:16:55 用户:root 创建固件扫描任务:libcurl_7.17.1-1_arm.ipk, id:365, 并未关联固件库
07-05 19:16:55,649723 [INFOR] [userlog] 当前:2023-07-05 19:16:55 用户:root 开始固件扫描任务:libcurl_7.17.1-1_arm.ipk, id:365
07-05 19:17:27,018989 [INFOR] [userlog] 当前:2023-07-05 19:17:25 用户:root 登录成功
07-05 19:17:28,432963 [INFOR] [userlog] 当前:2023-07-05 19:17:28 用户:root 暂停固件扫描任务:libcurl_7.17.1-1_arm.ipk, id:365
07-05 19:17:28,451325 [INFOR] [userlog] 当前:2023-07-05 19:17:28 用户:root 删除固件扫描任务:libcurl_7.17.1-1_arm.ipk, id:365
07-05 19:17:28,494272 [INFOR] [userlog] 当前:2023-07-05 19:17:27 用户:root 创建固件扫描任务:libcurl_7.17.1-1_arm.ipk, id:366, 并未关联固件库
07-05 19:17:28,626403 [INFOR] [userlog] 当前:2023-07-05 19:17:28 用户:root 开始固件扫描任务:libcurl_7.17.1-1_arm.ipk, id:366
07-05 19:17:28,661790 [INFOR] [userlog] 当前:2023-07-05 19:17:28 用户:root 暂停固件扫描任务:libcurl_7.17.1-1_arm.ipk, id:366
07-05 19:17:28,689757 [INFOR] [userlog] 当前:2023-07-05 19:17:28 用户:root 删除固件扫描任务:libcurl_7.17.1-1_arm.ipk, id:366
07-05 19:17:28,908340 [INFOR] [userlog] 当前:2023-07-05 19:17:28 用户:root 登录成功
07-05 19:17:29,094625 [INFOR] [userlog] 当前:2023-07-05 19:17:29 用户:root 删除固件扫描任务:dsp.ko, id:335
07-05 19:17:29,207681 [INFOR] [userlog] 当前:2023-07-05 19:17:29 用户:root 创建固件扫描任务:dsp.ko, id:367, 并未关联固件库
07-05 19:17:29,546113 [INFOR] [userlog] 当前:2023-07-05 19:17:29 用户:root 开始固件扫描任务:dsp.ko, id:367
07-05 19:17:29,637079 [INFOR] [userlog] 当前:2023-07-05 19:17:29 用户:root 删除固件扫描任务:创建一个不可用的任务, id:322
07-05 19:17:29,881417 [INFOR] [userlog] 当前:2023-07-05 19:17:29 用户:root 登录成功
07-05 19:17:30,274714 [INFOR] [userlog] 当前:2023-07-05 19:17:30 用户:root 登录成功
07-05 19:17:30,927015 [INFOR] [userlog] 当前:2023-07-05 19:17:30 用户:root 登录成功
07-05 19:17:31,365034 [INFOR] [userlog] 当前:2023-07-05 19:17:31 用户:root 登录成功
07-05 19:17:32,281678 [INFOR] [userlog] 当前:2023-07-05 19:17:32 用户:root 登录成功
07-05 19:17:33,476277 [INFOR] [userlog] 当前:2023-07-05 19:17:33 用户:root 登录成功
