08-01 09:42:36,500305 [INFOR] [systemlog] 当前:2023-08-01 09:42:36系统启动时间
08-01 09:42:36,552422 [INFOR] [systemlog] 当前:2023-08-01 09:42:36系统使用的内存:2902MB, 使用硬盘:338542MB
08-01 09:42:36,707846 [INFOR] [systemlog] 当前:2023-08-01 09:42:36已使用年度流量:60119MB、补充流量:0MB、每日流量:952MB、日任务数:64
08-01 09:42:36,714066 [INFOR] [systemlog] 当前:2023-08-01 09:42:36系统配额年度流量:204800MB、补充流量:0MB、每日流量:102400MB、日任务数:300
08-01 09:43:04,809391 [INFOR] [systemlog] 当前:2023-08-01 09:43:04系统使用内存:3812MB, 硬盘:338537MB
08-01 09:43:34,794911 [INFOR] [systemlog] 当前:2023-08-01 09:43:34系统使用内存:4382MB, 硬盘:338500MB
08-01 09:51:34,794354 [INFOR] [systemlog] 当前:2023-08-01 09:51:34系统使用内存:4839MB, 硬盘:338602MB
08-01 09:54:04,798517 [INFOR] [systemlog] 当前:2023-08-01 09:54:04系统使用内存:4339MB, 硬盘:338608MB
08-01 09:59:34,792242 [INFOR] [systemlog] 当前:2023-08-01 09:59:34系统使用内存:4884MB, 硬盘:338662MB
08-01 10:00:34,800362 [INFOR] [systemlog] 当前:2023-08-01 10:00:34系统使用内存:4408MB, 硬盘:204327MB
08-01 10:30:59,659883 [INFOR] [systemlog] 当前:2023-08-01 10:30:59已使用年度流量:60134MB、补充流量:0MB、每日流量:967MB、日任务数:65
08-01 11:29:41,900949 [INFOR] [systemlog] 当前:2023-08-01 11:29:41已使用年度流量:60135MB、补充流量:0MB、每日流量:968MB、日任务数:66
08-01 11:31:04,795714 [INFOR] [systemlog] 当前:2023-08-01 11:31:04系统使用内存:5592MB, 硬盘:204334MB
08-01 11:32:04,799632 [INFOR] [systemlog] 当前:2023-08-01 11:32:04系统使用内存:7061MB, 硬盘:204387MB
08-01 11:32:34,793518 [INFOR] [systemlog] 当前:2023-08-01 11:32:34系统使用内存:5782MB, 硬盘:204320MB
08-01 11:33:04,801019 [INFOR] [systemlog] 当前:2023-08-01 11:33:04系统使用内存:4831MB, 硬盘:204316MB
08-01 11:47:35,689027 [INFOR] [systemlog] 当前:2023-08-01 11:47:35已使用年度流量:60135MB、补充流量:0MB、每日流量:968MB、日任务数:67
08-01 11:48:04,800173 [INFOR] [systemlog] 当前:2023-08-01 11:48:04系统使用内存:5332MB, 硬盘:204322MB
08-01 11:58:04,799060 [INFOR] [systemlog] 当前:2023-08-01 11:58:04系统使用内存:4796MB, 硬盘:204322MB
08-01 13:39:11,668877 [INFOR] [systemlog] 当前:2023-08-01 13:39:11已使用年度流量:60140MB、补充流量:0MB、每日流量:973MB、日任务数:68
08-01 13:41:34,796500 [INFOR] [systemlog] 当前:2023-08-01 13:41:34系统使用内存:5417MB, 硬盘:204399MB
08-01 13:42:34,797879 [INFOR] [systemlog] 当前:2023-08-01 13:42:34系统使用内存:6014MB, 硬盘:204401MB
08-01 13:43:34,806291 [INFOR] [systemlog] 当前:2023-08-01 13:43:34系统使用内存:7922MB, 硬盘:204518MB
08-01 13:46:04,795778 [INFOR] [systemlog] 当前:2023-08-01 13:46:04系统使用内存:11482MB, 硬盘:204554MB
08-01 13:46:34,799831 [INFOR] [systemlog] 当前:2023-08-01 13:46:34系统使用内存:12813MB, 硬盘:204582MB
08-01 13:47:34,795228 [INFOR] [systemlog] 当前:2023-08-01 13:47:34系统使用内存:14719MB, 硬盘:204592MB
08-01 13:49:34,796111 [INFOR] [systemlog] 当前:2023-08-01 13:49:34系统使用内存:17190MB, 硬盘:204611MB
08-01 13:52:04,793670 [INFOR] [systemlog] 当前:2023-08-01 13:52:04系统使用内存:15110MB, 硬盘:204405MB
08-01 13:52:34,801171 [INFOR] [systemlog] 当前:2023-08-01 13:52:34系统使用内存:17164MB, 硬盘:204405MB
08-01 13:52:48,904639 [INFOR] [systemlog] 当前:2023-08-01 13:52:48已使用年度流量:60142MB、补充流量:0MB、每日流量:975MB、日任务数:69
08-01 13:53:34,795732 [INFOR] [systemlog] 当前:2023-08-01 13:53:34系统使用内存:8982MB, 硬盘:204545MB
08-01 13:54:34,797659 [INFOR] [systemlog] 当前:2023-08-01 13:54:34系统使用内存:4979MB, 硬盘:205078MB
08-01 13:55:31,000996 [INFOR] [systemlog] 当前:2023-08-01 13:55:30已使用年度流量:60542MB、补充流量:0MB、每日流量:1375MB、日任务数:70
08-01 14:12:56,230716 [INFOR] [systemlog] 当前:2023-08-01 14:12:56已使用年度流量:60942MB、补充流量:0MB、每日流量:1775MB、日任务数:71
08-01 14:14:51,706448 [INFOR] [systemlog] 当前:2023-08-01 14:14:51已使用年度流量:60953MB、补充流量:0MB、每日流量:1786MB、日任务数:72
08-01 14:16:59,106066 [INFOR] [systemlog] 当前:2023-08-01 14:16:59已使用年度流量:60953MB、补充流量:0MB、每日流量:1786MB、日任务数:73
08-01 14:50:20,718392 [INFOR] [systemlog] 当前:2023-08-01 14:50:20已使用年度流量:60954MB、补充流量:0MB、每日流量:1788MB、日任务数:74
08-01 14:50:30,951604 [INFOR] [systemlog] 当前:2023-08-01 14:50:30已使用年度流量:60956MB、补充流量:0MB、每日流量:1789MB、日任务数:75
08-01 14:51:04,801668 [INFOR] [systemlog] 当前:2023-08-01 14:51:04系统使用内存:6297MB, 硬盘:205940MB
08-01 14:51:34,799961 [INFOR] [systemlog] 当前:2023-08-01 14:51:34系统使用内存:7025MB, 硬盘:205985MB
08-01 14:52:04,799328 [INFOR] [systemlog] 当前:2023-08-01 14:52:04系统使用内存:8972MB, 硬盘:206005MB
08-01 14:52:34,796702 [INFOR] [systemlog] 当前:2023-08-01 14:52:34系统使用内存:6737MB, 硬盘:205933MB
08-01 14:53:34,807903 [INFOR] [systemlog] 当前:2023-08-01 14:53:34系统使用内存:5202MB, 硬盘:205927MB
08-01 15:58:38,769991 [INFOR] [systemlog] 当前:2023-08-01 15:58:38已使用年度流量:61010MB、补充流量:0MB、每日流量:1843MB、日任务数:76
08-01 16:00:34,799476 [INFOR] [systemlog] 当前:2023-08-01 16:00:34系统使用内存:5909MB, 硬盘:205195MB
08-01 16:01:04,796498 [INFOR] [systemlog] 当前:2023-08-01 16:01:04系统使用内存:6555MB, 硬盘:205467MB
08-01 16:04:04,796183 [INFOR] [systemlog] 当前:2023-08-01 16:04:04系统使用内存:7274MB, 硬盘:206352MB
08-01 16:05:04,809975 [INFOR] [systemlog] 当前:2023-08-01 16:05:04系统使用内存:8433MB, 硬盘:206362MB
08-01 16:11:04,796227 [INFOR] [systemlog] 当前:2023-08-01 16:11:04系统使用内存:5634MB, 硬盘:205196MB
08-01 17:43:00,796089 [INFOR] [systemlog] 当前:2023-08-01 17:43:00已使用年度流量:61030MB、补充流量:0MB、每日流量:1863MB、日任务数:77
08-01 18:02:28,958935 [INFOR] [systemlog] 当前:2023-08-01 18:02:28已使用年度流量:61051MB、补充流量:0MB、每日流量:1884MB、日任务数:78
08-01 18:48:09,229528 [INFOR] [systemlog] 当前:2023-08-01 18:48:09已使用年度流量:61053MB、补充流量:0MB、每日流量:1886MB、日任务数:79
08-01 18:48:42,246987 [INFOR] [systemlog] 当前:2023-08-01 18:48:42已使用年度流量:61055MB、补充流量:0MB、每日流量:1889MB、日任务数:80
08-01 18:49:41,698702 [INFOR] [systemlog] 当前:2023-08-01 18:49:41已使用年度流量:61055MB、补充流量:0MB、每日流量:1889MB、日任务数:81
08-01 18:50:49,115478 [INFOR] [systemlog] 当前:2023-08-01 18:50:49已使用年度流量:61058MB、补充流量:0MB、每日流量:1891MB、日任务数:82
08-01 18:50:50,413355 [INFOR] [systemlog] 当前:2023-08-01 18:50:50已使用年度流量:61058MB、补充流量:0MB、每日流量:1891MB、日任务数:83
08-01 18:50:51,855129 [INFOR] [systemlog] 当前:2023-08-01 18:50:51已使用年度流量:61058MB、补充流量:0MB、每日流量:1891MB、日任务数:84
08-01 18:50:54,258895 [INFOR] [systemlog] 当前:2023-08-01 18:50:54已使用年度流量:61058MB、补充流量:0MB、每日流量:1891MB、日任务数:85
