07-25 00:00:00,006552 [INFOR] [systemlog] 当前:2023-07-25 00:00:00系统刷新每日流量和日任务数
07-25 00:00:10,165475 [INFOR] [systemlog] 当前:2023-07-25 00:00:10系统使用内存:6115MB, 硬盘:179625MB
07-25 00:01:40,174824 [INFOR] [systemlog] 当前:2023-07-25 00:01:40系统使用内存:6730MB, 硬盘:179636MB
07-25 00:02:10,167032 [INFOR] [systemlog] 当前:2023-07-25 00:02:10系统使用内存:5978MB, 硬盘:179630MB
07-25 00:03:40,166212 [INFOR] [systemlog] 当前:2023-07-25 00:03:40系统使用内存:6716MB, 硬盘:179598MB
07-25 00:06:10,165688 [INFOR] [systemlog] 当前:2023-07-25 00:06:10系统使用内存:7649MB, 硬盘:179223MB
07-25 00:07:10,166270 [INFOR] [systemlog] 当前:2023-07-25 00:07:10系统使用内存:9672MB, 硬盘:179227MB
07-25 00:08:40,167397 [INFOR] [systemlog] 当前:2023-07-25 00:08:40系统使用内存:11641MB, 硬盘:179347MB
07-25 00:15:10,166182 [INFOR] [systemlog] 当前:2023-07-25 00:15:10系统使用内存:8458MB, 硬盘:179359MB
07-25 00:17:10,176644 [INFOR] [systemlog] 当前:2023-07-25 00:17:10系统使用内存:6083MB, 硬盘:179162MB
07-25 11:04:12,525639 [INFOR] [systemlog] 当前:2023-07-25 11:04:12已使用年度流量:54429MB、补充流量:0MB、每日流量:7MB、日任务数:1
07-25 11:54:18,699026 [INFOR] [systemlog] 当前:2023-07-25 11:54:18系统启动时间
07-25 11:54:18,718733 [INFOR] [systemlog] 当前:2023-07-25 11:54:18系统使用的内存:5670MB, 使用硬盘:179937MB
07-25 11:54:18,842037 [INFOR] [systemlog] 当前:2023-07-25 11:54:18已使用年度流量:54429MB、补充流量:0MB、每日流量:7MB、日任务数:1
07-25 11:54:18,846030 [INFOR] [systemlog] 当前:2023-07-25 11:54:18系统配额年度流量:71680000000MB、补充流量:0MB、每日流量:7168000MB、日任务数:1260
07-25 14:24:02,131118 [INFOR] [systemlog] 当前:2023-07-25 14:24:01系统启动时间
07-25 14:24:02,170503 [INFOR] [systemlog] 当前:2023-07-25 14:24:01系统使用的内存:5739MB, 使用硬盘:179959MB
07-25 14:24:02,320353 [INFOR] [systemlog] 当前:2023-07-25 14:24:01已使用年度流量:54429MB、补充流量:0MB、每日流量:7MB、日任务数:1
07-25 14:24:02,468785 [INFOR] [systemlog] 当前:2023-07-25 14:24:01系统配额年度流量:71680000000MB、补充流量:0MB、每日流量:7168000MB、日任务数:1260
07-25 14:35:15,220953 [INFOR] [systemlog] 当前:2023-07-25 14:35:15已使用年度流量:54432MB、补充流量:0MB、每日流量:10MB、日任务数:2
07-25 15:30:46,312252 [INFOR] [systemlog] 当前:2023-07-25 15:30:46已使用年度流量:54434MB、补充流量:0MB、每日流量:12MB、日任务数:3
07-25 15:34:31,857679 [INFOR] [systemlog] 当前:2023-07-25 15:34:31系统启动时间
07-25 15:34:31,884141 [INFOR] [systemlog] 当前:2023-07-25 15:34:31系统使用的内存:5644MB, 使用硬盘:179987MB
07-25 15:34:32,049271 [INFOR] [systemlog] 当前:2023-07-25 15:34:31已使用年度流量:54434MB、补充流量:0MB、每日流量:12MB、日任务数:3
07-25 15:34:32,053957 [INFOR] [systemlog] 当前:2023-07-25 15:34:31系统配额年度流量:71680000000MB、补充流量:0MB、每日流量:7168000MB、日任务数:1260
07-25 15:36:54,293663 [INFOR] [systemlog] 当前:2023-07-25 15:36:54系统启动时间
07-25 15:36:54,332356 [INFOR] [systemlog] 当前:2023-07-25 15:36:54系统使用的内存:5762MB, 使用硬盘:179989MB
07-25 15:36:54,464483 [INFOR] [systemlog] 当前:2023-07-25 15:36:54已使用年度流量:54434MB、补充流量:0MB、每日流量:12MB、日任务数:3
07-25 15:36:54,468586 [INFOR] [systemlog] 当前:2023-07-25 15:36:54系统配额年度流量:71680000000MB、补充流量:0MB、每日流量:7168000MB、日任务数:1260
07-25 15:48:15,056957 [INFOR] [systemlog] 当前:2023-07-25 15:48:15已使用年度流量:54436MB、补充流量:0MB、每日流量:15MB、日任务数:4
07-25 16:01:14,793490 [INFOR] [systemlog] 当前:2023-07-25 16:01:14已使用年度流量:54439MB、补充流量:0MB、每日流量:17MB、日任务数:5
07-25 16:17:25,572295 [INFOR] [systemlog] 当前:2023-07-25 16:17:25已使用年度流量:54439MB、补充流量:0MB、每日流量:17MB、日任务数:6
07-25 16:37:54,147962 [INFOR] [systemlog] 当前:2023-07-25 16:37:54系统启动时间
07-25 16:37:54,158215 [INFOR] [systemlog] 当前:2023-07-25 16:37:54系统使用的内存:6061MB, 使用硬盘:179841MB
07-25 16:37:54,273406 [INFOR] [systemlog] 当前:2023-07-25 16:37:54已使用年度流量:54439MB、补充流量:0MB、每日流量:17MB、日任务数:6
07-25 16:37:54,277167 [INFOR] [systemlog] 当前:2023-07-25 16:37:54系统配额年度流量:71680000000MB、补充流量:0MB、每日流量:7168000MB、日任务数:1260
07-25 16:39:05,490946 [INFOR] [systemlog] 当前:2023-07-25 16:39:05系统启动时间
07-25 16:39:05,501610 [INFOR] [systemlog] 当前:2023-07-25 16:39:05系统使用的内存:6063MB, 使用硬盘:179841MB
07-25 16:39:05,636693 [INFOR] [systemlog] 当前:2023-07-25 16:39:05已使用年度流量:54439MB、补充流量:0MB、每日流量:17MB、日任务数:6
07-25 16:39:05,641620 [INFOR] [systemlog] 当前:2023-07-25 16:39:05系统配额年度流量:71680000000MB、补充流量:0MB、每日流量:7168000MB、日任务数:1260
07-25 16:40:04,548332 [INFOR] [systemlog] 当前:2023-07-25 16:40:04系统启动时间
07-25 16:40:04,559360 [INFOR] [systemlog] 当前:2023-07-25 16:40:04系统使用的内存:6062MB, 使用硬盘:179841MB
07-25 16:40:04,679787 [INFOR] [systemlog] 当前:2023-07-25 16:40:04已使用年度流量:54439MB、补充流量:0MB、每日流量:17MB、日任务数:6
07-25 16:40:04,684521 [INFOR] [systemlog] 当前:2023-07-25 16:40:04系统配额年度流量:71680000000MB、补充流量:0MB、每日流量:7168000MB、日任务数:1260
07-25 16:40:55,314534 [INFOR] [systemlog] 当前:2023-07-25 16:40:55系统启动时间
07-25 16:40:55,326679 [INFOR] [systemlog] 当前:2023-07-25 16:40:55系统使用的内存:6060MB, 使用硬盘:179841MB
07-25 16:40:55,449585 [INFOR] [systemlog] 当前:2023-07-25 16:40:55已使用年度流量:54439MB、补充流量:0MB、每日流量:17MB、日任务数:6
07-25 16:40:55,455532 [INFOR] [systemlog] 当前:2023-07-25 16:40:55系统配额年度流量:71680000000MB、补充流量:0MB、每日流量:7168000MB、日任务数:1260
07-25 16:41:40,132260 [INFOR] [systemlog] 当前:2023-07-25 16:41:39系统启动时间
07-25 16:41:40,169498 [INFOR] [systemlog] 当前:2023-07-25 16:41:39系统使用的内存:5444MB, 使用硬盘:179842MB
07-25 16:41:40,304572 [INFOR] [systemlog] 当前:2023-07-25 16:41:39已使用年度流量:54439MB、补充流量:0MB、每日流量:17MB、日任务数:6
07-25 16:41:40,310296 [INFOR] [systemlog] 当前:2023-07-25 16:41:39系统配额年度流量:71680000000MB、补充流量:0MB、每日流量:7168000MB、日任务数:1260
07-25 16:43:56,816728 [INFOR] [systemlog] 当前:2023-07-25 16:43:56系统启动时间
07-25 16:43:56,831168 [INFOR] [systemlog] 当前:2023-07-25 16:43:56系统使用的内存:5930MB, 使用硬盘:179842MB
07-25 16:43:56,950970 [INFOR] [systemlog] 当前:2023-07-25 16:43:56已使用年度流量:54439MB、补充流量:0MB、每日流量:17MB、日任务数:6
07-25 16:43:56,955835 [INFOR] [systemlog] 当前:2023-07-25 16:43:56系统配额年度流量:71680000000MB、补充流量:0MB、每日流量:7168000MB、日任务数:1260
07-25 16:44:53,251773 [INFOR] [systemlog] 当前:2023-07-25 16:44:53系统启动时间
07-25 16:44:53,263762 [INFOR] [systemlog] 当前:2023-07-25 16:44:53系统使用的内存:5910MB, 使用硬盘:179842MB
07-25 16:44:53,383896 [INFOR] [systemlog] 当前:2023-07-25 16:44:53已使用年度流量:54439MB、补充流量:0MB、每日流量:17MB、日任务数:6
07-25 16:44:53,388758 [INFOR] [systemlog] 当前:2023-07-25 16:44:53系统配额年度流量:71680000000MB、补充流量:0MB、每日流量:7168000MB、日任务数:1260
07-25 16:45:34,679858 [INFOR] [systemlog] 当前:2023-07-25 16:45:34系统启动时间
07-25 16:45:34,713918 [INFOR] [systemlog] 当前:2023-07-25 16:45:34系统使用的内存:5585MB, 使用硬盘:179842MB
07-25 16:45:34,855632 [INFOR] [systemlog] 当前:2023-07-25 16:45:34已使用年度流量:54439MB、补充流量:0MB、每日流量:17MB、日任务数:6
07-25 16:45:34,860334 [INFOR] [systemlog] 当前:2023-07-25 16:45:34系统配额年度流量:71680000000MB、补充流量:0MB、每日流量:7168000MB、日任务数:1260
07-25 18:16:36,367132 [INFOR] [systemlog] 当前:2023-07-25 18:16:36已使用年度流量:54441MB、补充流量:0MB、每日流量:19MB、日任务数:7
07-25 18:22:12,857747 [INFOR] [systemlog] 当前:2023-07-25 18:22:12已使用年度流量:54443MB、补充流量:0MB、每日流量:21MB、日任务数:8
07-25 18:29:56,430346 [INFOR] [systemlog] 当前:2023-07-25 18:29:56已使用年度流量:54445MB、补充流量:0MB、每日流量:23MB、日任务数:9
07-25 19:24:05,048395 [INFOR] [systemlog] 当前:2023-07-25 19:24:05已使用年度流量:54447MB、补充流量:0MB、每日流量:26MB、日任务数:10
07-25 19:25:03,874478 [INFOR] [systemlog] 当前:2023-07-25 19:25:03系统使用内存:6308MB, 硬盘:181378MB
07-25 19:25:33,884550 [INFOR] [systemlog] 当前:2023-07-25 19:25:33系统使用内存:8378MB, 硬盘:181413MB
07-25 19:26:33,879501 [INFOR] [systemlog] 当前:2023-07-25 19:26:33系统使用内存:7262MB, 硬盘:181444MB
07-25 19:28:03,885321 [INFOR] [systemlog] 当前:2023-07-25 19:28:03系统使用内存:8038MB, 硬盘:181455MB
07-25 19:28:33,881401 [INFOR] [systemlog] 当前:2023-07-25 19:28:33系统使用内存:9307MB, 硬盘:181471MB
07-25 19:30:03,880435 [INFOR] [systemlog] 当前:2023-07-25 19:30:03系统使用内存:11574MB, 硬盘:181502MB
07-25 19:30:34,173715 [INFOR] [systemlog] 当前:2023-07-25 19:30:34系统使用内存:13794MB, 硬盘:181476MB
07-25 19:33:03,875072 [INFOR] [systemlog] 当前:2023-07-25 19:33:03系统使用内存:15182MB, 硬盘:181442MB
07-25 19:37:03,876053 [INFOR] [systemlog] 当前:2023-07-25 19:37:03系统使用内存:11553MB, 硬盘:181435MB
07-25 19:37:33,874005 [INFOR] [systemlog] 当前:2023-07-25 19:37:33系统使用内存:7601MB, 硬盘:181435MB
07-25 19:39:33,882325 [INFOR] [systemlog] 当前:2023-07-25 19:39:33系统使用内存:6011MB, 硬盘:181421MB
07-25 19:48:26,134637 [INFOR] [systemlog] 当前:2023-07-25 19:48:26已使用年度流量:54449MB、补充流量:0MB、每日流量:28MB、日任务数:11
07-25 20:05:33,878852 [INFOR] [systemlog] 当前:2023-07-25 20:05:33系统使用内存:6767MB, 硬盘:181446MB
07-25 20:06:03,873827 [INFOR] [systemlog] 当前:2023-07-25 20:06:03系统使用内存:6062MB, 硬盘:181437MB
07-25 20:15:33,654339 [INFOR] [systemlog] 当前:2023-07-25 20:15:33已使用年度流量:54454MB、补充流量:0MB、每日流量:33MB、日任务数:12
07-25 20:17:21,823676 [INFOR] [systemlog] 当前:2023-07-25 20:17:21已使用年度流量:54457MB、补充流量:0MB、每日流量:35MB、日任务数:13
07-25 20:31:44,488202 [INFOR] [systemlog] 当前:2023-07-25 20:31:44系统启动时间
07-25 20:31:44,538310 [INFOR] [systemlog] 当前:2023-07-25 20:31:44系统使用的内存:5620MB, 使用硬盘:181489MB
07-25 20:31:44,684539 [INFOR] [systemlog] 当前:2023-07-25 20:31:44已使用年度流量:54457MB、补充流量:0MB、每日流量:35MB、日任务数:13
07-25 20:31:44,718544 [INFOR] [systemlog] 当前:2023-07-25 20:31:44系统配额年度流量:71680000000MB、补充流量:0MB、每日流量:7168000MB、日任务数:1260
07-25 20:56:14,807998 [INFOR] [systemlog] 当前:2023-07-25 20:56:14已使用年度流量:54457MB、补充流量:0MB、每日流量:35MB、日任务数:14
07-25 20:56:15,890173 [INFOR] [systemlog] 当前:2023-07-25 20:56:15已使用年度流量:54459MB、补充流量:0MB、每日流量:37MB、日任务数:15
07-25 20:56:16,909317 [INFOR] [systemlog] 当前:2023-07-25 20:56:16已使用年度流量:54459MB、补充流量:0MB、每日流量:37MB、日任务数:16
07-25 20:56:18,984877 [INFOR] [systemlog] 当前:2023-07-25 20:56:18已使用年度流量:54472MB、补充流量:0MB、每日流量:50MB、日任务数:17
07-25 20:56:20,268832 [INFOR] [systemlog] 当前:2023-07-25 20:56:20已使用年度流量:54476MB、补充流量:0MB、每日流量:54MB、日任务数:18
07-25 20:56:21,851113 [INFOR] [systemlog] 当前:2023-07-25 20:56:21已使用年度流量:54487MB、补充流量:0MB、每日流量:65MB、日任务数:19
07-25 20:56:22,857753 [INFOR] [systemlog] 当前:2023-07-25 20:56:22已使用年度流量:54487MB、补充流量:0MB、每日流量:65MB、日任务数:20
07-25 20:56:23,930076 [INFOR] [systemlog] 当前:2023-07-25 20:56:23已使用年度流量:54489MB、补充流量:0MB、每日流量:67MB、日任务数:21
07-25 20:56:24,974219 [INFOR] [systemlog] 当前:2023-07-25 20:56:24已使用年度流量:54490MB、补充流量:0MB、每日流量:68MB、日任务数:22
07-25 20:56:26,366632 [INFOR] [systemlog] 当前:2023-07-25 20:56:26已使用年度流量:54499MB、补充流量:0MB、每日流量:77MB、日任务数:23
07-25 20:56:29,154379 [INFOR] [systemlog] 当前:2023-07-25 20:56:29已使用年度流量:54527MB、补充流量:0MB、每日流量:106MB、日任务数:24
07-25 20:56:30,424697 [INFOR] [systemlog] 当前:2023-07-25 20:56:30已使用年度流量:54534MB、补充流量:0MB、每日流量:113MB、日任务数:25
07-25 20:56:31,577145 [INFOR] [systemlog] 当前:2023-07-25 20:56:31已使用年度流量:54538MB、补充流量:0MB、每日流量:116MB、日任务数:26
07-25 20:56:32,700748 [INFOR] [systemlog] 当前:2023-07-25 20:56:32已使用年度流量:54541MB、补充流量:0MB、每日流量:119MB、日任务数:27
07-25 20:56:34,131427 [INFOR] [systemlog] 当前:2023-07-25 20:56:34已使用年度流量:54548MB、补充流量:0MB、每日流量:126MB、日任务数:28
07-25 20:56:35,115076 [INFOR] [systemlog] 当前:2023-07-25 20:56:35已使用年度流量:54548MB、补充流量:0MB、每日流量:126MB、日任务数:29
07-25 20:56:36,565658 [INFOR] [systemlog] 当前:2023-07-25 20:56:36已使用年度流量:54556MB、补充流量:0MB、每日流量:134MB、日任务数:30
07-25 20:56:37,827052 [INFOR] [systemlog] 当前:2023-07-25 20:56:37已使用年度流量:54561MB、补充流量:0MB、每日流量:139MB、日任务数:31
07-25 20:56:38,823850 [INFOR] [systemlog] 当前:2023-07-25 20:56:38已使用年度流量:54561MB、补充流量:0MB、每日流量:139MB、日任务数:32
07-25 20:56:40,100016 [INFOR] [systemlog] 当前:2023-07-25 20:56:40已使用年度流量:54566MB、补充流量:0MB、每日流量:144MB、日任务数:33
07-25 20:56:41,104911 [INFOR] [systemlog] 当前:2023-07-25 20:56:41已使用年度流量:54566MB、补充流量:0MB、每日流量:144MB、日任务数:34
07-25 20:56:46,119069 [INFOR] [systemlog] 当前:2023-07-25 20:56:46已使用年度流量:54649MB、补充流量:0MB、每日流量:227MB、日任务数:35
07-25 20:56:47,490870 [INFOR] [systemlog] 当前:2023-07-25 20:56:47已使用年度流量:54656MB、补充流量:0MB、每日流量:234MB、日任务数:36
07-25 20:56:48,633007 [INFOR] [systemlog] 当前:2023-07-25 20:56:48已使用年度流量:54659MB、补充流量:0MB、每日流量:237MB、日任务数:37
07-25 20:56:49,863467 [INFOR] [systemlog] 当前:2023-07-25 20:56:49已使用年度流量:54662MB、补充流量:0MB、每日流量:240MB、日任务数:38
07-25 20:57:13,744078 [INFOR] [systemlog] 当前:2023-07-25 20:57:13系统使用内存:6438MB, 硬盘:181077MB
07-25 20:57:43,755648 [INFOR] [systemlog] 当前:2023-07-25 20:57:43系统使用内存:7866MB, 硬盘:181110MB
07-25 20:58:43,745510 [INFOR] [systemlog] 当前:2023-07-25 20:58:43系统使用内存:6646MB, 硬盘:181144MB
07-25 21:00:00,189258 [INFOR] [systemlog] 当前:2023-07-25 21:00:00已使用年度流量:54684MB、补充流量:0MB、每日流量:262MB、日任务数:39
07-25 21:00:15,198881 [INFOR] [systemlog] 当前:2023-07-25 21:00:15已使用年度流量:54700MB、补充流量:0MB、每日流量:278MB、日任务数:40
07-25 21:00:22,316730 [INFOR] [systemlog] 当前:2023-07-25 21:00:22已使用年度流量:54700MB、补充流量:0MB、每日流量:278MB、日任务数:41
07-25 21:00:23,530040 [INFOR] [systemlog] 当前:2023-07-25 21:00:23已使用年度流量:54700MB、补充流量:0MB、每日流量:278MB、日任务数:42
07-25 21:00:24,796494 [INFOR] [systemlog] 当前:2023-07-25 21:00:24已使用年度流量:54700MB、补充流量:0MB、每日流量:279MB、日任务数:43
07-25 21:00:26,163336 [INFOR] [systemlog] 当前:2023-07-25 21:00:26已使用年度流量:54701MB、补充流量:0MB、每日流量:279MB、日任务数:44
07-25 21:00:27,182521 [INFOR] [systemlog] 当前:2023-07-25 21:00:27已使用年度流量:54701MB、补充流量:0MB、每日流量:279MB、日任务数:45
07-25 21:00:28,977952 [INFOR] [systemlog] 当前:2023-07-25 21:00:28已使用年度流量:54702MB、补充流量:0MB、每日流量:280MB、日任务数:46
07-25 21:00:30,050900 [INFOR] [systemlog] 当前:2023-07-25 21:00:30已使用年度流量:54702MB、补充流量:0MB、每日流量:280MB、日任务数:47
07-25 21:00:31,317275 [INFOR] [systemlog] 当前:2023-07-25 21:00:31已使用年度流量:54702MB、补充流量:0MB、每日流量:280MB、日任务数:48
07-25 21:00:32,725592 [INFOR] [systemlog] 当前:2023-07-25 21:00:32已使用年度流量:54702MB、补充流量:0MB、每日流量:280MB、日任务数:49
07-25 21:01:43,756212 [INFOR] [systemlog] 当前:2023-07-25 21:01:43系统使用内存:7860MB, 硬盘:181318MB
07-25 21:02:13,752501 [INFOR] [systemlog] 当前:2023-07-25 21:02:13系统使用内存:6971MB, 硬盘:181331MB
07-25 21:02:43,747064 [INFOR] [systemlog] 当前:2023-07-25 21:02:43系统使用内存:8896MB, 硬盘:181340MB
07-25 21:03:13,747705 [INFOR] [systemlog] 当前:2023-07-25 21:03:13系统使用内存:7519MB, 硬盘:181285MB
07-25 21:03:43,742219 [INFOR] [systemlog] 当前:2023-07-25 21:03:43系统使用内存:6473MB, 硬盘:181287MB
07-25 21:04:43,744279 [INFOR] [systemlog] 当前:2023-07-25 21:04:43系统使用内存:7145MB, 硬盘:181318MB
07-25 21:07:43,755091 [INFOR] [systemlog] 当前:2023-07-25 21:07:43系统使用内存:8445MB, 硬盘:181406MB
07-25 21:10:13,743202 [INFOR] [systemlog] 当前:2023-07-25 21:10:13系统使用内存:9628MB, 硬盘:181395MB
07-25 21:10:43,748384 [INFOR] [systemlog] 当前:2023-07-25 21:10:43系统使用内存:11653MB, 硬盘:181431MB
07-25 21:11:13,827954 [INFOR] [systemlog] 当前:2023-07-25 21:11:13系统使用内存:14722MB, 硬盘:181458MB
07-25 21:17:43,747547 [INFOR] [systemlog] 当前:2023-07-25 21:17:43系统使用内存:10457MB, 硬盘:181558MB
07-25 21:20:13,761137 [INFOR] [systemlog] 当前:2023-07-25 21:20:13系统使用内存:6801MB, 硬盘:181556MB
07-25 21:20:43,749686 [INFOR] [systemlog] 当前:2023-07-25 21:20:43系统使用内存:7688MB, 硬盘:181582MB
07-25 21:23:43,749908 [INFOR] [systemlog] 当前:2023-07-25 21:23:43系统使用内存:9054MB, 硬盘:181684MB
07-25 21:24:13,744783 [INFOR] [systemlog] 当前:2023-07-25 21:24:13系统使用内存:8034MB, 硬盘:181641MB
07-25 21:25:13,749018 [INFOR] [systemlog] 当前:2023-07-25 21:25:13系统使用内存:9621MB, 硬盘:181646MB
07-25 21:26:13,744889 [INFOR] [systemlog] 当前:2023-07-25 21:26:13系统使用内存:10652MB, 硬盘:181668MB
07-25 21:29:13,746785 [INFOR] [systemlog] 当前:2023-07-25 21:29:13系统使用内存:12167MB, 硬盘:181726MB
07-25 21:30:43,746986 [INFOR] [systemlog] 当前:2023-07-25 21:30:43系统使用内存:9754MB, 硬盘:181718MB
07-25 21:31:13,742029 [INFOR] [systemlog] 当前:2023-07-25 21:31:13系统使用内存:8069MB, 硬盘:181682MB
07-25 21:31:43,751135 [INFOR] [systemlog] 当前:2023-07-25 21:31:43系统使用内存:10335MB, 硬盘:181694MB
07-25 21:32:43,742623 [INFOR] [systemlog] 当前:2023-07-25 21:32:43系统使用内存:11521MB, 硬盘:181714MB
07-25 21:34:43,742352 [INFOR] [systemlog] 当前:2023-07-25 21:34:43系统使用内存:10340MB, 硬盘:181693MB
07-25 21:35:43,743529 [INFOR] [systemlog] 当前:2023-07-25 21:35:43系统使用内存:11490MB, 硬盘:181720MB
07-25 21:37:43,745260 [INFOR] [systemlog] 当前:2023-07-25 21:37:43系统使用内存:7677MB, 硬盘:181709MB
07-25 21:38:13,742031 [INFOR] [systemlog] 当前:2023-07-25 21:38:13系统使用内存:6438MB, 硬盘:181706MB
07-25 21:41:43,756392 [INFOR] [systemlog] 当前:2023-07-25 21:41:43系统使用内存:8881MB, 硬盘:181879MB
07-25 21:42:43,746502 [INFOR] [systemlog] 当前:2023-07-25 21:42:43系统使用内存:6520MB, 硬盘:181737MB
07-25 21:46:13,754319 [INFOR] [systemlog] 当前:2023-07-25 21:46:13系统使用内存:7578MB, 硬盘:181772MB
07-25 21:46:43,751378 [INFOR] [systemlog] 当前:2023-07-25 21:46:43系统使用内存:10143MB, 硬盘:181801MB
07-25 21:47:13,743337 [INFOR] [systemlog] 当前:2023-07-25 21:47:13系统使用内存:8286MB, 硬盘:181773MB
07-25 21:47:43,748444 [INFOR] [systemlog] 当前:2023-07-25 21:47:43系统使用内存:9573MB, 硬盘:181750MB
07-25 21:48:43,743576 [INFOR] [systemlog] 当前:2023-07-25 21:48:43系统使用内存:16353MB, 硬盘:181723MB
07-25 21:50:43,747752 [INFOR] [systemlog] 当前:2023-07-25 21:50:43系统使用内存:18120MB, 硬盘:181750MB
07-25 21:53:18,270899 [INFOR] [systemlog] 当前:2023-07-25 21:53:18系统使用内存:20878MB, 硬盘:181802MB
07-25 21:53:49,280600 [INFOR] [systemlog] 当前:2023-07-25 21:53:49系统使用内存:24996MB, 硬盘:181779MB
07-25 21:56:43,751599 [INFOR] [systemlog] 当前:2023-07-25 21:56:43系统使用内存:18505MB, 硬盘:181763MB
07-25 21:57:43,742052 [INFOR] [systemlog] 当前:2023-07-25 21:57:43系统使用内存:14407MB, 硬盘:181768MB
07-25 22:02:43,749436 [INFOR] [systemlog] 当前:2023-07-25 22:02:43系统使用内存:6247MB, 硬盘:181933MB
07-25 22:06:13,750006 [INFOR] [systemlog] 当前:2023-07-25 22:06:13系统使用内存:7188MB, 硬盘:182003MB
07-25 22:06:43,751128 [INFOR] [systemlog] 当前:2023-07-25 22:06:43系统使用内存:8260MB, 硬盘:182040MB
07-25 22:07:13,743042 [INFOR] [systemlog] 当前:2023-07-25 22:07:13系统使用内存:6405MB, 硬盘:181959MB
07-25 22:14:13,769520 [INFOR] [systemlog] 当前:2023-07-25 22:14:13系统使用内存:7648MB, 硬盘:184293MB
07-25 22:14:43,753250 [INFOR] [systemlog] 当前:2023-07-25 22:14:43系统使用内存:6551MB, 硬盘:184295MB
07-25 22:18:13,741605 [INFOR] [systemlog] 当前:2023-07-25 22:18:13系统使用内存:7324MB, 硬盘:184327MB
07-25 22:19:13,742968 [INFOR] [systemlog] 当前:2023-07-25 22:19:13系统使用内存:6486MB, 硬盘:184317MB
07-25 22:24:43,742307 [INFOR] [systemlog] 当前:2023-07-25 22:24:43系统使用内存:7284MB, 硬盘:184289MB
07-25 22:25:13,743018 [INFOR] [systemlog] 当前:2023-07-25 22:25:13系统使用内存:10751MB, 硬盘:184294MB
07-25 22:30:13,743254 [INFOR] [systemlog] 当前:2023-07-25 22:30:13系统使用内存:7443MB, 硬盘:184320MB
07-25 22:31:43,747259 [INFOR] [systemlog] 当前:2023-07-25 22:31:43系统使用内存:9130MB, 硬盘:184371MB
07-25 22:32:13,741737 [INFOR] [systemlog] 当前:2023-07-25 22:32:13系统使用内存:11566MB, 硬盘:184351MB
07-25 22:34:13,756714 [INFOR] [systemlog] 当前:2023-07-25 22:34:13系统使用内存:15198MB, 硬盘:184330MB
07-25 22:34:43,743843 [INFOR] [systemlog] 当前:2023-07-25 22:34:43系统使用内存:18266MB, 硬盘:184391MB
07-25 22:38:13,741752 [INFOR] [systemlog] 当前:2023-07-25 22:38:13系统使用内存:20926MB, 硬盘:184398MB
07-25 22:41:43,742300 [INFOR] [systemlog] 当前:2023-07-25 22:41:43系统使用内存:18686MB, 硬盘:184350MB
07-25 22:43:13,742085 [INFOR] [systemlog] 当前:2023-07-25 22:43:13系统使用内存:14549MB, 硬盘:184351MB
07-25 22:43:43,754112 [INFOR] [systemlog] 当前:2023-07-25 22:43:43系统使用内存:10454MB, 硬盘:184324MB
07-25 22:45:43,750224 [INFOR] [systemlog] 当前:2023-07-25 22:45:43系统使用内存:11734MB, 硬盘:184226MB
07-25 22:46:13,746887 [INFOR] [systemlog] 当前:2023-07-25 22:46:13系统使用内存:8934MB, 硬盘:184214MB
07-25 22:46:43,744081 [INFOR] [systemlog] 当前:2023-07-25 22:46:43系统使用内存:7485MB, 硬盘:184206MB
07-25 22:47:13,749688 [INFOR] [systemlog] 当前:2023-07-25 22:47:13系统使用内存:6406MB, 硬盘:184199MB
07-25 22:47:43,742794 [INFOR] [systemlog] 当前:2023-07-25 22:47:43系统使用内存:7880MB, 硬盘:184235MB
07-25 22:48:13,747684 [INFOR] [systemlog] 当前:2023-07-25 22:48:13系统使用内存:10639MB, 硬盘:184233MB
07-25 22:48:43,750700 [INFOR] [systemlog] 当前:2023-07-25 22:48:43系统使用内存:15480MB, 硬盘:184254MB
07-25 22:49:13,741995 [INFOR] [systemlog] 当前:2023-07-25 22:49:13系统使用内存:20432MB, 硬盘:184229MB
07-25 22:49:43,743681 [INFOR] [systemlog] 当前:2023-07-25 22:49:43系统使用内存:23140MB, 硬盘:184240MB
07-25 22:55:48,812608 [INFOR] [systemlog] 当前:2023-07-25 22:55:48系统使用内存:26490MB, 硬盘:184251MB
07-25 22:57:13,745707 [INFOR] [systemlog] 当前:2023-07-25 22:57:13系统使用内存:22718MB, 硬盘:184233MB
07-25 22:57:43,745981 [INFOR] [systemlog] 当前:2023-07-25 22:57:43系统使用内存:19336MB, 硬盘:184234MB
07-25 22:58:13,741728 [INFOR] [systemlog] 当前:2023-07-25 22:58:13系统使用内存:10931MB, 硬盘:184219MB
07-25 22:58:43,741805 [INFOR] [systemlog] 当前:2023-07-25 22:58:43系统使用内存:14575MB, 硬盘:184220MB
07-25 23:00:43,743242 [INFOR] [systemlog] 当前:2023-07-25 23:00:43系统使用内存:12202MB, 硬盘:184228MB
07-25 23:01:13,742858 [INFOR] [systemlog] 当前:2023-07-25 23:01:13系统使用内存:10441MB, 硬盘:184229MB
07-25 23:02:43,742301 [INFOR] [systemlog] 当前:2023-07-25 23:02:43系统使用内存:12106MB, 硬盘:184237MB
07-25 23:03:13,741760 [INFOR] [systemlog] 当前:2023-07-25 23:03:13系统使用内存:7128MB, 硬盘:184215MB
07-25 23:03:43,741724 [INFOR] [systemlog] 当前:2023-07-25 23:03:43系统使用内存:6315MB, 硬盘:184209MB
07-25 23:06:13,745860 [INFOR] [systemlog] 当前:2023-07-25 23:06:13系统使用内存:8307MB, 硬盘:184245MB
07-25 23:06:43,742996 [INFOR] [systemlog] 当前:2023-07-25 23:06:43系统使用内存:10036MB, 硬盘:184250MB
07-25 23:07:13,741358 [INFOR] [systemlog] 当前:2023-07-25 23:07:13系统使用内存:14358MB, 硬盘:184235MB
07-25 23:08:43,742732 [INFOR] [systemlog] 当前:2023-07-25 23:08:43系统使用内存:16859MB, 硬盘:184252MB
07-25 23:09:13,745963 [INFOR] [systemlog] 当前:2023-07-25 23:09:13系统使用内存:14791MB, 硬盘:184238MB
07-25 23:12:13,744270 [INFOR] [systemlog] 当前:2023-07-25 23:12:13系统使用内存:16330MB, 硬盘:184277MB
07-25 23:12:43,742101 [INFOR] [systemlog] 当前:2023-07-25 23:12:43系统使用内存:13209MB, 硬盘:184270MB
07-25 23:13:13,741941 [INFOR] [systemlog] 当前:2023-07-25 23:13:13系统使用内存:10507MB, 硬盘:184233MB
07-25 23:13:43,744887 [INFOR] [systemlog] 当前:2023-07-25 23:13:43系统使用内存:12800MB, 硬盘:184248MB
07-25 23:14:13,749203 [INFOR] [systemlog] 当前:2023-07-25 23:14:13系统使用内存:10831MB, 硬盘:184235MB
07-25 23:17:13,746002 [INFOR] [systemlog] 当前:2023-07-25 23:17:13系统使用内存:15097MB, 硬盘:184259MB
07-25 23:17:43,744796 [INFOR] [systemlog] 当前:2023-07-25 23:17:43系统使用内存:11938MB, 硬盘:184268MB
07-25 23:18:13,761104 [INFOR] [systemlog] 当前:2023-07-25 23:18:13系统使用内存:13854MB, 硬盘:184272MB
07-25 23:18:43,744319 [INFOR] [systemlog] 当前:2023-07-25 23:18:43系统使用内存:18492MB, 硬盘:184272MB
07-25 23:20:43,744236 [INFOR] [systemlog] 当前:2023-07-25 23:20:43系统使用内存:23413MB, 硬盘:184443MB
07-25 23:22:43,751412 [INFOR] [systemlog] 当前:2023-07-25 23:22:43系统使用内存:20301MB, 硬盘:184569MB
07-25 23:27:13,742974 [INFOR] [systemlog] 当前:2023-07-25 23:27:13系统使用内存:25156MB, 硬盘:184706MB
07-25 23:27:43,743494 [INFOR] [systemlog] 当前:2023-07-25 23:27:43系统使用内存:22178MB, 硬盘:184700MB
07-25 23:28:13,751873 [INFOR] [systemlog] 当前:2023-07-25 23:28:13系统使用内存:19116MB, 硬盘:184709MB
07-25 23:29:13,751268 [INFOR] [systemlog] 当前:2023-07-25 23:29:13系统使用内存:15094MB, 硬盘:184711MB
07-25 23:30:43,743425 [INFOR] [systemlog] 当前:2023-07-25 23:30:43系统使用内存:10486MB, 硬盘:184711MB
07-25 23:31:13,742899 [INFOR] [systemlog] 当前:2023-07-25 23:31:13系统使用内存:6838MB, 硬盘:184459MB
07-25 23:32:43,745207 [INFOR] [systemlog] 当前:2023-07-25 23:32:43系统使用内存:7777MB, 硬盘:184587MB
07-25 23:33:13,749406 [INFOR] [systemlog] 当前:2023-07-25 23:33:13系统使用内存:8714MB, 硬盘:184607MB
07-25 23:33:43,746728 [INFOR] [systemlog] 当前:2023-07-25 23:33:43系统使用内存:7520MB, 硬盘:184565MB
07-25 23:34:13,746256 [INFOR] [systemlog] 当前:2023-07-25 23:34:13系统使用内存:10756MB, 硬盘:184561MB
07-25 23:38:43,749770 [INFOR] [systemlog] 当前:2023-07-25 23:38:43系统使用内存:12843MB, 硬盘:184595MB
07-25 23:42:13,752176 [INFOR] [systemlog] 当前:2023-07-25 23:42:13系统使用内存:9207MB, 硬盘:184590MB
07-25 23:46:13,744496 [INFOR] [systemlog] 当前:2023-07-25 23:46:13系统使用内存:10553MB, 硬盘:184590MB
07-25 23:47:43,744245 [INFOR] [systemlog] 当前:2023-07-25 23:47:43系统使用内存:8278MB, 硬盘:184601MB
07-25 23:48:13,743837 [INFOR] [systemlog] 当前:2023-07-25 23:48:13系统使用内存:10204MB, 硬盘:184579MB
07-25 23:48:43,744662 [INFOR] [systemlog] 当前:2023-07-25 23:48:43系统使用内存:6454MB, 硬盘:184573MB
07-25 23:51:13,742072 [INFOR] [systemlog] 当前:2023-07-25 23:51:13系统使用内存:7629MB, 硬盘:184581MB
07-25 23:51:43,753131 [INFOR] [systemlog] 当前:2023-07-25 23:51:43系统使用内存:6340MB, 硬盘:184582MB
07-25 23:52:13,747452 [INFOR] [systemlog] 当前:2023-07-25 23:52:13系统使用内存:7416MB, 硬盘:184605MB
07-25 23:52:43,745868 [INFOR] [systemlog] 当前:2023-07-25 23:52:43系统使用内存:8729MB, 硬盘:184592MB

