07-28 00:00:00,007900 [INFOR] [systemlog] 当前:2023-07-28 00:00:00系统刷新每日流量和日任务数
07-28 09:46:51,328984 [INFOR] [systemlog] 当前:2023-07-28 09:46:51系统使用内存:6793MB, 硬盘:193915MB
07-28 09:53:21,331166 [INFOR] [systemlog] 当前:2023-07-28 09:53:21系统使用内存:6114MB, 硬盘:193914MB
07-28 10:04:15,856670 [INFOR] [systemlog] 当前:2023-07-28 10:04:15已使用年度流量:57853MB、补充流量:0MB、每日流量:11MB、日任务数:1
07-28 10:25:30,838058 [INFOR] [systemlog] 当前:2023-07-28 10:25:30已使用年度流量:57875MB、补充流量:0MB、每日流量:32MB、日任务数:2
07-28 10:25:36,811533 [INFOR] [systemlog] 当前:2023-07-28 10:25:36已使用年度流量:57891MB、补充流量:0MB、每日流量:49MB、日任务数:3
07-28 10:25:37,612793 [INFOR] [systemlog] 当前:2023-07-28 10:25:37已使用年度流量:57891MB、补充流量:0MB、每日流量:49MB、日任务数:4
07-28 10:25:38,443980 [INFOR] [systemlog] 当前:2023-07-28 10:25:38已使用年度流量:57891MB、补充流量:0MB、每日流量:49MB、日任务数:5
07-28 10:25:39,216029 [INFOR] [systemlog] 当前:2023-07-28 10:25:39已使用年度流量:57892MB、补充流量:0MB、每日流量:49MB、日任务数:6
07-28 10:25:40,034851 [INFOR] [systemlog] 当前:2023-07-28 10:25:40已使用年度流量:57892MB、补充流量:0MB、每日流量:49MB、日任务数:7
07-28 10:25:40,918068 [INFOR] [systemlog] 当前:2023-07-28 10:25:40已使用年度流量:57892MB、补充流量:0MB、每日流量:50MB、日任务数:8
07-28 10:25:41,871116 [INFOR] [systemlog] 当前:2023-07-28 10:25:41已使用年度流量:57893MB、补充流量:0MB、每日流量:50MB、日任务数:9
07-28 10:25:42,591718 [INFOR] [systemlog] 当前:2023-07-28 10:25:42已使用年度流量:57893MB、补充流量:0MB、每日流量:50MB、日任务数:10
07-28 10:25:43,288208 [INFOR] [systemlog] 当前:2023-07-28 10:25:43已使用年度流量:57893MB、补充流量:0MB、每日流量:50MB、日任务数:11
07-28 10:25:44,020131 [INFOR] [systemlog] 当前:2023-07-28 10:25:44已使用年度流量:57893MB、补充流量:0MB、每日流量:50MB、日任务数:12
07-28 10:26:21,323611 [INFOR] [systemlog] 当前:2023-07-28 10:26:21系统使用内存:6798MB, 硬盘:193983MB
07-28 10:26:51,342498 [INFOR] [systemlog] 当前:2023-07-28 10:26:51系统使用内存:9165MB, 硬盘:194153MB
07-28 10:27:21,324144 [INFOR] [systemlog] 当前:2023-07-28 10:27:21系统使用内存:8205MB, 硬盘:194196MB
07-28 10:28:21,326590 [INFOR] [systemlog] 当前:2023-07-28 10:28:21系统使用内存:9586MB, 硬盘:194235MB
07-28 10:30:39,066477 [INFOR] [systemlog] 当前:2023-07-28 10:30:39已使用年度流量:57893MB、补充流量:0MB、每日流量:50MB、日任务数:13
07-28 10:30:40,692794 [INFOR] [systemlog] 当前:2023-07-28 10:30:40已使用年度流量:57896MB、补充流量:0MB、每日流量:53MB、日任务数:14
07-28 10:30:41,393338 [INFOR] [systemlog] 当前:2023-07-28 10:30:41已使用年度流量:57896MB、补充流量:0MB、每日流量:53MB、日任务数:15
07-28 10:30:42,686605 [INFOR] [systemlog] 当前:2023-07-28 10:30:42已使用年度流量:57899MB、补充流量:0MB、每日流量:56MB、日任务数:16
07-28 10:30:43,325641 [INFOR] [systemlog] 当前:2023-07-28 10:30:43已使用年度流量:57899MB、补充流量:0MB、每日流量:56MB、日任务数:17
07-28 10:30:44,022418 [INFOR] [systemlog] 当前:2023-07-28 10:30:44已使用年度流量:57899MB、补充流量:0MB、每日流量:56MB、日任务数:18
07-28 10:30:45,304020 [INFOR] [systemlog] 当前:2023-07-28 10:30:45已使用年度流量:57901MB、补充流量:0MB、每日流量:58MB、日任务数:19
07-28 10:30:46,046368 [INFOR] [systemlog] 当前:2023-07-28 10:30:46已使用年度流量:57901MB、补充流量:0MB、每日流量:59MB、日任务数:20
07-28 10:30:46,749615 [INFOR] [systemlog] 当前:2023-07-28 10:30:46已使用年度流量:57901MB、补充流量:0MB、每日流量:59MB、日任务数:21
07-28 10:30:47,464475 [INFOR] [systemlog] 当前:2023-07-28 10:30:47已使用年度流量:57901MB、补充流量:0MB、每日流量:59MB、日任务数:22
07-28 10:30:48,180613 [INFOR] [systemlog] 当前:2023-07-28 10:30:48已使用年度流量:57901MB、补充流量:0MB、每日流量:59MB、日任务数:23
07-28 10:30:49,694120 [INFOR] [systemlog] 当前:2023-07-28 10:30:49已使用年度流量:57904MB、补充流量:0MB、每日流量:62MB、日任务数:24
07-28 10:31:51,323871 [INFOR] [systemlog] 当前:2023-07-28 10:31:51系统使用内存:10667MB, 硬盘:194444MB
07-28 10:32:21,325277 [INFOR] [systemlog] 当前:2023-07-28 10:32:21系统使用内存:11923MB, 硬盘:194477MB
07-28 10:36:51,327181 [INFOR] [systemlog] 当前:2023-07-28 10:36:51系统使用内存:6427MB, 硬盘:194026MB
07-28 10:47:21,338334 [INFOR] [systemlog] 当前:2023-07-28 10:47:21系统使用内存:7967MB, 硬盘:193873MB
07-28 10:48:51,324609 [INFOR] [systemlog] 当前:2023-07-28 10:48:51系统使用内存:7040MB, 硬盘:193870MB
07-28 13:51:04,397105 [INFOR] [systemlog] 当前:2023-07-28 13:51:04系统启动时间
07-28 13:51:04,409832 [INFOR] [systemlog] 当前:2023-07-28 13:51:04系统使用的内存:6456MB, 使用硬盘:199016MB
07-28 13:51:04,529924 [INFOR] [systemlog] 当前:2023-07-28 13:51:04已使用年度流量:57904MB、补充流量:0MB、每日流量:62MB、日任务数:24
07-28 13:51:04,533843 [INFOR] [systemlog] 当前:2023-07-28 13:51:04系统配额年度流量:71680000000MB、补充流量:0MB、每日流量:7168000MB、日任务数:1260
07-28 13:54:42,964720 [INFOR] [systemlog] 当前:2023-07-28 13:54:42系统启动时间
07-28 13:54:42,973923 [INFOR] [systemlog] 当前:2023-07-28 13:54:42系统使用的内存:6655MB, 使用硬盘:199055MB
07-28 13:54:43,092059 [INFOR] [systemlog] 当前:2023-07-28 13:54:42已使用年度流量:57904MB、补充流量:0MB、每日流量:62MB、日任务数:24
07-28 13:54:43,096567 [INFOR] [systemlog] 当前:2023-07-28 13:54:42系统配额年度流量:71680000000MB、补充流量:0MB、每日流量:7168000MB、日任务数:1260
07-28 13:56:50,453876 [INFOR] [systemlog] 当前:2023-07-28 13:56:50已使用年度流量:57915MB、补充流量:0MB、每日流量:73MB、日任务数:25
07-28 13:58:35,443064 [INFOR] [systemlog] 当前:2023-07-28 13:58:35系统启动时间
07-28 13:58:35,464490 [INFOR] [systemlog] 当前:2023-07-28 13:58:35系统使用的内存:5602MB, 使用硬盘:198397MB
07-28 13:58:35,617520 [INFOR] [systemlog] 当前:2023-07-28 13:58:35已使用年度流量:57915MB、补充流量:0MB、每日流量:73MB、日任务数:25
07-28 13:58:35,628509 [INFOR] [systemlog] 当前:2023-07-28 13:58:35系统配额年度流量:71680000000MB、补充流量:0MB、每日流量:7168000MB、日任务数:1260
07-28 14:01:30,703740 [INFOR] [systemlog] 当前:2023-07-28 14:01:30系统启动时间
07-28 14:01:30,722973 [INFOR] [systemlog] 当前:2023-07-28 14:01:30系统使用的内存:5673MB, 使用硬盘:198481MB
07-28 14:01:30,858811 [INFOR] [systemlog] 当前:2023-07-28 14:01:30已使用年度流量:57915MB、补充流量:0MB、每日流量:73MB、日任务数:25
07-28 14:01:30,905065 [INFOR] [systemlog] 当前:2023-07-28 14:01:30系统配额年度流量:71680000000MB、补充流量:0MB、每日流量:7168000MB、日任务数:1260
07-28 14:02:25,443768 [INFOR] [systemlog] 当前:2023-07-28 14:02:25系统启动时间
07-28 14:02:25,482230 [INFOR] [systemlog] 当前:2023-07-28 14:02:25系统使用的内存:5472MB, 使用硬盘:198509MB
07-28 14:02:25,684442 [INFOR] [systemlog] 当前:2023-07-28 14:02:25已使用年度流量:57915MB、补充流量:0MB、每日流量:73MB、日任务数:25
07-28 14:02:25,690184 [INFOR] [systemlog] 当前:2023-07-28 14:02:25系统配额年度流量:71680000000MB、补充流量:0MB、每日流量:7168000MB、日任务数:1260
07-28 14:04:37,180915 [INFOR] [systemlog] 当前:2023-07-28 14:04:37系统启动时间
07-28 14:04:37,270026 [INFOR] [systemlog] 当前:2023-07-28 14:04:37系统使用的内存:5550MB, 使用硬盘:198091MB
07-28 14:04:37,467654 [INFOR] [systemlog] 当前:2023-07-28 14:04:37已使用年度流量:57915MB、补充流量:0MB、每日流量:73MB、日任务数:25
07-28 14:04:37,474057 [INFOR] [systemlog] 当前:2023-07-28 14:04:37系统配额年度流量:71680000000MB、补充流量:0MB、每日流量:7168000MB、日任务数:1260
07-28 14:06:48,937405 [INFOR] [systemlog] 当前:2023-07-28 14:06:48系统启动时间
07-28 14:06:48,954008 [INFOR] [systemlog] 当前:2023-07-28 14:06:48系统使用的内存:5584MB, 使用硬盘:198153MB
07-28 14:06:49,074622 [INFOR] [systemlog] 当前:2023-07-28 14:06:48已使用年度流量:57915MB、补充流量:0MB、每日流量:73MB、日任务数:25
07-28 14:06:49,078411 [INFOR] [systemlog] 当前:2023-07-28 14:06:48系统配额年度流量:71680000000MB、补充流量:0MB、每日流量:7168000MB、日任务数:1260
07-28 14:07:39,414636 [INFOR] [systemlog] 当前:2023-07-28 14:07:39系统启动时间
07-28 14:07:39,485879 [INFOR] [systemlog] 当前:2023-07-28 14:07:39系统使用的内存:5752MB, 使用硬盘:198160MB
07-28 14:07:39,611738 [INFOR] [systemlog] 当前:2023-07-28 14:07:39已使用年度流量:57915MB、补充流量:0MB、每日流量:73MB、日任务数:25
07-28 14:07:39,615373 [INFOR] [systemlog] 当前:2023-07-28 14:07:39系统配额年度流量:71680000000MB、补充流量:0MB、每日流量:7168000MB、日任务数:1260
07-28 14:08:24,233975 [INFOR] [systemlog] 当前:2023-07-28 14:08:24系统启动时间
07-28 14:08:24,246422 [INFOR] [systemlog] 当前:2023-07-28 14:08:24系统使用的内存:5784MB, 使用硬盘:198165MB
07-28 14:08:24,364291 [INFOR] [systemlog] 当前:2023-07-28 14:08:24已使用年度流量:57915MB、补充流量:0MB、每日流量:73MB、日任务数:25
07-28 14:08:24,369434 [INFOR] [systemlog] 当前:2023-07-28 14:08:24系统配额年度流量:71680000000MB、补充流量:0MB、每日流量:7168000MB、日任务数:1260
07-28 14:08:47,264712 [INFOR] [systemlog] 当前:2023-07-28 14:08:47系统启动时间
07-28 14:08:47,276402 [INFOR] [systemlog] 当前:2023-07-28 14:08:47系统使用的内存:5787MB, 使用硬盘:198168MB
07-28 14:08:47,392473 [INFOR] [systemlog] 当前:2023-07-28 14:08:47已使用年度流量:57915MB、补充流量:0MB、每日流量:73MB、日任务数:25
07-28 14:08:47,396580 [INFOR] [systemlog] 当前:2023-07-28 14:08:47系统配额年度流量:71680000000MB、补充流量:0MB、每日流量:7168000MB、日任务数:1260
07-28 14:38:14,588305 [INFOR] [systemlog] 当前:2023-07-28 14:38:14系统启动时间
07-28 14:38:15,358962 [INFOR] [systemlog] 当前:2023-07-28 14:38:14系统使用的内存:5829MB, 使用硬盘:204858MB
07-28 14:38:15,552155 [INFOR] [systemlog] 当前:2023-07-28 14:38:14已使用年度流量:57915MB、补充流量:0MB、每日流量:73MB、日任务数:25
07-28 14:38:15,616398 [INFOR] [systemlog] 当前:2023-07-28 14:38:14系统配额年度流量:71680000000MB、补充流量:0MB、每日流量:7168000MB、日任务数:1260
07-28 15:05:29,234045 [INFOR] [systemlog] 当前:2023-07-28 15:05:29系统启动时间
07-28 15:05:29,259135 [INFOR] [systemlog] 当前:2023-07-28 15:05:29系统使用的内存:5532MB, 使用硬盘:206338MB
07-28 15:05:29,429837 [INFOR] [systemlog] 当前:2023-07-28 15:05:29已使用年度流量:57915MB、补充流量:0MB、每日流量:73MB、日任务数:25
07-28 15:05:29,434389 [INFOR] [systemlog] 当前:2023-07-28 15:05:29系统配额年度流量:71680000000MB、补充流量:0MB、每日流量:7168000MB、日任务数:1260
07-28 15:18:34,250638 [INFOR] [systemlog] 当前:2023-07-28 15:18:34系统启动时间
07-28 15:18:58,417136 [INFOR] [systemlog] 当前:2023-07-28 15:18:34系统使用的内存:5847MB, 使用硬盘:204572MB
07-28 15:19:04,942545 [INFOR] [systemlog] 当前:2023-07-28 15:18:34已使用年度流量:57915MB、补充流量:0MB、每日流量:73MB、日任务数:25
07-28 15:19:10,483595 [INFOR] [systemlog] 当前:2023-07-28 15:18:34系统配额年度流量:71680000000MB、补充流量:0MB、每日流量:7168000MB、日任务数:1260
07-28 15:26:09,850683 [INFOR] [systemlog] 当前:2023-07-28 15:26:09系统启动时间
07-28 15:26:09,883454 [INFOR] [systemlog] 当前:2023-07-28 15:26:09系统使用的内存:2532MB, 使用硬盘:204801MB
07-28 15:26:10,024695 [INFOR] [systemlog] 当前:2023-07-28 15:26:09已使用年度流量:57915MB、补充流量:0MB、每日流量:73MB、日任务数:25
07-28 15:26:10,106776 [INFOR] [systemlog] 当前:2023-07-28 15:26:09系统配额年度流量:71680000000MB、补充流量:0MB、每日流量:7168000MB、日任务数:1260
07-28 15:26:37,964680 [INFOR] [systemlog] 当前:2023-07-28 15:26:37系统使用内存:3952MB, 硬盘:204802MB
07-28 15:34:45,665365 [INFOR] [systemlog] 当前:2023-07-28 15:34:45系统启动时间
07-28 15:34:47,267340 [INFOR] [systemlog] 当前:2023-07-28 15:34:45系统使用的内存:4045MB, 使用硬盘:202961MB
07-28 15:34:48,554830 [INFOR] [systemlog] 当前:2023-07-28 15:34:45已使用年度流量:57915MB、补充流量:0MB、每日流量:73MB、日任务数:25
07-28 15:34:50,656908 [INFOR] [systemlog] 当前:2023-07-28 15:34:45系统配额年度流量:71680000000MB、补充流量:0MB、每日流量:7168000MB、日任务数:1260
07-28 15:36:01,910019 [INFOR] [systemlog] 当前:2023-07-28 15:36:01系统启动时间
07-28 15:36:02,626570 [INFOR] [systemlog] 当前:2023-07-28 15:36:01系统使用的内存:4044MB, 使用硬盘:202962MB
07-28 15:36:04,448450 [INFOR] [systemlog] 当前:2023-07-28 15:36:01已使用年度流量:57915MB、补充流量:0MB、每日流量:73MB、日任务数:25
07-28 15:36:05,676020 [INFOR] [systemlog] 当前:2023-07-28 15:36:01系统配额年度流量:71680000000MB、补充流量:0MB、每日流量:7168000MB、日任务数:1260
07-28 15:48:51,959971 [INFOR] [systemlog] 当前:2023-07-28 15:48:51系统启动时间
07-28 15:48:54,104711 [INFOR] [systemlog] 当前:2023-07-28 15:48:51系统使用的内存:4243MB, 使用硬盘:204361MB
07-28 15:48:55,576043 [INFOR] [systemlog] 当前:2023-07-28 15:48:51已使用年度流量:57915MB、补充流量:0MB、每日流量:73MB、日任务数:25
07-28 15:48:55,946763 [INFOR] [systemlog] 当前:2023-07-28 15:48:51系统配额年度流量:71680000000MB、补充流量:0MB、每日流量:7168000MB、日任务数:1260
07-28 15:57:01,268244 [INFOR] [systemlog] 当前:2023-07-28 15:57:00系统启动时间
07-28 15:57:02,480522 [INFOR] [systemlog] 当前:2023-07-28 15:57:00系统使用的内存:4099MB, 使用硬盘:198374MB
07-28 15:57:03,881195 [INFOR] [systemlog] 当前:2023-07-28 15:57:00已使用年度流量:57915MB、补充流量:0MB、每日流量:73MB、日任务数:25
07-28 15:57:04,796693 [INFOR] [systemlog] 当前:2023-07-28 15:57:00系统配额年度流量:71680000000MB、补充流量:0MB、每日流量:7168000MB、日任务数:1260
07-28 16:00:04,375977 [INFOR] [systemlog] 当前:2023-07-28 16:00:04已使用年度流量:57926MB、补充流量:0MB、每日流量:84MB、日任务数:26
07-28 16:02:30,485851 [INFOR] [systemlog] 当前:2023-07-28 16:02:30系统使用内存:4541MB, 硬盘:198642MB
07-28 16:04:10,959433 [INFOR] [systemlog] 当前:2023-07-28 16:04:10已使用年度流量:57938MB、补充流量:0MB、每日流量:96MB、日任务数:27
07-28 16:04:32,171093 [INFOR] [systemlog] 当前:2023-07-28 16:04:32已使用年度流量:57948MB、补充流量:0MB、每日流量:105MB、日任务数:28
07-28 16:05:58,501109 [INFOR] [systemlog] 当前:2023-07-28 16:05:58系统启动时间
07-28 16:05:58,511396 [INFOR] [systemlog] 当前:2023-07-28 16:05:58系统使用的内存:4780MB, 使用硬盘:198835MB
07-28 16:05:58,627714 [INFOR] [systemlog] 当前:2023-07-28 16:05:58已使用年度流量:57948MB、补充流量:0MB、每日流量:105MB、日任务数:28
07-28 16:05:58,631811 [INFOR] [systemlog] 当前:2023-07-28 16:05:58系统配额年度流量:71680000000MB、补充流量:0MB、每日流量:7168000MB、日任务数:1260
07-28 16:07:20,292408 [INFOR] [systemlog] 当前:2023-07-28 16:07:19系统启动时间
07-28 16:07:20,575656 [INFOR] [systemlog] 当前:2023-07-28 16:07:19系统使用的内存:4453MB, 使用硬盘:198907MB
07-28 16:07:20,757087 [INFOR] [systemlog] 当前:2023-07-28 16:07:19已使用年度流量:57948MB、补充流量:0MB、每日流量:105MB、日任务数:28
07-28 16:07:20,761772 [INFOR] [systemlog] 当前:2023-07-28 16:07:19系统配额年度流量:71680000000MB、补充流量:0MB、每日流量:7168000MB、日任务数:1260
07-28 16:09:52,038163 [INFOR] [systemlog] 当前:2023-07-28 16:09:52已使用年度流量:58064MB、补充流量:0MB、每日流量:222MB、日任务数:29
07-28 16:18:25,813270 [INFOR] [systemlog] 当前:2023-07-28 16:18:25已使用年度流量:58067MB、补充流量:0MB、每日流量:224MB、日任务数:30
07-28 16:19:19,091516 [INFOR] [systemlog] 当前:2023-07-28 16:19:19系统使用内存:5775MB, 硬盘:199461MB
07-28 16:19:49,100475 [INFOR] [systemlog] 当前:2023-07-28 16:19:49系统使用内存:6594MB, 硬盘:199527MB
07-28 16:21:19,100679 [INFOR] [systemlog] 当前:2023-07-28 16:21:19系统使用内存:7360MB, 硬盘:199575MB
07-28 16:22:19,100063 [INFOR] [systemlog] 当前:2023-07-28 16:22:19系统使用内存:8312MB, 硬盘:199587MB
07-28 16:23:19,105098 [INFOR] [systemlog] 当前:2023-07-28 16:23:19系统使用内存:10101MB, 硬盘:199608MB
07-28 16:25:19,116578 [INFOR] [systemlog] 当前:2023-07-28 16:25:19系统使用内存:12220MB, 硬盘:199720MB
07-28 16:27:49,098728 [INFOR] [systemlog] 当前:2023-07-28 16:27:49系统使用内存:15653MB, 硬盘:199859MB
07-28 16:31:19,096671 [INFOR] [systemlog] 当前:2023-07-28 16:31:19系统使用内存:11881MB, 硬盘:199425MB
07-28 16:32:19,096428 [INFOR] [systemlog] 当前:2023-07-28 16:32:19系统使用内存:10178MB, 硬盘:199397MB
07-28 16:32:20,600775 [INFOR] [systemlog] 当前:2023-07-28 16:32:20已使用年度流量:58069MB、补充流量:0MB、每日流量:226MB、日任务数:31
07-28 16:32:49,093730 [INFOR] [systemlog] 当前:2023-07-28 16:32:49系统使用内存:9147MB, 硬盘:199391MB
07-28 16:34:19,099249 [INFOR] [systemlog] 当前:2023-07-28 16:34:19系统使用内存:10174MB, 硬盘:199136MB
07-28 16:34:49,098348 [INFOR] [systemlog] 当前:2023-07-28 16:34:49系统使用内存:6101MB, 硬盘:199153MB
07-28 16:35:19,093897 [INFOR] [systemlog] 当前:2023-07-28 16:35:19系统使用内存:7540MB, 硬盘:199159MB
07-28 16:35:49,094377 [INFOR] [systemlog] 当前:2023-07-28 16:35:49系统使用内存:6577MB, 硬盘:199104MB
07-28 16:38:11,368605 [INFOR] [systemlog] 当前:2023-07-28 16:38:11系统启动时间
07-28 16:38:11,418607 [INFOR] [systemlog] 当前:2023-07-28 16:38:11系统使用的内存:4700MB, 使用硬盘:199084MB
07-28 16:38:11,570012 [INFOR] [systemlog] 当前:2023-07-28 16:38:11已使用年度流量:58069MB、补充流量:0MB、每日流量:226MB、日任务数:31
07-28 16:38:11,574651 [INFOR] [systemlog] 当前:2023-07-28 16:38:11系统配额年度流量:71680000000MB、补充流量:0MB、每日流量:7168000MB、日任务数:1260
07-28 16:44:24,796215 [INFOR] [systemlog] 当前:2023-07-28 16:44:24系统启动时间
07-28 16:44:24,850493 [INFOR] [systemlog] 当前:2023-07-28 16:44:24系统使用的内存:4696MB, 使用硬盘:198609MB
07-28 16:44:25,020871 [INFOR] [systemlog] 当前:2023-07-28 16:44:24已使用年度流量:58069MB、补充流量:0MB、每日流量:226MB、日任务数:31
07-28 16:44:25,025489 [INFOR] [systemlog] 当前:2023-07-28 16:44:24系统配额年度流量:71680000000MB、补充流量:0MB、每日流量:7168000MB、日任务数:1260
07-28 16:47:33,307988 [INFOR] [systemlog] 当前:2023-07-28 16:47:33已使用年度流量:58106MB、补充流量:0MB、每日流量:264MB、日任务数:32
07-28 16:48:18,334068 [INFOR] [systemlog] 当前:2023-07-28 16:48:18已使用年度流量:58134MB、补充流量:0MB、每日流量:291MB、日任务数:33
07-28 16:49:23,864931 [INFOR] [systemlog] 当前:2023-07-28 16:49:23系统使用内存:6059MB, 硬盘:198745MB
07-28 16:49:48,211562 [INFOR] [systemlog] 当前:2023-07-28 16:49:48已使用年度流量:58143MB、补充流量:0MB、每日流量:300MB、日任务数:34
07-28 16:49:53,904938 [INFOR] [systemlog] 当前:2023-07-28 16:49:53系统使用内存:6726MB, 硬盘:198862MB
07-28 16:50:49,374427 [INFOR] [systemlog] 当前:2023-07-28 16:50:49已使用年度流量:58145MB、补充流量:0MB、每日流量:302MB、日任务数:35
07-28 16:54:23,869380 [INFOR] [systemlog] 当前:2023-07-28 16:54:23系统使用内存:7987MB, 硬盘:199075MB
07-28 16:59:23,865106 [INFOR] [systemlog] 当前:2023-07-28 16:59:23系统使用内存:6326MB, 硬盘:198991MB
07-28 16:59:53,864038 [INFOR] [systemlog] 当前:2023-07-28 16:59:53系统使用内存:5198MB, 硬盘:198687MB
07-28 17:06:19,919260 [INFOR] [systemlog] 当前:2023-07-28 17:06:19已使用年度流量:58154MB、补充流量:0MB、每日流量:311MB、日任务数:36
07-28 17:06:55,750354 [INFOR] [systemlog] 当前:2023-07-28 17:06:55已使用年度流量:58221MB、补充流量:0MB、每日流量:378MB、日任务数:37
07-28 17:07:53,863395 [INFOR] [systemlog] 当前:2023-07-28 17:07:53系统使用内存:8404MB, 硬盘:198872MB
07-28 17:08:29,523885 [INFOR] [systemlog] 当前:2023-07-28 17:08:29已使用年度流量:58311MB、补充流量:0MB、每日流量:468MB、日任务数:38
07-28 17:10:51,013028 [INFOR] [systemlog] 当前:2023-07-28 17:10:51已使用年度流量:58323MB、补充流量:0MB、每日流量:480MB、日任务数:39
07-28 17:10:51,422956 [INFOR] [systemlog] 当前:2023-07-28 17:10:51已使用年度流量:58313MB、补充流量:0MB、每日流量:470MB、日任务数:39
07-28 17:10:52,081063 [INFOR] [systemlog] 当前:2023-07-28 17:10:52已使用年度流量:58316MB、补充流量:0MB、每日流量:473MB、日任务数:39
07-28 17:15:03,515256 [INFOR] [systemlog] 当前:2023-07-28 17:15:03已使用年度流量:58425MB、补充流量:0MB、每日流量:583MB、日任务数:40
07-28 17:17:22,297034 [INFOR] [systemlog] 当前:2023-07-28 17:17:22已使用年度流量:58537MB、补充流量:0MB、每日流量:695MB、日任务数:41
07-28 17:18:53,864147 [INFOR] [systemlog] 当前:2023-07-28 17:18:53系统使用内存:6491MB, 硬盘:199321MB
07-28 17:23:53,870065 [INFOR] [systemlog] 当前:2023-07-28 17:23:53系统使用内存:7434MB, 硬盘:199472MB
07-28 17:27:23,876726 [INFOR] [systemlog] 当前:2023-07-28 17:27:23系统使用内存:8378MB, 硬盘:199682MB
07-28 17:27:53,866766 [INFOR] [systemlog] 当前:2023-07-28 17:27:53系统使用内存:9566MB, 硬盘:199683MB
07-28 17:28:23,864233 [INFOR] [systemlog] 当前:2023-07-28 17:28:23系统使用内存:5532MB, 硬盘:199143MB
07-28 17:38:25,245586 [INFOR] [systemlog] 当前:2023-07-28 17:38:25已使用年度流量:58633MB、补充流量:0MB、每日流量:790MB、日任务数:42
07-28 17:39:19,776681 [INFOR] [systemlog] 当前:2023-07-28 17:39:19已使用年度流量:58723MB、补充流量:0MB、每日流量:880MB、日任务数:43
07-28 17:39:20,288295 [INFOR] [systemlog] 当前:2023-07-28 17:39:20已使用年度流量:58832MB、补充流量:0MB、每日流量:990MB、日任务数:44
07-28 17:39:59,614998 [INFOR] [systemlog] 当前:2023-07-28 17:39:59已使用年度流量:58870MB、补充流量:0MB、每日流量:1027MB、日任务数:45
07-28 17:40:23,896484 [INFOR] [systemlog] 当前:2023-07-28 17:40:23系统使用内存:7955MB, 硬盘:199890MB
07-28 17:40:53,875054 [INFOR] [systemlog] 当前:2023-07-28 17:40:53系统使用内存:10621MB, 硬盘:200356MB
07-28 17:41:12,246804 [INFOR] [systemlog] 当前:2023-07-28 17:41:12已使用年度流量:58875MB、补充流量:0MB、每日流量:1032MB、日任务数:46
07-28 17:41:15,519115 [INFOR] [systemlog] 当前:2023-07-28 17:41:15已使用年度流量:58880MB、补充流量:0MB、每日流量:1038MB、日任务数:47
07-28 17:41:19,663436 [INFOR] [systemlog] 当前:2023-07-28 17:41:19已使用年度流量:58880MB、补充流量:0MB、每日流量:1038MB、日任务数:47
07-28 17:41:23,901465 [INFOR] [systemlog] 当前:2023-07-28 17:41:23系统使用内存:8739MB, 硬盘:200515MB
07-28 17:41:53,871588 [INFOR] [systemlog] 当前:2023-07-28 17:41:53系统使用内存:5913MB, 硬盘:200481MB
07-28 17:41:54,098645 [INFOR] [systemlog] 当前:2023-07-28 17:41:54已使用年度流量:58882MB、补充流量:0MB、每日流量:1039MB、日任务数:48
07-28 17:42:08,729087 [INFOR] [systemlog] 当前:2023-07-28 17:42:08已使用年度流量:58883MB、补充流量:0MB、每日流量:1041MB、日任务数:49
07-28 17:42:21,126766 [INFOR] [systemlog] 当前:2023-07-28 17:42:21已使用年度流量:58884MB、补充流量:0MB、每日流量:1042MB、日任务数:50
07-28 17:42:49,739913 [INFOR] [systemlog] 当前:2023-07-28 17:42:49已使用年度流量:58889MB、补充流量:0MB、每日流量:1047MB、日任务数:51
07-28 17:43:23,870273 [INFOR] [systemlog] 当前:2023-07-28 17:43:23系统使用内存:7243MB, 硬盘:200519MB
07-28 17:47:53,867206 [INFOR] [systemlog] 当前:2023-07-28 17:47:53系统使用内存:8042MB, 硬盘:200137MB
07-28 17:52:23,873780 [INFOR] [systemlog] 当前:2023-07-28 17:52:23系统使用内存:9310MB, 硬盘:200400MB
07-28 17:52:53,868109 [INFOR] [systemlog] 当前:2023-07-28 17:52:53系统使用内存:7050MB, 硬盘:200472MB
07-28 17:53:23,865114 [INFOR] [systemlog] 当前:2023-07-28 17:53:23系统使用内存:5976MB, 硬盘:199703MB
07-28 18:05:53,867520 [INFOR] [systemlog] 当前:2023-07-28 18:05:53系统使用内存:7005MB, 硬盘:199887MB
07-28 18:11:53,866603 [INFOR] [systemlog] 当前:2023-07-28 18:11:53系统使用内存:7823MB, 硬盘:200262MB
07-28 18:13:23,888134 [INFOR] [systemlog] 当前:2023-07-28 18:13:23系统使用内存:8889MB, 硬盘:199875MB
07-28 18:13:25,508070 [INFOR] [systemlog] 当前:2023-07-28 18:13:24系统插件状态异常
07-28 18:13:25,884250 [INFOR] [systemlog] 当前:2023-07-28 18:13:25系统插件状态异常
07-28 18:13:25,914086 [INFOR] [systemlog] 当前:2023-07-28 18:13:25系统插件状态异常
07-28 18:13:25,940076 [INFOR] [systemlog] 当前:2023-07-28 18:13:25系统插件状态异常
07-28 18:13:26,299926 [INFOR] [systemlog] 当前:2023-07-28 18:13:26系统插件状态异常
07-28 18:13:26,333434 [INFOR] [systemlog] 当前:2023-07-28 18:13:26系统插件状态异常
07-28 18:13:26,368106 [INFOR] [systemlog] 当前:2023-07-28 18:13:26系统插件状态异常
07-28 18:13:26,394633 [INFOR] [systemlog] 当前:2023-07-28 18:13:26系统插件状态异常
07-28 18:13:26,418442 [INFOR] [systemlog] 当前:2023-07-28 18:13:26系统插件状态异常
07-28 18:13:26,443088 [INFOR] [systemlog] 当前:2023-07-28 18:13:26系统插件状态异常
07-28 18:13:26,469663 [INFOR] [systemlog] 当前:2023-07-28 18:13:26系统插件状态异常
07-28 18:13:26,493790 [INFOR] [systemlog] 当前:2023-07-28 18:13:26系统插件状态异常
07-28 18:13:26,517695 [INFOR] [systemlog] 当前:2023-07-28 18:13:26系统插件状态异常
07-28 18:13:26,541863 [INFOR] [systemlog] 当前:2023-07-28 18:13:26系统插件状态异常
07-28 18:13:26,573944 [INFOR] [systemlog] 当前:2023-07-28 18:13:26系统插件状态异常
07-28 18:13:26,598608 [INFOR] [systemlog] 当前:2023-07-28 18:13:26系统插件状态异常
07-28 18:14:23,875353 [INFOR] [systemlog] 当前:2023-07-28 18:14:23系统使用内存:7578MB, 硬盘:199878MB
07-28 18:14:24,736215 [INFOR] [systemlog] 当前:2023-07-28 18:14:24系统插件状态正常
07-28 18:16:23,877886 [INFOR] [systemlog] 当前:2023-07-28 18:16:23系统使用内存:8914MB, 硬盘:200008MB
07-28 18:16:38,796185 [INFOR] [systemlog] 当前:2023-07-28 18:16:38已使用年度流量:58891MB、补充流量:0MB、每日流量:1049MB、日任务数:52
07-28 18:16:53,880250 [INFOR] [systemlog] 当前:2023-07-28 18:16:53系统使用内存:10242MB, 硬盘:200003MB
07-28 18:17:05,042702 [INFOR] [systemlog] 当前:2023-07-28 18:17:05已使用年度流量:58919MB、补充流量:0MB、每日流量:1077MB、日任务数:53
07-28 18:21:23,873149 [INFOR] [systemlog] 当前:2023-07-28 18:21:23系统使用内存:12151MB, 硬盘:200356MB
07-28 18:21:53,875857 [INFOR] [systemlog] 当前:2023-07-28 18:21:53系统使用内存:10452MB, 硬盘:200333MB
07-28 18:22:23,885637 [INFOR] [systemlog] 当前:2023-07-28 18:22:23系统使用内存:12550MB, 硬盘:200335MB
07-28 18:23:23,873597 [INFOR] [systemlog] 当前:2023-07-28 18:23:23系统使用内存:9410MB, 硬盘:200349MB
07-28 18:26:31,526514 [INFOR] [systemlog] 当前:2023-07-28 18:26:31系统启动时间
07-28 18:26:31,584317 [INFOR] [systemlog] 当前:2023-07-28 18:26:31系统使用的内存:8220MB, 使用硬盘:200130MB
07-28 18:26:31,717797 [INFOR] [systemlog] 当前:2023-07-28 18:26:31已使用年度流量:58919MB、补充流量:0MB、每日流量:1077MB、日任务数:53
07-28 18:26:31,722589 [INFOR] [systemlog] 当前:2023-07-28 18:26:31系统配额年度流量:71680000000MB、补充流量:0MB、每日流量:7168000MB、日任务数:1260
07-28 18:28:59,663780 [INFOR] [systemlog] 当前:2023-07-28 18:28:59系统使用内存:6907MB, 硬盘:199912MB
07-28 18:29:43,415235 [INFOR] [systemlog] 当前:2023-07-28 18:29:43已使用年度流量:58919MB、补充流量:0MB、每日流量:1077MB、日任务数:54
07-28 18:29:58,581953 [INFOR] [systemlog] 当前:2023-07-28 18:29:58已使用年度流量:58919MB、补充流量:0MB、每日流量:1077MB、日任务数:55
07-28 18:50:21,890580 [INFOR] [systemlog] 当前:2023-07-28 18:50:21已使用年度流量:58922MB、补充流量:0MB、每日流量:1079MB、日任务数:56
07-28 18:50:22,999465 [INFOR] [systemlog] 当前:2023-07-28 18:50:22已使用年度流量:58924MB、补充流量:0MB、每日流量:1082MB、日任务数:57
07-28 18:50:24,231317 [INFOR] [systemlog] 当前:2023-07-28 18:50:24已使用年度流量:58927MB、补充流量:0MB、每日流量:1084MB、日任务数:58
07-28 18:50:25,262301 [INFOR] [systemlog] 当前:2023-07-28 18:50:25已使用年度流量:58929MB、补充流量:0MB、每日流量:1087MB、日任务数:59
07-28 18:50:26,350392 [INFOR] [systemlog] 当前:2023-07-28 18:50:26已使用年度流量:58932MB、补充流量:0MB、每日流量:1089MB、日任务数:60
07-28 18:50:27,496241 [INFOR] [systemlog] 当前:2023-07-28 18:50:27已使用年度流量:58934MB、补充流量:0MB、每日流量:1091MB、日任务数:61
07-28 18:50:28,650915 [INFOR] [systemlog] 当前:2023-07-28 18:50:28已使用年度流量:58936MB、补充流量:0MB、每日流量:1094MB、日任务数:62
07-28 18:50:29,788754 [INFOR] [systemlog] 当前:2023-07-28 18:50:29已使用年度流量:58939MB、补充流量:0MB、每日流量:1096MB、日任务数:63
07-28 18:50:30,910641 [INFOR] [systemlog] 当前:2023-07-28 18:50:30已使用年度流量:58941MB、补充流量:0MB、每日流量:1099MB、日任务数:64
07-28 18:50:31,953158 [INFOR] [systemlog] 当前:2023-07-28 18:50:31已使用年度流量:58944MB、补充流量:0MB、每日流量:1101MB、日任务数:65
07-28 18:50:33,206825 [INFOR] [systemlog] 当前:2023-07-28 18:50:33已使用年度流量:58946MB、补充流量:0MB、每日流量:1104MB、日任务数:66
07-28 18:50:34,554099 [INFOR] [systemlog] 当前:2023-07-28 18:50:34已使用年度流量:58949MB、补充流量:0MB、每日流量:1106MB、日任务数:67
07-28 18:50:35,800182 [INFOR] [systemlog] 当前:2023-07-28 18:50:35已使用年度流量:58951MB、补充流量:0MB、每日流量:1109MB、日任务数:68
07-28 18:50:37,291442 [INFOR] [systemlog] 当前:2023-07-28 18:50:37已使用年度流量:58954MB、补充流量:0MB、每日流量:1111MB、日任务数:69
07-28 18:50:38,816427 [INFOR] [systemlog] 当前:2023-07-28 18:50:38已使用年度流量:58956MB、补充流量:0MB、每日流量:1114MB、日任务数:70
07-28 18:50:40,182720 [INFOR] [systemlog] 当前:2023-07-28 18:50:40已使用年度流量:58959MB、补充流量:0MB、每日流量:1116MB、日任务数:71
07-28 18:50:41,448206 [INFOR] [systemlog] 当前:2023-07-28 18:50:41已使用年度流量:58961MB、补充流量:0MB、每日流量:1119MB、日任务数:72
07-28 18:50:58,006345 [INFOR] [systemlog] 当前:2023-07-28 18:50:58已使用年度流量:58961MB、补充流量:0MB、每日流量:1119MB、日任务数:73
07-28 18:50:59,437730 [INFOR] [systemlog] 当前:2023-07-28 18:50:59已使用年度流量:58963MB、补充流量:0MB、每日流量:1120MB、日任务数:74
07-28 18:51:00,483075 [INFOR] [systemlog] 当前:2023-07-28 18:51:00已使用年度流量:58963MB、补充流量:0MB、每日流量:1121MB、日任务数:75
07-28 18:51:04,950139 [INFOR] [systemlog] 当前:2023-07-28 18:51:04已使用年度流量:58976MB、补充流量:0MB、每日流量:1134MB、日任务数:76
07-28 18:51:06,839994 [INFOR] [systemlog] 当前:2023-07-28 18:51:06已使用年度流量:58980MB、补充流量:0MB、每日流量:1137MB、日任务数:77
07-28 18:51:10,575026 [INFOR] [systemlog] 当前:2023-07-28 18:51:10已使用年度流量:58991MB、补充流量:0MB、每日流量:1149MB、日任务数:78
07-28 18:51:11,552319 [INFOR] [systemlog] 当前:2023-07-28 18:51:11已使用年度流量:58991MB、补充流量:0MB、每日流量:1149MB、日任务数:79
07-28 18:51:13,066407 [INFOR] [systemlog] 当前:2023-07-28 18:51:13已使用年度流量:58993MB、补充流量:0MB、每日流量:1151MB、日任务数:80
07-28 18:51:14,319095 [INFOR] [systemlog] 当前:2023-07-28 18:51:14已使用年度流量:58995MB、补充流量:0MB、每日流量:1152MB、日任务数:81
07-28 18:51:17,434404 [INFOR] [systemlog] 当前:2023-07-28 18:51:17已使用年度流量:59003MB、补充流量:0MB、每日流量:1161MB、日任务数:82
07-28 18:51:26,280701 [INFOR] [systemlog] 当前:2023-07-28 18:51:26已使用年度流量:59032MB、补充流量:0MB、每日流量:1189MB、日任务数:83
07-28 18:51:29,011813 [INFOR] [systemlog] 当前:2023-07-28 18:51:29已使用年度流量:59039MB、补充流量:0MB、每日流量:1196MB、日任务数:84
07-28 18:51:31,017101 [INFOR] [systemlog] 当前:2023-07-28 18:51:31已使用年度流量:59042MB、补充流量:0MB、每日流量:1200MB、日任务数:85
07-28 18:51:32,600038 [INFOR] [systemlog] 当前:2023-07-28 18:51:32已使用年度流量:59045MB、补充流量:0MB、每日流量:1202MB、日任务数:86
07-28 18:51:35,517648 [INFOR] [systemlog] 当前:2023-07-28 18:51:35已使用年度流量:59052MB、补充流量:0MB、每日流量:1210MB、日任务数:87
07-28 18:51:36,487860 [INFOR] [systemlog] 当前:2023-07-28 18:51:36已使用年度流量:59052MB、补充流量:0MB、每日流量:1210MB、日任务数:88
07-28 18:51:39,637693 [INFOR] [systemlog] 当前:2023-07-28 18:51:39已使用年度流量:59060MB、补充流量:0MB、每日流量:1217MB、日任务数:89
07-28 18:51:41,819351 [INFOR] [systemlog] 当前:2023-07-28 18:51:41已使用年度流量:59065MB、补充流量:0MB、每日流量:1222MB、日任务数:90
07-28 18:51:42,832654 [INFOR] [systemlog] 当前:2023-07-28 18:51:42已使用年度流量:59065MB、补充流量:0MB、每日流量:1222MB、日任务数:91
07-28 18:51:44,887648 [INFOR] [systemlog] 当前:2023-07-28 18:51:44已使用年度流量:59070MB、补充流量:0MB、每日流量:1228MB、日任务数:92
07-28 18:51:46,101368 [INFOR] [systemlog] 当前:2023-07-28 18:51:46已使用年度流量:59071MB、补充流量:0MB、每日流量:1228MB、日任务数:93
07-28 18:52:06,619583 [INFOR] [systemlog] 当前:2023-07-28 18:52:06已使用年度流量:59153MB、补充流量:0MB、每日流量:1311MB、日任务数:94
07-28 18:52:09,344128 [INFOR] [systemlog] 当前:2023-07-28 18:52:09已使用年度流量:59160MB、补充流量:0MB、每日流量:1318MB、日任务数:95
07-28 18:52:11,389720 [INFOR] [systemlog] 当前:2023-07-28 18:52:11已使用年度流量:59163MB、补充流量:0MB、每日流量:1320MB、日任务数:96
07-28 18:52:13,405760 [INFOR] [systemlog] 当前:2023-07-28 18:52:13已使用年度流量:59166MB、补充流量:0MB、每日流量:1324MB、日任务数:97
07-28 19:00:59,671369 [INFOR] [systemlog] 当前:2023-07-28 19:00:59系统使用内存:7950MB, 硬盘:200222MB
07-28 19:08:29,680986 [INFOR] [systemlog] 当前:2023-07-28 19:08:29系统使用内存:9004MB, 硬盘:202597MB
07-28 19:10:59,665799 [INFOR] [systemlog] 当前:2023-07-28 19:10:59系统使用内存:10356MB, 硬盘:200444MB
07-28 19:11:59,673813 [INFOR] [systemlog] 当前:2023-07-28 19:11:59系统使用内存:8485MB, 硬盘:200502MB
07-28 19:13:59,676228 [INFOR] [systemlog] 当前:2023-07-28 19:13:59系统使用内存:10404MB, 硬盘:200563MB
07-28 19:15:29,683788 [INFOR] [systemlog] 当前:2023-07-28 19:15:29系统使用内存:8490MB, 硬盘:200551MB
07-28 19:25:29,679202 [INFOR] [systemlog] 当前:2023-07-28 19:25:29系统使用内存:9407MB, 硬盘:200897MB
07-28 19:26:59,666478 [INFOR] [systemlog] 当前:2023-07-28 19:26:59系统使用内存:8276MB, 硬盘:200896MB
07-28 19:28:59,675924 [INFOR] [systemlog] 当前:2023-07-28 19:28:59系统使用内存:9197MB, 硬盘:200934MB
07-28 19:32:59,674003 [INFOR] [systemlog] 当前:2023-07-28 19:32:59系统使用内存:11157MB, 硬盘:200956MB
07-28 19:33:29,673053 [INFOR] [systemlog] 当前:2023-07-28 19:33:29系统使用内存:12522MB, 硬盘:200961MB
07-28 19:37:00,320230 [INFOR] [systemlog] 当前:2023-07-28 19:37:00系统使用内存:16215MB, 硬盘:201028MB
07-28 19:40:29,669442 [INFOR] [systemlog] 当前:2023-07-28 19:40:29系统使用内存:11689MB, 硬盘:201026MB
07-28 19:44:29,678249 [INFOR] [systemlog] 当前:2023-07-28 19:44:29系统使用内存:12878MB, 硬盘:201056MB
07-28 19:46:29,683200 [INFOR] [systemlog] 当前:2023-07-28 19:46:29系统使用内存:8852MB, 硬盘:201040MB
07-28 19:48:59,672808 [INFOR] [systemlog] 当前:2023-07-28 19:48:59系统使用内存:9909MB, 硬盘:201073MB
07-28 19:50:29,678011 [INFOR] [systemlog] 当前:2023-07-28 19:50:29系统使用内存:11861MB, 硬盘:201141MB
07-28 19:50:59,684084 [INFOR] [systemlog] 当前:2023-07-28 19:50:59系统使用内存:10303MB, 硬盘:201121MB
07-28 19:51:29,668733 [INFOR] [systemlog] 当前:2023-07-28 19:51:29系统使用内存:12313MB, 硬盘:201122MB
07-28 19:57:59,676969 [INFOR] [systemlog] 当前:2023-07-28 19:57:59系统使用内存:14546MB, 硬盘:201033MB
07-28 19:58:29,672162 [INFOR] [systemlog] 当前:2023-07-28 19:58:29系统使用内存:8705MB, 硬盘:200956MB
07-28 19:59:59,671956 [INFOR] [systemlog] 当前:2023-07-28 19:59:59系统使用内存:10159MB, 硬盘:200975MB
07-28 20:02:59,680510 [INFOR] [systemlog] 当前:2023-07-28 20:02:59系统使用内存:12669MB, 硬盘:201056MB
07-28 20:03:59,673444 [INFOR] [systemlog] 当前:2023-07-28 20:03:59系统使用内存:11270MB, 硬盘:201016MB
07-28 20:04:29,669738 [INFOR] [systemlog] 当前:2023-07-28 20:04:29系统使用内存:12592MB, 硬盘:201017MB
07-28 20:05:29,677113 [INFOR] [systemlog] 当前:2023-07-28 20:05:29系统使用内存:14481MB, 硬盘:201044MB
07-28 20:06:29,675753 [INFOR] [systemlog] 当前:2023-07-28 20:06:29系统使用内存:12591MB, 硬盘:200953MB
07-28 20:09:29,690323 [INFOR] [systemlog] 当前:2023-07-28 20:09:29系统使用内存:9439MB, 硬盘:200973MB
07-28 20:11:59,673313 [INFOR] [systemlog] 当前:2023-07-28 20:11:59系统使用内存:10775MB, 硬盘:200974MB
07-28 20:14:29,675889 [INFOR] [systemlog] 当前:2023-07-28 20:14:29系统使用内存:11887MB, 硬盘:200996MB
07-28 20:15:59,666120 [INFOR] [systemlog] 当前:2023-07-28 20:15:59系统使用内存:13191MB, 硬盘:201135MB
07-28 20:18:29,675320 [INFOR] [systemlog] 当前:2023-07-28 20:18:29系统使用内存:14855MB, 硬盘:201256MB
07-28 20:18:59,665224 [INFOR] [systemlog] 当前:2023-07-28 20:18:59系统使用内存:10794MB, 硬盘:201260MB
07-28 20:19:29,667453 [INFOR] [systemlog] 当前:2023-07-28 20:19:29系统使用内存:9356MB, 硬盘:201191MB
07-28 20:19:59,692149 [INFOR] [systemlog] 当前:2023-07-28 20:19:59系统使用内存:10370MB, 硬盘:201221MB
07-28 20:20:59,674227 [INFOR] [systemlog] 当前:2023-07-28 20:20:59系统使用内存:15257MB, 硬盘:201364MB
07-28 20:21:29,675742 [INFOR] [systemlog] 当前:2023-07-28 20:21:29系统使用内存:17545MB, 硬盘:201482MB
07-28 20:24:59,686111 [INFOR] [systemlog] 当前:2023-07-28 20:24:59系统使用内存:19333MB, 硬盘:201714MB
07-28 20:25:59,672003 [INFOR] [systemlog] 当前:2023-07-28 20:25:59系统使用内存:17010MB, 硬盘:201773MB
07-28 20:26:29,665596 [INFOR] [systemlog] 当前:2023-07-28 20:26:29系统使用内存:13274MB, 硬盘:201336MB
07-28 20:27:29,666818 [INFOR] [systemlog] 当前:2023-07-28 20:27:29系统使用内存:9156MB, 硬盘:201324MB
07-28 20:31:29,670370 [INFOR] [systemlog] 当前:2023-07-28 20:31:29系统使用内存:10301MB, 硬盘:201363MB
07-28 20:31:59,668413 [INFOR] [systemlog] 当前:2023-07-28 20:31:59系统使用内存:9256MB, 硬盘:201365MB
07-28 20:32:59,673108 [INFOR] [systemlog] 当前:2023-07-28 20:32:59系统使用内存:12312MB, 硬盘:201319MB
07-28 20:33:29,668926 [INFOR] [systemlog] 当前:2023-07-28 20:33:29系统使用内存:13815MB, 硬盘:201339MB
07-28 20:34:59,669576 [INFOR] [systemlog] 当前:2023-07-28 20:34:59系统使用内存:17333MB, 硬盘:201337MB
07-28 20:35:59,781417 [INFOR] [systemlog] 当前:2023-07-28 20:35:59系统使用内存:22548MB, 硬盘:201360MB
07-28 20:37:36,149527 [INFOR] [systemlog] 当前:2023-07-28 20:37:36系统使用内存:28476MB, 硬盘:201343MB
07-28 20:42:59,666506 [INFOR] [systemlog] 当前:2023-07-28 20:42:59系统使用内存:22623MB, 硬盘:201349MB
07-28 20:43:29,666300 [INFOR] [systemlog] 当前:2023-07-28 20:43:29系统使用内存:25426MB, 硬盘:201375MB
07-28 20:44:29,691721 [INFOR] [systemlog] 当前:2023-07-28 20:44:29系统使用内存:20964MB, 硬盘:201350MB
07-28 20:45:29,666696 [INFOR] [systemlog] 当前:2023-07-28 20:45:29系统使用内存:14649MB, 硬盘:201359MB
07-28 20:45:59,668437 [INFOR] [systemlog] 当前:2023-07-28 20:45:59系统使用内存:16720MB, 硬盘:201350MB
07-28 20:47:29,673181 [INFOR] [systemlog] 当前:2023-07-28 20:47:29系统使用内存:21771MB, 硬盘:201388MB
07-28 20:48:29,667526 [INFOR] [systemlog] 当前:2023-07-28 20:48:29系统使用内存:24996MB, 硬盘:201373MB
07-28 20:51:59,990943 [INFOR] [systemlog] 当前:2023-07-28 20:51:59系统使用内存:27658MB, 硬盘:201398MB
07-28 20:54:29,676602 [INFOR] [systemlog] 当前:2023-07-28 20:54:29系统使用内存:22454MB, 硬盘:200838MB
07-28 20:56:29,670484 [INFOR] [systemlog] 当前:2023-07-28 20:56:29系统使用内存:18207MB, 硬盘:200849MB
07-28 20:56:59,668210 [INFOR] [systemlog] 当前:2023-07-28 20:56:59系统使用内存:20986MB, 硬盘:200857MB
07-28 20:57:29,666813 [INFOR] [systemlog] 当前:2023-07-28 20:57:29系统使用内存:14247MB, 硬盘:200833MB
07-28 20:59:29,671645 [INFOR] [systemlog] 当前:2023-07-28 20:59:29系统使用内存:15915MB, 硬盘:200865MB
07-28 20:59:59,673135 [INFOR] [systemlog] 当前:2023-07-28 20:59:59系统使用内存:10015MB, 硬盘:200835MB
07-28 21:00:59,666082 [INFOR] [systemlog] 当前:2023-07-28 21:00:59系统使用内存:6621MB, 硬盘:200829MB
07-28 21:02:59,677131 [INFOR] [systemlog] 当前:2023-07-28 21:02:59系统使用内存:8734MB, 硬盘:200842MB
07-28 21:03:29,668728 [INFOR] [systemlog] 当前:2023-07-28 21:03:29系统使用内存:6501MB, 硬盘:200840MB
07-28 21:03:59,668543 [INFOR] [systemlog] 当前:2023-07-28 21:03:59系统使用内存:10044MB, 硬盘:200849MB
07-28 21:04:29,668438 [INFOR] [systemlog] 当前:2023-07-28 21:04:29系统使用内存:12301MB, 硬盘:200879MB
07-28 21:05:29,667806 [INFOR] [systemlog] 当前:2023-07-28 21:05:29系统使用内存:13815MB, 硬盘:200867MB
07-28 21:05:59,678393 [INFOR] [systemlog] 当前:2023-07-28 21:05:59系统使用内存:18432MB, 硬盘:200872MB
07-28 21:06:29,666289 [INFOR] [systemlog] 当前:2023-07-28 21:06:29系统使用内存:23781MB, 硬盘:200864MB
07-28 21:06:59,667024 [INFOR] [systemlog] 当前:2023-07-28 21:06:59系统使用内存:26715MB, 硬盘:200858MB
07-28 21:13:00,206177 [INFOR] [systemlog] 当前:2023-07-28 21:13:00系统使用内存:29735MB, 硬盘:200864MB
07-28 21:13:29,712284 [INFOR] [systemlog] 当前:2023-07-28 21:13:29系统使用内存:25873MB, 硬盘:200864MB
07-28 21:13:59,670134 [INFOR] [systemlog] 当前:2023-07-28 21:13:59系统使用内存:21808MB, 硬盘:200857MB
07-28 21:15:29,667149 [INFOR] [systemlog] 当前:2023-07-28 21:15:29系统使用内存:17943MB, 硬盘:200844MB
07-28 21:15:59,673436 [INFOR] [systemlog] 当前:2023-07-28 21:15:59系统使用内存:11282MB, 硬盘:200853MB
07-28 21:16:59,669716 [INFOR] [systemlog] 当前:2023-07-28 21:16:59系统使用内存:14008MB, 硬盘:200837MB
07-28 21:17:29,670716 [INFOR] [systemlog] 当前:2023-07-28 21:17:29系统使用内存:15609MB, 硬盘:200880MB
07-28 21:19:29,674572 [INFOR] [systemlog] 当前:2023-07-28 21:19:29系统使用内存:17755MB, 硬盘:200844MB
07-28 21:25:29,673234 [INFOR] [systemlog] 当前:2023-07-28 21:25:29系统使用内存:13653MB, 硬盘:200847MB
07-28 21:27:29,674065 [INFOR] [systemlog] 当前:2023-07-28 21:27:29系统使用内存:9551MB, 硬盘:200844MB
07-28 21:28:29,673975 [INFOR] [systemlog] 当前:2023-07-28 21:28:29系统使用内存:5473MB, 硬盘:200840MB
07-28 21:50:59,666007 [INFOR] [systemlog] 当前:2023-07-28 21:50:59系统使用内存:8166MB, 硬盘:200894MB
07-28 21:51:29,665871 [INFOR] [systemlog] 当前:2023-07-28 21:51:29系统使用内存:5537MB, 硬盘:200888MB
07-28 21:58:59,672578 [INFOR] [systemlog] 当前:2023-07-28 21:58:59系统使用内存:6727MB, 硬盘:200993MB
07-28 21:59:29,667798 [INFOR] [systemlog] 当前:2023-07-28 21:59:29系统使用内存:7703MB, 硬盘:200977MB
07-28 21:59:59,672356 [INFOR] [systemlog] 当前:2023-07-28 21:59:59系统使用内存:8608MB, 硬盘:200961MB
07-28 22:00:29,668230 [INFOR] [systemlog] 当前:2023-07-28 22:00:29系统使用内存:5616MB, 硬盘:200891MB
07-28 22:00:59,675806 [INFOR] [systemlog] 当前:2023-07-28 22:00:59系统使用内存:6403MB, 硬盘:200907MB
07-28 22:02:29,667268 [INFOR] [systemlog] 当前:2023-07-28 22:02:29系统使用内存:5519MB, 硬盘:200899MB
07-28 22:02:59,667535 [INFOR] [systemlog] 当前:2023-07-28 22:02:59系统使用内存:6076MB, 硬盘:200900MB
07-28 22:04:29,669861 [INFOR] [systemlog] 当前:2023-07-28 22:04:29系统使用内存:7981MB, 硬盘:201010MB
07-28 22:05:29,666331 [INFOR] [systemlog] 当前:2023-07-28 22:05:29系统使用内存:5465MB, 硬盘:200897MB
07-28 22:08:29,681996 [INFOR] [systemlog] 当前:2023-07-28 22:08:29系统使用内存:6358MB, 硬盘:200958MB
07-28 22:08:59,669265 [INFOR] [systemlog] 当前:2023-07-28 22:08:59系统使用内存:9646MB, 硬盘:200968MB
07-28 22:10:59,676626 [INFOR] [systemlog] 当前:2023-07-28 22:10:59系统使用内存:10669MB, 硬盘:200997MB
07-28 22:11:29,678951 [INFOR] [systemlog] 当前:2023-07-28 22:11:29系统使用内存:7090MB, 硬盘:201021MB
07-28 22:12:29,666939 [INFOR] [systemlog] 当前:2023-07-28 22:12:29系统使用内存:7838MB, 硬盘:200992MB
07-28 22:12:59,677858 [INFOR] [systemlog] 当前:2023-07-28 22:12:59系统使用内存:9699MB, 硬盘:201060MB
07-28 22:14:29,667896 [INFOR] [systemlog] 当前:2023-07-28 22:14:29系统使用内存:11243MB, 硬盘:201084MB
07-28 22:15:29,673087 [INFOR] [systemlog] 当前:2023-07-28 22:15:29系统使用内存:9766MB, 硬盘:201067MB
07-28 22:15:59,667022 [INFOR] [systemlog] 当前:2023-07-28 22:15:59系统使用内存:6082MB, 硬盘:201065MB
07-28 22:17:59,667300 [INFOR] [systemlog] 当前:2023-07-28 22:17:59系统使用内存:7464MB, 硬盘:201084MB
07-28 22:18:29,667500 [INFOR] [systemlog] 当前:2023-07-28 22:18:29系统使用内存:6053MB, 硬盘:201066MB
07-28 22:20:59,677152 [INFOR] [systemlog] 当前:2023-07-28 22:20:59系统使用内存:7024MB, 硬盘:201062MB
07-28 22:21:59,666953 [INFOR] [systemlog] 当前:2023-07-28 22:21:59系统使用内存:6314MB, 硬盘:201057MB
07-28 22:22:59,668885 [INFOR] [systemlog] 当前:2023-07-28 22:22:59系统使用内存:7502MB, 硬盘:201079MB
07-28 22:23:29,667642 [INFOR] [systemlog] 当前:2023-07-28 22:23:29系统使用内存:5939MB, 硬盘:201058MB
07-28 22:25:29,671358 [INFOR] [systemlog] 当前:2023-07-28 22:25:29系统使用内存:6746MB, 硬盘:201093MB
07-28 22:26:59,673463 [INFOR] [systemlog] 当前:2023-07-28 22:26:59系统使用内存:7499MB, 硬盘:201088MB
07-28 22:27:29,684181 [INFOR] [systemlog] 当前:2023-07-28 22:27:29系统使用内存:10027MB, 硬盘:201068MB
07-28 22:27:59,669201 [INFOR] [systemlog] 当前:2023-07-28 22:27:59系统使用内存:7534MB, 硬盘:201104MB
07-28 22:28:29,675477 [INFOR] [systemlog] 当前:2023-07-28 22:28:29系统使用内存:9766MB, 硬盘:201083MB
07-28 22:30:59,669797 [INFOR] [systemlog] 当前:2023-07-28 22:30:59系统使用内存:5637MB, 硬盘:201061MB
07-28 22:31:29,666498 [INFOR] [systemlog] 当前:2023-07-28 22:31:29系统使用内存:7087MB, 硬盘:201093MB
07-28 22:32:59,669838 [INFOR] [systemlog] 当前:2023-07-28 22:32:59系统使用内存:9072MB, 硬盘:201070MB
07-28 22:33:29,671591 [INFOR] [systemlog] 当前:2023-07-28 22:33:29系统使用内存:10256MB, 硬盘:201076MB
07-28 22:38:29,670848 [INFOR] [systemlog] 当前:2023-07-28 22:38:29系统使用内存:6169MB, 硬盘:201084MB
07-28 22:43:59,667924 [INFOR] [systemlog] 当前:2023-07-28 22:43:59系统使用内存:6805MB, 硬盘:201110MB
07-28 22:44:29,668538 [INFOR] [systemlog] 当前:2023-07-28 22:44:29系统使用内存:7674MB, 硬盘:201086MB
07-28 22:46:59,673848 [INFOR] [systemlog] 当前:2023-07-28 22:46:59系统使用内存:9094MB, 硬盘:201113MB
07-28 22:47:29,668564 [INFOR] [systemlog] 当前:2023-07-28 22:47:29系统使用内存:8113MB, 硬盘:201097MB
07-28 22:49:59,677412 [INFOR] [systemlog] 当前:2023-07-28 22:49:59系统使用内存:9543MB, 硬盘:201118MB
07-28 22:53:59,666878 [INFOR] [systemlog] 当前:2023-07-28 22:53:59系统使用内存:5927MB, 硬盘:201089MB
07-28 22:54:29,667333 [INFOR] [systemlog] 当前:2023-07-28 22:54:29系统使用内存:7048MB, 硬盘:201114MB
07-28 22:54:59,668839 [INFOR] [systemlog] 当前:2023-07-28 22:54:59系统使用内存:7754MB, 硬盘:201097MB
07-28 22:58:59,669880 [INFOR] [systemlog] 当前:2023-07-28 22:58:59系统使用内存:8545MB, 硬盘:201100MB
07-28 22:59:59,674474 [INFOR] [systemlog] 当前:2023-07-28 22:59:59系统使用内存:10293MB, 硬盘:201130MB
07-28 23:00:29,668694 [INFOR] [systemlog] 当前:2023-07-28 23:00:29系统使用内存:8645MB, 硬盘:201115MB
07-28 23:01:29,670456 [INFOR] [systemlog] 当前:2023-07-28 23:01:29系统使用内存:9750MB, 硬盘:201130MB
07-28 23:02:29,671793 [INFOR] [systemlog] 当前:2023-07-28 23:02:29系统使用内存:11070MB, 硬盘:201132MB
07-28 23:03:59,670670 [INFOR] [systemlog] 当前:2023-07-28 23:03:59系统使用内存:8891MB, 硬盘:201109MB
07-28 23:04:29,665877 [INFOR] [systemlog] 当前:2023-07-28 23:04:29系统使用内存:5920MB, 硬盘:201104MB
07-28 23:05:29,684171 [INFOR] [systemlog] 当前:2023-07-28 23:05:29系统使用内存:7093MB, 硬盘:201145MB
07-28 23:06:29,672861 [INFOR] [systemlog] 当前:2023-07-28 23:06:29系统使用内存:8007MB, 硬盘:201242MB
07-28 23:07:29,684560 [INFOR] [systemlog] 当前:2023-07-28 23:07:29系统使用内存:9724MB, 硬盘:201254MB
07-28 23:08:29,684232 [INFOR] [systemlog] 当前:2023-07-28 23:08:29系统使用内存:8443MB, 硬盘:201237MB
07-28 23:10:29,681558 [INFOR] [systemlog] 当前:2023-07-28 23:10:29系统使用内存:9643MB, 硬盘:201298MB
07-28 23:12:29,681162 [INFOR] [systemlog] 当前:2023-07-28 23:12:29系统使用内存:10895MB, 硬盘:201321MB
07-28 23:14:59,671323 [INFOR] [systemlog] 当前:2023-07-28 23:14:59系统使用内存:8807MB, 硬盘:201249MB
07-28 23:15:59,670862 [INFOR] [systemlog] 当前:2023-07-28 23:15:59系统使用内存:6085MB, 硬盘:201135MB
07-28 23:20:59,673098 [INFOR] [systemlog] 当前:2023-07-28 23:20:59系统使用内存:6904MB, 硬盘:201216MB
07-28 23:21:29,672324 [INFOR] [systemlog] 当前:2023-07-28 23:21:29系统使用内存:8369MB, 硬盘:201209MB
07-28 23:31:29,684378 [INFOR] [systemlog] 当前:2023-07-28 23:31:29系统使用内存:9312MB, 硬盘:201199MB
07-28 23:31:59,678112 [INFOR] [systemlog] 当前:2023-07-28 23:31:59系统使用内存:6353MB, 硬盘:201192MB
07-28 23:37:29,681307 [INFOR] [systemlog] 当前:2023-07-28 23:37:29系统使用内存:7064MB, 硬盘:201210MB
07-28 23:47:29,668198 [INFOR] [systemlog] 当前:2023-07-28 23:47:29系统使用内存:6001MB, 硬盘:201193MB
07-28 23:50:59,674289 [INFOR] [systemlog] 当前:2023-07-28 23:50:59系统使用内存:7528MB, 硬盘:201231MB
07-28 23:51:29,669263 [INFOR] [systemlog] 当前:2023-07-28 23:51:29系统使用内存:8349MB, 硬盘:201213MB
07-28 23:51:59,666785 [INFOR] [systemlog] 当前:2023-07-28 23:51:59系统使用内存:6114MB, 硬盘:201195MB
07-28 23:53:29,669609 [INFOR] [systemlog] 当前:2023-07-28 23:53:29系统使用内存:7126MB, 硬盘:201265MB
07-28 23:53:59,684824 [INFOR] [systemlog] 当前:2023-07-28 23:53:59系统使用内存:8460MB, 硬盘:201344MB
07-28 23:54:29,676869 [INFOR] [systemlog] 当前:2023-07-28 23:54:29系统使用内存:10735MB, 硬盘:201356MB
07-28 23:54:59,671846 [INFOR] [systemlog] 当前:2023-07-28 23:54:59系统使用内存:15361MB, 硬盘:201384MB
07-28 23:57:29,675496 [INFOR] [systemlog] 当前:2023-07-28 23:57:29系统使用内存:17540MB, 硬盘:201449MB
07-28 23:57:59,670650 [INFOR] [systemlog] 当前:2023-07-28 23:57:59系统使用内存:19368MB, 硬盘:201442MB
07-28 23:58:29,675085 [INFOR] [systemlog] 当前:2023-07-28 23:58:29系统使用内存:17397MB, 硬盘:201474MB

