07-27 00:00:00,007726 [INFOR] [systemlog] 当前:2023-07-27 00:00:00系统刷新每日流量和日任务数
07-27 00:01:13,754747 [INFOR] [systemlog] 当前:2023-07-27 00:01:13系统使用内存:12684MB, 硬盘:188489MB
07-27 00:02:13,759525 [INFOR] [systemlog] 当前:2023-07-27 00:02:13系统使用内存:14234MB, 硬盘:188515MB
07-27 00:03:13,750269 [INFOR] [systemlog] 当前:2023-07-27 00:03:13系统使用内存:16377MB, 硬盘:188490MB
07-27 00:06:43,753614 [INFOR] [systemlog] 当前:2023-07-27 00:06:43系统使用内存:13458MB, 硬盘:188487MB
07-27 00:07:43,749502 [INFOR] [systemlog] 当前:2023-07-27 00:07:43系统使用内存:9876MB, 硬盘:188469MB
07-27 00:15:43,756513 [INFOR] [systemlog] 当前:2023-07-27 00:15:43系统使用内存:11487MB, 硬盘:188549MB
07-27 00:16:43,754277 [INFOR] [systemlog] 当前:2023-07-27 00:16:43系统使用内存:14573MB, 硬盘:188517MB
07-27 00:23:13,747255 [INFOR] [systemlog] 当前:2023-07-27 00:23:13系统使用内存:10209MB, 硬盘:188505MB
07-27 00:26:43,758796 [INFOR] [systemlog] 当前:2023-07-27 00:26:43系统使用内存:12775MB, 硬盘:188627MB
07-27 00:28:13,785168 [INFOR] [systemlog] 当前:2023-07-27 00:28:13系统使用内存:14133MB, 硬盘:189210MB
07-27 00:28:43,764142 [INFOR] [systemlog] 当前:2023-07-27 00:28:43系统使用内存:16631MB, 硬盘:189333MB
07-27 00:29:13,760892 [INFOR] [systemlog] 当前:2023-07-27 00:29:13系统使用内存:13748MB, 硬盘:189316MB
07-27 00:34:13,758209 [INFOR] [systemlog] 当前:2023-07-27 00:34:13系统使用内存:15246MB, 硬盘:189397MB
07-27 00:36:13,763772 [INFOR] [systemlog] 当前:2023-07-27 00:36:13系统使用内存:10456MB, 硬盘:189198MB
07-27 00:44:43,758519 [INFOR] [systemlog] 当前:2023-07-27 00:44:43系统使用内存:12464MB, 硬盘:189422MB
07-27 00:46:43,762909 [INFOR] [systemlog] 当前:2023-07-27 00:46:43系统使用内存:13966MB, 硬盘:189434MB
07-27 00:52:13,758233 [INFOR] [systemlog] 当前:2023-07-27 00:52:13系统使用内存:15502MB, 硬盘:189691MB
07-27 00:53:43,750382 [INFOR] [systemlog] 当前:2023-07-27 00:53:43系统使用内存:10861MB, 硬盘:189238MB
07-27 01:15:43,748886 [INFOR] [systemlog] 当前:2023-07-27 01:15:43系统使用内存:12301MB, 硬盘:188671MB
07-27 01:16:13,748349 [INFOR] [systemlog] 当前:2023-07-27 01:16:13系统使用内存:10092MB, 硬盘:188664MB
07-27 01:18:13,746050 [INFOR] [systemlog] 当前:2023-07-27 01:18:13系统使用内存:12525MB, 硬盘:188671MB
07-27 01:18:43,747381 [INFOR] [systemlog] 当前:2023-07-27 01:18:43系统使用内存:10220MB, 硬盘:188206MB
07-27 01:19:13,761090 [INFOR] [systemlog] 当前:2023-07-27 01:19:13系统使用内存:12455MB, 硬盘:188430MB
07-27 01:20:13,752354 [INFOR] [systemlog] 当前:2023-07-27 01:20:13系统使用内存:11091MB, 硬盘:188368MB
07-27 01:21:43,759716 [INFOR] [systemlog] 当前:2023-07-27 01:21:43系统使用内存:12328MB, 硬盘:188477MB
07-27 01:23:43,766978 [INFOR] [systemlog] 当前:2023-07-27 01:23:43系统使用内存:13838MB, 硬盘:188738MB
07-27 01:25:43,785677 [INFOR] [systemlog] 当前:2023-07-27 01:25:43系统使用内存:17197MB, 硬盘:188900MB
07-27 01:26:13,756456 [INFOR] [systemlog] 当前:2023-07-27 01:26:13系统使用内存:15145MB, 硬盘:188889MB
07-27 01:28:13,759036 [INFOR] [systemlog] 当前:2023-07-27 01:28:13系统使用内存:17344MB, 硬盘:189050MB
07-27 01:29:13,749079 [INFOR] [systemlog] 当前:2023-07-27 01:29:13系统使用内存:15006MB, 硬盘:188391MB
07-27 01:31:13,758010 [INFOR] [systemlog] 当前:2023-07-27 01:31:13系统使用内存:17316MB, 硬盘:188474MB
07-27 01:32:43,758573 [INFOR] [systemlog] 当前:2023-07-27 01:32:43系统使用内存:19428MB, 硬盘:188338MB
07-27 01:33:13,765913 [INFOR] [systemlog] 当前:2023-07-27 01:33:13系统使用内存:21802MB, 硬盘:188363MB
07-27 01:33:43,758908 [INFOR] [systemlog] 当前:2023-07-27 01:33:43系统使用内存:18597MB, 硬盘:188322MB
07-27 01:34:43,771664 [INFOR] [systemlog] 当前:2023-07-27 01:34:43系统使用内存:21558MB, 硬盘:188354MB
07-27 01:36:43,759538 [INFOR] [systemlog] 当前:2023-07-27 01:36:43系统使用内存:16646MB, 硬盘:188354MB
07-27 01:37:43,760731 [INFOR] [systemlog] 当前:2023-07-27 01:37:43系统使用内存:20762MB, 硬盘:188340MB
07-27 01:39:43,777624 [INFOR] [systemlog] 当前:2023-07-27 01:39:43系统使用内存:23360MB, 硬盘:188310MB
07-27 01:41:43,748961 [INFOR] [systemlog] 当前:2023-07-27 01:41:43系统使用内存:26497MB, 硬盘:188305MB
07-27 01:43:14,803199 [INFOR] [systemlog] 当前:2023-07-27 01:43:14系统使用内存:29281MB, 硬盘:188317MB
07-27 01:45:43,747912 [INFOR] [systemlog] 当前:2023-07-27 01:45:43系统使用内存:25847MB, 硬盘:188298MB
07-27 01:46:13,755278 [INFOR] [systemlog] 当前:2023-07-27 01:46:13系统使用内存:22787MB, 硬盘:188309MB
07-27 01:46:43,757879 [INFOR] [systemlog] 当前:2023-07-27 01:46:43系统使用内存:18362MB, 硬盘:188300MB
07-27 01:47:13,750720 [INFOR] [systemlog] 当前:2023-07-27 01:47:13系统使用内存:21861MB, 硬盘:188292MB
07-27 01:48:13,754221 [INFOR] [systemlog] 当前:2023-07-27 01:48:13系统使用内存:26781MB, 硬盘:188313MB
07-27 01:48:43,749192 [INFOR] [systemlog] 当前:2023-07-27 01:48:43系统使用内存:21741MB, 硬盘:188292MB
07-27 01:51:43,752174 [INFOR] [systemlog] 当前:2023-07-27 01:51:43系统使用内存:17718MB, 硬盘:188294MB
07-27 01:53:13,747824 [INFOR] [systemlog] 当前:2023-07-27 01:53:13系统使用内存:20179MB, 硬盘:188402MB
07-27 01:56:13,749015 [INFOR] [systemlog] 当前:2023-07-27 01:56:13系统使用内存:15636MB, 硬盘:188469MB
07-27 01:57:13,758163 [INFOR] [systemlog] 当前:2023-07-27 01:57:13系统使用内存:11838MB, 硬盘:188468MB
07-27 01:58:13,759055 [INFOR] [systemlog] 当前:2023-07-27 01:58:13系统使用内存:14927MB, 硬盘:188502MB
07-27 01:59:43,765384 [INFOR] [systemlog] 当前:2023-07-27 01:59:43系统使用内存:13213MB, 硬盘:188959MB
07-27 02:00:13,766460 [INFOR] [systemlog] 当前:2023-07-27 02:00:13系统使用内存:14997MB, 硬盘:189092MB
07-27 02:00:43,756774 [INFOR] [systemlog] 当前:2023-07-27 02:00:43系统使用内存:16779MB, 硬盘:189143MB
07-27 02:01:43,747998 [INFOR] [systemlog] 当前:2023-07-27 02:01:43系统使用内存:19125MB, 硬盘:188521MB
07-27 02:07:13,754686 [INFOR] [systemlog] 当前:2023-07-27 02:07:13系统使用内存:15415MB, 硬盘:188577MB
07-27 02:07:43,751011 [INFOR] [systemlog] 当前:2023-07-27 02:07:43系统使用内存:13761MB, 硬盘:188547MB
07-27 02:08:13,755162 [INFOR] [systemlog] 当前:2023-07-27 02:08:13系统使用内存:10441MB, 硬盘:188574MB
07-27 02:12:43,759018 [INFOR] [systemlog] 当前:2023-07-27 02:12:43系统使用内存:11766MB, 硬盘:188593MB
07-27 02:16:43,760162 [INFOR] [systemlog] 当前:2023-07-27 02:16:43系统使用内存:13640MB, 硬盘:188638MB
07-27 02:20:43,747522 [INFOR] [systemlog] 当前:2023-07-27 02:20:43系统使用内存:10676MB, 硬盘:188657MB
07-27 02:21:43,748717 [INFOR] [systemlog] 当前:2023-07-27 02:21:43系统使用内存:12722MB, 硬盘:188703MB
07-27 02:22:43,757920 [INFOR] [systemlog] 当前:2023-07-27 02:22:43系统使用内存:14374MB, 硬盘:188707MB
07-27 02:24:13,747543 [INFOR] [systemlog] 当前:2023-07-27 02:24:13系统使用内存:11299MB, 硬盘:188637MB
07-27 02:28:13,753097 [INFOR] [systemlog] 当前:2023-07-27 02:28:13系统使用内存:12475MB, 硬盘:188661MB
07-27 02:29:43,750632 [INFOR] [systemlog] 当前:2023-07-27 02:29:43系统使用内存:10306MB, 硬盘:188568MB
07-27 02:45:43,761900 [INFOR] [systemlog] 当前:2023-07-27 02:45:43系统使用内存:11447MB, 硬盘:188580MB
07-27 02:47:43,760025 [INFOR] [systemlog] 当前:2023-07-27 02:47:43系统使用内存:13907MB, 硬盘:188580MB
07-27 02:54:13,761031 [INFOR] [systemlog] 当前:2023-07-27 02:54:13系统使用内存:10181MB, 硬盘:188582MB
07-27 09:39:36,840803 [INFOR] [systemlog] 当前:2023-07-27 09:39:36系统启动时间
07-27 09:39:36,858961 [INFOR] [systemlog] 当前:2023-07-27 09:39:36系统使用的内存:9586MB, 使用硬盘:188632MB
07-27 09:39:36,998414 [INFOR] [systemlog] 当前:2023-07-27 09:39:36已使用年度流量:56689MB、补充流量:0MB、每日流量:0MB、日任务数:0
07-27 09:39:37,003451 [INFOR] [systemlog] 当前:2023-07-27 09:39:36系统配额年度流量:71680000000MB、补充流量:0MB、每日流量:7168000MB、日任务数:1260
07-27 09:55:10,477256 [INFOR] [systemlog] 当前:2023-07-27 09:55:10已使用年度流量:56690MB、补充流量:0MB、每日流量:1MB、日任务数:1
07-27 09:56:35,816712 [INFOR] [systemlog] 当前:2023-07-27 09:56:35系统使用内存:11354MB, 硬盘:188714MB
07-27 09:57:35,815774 [INFOR] [systemlog] 当前:2023-07-27 09:57:35系统使用内存:9704MB, 硬盘:188703MB
07-27 10:08:31,753586 [INFOR] [systemlog] 当前:2023-07-27 10:08:31已使用年度流量:56700MB、补充流量:0MB、每日流量:11MB、日任务数:2
07-27 10:09:05,827165 [INFOR] [systemlog] 当前:2023-07-27 10:09:05系统使用内存:10752MB, 硬盘:187492MB
07-27 10:10:35,832709 [INFOR] [systemlog] 当前:2023-07-27 10:10:35系统使用内存:12366MB, 硬盘:188304MB
07-27 10:11:05,817402 [INFOR] [systemlog] 当前:2023-07-27 10:11:05系统使用内存:11129MB, 硬盘:188623MB
07-27 10:20:43,754610 [INFOR] [systemlog] 当前:2023-07-27 10:20:43系统使用内存:9825MB, 硬盘:188777MB
07-27 10:21:51,190589 [INFOR] [systemlog] 当前:2023-07-27 10:21:51系统启动时间
07-27 10:21:51,204749 [INFOR] [systemlog] 当前:2023-07-27 10:21:51系统使用的内存:9921MB, 使用硬盘:188779MB
07-27 10:21:51,327040 [INFOR] [systemlog] 当前:2023-07-27 10:21:51已使用年度流量:56700MB、补充流量:0MB、每日流量:11MB、日任务数:2
07-27 10:21:51,332995 [INFOR] [systemlog] 当前:2023-07-27 10:21:51系统配额年度流量:71680000000MB、补充流量:0MB、每日流量:7168000MB、日任务数:1260
07-27 10:22:15,069440 [INFOR] [systemlog] 当前:2023-07-27 10:22:15系统启动时间
07-27 10:22:15,083758 [INFOR] [systemlog] 当前:2023-07-27 10:22:15系统使用的内存:9917MB, 使用硬盘:188778MB
07-27 10:22:15,212680 [INFOR] [systemlog] 当前:2023-07-27 10:22:15已使用年度流量:56700MB、补充流量:0MB、每日流量:11MB、日任务数:2
07-27 10:22:15,218416 [INFOR] [systemlog] 当前:2023-07-27 10:22:15系统配额年度流量:71680000000MB、补充流量:0MB、每日流量:7168000MB、日任务数:1260
07-27 10:22:35,121069 [INFOR] [systemlog] 当前:2023-07-27 10:22:35系统启动时间
07-27 10:22:35,133951 [INFOR] [systemlog] 当前:2023-07-27 10:22:35系统使用的内存:9932MB, 使用硬盘:188778MB
07-27 10:22:35,279784 [INFOR] [systemlog] 当前:2023-07-27 10:22:35已使用年度流量:56700MB、补充流量:0MB、每日流量:11MB、日任务数:2
07-27 10:22:35,283654 [INFOR] [systemlog] 当前:2023-07-27 10:22:35系统配额年度流量:71680000000MB、补充流量:0MB、每日流量:7168000MB、日任务数:1260
07-27 10:23:22,816677 [INFOR] [systemlog] 当前:2023-07-27 10:23:22系统启动时间
07-27 10:23:22,867606 [INFOR] [systemlog] 当前:2023-07-27 10:23:22系统使用的内存:8191MB, 使用硬盘:188763MB
07-27 10:23:23,022106 [INFOR] [systemlog] 当前:2023-07-27 10:23:22已使用年度流量:56700MB、补充流量:0MB、每日流量:11MB、日任务数:2
07-27 10:23:23,027801 [INFOR] [systemlog] 当前:2023-07-27 10:23:22系统配额年度流量:71680000000MB、补充流量:0MB、每日流量:7168000MB、日任务数:1260
07-27 10:37:53,431984 [INFOR] [systemlog] 当前:2023-07-27 10:37:53已使用年度流量:56700MB、补充流量:0MB、每日流量:11MB、日任务数:3
07-27 10:43:38,631251 [INFOR] [systemlog] 当前:2023-07-27 10:43:38已使用年度流量:57100MB、补充流量:0MB、每日流量:411MB、日任务数:4
07-27 10:47:39,578782 [INFOR] [systemlog] 当前:2023-07-27 10:47:39已使用年度流量:57100MB、补充流量:0MB、每日流量:411MB、日任务数:5
07-27 10:51:34,849295 [INFOR] [systemlog] 当前:2023-07-27 10:51:34已使用年度流量:57103MB、补充流量:0MB、每日流量:413MB、日任务数:6
07-27 11:26:54,392524 [INFOR] [systemlog] 当前:2023-07-27 11:26:54已使用年度流量:57105MB、补充流量:0MB、每日流量:416MB、日任务数:7
07-27 11:30:14,129400 [INFOR] [systemlog] 当前:2023-07-27 11:30:14已使用年度流量:57108MB、补充流量:0MB、每日流量:418MB、日任务数:8
07-27 11:32:40,010135 [INFOR] [systemlog] 当前:2023-07-27 11:32:40已使用年度流量:57110MB、补充流量:0MB、每日流量:421MB、日任务数:9
07-27 11:37:45,711135 [INFOR] [systemlog] 当前:2023-07-27 11:37:45已使用年度流量:57388MB、补充流量:0MB、每日流量:699MB、日任务数:10
07-27 11:45:21,926484 [INFOR] [systemlog] 当前:2023-07-27 11:45:21系统使用内存:9274MB, 硬盘:189478MB
07-27 11:48:17,505050 [INFOR] [systemlog] 当前:2023-07-27 11:48:17已使用年度流量:57400MB、补充流量:0MB、每日流量:711MB、日任务数:11
07-27 11:50:21,923652 [INFOR] [systemlog] 当前:2023-07-27 11:50:21系统使用内存:10315MB, 硬盘:189640MB
07-27 11:54:51,916044 [INFOR] [systemlog] 当前:2023-07-27 11:54:51系统使用内存:9253MB, 硬盘:189640MB
07-27 11:55:37,050225 [INFOR] [systemlog] 当前:2023-07-27 11:55:37已使用年度流量:57401MB、补充流量:0MB、每日流量:712MB、日任务数:12
07-27 11:56:23,454321 [INFOR] [systemlog] 当前:2023-07-27 11:56:23已使用年度流量:57403MB、补充流量:0MB、每日流量:713MB、日任务数:13
07-27 11:57:51,920416 [INFOR] [systemlog] 当前:2023-07-27 11:57:51系统使用内存:10532MB, 硬盘:189693MB
07-27 11:58:10,009868 [INFOR] [systemlog] 当前:2023-07-27 11:58:10已使用年度流量:57408MB、补充流量:0MB、每日流量:718MB、日任务数:14
07-27 11:58:21,918340 [INFOR] [systemlog] 当前:2023-07-27 11:58:21系统使用内存:8773MB, 硬盘:189655MB
07-27 11:58:51,924458 [INFOR] [systemlog] 当前:2023-07-27 11:58:51系统使用内存:9716MB, 硬盘:189725MB
07-27 11:59:51,928273 [INFOR] [systemlog] 当前:2023-07-27 11:59:51系统使用内存:11053MB, 硬盘:189790MB
07-27 12:02:21,927236 [INFOR] [systemlog] 当前:2023-07-27 12:02:21系统使用内存:12200MB, 硬盘:189885MB
07-27 12:03:51,920857 [INFOR] [systemlog] 当前:2023-07-27 12:03:51系统使用内存:14228MB, 硬盘:189946MB
07-27 12:05:21,924999 [INFOR] [systemlog] 当前:2023-07-27 12:05:21系统使用内存:15780MB, 硬盘:189865MB
07-27 12:07:51,931485 [INFOR] [systemlog] 当前:2023-07-27 12:07:51系统使用内存:14114MB, 硬盘:189866MB
07-27 12:08:21,923266 [INFOR] [systemlog] 当前:2023-07-27 12:08:21系统使用内存:12271MB, 硬盘:189866MB
07-27 12:08:51,933853 [INFOR] [systemlog] 当前:2023-07-27 12:08:51系统使用内存:10058MB, 硬盘:189862MB
07-27 12:09:51,921953 [INFOR] [systemlog] 当前:2023-07-27 12:09:51系统使用内存:8810MB, 硬盘:189709MB
07-27 12:34:26,386136 [INFOR] [systemlog] 当前:2023-07-27 12:34:26已使用年度流量:57432MB、补充流量:0MB、每日流量:743MB、日任务数:15
07-27 12:36:21,924010 [INFOR] [systemlog] 当前:2023-07-27 12:36:21系统使用内存:10526MB, 硬盘:189898MB
07-27 12:37:58,907019 [INFOR] [systemlog] 当前:2023-07-27 12:37:58已使用年度流量:57441MB、补充流量:0MB、每日流量:752MB、日任务数:16
07-27 12:40:21,929547 [INFOR] [systemlog] 当前:2023-07-27 12:40:21系统使用内存:8915MB, 硬盘:190209MB
07-27 12:53:51,946304 [INFOR] [systemlog] 当前:2023-07-27 12:53:51系统使用内存:10807MB, 硬盘:191067MB
07-27 12:54:21,918724 [INFOR] [systemlog] 当前:2023-07-27 12:54:21系统使用内存:9109MB, 硬盘:191034MB
07-27 12:57:21,932425 [INFOR] [systemlog] 当前:2023-07-27 12:57:21系统使用内存:13396MB, 硬盘:191196MB
07-27 12:57:51,919058 [INFOR] [systemlog] 当前:2023-07-27 12:57:51系统使用内存:9665MB, 硬盘:191101MB
07-27 13:42:23,816004 [INFOR] [systemlog] 当前:2023-07-27 13:42:23已使用年度流量:57443MB、补充流量:0MB、每日流量:753MB、日任务数:17
07-27 13:44:51,926276 [INFOR] [systemlog] 当前:2023-07-27 13:44:51系统使用内存:12172MB, 硬盘:191280MB
07-27 13:45:21,919437 [INFOR] [systemlog] 当前:2023-07-27 13:45:21系统使用内存:9230MB, 硬盘:191261MB
07-27 13:48:21,927495 [INFOR] [systemlog] 当前:2023-07-27 13:48:21系统使用内存:10899MB, 硬盘:191311MB
07-27 13:49:21,919310 [INFOR] [systemlog] 当前:2023-07-27 13:49:21系统使用内存:9114MB, 硬盘:191288MB
07-27 14:06:18,659678 [INFOR] [systemlog] 当前:2023-07-27 14:06:18已使用年度流量:57445MB、补充流量:0MB、每日流量:756MB、日任务数:18
07-27 14:20:38,136262 [INFOR] [systemlog] 当前:2023-07-27 14:20:38已使用年度流量:57447MB、补充流量:0MB、每日流量:758MB、日任务数:19
07-27 14:22:29,334566 [INFOR] [systemlog] 当前:2023-07-27 14:22:29已使用年度流量:57447MB、补充流量:0MB、每日流量:758MB、日任务数:20
07-27 14:23:16,066875 [INFOR] [systemlog] 当前:2023-07-27 14:23:16已使用年度流量:57448MB、补充流量:0MB、每日流量:758MB、日任务数:21
07-27 14:23:16,855751 [INFOR] [systemlog] 当前:2023-07-27 14:23:16已使用年度流量:57448MB、补充流量:0MB、每日流量:758MB、日任务数:22
07-27 14:23:17,825734 [INFOR] [systemlog] 当前:2023-07-27 14:23:17已使用年度流量:57448MB、补充流量:0MB、每日流量:759MB、日任务数:23
07-27 14:23:18,637557 [INFOR] [systemlog] 当前:2023-07-27 14:23:18已使用年度流量:57448MB、补充流量:0MB、每日流量:759MB、日任务数:24
07-27 14:23:19,680464 [INFOR] [systemlog] 当前:2023-07-27 14:23:19已使用年度流量:57449MB、补充流量:0MB、每日流量:759MB、日任务数:25
07-27 14:23:20,348762 [INFOR] [systemlog] 当前:2023-07-27 14:23:20已使用年度流量:57449MB、补充流量:0MB、每日流量:760MB、日任务数:26
07-27 14:23:20,996086 [INFOR] [systemlog] 当前:2023-07-27 14:23:20已使用年度流量:57449MB、补充流量:0MB、每日流量:760MB、日任务数:27
07-27 14:23:21,628759 [INFOR] [systemlog] 当前:2023-07-27 14:23:21已使用年度流量:57450MB、补充流量:0MB、每日流量:760MB、日任务数:28
07-27 14:23:22,336563 [INFOR] [systemlog] 当前:2023-07-27 14:23:22已使用年度流量:57450MB、补充流量:0MB、每日流量:761MB、日任务数:29
07-27 14:23:23,204273 [INFOR] [systemlog] 当前:2023-07-27 14:23:23已使用年度流量:57450MB、补充流量:0MB、每日流量:761MB、日任务数:30
07-27 14:23:24,000255 [INFOR] [systemlog] 当前:2023-07-27 14:23:23已使用年度流量:57451MB、补充流量:0MB、每日流量:761MB、日任务数:31
07-27 14:23:24,751126 [INFOR] [systemlog] 当前:2023-07-27 14:23:24已使用年度流量:57451MB、补充流量:0MB、每日流量:761MB、日任务数:32
07-27 14:23:25,501197 [INFOR] [systemlog] 当前:2023-07-27 14:23:25已使用年度流量:57451MB、补充流量:0MB、每日流量:762MB、日任务数:33
07-27 14:23:26,276431 [INFOR] [systemlog] 当前:2023-07-27 14:23:26已使用年度流量:57451MB、补充流量:0MB、每日流量:762MB、日任务数:34
07-27 14:23:27,056551 [INFOR] [systemlog] 当前:2023-07-27 14:23:27已使用年度流量:57452MB、补充流量:0MB、每日流量:762MB、日任务数:35
07-27 14:23:27,881651 [INFOR] [systemlog] 当前:2023-07-27 14:23:27已使用年度流量:57452MB、补充流量:0MB、每日流量:763MB、日任务数:36
07-27 14:23:28,712219 [INFOR] [systemlog] 当前:2023-07-27 14:23:28已使用年度流量:57452MB、补充流量:0MB、每日流量:763MB、日任务数:37
07-27 14:25:51,922580 [INFOR] [systemlog] 当前:2023-07-27 14:25:51系统使用内存:10138MB, 硬盘:191397MB
07-27 14:27:51,937289 [INFOR] [systemlog] 当前:2023-07-27 14:27:51系统使用内存:12197MB, 硬盘:191449MB
07-27 14:37:51,922243 [INFOR] [systemlog] 当前:2023-07-27 14:37:51系统使用内存:10028MB, 硬盘:191426MB
07-27 14:58:40,269272 [INFOR] [systemlog] 当前:2023-07-27 14:58:40已使用年度流量:57454MB、补充流量:0MB、每日流量:765MB、日任务数:38
07-27 15:00:02,518119 [INFOR] [systemlog] 当前:2023-07-27 15:00:02已使用年度流量:57456MB、补充流量:0MB、每日流量:767MB、日任务数:39
07-27 15:04:14,460643 [INFOR] [systemlog] 当前:2023-07-27 15:04:14已使用年度流量:57459MB、补充流量:0MB、每日流量:770MB、日任务数:40
07-27 15:04:15,973690 [INFOR] [systemlog] 当前:2023-07-27 15:04:15已使用年度流量:57461MB、补充流量:0MB、每日流量:772MB、日任务数:41
07-27 15:04:22,187149 [INFOR] [systemlog] 当前:2023-07-27 15:04:22已使用年度流量:57464MB、补充流量:0MB、每日流量:774MB、日任务数:42
07-27 15:04:23,923827 [INFOR] [systemlog] 当前:2023-07-27 15:04:23已使用年度流量:57466MB、补充流量:0MB、每日流量:777MB、日任务数:43
07-27 15:04:25,375584 [INFOR] [systemlog] 当前:2023-07-27 15:04:25已使用年度流量:57469MB、补充流量:0MB、每日流量:779MB、日任务数:44
07-27 15:04:27,155178 [INFOR] [systemlog] 当前:2023-07-27 15:04:27已使用年度流量:57471MB、补充流量:0MB、每日流量:782MB、日任务数:45
07-27 15:04:32,840108 [INFOR] [systemlog] 当前:2023-07-27 15:04:32已使用年度流量:57474MB、补充流量:0MB、每日流量:784MB、日任务数:46
07-27 15:04:36,115940 [INFOR] [systemlog] 当前:2023-07-27 15:04:36已使用年度流量:57476MB、补充流量:0MB、每日流量:787MB、日任务数:47
07-27 15:04:38,576804 [INFOR] [systemlog] 当前:2023-07-27 15:04:38已使用年度流量:57479MB、补充流量:0MB、每日流量:789MB、日任务数:48
07-27 15:04:41,233905 [INFOR] [systemlog] 当前:2023-07-27 15:04:41已使用年度流量:57481MB、补充流量:0MB、每日流量:792MB、日任务数:49
07-27 15:04:43,057471 [INFOR] [systemlog] 当前:2023-07-27 15:04:43已使用年度流量:57484MB、补充流量:0MB、每日流量:794MB、日任务数:50
07-27 15:04:44,689284 [INFOR] [systemlog] 当前:2023-07-27 15:04:44已使用年度流量:57486MB、补充流量:0MB、每日流量:797MB、日任务数:51
07-27 15:04:46,658522 [INFOR] [systemlog] 当前:2023-07-27 15:04:46已使用年度流量:57489MB、补充流量:0MB、每日流量:799MB、日任务数:52
07-27 15:04:48,449914 [INFOR] [systemlog] 当前:2023-07-27 15:04:48已使用年度流量:57491MB、补充流量:0MB、每日流量:802MB、日任务数:53
07-27 15:04:51,918755 [INFOR] [systemlog] 当前:2023-07-27 15:04:51系统使用内存:11783MB, 硬盘:191508MB
07-27 15:04:53,525742 [INFOR] [systemlog] 当前:2023-07-27 15:04:53已使用年度流量:57494MB、补充流量:0MB、每日流量:804MB、日任务数:54
07-27 15:04:55,890504 [INFOR] [systemlog] 当前:2023-07-27 15:04:55已使用年度流量:57496MB、补充流量:0MB、每日流量:807MB、日任务数:55
07-27 15:04:57,766101 [INFOR] [systemlog] 当前:2023-07-27 15:04:57已使用年度流量:57498MB、补充流量:0MB、每日流量:809MB、日任务数:56
07-27 15:05:21,927861 [INFOR] [systemlog] 当前:2023-07-27 15:05:21系统使用内存:9125MB, 硬盘:191497MB
07-27 15:34:04,014726 [INFOR] [systemlog] 当前:2023-07-27 15:34:04已使用年度流量:57501MB、补充流量:0MB、每日流量:812MB、日任务数:57
07-27 15:42:52,646186 [INFOR] [systemlog] 当前:2023-07-27 15:42:52已使用年度流量:57516MB、补充流量:0MB、每日流量:826MB、日任务数:58
07-27 15:45:48,339915 [INFOR] [systemlog] 当前:2023-07-27 15:45:48已使用年度流量:57518MB、补充流量:0MB、每日流量:829MB、日任务数:59
07-27 15:46:04,425753 [INFOR] [systemlog] 当前:2023-07-27 15:46:04已使用年度流量:57547MB、补充流量:0MB、每日流量:858MB、日任务数:60
07-27 15:50:21,802111 [INFOR] [systemlog] 当前:2023-07-27 15:50:21已使用年度流量:57551MB、补充流量:0MB、每日流量:861MB、日任务数:61
07-27 15:52:21,920007 [INFOR] [systemlog] 当前:2023-07-27 15:52:21系统使用内存:10337MB, 硬盘:193577MB
07-27 15:52:51,919871 [INFOR] [systemlog] 当前:2023-07-27 15:52:51系统使用内存:9220MB, 硬盘:193571MB
07-27 15:52:54,314372 [INFOR] [systemlog] 当前:2023-07-27 15:52:54已使用年度流量:57553MB、补充流量:0MB、每日流量:864MB、日任务数:62
07-27 15:56:21,927645 [INFOR] [systemlog] 当前:2023-07-27 15:56:21系统使用内存:10859MB, 硬盘:193654MB
07-27 15:56:51,923569 [INFOR] [systemlog] 当前:2023-07-27 15:56:51系统使用内存:9564MB, 硬盘:193637MB
07-27 16:01:17,938740 [INFOR] [systemlog] 当前:2023-07-27 16:01:17已使用年度流量:57555MB、补充流量:0MB、每日流量:865MB、日任务数:63
07-27 16:01:36,997861 [INFOR] [systemlog] 当前:2023-07-27 16:01:36已使用年度流量:57557MB、补充流量:0MB、每日流量:868MB、日任务数:64
07-27 16:04:21,920707 [INFOR] [systemlog] 当前:2023-07-27 16:04:21系统使用内存:10650MB, 硬盘:193782MB
07-27 16:04:45,769468 [INFOR] [systemlog] 当前:2023-07-27 16:04:45已使用年度流量:57559MB、补充流量:0MB、每日流量:869MB、日任务数:65
07-27 16:05:18,767042 [INFOR] [systemlog] 当前:2023-07-27 16:05:18已使用年度流量:57559MB、补充流量:0MB、每日流量:869MB、日任务数:66
07-27 16:05:21,925648 [INFOR] [systemlog] 当前:2023-07-27 16:05:21系统使用内存:12376MB, 硬盘:193767MB
07-27 16:06:21,920477 [INFOR] [systemlog] 当前:2023-07-27 16:06:21系统使用内存:13657MB, 硬盘:193791MB
07-27 16:07:51,947403 [INFOR] [systemlog] 当前:2023-07-27 16:07:51系统使用内存:15382MB, 硬盘:193820MB
07-27 16:08:51,920140 [INFOR] [systemlog] 当前:2023-07-27 16:08:51系统使用内存:13366MB, 硬盘:193782MB
07-27 16:09:51,929289 [INFOR] [systemlog] 当前:2023-07-27 16:09:51系统使用内存:9774MB, 硬盘:193780MB
07-27 16:10:21,921291 [INFOR] [systemlog] 当前:2023-07-27 16:10:21系统使用内存:10939MB, 硬盘:193807MB
07-27 16:11:21,929382 [INFOR] [systemlog] 当前:2023-07-27 16:11:21系统使用内存:9630MB, 硬盘:193798MB
07-27 16:19:21,942882 [INFOR] [systemlog] 当前:2023-07-27 16:19:21系统使用内存:11880MB, 硬盘:193844MB
07-27 16:19:51,920114 [INFOR] [systemlog] 当前:2023-07-27 16:19:51系统使用内存:9223MB, 硬盘:193831MB
07-27 16:24:03,830533 [INFOR] [systemlog] 当前:2023-07-27 16:24:03已使用年度流量:57561MB、补充流量:0MB、每日流量:872MB、日任务数:67
07-27 16:24:05,555448 [INFOR] [systemlog] 当前:2023-07-27 16:24:05已使用年度流量:57564MB、补充流量:0MB、每日流量:874MB、日任务数:68
07-27 16:30:22,731713 [INFOR] [systemlog] 当前:2023-07-27 16:30:22系统插件状态异常
07-27 16:30:22,748788 [INFOR] [systemlog] 当前:2023-07-27 16:30:22系统插件状态异常
07-27 16:30:22,761557 [INFOR] [systemlog] 当前:2023-07-27 16:30:22系统插件状态异常
07-27 16:30:22,774219 [INFOR] [systemlog] 当前:2023-07-27 16:30:22系统插件状态异常
07-27 16:30:22,786835 [INFOR] [systemlog] 当前:2023-07-27 16:30:22系统插件状态异常
07-27 16:30:22,799240 [INFOR] [systemlog] 当前:2023-07-27 16:30:22系统插件状态异常
07-27 16:30:22,811912 [INFOR] [systemlog] 当前:2023-07-27 16:30:22系统插件状态异常
07-27 16:30:22,824394 [INFOR] [systemlog] 当前:2023-07-27 16:30:22系统插件状态异常
07-27 16:30:22,836741 [INFOR] [systemlog] 当前:2023-07-27 16:30:22系统插件状态异常
07-27 16:30:22,849223 [INFOR] [systemlog] 当前:2023-07-27 16:30:22系统插件状态异常
07-27 16:30:51,924897 [INFOR] [systemlog] 当前:2023-07-27 16:30:51系统使用内存:5463MB, 硬盘:193531MB
07-27 16:31:22,732564 [INFOR] [systemlog] 当前:2023-07-27 16:31:22系统插件状态正常
07-27 16:33:37,522372 [INFOR] [systemlog] 当前:2023-07-27 16:33:37已使用年度流量:57592MB、补充流量:0MB、每日流量:903MB、日任务数:69
07-27 16:47:00,790664 [INFOR] [systemlog] 当前:2023-07-27 16:47:00已使用年度流量:57621MB、补充流量:0MB、每日流量:931MB、日任务数:70
07-27 16:49:51,926599 [INFOR] [systemlog] 当前:2023-07-27 16:49:51系统使用内存:6063MB, 硬盘:195920MB
07-27 16:50:21,925502 [INFOR] [systemlog] 当前:2023-07-27 16:50:21系统使用内存:5443MB, 硬盘:193713MB
07-27 17:01:52,896076 [INFOR] [systemlog] 当前:2023-07-27 17:01:52系统启动时间
07-27 17:01:52,944887 [INFOR] [systemlog] 当前:2023-07-27 17:01:52系统使用的内存:2512MB, 使用硬盘:193703MB
07-27 17:01:53,086754 [INFOR] [systemlog] 当前:2023-07-27 17:01:52已使用年度流量:57621MB、补充流量:0MB、每日流量:931MB、日任务数:70
07-27 17:01:53,090864 [INFOR] [systemlog] 当前:2023-07-27 17:01:52系统配额年度流量:71680000000MB、补充流量:0MB、每日流量:7168000MB、日任务数:1260
07-27 17:02:21,315016 [INFOR] [systemlog] 当前:2023-07-27 17:02:21系统使用内存:3785MB, 硬盘:193726MB
07-27 17:04:21,325300 [INFOR] [systemlog] 当前:2023-07-27 17:04:21系统使用内存:4167MB, 硬盘:193328MB
07-27 17:04:52,874875 [INFOR] [systemlog] 当前:2023-07-27 17:04:52系统插件状态异常
07-27 17:04:52,888520 [INFOR] [systemlog] 当前:2023-07-27 17:04:52系统插件状态异常
07-27 17:04:52,902801 [INFOR] [systemlog] 当前:2023-07-27 17:04:52系统插件状态异常
07-27 17:04:52,915261 [INFOR] [systemlog] 当前:2023-07-27 17:04:52系统插件状态异常
07-27 17:04:52,929061 [INFOR] [systemlog] 当前:2023-07-27 17:04:52系统插件状态异常
07-27 17:04:52,942027 [INFOR] [systemlog] 当前:2023-07-27 17:04:52系统插件状态异常
07-27 17:04:52,955168 [INFOR] [systemlog] 当前:2023-07-27 17:04:52系统插件状态异常
07-27 17:04:52,967912 [INFOR] [systemlog] 当前:2023-07-27 17:04:52系统插件状态异常
07-27 17:04:52,984965 [INFOR] [systemlog] 当前:2023-07-27 17:04:52系统插件状态异常
07-27 17:04:52,997404 [INFOR] [systemlog] 当前:2023-07-27 17:04:52系统插件状态异常
07-27 17:05:52,822558 [INFOR] [systemlog] 当前:2023-07-27 17:05:52系统插件状态正常
07-27 17:09:09,797617 [INFOR] [systemlog] 当前:2023-07-27 17:09:09已使用年度流量:57649MB、补充流量:0MB、每日流量:960MB、日任务数:71
07-27 17:10:51,318117 [INFOR] [systemlog] 当前:2023-07-27 17:10:51系统使用内存:4653MB, 硬盘:195604MB
07-27 17:24:29,650778 [INFOR] [systemlog] 当前:2023-07-27 17:24:29已使用年度流量:57650MB、补充流量:0MB、每日流量:961MB、日任务数:72
07-27 17:31:51,317359 [INFOR] [systemlog] 当前:2023-07-27 17:31:51系统使用内存:5346MB, 硬盘:193445MB
07-27 17:51:46,678565 [INFOR] [systemlog] 当前:2023-07-27 17:51:46已使用年度流量:57679MB、补充流量:0MB、每日流量:990MB、日任务数:73
07-27 18:02:46,142022 [INFOR] [systemlog] 当前:2023-07-27 18:02:46已使用年度流量:57681MB、补充流量:0MB、每日流量:991MB、日任务数:74
07-27 18:04:21,325053 [INFOR] [systemlog] 当前:2023-07-27 18:04:21系统使用内存:6465MB, 硬盘:193662MB
07-27 18:06:51,318608 [INFOR] [systemlog] 当前:2023-07-27 18:06:51系统使用内存:5612MB, 硬盘:193654MB
07-27 18:32:17,724470 [INFOR] [systemlog] 当前:2023-07-27 18:32:17已使用年度流量:57683MB、补充流量:0MB、每日流量:994MB、日任务数:75
07-27 18:32:19,014626 [INFOR] [systemlog] 当前:2023-07-27 18:32:19已使用年度流量:57686MB、补充流量:0MB、每日流量:996MB、日任务数:76
07-27 18:32:20,808683 [INFOR] [systemlog] 当前:2023-07-27 18:32:20已使用年度流量:57688MB、补充流量:0MB、每日流量:999MB、日任务数:77
07-27 18:32:21,969599 [INFOR] [systemlog] 当前:2023-07-27 18:32:21已使用年度流量:57691MB、补充流量:0MB、每日流量:1001MB、日任务数:78
07-27 18:32:23,222688 [INFOR] [systemlog] 当前:2023-07-27 18:32:23已使用年度流量:57693MB、补充流量:0MB、每日流量:1004MB、日任务数:79
07-27 18:32:24,639598 [INFOR] [systemlog] 当前:2023-07-27 18:32:24已使用年度流量:57696MB、补充流量:0MB、每日流量:1006MB、日任务数:80
07-27 18:32:25,856748 [INFOR] [systemlog] 当前:2023-07-27 18:32:25已使用年度流量:57698MB、补充流量:0MB、每日流量:1009MB、日任务数:81
07-27 18:32:28,178944 [INFOR] [systemlog] 当前:2023-07-27 18:32:28已使用年度流量:57700MB、补充流量:0MB、每日流量:1011MB、日任务数:82
07-27 18:32:29,280577 [INFOR] [systemlog] 当前:2023-07-27 18:32:29已使用年度流量:57703MB、补充流量:0MB、每日流量:1014MB、日任务数:83
07-27 18:32:30,380595 [INFOR] [systemlog] 当前:2023-07-27 18:32:30已使用年度流量:57705MB、补充流量:0MB、每日流量:1016MB、日任务数:84
07-27 18:32:31,525410 [INFOR] [systemlog] 当前:2023-07-27 18:32:31已使用年度流量:57708MB、补充流量:0MB、每日流量:1019MB、日任务数:85
07-27 18:32:32,786674 [INFOR] [systemlog] 当前:2023-07-27 18:32:32已使用年度流量:57710MB、补充流量:0MB、每日流量:1021MB、日任务数:86
07-27 18:32:34,368167 [INFOR] [systemlog] 当前:2023-07-27 18:32:34已使用年度流量:57713MB、补充流量:0MB、每日流量:1023MB、日任务数:87
07-27 18:32:35,681864 [INFOR] [systemlog] 当前:2023-07-27 18:32:35已使用年度流量:57715MB、补充流量:0MB、每日流量:1026MB、日任务数:88
07-27 18:32:36,913006 [INFOR] [systemlog] 当前:2023-07-27 18:32:36已使用年度流量:57718MB、补充流量:0MB、每日流量:1028MB、日任务数:89
07-27 18:32:38,438223 [INFOR] [systemlog] 当前:2023-07-27 18:32:38已使用年度流量:57720MB、补充流量:0MB、每日流量:1031MB、日任务数:90
07-27 18:32:39,743091 [INFOR] [systemlog] 当前:2023-07-27 18:32:39已使用年度流量:57723MB、补充流量:0MB、每日流量:1033MB、日任务数:91
07-27 19:23:35,073717 [INFOR] [systemlog] 当前:2023-07-27 19:23:35已使用年度流量:57728MB、补充流量:0MB、每日流量:1039MB、日任务数:92
07-27 19:24:51,320477 [INFOR] [systemlog] 当前:2023-07-27 19:24:51系统使用内存:6443MB, 硬盘:193814MB
07-27 19:24:56,944939 [INFOR] [systemlog] 当前:2023-07-27 19:24:56已使用年度流量:57728MB、补充流量:0MB、每日流量:1039MB、日任务数:93
07-27 19:25:51,329428 [INFOR] [systemlog] 当前:2023-07-27 19:25:51系统使用内存:7195MB, 硬盘:193867MB
07-27 19:27:51,321978 [INFOR] [systemlog] 当前:2023-07-27 19:27:51系统使用内存:8373MB, 硬盘:193902MB
07-27 19:28:21,319582 [INFOR] [systemlog] 当前:2023-07-27 19:28:21系统使用内存:7006MB, 硬盘:193896MB
07-27 19:31:21,322293 [INFOR] [systemlog] 当前:2023-07-27 19:31:21系统使用内存:8019MB, 硬盘:193920MB
07-27 19:32:51,326859 [INFOR] [systemlog] 当前:2023-07-27 19:32:51系统使用内存:5643MB, 硬盘:193667MB
07-27 19:45:52,949047 [INFOR] [systemlog] 当前:2023-07-27 19:45:52已使用年度流量:57729MB、补充流量:0MB、每日流量:1040MB、日任务数:94
07-27 19:46:01,184245 [INFOR] [systemlog] 当前:2023-07-27 19:46:01已使用年度流量:57729MB、补充流量:0MB、每日流量:1040MB、日任务数:95
07-27 19:46:12,821298 [INFOR] [systemlog] 当前:2023-07-27 19:46:12已使用年度流量:57729MB、补充流量:0MB、每日流量:1040MB、日任务数:96
07-27 19:46:19,115012 [INFOR] [systemlog] 当前:2023-07-27 19:46:19已使用年度流量:57730MB、补充流量:0MB、每日流量:1040MB、日任务数:97
07-27 19:47:03,287170 [INFOR] [systemlog] 当前:2023-07-27 19:47:03已使用年度流量:57776MB、补充流量:0MB、每日流量:1086MB、日任务数:98
07-27 20:17:21,541515 [INFOR] [systemlog] 当前:2023-07-27 20:17:21已使用年度流量:57776MB、补充流量:0MB、每日流量:1087MB、日任务数:99
07-27 20:18:48,251409 [INFOR] [systemlog] 当前:2023-07-27 20:18:48已使用年度流量:57788MB、补充流量:0MB、每日流量:1099MB、日任务数:100
07-27 20:19:19,871488 [INFOR] [systemlog] 当前:2023-07-27 20:19:19已使用年度流量:57797MB、补充流量:0MB、每日流量:1108MB、日任务数:101
07-27 20:19:36,412990 [INFOR] [systemlog] 当前:2023-07-27 20:19:36已使用年度流量:57806MB、补充流量:0MB、每日流量:1117MB、日任务数:102
07-27 20:33:11,814083 [INFOR] [systemlog] 当前:2023-07-27 20:33:11已使用年度流量:57809MB、补充流量:0MB、每日流量:1119MB、日任务数:103
07-27 20:33:12,554641 [INFOR] [systemlog] 当前:2023-07-27 20:33:12已使用年度流量:57816MB、补充流量:0MB、每日流量:1127MB、日任务数:104
07-27 20:33:13,176077 [INFOR] [systemlog] 当前:2023-07-27 20:33:13已使用年度流量:57820MB、补充流量:0MB、每日流量:1131MB、日任务数:105
07-27 20:33:13,740306 [INFOR] [systemlog] 当前:2023-07-27 20:33:13已使用年度流量:57829MB、补充流量:0MB、每日流量:1139MB、日任务数:106
07-27 20:33:14,519905 [INFOR] [systemlog] 当前:2023-07-27 20:33:14已使用年度流量:57829MB、补充流量:0MB、每日流量:1139MB、日任务数:107
07-27 20:33:15,119493 [INFOR] [systemlog] 当前:2023-07-27 20:33:15已使用年度流量:57831MB、补充流量:0MB、每日流量:1141MB、日任务数:108
07-27 20:33:15,740977 [INFOR] [systemlog] 当前:2023-07-27 20:33:15已使用年度流量:57842MB、补充流量:0MB、每日流量:1153MB、日任务数:109
07-27 20:35:21,323184 [INFOR] [systemlog] 当前:2023-07-27 20:35:21系统使用内存:6653MB, 硬盘:193548MB
07-27 20:37:21,326250 [INFOR] [systemlog] 当前:2023-07-27 20:37:21系统使用内存:9059MB, 硬盘:193731MB
07-27 20:38:21,331838 [INFOR] [systemlog] 当前:2023-07-27 20:38:21系统使用内存:10901MB, 硬盘:193704MB
07-27 20:39:21,324468 [INFOR] [systemlog] 当前:2023-07-27 20:39:21系统使用内存:15050MB, 硬盘:193679MB
07-27 20:41:21,320398 [INFOR] [systemlog] 当前:2023-07-27 20:41:21系统使用内存:17521MB, 硬盘:193700MB
07-27 20:41:51,323014 [INFOR] [systemlog] 当前:2023-07-27 20:41:51系统使用内存:20397MB, 硬盘:193708MB
07-27 20:42:51,319703 [INFOR] [systemlog] 当前:2023-07-27 20:42:51系统使用内存:22589MB, 硬盘:193711MB
07-27 20:46:21,320495 [INFOR] [systemlog] 当前:2023-07-27 20:46:21系统使用内存:18685MB, 硬盘:193736MB
07-27 20:50:21,320609 [INFOR] [systemlog] 当前:2023-07-27 20:50:21系统使用内存:23410MB, 硬盘:193762MB
07-27 20:51:21,321026 [INFOR] [systemlog] 当前:2023-07-27 20:51:21系统使用内存:18755MB, 硬盘:193776MB
07-27 20:54:51,321189 [INFOR] [systemlog] 当前:2023-07-27 20:54:51系统使用内存:21597MB, 硬盘:193905MB
07-27 20:55:51,321698 [INFOR] [systemlog] 当前:2023-07-27 20:55:51系统使用内存:24948MB, 硬盘:193726MB
07-27 20:56:51,328526 [INFOR] [systemlog] 当前:2023-07-27 20:56:51系统使用内存:28042MB, 硬盘:193733MB
07-27 20:57:51,328136 [INFOR] [systemlog] 当前:2023-07-27 20:57:51系统使用内存:22807MB, 硬盘:193740MB
07-27 20:59:21,325176 [INFOR] [systemlog] 当前:2023-07-27 20:59:21系统使用内存:19305MB, 硬盘:193759MB
07-27 21:00:21,326336 [INFOR] [systemlog] 当前:2023-07-27 21:00:21系统使用内存:15806MB, 硬盘:193721MB
07-27 21:00:51,327981 [INFOR] [systemlog] 当前:2023-07-27 21:00:51系统使用内存:18269MB, 硬盘:193721MB
07-27 21:02:21,319867 [INFOR] [systemlog] 当前:2023-07-27 21:02:21系统使用内存:20389MB, 硬盘:193736MB
07-27 21:03:21,324350 [INFOR] [systemlog] 当前:2023-07-27 21:03:21系统使用内存:15035MB, 硬盘:193792MB
07-27 21:04:51,323571 [INFOR] [systemlog] 当前:2023-07-27 21:04:51系统使用内存:10328MB, 硬盘:193720MB
07-27 21:07:21,322520 [INFOR] [systemlog] 当前:2023-07-27 21:07:21系统使用内存:6536MB, 硬盘:193718MB
07-27 21:09:21,320695 [INFOR] [systemlog] 当前:2023-07-27 21:09:21系统使用内存:7716MB, 硬盘:193846MB
07-27 21:09:51,328370 [INFOR] [systemlog] 当前:2023-07-27 21:09:51系统使用内存:8809MB, 硬盘:193780MB
07-27 21:10:21,322080 [INFOR] [systemlog] 当前:2023-07-27 21:10:21系统使用内存:6242MB, 硬盘:193747MB
07-27 21:11:51,321584 [INFOR] [systemlog] 当前:2023-07-27 21:11:51系统使用内存:7126MB, 硬盘:193754MB
07-27 21:12:21,327569 [INFOR] [systemlog] 当前:2023-07-27 21:12:21系统使用内存:5967MB, 硬盘:193747MB
07-27 21:14:21,328559 [INFOR] [systemlog] 当前:2023-07-27 21:14:21系统使用内存:6826MB, 硬盘:193784MB
07-27 21:15:21,320990 [INFOR] [systemlog] 当前:2023-07-27 21:15:21系统使用内存:6101MB, 硬盘:193758MB
07-27 21:17:21,328693 [INFOR] [systemlog] 当前:2023-07-27 21:17:21系统使用内存:8081MB, 硬盘:193779MB
07-27 21:17:51,344960 [INFOR] [systemlog] 当前:2023-07-27 21:17:51系统使用内存:6646MB, 硬盘:193772MB
07-27 21:28:51,327025 [INFOR] [systemlog] 当前:2023-07-27 21:28:51系统使用内存:7514MB, 硬盘:193767MB
07-27 21:30:21,321138 [INFOR] [systemlog] 当前:2023-07-27 21:30:21系统使用内存:8496MB, 硬盘:193767MB
07-27 21:32:21,333567 [INFOR] [systemlog] 当前:2023-07-27 21:32:21系统使用内存:9806MB, 硬盘:193777MB
07-27 21:38:21,328555 [INFOR] [systemlog] 当前:2023-07-27 21:38:21系统使用内存:6573MB, 硬盘:193762MB
07-27 21:46:51,323485 [INFOR] [systemlog] 当前:2023-07-27 21:46:51系统使用内存:7232MB, 硬盘:193775MB
07-27 21:48:21,323157 [INFOR] [systemlog] 当前:2023-07-27 21:48:21系统使用内存:6206MB, 硬盘:193778MB
07-27 21:53:21,326475 [INFOR] [systemlog] 当前:2023-07-27 21:53:21系统使用内存:7988MB, 硬盘:193799MB
07-27 21:53:51,324298 [INFOR] [systemlog] 当前:2023-07-27 21:53:51系统使用内存:6175MB, 硬盘:193781MB
07-27 22:00:51,327526 [INFOR] [systemlog] 当前:2023-07-27 22:00:51系统使用内存:7203MB, 硬盘:193805MB
07-27 22:01:21,327757 [INFOR] [systemlog] 当前:2023-07-27 22:01:21系统使用内存:6023MB, 硬盘:193786MB
07-27 22:03:51,324044 [INFOR] [systemlog] 当前:2023-07-27 22:03:51系统使用内存:6789MB, 硬盘:193796MB
07-27 22:04:21,322185 [INFOR] [systemlog] 当前:2023-07-27 22:04:21系统使用内存:7524MB, 硬盘:193817MB
07-27 22:04:51,326348 [INFOR] [systemlog] 当前:2023-07-27 22:04:51系统使用内存:8839MB, 硬盘:193803MB
07-27 22:05:21,321312 [INFOR] [systemlog] 当前:2023-07-27 22:05:21系统使用内存:6116MB, 硬盘:193790MB
07-27 22:05:51,324602 [INFOR] [systemlog] 当前:2023-07-27 22:05:51系统使用内存:8862MB, 硬盘:193838MB
07-27 22:07:21,328955 [INFOR] [systemlog] 当前:2023-07-27 22:07:21系统使用内存:10374MB, 硬盘:193819MB
07-27 22:10:21,325439 [INFOR] [systemlog] 当前:2023-07-27 22:10:21系统使用内存:11656MB, 硬盘:193813MB
07-27 22:14:21,329842 [INFOR] [systemlog] 当前:2023-07-27 22:14:21系统使用内存:13217MB, 硬盘:193821MB
07-27 22:15:51,328992 [INFOR] [systemlog] 当前:2023-07-27 22:15:51系统使用内存:9820MB, 硬盘:193817MB
07-27 22:16:21,330554 [INFOR] [systemlog] 当前:2023-07-27 22:16:21系统使用内存:7382MB, 硬盘:193828MB
07-27 22:16:51,328707 [INFOR] [systemlog] 当前:2023-07-27 22:16:51系统使用内存:8897MB, 硬盘:193841MB
07-27 22:17:21,321677 [INFOR] [systemlog] 当前:2023-07-27 22:17:21系统使用内存:13253MB, 硬盘:193809MB
07-27 22:17:51,328124 [INFOR] [systemlog] 当前:2023-07-27 22:17:51系统使用内存:14597MB, 硬盘:193810MB
07-27 22:20:21,324101 [INFOR] [systemlog] 当前:2023-07-27 22:20:21系统使用内存:7105MB, 硬盘:193849MB
07-27 22:20:51,331416 [INFOR] [systemlog] 当前:2023-07-27 22:20:51系统使用内存:8784MB, 硬盘:193855MB
07-27 22:21:51,328265 [INFOR] [systemlog] 当前:2023-07-27 22:21:51系统使用内存:10129MB, 硬盘:193804MB
07-27 22:26:21,321607 [INFOR] [systemlog] 当前:2023-07-27 22:26:21系统使用内存:6261MB, 硬盘:193807MB
07-27 22:29:51,328972 [INFOR] [systemlog] 当前:2023-07-27 22:29:51系统使用内存:6982MB, 硬盘:193858MB
07-27 22:30:21,321831 [INFOR] [systemlog] 当前:2023-07-27 22:30:21系统使用内存:7946MB, 硬盘:193838MB
07-27 22:30:51,324047 [INFOR] [systemlog] 当前:2023-07-27 22:30:51系统使用内存:6383MB, 硬盘:193824MB
07-27 22:31:51,323570 [INFOR] [systemlog] 当前:2023-07-27 22:31:51系统使用内存:7162MB, 硬盘:193833MB
07-27 22:32:21,322375 [INFOR] [systemlog] 当前:2023-07-27 22:32:21系统使用内存:6089MB, 硬盘:193831MB
07-27 22:34:51,323398 [INFOR] [systemlog] 当前:2023-07-27 22:34:51系统使用内存:7127MB, 硬盘:193849MB
07-27 22:35:21,326746 [INFOR] [systemlog] 当前:2023-07-27 22:35:21系统使用内存:6112MB, 硬盘:193842MB

