07-26 00:00:00,007196 [INFOR] [systemlog] 当前:2023-07-26 00:00:00系统刷新每日流量和日任务数
07-26 00:00:43,745827 [INFOR] [systemlog] 当前:2023-07-26 00:00:43系统使用内存:9667MB, 硬盘:184600MB
07-26 00:02:43,745624 [INFOR] [systemlog] 当前:2023-07-26 00:02:43系统使用内存:6941MB, 硬盘:184596MB
07-26 00:04:43,754330 [INFOR] [systemlog] 当前:2023-07-26 00:04:43系统使用内存:7845MB, 硬盘:184629MB
07-26 00:05:43,754900 [INFOR] [systemlog] 当前:2023-07-26 00:05:43系统使用内存:11677MB, 硬盘:184625MB
07-26 00:08:43,748079 [INFOR] [systemlog] 当前:2023-07-26 00:08:43系统使用内存:7588MB, 硬盘:184610MB
07-26 00:09:43,743872 [INFOR] [systemlog] 当前:2023-07-26 00:09:43系统使用内存:6674MB, 硬盘:184604MB
07-26 00:16:43,745682 [INFOR] [systemlog] 当前:2023-07-26 00:16:43系统使用内存:9161MB, 硬盘:184604MB
07-26 00:17:13,745737 [INFOR] [systemlog] 当前:2023-07-26 00:17:13系统使用内存:10702MB, 硬盘:184605MB
07-26 00:19:13,742271 [INFOR] [systemlog] 当前:2023-07-26 00:19:13系统使用内存:6398MB, 硬盘:184602MB
07-26 00:22:13,744358 [INFOR] [systemlog] 当前:2023-07-26 00:22:13系统使用内存:7492MB, 硬盘:182483MB
07-26 00:23:13,742653 [INFOR] [systemlog] 当前:2023-07-26 00:23:13系统使用内存:6499MB, 硬盘:182479MB
07-26 00:23:43,745298 [INFOR] [systemlog] 当前:2023-07-26 00:23:43系统使用内存:7621MB, 硬盘:182499MB
07-26 00:24:43,750597 [INFOR] [systemlog] 当前:2023-07-26 00:24:43系统使用内存:8659MB, 硬盘:182538MB
07-26 00:26:13,758266 [INFOR] [systemlog] 当前:2023-07-26 00:26:13系统使用内存:9801MB, 硬盘:182592MB
07-26 00:28:43,745787 [INFOR] [systemlog] 当前:2023-07-26 00:28:43系统使用内存:8717MB, 硬盘:182624MB
07-26 00:29:13,746371 [INFOR] [systemlog] 当前:2023-07-26 00:29:13系统使用内存:9778MB, 硬盘:182640MB
07-26 00:30:13,744795 [INFOR] [systemlog] 当前:2023-07-26 00:30:13系统使用内存:8759MB, 硬盘:182655MB
07-26 00:30:43,755411 [INFOR] [systemlog] 当前:2023-07-26 00:30:43系统使用内存:9688MB, 硬盘:182677MB
07-26 00:31:43,750670 [INFOR] [systemlog] 当前:2023-07-26 00:31:43系统使用内存:11696MB, 硬盘:182687MB
07-26 00:34:13,757484 [INFOR] [systemlog] 当前:2023-07-26 00:34:13系统使用内存:7102MB, 硬盘:182496MB
07-26 00:58:43,754264 [INFOR] [systemlog] 当前:2023-07-26 00:58:43系统使用内存:8440MB, 硬盘:182528MB
07-26 00:59:43,746545 [INFOR] [systemlog] 当前:2023-07-26 00:59:43系统使用内存:9838MB, 硬盘:182520MB
07-26 01:05:13,743170 [INFOR] [systemlog] 当前:2023-07-26 01:05:13系统使用内存:11145MB, 硬盘:182518MB
07-26 01:06:13,755237 [INFOR] [systemlog] 当前:2023-07-26 01:06:13系统使用内存:13239MB, 硬盘:182525MB
07-26 01:06:43,752510 [INFOR] [systemlog] 当前:2023-07-26 01:06:43系统使用内存:11182MB, 硬盘:182518MB
07-26 01:07:43,755346 [INFOR] [systemlog] 当前:2023-07-26 01:07:43系统使用内存:7151MB, 硬盘:182516MB
07-26 01:13:13,744040 [INFOR] [systemlog] 当前:2023-07-26 01:13:13系统使用内存:8194MB, 硬盘:182649MB
07-26 01:14:13,744884 [INFOR] [systemlog] 当前:2023-07-26 01:14:13系统使用内存:7344MB, 硬盘:182599MB
07-26 01:15:13,750842 [INFOR] [systemlog] 当前:2023-07-26 01:15:13系统使用内存:8225MB, 硬盘:182583MB
07-26 01:15:43,753847 [INFOR] [systemlog] 当前:2023-07-26 01:15:43系统使用内存:11337MB, 硬盘:182628MB
07-26 01:16:13,757360 [INFOR] [systemlog] 当前:2023-07-26 01:16:13系统使用内存:14437MB, 硬盘:182654MB
07-26 01:17:43,753874 [INFOR] [systemlog] 当前:2023-07-26 01:17:43系统使用内存:18769MB, 硬盘:182668MB
07-26 01:18:43,745874 [INFOR] [systemlog] 当前:2023-07-26 01:18:43系统使用内存:21741MB, 硬盘:182607MB
07-26 01:19:15,223229 [INFOR] [systemlog] 当前:2023-07-26 01:19:15系统使用内存:28429MB, 硬盘:182615MB
07-26 01:25:13,746469 [INFOR] [systemlog] 当前:2023-07-26 01:25:13系统使用内存:23772MB, 硬盘:182608MB
07-26 01:25:43,748634 [INFOR] [systemlog] 当前:2023-07-26 01:25:43系统使用内存:14989MB, 硬盘:182594MB
07-26 01:26:13,745454 [INFOR] [systemlog] 当前:2023-07-26 01:26:13系统使用内存:16534MB, 硬盘:182633MB
07-26 01:26:43,754092 [INFOR] [systemlog] 当前:2023-07-26 01:26:43系统使用内存:13326MB, 硬盘:182620MB
07-26 01:27:43,751561 [INFOR] [systemlog] 当前:2023-07-26 01:27:43系统使用内存:18741MB, 硬盘:182633MB
07-26 01:28:13,744225 [INFOR] [systemlog] 当前:2023-07-26 01:28:13系统使用内存:14892MB, 硬盘:182595MB
07-26 01:29:43,750583 [INFOR] [systemlog] 当前:2023-07-26 01:29:43系统使用内存:17721MB, 硬盘:182603MB
07-26 01:30:43,744785 [INFOR] [systemlog] 当前:2023-07-26 01:30:43系统使用内存:21177MB, 硬盘:182602MB
07-26 01:31:43,755916 [INFOR] [systemlog] 当前:2023-07-26 01:31:43系统使用内存:23385MB, 硬盘:182617MB
07-26 01:33:13,742656 [INFOR] [systemlog] 当前:2023-07-26 01:33:13系统使用内存:26097MB, 硬盘:182610MB
07-26 01:33:43,743138 [INFOR] [systemlog] 当前:2023-07-26 01:33:43系统使用内存:23200MB, 硬盘:182610MB
07-26 01:36:13,745179 [INFOR] [systemlog] 当前:2023-07-26 01:36:13系统使用内存:19846MB, 硬盘:182605MB
07-26 01:39:43,750738 [INFOR] [systemlog] 当前:2023-07-26 01:39:43系统使用内存:15999MB, 硬盘:182649MB
07-26 01:40:13,752367 [INFOR] [systemlog] 当前:2023-07-26 01:40:13系统使用内存:12320MB, 硬盘:182637MB
07-26 01:41:13,752367 [INFOR] [systemlog] 当前:2023-07-26 01:41:13系统使用内存:10811MB, 硬盘:182646MB
07-26 01:41:43,750108 [INFOR] [systemlog] 当前:2023-07-26 01:41:43系统使用内存:13459MB, 硬盘:182744MB
07-26 01:42:43,750245 [INFOR] [systemlog] 当前:2023-07-26 01:42:43系统使用内存:14898MB, 硬盘:182737MB
07-26 01:44:43,745106 [INFOR] [systemlog] 当前:2023-07-26 01:44:43系统使用内存:17549MB, 硬盘:183461MB
07-26 01:46:13,753196 [INFOR] [systemlog] 当前:2023-07-26 01:46:13系统使用内存:19401MB, 硬盘:183796MB
07-26 01:51:43,746106 [INFOR] [systemlog] 当前:2023-07-26 01:51:43系统使用内存:11262MB, 硬盘:183156MB
07-26 01:52:13,744772 [INFOR] [systemlog] 当前:2023-07-26 01:52:13系统使用内存:8905MB, 硬盘:182940MB
07-26 01:52:43,754087 [INFOR] [systemlog] 当前:2023-07-26 01:52:43系统使用内存:7166MB, 硬盘:182709MB
07-26 01:54:43,745598 [INFOR] [systemlog] 当前:2023-07-26 01:54:43系统使用内存:8666MB, 硬盘:182799MB
07-26 01:58:43,749933 [INFOR] [systemlog] 当前:2023-07-26 01:58:43系统使用内存:9681MB, 硬盘:182825MB
07-26 02:01:13,748272 [INFOR] [systemlog] 当前:2023-07-26 02:01:13系统使用内存:11080MB, 硬盘:182862MB
07-26 02:03:13,751119 [INFOR] [systemlog] 当前:2023-07-26 02:03:13系统使用内存:9181MB, 硬盘:182776MB
07-26 02:03:43,746208 [INFOR] [systemlog] 当前:2023-07-26 02:03:43系统使用内存:7471MB, 硬盘:182774MB
07-26 02:05:43,750067 [INFOR] [systemlog] 当前:2023-07-26 02:05:43系统使用内存:8983MB, 硬盘:182803MB
07-26 02:09:13,745505 [INFOR] [systemlog] 当前:2023-07-26 02:09:13系统使用内存:7706MB, 硬盘:182817MB
07-26 02:11:13,743627 [INFOR] [systemlog] 当前:2023-07-26 02:11:13系统使用内存:8819MB, 硬盘:182848MB
07-26 02:13:43,758147 [INFOR] [systemlog] 当前:2023-07-26 02:13:43系统使用内存:6842MB, 硬盘:182748MB
07-26 02:15:13,744976 [INFOR] [systemlog] 当前:2023-07-26 02:15:13系统使用内存:7737MB, 硬盘:182767MB
07-26 02:16:43,751213 [INFOR] [systemlog] 当前:2023-07-26 02:16:43系统使用内存:8528MB, 硬盘:182773MB
07-26 02:17:13,745752 [INFOR] [systemlog] 当前:2023-07-26 02:17:13系统使用内存:10672MB, 硬盘:182767MB
07-26 02:21:43,746290 [INFOR] [systemlog] 当前:2023-07-26 02:21:43系统使用内存:11791MB, 硬盘:182789MB
07-26 02:22:13,746314 [INFOR] [systemlog] 当前:2023-07-26 02:22:13系统使用内存:13035MB, 硬盘:182773MB
07-26 02:22:43,749162 [INFOR] [systemlog] 当前:2023-07-26 02:22:43系统使用内存:11072MB, 硬盘:182771MB
07-26 02:24:43,765744 [INFOR] [systemlog] 当前:2023-07-26 02:24:43系统使用内存:6933MB, 硬盘:182758MB
07-26 02:29:13,756715 [INFOR] [systemlog] 当前:2023-07-26 02:29:13系统使用内存:8744MB, 硬盘:182810MB
07-26 02:29:43,758618 [INFOR] [systemlog] 当前:2023-07-26 02:29:43系统使用内存:7071MB, 硬盘:182769MB
07-26 02:45:13,756154 [INFOR] [systemlog] 当前:2023-07-26 02:45:13系统使用内存:8242MB, 硬盘:182879MB
07-26 02:46:43,750351 [INFOR] [systemlog] 当前:2023-07-26 02:46:43系统使用内存:9120MB, 硬盘:182930MB
07-26 02:55:13,749242 [INFOR] [systemlog] 当前:2023-07-26 02:55:13系统使用内存:6471MB, 硬盘:182755MB
07-26 10:19:43,752219 [INFOR] [systemlog] 当前:2023-07-26 10:19:43系统使用内存:4730MB, 硬盘:182749MB
07-26 10:19:44,543181 [INFOR] [systemlog] 当前:2023-07-26 10:19:44系统插件状态异常
07-26 10:19:44,556455 [INFOR] [systemlog] 当前:2023-07-26 10:19:44系统插件状态异常
07-26 10:19:44,569812 [INFOR] [systemlog] 当前:2023-07-26 10:19:44系统插件状态异常
07-26 10:19:44,582473 [INFOR] [systemlog] 当前:2023-07-26 10:19:44系统插件状态异常
07-26 10:19:44,595107 [INFOR] [systemlog] 当前:2023-07-26 10:19:44系统插件状态异常
07-26 10:19:44,608037 [INFOR] [systemlog] 当前:2023-07-26 10:19:44系统插件状态异常
07-26 10:19:44,620697 [INFOR] [systemlog] 当前:2023-07-26 10:19:44系统插件状态异常
07-26 10:19:44,633732 [INFOR] [systemlog] 当前:2023-07-26 10:19:44系统插件状态异常
07-26 10:19:44,646753 [INFOR] [systemlog] 当前:2023-07-26 10:19:44系统插件状态异常
07-26 10:20:14,432702 [INFOR] [systemlog] 当前:2023-07-26 10:20:14系统插件状态正常
07-26 10:20:14,681377 [INFOR] [systemlog] 当前:2023-07-26 10:20:14已使用年度流量:54702MB、补充流量:0MB、每日流量:0MB、日任务数:1
07-26 10:21:13,754897 [INFOR] [systemlog] 当前:2023-07-26 10:21:13系统使用内存:5592MB, 硬盘:182765MB
07-26 10:21:43,770638 [INFOR] [systemlog] 当前:2023-07-26 10:21:43系统使用内存:6259MB, 硬盘:182888MB
07-26 10:22:43,756932 [INFOR] [systemlog] 当前:2023-07-26 10:22:43系统使用内存:6955MB, 硬盘:183974MB
07-26 10:24:13,822579 [INFOR] [systemlog] 当前:2023-07-26 10:24:13系统使用内存:8446MB, 硬盘:184483MB
07-26 10:24:43,776630 [INFOR] [systemlog] 当前:2023-07-26 10:24:43系统使用内存:9929MB, 硬盘:184933MB
07-26 10:26:30,839711 [INFOR] [systemlog] 当前:2023-07-26 10:26:30系统插件状态异常
07-26 10:26:33,093866 [INFOR] [systemlog] 当前:2023-07-26 10:26:22系统插件状态异常
07-26 10:26:33,356531 [INFOR] [systemlog] 当前:2023-07-26 10:26:33系统插件状态异常
07-26 10:26:43,787366 [INFOR] [systemlog] 当前:2023-07-26 10:26:43系统使用内存:12564MB, 硬盘:185508MB
07-26 10:26:44,642385 [INFOR] [systemlog] 当前:2023-07-26 10:26:44系统插件状态异常
07-26 10:26:48,388783 [INFOR] [systemlog] 当前:2023-07-26 10:26:48系统插件状态异常
07-26 10:26:51,078589 [INFOR] [systemlog] 当前:2023-07-26 10:26:51系统插件状态异常
07-26 10:26:52,810427 [INFOR] [systemlog] 当前:2023-07-26 10:26:52系统插件状态异常
07-26 10:26:53,511292 [INFOR] [systemlog] 当前:2023-07-26 10:26:53系统插件状态异常
07-26 10:26:55,586605 [INFOR] [systemlog] 当前:2023-07-26 10:26:55系统插件状态异常
07-26 10:27:01,005951 [INFOR] [systemlog] 当前:2023-07-26 10:27:00系统插件状态异常
07-26 10:27:01,473475 [INFOR] [systemlog] 当前:2023-07-26 10:27:01系统插件状态异常
07-26 10:27:13,752728 [INFOR] [systemlog] 当前:2023-07-26 10:27:13系统使用内存:14011MB, 硬盘:185585MB
07-26 10:27:44,846759 [INFOR] [systemlog] 当前:2023-07-26 10:27:44系统插件状态异常
07-26 10:27:44,926256 [INFOR] [systemlog] 当前:2023-07-26 10:27:44系统插件状态异常
07-26 10:27:45,020053 [INFOR] [systemlog] 当前:2023-07-26 10:27:44系统插件状态异常
07-26 10:27:45,066532 [INFOR] [systemlog] 当前:2023-07-26 10:27:45系统插件状态异常
07-26 10:27:45,121234 [INFOR] [systemlog] 当前:2023-07-26 10:27:45系统插件状态异常
07-26 10:27:45,184842 [INFOR] [systemlog] 当前:2023-07-26 10:27:45系统插件状态异常
07-26 10:27:45,244952 [INFOR] [systemlog] 当前:2023-07-26 10:27:45系统插件状态异常
07-26 10:27:45,290867 [INFOR] [systemlog] 当前:2023-07-26 10:27:45系统插件状态异常
07-26 10:28:35,455540 [INFOR] [systemlog] 当前:2023-07-26 10:28:35系统插件状态异常
07-26 10:28:43,776618 [INFOR] [systemlog] 当前:2023-07-26 10:28:43系统使用内存:15752MB, 硬盘:184144MB
07-26 10:28:44,581561 [INFOR] [systemlog] 当前:2023-07-26 10:28:44系统插件状态异常
07-26 10:28:44,617943 [INFOR] [systemlog] 当前:2023-07-26 10:28:44系统插件状态异常
07-26 10:28:44,643790 [INFOR] [systemlog] 当前:2023-07-26 10:28:44系统插件状态异常
07-26 10:28:44,669796 [INFOR] [systemlog] 当前:2023-07-26 10:28:44系统插件状态异常
07-26 10:28:44,697923 [INFOR] [systemlog] 当前:2023-07-26 10:28:44系统插件状态异常
07-26 10:28:44,727049 [INFOR] [systemlog] 当前:2023-07-26 10:28:44系统插件状态异常
07-26 10:28:44,758922 [INFOR] [systemlog] 当前:2023-07-26 10:28:44系统插件状态异常
07-26 10:28:44,793970 [INFOR] [systemlog] 当前:2023-07-26 10:28:44系统插件状态异常
07-26 10:29:44,535706 [INFOR] [systemlog] 当前:2023-07-26 10:29:44系统插件状态正常
07-26 10:30:43,751912 [INFOR] [systemlog] 当前:2023-07-26 10:30:43系统使用内存:17599MB, 硬盘:184623MB
07-26 10:31:43,781402 [INFOR] [systemlog] 当前:2023-07-26 10:31:43系统使用内存:20562MB, 硬盘:185008MB
07-26 10:34:43,783855 [INFOR] [systemlog] 当前:2023-07-26 10:34:43系统使用内存:24044MB, 硬盘:185874MB
07-26 10:34:44,711311 [INFOR] [systemlog] 当前:2023-07-26 10:34:44系统插件状态异常
07-26 10:34:46,822066 [INFOR] [systemlog] 当前:2023-07-26 10:34:46系统插件状态异常
07-26 10:34:47,257013 [INFOR] [systemlog] 当前:2023-07-26 10:34:47系统插件状态异常
07-26 10:34:47,473675 [INFOR] [systemlog] 当前:2023-07-26 10:34:47系统插件状态异常
07-26 10:34:47,699636 [INFOR] [systemlog] 当前:2023-07-26 10:34:47系统插件状态异常
07-26 10:34:48,309036 [INFOR] [systemlog] 当前:2023-07-26 10:34:48系统插件状态异常
07-26 10:34:48,598154 [INFOR] [systemlog] 当前:2023-07-26 10:34:48系统插件状态异常
07-26 10:34:50,262945 [INFOR] [systemlog] 当前:2023-07-26 10:34:50系统插件状态异常
07-26 10:35:44,532013 [INFOR] [systemlog] 当前:2023-07-26 10:35:44系统插件状态异常
07-26 10:35:45,395277 [INFOR] [systemlog] 当前:2023-07-26 10:35:45系统插件状态异常
07-26 10:35:46,733085 [INFOR] [systemlog] 当前:2023-07-26 10:35:46系统插件状态异常
07-26 10:35:47,678042 [INFOR] [systemlog] 当前:2023-07-26 10:35:47系统插件状态异常
07-26 10:35:47,713723 [INFOR] [systemlog] 当前:2023-07-26 10:35:47系统插件状态异常
07-26 10:35:47,774454 [INFOR] [systemlog] 当前:2023-07-26 10:35:47系统插件状态异常
07-26 10:35:47,835304 [INFOR] [systemlog] 当前:2023-07-26 10:35:47系统插件状态异常
07-26 10:35:47,891066 [INFOR] [systemlog] 当前:2023-07-26 10:35:47系统插件状态异常
07-26 10:36:44,501478 [INFOR] [systemlog] 当前:2023-07-26 10:36:44系统插件状态异常
07-26 10:36:48,583439 [INFOR] [systemlog] 当前:2023-07-26 10:36:48系统插件状态异常
07-26 10:36:54,202572 [INFOR] [systemlog] 当前:2023-07-26 10:36:54系统插件状态异常
07-26 10:36:56,773741 [INFOR] [systemlog] 当前:2023-07-26 10:36:56系统插件状态异常
07-26 10:37:03,622557 [INFOR] [systemlog] 当前:2023-07-26 10:37:03系统插件状态异常
07-26 10:37:04,096804 [INFOR] [systemlog] 当前:2023-07-26 10:37:04系统插件状态异常
07-26 10:37:04,566767 [INFOR] [systemlog] 当前:2023-07-26 10:37:04系统插件状态异常
07-26 10:37:05,030706 [INFOR] [systemlog] 当前:2023-07-26 10:37:05系统插件状态异常
07-26 10:37:43,926858 [INFOR] [systemlog] 当前:2023-07-26 10:37:43系统使用内存:27122MB, 硬盘:185110MB
07-26 10:37:44,990948 [INFOR] [systemlog] 当前:2023-07-26 10:37:44系统插件状态异常
07-26 10:37:45,354664 [INFOR] [systemlog] 当前:2023-07-26 10:37:45系统插件状态异常
07-26 10:37:45,752778 [INFOR] [systemlog] 当前:2023-07-26 10:37:45系统插件状态异常
07-26 10:37:46,207331 [INFOR] [systemlog] 当前:2023-07-26 10:37:46系统插件状态异常
07-26 10:37:46,640589 [INFOR] [systemlog] 当前:2023-07-26 10:37:46系统插件状态异常
07-26 10:37:47,066476 [INFOR] [systemlog] 当前:2023-07-26 10:37:47系统插件状态异常
07-26 10:37:47,577692 [INFOR] [systemlog] 当前:2023-07-26 10:37:47系统插件状态异常
07-26 10:37:48,022165 [INFOR] [systemlog] 当前:2023-07-26 10:37:47系统插件状态异常
07-26 10:38:44,536690 [INFOR] [systemlog] 当前:2023-07-26 10:38:44系统插件状态异常
07-26 10:38:46,035084 [INFOR] [systemlog] 当前:2023-07-26 10:38:46系统插件状态异常
07-26 10:38:48,295940 [INFOR] [systemlog] 当前:2023-07-26 10:38:48系统插件状态异常
07-26 10:38:51,322872 [INFOR] [systemlog] 当前:2023-07-26 10:38:51系统插件状态异常
07-26 10:38:51,394332 [INFOR] [systemlog] 当前:2023-07-26 10:38:51系统插件状态异常
07-26 10:38:51,474022 [INFOR] [systemlog] 当前:2023-07-26 10:38:51系统插件状态异常
07-26 10:38:51,523268 [INFOR] [systemlog] 当前:2023-07-26 10:38:51系统插件状态异常
07-26 10:38:51,559886 [INFOR] [systemlog] 当前:2023-07-26 10:38:51系统插件状态异常
07-26 10:39:44,512907 [INFOR] [systemlog] 当前:2023-07-26 10:39:44系统插件状态异常
07-26 10:39:46,423214 [INFOR] [systemlog] 当前:2023-07-26 10:39:46系统插件状态异常
07-26 10:39:47,809110 [INFOR] [systemlog] 当前:2023-07-26 10:39:47系统插件状态异常
07-26 10:39:49,223033 [INFOR] [systemlog] 当前:2023-07-26 10:39:49系统插件状态异常
07-26 10:39:50,568071 [INFOR] [systemlog] 当前:2023-07-26 10:39:50系统插件状态异常
07-26 10:39:54,533865 [INFOR] [systemlog] 当前:2023-07-26 10:39:54系统插件状态异常
07-26 10:39:55,599053 [INFOR] [systemlog] 当前:2023-07-26 10:39:55系统插件状态异常
07-26 10:39:56,329637 [INFOR] [systemlog] 当前:2023-07-26 10:39:56系统插件状态异常
07-26 10:40:47,610553 [INFOR] [systemlog] 当前:2023-07-26 10:40:44系统插件状态异常
07-26 10:40:50,682181 [INFOR] [systemlog] 当前:2023-07-26 10:40:47系统插件状态异常
07-26 10:40:53,754069 [INFOR] [systemlog] 当前:2023-07-26 10:40:51系统插件状态异常
07-26 10:41:01,624982 [INFOR] [systemlog] 当前:2023-07-26 10:40:58系统插件状态异常
07-26 10:41:04,696814 [INFOR] [systemlog] 当前:2023-07-26 10:41:02系统插件状态异常
07-26 10:41:07,774557 [INFOR] [systemlog] 当前:2023-07-26 10:41:05系统插件状态异常
07-26 10:41:08,795004 [INFOR] [systemlog] 当前:2023-07-26 10:41:07系统插件状态异常
07-26 10:41:08,863689 [INFOR] [systemlog] 当前:2023-07-26 10:41:08系统插件状态异常
07-26 10:42:02,269241 [INFOR] [systemlog] 当前:2023-07-26 10:42:02系统使用内存:29843MB, 硬盘:185330MB
07-26 10:42:53,246238 [INFOR] [systemlog] 当前:2023-07-26 10:42:53系统插件状态正常
07-26 10:45:45,018745 [INFOR] [systemlog] 当前:2023-07-26 10:45:45系统插件状态异常
07-26 10:45:45,419427 [INFOR] [systemlog] 当前:2023-07-26 10:45:45系统插件状态异常
07-26 10:45:45,861761 [INFOR] [systemlog] 当前:2023-07-26 10:45:45系统插件状态异常
07-26 10:45:46,310776 [INFOR] [systemlog] 当前:2023-07-26 10:45:46系统插件状态异常
07-26 10:45:46,765059 [INFOR] [systemlog] 当前:2023-07-26 10:45:46系统插件状态异常
07-26 10:45:46,792738 [INFOR] [systemlog] 当前:2023-07-26 10:45:46系统插件状态异常
07-26 10:45:47,253221 [INFOR] [systemlog] 当前:2023-07-26 10:45:47系统插件状态异常
07-26 10:45:47,689054 [INFOR] [systemlog] 当前:2023-07-26 10:45:47系统插件状态异常
07-26 10:46:43,745641 [INFOR] [systemlog] 当前:2023-07-26 10:46:43系统使用内存:8913MB, 硬盘:185379MB
07-26 10:46:54,521874 [INFOR] [systemlog] 当前:2023-07-26 10:46:44系统插件状态异常
07-26 10:46:59,542467 [INFOR] [systemlog] 当前:2023-07-26 10:46:54系统插件状态正常
07-26 10:47:43,748770 [INFOR] [systemlog] 当前:2023-07-26 10:47:43系统使用内存:9965MB, 硬盘:185375MB
07-26 10:50:43,745246 [INFOR] [systemlog] 当前:2023-07-26 10:50:43系统使用内存:11029MB, 硬盘:187281MB
07-26 10:52:13,745266 [INFOR] [systemlog] 当前:2023-07-26 10:52:13系统使用内存:7883MB, 硬盘:188739MB
07-26 10:55:13,752112 [INFOR] [systemlog] 当前:2023-07-26 10:55:13系统使用内存:8954MB, 硬盘:186663MB
07-26 10:56:13,745499 [INFOR] [systemlog] 当前:2023-07-26 10:56:13系统使用内存:9936MB, 硬盘:187626MB
07-26 10:57:43,747403 [INFOR] [systemlog] 当前:2023-07-26 10:57:43系统使用内存:11037MB, 硬盘:187346MB
07-26 10:59:44,515513 [INFOR] [systemlog] 当前:2023-07-26 10:59:44系统插件状态异常
07-26 10:59:47,838328 [INFOR] [systemlog] 当前:2023-07-26 10:59:47系统插件状态异常
07-26 10:59:50,906245 [INFOR] [systemlog] 当前:2023-07-26 10:59:50系统插件状态异常
07-26 10:59:53,108871 [INFOR] [systemlog] 当前:2023-07-26 10:59:53系统插件状态异常
07-26 10:59:58,257089 [INFOR] [systemlog] 当前:2023-07-26 10:59:58系统插件状态异常
07-26 11:00:02,038105 [INFOR] [systemlog] 当前:2023-07-26 11:00:02系统插件状态异常
07-26 11:00:04,529875 [INFOR] [systemlog] 当前:2023-07-26 11:00:04系统插件状态异常
07-26 11:00:07,768026 [INFOR] [systemlog] 当前:2023-07-26 11:00:07系统插件状态异常
07-26 11:00:43,745844 [INFOR] [systemlog] 当前:2023-07-26 11:00:43系统使用内存:7124MB, 硬盘:186603MB
07-26 11:00:55,585885 [INFOR] [systemlog] 当前:2023-07-26 11:00:45系统插件状态异常
07-26 11:01:05,608822 [INFOR] [systemlog] 当前:2023-07-26 11:00:55系统插件状态异常
07-26 11:01:15,654693 [INFOR] [systemlog] 当前:2023-07-26 11:01:05系统插件状态异常
07-26 11:01:26,005344 [INFOR] [systemlog] 当前:2023-07-26 11:01:15系统插件状态异常
07-26 11:01:36,024868 [INFOR] [systemlog] 当前:2023-07-26 11:01:26系统插件状态异常
07-26 11:01:46,057215 [INFOR] [systemlog] 当前:2023-07-26 11:01:36系统插件状态异常
07-26 11:01:56,076904 [INFOR] [systemlog] 当前:2023-07-26 11:01:46系统插件状态异常
07-26 11:02:06,096845 [INFOR] [systemlog] 当前:2023-07-26 11:01:56系统插件状态异常
07-26 11:02:44,509894 [INFOR] [systemlog] 当前:2023-07-26 11:02:44系统插件状态异常
07-26 11:02:44,524747 [INFOR] [systemlog] 当前:2023-07-26 11:02:44系统插件状态异常
07-26 11:02:44,538835 [INFOR] [systemlog] 当前:2023-07-26 11:02:44系统插件状态异常
07-26 11:02:44,552814 [INFOR] [systemlog] 当前:2023-07-26 11:02:44系统插件状态异常
07-26 11:02:44,566952 [INFOR] [systemlog] 当前:2023-07-26 11:02:44系统插件状态异常
07-26 11:02:44,581221 [INFOR] [systemlog] 当前:2023-07-26 11:02:44系统插件状态异常
07-26 11:02:44,595818 [INFOR] [systemlog] 当前:2023-07-26 11:02:44系统插件状态异常
07-26 11:02:44,721097 [INFOR] [systemlog] 当前:2023-07-26 11:02:44系统插件状态异常
07-26 11:03:54,521160 [INFOR] [systemlog] 当前:2023-07-26 11:03:44系统插件状态异常
07-26 11:04:04,537609 [INFOR] [systemlog] 当前:2023-07-26 11:03:54系统插件状态异常
07-26 11:04:14,562720 [INFOR] [systemlog] 当前:2023-07-26 11:04:04系统插件状态异常
07-26 11:04:24,587135 [INFOR] [systemlog] 当前:2023-07-26 11:04:14系统插件状态异常
07-26 11:04:24,608531 [INFOR] [systemlog] 当前:2023-07-26 11:04:24系统插件状态正常
07-26 11:10:13,747519 [INFOR] [systemlog] 当前:2023-07-26 11:10:13系统使用内存:7998MB, 硬盘:186747MB
07-26 11:11:43,749480 [INFOR] [systemlog] 当前:2023-07-26 11:11:43系统使用内存:8982MB, 硬盘:187432MB
07-26 11:14:13,744433 [INFOR] [systemlog] 当前:2023-07-26 11:14:13系统使用内存:10010MB, 硬盘:188708MB
07-26 11:17:13,748648 [INFOR] [systemlog] 当前:2023-07-26 11:17:13系统使用内存:11109MB, 硬盘:190058MB
07-26 11:20:55,805304 [INFOR] [systemlog] 当前:2023-07-26 11:20:45系统插件状态异常
07-26 11:21:06,416862 [INFOR] [systemlog] 当前:2023-07-26 11:20:56系统插件状态异常
07-26 11:21:17,770495 [INFOR] [systemlog] 当前:2023-07-26 11:21:07系统插件状态异常
07-26 11:21:29,405433 [INFOR] [systemlog] 当前:2023-07-26 11:21:19系统插件状态异常
07-26 11:21:39,461689 [INFOR] [systemlog] 当前:2023-07-26 11:21:29系统插件状态异常
07-26 11:21:51,586198 [INFOR] [systemlog] 当前:2023-07-26 11:21:41系统插件状态异常
07-26 11:22:01,608860 [INFOR] [systemlog] 当前:2023-07-26 11:21:51系统插件状态异常
07-26 11:22:11,644876 [INFOR] [systemlog] 当前:2023-07-26 11:22:01系统插件状态异常
07-26 11:22:13,746771 [INFOR] [systemlog] 当前:2023-07-26 11:22:13系统使用内存:6030MB, 硬盘:186859MB
07-26 11:22:44,516131 [INFOR] [systemlog] 当前:2023-07-26 11:22:44系统插件状态正常
07-26 11:23:13,762312 [INFOR] [systemlog] 当前:2023-07-26 11:23:13系统使用内存:6704MB, 硬盘:186533MB
07-26 11:34:43,750517 [INFOR] [systemlog] 当前:2023-07-26 11:34:43系统使用内存:7391MB, 硬盘:186746MB
07-26 11:38:13,746152 [INFOR] [systemlog] 当前:2023-07-26 11:38:13系统使用内存:6422MB, 硬盘:186758MB
07-26 11:43:13,746912 [INFOR] [systemlog] 当前:2023-07-26 11:43:13系统使用内存:7175MB, 硬盘:187162MB
07-26 11:44:36,921705 [INFOR] [systemlog] 当前:2023-07-26 11:44:36已使用年度流量:54707MB、补充流量:0MB、每日流量:5MB、日任务数:2
07-26 12:27:43,749873 [INFOR] [systemlog] 当前:2023-07-26 12:27:43系统使用内存:6315MB, 硬盘:186444MB
07-26 16:58:29,656076 [INFOR] [systemlog] 当前:2023-07-26 16:58:29已使用年度流量:54707MB、补充流量:0MB、每日流量:5MB、日任务数:3
07-26 16:58:30,799127 [INFOR] [systemlog] 当前:2023-07-26 16:58:30已使用年度流量:54710MB、补充流量:0MB、每日流量:7MB、日任务数:4
07-26 16:58:31,613847 [INFOR] [systemlog] 当前:2023-07-26 16:58:31已使用年度流量:54710MB、补充流量:0MB、每日流量:8MB、日任务数:5
07-26 16:58:33,788146 [INFOR] [systemlog] 当前:2023-07-26 16:58:33已使用年度流量:54715MB、补充流量:0MB、每日流量:13MB、日任务数:6
07-26 16:58:35,224491 [INFOR] [systemlog] 当前:2023-07-26 16:58:35已使用年度流量:54717MB、补充流量:0MB、每日流量:15MB、日任务数:7
07-26 16:58:36,416645 [INFOR] [systemlog] 当前:2023-07-26 16:58:36已使用年度流量:54719MB、补充流量:0MB、每日流量:17MB、日任务数:8
07-26 16:58:39,263463 [INFOR] [systemlog] 当前:2023-07-26 16:58:39已使用年度流量:54728MB、补充流量:0MB、每日流量:25MB、日任务数:9
07-26 16:58:42,113778 [INFOR] [systemlog] 当前:2023-07-26 16:58:42已使用年度流量:54736MB、补充流量:0MB、每日流量:34MB、日任务数:10
07-26 16:58:47,497462 [INFOR] [systemlog] 当前:2023-07-26 16:58:47已使用年度流量:54764MB、补充流量:0MB、每日流量:62MB、日任务数:11
07-26 16:58:50,358247 [INFOR] [systemlog] 当前:2023-07-26 16:58:50已使用年度流量:54776MB、补充流量:0MB、每日流量:74MB、日任务数:12
07-26 16:58:53,924919 [INFOR] [systemlog] 当前:2023-07-26 16:58:53已使用年度流量:54788MB、补充流量:0MB、每日流量:86MB、日任务数:13
07-26 16:59:13,749385 [INFOR] [systemlog] 当前:2023-07-26 16:59:13系统使用内存:7016MB, 硬盘:185856MB
07-26 17:00:13,752960 [INFOR] [systemlog] 当前:2023-07-26 17:00:13系统使用内存:8848MB, 硬盘:186008MB
07-26 17:00:43,747391 [INFOR] [systemlog] 当前:2023-07-26 17:00:43系统使用内存:10294MB, 硬盘:185888MB
07-26 17:01:13,745999 [INFOR] [systemlog] 当前:2023-07-26 17:01:13系统使用内存:8268MB, 硬盘:185832MB
07-26 17:01:43,746322 [INFOR] [systemlog] 当前:2023-07-26 17:01:43系统使用内存:9211MB, 硬盘:185832MB
07-26 17:02:13,753881 [INFOR] [systemlog] 当前:2023-07-26 17:02:13系统使用内存:6803MB, 硬盘:185812MB
07-26 17:37:01,461804 [INFOR] [systemlog] 当前:2023-07-26 17:37:01已使用年度流量:54788MB、补充流量:0MB、每日流量:86MB、日任务数:14
07-26 17:37:02,523454 [INFOR] [systemlog] 当前:2023-07-26 17:37:02已使用年度流量:54790MB、补充流量:0MB、每日流量:88MB、日任务数:15
07-26 17:37:03,265752 [INFOR] [systemlog] 当前:2023-07-26 17:37:03已使用年度流量:54791MB、补充流量:0MB、每日流量:89MB、日任务数:16
07-26 17:37:04,840391 [INFOR] [systemlog] 当前:2023-07-26 17:37:04已使用年度流量:54796MB、补充流量:0MB、每日流量:94MB、日任务数:17
07-26 17:37:06,373099 [INFOR] [systemlog] 当前:2023-07-26 17:37:06已使用年度流量:54798MB、补充流量:0MB、每日流量:96MB、日任务数:18
07-26 17:37:07,521159 [INFOR] [systemlog] 当前:2023-07-26 17:37:07已使用年度流量:54800MB、补充流量:0MB、每日流量:98MB、日任务数:19
07-26 17:37:09,364092 [INFOR] [systemlog] 当前:2023-07-26 17:37:09已使用年度流量:54809MB、补充流量:0MB、每日流量:106MB、日任务数:20
07-26 17:37:11,212934 [INFOR] [systemlog] 当前:2023-07-26 17:37:11已使用年度流量:54817MB、补充流量:0MB、每日流量:115MB、日任务数:21
07-26 17:37:15,412111 [INFOR] [systemlog] 当前:2023-07-26 17:37:15已使用年度流量:54845MB、补充流量:0MB、每日流量:143MB、日任务数:22
07-26 17:37:17,550910 [INFOR] [systemlog] 当前:2023-07-26 17:37:17已使用年度流量:54857MB、补充流量:0MB、每日流量:155MB、日任务数:23
07-26 17:37:20,674477 [INFOR] [systemlog] 当前:2023-07-26 17:37:20已使用年度流量:54869MB、补充流量:0MB、每日流量:167MB、日任务数:24
07-26 17:37:26,407741 [INFOR] [systemlog] 当前:2023-07-26 17:37:26已使用年度流量:54906MB、补充流量:0MB、每日流量:204MB、日任务数:25
07-26 17:37:33,298289 [INFOR] [systemlog] 当前:2023-07-26 17:37:33已使用年度流量:54915MB、补充流量:0MB、每日流量:213MB、日任务数:26
07-26 17:37:35,823522 [INFOR] [systemlog] 当前:2023-07-26 17:37:35已使用年度流量:54924MB、补充流量:0MB、每日流量:222MB、日任务数:27
07-26 17:37:49,059249 [INFOR] [systemlog] 当前:2023-07-26 17:37:49已使用年度流量:54991MB、补充流量:0MB、每日流量:289MB、日任务数:28
07-26 17:38:08,985051 [INFOR] [systemlog] 当前:2023-07-26 17:38:08已使用年度流量:55108MB、补充流量:0MB、每日流量:406MB、日任务数:29
07-26 17:38:27,336214 [INFOR] [systemlog] 当前:2023-07-26 17:38:27已使用年度流量:55198MB、补充流量:0MB、每日流量:496MB、日任务数:30
07-26 17:38:52,527151 [INFOR] [systemlog] 当前:2023-07-26 17:38:52已使用年度流量:55307MB、补充流量:0MB、每日流量:605MB、日任务数:31
07-26 17:39:18,183117 [INFOR] [systemlog] 当前:2023-07-26 17:39:18已使用年度流量:55403MB、补充流量:0MB、每日流量:701MB、日任务数:32
07-26 17:39:39,187670 [INFOR] [systemlog] 当前:2023-07-26 17:39:39已使用年度流量:55515MB、补充流量:0MB、每日流量:813MB、日任务数:33
07-26 17:40:10,500113 [INFOR] [systemlog] 当前:2023-07-26 17:40:10已使用年度流量:55594MB、补充流量:0MB、每日流量:892MB、日任务数:34
07-26 17:41:13,747678 [INFOR] [systemlog] 当前:2023-07-26 17:41:13系统使用内存:8190MB, 硬盘:186773MB
07-26 17:42:13,751148 [INFOR] [systemlog] 当前:2023-07-26 17:42:13系统使用内存:10578MB, 硬盘:186882MB
07-26 17:43:13,758481 [INFOR] [systemlog] 当前:2023-07-26 17:43:13系统使用内存:12571MB, 硬盘:186924MB
07-26 17:43:43,750051 [INFOR] [systemlog] 当前:2023-07-26 17:43:43系统使用内存:10635MB, 硬盘:186933MB
07-26 17:44:43,755426 [INFOR] [systemlog] 当前:2023-07-26 17:44:43系统使用内存:12540MB, 硬盘:187507MB
07-26 17:50:13,768307 [INFOR] [systemlog] 当前:2023-07-26 17:50:13系统使用内存:14163MB, 硬盘:187532MB
07-26 17:50:43,757334 [INFOR] [systemlog] 当前:2023-07-26 17:50:43系统使用内存:12499MB, 硬盘:187362MB
07-26 17:53:13,769920 [INFOR] [systemlog] 当前:2023-07-26 17:53:13系统使用内存:15187MB, 硬盘:187951MB
07-26 17:53:43,760312 [INFOR] [systemlog] 当前:2023-07-26 17:53:43系统使用内存:12864MB, 硬盘:187834MB
07-26 17:54:43,748365 [INFOR] [systemlog] 当前:2023-07-26 17:54:43系统使用内存:10387MB, 硬盘:187766MB
07-26 17:57:43,748784 [INFOR] [systemlog] 当前:2023-07-26 17:57:43系统使用内存:11486MB, 硬盘:188553MB
07-26 18:04:13,759932 [INFOR] [systemlog] 当前:2023-07-26 18:04:13系统使用内存:12880MB, 硬盘:188091MB
07-26 18:05:13,745466 [INFOR] [systemlog] 当前:2023-07-26 18:05:13系统使用内存:9232MB, 硬盘:187578MB
07-26 19:06:23,708913 [INFOR] [systemlog] 当前:2023-07-26 19:06:23已使用年度流量:55597MB、补充流量:0MB、每日流量:894MB、日任务数:35
07-26 19:07:43,752653 [INFOR] [systemlog] 当前:2023-07-26 19:07:43系统使用内存:10599MB, 硬盘:187606MB
07-26 19:10:43,758924 [INFOR] [systemlog] 当前:2023-07-26 19:10:43系统使用内存:14843MB, 硬盘:187607MB
07-26 19:11:43,750189 [INFOR] [systemlog] 当前:2023-07-26 19:11:43系统使用内存:16346MB, 硬盘:187677MB
07-26 19:12:34,808476 [INFOR] [systemlog] 当前:2023-07-26 19:12:34已使用年度流量:55647MB、补充流量:0MB、每日流量:944MB、日任务数:36
07-26 19:16:43,754345 [INFOR] [systemlog] 当前:2023-07-26 19:16:43系统使用内存:18317MB, 硬盘:187665MB
07-26 19:18:13,752915 [INFOR] [systemlog] 当前:2023-07-26 19:18:13系统使用内存:14658MB, 硬盘:187671MB
07-26 19:21:13,750436 [INFOR] [systemlog] 当前:2023-07-26 19:21:13系统使用内存:11820MB, 硬盘:187988MB
07-26 19:22:13,748712 [INFOR] [systemlog] 当前:2023-07-26 19:22:13系统使用内存:10229MB, 硬盘:187984MB
07-26 19:24:43,758464 [INFOR] [systemlog] 当前:2023-07-26 19:24:43系统使用内存:11596MB, 硬盘:188177MB
07-26 19:27:22,820386 [INFOR] [systemlog] 当前:2023-07-26 19:27:22已使用年度流量:55675MB、补充流量:0MB、每日流量:973MB、日任务数:37
07-26 19:29:13,755432 [INFOR] [systemlog] 当前:2023-07-26 19:29:13系统使用内存:9385MB, 硬盘:190923MB
07-26 20:25:35,374585 [INFOR] [systemlog] 当前:2023-07-26 20:25:35已使用年度流量:55675MB、补充流量:0MB、每日流量:973MB、日任务数:38
07-26 20:25:36,470150 [INFOR] [systemlog] 当前:2023-07-26 20:25:36已使用年度流量:55678MB、补充流量:0MB、每日流量:975MB、日任务数:39
07-26 20:25:37,241367 [INFOR] [systemlog] 当前:2023-07-26 20:25:37已使用年度流量:55678MB、补充流量:0MB、每日流量:976MB、日任务数:40
07-26 20:25:38,609037 [INFOR] [systemlog] 当前:2023-07-26 20:25:38已使用年度流量:55683MB、补充流量:0MB、每日流量:981MB、日任务数:41
07-26 20:25:39,642796 [INFOR] [systemlog] 当前:2023-07-26 20:25:39已使用年度流量:55685MB、补充流量:0MB、每日流量:983MB、日任务数:42
07-26 20:25:40,598224 [INFOR] [systemlog] 当前:2023-07-26 20:25:40已使用年度流量:55687MB、补充流量:0MB、每日流量:985MB、日任务数:43
07-26 20:25:42,516557 [INFOR] [systemlog] 当前:2023-07-26 20:25:42已使用年度流量:55696MB、补充流量:0MB、每日流量:993MB、日任务数:44
07-26 20:25:44,486678 [INFOR] [systemlog] 当前:2023-07-26 20:25:44已使用年度流量:55704MB、补充流量:0MB、每日流量:1002MB、日任务数:45
07-26 20:25:48,910598 [INFOR] [systemlog] 当前:2023-07-26 20:25:48已使用年度流量:55732MB、补充流量:0MB、每日流量:1030MB、日任务数:46
07-26 20:25:51,361839 [INFOR] [systemlog] 当前:2023-07-26 20:25:51已使用年度流量:55744MB、补充流量:0MB、每日流量:1042MB、日任务数:47
07-26 20:25:53,601321 [INFOR] [systemlog] 当前:2023-07-26 20:25:53已使用年度流量:55756MB、补充流量:0MB、每日流量:1054MB、日任务数:48
07-26 20:26:01,122708 [INFOR] [systemlog] 当前:2023-07-26 20:26:01已使用年度流量:55793MB、补充流量:0MB、每日流量:1091MB、日任务数:49
07-26 20:26:03,734995 [INFOR] [systemlog] 当前:2023-07-26 20:26:03已使用年度流量:55803MB、补充流量:0MB、每日流量:1100MB、日任务数:50
07-26 20:26:05,850587 [INFOR] [systemlog] 当前:2023-07-26 20:26:05已使用年度流量:55812MB、补充流量:0MB、每日流量:1109MB、日任务数:51
07-26 20:26:14,964327 [INFOR] [systemlog] 当前:2023-07-26 20:26:14已使用年度流量:55878MB、补充流量:0MB、每日流量:1176MB、日任务数:52
07-26 20:26:31,042927 [INFOR] [systemlog] 当前:2023-07-26 20:26:31已使用年度流量:55995MB、补充流量:0MB、每日流量:1293MB、日任务数:53
07-26 20:26:42,883682 [INFOR] [systemlog] 当前:2023-07-26 20:26:42已使用年度流量:56085MB、补充流量:0MB、每日流量:1383MB、日任务数:54
07-26 20:26:43,746750 [INFOR] [systemlog] 当前:2023-07-26 20:26:43系统使用内存:10418MB, 硬盘:188878MB
07-26 20:26:55,156244 [INFOR] [systemlog] 当前:2023-07-26 20:26:55已使用年度流量:56194MB、补充流量:0MB、每日流量:1492MB、日任务数:55
07-26 20:27:06,310566 [INFOR] [systemlog] 当前:2023-07-26 20:27:06已使用年度流量:56290MB、补充流量:0MB、每日流量:1588MB、日任务数:56
07-26 20:27:24,537167 [INFOR] [systemlog] 当前:2023-07-26 20:27:24已使用年度流量:56402MB、补充流量:0MB、每日流量:1700MB、日任务数:57
07-26 20:27:43,747482 [INFOR] [systemlog] 当前:2023-07-26 20:27:43系统使用内存:12852MB, 硬盘:188401MB
07-26 20:27:51,376192 [INFOR] [systemlog] 当前:2023-07-26 20:27:51已使用年度流量:56481MB、补充流量:0MB、每日流量:1779MB、日任务数:58
07-26 20:28:43,746748 [INFOR] [systemlog] 当前:2023-07-26 20:28:43系统使用内存:10836MB, 硬盘:188187MB
07-26 20:30:08,716329 [INFOR] [systemlog] 当前:2023-07-26 20:30:08已使用年度流量:56484MB、补充流量:0MB、每日流量:1781MB、日任务数:59
07-26 20:31:13,800087 [INFOR] [systemlog] 当前:2023-07-26 20:31:13系统使用内存:12100MB, 硬盘:188178MB
07-26 20:34:13,781406 [INFOR] [systemlog] 当前:2023-07-26 20:34:13系统使用内存:14515MB, 硬盘:188071MB
07-26 20:36:43,757024 [INFOR] [systemlog] 当前:2023-07-26 20:36:43系统使用内存:17538MB, 硬盘:188145MB
07-26 20:39:13,762039 [INFOR] [systemlog] 当前:2023-07-26 20:39:13系统使用内存:19499MB, 硬盘:188213MB
07-26 20:43:43,758799 [INFOR] [systemlog] 当前:2023-07-26 20:43:43系统使用内存:16270MB, 硬盘:187753MB
07-26 20:47:13,749692 [INFOR] [systemlog] 当前:2023-07-26 20:47:13系统使用内存:9530MB, 硬盘:187730MB
07-26 21:02:42,992968 [INFOR] [systemlog] 当前:2023-07-26 21:02:42已使用年度流量:56484MB、补充流量:0MB、每日流量:1782MB、日任务数:60
07-26 21:02:44,162128 [INFOR] [systemlog] 当前:2023-07-26 21:02:44已使用年度流量:56485MB、补充流量:0MB、每日流量:1783MB、日任务数:61
07-26 21:02:45,109675 [INFOR] [systemlog] 当前:2023-07-26 21:02:45已使用年度流量:56486MB、补充流量:0MB、每日流量:1783MB、日任务数:62
07-26 21:02:47,819400 [INFOR] [systemlog] 当前:2023-07-26 21:02:47已使用年度流量:56499MB、补充流量:0MB、每日流量:1796MB、日任务数:63
07-26 21:02:49,220772 [INFOR] [systemlog] 当前:2023-07-26 21:02:49已使用年度流量:56502MB、补充流量:0MB、每日流量:1800MB、日任务数:64
07-26 21:02:51,345742 [INFOR] [systemlog] 当前:2023-07-26 21:02:51已使用年度流量:56514MB、补充流量:0MB、每日流量:1811MB、日任务数:65
07-26 21:02:52,365366 [INFOR] [systemlog] 当前:2023-07-26 21:02:52已使用年度流量:56514MB、补充流量:0MB、每日流量:1812MB、日任务数:66
07-26 21:02:53,519784 [INFOR] [systemlog] 当前:2023-07-26 21:02:53已使用年度流量:56516MB、补充流量:0MB、每日流量:1814MB、日任务数:67
07-26 21:02:54,616192 [INFOR] [systemlog] 当前:2023-07-26 21:02:54已使用年度流量:56517MB、补充流量:0MB、每日流量:1815MB、日任务数:68
07-26 21:02:56,541364 [INFOR] [systemlog] 当前:2023-07-26 21:02:56已使用年度流量:56526MB、补充流量:0MB、每日流量:1823MB、日任务数:69
07-26 21:03:01,036514 [INFOR] [systemlog] 当前:2023-07-26 21:03:01已使用年度流量:56554MB、补充流量:0MB、每日流量:1852MB、日任务数:70
07-26 21:03:02,715311 [INFOR] [systemlog] 当前:2023-07-26 21:03:02已使用年度流量:56561MB、补充流量:0MB、每日流量:1859MB、日任务数:71
07-26 21:03:04,115098 [INFOR] [systemlog] 当前:2023-07-26 21:03:04已使用年度流量:56565MB、补充流量:0MB、每日流量:1863MB、日任务数:72
07-26 21:03:05,321641 [INFOR] [systemlog] 当前:2023-07-26 21:03:05已使用年度流量:56567MB、补充流量:0MB、每日流量:1865MB、日任务数:73
07-26 21:03:07,134267 [INFOR] [systemlog] 当前:2023-07-26 21:03:07已使用年度流量:56575MB、补充流量:0MB、每日流量:1873MB、日任务数:74
07-26 21:03:08,107843 [INFOR] [systemlog] 当前:2023-07-26 21:03:08已使用年度流量:56575MB、补充流量:0MB、每日流量:1873MB、日任务数:75
07-26 21:03:09,868106 [INFOR] [systemlog] 当前:2023-07-26 21:03:09已使用年度流量:56582MB、补充流量:0MB、每日流量:1880MB、日任务数:76
07-26 21:03:11,372062 [INFOR] [systemlog] 当前:2023-07-26 21:03:11已使用年度流量:56587MB、补充流量:0MB、每日流量:1885MB、日任务数:77
07-26 21:03:12,400073 [INFOR] [systemlog] 当前:2023-07-26 21:03:12已使用年度流量:56587MB、补充流量:0MB、每日流量:1885MB、日任务数:78
07-26 21:03:13,900520 [INFOR] [systemlog] 当前:2023-07-26 21:03:13已使用年度流量:56593MB、补充流量:0MB、每日流量:1890MB、日任务数:79
07-26 21:03:14,971945 [INFOR] [systemlog] 当前:2023-07-26 21:03:14已使用年度流量:56593MB、补充流量:0MB、每日流量:1891MB、日任务数:80
07-26 21:03:24,423107 [INFOR] [systemlog] 当前:2023-07-26 21:03:24已使用年度流量:56676MB、补充流量:0MB、每日流量:1973MB、日任务数:81
07-26 21:03:26,222739 [INFOR] [systemlog] 当前:2023-07-26 21:03:26已使用年度流量:56683MB、补充流量:0MB、每日流量:1980MB、日任务数:82
07-26 21:03:27,556378 [INFOR] [systemlog] 当前:2023-07-26 21:03:27已使用年度流量:56685MB、补充流量:0MB、每日流量:1983MB、日任务数:83
07-26 21:03:29,704567 [INFOR] [systemlog] 当前:2023-07-26 21:03:29已使用年度流量:56689MB、补充流量:0MB、每日流量:1987MB、日任务数:84
07-26 21:05:43,769777 [INFOR] [systemlog] 当前:2023-07-26 21:05:43系统使用内存:10489MB, 硬盘:187324MB
07-26 21:06:43,788717 [INFOR] [systemlog] 当前:2023-07-26 21:06:43系统使用内存:12391MB, 硬盘:187376MB
07-26 21:07:13,767590 [INFOR] [systemlog] 当前:2023-07-26 21:07:13系统使用内存:11012MB, 硬盘:187396MB
07-26 21:08:13,751408 [INFOR] [systemlog] 当前:2023-07-26 21:08:13系统使用内存:9686MB, 硬盘:187354MB
07-26 21:11:43,759805 [INFOR] [systemlog] 当前:2023-07-26 21:11:43系统使用内存:10995MB, 硬盘:187449MB
07-26 21:18:13,755210 [INFOR] [systemlog] 当前:2023-07-26 21:18:13系统使用内存:12217MB, 硬盘:187598MB
07-26 21:18:43,750337 [INFOR] [systemlog] 当前:2023-07-26 21:18:43系统使用内存:13913MB, 硬盘:187586MB
07-26 21:23:13,754295 [INFOR] [systemlog] 当前:2023-07-26 21:23:13系统使用内存:15820MB, 硬盘:187637MB
07-26 21:23:43,769184 [INFOR] [systemlog] 当前:2023-07-26 21:23:43系统使用内存:18188MB, 硬盘:187653MB
07-26 21:27:43,751003 [INFOR] [systemlog] 当前:2023-07-26 21:27:43系统使用内存:15047MB, 硬盘:187692MB
07-26 21:29:13,757809 [INFOR] [systemlog] 当前:2023-07-26 21:29:13系统使用内存:17489MB, 硬盘:187697MB
07-26 21:30:43,756797 [INFOR] [systemlog] 当前:2023-07-26 21:30:43系统使用内存:11840MB, 硬盘:187735MB
07-26 21:31:43,757652 [INFOR] [systemlog] 当前:2023-07-26 21:31:43系统使用内存:14089MB, 硬盘:187767MB
07-26 21:32:43,750190 [INFOR] [systemlog] 当前:2023-07-26 21:32:43系统使用内存:11866MB, 硬盘:187722MB
07-26 21:33:13,748163 [INFOR] [systemlog] 当前:2023-07-26 21:33:13系统使用内存:13083MB, 硬盘:187710MB
07-26 21:35:13,759121 [INFOR] [systemlog] 当前:2023-07-26 21:35:13系统使用内存:14581MB, 硬盘:187724MB
07-26 21:38:13,758103 [INFOR] [systemlog] 当前:2023-07-26 21:38:13系统使用内存:16648MB, 硬盘:187818MB
07-26 21:38:43,750485 [INFOR] [systemlog] 当前:2023-07-26 21:38:43系统使用内存:11901MB, 硬盘:187815MB
07-26 21:39:43,755678 [INFOR] [systemlog] 当前:2023-07-26 21:39:43系统使用内存:13987MB, 硬盘:187825MB
07-26 21:40:13,747497 [INFOR] [systemlog] 当前:2023-07-26 21:40:13系统使用内存:11800MB, 硬盘:187747MB
07-26 21:42:13,749547 [INFOR] [systemlog] 当前:2023-07-26 21:42:13系统使用内存:13287MB, 硬盘:187757MB
07-26 21:46:13,753098 [INFOR] [systemlog] 当前:2023-07-26 21:46:13系统使用内存:14702MB, 硬盘:187869MB
07-26 21:47:43,749417 [INFOR] [systemlog] 当前:2023-07-26 21:47:43系统使用内存:12618MB, 硬盘:187825MB
07-26 21:48:13,750572 [INFOR] [systemlog] 当前:2023-07-26 21:48:13系统使用内存:10621MB, 硬盘:187734MB
07-26 21:50:43,756741 [INFOR] [systemlog] 当前:2023-07-26 21:50:43系统使用内存:12299MB, 硬盘:187832MB
07-26 21:52:13,750347 [INFOR] [systemlog] 当前:2023-07-26 21:52:13系统使用内存:15882MB, 硬盘:187870MB
07-26 21:53:13,791432 [INFOR] [systemlog] 当前:2023-07-26 21:53:13系统使用内存:18811MB, 硬盘:187944MB
07-26 21:54:43,765679 [INFOR] [systemlog] 当前:2023-07-26 21:54:43系统使用内存:21063MB, 硬盘:187920MB
07-26 21:56:13,753778 [INFOR] [systemlog] 当前:2023-07-26 21:56:13系统使用内存:26381MB, 硬盘:187938MB
07-26 21:56:43,749066 [INFOR] [systemlog] 当前:2023-07-26 21:56:43系统使用内存:21985MB, 硬盘:187920MB
07-26 22:00:13,746639 [INFOR] [systemlog] 当前:2023-07-26 22:00:13系统使用内存:17904MB, 硬盘:187937MB
07-26 22:01:13,759289 [INFOR] [systemlog] 当前:2023-07-26 22:01:13系统使用内存:9687MB, 硬盘:187937MB
07-26 22:04:13,753324 [INFOR] [systemlog] 当前:2023-07-26 22:04:13系统使用内存:12287MB, 硬盘:190271MB
07-26 22:04:43,750290 [INFOR] [systemlog] 当前:2023-07-26 22:04:43系统使用内存:10559MB, 硬盘:188078MB
07-26 22:05:43,747088 [INFOR] [systemlog] 当前:2023-07-26 22:05:43系统使用内存:13872MB, 硬盘:188082MB
07-26 22:08:43,750417 [INFOR] [systemlog] 当前:2023-07-26 22:08:43系统使用内存:16696MB, 硬盘:188245MB
07-26 22:09:13,759683 [INFOR] [systemlog] 当前:2023-07-26 22:09:13系统使用内存:13886MB, 硬盘:188248MB
07-26 22:09:43,749087 [INFOR] [systemlog] 当前:2023-07-26 22:09:43系统使用内存:9859MB, 硬盘:188237MB
07-26 22:10:13,751044 [INFOR] [systemlog] 当前:2023-07-26 22:10:13系统使用内存:11403MB, 硬盘:188284MB
07-26 22:10:43,746755 [INFOR] [systemlog] 当前:2023-07-26 22:10:43系统使用内存:9940MB, 硬盘:188245MB
07-26 22:17:13,748313 [INFOR] [systemlog] 当前:2023-07-26 22:17:13系统使用内存:12939MB, 硬盘:188283MB
07-26 22:27:43,748366 [INFOR] [systemlog] 当前:2023-07-26 22:27:43系统使用内存:14284MB, 硬盘:188146MB
07-26 22:29:13,753195 [INFOR] [systemlog] 当前:2023-07-26 22:29:13系统使用内存:12667MB, 硬盘:187836MB
07-26 22:31:13,756676 [INFOR] [systemlog] 当前:2023-07-26 22:31:13系统使用内存:10061MB, 硬盘:187832MB
07-26 22:31:43,762176 [INFOR] [systemlog] 当前:2023-07-26 22:31:43系统使用内存:12078MB, 硬盘:187855MB
07-26 22:32:43,755307 [INFOR] [systemlog] 当前:2023-07-26 22:32:43系统使用内存:16036MB, 硬盘:187882MB
07-26 22:33:43,762331 [INFOR] [systemlog] 当前:2023-07-26 22:33:43系统使用内存:17948MB, 硬盘:187879MB
07-26 22:34:13,747598 [INFOR] [systemlog] 当前:2023-07-26 22:34:13系统使用内存:15057MB, 硬盘:187887MB
07-26 22:36:13,748440 [INFOR] [systemlog] 当前:2023-07-26 22:36:13系统使用内存:18516MB, 硬盘:187918MB
07-26 22:36:43,746236 [INFOR] [systemlog] 当前:2023-07-26 22:36:43系统使用内存:20637MB, 硬盘:187902MB
07-26 22:37:13,755199 [INFOR] [systemlog] 当前:2023-07-26 22:37:13系统使用内存:22873MB, 硬盘:187916MB
07-26 22:38:43,747211 [INFOR] [systemlog] 当前:2023-07-26 22:38:43系统使用内存:18022MB, 硬盘:187903MB
07-26 22:42:43,748951 [INFOR] [systemlog] 当前:2023-07-26 22:42:43系统使用内存:14616MB, 硬盘:187926MB
07-26 22:43:43,756384 [INFOR] [systemlog] 当前:2023-07-26 22:43:43系统使用内存:17276MB, 硬盘:187940MB
07-26 22:44:43,750208 [INFOR] [systemlog] 当前:2023-07-26 22:44:43系统使用内存:19094MB, 硬盘:187938MB
07-26 22:45:13,753644 [INFOR] [systemlog] 当前:2023-07-26 22:45:13系统使用内存:22373MB, 硬盘:187943MB
07-26 22:46:43,746509 [INFOR] [systemlog] 当前:2023-07-26 22:46:43系统使用内存:25662MB, 硬盘:187942MB
07-26 22:47:43,754959 [INFOR] [systemlog] 当前:2023-07-26 22:47:43系统使用内存:22112MB, 硬盘:187937MB
07-26 22:50:13,746966 [INFOR] [systemlog] 当前:2023-07-26 22:50:13系统使用内存:24348MB, 硬盘:187949MB
07-26 22:50:43,747836 [INFOR] [systemlog] 当前:2023-07-26 22:50:43系统使用内存:27148MB, 硬盘:187949MB
07-26 22:52:13,752398 [INFOR] [systemlog] 当前:2023-07-26 22:52:13系统使用内存:22097MB, 硬盘:187937MB
07-26 22:53:13,747201 [INFOR] [systemlog] 当前:2023-07-26 22:53:13系统使用内存:19464MB, 硬盘:187952MB
07-26 22:53:43,752745 [INFOR] [systemlog] 当前:2023-07-26 22:53:43系统使用内存:21657MB, 硬盘:187951MB
07-26 22:54:13,746408 [INFOR] [systemlog] 当前:2023-07-26 22:54:13系统使用内存:25244MB, 硬盘:187986MB
07-26 22:56:13,747809 [INFOR] [systemlog] 当前:2023-07-26 22:56:13系统使用内存:28711MB, 硬盘:187954MB
07-26 23:03:13,747639 [INFOR] [systemlog] 当前:2023-07-26 23:03:13系统使用内存:22385MB, 硬盘:187955MB
07-26 23:03:43,755247 [INFOR] [systemlog] 当前:2023-07-26 23:03:43系统使用内存:19090MB, 硬盘:187957MB
07-26 23:04:13,746144 [INFOR] [systemlog] 当前:2023-07-26 23:04:13系统使用内存:11079MB, 硬盘:187936MB
07-26 23:04:43,749141 [INFOR] [systemlog] 当前:2023-07-26 23:04:43系统使用内存:13840MB, 硬盘:187937MB
07-26 23:07:43,747567 [INFOR] [systemlog] 当前:2023-07-26 23:07:43系统使用内存:11955MB, 硬盘:187940MB
07-26 23:08:13,758478 [INFOR] [systemlog] 当前:2023-07-26 23:08:13系统使用内存:10208MB, 硬盘:187941MB
07-26 23:12:13,753812 [INFOR] [systemlog] 当前:2023-07-26 23:12:13系统使用内存:11312MB, 硬盘:187993MB
07-26 23:12:43,753159 [INFOR] [systemlog] 当前:2023-07-26 23:12:43系统使用内存:13260MB, 硬盘:188007MB
07-26 23:13:13,754384 [INFOR] [systemlog] 当前:2023-07-26 23:13:13系统使用内存:14602MB, 硬盘:188005MB
07-26 23:13:43,752694 [INFOR] [systemlog] 当前:2023-07-26 23:13:43系统使用内存:20324MB, 硬盘:187969MB
07-26 23:15:13,746893 [INFOR] [systemlog] 当前:2023-07-26 23:15:13系统使用内存:22635MB, 硬盘:187980MB
07-26 23:16:13,746458 [INFOR] [systemlog] 当前:2023-07-26 23:16:13系统使用内存:25122MB, 硬盘:187971MB
07-26 23:18:13,749457 [INFOR] [systemlog] 当前:2023-07-26 23:18:13系统使用内存:27715MB, 硬盘:187979MB
07-26 23:22:43,753861 [INFOR] [systemlog] 当前:2023-07-26 23:22:43系统使用内存:18543MB, 硬盘:188052MB
07-26 23:25:13,748101 [INFOR] [systemlog] 当前:2023-07-26 23:25:13系统使用内存:9598MB, 硬盘:187962MB
07-26 23:29:13,760864 [INFOR] [systemlog] 当前:2023-07-26 23:29:13系统使用内存:10867MB, 硬盘:188255MB
07-26 23:29:43,745919 [INFOR] [systemlog] 当前:2023-07-26 23:29:43系统使用内存:13590MB, 硬盘:188447MB
07-26 23:33:43,754804 [INFOR] [systemlog] 当前:2023-07-26 23:33:43系统使用内存:9567MB, 硬盘:188438MB
07-26 23:34:13,755683 [INFOR] [systemlog] 当前:2023-07-26 23:34:13系统使用内存:10628MB, 硬盘:188448MB
07-26 23:36:43,755032 [INFOR] [systemlog] 当前:2023-07-26 23:36:43系统使用内存:11781MB, 硬盘:188449MB
07-26 23:42:13,755716 [INFOR] [systemlog] 当前:2023-07-26 23:42:13系统使用内存:16193MB, 硬盘:188469MB
07-26 23:44:13,749402 [INFOR] [systemlog] 当前:2023-07-26 23:44:13系统使用内存:18430MB, 硬盘:188509MB
07-26 23:45:43,757522 [INFOR] [systemlog] 当前:2023-07-26 23:45:43系统使用内存:14142MB, 硬盘:188468MB
07-26 23:46:43,748804 [INFOR] [systemlog] 当前:2023-07-26 23:46:43系统使用内存:9695MB, 硬盘:188453MB
07-26 23:49:13,748184 [INFOR] [systemlog] 当前:2023-07-26 23:49:13系统使用内存:11162MB, 硬盘:188461MB
07-26 23:51:43,757044 [INFOR] [systemlog] 当前:2023-07-26 23:51:43系统使用内存:9947MB, 硬盘:188456MB
07-26 23:55:43,751993 [INFOR] [systemlog] 当前:2023-07-26 23:55:43系统使用内存:11886MB, 硬盘:188478MB
07-26 23:56:13,748211 [INFOR] [systemlog] 当前:2023-07-26 23:56:13系统使用内存:9678MB, 硬盘:188464MB
07-26 23:57:43,758157 [INFOR] [systemlog] 当前:2023-07-26 23:57:43系统使用内存:10876MB, 硬盘:188497MB
07-26 23:58:13,750012 [INFOR] [systemlog] 当前:2023-07-26 23:58:13系统使用内存:12867MB, 硬盘:188489MB
07-26 23:59:13,749083 [INFOR] [systemlog] 当前:2023-07-26 23:59:13系统使用内存:11296MB, 硬盘:188473MB

