07-24 17:07:32,881315 [INFOR] [systemlog] 当前:2023-07-24 17:07:32系统使用内存:11079MB, 硬盘:292368MB
07-24 17:12:02,876578 [INFOR] [systemlog] 当前:2023-07-24 17:12:02系统使用内存:12486MB, 硬盘:294599MB
07-24 17:13:02,877839 [INFOR] [systemlog] 当前:2023-07-24 17:13:02系统使用内存:12765MB, 硬盘:258350MB
07-24 17:14:02,883377 [INFOR] [systemlog] 当前:2023-07-24 17:14:02系统使用内存:11476MB, 硬盘:240201MB
07-24 19:21:35,455086 [INFOR] [systemlog] 当前:2023-07-24 19:21:35系统启动时间
07-24 19:21:35,467009 [INFOR] [systemlog] 当前:2023-07-24 19:21:35系统使用的内存:4238MB, 使用硬盘:171749MB
07-24 19:21:35,588365 [INFOR] [systemlog] 当前:2023-07-24 19:21:35已使用年度流量:53944MB、补充流量:0MB、每日流量:0MB、日任务数:0
07-24 19:21:35,594328 [INFOR] [systemlog] 当前:2023-07-24 19:21:35系统配额年度流量:71680000000MB、补充流量:0MB、每日流量:7168000MB、日任务数:1260
07-24 19:21:52,341809 [INFOR] [systemlog] 当前:2023-07-24 19:21:52系统启动时间
07-24 19:21:52,352895 [INFOR] [systemlog] 当前:2023-07-24 19:21:52系统使用的内存:4234MB, 使用硬盘:171749MB
07-24 19:21:52,475870 [INFOR] [systemlog] 当前:2023-07-24 19:21:52已使用年度流量:53944MB、补充流量:0MB、每日流量:0MB、日任务数:0
07-24 19:21:52,482027 [INFOR] [systemlog] 当前:2023-07-24 19:21:52系统配额年度流量:71680000000MB、补充流量:0MB、每日流量:7168000MB、日任务数:1260
07-24 19:26:25,084214 [INFOR] [systemlog] 当前:2023-07-24 19:26:25CVE漏洞库数据文件异常
07-24 19:40:10,447487 [INFOR] [systemlog] 当前:2023-07-24 19:40:10已使用年度流量:53947MB、补充流量:0MB、每日流量:2MB、日任务数:1
07-24 19:42:35,602842 [INFOR] [systemlog] 当前:2023-07-24 19:42:35系统启动时间
07-24 19:42:35,634112 [INFOR] [systemlog] 当前:2023-07-24 19:42:35系统使用的内存:4011MB, 使用硬盘:176125MB
07-24 19:42:35,754993 [INFOR] [systemlog] 当前:2023-07-24 19:42:35已使用年度流量:53947MB、补充流量:0MB、每日流量:2MB、日任务数:1
07-24 19:42:35,759256 [INFOR] [systemlog] 当前:2023-07-24 19:42:35系统配额年度流量:71680000000MB、补充流量:0MB、每日流量:7168000MB、日任务数:1260
07-24 19:42:41,611092 [INFOR] [systemlog] 当前:2023-07-24 19:42:41CVE漏洞库数据文件正常
07-24 19:44:04,609323 [INFOR] [systemlog] 当前:2023-07-24 19:44:04系统使用内存:5310MB, 硬盘:176164MB
07-24 19:45:04,617553 [INFOR] [systemlog] 当前:2023-07-24 19:45:04系统使用内存:6661MB, 硬盘:176204MB
07-24 19:47:04,614699 [INFOR] [systemlog] 当前:2023-07-24 19:47:04系统使用内存:8104MB, 硬盘:176215MB
07-24 19:47:34,594995 [INFOR] [systemlog] 当前:2023-07-24 19:47:34系统使用内存:10154MB, 硬盘:176160MB
07-24 19:48:04,588630 [INFOR] [systemlog] 当前:2023-07-24 19:48:04系统使用内存:8880MB, 硬盘:176175MB
07-24 19:49:05,625061 [INFOR] [systemlog] 当前:2023-07-24 19:49:05系统使用内存:11625MB, 硬盘:176228MB
07-24 19:49:35,392513 [INFOR] [systemlog] 当前:2023-07-24 19:49:35系统使用内存:9353MB, 硬盘:176154MB
07-24 19:51:34,595212 [INFOR] [systemlog] 当前:2023-07-24 19:51:34系统使用内存:8401MB, 硬盘:176155MB
07-24 19:55:04,587506 [INFOR] [systemlog] 当前:2023-07-24 19:55:04系统使用内存:4322MB, 硬盘:176143MB
07-24 19:55:55,392692 [INFOR] [systemlog] 当前:2023-07-24 19:55:55已使用年度流量:53948MB、补充流量:0MB、每日流量:4MB、日任务数:2
07-24 19:56:26,637203 [INFOR] [systemlog] 当前:2023-07-24 19:56:26已使用年度流量:53948MB、补充流量:0MB、每日流量:4MB、日任务数:3
07-24 19:58:12,126419 [INFOR] [systemlog] 当前:2023-07-24 19:58:12已使用年度流量:53949MB、补充流量:0MB、每日流量:4MB、日任务数:4
07-24 20:00:02,838902 [INFOR] [systemlog] 当前:2023-07-24 20:00:02已使用年度流量:53970MB、补充流量:0MB、每日流量:26MB、日任务数:5
07-24 20:01:34,589397 [INFOR] [systemlog] 当前:2023-07-24 20:01:34系统使用内存:5244MB, 硬盘:176080MB
07-24 20:04:18,908797 [INFOR] [systemlog] 当前:2023-07-24 20:04:18已使用年度流量:53971MB、补充流量:0MB、每日流量:26MB、日任务数:6
07-24 20:04:49,588924 [INFOR] [systemlog] 当前:2023-07-24 20:04:49已使用年度流量:53971MB、补充流量:0MB、每日流量:26MB、日任务数:7
07-24 20:05:04,589912 [INFOR] [systemlog] 当前:2023-07-24 20:05:04系统使用内存:6101MB, 硬盘:176431MB
07-24 20:06:04,596178 [INFOR] [systemlog] 当前:2023-07-24 20:06:04系统使用内存:4546MB, 硬盘:176195MB
07-24 20:14:02,232399 [INFOR] [systemlog] 当前:2023-07-24 20:14:02已使用年度流量:53971MB、补充流量:0MB、每日流量:27MB、日任务数:8
07-24 20:14:04,077475 [INFOR] [systemlog] 当前:2023-07-24 20:14:04已使用年度流量:53973MB、补充流量:0MB、每日流量:28MB、日任务数:9
07-24 20:14:05,257318 [INFOR] [systemlog] 当前:2023-07-24 20:14:05已使用年度流量:53973MB、补充流量:0MB、每日流量:28MB、日任务数:10
07-24 20:14:11,382322 [INFOR] [systemlog] 当前:2023-07-24 20:14:11已使用年度流量:53986MB、补充流量:0MB、每日流量:41MB、日任务数:11
07-24 20:14:13,501775 [INFOR] [systemlog] 当前:2023-07-24 20:14:13已使用年度流量:53990MB、补充流量:0MB、每日流量:45MB、日任务数:12
07-24 20:14:18,033182 [INFOR] [systemlog] 当前:2023-07-24 20:14:18已使用年度流量:54001MB、补充流量:0MB、每日流量:56MB、日任务数:13
07-24 20:14:19,106598 [INFOR] [systemlog] 当前:2023-07-24 20:14:19已使用年度流量:54001MB、补充流量:0MB、每日流量:57MB、日任务数:14
07-24 20:14:20,575423 [INFOR] [systemlog] 当前:2023-07-24 20:14:20已使用年度流量:54003MB、补充流量:0MB、每日流量:59MB、日任务数:15
07-24 20:14:21,922500 [INFOR] [systemlog] 当前:2023-07-24 20:14:21已使用年度流量:54005MB、补充流量:0MB、每日流量:60MB、日任务数:16
07-24 20:14:25,021535 [INFOR] [systemlog] 当前:2023-07-24 20:14:25已使用年度流量:54013MB、补充流量:0MB、每日流量:68MB、日任务数:17
07-24 20:14:34,176302 [INFOR] [systemlog] 当前:2023-07-24 20:14:34已使用年度流量:54042MB、补充流量:0MB、每日流量:97MB、日任务数:18
07-24 20:14:36,900292 [INFOR] [systemlog] 当前:2023-07-24 20:14:36已使用年度流量:54049MB、补充流量:0MB、每日流量:104MB、日任务数:19
07-24 20:14:38,997393 [INFOR] [systemlog] 当前:2023-07-24 20:14:38已使用年度流量:54052MB、补充流量:0MB、每日流量:108MB、日任务数:20
07-24 20:14:40,765135 [INFOR] [systemlog] 当前:2023-07-24 20:14:40已使用年度流量:54055MB、补充流量:0MB、每日流量:110MB、日任务数:21
07-24 20:14:43,767456 [INFOR] [systemlog] 当前:2023-07-24 20:14:43已使用年度流量:54062MB、补充流量:0MB、每日流量:118MB、日任务数:22
07-24 20:14:44,810250 [INFOR] [systemlog] 当前:2023-07-24 20:14:44已使用年度流量:54062MB、补充流量:0MB、每日流量:118MB、日任务数:23
07-24 20:14:47,970496 [INFOR] [systemlog] 当前:2023-07-24 20:14:47已使用年度流量:54070MB、补充流量:0MB、每日流量:125MB、日任务数:24
07-24 20:14:50,614077 [INFOR] [systemlog] 当前:2023-07-24 20:14:50已使用年度流量:54075MB、补充流量:0MB、每日流量:130MB、日任务数:25
07-24 20:14:51,824563 [INFOR] [systemlog] 当前:2023-07-24 20:14:51已使用年度流量:54075MB、补充流量:0MB、每日流量:130MB、日任务数:26
07-24 20:14:54,211432 [INFOR] [systemlog] 当前:2023-07-24 20:14:54已使用年度流量:54080MB、补充流量:0MB、每日流量:135MB、日任务数:27
07-24 20:14:55,469305 [INFOR] [systemlog] 当前:2023-07-24 20:14:55已使用年度流量:54081MB、补充流量:0MB、每日流量:136MB、日任务数:28
07-24 20:15:04,599320 [INFOR] [systemlog] 当前:2023-07-24 20:15:04系统使用内存:5812MB, 硬盘:176724MB
07-24 20:15:21,525500 [INFOR] [systemlog] 当前:2023-07-24 20:15:21已使用年度流量:54163MB、补充流量:0MB、每日流量:219MB、日任务数:29
07-24 20:15:24,352859 [INFOR] [systemlog] 当前:2023-07-24 20:15:24已使用年度流量:54170MB、补充流量:0MB、每日流量:226MB、日任务数:30
07-24 20:15:26,220960 [INFOR] [systemlog] 当前:2023-07-24 20:15:26已使用年度流量:54173MB、补充流量:0MB、每日流量:228MB、日任务数:31
07-24 20:15:28,238997 [INFOR] [systemlog] 当前:2023-07-24 20:15:28已使用年度流量:54176MB、补充流量:0MB、每日流量:232MB、日任务数:32
07-24 20:15:34,594771 [INFOR] [systemlog] 当前:2023-07-24 20:15:34系统使用内存:6889MB, 硬盘:176808MB
07-24 20:16:04,596030 [INFOR] [systemlog] 当前:2023-07-24 20:16:04系统使用内存:5975MB, 硬盘:176821MB
07-24 20:18:04,594899 [INFOR] [systemlog] 当前:2023-07-24 20:18:04系统使用内存:5003MB, 硬盘:176905MB
07-24 20:18:47,277618 [INFOR] [systemlog] 当前:2023-07-24 20:18:47已使用年度流量:54182MB、补充流量:0MB、每日流量:237MB、日任务数:33
07-24 20:19:04,594737 [INFOR] [systemlog] 当前:2023-07-24 20:19:04系统使用内存:6656MB, 硬盘:176968MB
07-24 20:19:34,595441 [INFOR] [systemlog] 当前:2023-07-24 20:19:34系统使用内存:5138MB, 硬盘:176959MB
07-24 20:21:34,598544 [INFOR] [systemlog] 当前:2023-07-24 20:21:34系统使用内存:6315MB, 硬盘:177037MB
07-24 20:22:16,131541 [INFOR] [systemlog] 当前:2023-07-24 20:22:16系统启动时间
07-24 20:22:16,154365 [INFOR] [systemlog] 当前:2023-07-24 20:22:16系统使用的内存:5200MB, 使用硬盘:177016MB
07-24 20:22:16,329314 [INFOR] [systemlog] 当前:2023-07-24 20:22:16已使用年度流量:54182MB、补充流量:0MB、每日流量:237MB、日任务数:33
07-24 20:22:16,676609 [INFOR] [systemlog] 当前:2023-07-24 20:22:16系统配额年度流量:71680000000MB、补充流量:0MB、每日流量:7168000MB、日任务数:1260
07-24 20:23:10,173192 [INFOR] [systemlog] 当前:2023-07-24 20:23:10系统使用内存:5727MB, 硬盘:177041MB
07-24 20:24:06,522763 [INFOR] [systemlog] 当前:2023-07-24 20:24:06已使用年度流量:54183MB、补充流量:0MB、每日流量:238MB、日任务数:34
07-24 20:24:40,182077 [INFOR] [systemlog] 当前:2023-07-24 20:24:40系统使用内存:6688MB, 硬盘:177117MB
07-24 20:25:10,164860 [INFOR] [systemlog] 当前:2023-07-24 20:25:10系统使用内存:7650MB, 硬盘:177216MB
07-24 20:25:40,161081 [INFOR] [systemlog] 当前:2023-07-24 20:25:40系统使用内存:6284MB, 硬盘:177131MB
07-24 20:26:10,169627 [INFOR] [systemlog] 当前:2023-07-24 20:26:10系统使用内存:4915MB, 硬盘:177099MB
07-24 20:29:10,165051 [INFOR] [systemlog] 当前:2023-07-24 20:29:10系统使用内存:6325MB, 硬盘:177164MB
07-24 20:29:10,517622 [INFOR] [systemlog] 当前:2023-07-24 20:29:10已使用年度流量:54183MB、补充流量:0MB、每日流量:238MB、日任务数:35
07-24 20:29:14,203785 [INFOR] [systemlog] 当前:2023-07-24 20:29:14已使用年度流量:54184MB、补充流量:0MB、每日流量:240MB、日任务数:36
07-24 20:29:17,343595 [INFOR] [systemlog] 当前:2023-07-24 20:29:17已使用年度流量:54189MB、补充流量:0MB、每日流量:245MB、日任务数:37
07-24 20:29:18,882538 [INFOR] [systemlog] 当前:2023-07-24 20:29:18已使用年度流量:54190MB、补充流量:0MB、每日流量:245MB、日任务数:38
07-24 20:29:23,447111 [INFOR] [systemlog] 当前:2023-07-24 20:29:23已使用年度流量:54200MB、补充流量:0MB、每日流量:255MB、日任务数:39
07-24 20:29:26,173392 [INFOR] [systemlog] 当前:2023-07-24 20:29:26已使用年度流量:54206MB、补充流量:0MB、每日流量:261MB、日任务数:40
07-24 20:29:27,666195 [INFOR] [systemlog] 当前:2023-07-24 20:29:27已使用年度流量:54207MB、补充流量:0MB、每日流量:262MB、日任务数:41
07-24 20:29:36,157962 [INFOR] [systemlog] 当前:2023-07-24 20:29:36已使用年度流量:54230MB、补充流量:0MB、每日流量:285MB、日任务数:42
07-24 20:29:38,897905 [INFOR] [systemlog] 当前:2023-07-24 20:29:38已使用年度流量:54232MB、补充流量:0MB、每日流量:287MB、日任务数:43
07-24 20:29:40,165529 [INFOR] [systemlog] 当前:2023-07-24 20:29:40系统使用内存:5550MB, 硬盘:177220MB
07-24 20:29:52,310014 [INFOR] [systemlog] 当前:2023-07-24 20:29:52已使用年度流量:54241MB、补充流量:0MB、每日流量:297MB、日任务数:44
07-24 20:29:56,748937 [INFOR] [systemlog] 当前:2023-07-24 20:29:56已使用年度流量:54241MB、补充流量:0MB、每日流量:297MB、日任务数:45
07-24 20:29:59,965122 [INFOR] [systemlog] 当前:2023-07-24 20:29:59已使用年度流量:54242MB、补充流量:0MB、每日流量:297MB、日任务数:46
07-24 20:30:05,344512 [INFOR] [systemlog] 当前:2023-07-24 20:30:05已使用年度流量:54244MB、补充流量:0MB、每日流量:299MB、日任务数:47
07-24 20:30:09,719007 [INFOR] [systemlog] 当前:2023-07-24 20:30:09已使用年度流量:54247MB、补充流量:0MB、每日流量:303MB、日任务数:48
07-24 20:30:11,227491 [INFOR] [systemlog] 当前:2023-07-24 20:30:11已使用年度流量:54247MB、补充流量:0MB、每日流量:303MB、日任务数:49
07-24 20:30:40,177819 [INFOR] [systemlog] 当前:2023-07-24 20:30:40系统使用内存:6464MB, 硬盘:177520MB
07-24 20:30:48,486680 [INFOR] [systemlog] 当前:2023-07-24 20:30:48已使用年度流量:54330MB、补充流量:0MB、每日流量:385MB、日任务数:50
07-24 20:31:04,328136 [INFOR] [systemlog] 当前:2023-07-24 20:31:04已使用年度流量:54330MB、补充流量:0MB、每日流量:386MB、日任务数:51
07-24 20:31:07,111703 [INFOR] [systemlog] 当前:2023-07-24 20:31:07已使用年度流量:54334MB、补充流量:0MB、每日流量:389MB、日任务数:52
07-24 20:31:10,171202 [INFOR] [systemlog] 当前:2023-07-24 20:31:10系统使用内存:5582MB, 硬盘:177343MB
07-24 20:31:11,340997 [INFOR] [systemlog] 当前:2023-07-24 20:31:11已使用年度流量:54341MB、补充流量:0MB、每日流量:396MB、日任务数:53
07-24 20:31:14,849989 [INFOR] [systemlog] 当前:2023-07-24 20:31:14已使用年度流量:54349MB、补充流量:0MB、每日流量:404MB、日任务数:54
07-24 20:31:17,879839 [INFOR] [systemlog] 当前:2023-07-24 20:31:17已使用年度流量:54354MB、补充流量:0MB、每日流量:409MB、日任务数:55
07-24 20:31:21,380805 [INFOR] [systemlog] 当前:2023-07-24 20:31:21已使用年度流量:54362MB、补充流量:0MB、每日流量:417MB、日任务数:56
07-24 20:31:22,463769 [INFOR] [systemlog] 当前:2023-07-24 20:31:22已使用年度流量:54363MB、补充流量:0MB、每日流量:418MB、日任务数:57
07-24 20:31:24,353907 [INFOR] [systemlog] 当前:2023-07-24 20:31:24已使用年度流量:54365MB、补充流量:0MB、每日流量:421MB、日任务数:58
07-24 20:31:26,659973 [INFOR] [systemlog] 当前:2023-07-24 20:31:26已使用年度流量:54370MB、补充流量:0MB、每日流量:426MB、日任务数:59
07-24 20:31:30,782578 [INFOR] [systemlog] 当前:2023-07-24 20:31:30已使用年度流量:54378MB、补充流量:0MB、每日流量:433MB、日任务数:60
07-24 20:32:03,053681 [INFOR] [systemlog] 当前:2023-07-24 20:32:03已使用年度流量:54378MB、补充流量:0MB、每日流量:433MB、日任务数:61
07-24 20:32:03,698084 [INFOR] [systemlog] 当前:2023-07-24 20:32:03已使用年度流量:54378MB、补充流量:0MB、每日流量:433MB、日任务数:62
07-24 20:32:04,412190 [INFOR] [systemlog] 当前:2023-07-24 20:32:04已使用年度流量:54378MB、补充流量:0MB、每日流量:433MB、日任务数:63
07-24 20:32:05,022148 [INFOR] [systemlog] 当前:2023-07-24 20:32:05已使用年度流量:54378MB、补充流量:0MB、每日流量:433MB、日任务数:64
07-24 20:32:05,559206 [INFOR] [systemlog] 当前:2023-07-24 20:32:05已使用年度流量:54378MB、补充流量:0MB、每日流量:433MB、日任务数:65
07-24 20:32:06,225557 [INFOR] [systemlog] 当前:2023-07-24 20:32:06已使用年度流量:54378MB、补充流量:0MB、每日流量:433MB、日任务数:66
07-24 20:32:06,944143 [INFOR] [systemlog] 当前:2023-07-24 20:32:06已使用年度流量:54378MB、补充流量:0MB、每日流量:434MB、日任务数:67
07-24 20:32:07,677406 [INFOR] [systemlog] 当前:2023-07-24 20:32:07已使用年度流量:54379MB、补充流量:0MB、每日流量:434MB、日任务数:68
07-24 20:32:08,461514 [INFOR] [systemlog] 当前:2023-07-24 20:32:08已使用年度流量:54379MB、补充流量:0MB、每日流量:435MB、日任务数:69
07-24 20:32:09,165205 [INFOR] [systemlog] 当前:2023-07-24 20:32:09已使用年度流量:54380MB、补充流量:0MB、每日流量:435MB、日任务数:70
07-24 20:32:09,906349 [INFOR] [systemlog] 当前:2023-07-24 20:32:09已使用年度流量:54380MB、补充流量:0MB、每日流量:436MB、日任务数:71
07-24 20:32:10,746647 [INFOR] [systemlog] 当前:2023-07-24 20:32:10已使用年度流量:54381MB、补充流量:0MB、每日流量:436MB、日任务数:72
07-24 20:32:11,383635 [INFOR] [systemlog] 当前:2023-07-24 20:32:11已使用年度流量:54381MB、补充流量:0MB、每日流量:436MB、日任务数:73
07-24 20:32:11,997373 [INFOR] [systemlog] 当前:2023-07-24 20:32:11已使用年度流量:54381MB、补充流量:0MB、每日流量:436MB、日任务数:74
07-24 20:32:12,648317 [INFOR] [systemlog] 当前:2023-07-24 20:32:12已使用年度流量:54381MB、补充流量:0MB、每日流量:436MB、日任务数:75
07-24 20:32:13,593637 [INFOR] [systemlog] 当前:2023-07-24 20:32:13已使用年度流量:54382MB、补充流量:0MB、每日流量:437MB、日任务数:76
07-24 20:32:14,246272 [INFOR] [systemlog] 当前:2023-07-24 20:32:14已使用年度流量:54382MB、补充流量:0MB、每日流量:437MB、日任务数:77
07-24 20:32:14,897432 [INFOR] [systemlog] 当前:2023-07-24 20:32:14已使用年度流量:54382MB、补充流量:0MB、每日流量:437MB、日任务数:78
07-24 20:32:15,522104 [INFOR] [systemlog] 当前:2023-07-24 20:32:15已使用年度流量:54382MB、补充流量:0MB、每日流量:437MB、日任务数:79
07-24 20:32:16,257888 [INFOR] [systemlog] 当前:2023-07-24 20:32:16已使用年度流量:54382MB、补充流量:0MB、每日流量:437MB、日任务数:80
07-24 20:32:16,886928 [INFOR] [systemlog] 当前:2023-07-24 20:32:16已使用年度流量:54382MB、补充流量:0MB、每日流量:437MB、日任务数:81
07-24 20:32:17,485675 [INFOR] [systemlog] 当前:2023-07-24 20:32:17已使用年度流量:54382MB、补充流量:0MB、每日流量:437MB、日任务数:82
07-24 20:32:18,285172 [INFOR] [systemlog] 当前:2023-07-24 20:32:18已使用年度流量:54382MB、补充流量:0MB、每日流量:437MB、日任务数:83
07-24 20:32:18,869420 [INFOR] [systemlog] 当前:2023-07-24 20:32:18已使用年度流量:54382MB、补充流量:0MB、每日流量:437MB、日任务数:84
07-24 20:32:19,447935 [INFOR] [systemlog] 当前:2023-07-24 20:32:19已使用年度流量:54382MB、补充流量:0MB、每日流量:437MB、日任务数:85
07-24 20:32:20,171005 [INFOR] [systemlog] 当前:2023-07-24 20:32:20已使用年度流量:54382MB、补充流量:0MB、每日流量:437MB、日任务数:86
07-24 20:32:20,786423 [INFOR] [systemlog] 当前:2023-07-24 20:32:20已使用年度流量:54382MB、补充流量:0MB、每日流量:437MB、日任务数:87
07-24 20:32:21,422519 [INFOR] [systemlog] 当前:2023-07-24 20:32:21已使用年度流量:54382MB、补充流量:0MB、每日流量:437MB、日任务数:88
07-24 20:32:22,066360 [INFOR] [systemlog] 当前:2023-07-24 20:32:22已使用年度流量:54382MB、补充流量:0MB、每日流量:437MB、日任务数:89
07-24 20:32:22,719726 [INFOR] [systemlog] 当前:2023-07-24 20:32:22已使用年度流量:54382MB、补充流量:0MB、每日流量:437MB、日任务数:90
07-24 20:32:23,302124 [INFOR] [systemlog] 当前:2023-07-24 20:32:23已使用年度流量:54382MB、补充流量:0MB、每日流量:437MB、日任务数:91
07-24 20:32:24,024195 [INFOR] [systemlog] 当前:2023-07-24 20:32:24已使用年度流量:54382MB、补充流量:0MB、每日流量:437MB、日任务数:92
07-24 20:32:24,655025 [INFOR] [systemlog] 当前:2023-07-24 20:32:24已使用年度流量:54382MB、补充流量:0MB、每日流量:437MB、日任务数:93
07-24 20:32:25,227788 [INFOR] [systemlog] 当前:2023-07-24 20:32:25已使用年度流量:54382MB、补充流量:0MB、每日流量:437MB、日任务数:94
07-24 20:32:25,938099 [INFOR] [systemlog] 当前:2023-07-24 20:32:25已使用年度流量:54382MB、补充流量:0MB、每日流量:437MB、日任务数:95
07-24 20:32:26,571696 [INFOR] [systemlog] 当前:2023-07-24 20:32:26已使用年度流量:54382MB、补充流量:0MB、每日流量:437MB、日任务数:96
07-24 20:32:27,142484 [INFOR] [systemlog] 当前:2023-07-24 20:32:27已使用年度流量:54382MB、补充流量:0MB、每日流量:437MB、日任务数:97
07-24 20:32:27,791902 [INFOR] [systemlog] 当前:2023-07-24 20:32:27已使用年度流量:54382MB、补充流量:0MB、每日流量:438MB、日任务数:98
07-24 20:32:28,463292 [INFOR] [systemlog] 当前:2023-07-24 20:32:28已使用年度流量:54382MB、补充流量:0MB、每日流量:438MB、日任务数:99
07-24 20:32:31,781669 [INFOR] [systemlog] 当前:2023-07-24 20:32:31已使用年度流量:54391MB、补充流量:0MB、每日流量:447MB、日任务数:100
07-24 20:32:32,445665 [INFOR] [systemlog] 当前:2023-07-24 20:32:32已使用年度流量:54391MB、补充流量:0MB、每日流量:447MB、日任务数:101
07-24 20:32:33,203011 [INFOR] [systemlog] 当前:2023-07-24 20:32:33已使用年度流量:54392MB、补充流量:0MB、每日流量:447MB、日任务数:102
07-24 20:32:33,878405 [INFOR] [systemlog] 当前:2023-07-24 20:32:33已使用年度流量:54392MB、补充流量:0MB、每日流量:447MB、日任务数:103
07-24 20:32:34,506888 [INFOR] [systemlog] 当前:2023-07-24 20:32:34已使用年度流量:54392MB、补充流量:0MB、每日流量:447MB、日任务数:104
07-24 20:32:35,145714 [INFOR] [systemlog] 当前:2023-07-24 20:32:35已使用年度流量:54392MB、补充流量:0MB、每日流量:447MB、日任务数:105
07-24 20:32:35,701274 [INFOR] [systemlog] 当前:2023-07-24 20:32:35已使用年度流量:54392MB、补充流量:0MB、每日流量:447MB、日任务数:106
07-24 20:32:36,481495 [INFOR] [systemlog] 当前:2023-07-24 20:32:36已使用年度流量:54392MB、补充流量:0MB、每日流量:447MB、日任务数:107
07-24 20:32:37,049185 [INFOR] [systemlog] 当前:2023-07-24 20:32:37已使用年度流量:54392MB、补充流量:0MB、每日流量:447MB、日任务数:108
07-24 20:32:37,604765 [INFOR] [systemlog] 当前:2023-07-24 20:32:37已使用年度流量:54392MB、补充流量:0MB、每日流量:447MB、日任务数:109
07-24 20:32:38,214505 [INFOR] [systemlog] 当前:2023-07-24 20:32:38已使用年度流量:54392MB、补充流量:0MB、每日流量:447MB、日任务数:110
07-24 20:32:38,966965 [INFOR] [systemlog] 当前:2023-07-24 20:32:38已使用年度流量:54392MB、补充流量:0MB、每日流量:447MB、日任务数:111
07-24 20:32:39,613066 [INFOR] [systemlog] 当前:2023-07-24 20:32:39已使用年度流量:54392MB、补充流量:0MB、每日流量:447MB、日任务数:112
07-24 20:32:40,486808 [INFOR] [systemlog] 当前:2023-07-24 20:32:40已使用年度流量:54392MB、补充流量:0MB、每日流量:448MB、日任务数:113
07-24 20:32:41,094813 [INFOR] [systemlog] 当前:2023-07-24 20:32:41已使用年度流量:54393MB、补充流量:0MB、每日流量:448MB、日任务数:114
07-24 20:32:41,638962 [INFOR] [systemlog] 当前:2023-07-24 20:32:41已使用年度流量:54393MB、补充流量:0MB、每日流量:448MB、日任务数:115
07-24 20:32:43,142406 [INFOR] [systemlog] 当前:2023-07-24 20:32:43已使用年度流量:54396MB、补充流量:0MB、每日流量:451MB、日任务数:116
07-24 20:32:43,930380 [INFOR] [systemlog] 当前:2023-07-24 20:32:43已使用年度流量:54396MB、补充流量:0MB、每日流量:451MB、日任务数:117
07-24 20:32:44,590693 [INFOR] [systemlog] 当前:2023-07-24 20:32:44已使用年度流量:54396MB、补充流量:0MB、每日流量:451MB、日任务数:118
07-24 20:32:45,311014 [INFOR] [systemlog] 当前:2023-07-24 20:32:45已使用年度流量:54396MB、补充流量:0MB、每日流量:451MB、日任务数:119
07-24 20:32:46,923997 [INFOR] [systemlog] 当前:2023-07-24 20:32:46已使用年度流量:54400MB、补充流量:0MB、每日流量:455MB、日任务数:120
07-24 20:32:48,160451 [INFOR] [systemlog] 当前:2023-07-24 20:32:48已使用年度流量:54401MB、补充流量:0MB、每日流量:457MB、日任务数:121
07-24 20:32:50,990388 [INFOR] [systemlog] 当前:2023-07-24 20:32:50已使用年度流量:54409MB、补充流量:0MB、每日流量:464MB、日任务数:122
07-24 20:32:51,576681 [INFOR] [systemlog] 当前:2023-07-24 20:32:51已使用年度流量:54409MB、补充流量:0MB、每日流量:464MB、日任务数:123
07-24 20:32:52,250391 [INFOR] [systemlog] 当前:2023-07-24 20:32:52已使用年度流量:54409MB、补充流量:0MB、每日流量:464MB、日任务数:124
07-24 20:32:52,909864 [INFOR] [systemlog] 当前:2023-07-24 20:32:52已使用年度流量:54409MB、补充流量:0MB、每日流量:464MB、日任务数:125
07-24 20:32:53,507023 [INFOR] [systemlog] 当前:2023-07-24 20:32:53已使用年度流量:54409MB、补充流量:0MB、每日流量:464MB、日任务数:126
07-24 20:32:54,182521 [INFOR] [systemlog] 当前:2023-07-24 20:32:54已使用年度流量:54409MB、补充流量:0MB、每日流量:464MB、日任务数:127
07-24 20:32:54,796055 [INFOR] [systemlog] 当前:2023-07-24 20:32:54已使用年度流量:54409MB、补充流量:0MB、每日流量:464MB、日任务数:128
07-24 20:32:55,373360 [INFOR] [systemlog] 当前:2023-07-24 20:32:55已使用年度流量:54409MB、补充流量:0MB、每日流量:464MB、日任务数:129
07-24 20:32:55,994874 [INFOR] [systemlog] 当前:2023-07-24 20:32:55已使用年度流量:54409MB、补充流量:0MB、每日流量:464MB、日任务数:130
07-24 20:32:56,731811 [INFOR] [systemlog] 当前:2023-07-24 20:32:56已使用年度流量:54409MB、补充流量:0MB、每日流量:464MB、日任务数:131
07-24 20:32:57,335398 [INFOR] [systemlog] 当前:2023-07-24 20:32:57已使用年度流量:54409MB、补充流量:0MB、每日流量:464MB、日任务数:132
07-24 20:32:57,994090 [INFOR] [systemlog] 当前:2023-07-24 20:32:57已使用年度流量:54409MB、补充流量:0MB、每日流量:464MB、日任务数:133
07-24 20:32:58,735705 [INFOR] [systemlog] 当前:2023-07-24 20:32:58已使用年度流量:54409MB、补充流量:0MB、每日流量:464MB、日任务数:134
07-24 20:32:59,503078 [INFOR] [systemlog] 当前:2023-07-24 20:32:59已使用年度流量:54409MB、补充流量:0MB、每日流量:465MB、日任务数:135
07-24 20:33:00,272626 [INFOR] [systemlog] 当前:2023-07-24 20:33:00已使用年度流量:54409MB、补充流量:0MB、每日流量:465MB、日任务数:136
07-24 20:33:00,988590 [INFOR] [systemlog] 当前:2023-07-24 20:33:00已使用年度流量:54409MB、补充流量:0MB、每日流量:465MB、日任务数:137
07-24 20:33:01,603503 [INFOR] [systemlog] 当前:2023-07-24 20:33:01已使用年度流量:54410MB、补充流量:0MB、每日流量:465MB、日任务数:138
07-24 20:33:02,278007 [INFOR] [systemlog] 当前:2023-07-24 20:33:02已使用年度流量:54410MB、补充流量:0MB、每日流量:465MB、日任务数:139
07-24 20:33:03,410789 [INFOR] [systemlog] 当前:2023-07-24 20:33:03已使用年度流量:54412MB、补充流量:0MB、每日流量:467MB、日任务数:140
07-24 20:33:04,002285 [INFOR] [systemlog] 当前:2023-07-24 20:33:04已使用年度流量:54412MB、补充流量:0MB、每日流量:467MB、日任务数:141
07-24 20:33:04,703921 [INFOR] [systemlog] 当前:2023-07-24 20:33:04已使用年度流量:54412MB、补充流量:0MB、每日流量:467MB、日任务数:142
07-24 20:33:05,322332 [INFOR] [systemlog] 当前:2023-07-24 20:33:05已使用年度流量:54412MB、补充流量:0MB、每日流量:467MB、日任务数:143
07-24 20:33:08,078760 [INFOR] [systemlog] 当前:2023-07-24 20:33:08已使用年度流量:54420MB、补充流量:0MB、每日流量:475MB、日任务数:144
07-24 20:33:08,726238 [INFOR] [systemlog] 当前:2023-07-24 20:33:08已使用年度流量:54420MB、补充流量:0MB、每日流量:475MB、日任务数:145
07-24 20:33:09,933322 [INFOR] [systemlog] 当前:2023-07-24 20:33:09已使用年度流量:54421MB、补充流量:0MB、每日流量:477MB、日任务数:146
07-24 20:33:10,536005 [INFOR] [systemlog] 当前:2023-07-24 20:33:10已使用年度流量:54421MB、补充流量:0MB、每日流量:477MB、日任务数:147
07-24 20:33:11,163669 [INFOR] [systemlog] 当前:2023-07-24 20:33:11已使用年度流量:54421MB、补充流量:0MB、每日流量:477MB、日任务数:148
07-24 20:33:11,789888 [INFOR] [systemlog] 当前:2023-07-24 20:33:11已使用年度流量:54421MB、补充流量:0MB、每日流量:477MB、日任务数:149
07-24 20:33:12,524086 [INFOR] [systemlog] 当前:2023-07-24 20:33:12已使用年度流量:54421MB、补充流量:0MB、每日流量:477MB、日任务数:150
07-24 20:33:40,174551 [INFOR] [systemlog] 当前:2023-07-24 20:33:40系统使用内存:6865MB, 硬盘:177446MB
07-24 20:34:40,187915 [INFOR] [systemlog] 当前:2023-07-24 20:34:40系统使用内存:9650MB, 硬盘:177445MB
07-24 20:35:40,181729 [INFOR] [systemlog] 当前:2023-07-24 20:35:40系统使用内存:10950MB, 硬盘:177460MB
07-24 20:37:40,182075 [INFOR] [systemlog] 当前:2023-07-24 20:37:40系统使用内存:9455MB, 硬盘:177522MB
07-24 20:42:10,163917 [INFOR] [systemlog] 当前:2023-07-24 20:42:10系统使用内存:5303MB, 硬盘:177670MB
07-24 20:42:40,164012 [INFOR] [systemlog] 当前:2023-07-24 20:42:40系统使用内存:6226MB, 硬盘:177660MB
07-24 20:43:40,170568 [INFOR] [systemlog] 当前:2023-07-24 20:43:40系统使用内存:9725MB, 硬盘:177701MB
07-24 20:44:10,165651 [INFOR] [systemlog] 当前:2023-07-24 20:44:10系统使用内存:5380MB, 硬盘:177666MB
07-24 20:45:10,165803 [INFOR] [systemlog] 当前:2023-07-24 20:45:10系统使用内存:6393MB, 硬盘:177700MB
07-24 20:46:10,162647 [INFOR] [systemlog] 当前:2023-07-24 20:46:10系统使用内存:7145MB, 硬盘:177707MB
07-24 20:49:10,162901 [INFOR] [systemlog] 当前:2023-07-24 20:49:10系统使用内存:7986MB, 硬盘:177709MB
07-24 20:50:10,169794 [INFOR] [systemlog] 当前:2023-07-24 20:50:10系统使用内存:9992MB, 硬盘:177729MB
07-24 20:50:40,163697 [INFOR] [systemlog] 当前:2023-07-24 20:50:40系统使用内存:11137MB, 硬盘:177741MB
07-24 20:51:10,170955 [INFOR] [systemlog] 当前:2023-07-24 20:51:10系统使用内存:12573MB, 硬盘:177770MB
07-24 20:51:40,166651 [INFOR] [systemlog] 当前:2023-07-24 20:51:40系统使用内存:10557MB, 硬盘:177768MB
07-24 20:53:10,169848 [INFOR] [systemlog] 当前:2023-07-24 20:53:10系统使用内存:13001MB, 硬盘:177787MB
07-24 20:53:40,263744 [INFOR] [systemlog] 当前:2023-07-24 20:53:40系统使用内存:14304MB, 硬盘:177808MB
07-24 20:54:10,169487 [INFOR] [systemlog] 当前:2023-07-24 20:54:10系统使用内存:12195MB, 硬盘:177751MB
07-24 20:54:40,162362 [INFOR] [systemlog] 当前:2023-07-24 20:54:40系统使用内存:13704MB, 硬盘:177752MB
07-24 20:56:10,174136 [INFOR] [systemlog] 当前:2023-07-24 20:56:10系统使用内存:10186MB, 硬盘:177810MB
07-24 20:58:10,168397 [INFOR] [systemlog] 当前:2023-07-24 20:58:10系统使用内存:11425MB, 硬盘:177858MB
07-24 21:02:10,167283 [INFOR] [systemlog] 当前:2023-07-24 21:02:10系统使用内存:13589MB, 硬盘:177892MB
07-24 21:02:40,163731 [INFOR] [systemlog] 当前:2023-07-24 21:02:40系统使用内存:9429MB, 硬盘:177793MB
07-24 21:05:40,162190 [INFOR] [systemlog] 当前:2023-07-24 21:05:40系统使用内存:10413MB, 硬盘:177807MB
07-24 21:06:10,161733 [INFOR] [systemlog] 当前:2023-07-24 21:06:10系统使用内存:5863MB, 硬盘:177794MB
07-24 21:10:40,166755 [INFOR] [systemlog] 当前:2023-07-24 21:10:40系统使用内存:6973MB, 硬盘:180245MB
07-24 21:11:10,168066 [INFOR] [systemlog] 当前:2023-07-24 21:11:10系统使用内存:5593MB, 硬盘:180184MB
07-24 21:12:40,166839 [INFOR] [systemlog] 当前:2023-07-24 21:12:40系统使用内存:6244MB, 硬盘:180358MB
07-24 21:13:40,164216 [INFOR] [systemlog] 当前:2023-07-24 21:13:40系统使用内存:5610MB, 硬盘:180335MB
07-24 21:20:40,164025 [INFOR] [systemlog] 当前:2023-07-24 21:20:40系统使用内存:7041MB, 硬盘:180563MB
07-24 21:21:10,165021 [INFOR] [systemlog] 当前:2023-07-24 21:21:10系统使用内存:5696MB, 硬盘:180559MB
07-24 21:22:10,163340 [INFOR] [systemlog] 当前:2023-07-24 21:22:10系统使用内存:7952MB, 硬盘:180573MB
07-24 21:22:40,173343 [INFOR] [systemlog] 当前:2023-07-24 21:22:40系统使用内存:9797MB, 硬盘:180577MB
07-24 21:29:40,166221 [INFOR] [systemlog] 当前:2023-07-24 21:29:40系统使用内存:7036MB, 硬盘:180556MB
07-24 21:30:10,174400 [INFOR] [systemlog] 当前:2023-07-24 21:30:10系统使用内存:5682MB, 硬盘:180550MB
07-24 21:32:40,165346 [INFOR] [systemlog] 当前:2023-07-24 21:32:40系统使用内存:6587MB, 硬盘:180573MB
07-24 21:34:40,163282 [INFOR] [systemlog] 当前:2023-07-24 21:34:40系统使用内存:10730MB, 硬盘:180632MB
07-24 21:37:40,168680 [INFOR] [systemlog] 当前:2023-07-24 21:37:40系统使用内存:5687MB, 硬盘:180582MB
07-24 21:39:10,164926 [INFOR] [systemlog] 当前:2023-07-24 21:39:10系统使用内存:6291MB, 硬盘:180595MB
07-24 21:41:40,163033 [INFOR] [systemlog] 当前:2023-07-24 21:41:40系统使用内存:10580MB, 硬盘:180626MB
07-24 21:43:40,161701 [INFOR] [systemlog] 当前:2023-07-24 21:43:40系统使用内存:13837MB, 硬盘:180628MB
07-24 21:46:10,163723 [INFOR] [systemlog] 当前:2023-07-24 21:46:10系统使用内存:10173MB, 硬盘:180631MB
07-24 21:47:40,161498 [INFOR] [systemlog] 当前:2023-07-24 21:47:40系统使用内存:12091MB, 硬盘:180640MB
07-24 21:48:10,161932 [INFOR] [systemlog] 当前:2023-07-24 21:48:10系统使用内存:13985MB, 硬盘:180641MB
07-24 21:51:40,163803 [INFOR] [systemlog] 当前:2023-07-24 21:51:40系统使用内存:12211MB, 硬盘:180644MB
07-24 21:52:10,163399 [INFOR] [systemlog] 当前:2023-07-24 21:52:10系统使用内存:5953MB, 硬盘:180633MB
07-24 21:52:40,165112 [INFOR] [systemlog] 当前:2023-07-24 21:52:40系统使用内存:7182MB, 硬盘:180668MB
07-24 21:53:10,173482 [INFOR] [systemlog] 当前:2023-07-24 21:53:10系统使用内存:10342MB, 硬盘:180663MB
07-24 21:53:40,161669 [INFOR] [systemlog] 当前:2023-07-24 21:53:40系统使用内存:11945MB, 硬盘:180649MB
07-24 21:54:10,168584 [INFOR] [systemlog] 当前:2023-07-24 21:54:10系统使用内存:14345MB, 硬盘:180658MB
07-24 21:57:10,168406 [INFOR] [systemlog] 当前:2023-07-24 21:57:10系统使用内存:12868MB, 硬盘:180707MB
07-24 21:57:40,161838 [INFOR] [systemlog] 当前:2023-07-24 21:57:40系统使用内存:16794MB, 硬盘:180670MB
07-24 21:58:10,171798 [INFOR] [systemlog] 当前:2023-07-24 21:58:10系统使用内存:19573MB, 硬盘:180671MB
07-24 22:01:10,362529 [INFOR] [systemlog] 当前:2023-07-24 22:01:10系统使用内存:22658MB, 硬盘:180691MB
07-24 22:03:10,173276 [INFOR] [systemlog] 当前:2023-07-24 22:03:10系统使用内存:17916MB, 硬盘:180680MB
07-24 22:04:40,163946 [INFOR] [systemlog] 当前:2023-07-24 22:04:40系统使用内存:14683MB, 硬盘:180694MB
07-24 22:06:10,173523 [INFOR] [systemlog] 当前:2023-07-24 22:06:10系统使用内存:6326MB, 硬盘:180672MB
07-24 22:07:10,168820 [INFOR] [systemlog] 当前:2023-07-24 22:07:10系统使用内存:7482MB, 硬盘:180732MB
07-24 22:08:10,164614 [INFOR] [systemlog] 当前:2023-07-24 22:08:10系统使用内存:12008MB, 硬盘:180772MB
07-24 22:10:10,171066 [INFOR] [systemlog] 当前:2023-07-24 22:10:10系统使用内存:14094MB, 硬盘:180803MB
07-24 22:11:10,164852 [INFOR] [systemlog] 当前:2023-07-24 22:11:10系统使用内存:8663MB, 硬盘:180755MB
07-24 22:12:40,168082 [INFOR] [systemlog] 当前:2023-07-24 22:12:40系统使用内存:9926MB, 硬盘:180768MB
07-24 22:17:40,163435 [INFOR] [systemlog] 当前:2023-07-24 22:17:40系统使用内存:11195MB, 硬盘:180776MB
07-24 22:18:10,171264 [INFOR] [systemlog] 当前:2023-07-24 22:18:10系统使用内存:5669MB, 硬盘:180770MB
07-24 22:23:10,164711 [INFOR] [systemlog] 当前:2023-07-24 22:23:10系统使用内存:6640MB, 硬盘:180806MB
07-24 22:25:10,164214 [INFOR] [systemlog] 当前:2023-07-24 22:25:10系统使用内存:5863MB, 硬盘:180792MB
07-24 22:28:10,169821 [INFOR] [systemlog] 当前:2023-07-24 22:28:10系统使用内存:6664MB, 硬盘:180828MB
07-24 22:29:10,165563 [INFOR] [systemlog] 当前:2023-07-24 22:29:10系统使用内存:8096MB, 硬盘:180858MB
07-24 22:29:40,168987 [INFOR] [systemlog] 当前:2023-07-24 22:29:40系统使用内存:10075MB, 硬盘:180822MB
07-24 22:30:10,167891 [INFOR] [systemlog] 当前:2023-07-24 22:30:10系统使用内存:11662MB, 硬盘:180844MB
07-24 22:30:40,173461 [INFOR] [systemlog] 当前:2023-07-24 22:30:40系统使用内存:9785MB, 硬盘:180817MB
07-24 22:31:40,166114 [INFOR] [systemlog] 当前:2023-07-24 22:31:40系统使用内存:11168MB, 硬盘:180856MB
07-24 22:32:10,168235 [INFOR] [systemlog] 当前:2023-07-24 22:32:10系统使用内存:13512MB, 硬盘:180831MB
07-24 22:34:40,164080 [INFOR] [systemlog] 当前:2023-07-24 22:34:40系统使用内存:10050MB, 硬盘:180837MB
07-24 22:36:40,168986 [INFOR] [systemlog] 当前:2023-07-24 22:36:40系统使用内存:5686MB, 硬盘:180823MB
07-24 22:47:10,165011 [INFOR] [systemlog] 当前:2023-07-24 22:47:10系统使用内存:7817MB, 硬盘:180858MB
07-24 22:47:40,163791 [INFOR] [systemlog] 当前:2023-07-24 22:47:40系统使用内存:6249MB, 硬盘:180864MB
07-24 22:49:40,174427 [INFOR] [systemlog] 当前:2023-07-24 22:49:40系统使用内存:7441MB, 硬盘:180881MB
07-24 22:50:10,165004 [INFOR] [systemlog] 当前:2023-07-24 22:50:10系统使用内存:5865MB, 硬盘:180853MB
07-24 22:54:40,171516 [INFOR] [systemlog] 当前:2023-07-24 22:54:40系统使用内存:8034MB, 硬盘:178680MB
07-24 22:55:10,166440 [INFOR] [systemlog] 当前:2023-07-24 22:55:10系统使用内存:7049MB, 硬盘:178654MB
07-24 22:56:10,168800 [INFOR] [systemlog] 当前:2023-07-24 22:56:10系统使用内存:6316MB, 硬盘:178644MB
07-24 22:57:10,167113 [INFOR] [systemlog] 当前:2023-07-24 22:57:10系统使用内存:7207MB, 硬盘:178652MB
07-24 22:58:10,170982 [INFOR] [systemlog] 当前:2023-07-24 22:58:10系统使用内存:6378MB, 硬盘:178631MB
07-24 22:59:10,177619 [INFOR] [systemlog] 当前:2023-07-24 22:59:10系统使用内存:7936MB, 硬盘:178695MB
07-24 22:59:40,163756 [INFOR] [systemlog] 当前:2023-07-24 22:59:40系统使用内存:6625MB, 硬盘:178673MB
07-24 23:00:10,175252 [INFOR] [systemlog] 当前:2023-07-24 23:00:10系统使用内存:7509MB, 硬盘:178742MB
07-24 23:01:40,178618 [INFOR] [systemlog] 当前:2023-07-24 23:01:40系统使用内存:8561MB, 硬盘:178792MB
07-24 23:02:10,170650 [INFOR] [systemlog] 当前:2023-07-24 23:02:10系统使用内存:7553MB, 硬盘:178799MB
07-24 23:03:10,172680 [INFOR] [systemlog] 当前:2023-07-24 23:03:10系统使用内存:8849MB, 硬盘:178830MB
07-24 23:05:10,173014 [INFOR] [systemlog] 当前:2023-07-24 23:05:10系统使用内存:11337MB, 硬盘:178897MB
07-24 23:06:40,166128 [INFOR] [systemlog] 当前:2023-07-24 23:06:40系统使用内存:8672MB, 硬盘:178799MB
07-24 23:08:10,165950 [INFOR] [systemlog] 当前:2023-07-24 23:08:10系统使用内存:5859MB, 硬盘:178690MB
07-24 23:08:40,167480 [INFOR] [systemlog] 当前:2023-07-24 23:08:40系统使用内存:7115MB, 硬盘:178720MB
07-24 23:09:10,165720 [INFOR] [systemlog] 当前:2023-07-24 23:09:10系统使用内存:6155MB, 硬盘:178705MB
07-24 23:15:10,164700 [INFOR] [systemlog] 当前:2023-07-24 23:15:10系统使用内存:7728MB, 硬盘:178706MB
07-24 23:15:40,165557 [INFOR] [systemlog] 当前:2023-07-24 23:15:40系统使用内存:6273MB, 硬盘:178714MB
07-24 23:18:10,167217 [INFOR] [systemlog] 当前:2023-07-24 23:18:10系统使用内存:7182MB, 硬盘:178710MB
07-24 23:19:10,171147 [INFOR] [systemlog] 当前:2023-07-24 23:19:10系统使用内存:9449MB, 硬盘:178720MB
07-24 23:22:40,175531 [INFOR] [systemlog] 当前:2023-07-24 23:22:40系统使用内存:10869MB, 硬盘:178733MB
07-24 23:25:40,170630 [INFOR] [systemlog] 当前:2023-07-24 23:25:40系统使用内存:12415MB, 硬盘:179573MB
07-24 23:27:40,175193 [INFOR] [systemlog] 当前:2023-07-24 23:27:40系统使用内存:9179MB, 硬盘:179195MB
07-24 23:28:10,178383 [INFOR] [systemlog] 当前:2023-07-24 23:28:10系统使用内存:10434MB, 硬盘:179253MB
07-24 23:31:10,164711 [INFOR] [systemlog] 当前:2023-07-24 23:31:10系统使用内存:8300MB, 硬盘:179215MB
07-24 23:31:40,165061 [INFOR] [systemlog] 当前:2023-07-24 23:31:40系统使用内存:6226MB, 硬盘:178918MB
07-24 23:33:10,167432 [INFOR] [systemlog] 当前:2023-07-24 23:33:10系统使用内存:7584MB, 硬盘:178868MB
07-24 23:34:10,164719 [INFOR] [systemlog] 当前:2023-07-24 23:34:10系统使用内存:6774MB, 硬盘:178878MB
07-24 23:35:10,179414 [INFOR] [systemlog] 当前:2023-07-24 23:35:10系统使用内存:7773MB, 硬盘:178920MB
07-24 23:35:40,164083 [INFOR] [systemlog] 当前:2023-07-24 23:35:40系统使用内存:6933MB, 硬盘:178955MB
07-24 23:36:10,163489 [INFOR] [systemlog] 当前:2023-07-24 23:36:10系统使用内存:7699MB, 硬盘:178952MB
07-24 23:36:40,171779 [INFOR] [systemlog] 当前:2023-07-24 23:36:40系统使用内存:8765MB, 硬盘:178934MB
07-24 23:38:40,168229 [INFOR] [systemlog] 当前:2023-07-24 23:38:40系统使用内存:11065MB, 硬盘:178958MB
07-24 23:40:10,166244 [INFOR] [systemlog] 当前:2023-07-24 23:40:10系统使用内存:12198MB, 硬盘:179021MB
07-24 23:41:10,167711 [INFOR] [systemlog] 当前:2023-07-24 23:41:10系统使用内存:10308MB, 硬盘:178932MB
07-24 23:45:10,167984 [INFOR] [systemlog] 当前:2023-07-24 23:45:10系统使用内存:7111MB, 硬盘:178999MB
07-24 23:45:40,165732 [INFOR] [systemlog] 当前:2023-07-24 23:45:40系统使用内存:7831MB, 硬盘:179032MB
07-24 23:47:10,173596 [INFOR] [systemlog] 当前:2023-07-24 23:47:10系统使用内存:8667MB, 硬盘:179064MB
07-24 23:47:40,165010 [INFOR] [systemlog] 当前:2023-07-24 23:47:40系统使用内存:7130MB, 硬盘:179055MB
07-24 23:48:10,168752 [INFOR] [systemlog] 当前:2023-07-24 23:48:10系统使用内存:8266MB, 硬盘:179095MB
07-24 23:50:40,168693 [INFOR] [systemlog] 当前:2023-07-24 23:50:40系统使用内存:6660MB, 硬盘:178987MB
07-24 23:52:40,170627 [INFOR] [systemlog] 当前:2023-07-24 23:52:40系统使用内存:5937MB, 硬盘:178999MB
07-24 23:53:10,167874 [INFOR] [systemlog] 当前:2023-07-24 23:53:10系统使用内存:7105MB, 硬盘:179035MB
07-24 23:53:40,165409 [INFOR] [systemlog] 当前:2023-07-24 23:53:40系统使用内存:8392MB, 硬盘:179020MB
07-24 23:54:10,165788 [INFOR] [systemlog] 当前:2023-07-24 23:54:10系统使用内存:6252MB, 硬盘:179004MB
07-24 23:56:10,165149 [INFOR] [systemlog] 当前:2023-07-24 23:56:10系统使用内存:7755MB, 硬盘:178930MB
07-24 23:56:40,164168 [INFOR] [systemlog] 当前:2023-07-24 23:56:40系统使用内存:5931MB, 硬盘:178924MB
07-24 23:59:40,174610 [INFOR] [systemlog] 当前:2023-07-24 23:59:40系统使用内存:7636MB, 硬盘:179682MB

