07-03 11:13:01,354535 [INFOR] [userlog] 当前:2023-07-03 11:13:01 用户:wwh 登录成功
07-03 11:13:34,679826 [INFOR] [userlog] 当前:2023-07-03 11:13:34 用户:root 登录成功
07-03 11:13:36,061689 [INFOR] [userlog] 当前:2023-07-03 11:13:35 用户:root 创建固件扫描任务:7tElOfUDpUmYMG9gBnB0wf2q5WqiFbW6xit0LgG52Dur5vFDt3v1w2biFVHyd8LwyX0UA0sG9z7QeK4B1s4MItoKbNvNe6RnOM0, id:13, 并未关联固件库
07-03 11:13:37,369091 [INFOR] [userlog] 当前:2023-07-03 11:13:37 用户:root 登录成功
07-03 11:18:29,116327 [INFOR] [userlog] 当前:2023-07-03 11:18:28 用户:root 登录成功
07-03 11:18:29,773587 [INFOR] [userlog] 当前:2023-07-03 11:18:29 用户:root 创建固件扫描任务:创建任务—device_name为100个字符, id:14, 并未关联固件库
07-03 11:18:30,058952 [INFOR] [userlog] 当前:2023-07-03 11:18:29 用户:root 登录成功
07-03 11:20:10,877200 [INFOR] [userlog] 当前:2023-07-03 11:20:10 用户:root 登录成功
07-03 11:20:31,504702 [INFOR] [userlog] 当前:2023-07-03 11:20:31 用户:root 登录成功
07-03 11:21:17,653639 [INFOR] [userlog] 当前:2023-07-03 11:21:17 用户:root 登录成功
07-03 11:21:18,119617 [INFOR] [userlog] 当前:2023-07-03 11:21:18 用户:root 创建固件扫描任务:创建任务—上传固件超过64个字符, id:15, 并未关联固件库
07-03 11:23:09,736591 [INFOR] [userlog] 当前:2023-07-03 11:23:09 用户:root 登录成功
07-03 11:23:10,239658 [INFOR] [userlog] 当前:2023-07-03 11:23:10 用户:root 删除固件扫描任务:创建任务—上传固件超过64个字符, id:15
07-03 11:23:10,452030 [INFOR] [userlog] 当前:2023-07-03 11:23:10 用户:root 创建固件扫描任务:创建任务—上传固件超过64个字符, id:16, 并未关联固件库
07-03 11:24:02,039205 [INFOR] [userlog] 当前:2023-07-03 11:24:01 用户:root 登录成功
07-03 11:24:17,979831 [INFOR] [userlog] 当前:2023-07-03 11:24:17 用户:root 登录成功
07-03 11:24:28,033706 [INFOR] [userlog] 当前:2023-07-03 11:24:27 用户:root 登录成功
07-03 11:25:07,388276 [INFOR] [userlog] 当前:2023-07-03 11:25:07 用户:root 登录成功
07-03 11:25:25,431706 [INFOR] [userlog] 当前:2023-07-03 11:25:25 用户:root 登录成功
07-03 11:25:34,524493 [INFOR] [userlog] 当前:2023-07-03 11:25:34 用户:root 登录成功
07-03 11:29:21,994641 [INFOR] [userlog] 当前:2023-07-03 11:29:21 用户:root 登录成功
07-03 11:29:38,072688 [INFOR] [userlog] 当前:2023-07-03 11:29:37 用户:root 登录成功
07-03 11:30:55,443515 [INFOR] [userlog] 当前:2023-07-03 11:30:55 用户:root 登录成功
07-03 11:32:29,708840 [INFOR] [userlog] 当前:2023-07-03 11:32:29 用户:root 登录成功
07-03 11:32:39,379334 [INFOR] [userlog] 当前:2023-07-03 11:32:39 用户:root 登录成功
07-03 11:32:50,857685 [INFOR] [userlog] 当前:2023-07-03 11:32:50 用户:root 登录成功
07-03 11:33:03,653978 [INFOR] [userlog] 当前:2023-07-03 11:33:03 用户:root 登录成功
07-03 11:35:35,317769 [INFOR] [userlog] 当前:2023-07-03 11:35:35 用户:root 登录成功
07-03 11:35:43,371641 [INFOR] [userlog] 当前:2023-07-03 11:35:43 用户:root 登录成功
07-03 11:35:51,815226 [INFOR] [userlog] 当前:2023-07-03 11:35:51 用户:root 登录成功
07-03 11:37:19,094248 [INFOR] [userlog] 当前:2023-07-03 11:37:18 用户:root 登录成功
07-03 11:38:07,397072 [INFOR] [userlog] 当前:2023-07-03 11:38:07 用户:root 登录成功
07-03 11:38:14,794387 [INFOR] [userlog] 当前:2023-07-03 11:38:14 用户:root 登录成功
07-03 11:39:02,375960 [INFOR] [userlog] 当前:2023-07-03 11:39:02 用户:root 登录成功
07-03 11:39:12,148403 [INFOR] [userlog] 当前:2023-07-03 11:39:11 用户:root 登录成功
07-03 11:39:29,272126 [INFOR] [userlog] 当前:2023-07-03 11:39:29 用户:root 登录成功
07-03 11:39:42,771874 [INFOR] [userlog] 当前:2023-07-03 11:39:42 用户:root 登录成功
07-03 11:41:05,815727 [INFOR] [userlog] 当前:2023-07-03 11:41:05 用户:root 登录成功
07-03 11:41:11,226814 [INFOR] [userlog] 当前:2023-07-03 11:41:10 用户:root 登录成功
07-03 11:44:27,340971 [INFOR] [userlog] 当前:2023-07-03 11:44:27 用户:root 登录成功
07-03 11:44:28,095088 [INFOR] [userlog] 当前:2023-07-03 11:44:27 用户:root 登录成功
07-03 11:44:28,875992 [INFOR] [userlog] 当前:2023-07-03 11:44:28 用户:root 登录成功
07-03 11:44:29,647458 [INFOR] [userlog] 当前:2023-07-03 11:44:29 用户:root 登录成功
07-03 11:45:02,041757 [INFOR] [userlog] 当前:2023-07-03 11:45:01 用户:root 登录成功
07-03 11:45:02,782537 [INFOR] [userlog] 当前:2023-07-03 11:45:02 用户:root 登录成功
07-03 11:45:03,442557 [INFOR] [userlog] 当前:2023-07-03 11:45:03 用户:root 登录成功
07-03 11:45:04,232360 [INFOR] [userlog] 当前:2023-07-03 11:45:03 用户:root 登录成功
07-03 11:45:16,647502 [INFOR] [userlog] 当前:2023-07-03 11:45:16 用户:root 登录成功
07-03 11:45:17,339580 [INFOR] [userlog] 当前:2023-07-03 11:45:17 用户:root 登录成功
07-03 11:45:18,074717 [INFOR] [userlog] 当前:2023-07-03 11:45:17 用户:root 登录成功
07-03 11:45:18,772645 [INFOR] [userlog] 当前:2023-07-03 11:45:18 用户:root 登录成功
07-03 11:45:32,396477 [INFOR] [userlog] 当前:2023-07-03 11:45:32 用户:root 登录成功
07-03 11:45:33,109610 [INFOR] [userlog] 当前:2023-07-03 11:45:32 用户:root 登录成功
07-03 11:45:33,801330 [INFOR] [userlog] 当前:2023-07-03 11:45:33 用户:root 登录成功
07-03 11:45:34,512153 [INFOR] [userlog] 当前:2023-07-03 11:45:34 用户:root 登录成功
07-03 11:48:11,604397 [INFOR] [userlog] 当前:2023-07-03 11:48:11 用户:root 登录成功
07-03 11:49:04,226584 [INFOR] [userlog] 当前:2023-07-03 11:49:04 用户:root 登录成功
07-03 11:49:04,757645 [INFOR] [userlog] 当前:2023-07-03 11:49:04 用户:root 创建固件扫描任务:创建任务—只勾选cwe_checker插件, id:17, 并未关联固件库
07-03 11:49:19,620433 [INFOR] [userlog] 当前:2023-07-03 11:49:19 用户:wwh 删除固件扫描任务:创建任务—上传固件超过64个字符, id:16
07-03 11:49:21,828531 [INFOR] [userlog] 当前:2023-07-03 11:49:21 用户:wwh 删除固件扫描任务:创建任务—device_name为100个字符, id:14
07-03 11:54:42,089976 [INFOR] [userlog] 当前:2023-07-03 11:54:41 用户:root 登录成功
07-03 11:54:42,672514 [INFOR] [userlog] 当前:2023-07-03 11:54:42 用户:root 创建固件扫描任务:创建任务—只勾选software_components插件, id:18, 并未关联固件库
07-03 11:54:42,938017 [INFOR] [userlog] 当前:2023-07-03 11:54:42 用户:root 登录成功
07-03 11:54:43,719288 [INFOR] [userlog] 当前:2023-07-03 11:54:43 用户:root 创建固件扫描任务:创建任务—只勾选cve_lookup插件, id:19, 并未关联固件库
07-03 11:54:44,002505 [INFOR] [userlog] 当前:2023-07-03 11:54:43 用户:root 登录成功
07-03 11:54:44,801982 [INFOR] [userlog] 当前:2023-07-03 11:54:44 用户:root 登录成功
07-03 11:54:45,395379 [INFOR] [userlog] 当前:2023-07-03 11:54:45 用户:root 创建固件扫描任务:创建任务—只勾选crypto_hints插件, id:20, 并未关联固件库
07-03 11:54:45,699021 [INFOR] [userlog] 当前:2023-07-03 11:54:45 用户:root 登录成功
07-03 11:54:46,407051 [INFOR] [userlog] 当前:2023-07-03 11:54:46 用户:root 创建固件扫描任务:创建任务—只勾选elf_analysis插件, id:21, 并未关联固件库
07-03 11:54:46,687274 [INFOR] [userlog] 当前:2023-07-03 11:54:46 用户:root 登录成功
07-03 11:54:47,355631 [INFOR] [userlog] 当前:2023-07-03 11:54:47 用户:root 创建固件扫描任务:创建任务—只勾选ip_and_uri_finder插件, id:22, 并未关联固件库
07-03 11:54:47,799406 [INFOR] [userlog] 当前:2023-07-03 11:54:47 用户:root 登录成功
07-03 11:54:48,391580 [INFOR] [userlog] 当前:2023-07-03 11:54:48 用户:root 创建固件扫描任务:创建任务—只勾选users_and_passwords插件, id:23, 并未关联固件库
07-03 11:54:48,707094 [INFOR] [userlog] 当前:2023-07-03 11:54:48 用户:root 登录成功
07-03 11:54:49,369347 [INFOR] [userlog] 当前:2023-07-03 11:54:49 用户:root 创建固件扫描任务:创建任务—只勾选elf_checksec插件, id:24, 并未关联固件库
07-03 11:55:13,005704 [INFOR] [userlog] 当前:2023-07-03 11:55:12 用户:root 登录成功
07-03 11:55:13,870254 [INFOR] [userlog] 当前:2023-07-03 11:55:13 用户:root 删除固件扫描任务:创建任务—只勾选software_components插件, id:18
07-03 11:55:13,929407 [INFOR] [userlog] 当前:2023-07-03 11:55:13 用户:root 创建固件扫描任务:创建任务—只勾选software_components插件, id:25, 并未关联固件库
07-03 11:55:14,235095 [INFOR] [userlog] 当前:2023-07-03 11:55:13 用户:root 登录成功
07-03 11:55:14,803132 [INFOR] [userlog] 当前:2023-07-03 11:55:14 用户:root 删除固件扫描任务:创建任务—只勾选cve_lookup插件, id:19
07-03 11:55:14,861999 [INFOR] [userlog] 当前:2023-07-03 11:55:14 用户:root 创建固件扫描任务:创建任务—只勾选cve_lookup插件, id:26, 并未关联固件库
07-03 11:55:15,191620 [INFOR] [userlog] 当前:2023-07-03 11:55:14 用户:root 登录成功
07-03 11:55:16,007954 [INFOR] [userlog] 当前:2023-07-03 11:55:15 用户:root 登录成功
07-03 11:55:16,574834 [INFOR] [userlog] 当前:2023-07-03 11:55:16 用户:root 删除固件扫描任务:创建任务—只勾选crypto_hints插件, id:20
07-03 11:55:16,612336 [INFOR] [userlog] 当前:2023-07-03 11:55:16 用户:root 创建固件扫描任务:创建任务—只勾选crypto_hints插件, id:27, 并未关联固件库
07-03 11:55:16,883298 [INFOR] [userlog] 当前:2023-07-03 11:55:16 用户:root 登录成功
07-03 11:55:17,509309 [INFOR] [userlog] 当前:2023-07-03 11:55:17 用户:root 删除固件扫描任务:创建任务—只勾选elf_analysis插件, id:21
07-03 11:55:17,553422 [INFOR] [userlog] 当前:2023-07-03 11:55:17 用户:root 创建固件扫描任务:创建任务—只勾选elf_analysis插件, id:28, 并未关联固件库
07-03 11:55:17,870633 [INFOR] [userlog] 当前:2023-07-03 11:55:17 用户:root 登录成功
07-03 11:55:18,383928 [INFOR] [userlog] 当前:2023-07-03 11:55:18 用户:root 删除固件扫描任务:创建任务—只勾选ip_and_uri_finder插件, id:22
07-03 11:55:18,419892 [INFOR] [userlog] 当前:2023-07-03 11:55:18 用户:root 创建固件扫描任务:创建任务—只勾选ip_and_uri_finder插件, id:29, 并未关联固件库
07-03 11:55:18,682049 [INFOR] [userlog] 当前:2023-07-03 11:55:18 用户:root 登录成功
07-03 11:55:19,196454 [INFOR] [userlog] 当前:2023-07-03 11:55:19 用户:root 删除固件扫描任务:创建任务—只勾选users_and_passwords插件, id:23
07-03 11:55:19,272483 [INFOR] [userlog] 当前:2023-07-03 11:55:19 用户:root 创建固件扫描任务:创建任务—只勾选users_and_passwords插件, id:30, 并未关联固件库
07-03 11:55:19,567682 [INFOR] [userlog] 当前:2023-07-03 11:55:19 用户:root 登录成功
07-03 11:55:20,151095 [INFOR] [userlog] 当前:2023-07-03 11:55:20 用户:root 删除固件扫描任务:创建任务—只勾选elf_checksec插件, id:24
07-03 11:55:20,186869 [INFOR] [userlog] 当前:2023-07-03 11:55:20 用户:root 创建固件扫描任务:创建任务—只勾选elf_checksec插件, id:31, 并未关联固件库
07-03 11:55:27,080431 [INFOR] [userlog] 当前:2023-07-03 11:55:26 用户:root 登录成功
07-03 11:55:27,855599 [INFOR] [userlog] 当前:2023-07-03 11:55:27 用户:root 删除固件扫描任务:创建任务—只勾选software_components插件, id:25
07-03 11:55:27,927980 [INFOR] [userlog] 当前:2023-07-03 11:55:27 用户:root 创建固件扫描任务:创建任务—只勾选software_components插件, id:32, 并未关联固件库
07-03 11:55:28,257117 [INFOR] [userlog] 当前:2023-07-03 11:55:27 用户:root 登录成功
07-03 11:55:28,814602 [INFOR] [userlog] 当前:2023-07-03 11:55:28 用户:root 删除固件扫描任务:创建任务—只勾选cve_lookup插件, id:26
07-03 11:55:28,853134 [INFOR] [userlog] 当前:2023-07-03 11:55:28 用户:root 创建固件扫描任务:创建任务—只勾选cve_lookup插件, id:33, 并未关联固件库
07-03 11:55:29,122645 [INFOR] [userlog] 当前:2023-07-03 11:55:28 用户:root 登录成功
07-03 11:55:30,074766 [INFOR] [userlog] 当前:2023-07-03 11:55:29 用户:root 登录成功
07-03 11:55:30,672148 [INFOR] [userlog] 当前:2023-07-03 11:55:30 用户:root 删除固件扫描任务:创建任务—只勾选crypto_hints插件, id:27
07-03 11:55:30,887960 [INFOR] [userlog] 当前:2023-07-03 11:55:30 用户:root 创建固件扫描任务:创建任务—只勾选crypto_hints插件, id:34, 并未关联固件库
07-03 11:55:31,183714 [INFOR] [userlog] 当前:2023-07-03 11:55:30 用户:root 登录成功
07-03 11:55:31,713747 [INFOR] [userlog] 当前:2023-07-03 11:55:31 用户:root 删除固件扫描任务:创建任务—只勾选elf_analysis插件, id:28
07-03 11:55:31,811275 [INFOR] [userlog] 当前:2023-07-03 11:55:31 用户:root 创建固件扫描任务:创建任务—只勾选elf_analysis插件, id:35, 并未关联固件库
07-03 11:55:32,090166 [INFOR] [userlog] 当前:2023-07-03 11:55:31 用户:root 登录成功
07-03 11:55:32,629356 [INFOR] [userlog] 当前:2023-07-03 11:55:32 用户:root 删除固件扫描任务:创建任务—只勾选ip_and_uri_finder插件, id:29
07-03 11:55:32,704738 [INFOR] [userlog] 当前:2023-07-03 11:55:32 用户:root 创建固件扫描任务:创建任务—只勾选ip_and_uri_finder插件, id:36, 并未关联固件库
07-03 11:55:32,997190 [INFOR] [userlog] 当前:2023-07-03 11:55:32 用户:root 登录成功
07-03 11:55:33,497580 [INFOR] [userlog] 当前:2023-07-03 11:55:33 用户:root 删除固件扫描任务:创建任务—只勾选users_and_passwords插件, id:30
07-03 11:55:33,535449 [INFOR] [userlog] 当前:2023-07-03 11:55:33 用户:root 创建固件扫描任务:创建任务—只勾选users_and_passwords插件, id:37, 并未关联固件库
07-03 11:55:33,797769 [INFOR] [userlog] 当前:2023-07-03 11:55:33 用户:root 登录成功
07-03 11:55:34,352479 [INFOR] [userlog] 当前:2023-07-03 11:55:34 用户:root 删除固件扫描任务:创建任务—只勾选elf_checksec插件, id:31
07-03 11:55:34,428736 [INFOR] [userlog] 当前:2023-07-03 11:55:34 用户:root 创建固件扫描任务:创建任务—只勾选elf_checksec插件, id:38, 并未关联固件库
07-03 15:53:41,318173 [INFOR] [userlog] 当前:2023-07-03 15:53:41 用户:wx 登录成功
07-03 15:54:48,807911 [INFOR] [userlog] 当前:2023-07-03 15:54:48 用户:wx 删除固件扫描任务:sf6, id:1
07-03 15:55:57,792699 [INFOR] [userlog] 当前:2023-07-03 15:55:57 用户:wx 创建固件扫描任务:zsy.zip, id:39, 并未关联固件库
07-03 15:56:05,665835 [INFOR] [userlog] 当前:2023-07-03 15:56:05 用户:wx 开始固件扫描任务:zsy.zip, id:39
07-03 16:03:51,837937 [INFOR] [userlog] 当前:2023-07-03 16:03:51 用户:wx 删除固件扫描任务:zsy.zip, id:39
07-03 16:31:14,137915 [INFOR] [userlog] 当前:2023-07-03 16:31:14 用户:wx 创建固件扫描任务:zsy.zip, id:40, 并未关联固件库
07-03 16:31:16,556660 [INFOR] [userlog] 当前:2023-07-03 16:31:16 用户:wx 开始固件扫描任务:zsy.zip, id:40

