07-05 09:41:57,178453 [INFOR] [userlog] 当前:2023-07-05 09:41:56 用户:wx 登录成功
07-05 09:42:34,823930 [INFOR] [userlog] 当前:2023-07-05 09:42:34 用户:wx 创建固件扫描任务:sf6, id:86, 并未关联固件库
07-05 09:43:36,829189 [INFOR] [userlog] 当前:2023-07-05 09:43:36 用户:wx 开始固件扫描任务:sf6, id:86
07-05 09:52:56,489254 [INFOR] [userlog] 当前:2023-07-05 09:52:56 用户:root 登录成功
07-05 09:53:06,316885 [INFOR] [userlog] 当前:2023-07-05 09:53:06 用户:root 登录成功
07-05 09:55:46,211343 [INFOR] [userlog] 当前:2023-07-05 09:55:45 用户:wwh 登录成功
07-05 09:55:54,812095 [INFOR] [userlog] 当前:2023-07-05 09:55:54 用户:wwh 退出登录
07-05 09:56:06,268321 [INFOR] [userlog] 当前:2023-07-05 09:56:06 用户:root 登录成功
07-05 09:56:39,418468 [INFOR] [userlog] 当前:2023-07-05 09:56:39 用户:root 登录成功
07-05 09:56:54,833847 [INFOR] [userlog] 当前:2023-07-05 09:56:54 用户:root 登录成功
07-05 09:56:59,357384 [INFOR] [userlog] 当前:2023-07-05 09:56:59 用户:root 删除固件扫描任务:1, id:81
07-05 09:57:01,621234 [INFOR] [userlog] 当前:2023-07-05 09:56:59 用户:root 创建固件扫描任务:1, id:87, 并关联固件库
07-05 09:57:02,680263 [INFOR] [userlog] 当前:2023-07-05 09:57:02 用户:root 登录成功
07-05 09:57:06,398765 [INFOR] [userlog] 当前:2023-07-05 09:57:06 用户:root 删除固件扫描任务:1, id:87
07-05 09:57:07,331656 [INFOR] [userlog] 当前:2023-07-05 09:57:06 用户:root 创建固件扫描任务:1, id:88, 并关联固件库
07-05 09:57:08,283405 [INFOR] [userlog] 当前:2023-07-05 09:57:07 用户:root 登录成功
07-05 09:57:16,478696 [INFOR] [userlog] 当前:2023-07-05 09:57:16 用户:root 登录成功
07-05 09:57:35,668035 [INFOR] [userlog] 当前:2023-07-05 09:57:35 用户:root 登录成功
07-05 09:57:39,716559 [INFOR] [userlog] 当前:2023-07-05 09:57:39 用户:root 删除固件扫描任务:1, id:88
07-05 09:57:39,849890 [INFOR] [userlog] 当前:2023-07-05 09:57:39 用户:root 创建固件扫描任务:1, id:89, 并关联固件库
07-05 09:57:40,917349 [INFOR] [userlog] 当前:2023-07-05 09:57:40 用户:root 登录成功
07-05 09:59:21,818371 [INFOR] [userlog] 当前:2023-07-05 09:59:21 用户:root 登录成功
07-05 09:59:23,050472 [INFOR] [userlog] 当前:2023-07-05 09:59:23 用户:root 删除固件扫描任务:1, id:89
07-05 09:59:23,241802 [INFOR] [userlog] 当前:2023-07-05 09:59:22 用户:root 创建固件扫描任务:a, id:90, 并关联固件库
07-05 09:59:29,043584 [INFOR] [userlog] 当前:2023-07-05 09:59:28 用户:wwh 登录成功
07-05 10:05:11,204501 [INFOR] [userlog] 当前:2023-07-05 10:05:10 用户:root 登录成功
07-05 10:05:12,307872 [INFOR] [userlog] 当前:2023-07-05 10:05:12 用户:root 删除固件扫描任务:a, id:90
07-05 10:05:12,415817 [INFOR] [userlog] 当前:2023-07-05 10:05:12 用户:root 创建固件扫描任务:*, id:91, 并关联固件库
07-05 10:05:12,729549 [INFOR] [userlog] 当前:2023-07-05 10:05:12 用户:root 登录成功
07-05 10:05:13,864159 [INFOR] [userlog] 当前:2023-07-05 10:05:13 用户:root 删除固件扫描任务:*, id:91
07-05 10:05:14,060489 [INFOR] [userlog] 当前:2023-07-05 10:05:13 用户:root 创建固件扫描任务:Ux1J1HSMqkA4KXNWdfqARaskNxg5AXzwwZHP6W2EbTCerRBqzEwTOPhbowZO76Vuq51Hq1j06oNI7osassSSnfmElUBT359lCMp, id:92, 并关联固件库
07-05 10:05:14,520190 [INFOR] [userlog] 当前:2023-07-05 10:05:14 用户:root 登录成功
07-05 10:05:15,878859 [INFOR] [userlog] 当前:2023-07-05 10:05:15 用户:root 删除固件扫描任务:Ux1J1HSMqkA4KXNWdfqARaskNxg5AXzwwZHP6W2EbTCerRBqzEwTOPhbowZO76Vuq51Hq1j06oNI7osassSSnfmElUBT359lCMp, id:92
07-05 10:05:15,992340 [INFOR] [userlog] 当前:2023-07-05 10:05:15 用户:root 创建固件扫描任务:ZpjLyuKQTqjEO4A0yOM4gn9kXpwk7LEdZzx6k71Ad8WJBjUuYOjZH5vXbTAZoPmzU04YrmmwPOFAlLgS3FkBJ5XMfi4TczoLxBE, id:93, 并关联固件库
07-05 10:05:16,409829 [INFOR] [userlog] 当前:2023-07-05 10:05:16 用户:root 登录成功
07-05 10:05:17,812365 [INFOR] [userlog] 当前:2023-07-05 10:05:17 用户:root 删除固件扫描任务:ZpjLyuKQTqjEO4A0yOM4gn9kXpwk7LEdZzx6k71Ad8WJBjUuYOjZH5vXbTAZoPmzU04YrmmwPOFAlLgS3FkBJ5XMfi4TczoLxBE, id:93
07-05 10:05:17,840974 [INFOR] [userlog] 当前:2023-07-05 10:05:17 用户:root 创建固件扫描任务:H5i4hNXcccXzS524YC83jLURiRyjKNUk0lLDHG1qxafJPkq3CZG3r3SfFWvYjN5OxgAbqMgKHIK3aByLygsLOFOlrX0NxkVeeZL, id:94, 并关联固件库
07-05 10:05:52,616209 [INFOR] [userlog] 当前:2023-07-05 10:05:52 用户:root 登录成功
07-05 10:07:51,406030 [INFOR] [userlog] 当前:2023-07-05 10:07:51 用户:root 登录成功
07-05 10:07:53,306739 [INFOR] [userlog] 当前:2023-07-05 10:07:53 用户:root 登录成功
07-05 10:12:09,150571 [INFOR] [userlog] 当前:2023-07-05 10:12:08 用户:root 登录成功
07-05 10:12:10,872801 [INFOR] [userlog] 当前:2023-07-05 10:12:10 用户:root 登录成功
07-05 10:12:12,120034 [INFOR] [userlog] 当前:2023-07-05 10:12:11 用户:root 登录成功
07-05 10:12:13,601412 [INFOR] [userlog] 当前:2023-07-05 10:12:13 用户:root 登录成功
07-05 10:12:15,069674 [INFOR] [userlog] 当前:2023-07-05 10:12:14 用户:root 登录成功
07-05 10:14:22,197170 [INFOR] [userlog] 当前:2023-07-05 10:14:21 用户:root 登录成功
07-05 10:14:23,976436 [INFOR] [userlog] 当前:2023-07-05 10:14:23 用户:root 登录成功
07-05 10:14:25,528333 [INFOR] [userlog] 当前:2023-07-05 10:14:25 用户:root 登录成功
07-05 10:14:27,596993 [INFOR] [userlog] 当前:2023-07-05 10:14:26 用户:root 登录成功
07-05 10:14:31,021933 [INFOR] [userlog] 当前:2023-07-05 10:14:28 用户:root 登录成功
07-05 10:16:37,671821 [INFOR] [userlog] 当前:2023-07-05 10:16:37 用户:root 登录成功
07-05 10:16:47,578065 [INFOR] [userlog] 当前:2023-07-05 10:16:47 用户:root 登录成功
07-05 10:18:30,001445 [INFOR] [userlog] 当前:2023-07-05 10:18:29 用户:root 登录成功
07-05 10:18:48,822184 [INFOR] [userlog] 当前:2023-07-05 10:18:48 用户:root 登录成功
07-05 10:18:58,659126 [INFOR] [userlog] 当前:2023-07-05 10:18:58 用户:root 登录成功
07-05 10:19:55,263714 [INFOR] [userlog] 当前:2023-07-05 10:19:55 用户:root 登录成功
07-05 10:20:17,024628 [INFOR] [userlog] 当前:2023-07-05 10:20:16 用户:root 登录成功
07-05 10:21:05,793684 [INFOR] [userlog] 当前:2023-07-05 10:21:05 用户:root 登录成功
07-05 10:22:41,708876 [INFOR] [userlog] 当前:2023-07-05 10:22:41 用户:root 登录成功
07-05 10:25:18,529597 [INFOR] [userlog] 当前:2023-07-05 10:25:18 用户:root 登录成功
07-05 10:25:30,052775 [INFOR] [userlog] 当前:2023-07-05 10:25:29 用户:root 登录成功
07-05 10:25:39,323203 [INFOR] [userlog] 当前:2023-07-05 10:25:39 用户:root 登录成功
07-05 10:26:24,024254 [INFOR] [userlog] 当前:2023-07-05 10:26:23 用户:root 登录成功
07-05 10:26:35,658572 [INFOR] [userlog] 当前:2023-07-05 10:26:35 用户:root 登录成功
07-05 10:26:46,096422 [INFOR] [userlog] 当前:2023-07-05 10:26:45 用户:root 登录成功
07-05 10:27:37,427499 [INFOR] [userlog] 当前:2023-07-05 10:27:37 用户:root 登录成功
07-05 10:27:53,071105 [INFOR] [userlog] 当前:2023-07-05 10:27:52 用户:root 登录成功
07-05 10:28:02,669018 [INFOR] [userlog] 当前:2023-07-05 10:28:02 用户:root 登录成功
07-05 10:28:40,934149 [INFOR] [userlog] 当前:2023-07-05 10:28:40 用户:root 登录成功
07-05 10:28:56,989140 [INFOR] [userlog] 当前:2023-07-05 10:28:56 用户:root 登录成功
07-05 10:29:05,416350 [INFOR] [userlog] 当前:2023-07-05 10:29:05 用户:root 登录成功
07-05 10:30:07,890227 [INFOR] [userlog] 当前:2023-07-05 10:30:07 用户:root 登录成功
07-05 10:31:07,290490 [INFOR] [userlog] 当前:2023-07-05 10:31:07 用户:root 登录成功
07-05 10:31:16,913108 [INFOR] [userlog] 当前:2023-07-05 10:31:16 用户:root 登录成功
07-05 10:32:25,535396 [INFOR] [userlog] 当前:2023-07-05 10:32:25 用户:root 登录成功
07-05 10:35:04,218819 [INFOR] [userlog] 当前:2023-07-05 10:35:03 用户:root 登录成功
07-05 10:35:05,702030 [INFOR] [userlog] 当前:2023-07-05 10:35:05 用户:root 登录成功
07-05 10:35:07,094992 [INFOR] [userlog] 当前:2023-07-05 10:35:06 用户:root 登录成功
07-05 10:35:08,741887 [INFOR] [userlog] 当前:2023-07-05 10:35:08 用户:root 登录成功
07-05 10:35:10,193202 [INFOR] [userlog] 当前:2023-07-05 10:35:09 用户:root 登录成功
07-05 10:52:29,165283 [INFOR] [userlog] 当前:2023-07-05 10:52:28 用户:root 登录成功
07-05 10:52:50,705911 [INFOR] [userlog] 当前:2023-07-05 10:52:50 用户:root 登录成功
07-05 10:53:24,897640 [INFOR] [userlog] 当前:2023-07-05 10:53:24 用户:root 登录成功
07-05 10:53:47,663730 [INFOR] [userlog] 当前:2023-07-05 10:53:47 用户:root 登录成功
07-05 10:54:27,680242 [INFOR] [userlog] 当前:2023-07-05 10:54:27 用户:root 登录成功
07-05 10:54:47,286884 [INFOR] [userlog] 当前:2023-07-05 10:54:47 用户:root 登录成功
07-05 10:55:49,685247 [INFOR] [userlog] 当前:2023-07-05 10:55:49 用户:root 登录成功
07-05 11:01:35,456188 [INFOR] [userlog] 当前:2023-07-05 11:01:35 用户:wx 创建固件扫描任务:RV110W_FW_1.2.2.5.bin, id:95, 并未关联固件库
07-05 11:01:47,149077 [INFOR] [userlog] 当前:2023-07-05 11:01:47 用户:wx 创建固件扫描任务:DIR822A1_FW103WWb03.bin, id:96, 并未关联固件库
07-05 11:01:57,089490 [INFOR] [userlog] 当前:2023-07-05 11:01:57 用户:wx 创建固件扫描任务:DIR842C1_FW313WWb05.bin, id:97, 并未关联固件库
07-05 11:02:11,443507 [INFOR] [userlog] 当前:2023-07-05 11:02:11 用户:wx 创建固件扫描任务:DSL-AC88U_v1.10.08_build593.w, id:98, 并未关联固件库
07-05 11:02:27,917355 [INFOR] [userlog] 当前:2023-07-05 11:02:27 用户:wx 创建固件扫描任务:R7000-V1.0.7.2_1.1.93.chk, id:99, 并未关联固件库
07-05 11:02:41,687114 [INFOR] [userlog] 当前:2023-07-05 11:02:41 用户:wx 创建固件扫描任务:R9000-V1.0.4.26.img, id:100, 并未关联固件库
07-05 11:03:01,909918 [INFOR] [userlog] 当前:2023-07-05 11:03:01 用户:wx 创建固件扫描任务:BIOS_IMG.rcv, id:101, 并未关联固件库
07-05 11:03:04,414055 [INFOR] [userlog] 当前:2023-07-05 11:03:04 用户:wx 开始固件扫描任务:BIOS_IMG.rcv, id:101
07-05 11:03:04,770075 [INFOR] [userlog] 当前:2023-07-05 11:03:04 用户:wx 开始固件扫描任务:R9000-V1.0.4.26.img, id:100
07-05 11:03:05,757985 [INFOR] [userlog] 当前:2023-07-05 11:03:05 用户:wx 开始固件扫描任务:DSL-AC88U_v1.10.08_build593.w, id:98
07-05 11:03:06,336547 [INFOR] [userlog] 当前:2023-07-05 11:03:06 用户:wx 开始固件扫描任务:DIR842C1_FW313WWb05.bin, id:97
07-05 11:03:07,307215 [INFOR] [userlog] 当前:2023-07-05 11:03:07 用户:wx 开始固件扫描任务:R7000-V1.0.7.2_1.1.93.chk, id:99
07-05 11:03:08,090142 [INFOR] [userlog] 当前:2023-07-05 11:03:08 用户:wx 开始固件扫描任务:DIR822A1_FW103WWb03.bin, id:96
07-05 11:03:08,777650 [INFOR] [userlog] 当前:2023-07-05 11:03:08 用户:wx 开始固件扫描任务:RV110W_FW_1.2.2.5.bin, id:95
07-05 11:08:20,748930 [INFOR] [userlog] 当前:2023-07-05 11:08:20 用户:root 登录成功
07-05 11:09:01,898796 [INFOR] [userlog] 当前:2023-07-05 11:09:01 用户:root 登录成功
07-05 11:09:31,760833 [INFOR] [userlog] 当前:2023-07-05 11:09:31 用户:root 登录成功
07-05 11:10:02,978655 [INFOR] [userlog] 当前:2023-07-05 11:10:02 用户:root 登录成功
07-05 11:11:35,437922 [INFOR] [userlog] 当前:2023-07-05 11:11:35 用户:root 登录成功
07-05 11:12:02,012202 [INFOR] [userlog] 当前:2023-07-05 11:12:01 用户:root 登录成功
07-05 11:12:32,254649 [INFOR] [userlog] 当前:2023-07-05 11:12:32 用户:root 登录成功
07-05 11:12:44,106775 [INFOR] [userlog] 当前:2023-07-05 11:12:43 用户:root 登录成功
07-05 11:14:44,468477 [INFOR] [userlog] 当前:2023-07-05 11:14:44 用户:root 登录成功
07-05 11:15:23,426101 [INFOR] [userlog] 当前:2023-07-05 11:15:23 用户:root 登录成功
07-05 11:15:39,872753 [INFOR] [userlog] 当前:2023-07-05 11:15:39 用户:root 登录成功
07-05 11:17:52,961639 [INFOR] [userlog] 当前:2023-07-05 11:17:52 用户:root 登录成功
07-05 11:18:47,640009 [INFOR] [userlog] 当前:2023-07-05 11:18:47 用户:root 登录成功
07-05 11:19:00,612297 [INFOR] [userlog] 当前:2023-07-05 11:19:00 用户:root 登录成功
07-05 11:22:14,462886 [INFOR] [userlog] 当前:2023-07-05 11:22:14 用户:root 登录成功
07-05 11:22:28,281412 [INFOR] [userlog] 当前:2023-07-05 11:22:28 用户:root 登录成功
07-05 11:22:56,301456 [INFOR] [userlog] 当前:2023-07-05 11:22:56 用户:root 登录成功
07-05 11:24:08,794041 [INFOR] [userlog] 当前:2023-07-05 11:24:08 用户:root 登录成功
07-05 13:38:55,957111 [INFOR] [userlog] 当前:2023-07-05 13:38:55 用户:root 登录成功
07-05 13:42:30,991614 [INFOR] [userlog] 当前:2023-07-05 13:42:30 用户:root 登录成功
07-05 13:43:35,778102 [INFOR] [userlog] 当前:2023-07-05 13:43:35 用户:root 登录成功
07-05 13:46:20,508808 [INFOR] [userlog] 当前:2023-07-05 13:46:20 用户:root 登录成功
07-05 13:48:55,728921 [INFOR] [userlog] 当前:2023-07-05 13:48:55 用户:root 登录成功
07-05 13:50:41,849485 [INFOR] [userlog] 当前:2023-07-05 13:50:41 用户:root 登录成功
07-05 13:52:00,244827 [INFOR] [userlog] 当前:2023-07-05 13:51:59 用户:root 登录成功
07-05 14:02:53,041121 [INFOR] [userlog] 当前:2023-07-05 14:02:52 用户:root 登录成功
07-05 14:31:24,053854 [INFOR] [userlog] 当前:2023-07-05 14:31:23 用户:wwh 登录成功
07-05 14:31:51,575954 [INFOR] [userlog] 当前:2023-07-05 14:31:51 用户:wwh 退出登录
07-05 14:31:54,772523 [INFOR] [userlog] 当前:2023-07-05 14:31:54 用户:wwh 登录成功
07-05 14:34:51,043653 [INFOR] [userlog] 当前:2023-07-05 14:34:50 用户:wh 登录成功
07-05 14:35:07,210579 [INFOR] [userlog] 当前:2023-07-05 14:35:07 用户:wh 退出登录
07-05 14:35:27,332132 [INFOR] [userlog] 当前:2023-07-05 14:35:27 用户:wh 登录成功
07-05 14:35:45,572008 [INFOR] [userlog] 当前:2023-07-05 14:35:45 用户:wh 登录成功
07-05 14:35:50,796744 [INFOR] [userlog] 当前:2023-07-05 14:35:50 用户:wh 退出登录
07-05 14:35:50,804152 [INFOR] [userlog] 当前:2023-07-05 14:35:50 用户:wh 退出登录
07-05 14:36:22,829833 [INFOR] [userlog] 当前:2023-07-05 14:36:22 用户:wwh 登录成功
07-05 14:36:25,223379 [INFOR] [userlog] 当前:2023-07-05 14:36:25 用户:wwh 退出登录
07-05 14:36:28,628816 [INFOR] [userlog] 当前:2023-07-05 14:36:28 用户:wh 登录成功
07-05 14:36:31,371516 [INFOR] [userlog] 当前:2023-07-05 14:36:31 用户:wh 退出登录
07-05 14:36:35,036169 [INFOR] [userlog] 当前:2023-07-05 14:36:34 用户:wx 登录成功
07-05 14:40:45,997810 [INFOR] [userlog] 当前:2023-07-05 14:40:45 用户:root 登录成功
07-05 14:40:59,526080 [INFOR] [userlog] 当前:2023-07-05 14:40:59 用户:root 登录成功
07-05 14:41:21,428968 [INFOR] [userlog] 当前:2023-07-05 14:41:21 用户:root 登录成功
07-05 14:41:51,508504 [INFOR] [userlog] 当前:2023-07-05 14:41:51 用户:root 登录成功
07-05 14:42:05,510381 [INFOR] [userlog] 当前:2023-07-05 14:42:05 用户:root 登录成功
07-05 14:42:35,462117 [INFOR] [userlog] 当前:2023-07-05 14:42:35 用户:wx 登录成功
07-05 14:43:08,363336 [INFOR] [userlog] 当前:2023-07-05 14:43:07 用户:root 登录成功
07-05 14:43:48,279911 [INFOR] [userlog] 当前:2023-07-05 14:43:48 用户:root 登录成功
07-05 14:44:00,756518 [INFOR] [userlog] 当前:2023-07-05 14:44:00 用户:root 登录成功
07-05 14:44:27,110154 [INFOR] [userlog] 当前:2023-07-05 14:44:26 用户:root 登录成功
07-05 14:45:46,588713 [INFOR] [userlog] 当前:2023-07-05 14:45:46 用户:root 登录成功
07-05 14:45:55,026285 [INFOR] [userlog] 当前:2023-07-05 14:45:54 用户:root 登录成功
07-05 14:47:29,028761 [INFOR] [userlog] 当前:2023-07-05 14:47:28 用户:root 登录成功
07-05 14:47:40,342592 [INFOR] [userlog] 当前:2023-07-05 14:47:40 用户:root 登录成功
07-05 14:47:50,368032 [INFOR] [userlog] 当前:2023-07-05 14:47:50 用户:root 登录成功
07-05 14:49:09,256067 [INFOR] [userlog] 当前:2023-07-05 14:49:09 用户:root 登录成功
07-05 14:50:00,408173 [INFOR] [userlog] 当前:2023-07-05 14:50:00 用户:root 登录成功
07-05 14:50:32,462153 [INFOR] [userlog] 当前:2023-07-05 14:50:32 用户:root 登录成功
07-05 14:51:10,719895 [INFOR] [userlog] 当前:2023-07-05 14:51:10 用户:root 登录成功
07-05 14:52:26,289551 [INFOR] [userlog] 当前:2023-07-05 14:52:26 用户:root 登录成功
07-05 14:52:42,418913 [INFOR] [userlog] 当前:2023-07-05 14:52:42 用户:root 登录成功
07-05 14:52:58,130986 [INFOR] [userlog] 当前:2023-07-05 14:52:57 用户:root 登录成功
07-05 14:53:30,434216 [INFOR] [userlog] 当前:2023-07-05 14:53:30 用户:root 登录成功
07-05 14:53:39,742986 [INFOR] [userlog] 当前:2023-07-05 14:53:39 用户:root 登录成功
07-05 14:53:52,355352 [INFOR] [userlog] 当前:2023-07-05 14:53:52 用户:root 登录成功
07-05 14:55:09,805879 [INFOR] [userlog] 当前:2023-07-05 14:55:09 用户:root 登录成功
07-05 14:55:50,313852 [INFOR] [userlog] 当前:2023-07-05 14:55:50 用户:root 登录成功
07-05 14:56:13,782473 [INFOR] [userlog] 当前:2023-07-05 14:56:13 用户:root 登录成功
07-05 14:56:33,147531 [INFOR] [userlog] 当前:2023-07-05 14:56:32 用户:root 登录成功
07-05 14:56:58,217192 [INFOR] [userlog] 当前:2023-07-05 14:56:57 用户:root 登录成功
07-05 14:57:08,515442 [INFOR] [userlog] 当前:2023-07-05 14:57:08 用户:root 登录成功
07-05 14:58:58,666167 [INFOR] [userlog] 当前:2023-07-05 14:58:58 用户:root 登录成功
07-05 15:03:15,534512 [INFOR] [userlog] 当前:2023-07-05 15:03:15 用户:root 登录成功
07-05 15:06:21,978333 [INFOR] [userlog] 当前:2023-07-05 15:06:21 用户:root 登录成功
07-05 15:08:38,115913 [INFOR] [userlog] 当前:2023-07-05 15:08:37 用户:root 登录成功
07-05 15:10:08,752556 [INFOR] [userlog] 当前:2023-07-05 15:10:08 用户:wwh 登录成功
07-05 15:13:50,633687 [INFOR] [userlog] 当前:2023-07-05 15:13:50 用户:root 登录成功
07-05 15:14:39,361128 [INFOR] [userlog] 当前:2023-07-05 15:14:39 用户:root 登录成功
07-05 15:18:11,250860 [INFOR] [userlog] 当前:2023-07-05 15:18:11 用户:root 登录成功
07-05 15:19:24,553459 [INFOR] [userlog] 当前:2023-07-05 15:19:24 用户:root 登录成功
07-05 15:22:00,288085 [INFOR] [userlog] 当前:2023-07-05 15:21:59 用户:root 登录成功
07-05 15:24:14,485941 [INFOR] [userlog] 当前:2023-07-05 15:24:14 用户:root 登录成功
07-05 15:26:26,683105 [INFOR] [userlog] 当前:2023-07-05 15:26:26 用户:root 登录成功
07-05 15:27:02,114588 [INFOR] [userlog] 当前:2023-07-05 15:27:01 用户:root 登录成功
07-05 15:27:27,438250 [INFOR] [userlog] 当前:2023-07-05 15:27:27 用户:root 登录成功
07-05 15:45:33,939891 [INFOR] [userlog] 当前:2023-07-05 15:45:33 用户:root 登录成功
07-05 15:45:56,845292 [INFOR] [userlog] 当前:2023-07-05 15:45:56 用户:root 登录成功
07-05 15:46:47,708844 [INFOR] [userlog] 当前:2023-07-05 15:46:47 用户:root 登录成功
07-05 15:48:07,430736 [INFOR] [userlog] 当前:2023-07-05 15:48:07 用户:root 登录成功
07-05 15:48:14,831293 [INFOR] [userlog] 当前:2023-07-05 15:48:14 用户:root 登录成功
07-05 15:48:44,856997 [INFOR] [userlog] 当前:2023-07-05 15:48:44 用户:root 登录成功
07-05 15:49:22,018947 [INFOR] [userlog] 当前:2023-07-05 15:49:21 用户:root 登录成功
07-05 15:49:36,956596 [INFOR] [userlog] 当前:2023-07-05 15:49:36 用户:root 登录成功
07-05 15:49:51,315414 [INFOR] [userlog] 当前:2023-07-05 15:49:51 用户:root 登录成功
07-05 15:50:50,569588 [INFOR] [userlog] 当前:2023-07-05 15:50:50 用户:root 登录成功
07-05 15:51:15,851071 [INFOR] [userlog] 当前:2023-07-05 15:51:15 用户:root 登录成功
07-05 15:51:45,235775 [INFOR] [userlog] 当前:2023-07-05 15:51:45 用户:root 登录成功
07-05 15:54:05,236456 [INFOR] [userlog] 当前:2023-07-05 15:54:04 用户:root 登录成功
07-05 15:54:27,193520 [INFOR] [userlog] 当前:2023-07-05 15:54:26 用户:root 登录成功
07-05 15:54:42,916578 [INFOR] [userlog] 当前:2023-07-05 15:54:42 用户:root 登录成功
07-05 15:55:00,840428 [INFOR] [userlog] 当前:2023-07-05 15:55:00 用户:root 登录成功
07-05 15:55:14,443600 [INFOR] [userlog] 当前:2023-07-05 15:55:14 用户:root 登录成功
07-05 15:55:47,296259 [INFOR] [userlog] 当前:2023-07-05 15:55:47 用户:root 登录成功
07-05 15:57:03,119506 [INFOR] [userlog] 当前:2023-07-05 15:57:02 用户:root 登录成功
07-05 15:57:32,327344 [INFOR] [userlog] 当前:2023-07-05 15:57:32 用户:root 登录成功
07-05 15:59:53,905769 [INFOR] [userlog] 当前:2023-07-05 15:59:53 用户:root 登录成功
07-05 16:11:42,903304 [INFOR] [userlog] 当前:2023-07-05 16:11:42 用户:root 登录成功
07-05 16:12:51,882834 [INFOR] [userlog] 当前:2023-07-05 16:12:51 用户:root 登录成功
07-05 16:13:38,814291 [INFOR] [userlog] 当前:2023-07-05 16:13:38 用户:root 登录成功
07-05 16:13:59,832692 [INFOR] [userlog] 当前:2023-07-05 16:13:59 用户:root 登录成功
07-05 16:14:27,586695 [INFOR] [userlog] 当前:2023-07-05 16:14:27 用户:root 登录成功
07-05 16:14:44,898668 [INFOR] [userlog] 当前:2023-07-05 16:14:44 用户:root 登录成功
07-05 16:15:40,784415 [INFOR] [userlog] 当前:2023-07-05 16:15:40 用户:root 登录成功
07-05 16:16:39,325436 [INFOR] [userlog] 当前:2023-07-05 16:16:39 用户:root 登录成功
07-05 16:16:57,008301 [INFOR] [userlog] 当前:2023-07-05 16:16:56 用户:root 登录成功
07-05 16:17:47,646414 [INFOR] [userlog] 当前:2023-07-05 16:17:47 用户:root 登录成功
07-05 16:18:54,152918 [INFOR] [userlog] 当前:2023-07-05 16:18:53 用户:root 登录成功
07-05 16:19:04,476554 [INFOR] [userlog] 当前:2023-07-05 16:19:04 用户:root 登录成功
07-05 16:22:36,422425 [INFOR] [userlog] 当前:2023-07-05 16:22:36 用户:root 登录成功
07-05 16:23:31,115976 [INFOR] [userlog] 当前:2023-07-05 16:23:30 用户:root 登录成功
07-05 16:24:15,107092 [INFOR] [userlog] 当前:2023-07-05 16:24:14 用户:root 登录成功
07-05 16:24:32,682849 [INFOR] [userlog] 当前:2023-07-05 16:24:32 用户:root 登录成功
07-05 16:27:11,971860 [INFOR] [userlog] 当前:2023-07-05 16:27:11 用户:root 登录成功
07-05 16:27:30,268811 [INFOR] [userlog] 当前:2023-07-05 16:27:30 用户:root 登录成功
07-05 16:35:27,102544 [INFOR] [userlog] 当前:2023-07-05 16:35:26 用户:root 登录成功
07-05 16:37:20,997888 [INFOR] [userlog] 当前:2023-07-05 16:37:20 用户:root 登录成功
07-05 16:40:35,094929 [INFOR] [userlog] 当前:2023-07-05 16:40:34 用户:root 登录成功
07-05 16:43:14,778665 [INFOR] [userlog] 当前:2023-07-05 16:43:14 用户:wx 创建固件扫描任务:K2等7620A刷机专用固件-支持升级AP固件-4.0.1.11029..bin, id:102, 并未关联固件库
07-05 16:43:15,969838 [INFOR] [userlog] 当前:2023-07-05 16:43:15 用户:wx 开始固件扫描任务:K2等7620A刷机专用固件-支持升级AP固件-4.0.1.11029..bin, id:102
07-05 17:00:25,288970 [INFOR] [userlog] 当前:2023-07-05 17:00:24 用户:root 修改密码成功
07-05 17:00:25,882273 [INFOR] [userlog] 当前:2023-07-05 17:00:25 用户:root 登录成功
07-05 17:00:28,692573 [INFOR] [userlog] 当前:2023-07-05 17:00:28 用户:root 创建报告对比任务:BIOS_IMG.rcv对比R9000-V1.0.4.26.img, id:11
07-05 17:00:28,984992 [INFOR] [userlog] 当前:2023-07-05 17:00:28 用户:root 登录成功
07-05 17:00:30,234133 [INFOR] [userlog] 当前:2023-07-05 17:00:29 用户:root 登录成功
07-05 17:00:31,194358 [INFOR] [userlog] 当前:2023-07-05 17:00:30 用户:root 登录成功
07-05 17:00:32,038540 [INFOR] [userlog] 当前:2023-07-05 17:00:31 用户:root 登录成功
07-05 17:00:33,150963 [INFOR] [userlog] 当前:2023-07-05 17:00:32 用户:root 登录成功
07-05 17:00:34,507622 [INFOR] [userlog] 当前:2023-07-05 17:00:33 用户:root 登录成功
07-05 17:00:35,589918 [INFOR] [userlog] 当前:2023-07-05 17:00:35 用户:root 登录成功
07-05 17:00:36,586443 [INFOR] [userlog] 当前:2023-07-05 17:00:36 用户:root 登录成功
07-05 17:00:38,747755 [INFOR] [userlog] 当前:2023-07-05 17:00:38 用户:root 删除固件扫描任务:H5i4hNXcccXzS524YC83jLURiRyjKNUk0lLDHG1qxafJPkq3CZG3r3SfFWvYjN5OxgAbqMgKHIK3aByLygsLOFOlrX0NxkVeeZL, id:94
07-05 17:00:39,012600 [INFOR] [userlog] 当前:2023-07-05 17:00:38 用户:root 创建固件扫描任务:全选插件创建任务, id:103, 并未关联固件库
07-05 17:00:39,428403 [INFOR] [userlog] 当前:2023-07-05 17:00:39 用户:root 登录成功
07-05 17:00:40,008298 [INFOR] [userlog] 当前:2023-07-05 17:00:39 用户:root 创建固件扫描任务:全选插件关联固件库, id:104, 并关联固件库
07-05 17:00:40,314403 [INFOR] [userlog] 当前:2023-07-05 17:00:40 用户:root 登录成功
07-05 17:00:41,429519 [INFOR] [userlog] 当前:2023-07-05 17:00:41 用户:root 登录成功
07-05 17:00:42,586465 [INFOR] [userlog] 当前:2023-07-05 17:00:42 用户:root 登录成功
07-05 17:00:43,469240 [INFOR] [userlog] 当前:2023-07-05 17:00:43 用户:root 登录成功
07-05 17:00:44,270339 [INFOR] [userlog] 当前:2023-07-05 17:00:43 用户:root 登录成功
07-05 17:00:44,843738 [INFOR] [userlog] 当前:2023-07-05 17:00:44 用户:root 删除固件扫描任务:全选插件关联固件库, id:104
07-05 17:00:44,893360 [INFOR] [userlog] 当前:2023-07-05 17:00:44 用户:root 创建固件扫描任务:1, id:105, 并关联固件库
07-05 17:00:45,216424 [INFOR] [userlog] 当前:2023-07-05 17:00:44 用户:root 登录成功
07-05 17:00:45,734927 [INFOR] [userlog] 当前:2023-07-05 17:00:45 用户:root 创建固件扫描任务:a, id:106, 并未关联固件库
07-05 17:00:45,999569 [INFOR] [userlog] 当前:2023-07-05 17:00:45 用户:root 登录成功
07-05 17:00:46,595655 [INFOR] [userlog] 当前:2023-07-05 17:00:46 用户:root 删除固件扫描任务:a, id:106
07-05 17:00:46,657327 [INFOR] [userlog] 当前:2023-07-05 17:00:46 用户:root 创建固件扫描任务:*, id:107, 并未关联固件库
07-05 17:00:46,950918 [INFOR] [userlog] 当前:2023-07-05 17:00:46 用户:root 登录成功
07-05 17:00:47,465567 [INFOR] [userlog] 当前:2023-07-05 17:00:47 用户:root 删除固件扫描任务:7tElOfUDpUmYMG9gBnB0wf2q5WqiFbW6xit0LgG52Dur5vFDt3v1w2biFVHyd8LwyX0UA0sG9z7QeK4B1s4MItoKbNvNe6RnOM0, id:13
07-05 17:00:47,649615 [INFOR] [userlog] 当前:2023-07-05 17:00:47 用户:root 创建固件扫描任务:LytLc3VmXadhW8ya4KuxbOlXEc32kiPQVIysu2ciYK1QUt9zSBHJQh6kpsDVlz4NKoDZgTsQRhHU39iZsLowDE9W1A5VsuQzpc8, id:108, 并未关联固件库
07-05 17:00:47,972274 [INFOR] [userlog] 当前:2023-07-05 17:00:47 用户:root 登录成功
07-05 17:00:48,636103 [INFOR] [userlog] 当前:2023-07-05 17:00:48 用户:root 登录成功
07-05 17:00:49,454271 [INFOR] [userlog] 当前:2023-07-05 17:00:49 用户:root 登录成功
07-05 17:00:50,465623 [INFOR] [userlog] 当前:2023-07-05 17:00:50 用户:root 登录成功
07-05 17:00:51,176155 [INFOR] [userlog] 当前:2023-07-05 17:00:50 用户:root 登录成功
07-05 17:00:51,816018 [INFOR] [userlog] 当前:2023-07-05 17:00:51 用户:root 登录成功
07-05 17:00:52,649193 [INFOR] [userlog] 当前:2023-07-05 17:00:52 用户:root 登录成功
07-05 17:00:53,551061 [INFOR] [userlog] 当前:2023-07-05 17:00:53 用户:root 登录成功
07-05 17:00:54,342777 [INFOR] [userlog] 当前:2023-07-05 17:00:54 用户:root 登录成功
07-05 17:00:55,403531 [INFOR] [userlog] 当前:2023-07-05 17:00:54 用户:root 登录成功
07-05 17:00:56,694101 [INFOR] [userlog] 当前:2023-07-05 17:00:56 用户:root 登录成功
07-05 17:00:57,431449 [INFOR] [userlog] 当前:2023-07-05 17:00:57 用户:root 登录成功
07-05 17:00:58,054249 [INFOR] [userlog] 当前:2023-07-05 17:00:57 用户:root 登录成功
07-05 17:00:58,623722 [INFOR] [userlog] 当前:2023-07-05 17:00:58 用户:root 删除固件扫描任务:创建任务—只勾选cwe_checker插件, id:17
07-05 17:00:58,711159 [INFOR] [userlog] 当前:2023-07-05 17:00:58 用户:root 创建固件扫描任务:创建任务—只勾选cwe_checker插件, id:109, 并未关联固件库
07-05 17:00:58,976049 [INFOR] [userlog] 当前:2023-07-05 17:00:58 用户:root 登录成功
07-05 17:00:59,648179 [INFOR] [userlog] 当前:2023-07-05 17:00:59 用户:root 删除固件扫描任务:创建任务—只勾选software_components插件, id:32
07-05 17:00:59,687751 [INFOR] [userlog] 当前:2023-07-05 17:00:59 用户:root 创建固件扫描任务:创建任务—只勾选software_components插件, id:110, 并未关联固件库
07-05 17:00:59,962394 [INFOR] [userlog] 当前:2023-07-05 17:00:59 用户:root 登录成功
07-05 17:01:00,433409 [INFOR] [userlog] 当前:2023-07-05 17:01:00 用户:root 删除固件扫描任务:创建任务—只勾选cve_lookup插件, id:33
07-05 17:01:00,878473 [INFOR] [userlog] 当前:2023-07-05 17:01:00 用户:root 创建固件扫描任务:创建任务—只勾选cve_lookup插件, id:111, 并未关联固件库
07-05 17:01:01,232321 [INFOR] [userlog] 当前:2023-07-05 17:01:00 用户:root 登录成功
07-05 17:01:02,211224 [INFOR] [userlog] 当前:2023-07-05 17:01:01 用户:root 登录成功
07-05 17:01:02,729189 [INFOR] [userlog] 当前:2023-07-05 17:01:02 用户:root 删除固件扫描任务:创建任务—只勾选crypto_hints插件, id:34
07-05 17:01:02,770314 [INFOR] [userlog] 当前:2023-07-05 17:01:02 用户:root 创建固件扫描任务:创建任务—只勾选crypto_hints插件, id:112, 并未关联固件库
07-05 17:01:03,005687 [INFOR] [userlog] 当前:2023-07-05 17:01:02 用户:root 登录成功
07-05 17:01:03,606391 [INFOR] [userlog] 当前:2023-07-05 17:01:03 用户:root 删除固件扫描任务:创建任务—只勾选elf_analysis插件, id:35
07-05 17:01:03,664408 [INFOR] [userlog] 当前:2023-07-05 17:01:03 用户:root 创建固件扫描任务:创建任务—只勾选elf_analysis插件, id:113, 并未关联固件库
07-05 17:01:04,010741 [INFOR] [userlog] 当前:2023-07-05 17:01:03 用户:root 登录成功
07-05 17:01:04,556977 [INFOR] [userlog] 当前:2023-07-05 17:01:04 用户:root 删除固件扫描任务:创建任务—只勾选ip_and_uri_finder插件, id:36
07-05 17:01:04,648854 [INFOR] [userlog] 当前:2023-07-05 17:01:04 用户:root 创建固件扫描任务:创建任务—只勾选ip_and_uri_finder插件, id:114, 并未关联固件库
07-05 17:01:04,925314 [INFOR] [userlog] 当前:2023-07-05 17:01:04 用户:root 登录成功
07-05 17:01:05,968337 [INFOR] [userlog] 当前:2023-07-05 17:01:05 用户:root 删除固件扫描任务:创建任务—只勾选users_and_passwords插件, id:37
07-05 17:01:06,346715 [INFOR] [userlog] 当前:2023-07-05 17:01:05 用户:root 创建固件扫描任务:创建任务—只勾选users_and_passwords插件, id:115, 并未关联固件库
07-05 17:01:06,731927 [INFOR] [userlog] 当前:2023-07-05 17:01:06 用户:root 登录成功
07-05 17:01:07,417409 [INFOR] [userlog] 当前:2023-07-05 17:01:07 用户:root 删除固件扫描任务:创建任务—只勾选elf_checksec插件, id:38
07-05 17:01:07,586304 [INFOR] [userlog] 当前:2023-07-05 17:01:07 用户:root 创建固件扫描任务:创建任务—只勾选elf_checksec插件, id:116, 并未关联固件库
07-05 17:01:07,877459 [INFOR] [userlog] 当前:2023-07-05 17:01:07 用户:root 登录成功
07-05 17:01:08,601991 [INFOR] [userlog] 当前:2023-07-05 17:01:08 用户:root 删除固件扫描任务:创建任务—不勾选elf_checksec插件, id:65
07-05 17:01:08,819997 [INFOR] [userlog] 当前:2023-07-05 17:01:08 用户:root 创建固件扫描任务:创建任务—不勾选elf_checksec插件, id:117, 并未关联固件库
07-05 17:01:09,674269 [INFOR] [userlog] 当前:2023-07-05 17:01:09 用户:root 登录成功
07-05 17:01:10,779607 [INFOR] [userlog] 当前:2023-07-05 17:01:10 用户:root 删除固件扫描任务:创建任务—不勾选users_and_passwords插件, id:66
07-05 17:01:11,021240 [INFOR] [userlog] 当前:2023-07-05 17:01:10 用户:root 创建固件扫描任务:创建任务—不勾选users_and_passwords插件, id:118, 并未关联固件库
07-05 17:01:11,413037 [INFOR] [userlog] 当前:2023-07-05 17:01:11 用户:root 登录成功
07-05 17:01:12,306033 [INFOR] [userlog] 当前:2023-07-05 17:01:12 用户:root 删除固件扫描任务:创建任务—不勾选ip_and_uri_finder插件, id:67
07-05 17:01:12,357201 [INFOR] [userlog] 当前:2023-07-05 17:01:12 用户:root 创建固件扫描任务:创建任务—不勾选ip_and_uri_finder插件, id:119, 并未关联固件库
07-05 17:01:12,630511 [INFOR] [userlog] 当前:2023-07-05 17:01:12 用户:root 登录成功
07-05 17:01:13,275819 [INFOR] [userlog] 当前:2023-07-05 17:01:13 用户:root 删除固件扫描任务:创建任务—不勾选elf_analysis插件, id:68
07-05 17:01:13,303618 [INFOR] [userlog] 当前:2023-07-05 17:01:13 用户:root 创建固件扫描任务:创建任务—不勾选elf_analysis插件, id:120, 并未关联固件库
07-05 17:01:13,595520 [INFOR] [userlog] 当前:2023-07-05 17:01:13 用户:root 登录成功
07-05 17:01:14,621915 [INFOR] [userlog] 当前:2023-07-05 17:01:14 用户:root 删除固件扫描任务:创建任务—不勾选crypto_hints插件, id:69
07-05 17:01:14,655852 [INFOR] [userlog] 当前:2023-07-05 17:01:14 用户:root 创建固件扫描任务:创建任务—不勾选crypto_hints插件, id:121, 并未关联固件库
07-05 17:01:15,011209 [INFOR] [userlog] 当前:2023-07-05 17:01:14 用户:root 登录成功
07-05 17:01:16,379931 [INFOR] [userlog] 当前:2023-07-05 17:01:16 用户:root 删除固件扫描任务:创建任务—不勾选cve_lookup插件, id:70
07-05 17:01:16,922911 [INFOR] [userlog] 当前:2023-07-05 17:01:16 用户:root 创建固件扫描任务:创建任务—不勾选cve_lookup插件, id:122, 并未关联固件库
07-05 17:01:17,226243 [INFOR] [userlog] 当前:2023-07-05 17:01:16 用户:root 登录成功
07-05 17:01:18,465410 [INFOR] [userlog] 当前:2023-07-05 17:01:18 用户:root 删除固件扫描任务:创建任务—不勾选software_components插件, id:71
07-05 17:01:18,510465 [INFOR] [userlog] 当前:2023-07-05 17:01:18 用户:root 创建固件扫描任务:创建任务—不勾选software_components插件, id:123, 并未关联固件库
07-05 17:01:19,039143 [INFOR] [userlog] 当前:2023-07-05 17:01:18 用户:root 登录成功
07-05 17:01:24,556738 [INFOR] [userlog] 当前:2023-07-05 17:01:24 用户:root 删除固件扫描任务:全选插件创建任务, id:103
07-05 17:01:24,587234 [INFOR] [userlog] 当前:2023-07-05 17:01:24 用户:root 创建固件扫描任务:1, id:124, 并关联固件库
07-05 17:01:24,876536 [INFOR] [userlog] 当前:2023-07-05 17:01:24 用户:root 登录成功
07-05 17:01:27,155562 [INFOR] [userlog] 当前:2023-07-05 17:01:26 用户:root 登录成功
07-05 17:01:28,914871 [INFOR] [userlog] 当前:2023-07-05 17:01:28 用户:root 删除固件扫描任务:1, id:124
07-05 17:01:28,957875 [INFOR] [userlog] 当前:2023-07-05 17:01:28 用户:root 创建固件扫描任务:a, id:125, 并关联固件库
07-05 17:01:29,203628 [INFOR] [userlog] 当前:2023-07-05 17:01:28 用户:root 登录成功
07-05 17:01:30,934498 [INFOR] [userlog] 当前:2023-07-05 17:01:30 用户:root 删除固件扫描任务:a, id:125
07-05 17:01:30,989843 [INFOR] [userlog] 当前:2023-07-05 17:01:30 用户:root 创建固件扫描任务:*, id:126, 并关联固件库
07-05 17:01:31,279563 [INFOR] [userlog] 当前:2023-07-05 17:01:31 用户:root 登录成功
07-05 17:01:32,944975 [INFOR] [userlog] 当前:2023-07-05 17:01:32 用户:root 删除固件扫描任务:*, id:126
07-05 17:01:32,982240 [INFOR] [userlog] 当前:2023-07-05 17:01:32 用户:root 创建固件扫描任务:1KeDlAf9HJcQMyFbIF7AXApgxYFKbBubryiY9QaJvhWFOZ2wuquwKj3zVQA2ldHQH6w3i8rs61YdIW2DOd2VmsvRmEYNfAIWnzG, id:127, 并关联固件库
07-05 17:01:33,303497 [INFOR] [userlog] 当前:2023-07-05 17:01:33 用户:root 登录成功
07-05 17:01:35,803570 [INFOR] [userlog] 当前:2023-07-05 17:01:35 用户:root 删除固件扫描任务:1KeDlAf9HJcQMyFbIF7AXApgxYFKbBubryiY9QaJvhWFOZ2wuquwKj3zVQA2ldHQH6w3i8rs61YdIW2DOd2VmsvRmEYNfAIWnzG, id:127
07-05 17:01:35,847975 [INFOR] [userlog] 当前:2023-07-05 17:01:35 用户:root 创建固件扫描任务:T0xZeKXilsOWRonwCBAi2vgJtLdk8u04yxlAmrooM21hMNCHrgFfsYVr3halVS0nPfgQ5YioQhQNTQpd5eTtw3JuB6ERbBN4EBe, id:128, 并关联固件库
07-05 17:01:36,249133 [INFOR] [userlog] 当前:2023-07-05 17:01:35 用户:root 登录成功
07-05 17:01:38,917540 [INFOR] [userlog] 当前:2023-07-05 17:01:38 用户:root 登录成功
07-05 17:01:40,569629 [INFOR] [userlog] 当前:2023-07-05 17:01:40 用户:root 登录成功
07-05 17:01:42,825547 [INFOR] [userlog] 当前:2023-07-05 17:01:42 用户:root 登录成功
07-05 17:01:45,357854 [INFOR] [userlog] 当前:2023-07-05 17:01:45 用户:root 登录成功
07-05 17:01:46,859635 [INFOR] [userlog] 当前:2023-07-05 17:01:46 用户:root 登录成功
07-05 17:01:48,309938 [INFOR] [userlog] 当前:2023-07-05 17:01:48 用户:root 登录成功
07-05 17:01:51,706675 [INFOR] [userlog] 当前:2023-07-05 17:01:51 用户:root 登录成功
07-05 17:01:53,394428 [INFOR] [userlog] 当前:2023-07-05 17:01:53 用户:root 登录成功
07-05 17:01:54,845817 [INFOR] [userlog] 当前:2023-07-05 17:01:54 用户:root 登录成功
07-05 17:01:55,583895 [INFOR] [userlog] 当前:2023-07-05 17:01:55 用户:root 登录成功
07-05 17:01:57,060971 [INFOR] [userlog] 当前:2023-07-05 17:01:56 用户:root 登录成功
07-05 17:01:59,728378 [INFOR] [userlog] 当前:2023-07-05 17:01:59 用户:root 登录成功
07-05 17:02:01,552634 [INFOR] [userlog] 当前:2023-07-05 17:02:01 用户:root 登录成功
07-05 17:02:03,326469 [INFOR] [userlog] 当前:2023-07-05 17:02:03 用户:root 登录成功
07-05 17:02:05,384110 [INFOR] [userlog] 当前:2023-07-05 17:02:05 用户:root 登录成功
07-05 17:02:07,264157 [INFOR] [userlog] 当前:2023-07-05 17:02:06 用户:root 登录成功
07-05 17:02:09,780229 [INFOR] [userlog] 当前:2023-07-05 17:02:09 用户:root 登录成功
07-05 17:02:12,049539 [INFOR] [userlog] 当前:2023-07-05 17:02:11 用户:root 登录成功
07-05 17:02:13,863118 [INFOR] [userlog] 当前:2023-07-05 17:02:13 用户:root 登录成功
07-05 17:02:16,061066 [INFOR] [userlog] 当前:2023-07-05 17:02:15 用户:root 登录成功
07-05 17:02:17,809918 [INFOR] [userlog] 当前:2023-07-05 17:02:17 用户:root 登录成功
07-05 17:02:19,806480 [INFOR] [userlog] 当前:2023-07-05 17:02:19 用户:root 登录成功
07-05 17:02:20,267309 [INFOR] [userlog] 当前:2023-07-05 17:02:20 用户:root 删除报告对比任务:BIOS_IMG.rcv对比R9000-V1.0.4.26.img, id:11
07-05 17:02:20,710818 [INFOR] [userlog] 当前:2023-07-05 17:02:20 用户:root 登录成功
07-05 17:02:21,608881 [INFOR] [userlog] 当前:2023-07-05 17:02:21 用户:root 登录成功
07-05 17:02:22,217162 [INFOR] [userlog] 当前:2023-07-05 17:02:21 用户:root 登录成功
07-05 17:02:22,680712 [INFOR] [userlog] 当前:2023-07-05 17:02:22 用户:root 登录成功
07-05 17:02:24,486983 [INFOR] [userlog] 当前:2023-07-05 17:02:24 用户:root 创建固件扫描任务:zsy.zip, id:129, 并关联固件库
07-05 17:02:24,887680 [INFOR] [userlog] 当前:2023-07-05 17:02:24 用户:root 登录成功
07-05 17:02:27,025738 [INFOR] [userlog] 当前:2023-07-05 17:02:26 用户:root 创建固件扫描任务:zsy.zip, id:130, 并未关联固件库
07-05 17:02:27,128552 [INFOR] [userlog] 当前:2023-07-05 17:02:27 用户:root 删除固件扫描任务:zsy.zip, id:129
07-05 17:02:27,128566 [INFOR] [userlog] 当前:2023-07-05 17:02:27 用户:root 删除固件扫描任务:zsy.zip, id:130
07-05 17:02:27,421855 [INFOR] [userlog] 当前:2023-07-05 17:02:27 用户:root 登录成功
07-05 17:02:28,210381 [INFOR] [userlog] 当前:2023-07-05 17:02:27 用户:root 登录成功
07-05 17:02:28,799810 [INFOR] [userlog] 当前:2023-07-05 17:02:28 用户:root 登录成功
07-05 17:02:29,310944 [INFOR] [userlog] 当前:2023-07-05 17:02:29 用户:root 登录成功
07-05 17:02:32,090538 [INFOR] [userlog] 当前:2023-07-05 17:02:31 用户:root 创建固件扫描任务:zsy.zip, id:131, 并未关联固件库
07-05 17:02:32,592239 [INFOR] [userlog] 当前:2023-07-05 17:02:32 用户:root 开始固件扫描任务:zsy.zip, id:131
07-05 17:02:32,855152 [INFOR] [userlog] 当前:2023-07-05 17:02:32 用户:root 登录成功
07-05 17:02:33,339318 [INFOR] [userlog] 当前:2023-07-05 17:02:33 用户:root 删除固件扫描任务:*, id:107
07-05 17:02:33,375457 [INFOR] [userlog] 当前:2023-07-05 17:02:33 用户:root 创建固件扫描任务:libcurl_7.17.1-1_arm.ipk, id:132, 并未关联固件库
07-05 17:02:33,908932 [INFOR] [userlog] 当前:2023-07-05 17:02:33 用户:root 开始固件扫描任务:libcurl_7.17.1-1_arm.ipk, id:132
07-05 17:02:34,284142 [INFOR] [userlog] 当前:2023-07-05 17:02:34 用户:root 登录成功
07-05 17:02:34,917513 [INFOR] [userlog] 当前:2023-07-05 17:02:34 用户:root 暂停固件扫描任务:libcurl_7.17.1-1_arm.ipk, id:132
07-05 17:02:35,163016 [INFOR] [userlog] 当前:2023-07-05 17:02:35 用户:root 删除固件扫描任务:libcurl_7.17.1-1_arm.ipk, id:132
07-05 17:02:35,233882 [INFOR] [userlog] 当前:2023-07-05 17:02:34 用户:root 创建固件扫描任务:libcurl_7.17.1-1_arm.ipk, id:133, 并未关联固件库
07-05 17:02:35,505869 [INFOR] [userlog] 当前:2023-07-05 17:02:35 用户:root 开始固件扫描任务:libcurl_7.17.1-1_arm.ipk, id:133
07-05 17:02:35,645857 [INFOR] [userlog] 当前:2023-07-05 17:02:35 用户:root 暂停固件扫描任务:libcurl_7.17.1-1_arm.ipk, id:133
07-05 17:02:35,760757 [INFOR] [userlog] 当前:2023-07-05 17:02:35 用户:root 删除固件扫描任务:libcurl_7.17.1-1_arm.ipk, id:133
07-05 17:02:36,022380 [INFOR] [userlog] 当前:2023-07-05 17:02:35 用户:root 登录成功
07-05 17:02:36,555847 [INFOR] [userlog] 当前:2023-07-05 17:02:36 用户:root 登录成功
07-05 17:02:37,086952 [INFOR] [userlog] 当前:2023-07-05 17:02:36 用户:root 登录成功
07-05 17:02:37,698136 [INFOR] [userlog] 当前:2023-07-05 17:02:37 用户:root 登录成功
07-05 17:02:38,259318 [INFOR] [userlog] 当前:2023-07-05 17:02:37 用户:root 登录成功
07-05 17:02:39,069753 [INFOR] [userlog] 当前:2023-07-05 17:02:38 用户:root 登录成功
07-05 17:02:39,654521 [INFOR] [userlog] 当前:2023-07-05 17:02:39 用户:root 登录成功
