07-04 10:03:18,379600 [INFOR] [userlog] 当前:2023-07-04 10:03:18 用户:wx 登录成功
07-04 10:03:22,906522 [INFOR] [userlog] 当前:2023-07-04 10:03:22 用户:wx 删除固件扫描任务:zsy.zip, id:40
07-04 10:03:39,064773 [INFOR] [userlog] 当前:2023-07-04 10:03:39 用户:wx 创建固件扫描任务:zsy.zip, id:41, 并未关联固件库
07-04 10:03:40,646959 [INFOR] [userlog] 当前:2023-07-04 10:03:40 用户:wx 开始固件扫描任务:zsy.zip, id:41
07-04 10:09:13,315893 [INFOR] [userlog] 当前:2023-07-04 10:09:13 用户:wx 删除固件扫描任务:zsy.zip, id:41
07-04 10:09:41,074037 [INFOR] [userlog] 当前:2023-07-04 10:09:40 用户:wx 创建固件扫描任务:zsy.zip, id:42, 并未关联固件库
07-04 10:09:43,278050 [INFOR] [userlog] 当前:2023-07-04 10:09:43 用户:wx 开始固件扫描任务:zsy.zip, id:42
07-04 10:23:34,832115 [INFOR] [userlog] 当前:2023-07-04 10:23:34 用户:wx 删除固件扫描任务:zsy.zip, id:42
07-04 10:24:51,387014 [INFOR] [userlog] 当前:2023-07-04 10:24:51 用户:wx 创建固件扫描任务:wr841nv10_wr841ndv10_en_3_16_9_up_boot(150310).bin_20230626.zip, id:43, 并未关联固件库
07-04 10:24:53,640336 [INFOR] [userlog] 当前:2023-07-04 10:24:53 用户:wx 开始固件扫描任务:wr841nv10_wr841ndv10_en_3_16_9_up_boot(150310).bin_20230626.zip, id:43
07-04 10:41:11,379184 [INFOR] [userlog] 当前:2023-07-04 10:41:11 用户:wx 删除固件扫描任务:wr841nv10_wr841ndv10_en_3_16_9_up_boot(150310).bin_20230626.zip, id:43
07-04 10:41:28,727329 [INFOR] [userlog] 当前:2023-07-04 10:41:28 用户:wx 创建固件扫描任务:R9000-V1.0.4.26.img_20230621.zip, id:44, 并未关联固件库
07-04 10:41:34,832277 [INFOR] [userlog] 当前:2023-07-04 10:41:34 用户:wx 开始固件扫描任务:R9000-V1.0.4.26.img_20230621.zip, id:44
07-04 10:44:24,266937 [INFOR] [userlog] 当前:2023-07-04 10:44:24 用户:wx 创建固件扫描任务:FW_RT_AX56U_30043848253.zip, id:45, 并未关联固件库
07-04 10:45:01,600852 [INFOR] [userlog] 当前:2023-07-04 10:45:01 用户:wx 创建固件扫描任务:TPLINK WR843N V1.rar, id:46, 并未关联固件库
07-04 10:49:43,838407 [INFOR] [userlog] 当前:2023-07-04 10:49:43 用户:wx 开始固件扫描任务:TPLINK WR843N V1.rar, id:46
07-04 10:49:44,281953 [INFOR] [userlog] 当前:2023-07-04 10:49:44 用户:wx 开始固件扫描任务:FW_RT_AX56U_30043848253.zip, id:45
07-04 10:55:58,196313 [INFOR] [userlog] 当前:2023-07-04 10:55:58 用户:wx 暂停固件扫描任务:TPLINK WR843N V1.rar, id:46
07-04 10:56:00,569911 [INFOR] [userlog] 当前:2023-07-04 10:56:00 用户:wx 暂停固件扫描任务:FW_RT_AX56U_30043848253.zip, id:45
07-04 10:58:59,603601 [INFOR] [userlog] 当前:2023-07-04 10:58:59 用户:wx 恢复固件扫描任务:TPLINK WR843N V1.rar, id:46至任务队列中
07-04 10:59:03,106926 [INFOR] [userlog] 当前:2023-07-04 10:59:03 用户:wx 恢复固件扫描任务:FW_RT_AX56U_30043848253.zip, id:45至任务队列中
07-04 11:02:54,560044 [INFOR] [userlog] 当前:2023-07-04 11:02:54 用户:wx 暂停固件扫描任务:TPLINK WR843N V1.rar, id:46
07-04 11:02:56,140010 [INFOR] [userlog] 当前:2023-07-04 11:02:56 用户:wx 暂停固件扫描任务:FW_RT_AX56U_30043848253.zip, id:45
07-04 11:02:58,394990 [INFOR] [userlog] 当前:2023-07-04 11:02:58 用户:wx 删除固件扫描任务:TPLINK WR843N V1.rar, id:46
07-04 11:03:09,067380 [INFOR] [userlog] 当前:2023-07-04 11:03:09 用户:wx 恢复固件扫描任务:FW_RT_AX56U_30043848253.zip, id:45至任务队列中
07-04 11:07:46,381505 [INFOR] [userlog] 当前:2023-07-04 11:07:46 用户:wx 暂停固件扫描任务:FW_RT_AX56U_30043848253.zip, id:45
07-04 11:07:48,613157 [INFOR] [userlog] 当前:2023-07-04 11:07:48 用户:wx 删除固件扫描任务:FW_RT_AX56U_30043848253.zip, id:45
07-04 11:08:03,179946 [INFOR] [userlog] 当前:2023-07-04 11:08:03 用户:wx 创建固件扫描任务:TOTOLINK_NR1800X_B20210910_ALL.bin_20230625.zip, id:47, 并未关联固件库
07-04 11:10:59,753507 [INFOR] [userlog] 当前:2023-07-04 11:10:59 用户:wx 开始固件扫描任务:TOTOLINK_NR1800X_B20210910_ALL.bin_20230625.zip, id:47
07-04 11:18:19,708866 [INFOR] [userlog] 当前:2023-07-04 11:18:19 用户:wx 创建固件扫描任务:51110.2.1800.96.bin, id:48, 并未关联固件库
07-04 11:18:33,959204 [INFOR] [userlog] 当前:2023-07-04 11:18:33 用户:wx 创建固件扫描任务:337557852378103808.zip, id:49, 并未关联固件库
07-04 11:19:03,290237 [INFOR] [userlog] 当前:2023-07-04 11:19:03 用户:wx 创建固件扫描任务:A2Kv206.out, id:50, 并未关联固件库
07-04 11:20:48,235141 [INFOR] [userlog] 当前:2023-07-04 11:20:48 用户:wx 开始固件扫描任务:A2Kv206.out, id:50
07-04 11:20:49,388839 [INFOR] [userlog] 当前:2023-07-04 11:20:49 用户:wx 开始固件扫描任务:337557852378103808.zip, id:49
07-04 11:20:50,644439 [INFOR] [userlog] 当前:2023-07-04 11:20:50 用户:wx 开始固件扫描任务:51110.2.1800.96.bin, id:48
07-04 11:37:38,614899 [INFOR] [userlog] 当前:2023-07-04 11:37:38 用户:wx 删除固件扫描任务:337557852378103808.zip, id:49
07-04 11:39:49,057503 [INFOR] [userlog] 当前:2023-07-04 11:39:49 用户:wx 暂停固件扫描任务:51110.2.1800.96.bin, id:48
07-04 11:39:51,009099 [INFOR] [userlog] 当前:2023-07-04 11:39:50 用户:wx 删除固件扫描任务:51110.2.1800.96.bin, id:48
07-04 11:40:26,177277 [INFOR] [userlog] 当前:2023-07-04 11:40:26 用户:wx 创建固件扫描任务:51110.2.1800.96.bin, id:51, 并未关联固件库
07-04 11:40:40,142468 [INFOR] [userlog] 当前:2023-07-04 11:40:39 用户:wx 创建固件扫描任务:337557852378103808.zip, id:52, 并未关联固件库
07-04 11:40:50,602087 [INFOR] [userlog] 当前:2023-07-04 11:40:50 用户:wx 开始固件扫描任务:337557852378103808.zip, id:52
07-04 11:40:53,490347 [INFOR] [userlog] 当前:2023-07-04 11:40:53 用户:wx 开始固件扫描任务:51110.2.1800.96.bin, id:51
07-04 12:00:48,055884 [INFOR] [userlog] 当前:2023-07-04 12:00:47 用户:wx 删除固件扫描任务:337557852378103808.zip, id:52
07-04 13:32:14,107215 [INFOR] [userlog] 当前:2023-07-04 13:32:14 用户:wx 创建固件扫描任务:WE1N2_1000.bin, id:53, 并未关联固件库
07-04 13:32:37,053702 [INFOR] [userlog] 当前:2023-07-04 13:32:37 用户:wx 创建固件扫描任务:factory-to-ddwrt(2).bin, id:54, 并未关联固件库
07-04 13:32:52,291845 [INFOR] [userlog] 当前:2023-07-04 13:32:52 用户:wx 创建固件扫描任务:mtd1_rootfs.zip, id:55, 并未关联固件库
07-04 13:32:54,029385 [INFOR] [userlog] 当前:2023-07-04 13:32:54 用户:wx 开始固件扫描任务:mtd1_rootfs.zip, id:55
07-04 13:32:54,283575 [INFOR] [userlog] 当前:2023-07-04 13:32:54 用户:wx 开始固件扫描任务:factory-to-ddwrt(2).bin, id:54
07-04 13:32:56,016916 [INFOR] [userlog] 当前:2023-07-04 13:32:56 用户:wx 开始固件扫描任务:WE1N2_1000.bin, id:53
07-04 13:43:23,550260 [INFOR] [userlog] 当前:2023-07-04 13:43:23 用户:wx 开始固件扫描任务:创建任务—只勾选elf_checksec插件, id:38
07-04 13:43:24,042261 [INFOR] [userlog] 当前:2023-07-04 13:43:24 用户:wx 开始固件扫描任务:创建任务—只勾选users_and_passwords插件, id:37
07-04 13:43:24,774150 [INFOR] [userlog] 当前:2023-07-04 13:43:24 用户:wx 开始固件扫描任务:创建任务—只勾选ip_and_uri_finder插件, id:36
07-04 13:43:28,295541 [INFOR] [userlog] 当前:2023-07-04 13:43:28 用户:wx 开始固件扫描任务:创建任务—只勾选elf_analysis插件, id:35
07-04 13:43:28,716164 [INFOR] [userlog] 当前:2023-07-04 13:43:28 用户:wx 开始固件扫描任务:创建任务—只勾选crypto_hints插件, id:34
07-04 13:43:29,242507 [INFOR] [userlog] 当前:2023-07-04 13:43:29 用户:wx 开始固件扫描任务:创建任务—只勾选cve_lookup插件, id:33
07-04 13:43:29,717661 [INFOR] [userlog] 当前:2023-07-04 13:43:29 用户:wx 开始固件扫描任务:创建任务—只勾选software_components插件, id:32
07-04 13:43:30,197073 [INFOR] [userlog] 当前:2023-07-04 13:43:30 用户:wx 开始固件扫描任务:创建任务—只勾选cwe_checker插件, id:17
07-04 13:43:30,726673 [INFOR] [userlog] 当前:2023-07-04 13:43:30 用户:wx 开始固件扫描任务:7tElOfUDpUmYMG9gBnB0wf2q5WqiFbW6xit0LgG52Dur5vFDt3v1w2biFVHyd8LwyX0UA0sG9z7QeK4B1s4MItoKbNvNe6RnOM0, id:13
07-04 14:27:13,050341 [INFOR] [userlog] 当前:2023-07-04 14:27:13 用户:wx 暂停固件扫描任务:创建任务—只勾选crypto_hints插件, id:34
07-04 14:27:15,002411 [INFOR] [userlog] 当前:2023-07-04 14:27:14 用户:wx 恢复固件扫描任务:创建任务—只勾选crypto_hints插件, id:34至任务队列中
07-04 14:27:56,317599 [INFOR] [userlog] 当前:2023-07-04 14:27:56 用户:wx 暂停固件扫描任务:创建任务—只勾选elf_checksec插件, id:38
07-04 14:27:58,037097 [INFOR] [userlog] 当前:2023-07-04 14:27:58 用户:wx 暂停固件扫描任务:创建任务—只勾选users_and_passwords插件, id:37
07-04 14:27:58,886521 [INFOR] [userlog] 当前:2023-07-04 14:27:58 用户:wx 暂停固件扫描任务:创建任务—只勾选ip_and_uri_finder插件, id:36
07-04 14:28:04,488285 [INFOR] [userlog] 当前:2023-07-04 14:28:04 用户:wx 暂停固件扫描任务:创建任务—只勾选crypto_hints插件, id:34
07-04 14:28:06,227558 [INFOR] [userlog] 当前:2023-07-04 14:28:06 用户:wx 暂停固件扫描任务:创建任务—只勾选cwe_checker插件, id:17
07-04 14:28:28,174334 [INFOR] [userlog] 当前:2023-07-04 14:28:28 用户:wx 恢复固件扫描任务:创建任务—只勾选elf_checksec插件, id:38至任务队列中
07-04 14:35:10,046566 [INFOR] [userlog] 当前:2023-07-04 14:35:10 用户:wx 暂停固件扫描任务:创建任务—只勾选elf_checksec插件, id:38
07-04 14:35:14,056016 [INFOR] [userlog] 当前:2023-07-04 14:35:14 用户:wx 恢复固件扫描任务:创建任务—只勾选users_and_passwords插件, id:37至任务队列中
07-04 15:04:17,621102 [INFOR] [userlog] 当前:2023-07-04 15:04:17 用户:wx 恢复固件扫描任务:创建任务—只勾选ip_and_uri_finder插件, id:36至任务队列中
07-04 15:04:49,416101 [INFOR] [userlog] 当前:2023-07-04 15:04:49 用户:wx 恢复固件扫描任务:创建任务—只勾选elf_checksec插件, id:38至任务队列中
07-04 15:04:55,585065 [INFOR] [userlog] 当前:2023-07-04 15:04:55 用户:wx 恢复固件扫描任务:创建任务—只勾选crypto_hints插件, id:34至任务队列中
07-04 15:04:56,695407 [INFOR] [userlog] 当前:2023-07-04 15:04:56 用户:wx 恢复固件扫描任务:创建任务—只勾选cwe_checker插件, id:17至任务队列中
07-04 15:07:40,710345 [INFOR] [userlog] 当前:2023-07-04 15:07:40 用户:wx 暂停固件扫描任务:创建任务—只勾选elf_checksec插件, id:38
07-04 15:07:43,160017 [INFOR] [userlog] 当前:2023-07-04 15:07:43 用户:wx 恢复固件扫描任务:创建任务—只勾选elf_checksec插件, id:38至任务队列中
07-04 15:07:55,371333 [INFOR] [userlog] 当前:2023-07-04 15:07:55 用户:wx 暂停固件扫描任务:创建任务—只勾选crypto_hints插件, id:34
07-04 15:07:56,626564 [INFOR] [userlog] 当前:2023-07-04 15:07:56 用户:wx 恢复固件扫描任务:创建任务—只勾选crypto_hints插件, id:34至任务队列中
07-04 15:14:44,344899 [INFOR] [userlog] 当前:2023-07-04 15:14:44 用户:wx 创建固件扫描任务:V204TA.GZ, id:56, 并未关联固件库
07-04 15:14:58,105297 [INFOR] [userlog] 当前:2023-07-04 15:14:58 用户:wx 创建固件扫描任务:lj4300fw_04.019.1.rfu, id:57, 并未关联固件库
07-04 15:15:07,305591 [INFOR] [userlog] 当前:2023-07-04 15:15:07 用户:wx 创建固件扫描任务:V204TA.GZ, id:58, 并未关联固件库
07-04 15:15:10,774759 [INFOR] [userlog] 当前:2023-07-04 15:15:10 用户:wx 删除固件扫描任务:V204TA.GZ, id:58
07-04 15:15:26,627402 [INFOR] [userlog] 当前:2023-07-04 15:15:26 用户:wx 创建固件扫描任务:DH_IPC-HX5XXX-Volt_Chn_PN_Stream3_V2.840.0000000.13.R.220110.bin, id:59, 并未关联固件库
07-04 15:15:27,984841 [INFOR] [userlog] 当前:2023-07-04 15:15:27 用户:wx 开始固件扫描任务:DH_IPC-HX5XXX-Volt_Chn_PN_Stream3_V2.840.0000000.13.R.220110.bin, id:59
07-04 15:15:28,376696 [INFOR] [userlog] 当前:2023-07-04 15:15:28 用户:wx 开始固件扫描任务:lj4300fw_04.019.1.rfu, id:57
07-04 15:15:28,859194 [INFOR] [userlog] 当前:2023-07-04 15:15:28 用户:wx 开始固件扫描任务:V204TA.GZ, id:56
07-04 15:18:05,465035 [INFOR] [userlog] 当前:2023-07-04 15:18:05 用户:wx 创建固件扫描任务:WJ-HD300A_3.13.zip, id:60, 并未关联固件库
07-04 15:18:19,282132 [INFOR] [userlog] 当前:2023-07-04 15:18:19 用户:wx 创建固件扫描任务:miwifi_r1cl_firmware_1b415_2.12.9.bin, id:61, 并未关联固件库
07-04 15:18:21,756860 [INFOR] [userlog] 当前:2023-07-04 15:18:21 用户:wx 退出登录
07-04 15:18:25,410870 [INFOR] [userlog] 当前:2023-07-04 15:18:25 用户:wx 登录成功
07-04 15:18:58,851922 [INFOR] [userlog] 当前:2023-07-04 15:18:58 用户:wx 创建固件扫描任务:VDR-308_Ramdisk.zip, id:62, 并未关联固件库
07-04 15:19:07,698720 [INFOR] [userlog] 当前:2023-07-04 15:19:07 用户:wx 创建固件扫描任务:V204TA.GZ, id:63, 并未关联固件库
07-04 15:19:15,306903 [INFOR] [userlog] 当前:2023-07-04 15:19:15 用户:wx 创建固件扫描任务:transmission-web_2.13-1_arm.ipk, id:64, 并未关联固件库
07-04 15:19:17,764679 [INFOR] [userlog] 当前:2023-07-04 15:19:17 用户:wx 开始固件扫描任务:V204TA.GZ, id:63
07-04 15:19:18,110418 [INFOR] [userlog] 当前:2023-07-04 15:19:18 用户:wx 开始固件扫描任务:VDR-308_Ramdisk.zip, id:62
07-04 15:19:18,454841 [INFOR] [userlog] 当前:2023-07-04 15:19:18 用户:wx 开始固件扫描任务:miwifi_r1cl_firmware_1b415_2.12.9.bin, id:61
07-04 15:19:19,113054 [INFOR] [userlog] 当前:2023-07-04 15:19:19 用户:wx 开始固件扫描任务:WJ-HD300A_3.13.zip, id:60
07-04 15:19:23,026966 [INFOR] [userlog] 当前:2023-07-04 15:19:23 用户:wx 开始固件扫描任务:transmission-web_2.13-1_arm.ipk, id:64
07-04 15:32:50,562477 [INFOR] [userlog] 当前:2023-07-04 15:32:49 用户:root 登录成功
07-04 15:32:51,271372 [INFOR] [userlog] 当前:2023-07-04 15:32:51 用户:root 创建固件扫描任务:创建任务—不勾选elf_checksec插件, id:65, 并未关联固件库
07-04 15:32:51,580675 [INFOR] [userlog] 当前:2023-07-04 15:32:51 用户:root 登录成功
07-04 15:32:52,125531 [INFOR] [userlog] 当前:2023-07-04 15:32:52 用户:root 创建固件扫描任务:创建任务—不勾选users_and_passwords插件, id:66, 并未关联固件库
07-04 15:32:52,413199 [INFOR] [userlog] 当前:2023-07-04 15:32:52 用户:root 登录成功
07-04 15:32:52,923662 [INFOR] [userlog] 当前:2023-07-04 15:32:52 用户:root 创建固件扫描任务:创建任务—不勾选ip_and_uri_finder插件, id:67, 并未关联固件库
07-04 15:32:53,211791 [INFOR] [userlog] 当前:2023-07-04 15:32:52 用户:root 登录成功
07-04 15:32:53,803134 [INFOR] [userlog] 当前:2023-07-04 15:32:53 用户:root 创建固件扫描任务:创建任务—不勾选elf_analysis插件, id:68, 并未关联固件库
07-04 15:32:54,069454 [INFOR] [userlog] 当前:2023-07-04 15:32:53 用户:root 登录成功
07-04 15:32:54,534763 [INFOR] [userlog] 当前:2023-07-04 15:32:54 用户:root 创建固件扫描任务:创建任务—不勾选crypto_hints插件, id:69, 并未关联固件库
07-04 15:32:54,811801 [INFOR] [userlog] 当前:2023-07-04 15:32:54 用户:root 登录成功
07-04 15:32:55,308808 [INFOR] [userlog] 当前:2023-07-04 15:32:55 用户:root 创建固件扫描任务:创建任务—不勾选cve_lookup插件, id:70, 并未关联固件库
07-04 15:32:55,597986 [INFOR] [userlog] 当前:2023-07-04 15:32:55 用户:root 登录成功
07-04 15:32:56,163280 [INFOR] [userlog] 当前:2023-07-04 15:32:56 用户:root 创建固件扫描任务:创建任务—不勾选software_components插件, id:71, 并未关联固件库
07-04 15:33:12,728334 [INFOR] [userlog] 当前:2023-07-04 15:33:12 用户:root 登录成功
07-04 15:38:41,120227 [INFOR] [userlog] 当前:2023-07-04 15:38:40 用户:wx 删除固件扫描任务:transmission-web_2.13-1_arm.ipk, id:64
07-04 15:38:41,120246 [INFOR] [userlog] 当前:2023-07-04 15:38:40 用户:wx 删除固件扫描任务:V204TA.GZ, id:63
07-04 15:38:41,120252 [INFOR] [userlog] 当前:2023-07-04 15:38:40 用户:wx 删除固件扫描任务:VDR-308_Ramdisk.zip, id:62
07-04 15:38:41,120257 [INFOR] [userlog] 当前:2023-07-04 15:38:40 用户:wx 删除固件扫描任务:miwifi_r1cl_firmware_1b415_2.12.9.bin, id:61
07-04 15:38:41,120263 [INFOR] [userlog] 当前:2023-07-04 15:38:40 用户:wx 删除固件扫描任务:WJ-HD300A_3.13.zip, id:60
07-04 15:38:41,120269 [INFOR] [userlog] 当前:2023-07-04 15:38:40 用户:wx 删除固件扫描任务:DH_IPC-HX5XXX-Volt_Chn_PN_Stream3_V2.840.0000000.13.R.220110.bin, id:59
07-04 15:39:17,311565 [INFOR] [userlog] 当前:2023-07-04 15:39:17 用户:wx 创建固件扫描任务:miwifi_r1cl_firmware_1b415_2.12.9.bin, id:72, 并未关联固件库
07-04 15:40:09,681998 [INFOR] [userlog] 当前:2023-07-04 15:40:09 用户:wx 开始固件扫描任务:miwifi_r1cl_firmware_1b415_2.12.9.bin, id:72
07-04 15:45:10,975126 [INFOR] [userlog] 当前:2023-07-04 15:45:10 用户:wx 创建固件扫描任务:WJ-HD300A_3.13.zip, id:73, 并未关联固件库
07-04 15:45:12,203847 [INFOR] [userlog] 当前:2023-07-04 15:45:12 用户:wx 开始固件扫描任务:WJ-HD300A_3.13.zip, id:73
07-04 15:48:24,347510 [INFOR] [userlog] 当前:2023-07-04 15:48:23 用户:root 登录成功
07-04 15:48:38,166282 [INFOR] [userlog] 当前:2023-07-04 15:48:37 用户:root 登录成功
07-04 15:49:32,728013 [INFOR] [userlog] 当前:2023-07-04 15:49:32 用户:wx 删除固件扫描任务:WJ-HD300A_3.13.zip, id:73
07-04 15:49:32,728031 [INFOR] [userlog] 当前:2023-07-04 15:49:32 用户:wx 删除固件扫描任务:miwifi_r1cl_firmware_1b415_2.12.9.bin, id:72
07-04 15:49:53,559381 [INFOR] [userlog] 当前:2023-07-04 15:49:53 用户:wx 创建固件扫描任务:miwifi_r1cl_firmware_1b415_2.12.9.bin, id:74, 并未关联固件库
07-04 15:49:55,774393 [INFOR] [userlog] 当前:2023-07-04 15:49:55 用户:wx 开始固件扫描任务:miwifi_r1cl_firmware_1b415_2.12.9.bin, id:74
07-04 15:56:39,987281 [INFOR] [userlog] 当前:2023-07-04 15:56:39 用户:root 登录成功
07-04 15:57:02,660123 [INFOR] [userlog] 当前:2023-07-04 15:57:02 用户:root 登录成功
07-04 16:01:03,108905 [INFOR] [userlog] 当前:2023-07-04 16:01:03 用户:wx 创建固件扫描任务:WJ-HD300A_3.13.zip, id:75, 并未关联固件库
07-04 16:01:27,285982 [INFOR] [userlog] 当前:2023-07-04 16:01:27 用户:wx 创建固件扫描任务:WE1N2_1000.bin, id:76, 并未关联固件库
07-04 16:01:42,295284 [INFOR] [userlog] 当前:2023-07-04 16:01:42 用户:wx 创建固件扫描任务:VDR-308_Ramdisk.zip, id:77, 并未关联固件库
07-04 16:01:43,946513 [INFOR] [userlog] 当前:2023-07-04 16:01:43 用户:wx 开始固件扫描任务:WE1N2_1000.bin, id:76
07-04 16:01:44,414130 [INFOR] [userlog] 当前:2023-07-04 16:01:44 用户:wx 开始固件扫描任务:WJ-HD300A_3.13.zip, id:75
07-04 16:01:47,550016 [INFOR] [userlog] 当前:2023-07-04 16:01:47 用户:wx 开始固件扫描任务:VDR-308_Ramdisk.zip, id:77
07-04 16:06:54,240164 [INFOR] [userlog] 当前:2023-07-04 16:06:53 用户:wwh 登录成功
07-04 16:07:37,077967 [INFOR] [userlog] 当前:2023-07-04 16:07:36 用户:wwh 登录成功
07-04 16:08:21,290023 [INFOR] [userlog] 当前:2023-07-04 16:08:21 用户:root 修改密码成功
07-04 16:11:13,139270 [INFOR] [userlog] 当前:2023-07-04 16:11:12 用户:root 修改密码成功
07-04 16:53:43,959823 [INFOR] [userlog] 当前:2023-07-04 16:53:43 用户:root 登录成功
07-04 16:53:44,598082 [INFOR] [userlog] 当前:2023-07-04 16:53:44 用户:root 创建报告对比任务:WE1N2_1000.bin对比WJ-HD300A_3.13.zip, id:2
07-04 16:55:21,050577 [INFOR] [userlog] 当前:2023-07-04 16:55:20 用户:root 登录成功
07-04 16:55:21,704605 [INFOR] [userlog] 当前:2023-07-04 16:55:21 用户:root 创建报告对比任务:WE1N2_1000.bin对比WJ-HD300A_3.13.zip, id:3
07-04 16:55:32,646046 [INFOR] [userlog] 当前:2023-07-04 16:55:32 用户:root 登录成功
07-04 16:55:33,295894 [INFOR] [userlog] 当前:2023-07-04 16:55:33 用户:root 创建报告对比任务:WE1N2_1000.bin对比WJ-HD300A_3.13.zip, id:4
07-04 16:55:47,600163 [INFOR] [userlog] 当前:2023-07-04 16:55:47 用户:root 登录成功
07-04 16:55:48,156776 [INFOR] [userlog] 当前:2023-07-04 16:55:48 用户:root 创建报告对比任务:WE1N2_1000.bin对比WJ-HD300A_3.13.zip, id:5
07-04 17:21:23,734382 [INFOR] [userlog] 当前:2023-07-04 17:21:23 用户:root 登录成功
07-04 17:21:34,389752 [INFOR] [userlog] 当前:2023-07-04 17:21:34 用户:root 登录成功
07-04 17:22:19,860089 [INFOR] [userlog] 当前:2023-07-04 17:22:19 用户:root 登录成功
07-04 17:22:20,716205 [INFOR] [userlog] 当前:2023-07-04 17:22:20 用户:root 登录成功
07-04 17:23:10,893217 [INFOR] [userlog] 当前:2023-07-04 17:23:10 用户:root 登录成功
07-04 17:23:20,870967 [INFOR] [userlog] 当前:2023-07-04 17:23:20 用户:root 登录成功
07-04 17:23:38,408057 [INFOR] [userlog] 当前:2023-07-04 17:23:38 用户:root 登录成功
07-04 17:24:15,429529 [INFOR] [userlog] 当前:2023-07-04 17:24:14 用户:lmn 登录成功
07-04 17:24:51,890874 [INFOR] [userlog] 当前:2023-07-04 17:24:51 用户:root 登录成功
07-04 17:25:23,338752 [INFOR] [userlog] 当前:2023-07-04 17:25:23 用户:root 登录成功
07-04 17:25:51,300152 [INFOR] [userlog] 当前:2023-07-04 17:25:51 用户:root 登录成功
07-04 17:26:46,649260 [INFOR] [userlog] 当前:2023-07-04 17:26:46 用户:root 登录成功
07-04 17:26:59,076415 [INFOR] [userlog] 当前:2023-07-04 17:26:59 用户:lmn 开始固件扫描任务:创建任务—不勾选cve_lookup插件, id:70
07-04 17:26:59,570978 [INFOR] [userlog] 当前:2023-07-04 17:26:59 用户:lmn 暂停固件扫描任务:创建任务—不勾选cve_lookup插件, id:70
07-04 17:27:03,453667 [INFOR] [userlog] 当前:2023-07-04 17:27:03 用户:root 登录成功
07-04 17:27:32,394252 [INFOR] [userlog] 当前:2023-07-04 17:27:32 用户:root 登录成功
07-04 17:28:08,399816 [INFOR] [userlog] 当前:2023-07-04 17:28:08 用户:lmn 恢复固件扫描任务:创建任务—不勾选cve_lookup插件, id:70
07-04 17:28:09,103983 [INFOR] [userlog] 当前:2023-07-04 17:28:09 用户:lmn 暂停固件扫描任务:创建任务—不勾选cve_lookup插件, id:70
07-04 17:29:01,014445 [INFOR] [userlog] 当前:2023-07-04 17:29:00 用户:root 登录成功
07-04 17:29:49,878256 [INFOR] [userlog] 当前:2023-07-04 17:29:49 用户:root 登录成功
07-04 17:31:14,021075 [INFOR] [userlog] 当前:2023-07-04 17:31:13 用户:lmn 创建固件扫描任务:dsp.ko, id:78, 并未关联固件库
07-04 17:31:18,822355 [INFOR] [userlog] 当前:2023-07-04 17:31:18 用户:lmn 开始固件扫描任务:dsp.ko, id:78
07-04 17:32:43,943043 [INFOR] [userlog] 当前:2023-07-04 17:32:43 用户:root 登录成功
07-04 17:33:01,032140 [INFOR] [userlog] 当前:2023-07-04 17:33:00 用户:root 登录成功
07-04 17:47:40,372554 [INFOR] [userlog] 当前:2023-07-04 17:47:40 用户:lmn 删除报告对比任务:WE1N2_1000.bin对比WJ-HD300A_3.13.zip, id:5
07-04 17:53:27,324964 [INFOR] [userlog] 当前:2023-07-04 17:53:27 用户:root 登录成功
07-04 17:54:48,558418 [INFOR] [userlog] 当前:2023-07-04 17:54:48 用户:root 登录成功
07-04 17:54:48,930130 [INFOR] [userlog] 当前:2023-07-04 17:54:48 用户:root 删除报告对比任务:WE1N2_1000.bin对比WJ-HD300A_3.13.zip, id:4
07-04 17:56:40,174249 [INFOR] [userlog] 当前:2023-07-04 17:56:39 用户:root 登录成功
07-04 17:56:40,547806 [INFOR] [userlog] 当前:2023-07-04 17:56:40 用户:root 删除报告对比任务:WE1N2_1000.bin对比WJ-HD300A_3.13.zip, id:3
07-04 17:58:18,825265 [INFOR] [userlog] 当前:2023-07-04 17:58:18 用户:root 登录成功
07-04 17:58:56,889095 [INFOR] [userlog] 当前:2023-07-04 17:58:56 用户:root 登录成功
07-04 17:58:57,256833 [INFOR] [userlog] 当前:2023-07-04 17:58:57 用户:root 删除报告对比任务:WE1N2_1000.bin对比WJ-HD300A_3.13.zip, id:2
07-04 17:58:57,288103 [INFOR] [userlog] 当前:2023-07-04 17:58:57 用户:root 删除报告对比任务:libcurl_7.17.1-1_arm.ipk对比远传带电指示器.hex, id:1
07-04 17:59:50,317795 [INFOR] [userlog] 当前:2023-07-04 17:59:50 用户:root 登录成功
07-04 18:00:00,198161 [INFOR] [userlog] 当前:2023-07-04 17:59:59 用户:root 登录成功
07-04 18:00:15,248043 [INFOR] [userlog] 当前:2023-07-04 18:00:14 用户:root 登录成功
07-04 18:01:45,535004 [INFOR] [userlog] 当前:2023-07-04 18:01:45 用户:root 登录成功
07-04 18:02:16,175660 [INFOR] [userlog] 当前:2023-07-04 18:02:15 用户:root 登录成功
07-04 18:10:27,842976 [INFOR] [userlog] 当前:2023-07-04 18:10:27 用户:root 登录成功
07-04 18:10:39,508195 [INFOR] [userlog] 当前:2023-07-04 18:10:39 用户:root 登录成功
07-04 18:10:48,811143 [INFOR] [userlog] 当前:2023-07-04 18:10:48 用户:root 登录成功
07-04 18:10:59,786421 [INFOR] [userlog] 当前:2023-07-04 18:10:59 用户:root 登录成功
07-04 18:11:15,772892 [INFOR] [userlog] 当前:2023-07-04 18:11:15 用户:root 登录成功
07-04 18:11:35,321198 [INFOR] [userlog] 当前:2023-07-04 18:11:35 用户:root 登录成功
07-04 18:11:44,797314 [INFOR] [userlog] 当前:2023-07-04 18:11:44 用户:root 登录成功
07-04 18:11:54,709496 [INFOR] [userlog] 当前:2023-07-04 18:11:54 用户:root 登录成功
07-04 18:12:16,245622 [INFOR] [userlog] 当前:2023-07-04 18:12:16 用户:lmn 创建报告对比任务:WE1N2_1000.bin对比WJ-HD300A_3.13.zip, id:6
07-04 18:12:19,902294 [INFOR] [userlog] 当前:2023-07-04 18:12:19 用户:lmn 创建报告对比任务:WE1N2_1000.bin对比WJ-HD300A_3.13.zip, id:7
07-04 18:12:25,256889 [INFOR] [userlog] 当前:2023-07-04 18:12:25 用户:root 登录成功
07-04 18:12:25,626634 [INFOR] [userlog] 当前:2023-07-04 18:12:25 用户:root 删除报告对比任务:WE1N2_1000.bin对比WJ-HD300A_3.13.zip, id:7
07-04 18:12:25,659272 [INFOR] [userlog] 当前:2023-07-04 18:12:25 用户:root 删除报告对比任务:WE1N2_1000.bin对比WJ-HD300A_3.13.zip, id:6
07-04 18:12:25,929959 [INFOR] [userlog] 当前:2023-07-04 18:12:25 用户:root 登录成功
07-04 18:12:49,804224 [INFOR] [userlog] 当前:2023-07-04 18:12:49 用户:root 登录成功
07-04 18:12:50,445855 [INFOR] [userlog] 当前:2023-07-04 18:12:50 用户:root 登录成功
07-04 18:13:05,332260 [INFOR] [userlog] 当前:2023-07-04 18:13:05 用户:lmn 创建报告对比任务:WE1N2_1000.bin对比WJ-HD300A_3.13.zip, id:8
07-04 18:13:08,916311 [INFOR] [userlog] 当前:2023-07-04 18:13:08 用户:lmn 创建报告对比任务:WE1N2_1000.bin对比WJ-HD300A_3.13.zip, id:9
07-04 18:13:12,121981 [INFOR] [userlog] 当前:2023-07-04 18:13:12 用户:lmn 创建报告对比任务:WE1N2_1000.bin对比WJ-HD300A_3.13.zip, id:10
07-04 18:13:15,467736 [INFOR] [userlog] 当前:2023-07-04 18:13:15 用户:root 登录成功
07-04 18:13:15,870772 [INFOR] [userlog] 当前:2023-07-04 18:13:15 用户:root 删除报告对比任务:WE1N2_1000.bin对比WJ-HD300A_3.13.zip, id:10
07-04 18:13:15,901846 [INFOR] [userlog] 当前:2023-07-04 18:13:15 用户:root 删除报告对比任务:WE1N2_1000.bin对比WJ-HD300A_3.13.zip, id:9
07-04 18:13:16,248665 [INFOR] [userlog] 当前:2023-07-04 18:13:16 用户:root 登录成功
07-04 18:14:33,664356 [INFOR] [userlog] 当前:2023-07-04 18:14:33 用户:root 登录成功
07-04 18:15:14,473868 [INFOR] [userlog] 当前:2023-07-04 18:15:14 用户:root 登录成功
07-04 18:33:07,784976 [INFOR] [userlog] 当前:2023-07-04 18:33:07 用户:root 登录成功
07-04 18:33:56,507419 [INFOR] [userlog] 当前:2023-07-04 18:33:56 用户:root 登录成功
07-04 18:35:28,597592 [INFOR] [userlog] 当前:2023-07-04 18:35:28 用户:root 登录成功
07-04 18:35:57,015576 [INFOR] [userlog] 当前:2023-07-04 18:35:56 用户:root 登录成功
07-04 18:36:56,619148 [INFOR] [userlog] 当前:2023-07-04 18:36:56 用户:root 登录成功
07-04 18:37:38,774118 [INFOR] [userlog] 当前:2023-07-04 18:37:38 用户:root 登录成功
07-04 18:38:16,963944 [INFOR] [userlog] 当前:2023-07-04 18:38:16 用户:root 登录成功
07-04 18:39:14,440971 [INFOR] [userlog] 当前:2023-07-04 18:39:14 用户:root 登录成功
07-04 18:40:56,705908 [INFOR] [userlog] 当前:2023-07-04 18:40:56 用户:root 登录成功
07-04 18:41:17,382598 [INFOR] [userlog] 当前:2023-07-04 18:41:17 用户:root 登录成功
07-04 18:42:09,191713 [INFOR] [userlog] 当前:2023-07-04 18:42:08 用户:root 登录成功
07-04 18:42:11,171888 [INFOR] [userlog] 当前:2023-07-04 18:42:11 用户:root 创建固件扫描任务:1, id:79, 并关联固件库
07-04 18:44:39,741589 [INFOR] [userlog] 当前:2023-07-04 18:44:39 用户:root 登录成功
07-04 18:44:41,310470 [INFOR] [userlog] 当前:2023-07-04 18:44:41 用户:root 删除固件扫描任务:1, id:79
07-04 18:44:41,343434 [INFOR] [userlog] 当前:2023-07-04 18:44:41 用户:root 创建固件扫描任务:1, id:80, 并关联固件库
07-04 18:44:51,063850 [INFOR] [userlog] 当前:2023-07-04 18:44:50 用户:root 登录成功
07-04 18:44:52,141486 [INFOR] [userlog] 当前:2023-07-04 18:44:52 用户:root 删除固件扫描任务:1, id:80
07-04 18:44:52,210302 [INFOR] [userlog] 当前:2023-07-04 18:44:52 用户:root 创建固件扫描任务:1, id:81, 并关联固件库
07-04 19:05:13,738874 [INFOR] [userlog] 当前:2023-07-04 19:05:13 用户:wx 创建固件扫描任务:Aceex-NR22-webflash.bin, id:82, 并未关联固件库
07-04 19:05:25,641158 [INFOR] [userlog] 当前:2023-07-04 19:05:25 用户:wx 创建固件扫描任务:factory-to-ddwrt(2).bin, id:83, 并未关联固件库
07-04 19:05:38,017019 [INFOR] [userlog] 当前:2023-07-04 19:05:37 用户:wx 创建固件扫描任务:ES002200.bin, id:84, 并未关联固件库
07-04 19:05:55,513266 [INFOR] [userlog] 当前:2023-07-04 19:05:55 用户:wx 创建固件扫描任务:lj4300fw_04.019.1.rfu, id:85, 并未关联固件库
07-04 19:05:58,210983 [INFOR] [userlog] 当前:2023-07-04 19:05:58 用户:wx 开始固件扫描任务:lj4300fw_04.019.1.rfu, id:85
07-04 19:05:58,522819 [INFOR] [userlog] 当前:2023-07-04 19:05:58 用户:wx 开始固件扫描任务:ES002200.bin, id:84
07-04 19:05:59,319809 [INFOR] [userlog] 当前:2023-07-04 19:05:59 用户:wx 开始固件扫描任务:Aceex-NR22-webflash.bin, id:82
07-04 19:05:59,956781 [INFOR] [userlog] 当前:2023-07-04 19:05:59 用户:wx 开始固件扫描任务:1, id:81
07-04 19:06:01,807752 [INFOR] [userlog] 当前:2023-07-04 19:06:01 用户:wx 开始固件扫描任务:factory-to-ddwrt(2).bin, id:83
07-04 19:18:57,613488 [INFOR] [userlog] 当前:2023-07-04 19:18:57 用户:wt 登录成功

