12-25 09:30:06,436574 [INFOR] [userlog] 当前:2023-12-25 09:30:01 用户:wt 登录成功
12-25 09:34:25,157472 [INFOR] [userlog] 当前:2023-12-25 09:34:24 用户:root 登录成功
12-25 10:35:24,603394 [INFOR] [userlog] 当前:2023-12-25 10:35:23 用户:wwh 登录成功
12-25 10:42:53,200836 [INFOR] [userlog] 当前:2023-12-25 10:42:53 用户:wwh 创建固件扫描任务:bios_disk.img, id:211
12-25 10:42:54,511334 [INFOR] [userlog] 当前:2023-12-25 10:42:53 用户:wwh 开始固件扫描任务:bios_disk.img, id:211
12-25 10:42:56,427714 [INFOR] [userlog] 当前:2023-12-25 10:42:56 用户:wwh 创建固件扫描任务:qnx.ifs, id:212
12-25 10:42:57,754778 [INFOR] [userlog] 当前:2023-12-25 10:42:57 用户:wwh 开始固件扫描任务:qnx.ifs, id:212
12-25 10:42:59,018079 [INFOR] [userlog] 当前:2023-12-25 10:42:59 用户:wwh 创建固件扫描任务:qnxfs.img, id:213
12-25 10:43:00,442618 [INFOR] [userlog] 当前:2023-12-25 10:42:59 用户:wwh 开始固件扫描任务:qnxfs.img, id:213
12-25 10:46:27,815157 [INFOR] [userlog] 当前:2023-12-25 10:46:27 用户:root 暂停固件扫描任务:bios_disk.img, id:211
12-25 10:46:28,332769 [INFOR] [userlog] 当前:2023-12-25 10:46:28 用户:root 暂停固件扫描任务:qnx.ifs, id:212
12-25 10:46:28,699198 [INFOR] [userlog] 当前:2023-12-25 10:46:28 用户:root 暂停固件扫描任务:qnxfs.img, id:213
12-25 10:58:24,065342 [INFOR] [userlog] 当前:2023-12-25 10:58:23 用户:root 恢复固件扫描任务:bios_disk.img, id:211
12-25 10:58:25,003330 [INFOR] [userlog] 当前:2023-12-25 10:58:23 用户:root 恢复固件扫描任务:qnx.ifs, id:212
12-25 10:58:25,516670 [INFOR] [userlog] 当前:2023-12-25 10:58:24 用户:root 恢复固件扫描任务:qnxfs.img, id:213
12-25 11:11:02,487179 [INFOR] [userlog] 当前:2023-12-25 11:11:02 用户:root 退出登录
12-25 11:11:07,094146 [INFOR] [userlog] 当前:2023-12-25 11:11:05 用户:config 登录成功
12-25 11:12:11,633085 [INFOR] [userlog] 当前:2023-12-25 11:12:11 用户:config 退出登录
12-25 11:12:14,938165 [INFOR] [userlog] 当前:2023-12-25 11:12:14 用户:config 登录成功
12-25 11:12:40,028775 [INFOR] [userlog] 当前:2023-12-25 11:12:40 用户:config 退出登录
12-25 11:12:45,366959 [INFOR] [userlog] 当前:2023-12-25 11:12:43 用户:config 登录成功
12-25 11:12:52,827454 [INFOR] [userlog] 当前:2023-12-25 11:12:52 用户:config 退出登录
12-25 11:12:59,778357 [INFOR] [userlog] 当前:2023-12-25 11:12:55 用户:root 登录成功
12-25 11:13:34,718239 [INFOR] [userlog] 当前:2023-12-25 11:13:32 用户:root 创建固件扫描任务:VDR-308_Ramdisk.zip, id:214
12-25 11:15:06,550657 [INFOR] [userlog] 当前:2023-12-25 11:15:03 用户:root 开始固件扫描任务:VDR-308_Ramdisk.zip, id:214
12-25 11:24:10,126054 [INFOR] [userlog] 当前:2023-12-25 11:24:09 用户:root 创建固件扫描任务:机械特性采集程序, id:215
12-25 11:24:13,884514 [INFOR] [userlog] 当前:2023-12-25 11:24:12 用户:root 开始固件扫描任务:机械特性采集程序, id:215
12-25 11:49:42,712991 [INFOR] [userlog] 当前:2023-12-25 11:49:42 用户:root 暂停固件扫描任务:VDR-308_Ramdisk.zip, id:214
12-25 14:00:53,733912 [INFOR] [userlog] 当前:2023-12-25 14:00:53 用户:root 下载固件扫描任务漏洞库文件:机械特性采集程序, id:215
12-25 14:00:57,168548 [INFOR] [userlog] 当前:2023-12-25 14:00:57 用户:root 开始生成任务:机械特性采集程序PDF报告
12-25 14:01:07,086953 [INFOR] [userlog] 当前:2023-12-25 14:01:06 用户:root 下载扫描任务:机械特性采集程序Excel报告, id:215
12-25 14:01:09,008171 [INFOR] [userlog] 当前:2023-12-25 14:01:09 用户:root 下载扫描任务:机械特性采集程序Excel报告, id:215
12-25 14:01:44,246514 [INFOR] [userlog] 当前:2023-12-25 14:01:44 用户:root 下载了任务:机械特性采集程序Word报告
12-25 14:02:14,860999 [INFOR] [userlog] 当前:2023-12-25 14:02:14 用户:root 下载了任务:机械特性采集程序PDF报告
12-25 14:02:15,066797 [INFOR] [userlog] 当前:2023-12-25 14:02:15 用户:root 退出登录
12-25 14:02:19,128389 [INFOR] [userlog] 当前:2023-12-25 14:02:18 用户:config 登录成功
12-25 14:02:22,659506 [INFOR] [userlog] 当前:2023-12-25 14:02:22 用户:config 退出登录
12-25 14:02:27,412538 [INFOR] [userlog] 当前:2023-12-25 14:02:25 用户:config 登录成功
12-25 14:02:32,570182 [INFOR] [userlog] 当前:2023-12-25 14:02:32 用户:config 退出登录
12-25 14:05:10,955324 [INFOR] [userlog] 当前:2023-12-25 14:05:10 用户:cxh 创建策略:cxh的默认内置策略, 并设为默认选项
12-25 14:05:11,011519 [INFOR] [userlog] 当前:2023-12-25 14:05:08 用户:cxh 登录成功
12-25 14:05:24,723626 [INFOR] [userlog] 当前:2023-12-25 14:05:24 用户:cxh 退出登录
12-25 14:05:29,663083 [INFOR] [userlog] 当前:2023-12-25 14:05:27 用户:wwh 登录成功
12-25 14:15:05,895948 [INFOR] [userlog] 当前:2023-12-25 14:15:05 用户:wwh 创建固件扫描任务:ArresterOnLine.hex, id:216
12-25 14:15:05,905189 [INFOR] [userlog] 当前:2023-12-25 14:15:05 用户:wwh 创建固件扫描任务:CC2530_Card.hex, id:217
12-25 14:15:05,921910 [INFOR] [userlog] 当前:2023-12-25 14:15:05 用户:wwh 创建固件扫描任务:M-20140708.hex, id:218
12-25 14:15:06,109203 [INFOR] [userlog] 当前:2023-12-25 14:15:06 用户:wwh 创建固件扫描任务:SCM6JIZHONG.hex, id:219
12-25 14:15:08,221989 [INFOR] [userlog] 当前:2023-12-25 14:15:08 用户:wwh 创建固件扫描任务:bileiqi_monitor, id:220
12-25 14:15:29,240266 [INFOR] [userlog] 当前:2023-12-25 14:15:28 用户:wwh 开始固件扫描任务:bileiqi_monitor, id:220
12-25 14:15:31,499520 [INFOR] [userlog] 当前:2023-12-25 14:15:30 用户:wwh 开始固件扫描任务:SCM6JIZHONG.hex, id:219
12-25 14:15:35,884920 [INFOR] [userlog] 当前:2023-12-25 14:15:35 用户:wwh 暂停固件扫描任务:SCM6JIZHONG.hex, id:219
12-25 14:16:10,888007 [INFOR] [userlog] 当前:2023-12-25 14:16:10 用户:wwh 开始生成任务:qnxfs.imgPDF报告
12-25 14:16:11,538275 [INFOR] [userlog] 当前:2023-12-25 14:16:11 用户:wwh 下载扫描任务:qnxfs.imgExcel报告, id:213
12-25 14:16:11,772953 [INFOR] [userlog] 当前:2023-12-25 14:16:11 用户:wwh 开始生成任务:bios_disk.imgPDF报告
12-25 14:16:18,132299 [INFOR] [userlog] 当前:2023-12-25 14:16:18 用户:wwh 下载固件扫描任务漏洞库文件:qnxfs.img, id:213
12-25 14:16:23,796798 [INFOR] [userlog] 当前:2023-12-25 14:16:23 用户:wwh 下载固件扫描任务漏洞库文件:bios_disk.img, id:211
12-25 14:16:26,352786 [INFOR] [userlog] 当前:2023-12-25 14:16:26 用户:wwh 下载扫描任务:bios_disk.imgExcel报告, id:211
12-25 14:16:44,903310 [INFOR] [userlog] 当前:2023-12-25 14:16:44 用户:wwh 下载了任务:qnxfs.imgPDF报告
12-25 14:16:58,840926 [INFOR] [userlog] 当前:2023-12-25 14:16:58 用户:wwh 下载了任务:qnxfs.imgWord报告
12-25 14:17:01,046817 [INFOR] [userlog] 当前:2023-12-25 14:17:01 用户:wwh 下载扫描任务:bbbb.vbfExcel报告, id:206
12-25 14:17:03,359633 [INFOR] [userlog] 当前:2023-12-25 14:17:03 用户:wwh 开始生成任务:bbbb.vbfPDF报告
12-25 14:17:35,040643 [INFOR] [userlog] 当前:2023-12-25 14:17:35 用户:wwh 下载固件扫描任务漏洞库文件:bbbb.vbf, id:206
12-25 14:18:43,602282 [INFOR] [userlog] 当前:2023-12-25 14:18:43 用户:wwh 下载了任务:bios_disk.imgWord报告
12-25 14:18:57,337626 [INFOR] [userlog] 当前:2023-12-25 14:18:57 用户:wwh 下载了任务:bios_disk.imgPDF报告
12-25 14:22:08,987057 [INFOR] [userlog] 当前:2023-12-25 14:22:08 用户:wwh 下载了任务:bbbb.vbfWord报告
12-25 14:29:24,003323 [INFOR] [userlog] 当前:2023-12-25 14:29:24 用户:wwh 下载了任务:bbbb.vbfWord报告
12-25 14:34:25,137137 [INFOR] [userlog] 当前:2023-12-25 14:34:25 用户:wwh 下载了任务:bbbb.vbfPDF报告
12-25 19:31:51,065847 [INFOR] [userlog] 当前:2023-12-25 19:31:49 用户:wt 登录成功
12-25 19:33:02,752682 [INFOR] [userlog] 当前:2023-12-25 19:33:02 用户:wt 创建固件扫描任务:vxWorks_v7_x86_qemu.bin, id:221
12-25 19:33:09,270349 [INFOR] [userlog] 当前:2023-12-25 19:33:09 用户:wt 创建固件扫描任务:vxWorks_v7_x86_up2.bin, id:222
12-25 19:33:09,273983 [INFOR] [userlog] 当前:2023-12-25 19:33:09 用户:wt 创建固件扫描任务:vxWorks_v7_x86_qemu.elf, id:223
12-25 19:33:13,806455 [INFOR] [userlog] 当前:2023-12-25 19:33:13 用户:wt 创建固件扫描任务:vxWorks_v7_x86_up2.elf, id:224
12-25 19:33:14,065635 [INFOR] [userlog] 当前:2023-12-25 19:33:14 用户:wt 创建固件扫描任务:vxWorks, id:225
12-25 19:33:25,476701 [INFOR] [userlog] 当前:2023-12-25 19:33:24 用户:wt 开始固件扫描任务:vxWorks, id:225
12-25 19:33:27,219310 [INFOR] [userlog] 当前:2023-12-25 19:33:25 用户:wt 开始固件扫描任务:vxWorks_v7_x86_up2.elf, id:224
12-25 19:33:27,432353 [INFOR] [userlog] 当前:2023-12-25 19:33:26 用户:wt 开始固件扫描任务:vxWorks_v7_x86_qemu.elf, id:223
12-25 19:33:28,259495 [INFOR] [userlog] 当前:2023-12-25 19:33:27 用户:wt 开始固件扫描任务:vxWorks_v7_x86_up2.bin, id:222
12-25 19:33:29,519804 [INFOR] [userlog] 当前:2023-12-25 19:33:28 用户:wt 开始固件扫描任务:vxWorks_v7_x86_qemu.bin, id:221
12-25 19:40:48,841418 [INFOR] [userlog] 当前:2023-12-25 19:40:48 用户:wt 暂停固件扫描任务:qnx.ifs, id:212
12-25 19:41:00,696166 [INFOR] [userlog] 当前:2023-12-25 19:40:59 用户:wt 恢复固件扫描任务:qnx.ifs, id:212
12-25 19:48:17,631574 [INFOR] [userlog] 当前:2023-12-25 19:48:17 用户:wt 删除固件扫描任务:vxWorks_v7_x86_qemu.bin, id:221
12-25 19:48:26,306215 [INFOR] [userlog] 当前:2023-12-25 19:48:26 用户:wt 删除固件扫描任务:vxWorks_v7_x86_qemu.elf, id:223
12-25 19:48:29,331865 [INFOR] [userlog] 当前:2023-12-25 19:48:29 用户:wt 删除固件扫描任务:vxWorks_v7_x86_up2.elf, id:224
12-25 19:48:32,415047 [INFOR] [userlog] 当前:2023-12-25 19:48:32 用户:wt 删除固件扫描任务:vxWorks, id:225
12-25 19:48:46,826751 [INFOR] [userlog] 当前:2023-12-25 19:48:46 用户:wt 退出登录
12-25 19:48:55,224532 [INFOR] [userlog] 当前:2023-12-25 19:48:54 用户:config 登录成功
12-25 19:49:04,208678 [INFOR] [userlog] 当前:2023-12-25 19:49:04 用户:config 退出登录
12-25 19:49:11,633208 [INFOR] [userlog] 当前:2023-12-25 19:49:10 用户:wt 登录成功
12-25 19:50:16,737633 [INFOR] [userlog] 当前:2023-12-25 19:50:16 用户:wt 创建固件扫描任务:vxWorks_v7_x86_qemu.bin, id:226
12-25 19:50:22,841995 [INFOR] [userlog] 当前:2023-12-25 19:50:22 用户:wt 创建固件扫描任务:vxWorks_v7_x86_qemu.elf, id:227
12-25 19:50:23,673532 [INFOR] [userlog] 当前:2023-12-25 19:50:23 用户:wt 创建固件扫描任务:vxWorks, id:228
12-25 19:50:57,731101 [INFOR] [userlog] 当前:2023-12-25 19:50:57 用户:wt 创建固件扫描任务:vxWorks_v7_x86_up2.elf, id:229
12-25 19:51:05,398651 [INFOR] [userlog] 当前:2023-12-25 19:51:04 用户:wt 开始固件扫描任务:vxWorks_v7_x86_qemu.bin, id:226
12-25 19:51:06,316520 [INFOR] [userlog] 当前:2023-12-25 19:51:05 用户:wt 开始固件扫描任务:vxWorks_v7_x86_qemu.elf, id:227
12-25 19:51:07,284215 [INFOR] [userlog] 当前:2023-12-25 19:51:06 用户:wt 开始固件扫描任务:vxWorks, id:228
12-25 19:51:08,367477 [INFOR] [userlog] 当前:2023-12-25 19:51:07 用户:wt 开始固件扫描任务:vxWorks_v7_x86_up2.elf, id:229
12-25 19:57:09,725005 [INFOR] [userlog] 当前:2023-12-25 19:57:09 用户:wt 创建策略:安全编译选项
12-25 19:59:09,181444 [INFOR] [userlog] 当前:2023-12-25 19:59:09 用户:wt 暂停固件扫描任务:vxWorks_v7_x86_up2.bin, id:222
12-25 19:59:10,263440 [INFOR] [userlog] 当前:2023-12-25 19:59:10 用户:wt 暂停固件扫描任务:vxWorks_v7_x86_qemu.bin, id:226
12-25 19:59:10,862737 [INFOR] [userlog] 当前:2023-12-25 19:59:10 用户:wt 暂停固件扫描任务:vxWorks_v7_x86_qemu.elf, id:227
12-25 19:59:12,240982 [INFOR] [userlog] 当前:2023-12-25 19:59:12 用户:wt 暂停固件扫描任务:vxWorks, id:228
12-25 19:59:13,370091 [INFOR] [userlog] 当前:2023-12-25 19:59:13 用户:wt 暂停固件扫描任务:vxWorks_v7_x86_up2.elf, id:229
12-25 19:59:15,590429 [INFOR] [userlog] 当前:2023-12-25 19:59:15 用户:wt 删除固件扫描任务:vxWorks_v7_x86_up2.bin, id:222
12-25 19:59:19,696947 [INFOR] [userlog] 当前:2023-12-25 19:59:18 用户:wt 删除固件扫描任务:vxWorks_v7_x86_qemu.bin, id:226
12-25 19:59:23,807199 [INFOR] [userlog] 当前:2023-12-25 19:59:23 用户:wt 删除固件扫描任务:vxWorks_v7_x86_qemu.elf, id:227
12-25 19:59:27,133191 [INFOR] [userlog] 当前:2023-12-25 19:59:27 用户:wt 删除固件扫描任务:vxWorks, id:228
12-25 19:59:30,242630 [INFOR] [userlog] 当前:2023-12-25 19:59:30 用户:wt 删除固件扫描任务:vxWorks_v7_x86_up2.elf, id:229
12-25 20:00:38,399235 [INFOR] [userlog] 当前:2023-12-25 20:00:38 用户:wt 创建固件扫描任务:vxWorks_v7_x86_up2.bin, id:230
12-25 20:00:43,903854 [INFOR] [userlog] 当前:2023-12-25 20:00:43 用户:wt 创建固件扫描任务:vxWorks_v7_x86_qemu.bin, id:231
12-25 20:00:48,356172 [INFOR] [userlog] 当前:2023-12-25 20:00:48 用户:wt 创建固件扫描任务:vxWorks, id:232
12-25 20:00:50,275198 [INFOR] [userlog] 当前:2023-12-25 20:00:50 用户:wt 创建固件扫描任务:vxWorks_v7_x86_up2.elf, id:233
12-25 20:00:51,161395 [INFOR] [userlog] 当前:2023-12-25 20:00:51 用户:wt 创建固件扫描任务:vxWorks_v7_x86_qemu.elf, id:234
12-25 20:00:57,227548 [INFOR] [userlog] 当前:2023-12-25 20:00:56 用户:wt 开始固件扫描任务:vxWorks_v7_x86_up2.bin, id:230
12-25 20:00:59,526868 [INFOR] [userlog] 当前:2023-12-25 20:00:58 用户:wt 开始固件扫描任务:vxWorks_v7_x86_qemu.bin, id:231
12-25 20:01:02,581047 [INFOR] [userlog] 当前:2023-12-25 20:01:01 用户:wt 开始固件扫描任务:vxWorks, id:232
12-25 20:01:05,552920 [INFOR] [userlog] 当前:2023-12-25 20:01:05 用户:wt 开始固件扫描任务:vxWorks_v7_x86_up2.elf, id:233
12-25 20:01:08,363935 [INFOR] [userlog] 当前:2023-12-25 20:01:07 用户:wt 开始固件扫描任务:vxWorks_v7_x86_qemu.elf, id:234
12-25 21:20:37,320578 [INFOR] [userlog] 当前:2023-12-25 21:20:36 用户:wwh 登录成功
12-25 21:20:38,388987 [INFOR] [userlog] 当前:2023-12-25 21:20:38 用户:wwh 删除固件扫描任务:vxWorks.symtab, id:76
12-25 21:20:38,413380 [INFOR] [userlog] 当前:2023-12-25 21:20:38 用户:wwh 创建固件扫描任务:vxWorks.symtab, id:235
12-25 21:20:39,317422 [INFOR] [userlog] 当前:2023-12-25 21:20:38 用户:wwh 开始固件扫描任务:vxWorks.symtab, id:235
12-25 21:20:40,933031 [INFOR] [userlog] 当前:2023-12-25 21:20:40 用户:wwh 删除固件扫描任务:vxWorks_v5_mips_bigendian.bin, id:77
12-25 21:20:40,987417 [INFOR] [userlog] 当前:2023-12-25 21:20:40 用户:wwh 创建固件扫描任务:vxWorks_v5_mips_bigendian.bin, id:236
12-25 21:20:42,041674 [INFOR] [userlog] 当前:2023-12-25 21:20:41 用户:wwh 开始固件扫描任务:vxWorks_v5_mips_bigendian.bin, id:236
12-25 21:20:43,664060 [INFOR] [userlog] 当前:2023-12-25 21:20:43 用户:wwh 删除固件扫描任务:vxWorks.bin.symtab, id:78
12-25 21:20:43,689721 [INFOR] [userlog] 当前:2023-12-25 21:20:43 用户:wwh 创建固件扫描任务:vxWorks.bin.symtab, id:237
12-25 21:20:44,951807 [INFOR] [userlog] 当前:2023-12-25 21:20:43 用户:wwh 开始固件扫描任务:vxWorks.bin.symtab, id:237
12-25 21:20:46,800249 [INFOR] [userlog] 当前:2023-12-25 21:20:46 用户:wwh 删除固件扫描任务:vxWorks_v5_mips_little-endian.bin, id:79
12-25 21:20:46,925336 [INFOR] [userlog] 当前:2023-12-25 21:20:46 用户:wwh 创建固件扫描任务:vxWorks_v5_mips_little-endian.bin, id:238
12-25 21:20:47,657371 [INFOR] [userlog] 当前:2023-12-25 21:20:47 用户:wwh 开始固件扫描任务:vxWorks_v5_mips_little-endian.bin, id:238
12-25 21:20:48,587467 [INFOR] [userlog] 当前:2023-12-25 21:20:48 用户:wwh 删除固件扫描任务:vxWorks.elf, id:80
12-25 21:20:48,600011 [INFOR] [userlog] 当前:2023-12-25 21:20:48 用户:wwh 创建固件扫描任务:vxWorks.elf, id:239
12-25 21:20:49,368760 [INFOR] [userlog] 当前:2023-12-25 21:20:48 用户:wwh 开始固件扫描任务:vxWorks.elf, id:239
12-25 21:20:50,537931 [INFOR] [userlog] 当前:2023-12-25 21:20:50 用户:wwh 删除固件扫描任务:vxWorks_v6_mk68_bigendian.bin, id:81
12-25 21:20:50,557467 [INFOR] [userlog] 当前:2023-12-25 21:20:50 用户:wwh 创建固件扫描任务:vxWorks_v6_mk68_bigendian.bin, id:240
12-25 21:20:51,451409 [INFOR] [userlog] 当前:2023-12-25 21:20:50 用户:wwh 开始固件扫描任务:vxWorks_v6_mk68_bigendian.bin, id:240
12-25 21:20:53,214806 [INFOR] [userlog] 当前:2023-12-25 21:20:53 用户:wwh 删除固件扫描任务:uVxWorks, id:82
12-25 21:20:53,244026 [INFOR] [userlog] 当前:2023-12-25 21:20:53 用户:wwh 创建固件扫描任务:uVxWorks, id:241
12-25 21:20:53,962425 [INFOR] [userlog] 当前:2023-12-25 21:20:53 用户:wwh 开始固件扫描任务:uVxWorks, id:241
12-25 21:20:55,868981 [INFOR] [userlog] 当前:2023-12-25 21:20:55 用户:wwh 删除固件扫描任务:vxWorks_v7_arm_little-endian_nxp_lmx8.bin, id:83
12-25 21:20:55,938383 [INFOR] [userlog] 当前:2023-12-25 21:20:55 用户:wwh 创建固件扫描任务:vxWorks_v7_arm_little-endian_nxp_lmx8.bin, id:242
12-25 21:20:56,823252 [INFOR] [userlog] 当前:2023-12-25 21:20:56 用户:wwh 开始固件扫描任务:vxWorks_v7_arm_little-endian_nxp_lmx8.bin, id:242
12-25 21:21:00,610457 [INFOR] [userlog] 当前:2023-12-25 21:21:00 用户:wwh 删除固件扫描任务:vxWorks_v7_arm_little-endian_nxp_lmx8.elf, id:84
12-25 21:21:00,628057 [INFOR] [userlog] 当前:2023-12-25 21:21:00 用户:wwh 创建固件扫描任务:vxWorks_v7_arm_little-endian_nxp_lmx8.elf, id:243
12-25 21:21:01,474781 [INFOR] [userlog] 当前:2023-12-25 21:21:00 用户:wwh 开始固件扫描任务:vxWorks_v7_arm_little-endian_nxp_lmx8.elf, id:243
12-25 21:21:03,637147 [INFOR] [userlog] 当前:2023-12-25 21:21:03 用户:wwh 删除固件扫描任务:uVxWorks, id:86
12-25 21:21:03,657775 [INFOR] [userlog] 当前:2023-12-25 21:21:03 用户:wwh 创建固件扫描任务:uVxWorks, id:244
12-25 21:21:04,511071 [INFOR] [userlog] 当前:2023-12-25 21:21:03 用户:wwh 开始固件扫描任务:uVxWorks, id:244
12-25 21:21:06,583804 [INFOR] [userlog] 当前:2023-12-25 21:21:06 用户:wwh 删除固件扫描任务:vxWorks_v7_arm_little-endian_nxp_raspberrypi4b.bin, id:85
12-25 21:21:06,598791 [INFOR] [userlog] 当前:2023-12-25 21:21:06 用户:wwh 创建固件扫描任务:vxWorks_v7_arm_little-endian_nxp_raspberrypi4b.bin, id:245
12-25 21:21:07,439113 [INFOR] [userlog] 当前:2023-12-25 21:21:06 用户:wwh 开始固件扫描任务:vxWorks_v7_arm_little-endian_nxp_raspberrypi4b.bin, id:245
12-25 21:21:12,473174 [INFOR] [userlog] 当前:2023-12-25 21:21:12 用户:wwh 删除固件扫描任务:vxWorks_v7_arm_little-endian_nxp_raspberrypi4b.elf, id:87
12-25 21:21:12,493205 [INFOR] [userlog] 当前:2023-12-25 21:21:12 用户:wwh 创建固件扫描任务:vxWorks_v7_arm_little-endian_nxp_raspberrypi4b.elf, id:246
12-25 21:21:13,361951 [INFOR] [userlog] 当前:2023-12-25 21:21:12 用户:wwh 开始固件扫描任务:vxWorks_v7_arm_little-endian_nxp_raspberrypi4b.elf, id:246
12-25 21:21:15,129261 [INFOR] [userlog] 当前:2023-12-25 21:21:15 用户:wwh 删除固件扫描任务:uVxWorks, id:89
12-25 21:21:15,150627 [INFOR] [userlog] 当前:2023-12-25 21:21:15 用户:wwh 创建固件扫描任务:uVxWorks, id:247
12-25 21:21:15,927404 [INFOR] [userlog] 当前:2023-12-25 21:21:15 用户:wwh 开始固件扫描任务:uVxWorks, id:247
12-25 21:21:17,686046 [INFOR] [userlog] 当前:2023-12-25 21:21:17 用户:wwh 删除固件扫描任务:vxWorks_v7_riscv_little_endian.bin, id:88
12-25 21:21:17,702942 [INFOR] [userlog] 当前:2023-12-25 21:21:17 用户:wwh 创建固件扫描任务:vxWorks_v7_riscv_little_endian.bin, id:248
12-25 21:21:18,510250 [INFOR] [userlog] 当前:2023-12-25 21:21:17 用户:wwh 开始固件扫描任务:vxWorks_v7_riscv_little_endian.bin, id:248
12-25 21:21:26,823539 [INFOR] [userlog] 当前:2023-12-25 21:21:26 用户:wwh 删除固件扫描任务:vxWorks_v7_riscv_little_endian.elf, id:90
12-25 21:21:27,061832 [INFOR] [userlog] 当前:2023-12-25 21:21:26 用户:wwh 创建固件扫描任务:vxWorks_v7_riscv_little_endian.elf, id:249
12-25 21:21:27,936338 [INFOR] [userlog] 当前:2023-12-25 21:21:27 用户:wwh 开始固件扫描任务:vxWorks_v7_riscv_little_endian.elf, id:249
12-25 21:21:41,420899 [INFOR] [userlog] 当前:2023-12-25 21:21:41 用户:wwh 删除固件扫描任务:vxWorks, id:91
12-25 21:21:41,450536 [INFOR] [userlog] 当前:2023-12-25 21:21:41 用户:wwh 创建固件扫描任务:vxWorks, id:250
12-25 21:21:42,368618 [INFOR] [userlog] 当前:2023-12-25 21:21:41 用户:wwh 开始固件扫描任务:vxWorks, id:250
12-25 21:21:52,641005 [INFOR] [userlog] 当前:2023-12-25 21:21:52 用户:wwh 删除固件扫描任务:vxWorks_v7_x86_qemu.bin, id:92
12-25 21:21:52,672008 [INFOR] [userlog] 当前:2023-12-25 21:21:52 用户:wwh 创建固件扫描任务:vxWorks_v7_x86_qemu.bin, id:251
12-25 21:21:53,509653 [INFOR] [userlog] 当前:2023-12-25 21:21:52 用户:wwh 开始固件扫描任务:vxWorks_v7_x86_qemu.bin, id:251
12-25 21:22:06,121481 [INFOR] [userlog] 当前:2023-12-25 21:22:06 用户:wwh 删除固件扫描任务:vxWorks_v7_x86_qemu.elf, id:93
12-25 21:22:06,138766 [INFOR] [userlog] 当前:2023-12-25 21:22:06 用户:wwh 创建固件扫描任务:vxWorks_v7_x86_qemu.elf, id:252
12-25 21:22:07,029518 [INFOR] [userlog] 当前:2023-12-25 21:22:06 用户:wwh 开始固件扫描任务:vxWorks_v7_x86_qemu.elf, id:252
12-25 21:22:18,148037 [INFOR] [userlog] 当前:2023-12-25 21:22:18 用户:wwh 删除固件扫描任务:vxWorks_v7_x86_up2.bin, id:94
12-25 21:22:18,190400 [INFOR] [userlog] 当前:2023-12-25 21:22:18 用户:wwh 创建固件扫描任务:vxWorks_v7_x86_up2.bin, id:253
12-25 21:22:19,106424 [INFOR] [userlog] 当前:2023-12-25 21:22:18 用户:wwh 开始固件扫描任务:vxWorks_v7_x86_up2.bin, id:253
12-25 21:22:32,341641 [INFOR] [userlog] 当前:2023-12-25 21:22:32 用户:wwh 删除固件扫描任务:vxWorks_v7_x86_up2.elf, id:95
12-25 21:22:32,395513 [INFOR] [userlog] 当前:2023-12-25 21:22:32 用户:wwh 创建固件扫描任务:vxWorks_v7_x86_up2.elf, id:254
12-25 21:22:33,323418 [INFOR] [userlog] 当前:2023-12-25 21:22:32 用户:wwh 开始固件扫描任务:vxWorks_v7_x86_up2.elf, id:254
12-25 21:22:42,583331 [INFOR] [userlog] 当前:2023-12-25 21:22:42 用户:wwh 删除固件扫描任务:vxWorks-qemu.img, id:96
12-25 21:22:42,682208 [INFOR] [userlog] 当前:2023-12-25 21:22:42 用户:wwh 创建固件扫描任务:vxWorks-qemu.img, id:255
12-25 21:22:43,457993 [INFOR] [userlog] 当前:2023-12-25 21:22:42 用户:wwh 开始固件扫描任务:vxWorks-qemu.img, id:255

