12-27 09:31:52,613202 [INFOR] [userlog] 当前:2023-12-27 09:31:52 用户:root 登录成功
12-27 09:33:30,218000 [INFOR] [userlog] 当前:2023-12-27 09:33:29 用户:root 开始固件扫描任务:M-20140708.hex, id:218
12-27 09:33:31,281719 [INFOR] [userlog] 当前:2023-12-27 09:33:30 用户:root 开始固件扫描任务:ArresterOnLine.hex, id:216
12-27 09:33:40,752846 [INFOR] [userlog] 当前:2023-12-27 09:33:39 用户:root 恢复固件扫描任务:SCM6JIZHONG.hex, id:219
12-27 09:33:44,455566 [INFOR] [userlog] 当前:2023-12-27 09:33:43 用户:root 开始固件扫描任务:CC2530_Card.hex, id:217
12-27 13:42:17,938003 [INFOR] [userlog] 当前:2023-12-27 13:42:17 用户:root 退出登录
12-27 13:42:20,594831 [INFOR] [userlog] 当前:2023-12-27 13:42:20 用户:config 登录成功
12-27 13:42:25,405670 [INFOR] [userlog] 当前:2023-12-27 13:42:25 用户:config 退出登录
12-27 13:42:27,913981 [INFOR] [userlog] 当前:2023-12-27 13:42:27 用户:cxh 登录成功
12-27 13:42:50,589031 [INFOR] [userlog] 当前:2023-12-27 13:42:50 用户:cxh 创建固件扫描任务:DH_IPC-HX5XXX-Volt_Chn_PN_Stream3_V2.840.0000000.13.R.220110.bin, id:286
12-27 13:42:53,884375 [INFOR] [userlog] 当前:2023-12-27 13:42:53 用户:cxh 开始固件扫描任务:DH_IPC-HX5XXX-Volt_Chn_PN_Stream3_V2.840.0000000.13.R.220110.bin, id:286
12-27 13:44:04,754245 [INFOR] [userlog] 当前:2023-12-27 13:44:04 用户:cxh 删除固件扫描任务:DH_IPC-HX5XXX-Volt_Chn_PN_Stream3_V2.840.0000000.13.R.220110.bin, id:286
12-27 13:44:41,369914 [INFOR] [userlog] 当前:2023-12-27 13:44:41 用户:cxh 退出登录
12-27 13:44:44,111226 [INFOR] [userlog] 当前:2023-12-27 13:44:43 用户:config 登录成功
12-27 13:44:52,204678 [INFOR] [userlog] 当前:2023-12-27 13:44:52 用户:config 退出登录
12-27 13:44:57,566388 [INFOR] [userlog] 当前:2023-12-27 13:44:57 用户:root 登录成功
12-27 13:45:19,141883 [INFOR] [userlog] 当前:2023-12-27 13:45:19 用户:root 创建固件扫描任务:DH_IPC-HX5XXX-Volt_Chn_PN_Stream3_V2.840.0000000.13.R.220110.bin, id:287
12-27 13:45:30,464577 [INFOR] [userlog] 当前:2023-12-27 13:45:29 用户:root 开始固件扫描任务:DH_IPC-HX5XXX-Volt_Chn_PN_Stream3_V2.840.0000000.13.R.220110.bin, id:287
12-27 14:15:51,695472 [INFOR] [userlog] 当前:2023-12-27 14:15:51 用户:wt 登录成功
12-27 15:19:02,455404 [INFOR] [userlog] 当前:2023-12-27 15:19:02 用户:wt 创建固件扫描任务:Antminer-S19-XP-merge-release-20221121111753.bmu, id:288
12-27 15:19:07,310841 [INFOR] [userlog] 当前:2023-12-27 15:19:06 用户:wt 开始固件扫描任务:Antminer-S19-XP-merge-release-20221121111753.bmu, id:288

