12-22 18:14:32,750289 [INFOR] [userlog] 当前:2023-12-22 18:14:32 用户:wt 创建策略:wt的默认内置策略, 并设为默认选项
12-22 18:14:32,809311 [INFOR] [userlog] 当前:2023-12-22 18:14:29 用户:wt 登录成功
12-22 18:14:43,949798 [INFOR] [userlog] 当前:2023-12-22 18:14:43 用户:wt 创建固件扫描任务:zsy.zip, id:1
12-22 18:14:49,457930 [INFOR] [userlog] 当前:2023-12-22 18:14:48 用户:wt 开始固件扫描任务:zsy.zip, id:1
12-22 18:15:23,451480 [INFOR] [userlog] 当前:2023-12-22 18:15:23 用户:wt 创建策略:all
12-22 18:15:37,932650 [INFOR] [userlog] 当前:2023-12-22 18:15:37 用户:wt 创建固件扫描任务:WE1N2_1000.bin, id:2
12-22 18:15:43,727096 [INFOR] [userlog] 当前:2023-12-22 18:15:43 用户:wt 开始固件扫描任务:WE1N2_1000.bin, id:2
12-22 18:23:04,581713 [INFOR] [userlog] 当前:2023-12-22 18:23:04 用户:wwh 创建策略:wwh的默认内置策略, 并设为默认选项
12-22 18:23:04,610999 [INFOR] [userlog] 当前:2023-12-22 18:23:04 用户:wwh 登录成功
12-22 18:23:28,122307 [INFOR] [userlog] 当前:2023-12-22 18:23:28 用户:wwh 修改策略:all
12-22 18:24:10,355692 [INFOR] [userlog] 当前:2023-12-22 18:24:10 用户:wwh 登录成功
12-22 18:24:13,317838 [INFOR] [userlog] 当前:2023-12-22 18:24:13 用户:wwh 创建固件扫描任务:337557852378103808.zip, id:3
12-22 18:24:15,440335 [INFOR] [userlog] 当前:2023-12-22 18:24:14 用户:wwh 开始固件扫描任务:337557852378103808.zip, id:3
12-22 18:24:17,332872 [INFOR] [userlog] 当前:2023-12-22 18:24:17 用户:wwh 创建固件扫描任务:340g刷1.60石像鬼中文主题无线加密可用.bin, id:4
12-22 18:24:18,183902 [INFOR] [userlog] 当前:2023-12-22 18:24:17 用户:wwh 开始固件扫描任务:340g刷1.60石像鬼中文主题无线加密可用.bin, id:4
12-22 18:24:20,547237 [INFOR] [userlog] 当前:2023-12-22 18:24:20 用户:wwh 创建固件扫描任务:51110.2.1800.96.bin, id:5
12-22 18:24:21,416112 [INFOR] [userlog] 当前:2023-12-22 18:24:20 用户:wwh 开始固件扫描任务:51110.2.1800.96.bin, id:5
12-22 18:24:22,692769 [INFOR] [userlog] 当前:2023-12-22 18:24:22 用户:wwh 创建固件扫描任务:A2Kv206.out, id:6
12-22 18:24:23,457567 [INFOR] [userlog] 当前:2023-12-22 18:24:22 用户:wwh 开始固件扫描任务:A2Kv206.out, id:6
12-22 18:24:24,783132 [INFOR] [userlog] 当前:2023-12-22 18:24:24 用户:wwh 创建固件扫描任务:Aceex-NR22-webflash.bin, id:7
12-22 18:24:25,550737 [INFOR] [userlog] 当前:2023-12-22 18:24:24 用户:wwh 开始固件扫描任务:Aceex-NR22-webflash.bin, id:7
12-22 18:24:26,966864 [INFOR] [userlog] 当前:2023-12-22 18:24:26 用户:wwh 创建固件扫描任务:AFL-2.57b.zip, id:8
12-22 18:24:27,671713 [INFOR] [userlog] 当前:2023-12-22 18:24:27 用户:wwh 开始固件扫描任务:AFL-2.57b.zip, id:8
12-22 18:24:29,102247 [INFOR] [userlog] 当前:2023-12-22 18:24:29 用户:wwh 创建固件扫描任务:annex_log.tgz, id:9
12-22 18:24:29,770262 [INFOR] [userlog] 当前:2023-12-22 18:24:29 用户:wwh 开始固件扫描任务:annex_log.tgz, id:9
12-22 18:24:30,836087 [INFOR] [userlog] 当前:2023-12-22 18:24:30 用户:wwh 创建固件扫描任务:Auto_Vigor2910_V3.0.6_tw.zip, id:10
12-22 18:24:31,398312 [INFOR] [userlog] 当前:2023-12-22 18:24:30 用户:wwh 开始固件扫描任务:Auto_Vigor2910_V3.0.6_tw.zip, id:10
12-22 18:24:32,842245 [INFOR] [userlog] 当前:2023-12-22 18:24:32 用户:wwh 创建固件扫描任务:boot.img, id:11
12-22 18:24:33,658770 [INFOR] [userlog] 当前:2023-12-22 18:24:33 用户:wwh 开始固件扫描任务:boot.img, id:11
12-22 18:24:35,101168 [INFOR] [userlog] 当前:2023-12-22 18:24:35 用户:wwh 创建固件扫描任务:boot_Hi3798MV300 .img, id:12
12-22 18:24:35,865964 [INFOR] [userlog] 当前:2023-12-22 18:24:35 用户:wwh 开始固件扫描任务:boot_Hi3798MV300 .img, id:12
12-22 18:24:37,120978 [INFOR] [userlog] 当前:2023-12-22 18:24:37 用户:wwh 创建固件扫描任务:Broadway2T_V2.0.325_2011-07-28.bin, id:13
12-22 18:24:37,849997 [INFOR] [userlog] 当前:2023-12-22 18:24:37 用户:wwh 开始固件扫描任务:Broadway2T_V2.0.325_2011-07-28.bin, id:13
12-22 18:24:38,604844 [INFOR] [userlog] 当前:2023-12-22 18:24:38 用户:wwh 创建固件扫描任务:bzImage_lzma, id:14
12-22 18:24:39,428952 [INFOR] [userlog] 当前:2023-12-22 18:24:38 用户:wwh 开始固件扫描任务:bzImage_lzma, id:14
12-22 18:24:40,219725 [INFOR] [userlog] 当前:2023-12-22 18:24:40 用户:wwh 创建固件扫描任务:desktop.ini, id:15
12-22 18:24:41,400073 [INFOR] [userlog] 当前:2023-12-22 18:24:40 用户:wwh 开始固件扫描任务:desktop.ini, id:15
12-22 18:24:49,756512 [INFOR] [userlog] 当前:2023-12-22 18:24:48 用户:wwh 创建固件扫描任务:DH_IPC-HX5XXX-Volt_Chn_PN_Stream3_V2.840.0000000.13.R.220110.bin, id:16
12-22 18:24:52,058930 [INFOR] [userlog] 当前:2023-12-22 18:24:50 用户:wwh 开始固件扫描任务:DH_IPC-HX5XXX-Volt_Chn_PN_Stream3_V2.840.0000000.13.R.220110.bin, id:16
12-22 18:24:54,861735 [INFOR] [userlog] 当前:2023-12-22 18:24:54 用户:wwh 创建固件扫描任务:DIR-815 FW 1.01b14_1.01b14.bin, id:17
12-22 18:24:56,193234 [INFOR] [userlog] 当前:2023-12-22 18:24:55 用户:wwh 开始固件扫描任务:DIR-815 FW 1.01b14_1.01b14.bin, id:17
12-22 18:24:56,916924 [INFOR] [userlog] 当前:2023-12-22 18:24:56 用户:wwh 创建固件扫描任务:elf乱码文件.so, id:18
12-22 18:24:58,024621 [INFOR] [userlog] 当前:2023-12-22 18:24:57 用户:wwh 开始固件扫描任务:elf乱码文件.so, id:18
12-22 18:24:58,858453 [INFOR] [userlog] 当前:2023-12-22 18:24:58 用户:wwh 创建固件扫描任务:ES002200.bin, id:19
12-22 18:24:59,653890 [INFOR] [userlog] 当前:2023-12-22 18:24:59 用户:wwh 开始固件扫描任务:ES002200.bin, id:19
12-22 18:25:04,734253 [INFOR] [userlog] 当前:2023-12-22 18:25:04 用户:wwh 创建固件扫描任务:F5D0, id:20
12-22 18:25:05,644259 [INFOR] [userlog] 当前:2023-12-22 18:25:05 用户:wwh 开始固件扫描任务:F5D0, id:20
12-22 18:25:06,696368 [INFOR] [userlog] 当前:2023-12-22 18:25:06 用户:wwh 创建固件扫描任务:factory-to-ddwrt(2).bin, id:21
12-22 18:25:07,535155 [INFOR] [userlog] 当前:2023-12-22 18:25:06 用户:wwh 开始固件扫描任务:factory-to-ddwrt(2).bin, id:21
12-22 18:25:08,410122 [INFOR] [userlog] 当前:2023-12-22 18:25:08 用户:wwh 创建固件扫描任务:Fx_Dual_Instance.bin, id:22
12-22 18:25:09,190376 [INFOR] [userlog] 当前:2023-12-22 18:25:08 用户:wwh 开始固件扫描任务:Fx_Dual_Instance.bin, id:22
12-22 18:25:09,905959 [INFOR] [userlog] 当前:2023-12-22 18:25:09 用户:wwh 创建固件扫描任务:gambas3-gb-openssl-3.17.3-3-x86_64.pkg.tar.zst, id:23
12-22 18:25:10,691011 [INFOR] [userlog] 当前:2023-12-22 18:25:10 用户:wwh 开始固件扫描任务:gambas3-gb-openssl-3.17.3-3-x86_64.pkg.tar.zst, id:23
12-22 18:25:12,111150 [INFOR] [userlog] 当前:2023-12-22 18:25:12 用户:wwh 创建固件扫描任务:general.bin, id:24
12-22 18:25:12,886970 [INFOR] [userlog] 当前:2023-12-22 18:25:12 用户:wwh 开始固件扫描任务:general.bin, id:24
12-22 18:25:57,197077 [INFOR] [userlog] 当前:2023-12-22 18:25:57 用户:wwh 创建固件扫描任务:GFX-Win10_Win11-31.0.101.2111.zip, id:25
12-22 18:25:58,065816 [INFOR] [userlog] 当前:2023-12-22 18:25:57 用户:wwh 开始固件扫描任务:GFX-Win10_Win11-31.0.101.2111.zip, id:25
12-22 18:25:59,780994 [INFOR] [userlog] 当前:2023-12-22 18:25:59 用户:wwh 创建固件扫描任务:hd300a_fw_335.zip, id:26
12-22 18:26:00,585309 [INFOR] [userlog] 当前:2023-12-22 18:26:00 用户:wwh 开始固件扫描任务:hd300a_fw_335.zip, id:26
12-22 18:26:03,833412 [INFOR] [userlog] 当前:2023-12-22 18:26:03 用户:wwh 创建固件扫描任务:IoTGoat-raspberry-pi2.img, id:27
12-22 18:26:04,715981 [INFOR] [userlog] 当前:2023-12-22 18:26:04 用户:wwh 开始固件扫描任务:IoTGoat-raspberry-pi2.img, id:27
12-22 18:26:05,646899 [INFOR] [userlog] 当前:2023-12-22 18:26:05 用户:wwh 创建固件扫描任务:jq-test(jquary组件识别).zip, id:28
12-22 18:26:06,430764 [INFOR] [userlog] 当前:2023-12-22 18:26:05 用户:wwh 开始固件扫描任务:jq-test(jquary组件识别).zip, id:28
12-22 18:26:21,080177 [INFOR] [userlog] 当前:2023-12-22 18:26:20 用户:wwh 创建固件扫描任务:Kylin_FT.zip, id:29
12-22 18:26:27,827608 [INFOR] [userlog] 当前:2023-12-22 18:26:27 用户:wwh 开始固件扫描任务:Kylin_FT.zip, id:29
12-22 18:26:28,965483 [INFOR] [userlog] 当前:2023-12-22 18:26:28 用户:wwh 创建固件扫描任务:LEADPFASoftware, id:30
12-22 18:26:29,810240 [INFOR] [userlog] 当前:2023-12-22 18:26:29 用户:wwh 开始固件扫描任务:LEADPFASoftware, id:30
12-22 18:26:30,585831 [INFOR] [userlog] 当前:2023-12-22 18:26:30 用户:wwh 创建固件扫描任务:libcurl_7.17.1-1_arm.ipk, id:31
12-22 18:26:31,338543 [INFOR] [userlog] 当前:2023-12-22 18:26:30 用户:wwh 开始固件扫描任务:libcurl_7.17.1-1_arm.ipk, id:31
12-22 18:26:32,557146 [INFOR] [userlog] 当前:2023-12-22 18:26:32 用户:wwh 创建固件扫描任务:lj4300fw_04.019.1.rfu, id:32
12-22 18:26:33,306015 [INFOR] [userlog] 当前:2023-12-22 18:26:32 用户:wwh 开始固件扫描任务:lj4300fw_04.019.1.rfu, id:32
12-22 18:26:34,271398 [INFOR] [userlog] 当前:2023-12-22 18:26:34 用户:wwh 创建固件扫描任务:MA100-tftp.103j.bin, id:33
12-22 18:26:35,117645 [INFOR] [userlog] 当前:2023-12-22 18:26:34 用户:wwh 开始固件扫描任务:MA100-tftp.103j.bin, id:33
12-22 18:26:35,901556 [INFOR] [userlog] 当前:2023-12-22 18:26:35 用户:wwh 创建固件扫描任务:MAC OS 10.1.sit, id:34
12-22 18:26:36,663241 [INFOR] [userlog] 当前:2023-12-22 18:26:36 用户:wwh 开始固件扫描任务:MAC OS 10.1.sit, id:34
12-22 18:26:37,850552 [INFOR] [userlog] 当前:2023-12-22 18:26:37 用户:wwh 创建固件扫描任务:miwifi_r1cl_firmware_1b415_2.12.9.bin, id:35
12-22 18:26:38,645671 [INFOR] [userlog] 当前:2023-12-22 18:26:38 用户:wwh 开始固件扫描任务:miwifi_r1cl_firmware_1b415_2.12.9.bin, id:35
12-22 18:26:41,904646 [INFOR] [userlog] 当前:2023-12-22 18:26:41 用户:wwh 创建固件扫描任务:mtd1_rootfs.zip, id:36
12-22 18:26:42,662826 [INFOR] [userlog] 当前:2023-12-22 18:26:42 用户:wwh 开始固件扫描任务:mtd1_rootfs.zip, id:36
12-22 18:26:43,843565 [INFOR] [userlog] 当前:2023-12-22 18:26:43 用户:wwh 创建固件扫描任务:mtlan1.sys, id:37
12-22 18:26:45,270630 [INFOR] [userlog] 当前:2023-12-22 18:26:44 用户:wwh 开始固件扫描任务:mtlan1.sys, id:37
12-22 18:26:47,937772 [INFOR] [userlog] 当前:2023-12-22 18:26:47 用户:wwh 创建固件扫描任务:NBD6804T-F.bin, id:38
12-22 18:26:48,822217 [INFOR] [userlog] 当前:2023-12-22 18:26:48 用户:wwh 开始固件扫描任务:NBD6804T-F.bin, id:38
12-22 18:26:55,937658 [INFOR] [userlog] 当前:2023-12-22 18:26:55 用户:wwh 创建固件扫描任务:openwrt-comcerto2000-hgw-rootfs-ubi_nand .img, id:39
12-22 18:26:59,495911 [INFOR] [userlog] 当前:2023-12-22 18:26:58 用户:wwh 开始固件扫描任务:openwrt-comcerto2000-hgw-rootfs-ubi_nand .img, id:39
12-22 18:27:01,796762 [INFOR] [userlog] 当前:2023-12-22 18:27:01 用户:wwh 创建固件扫描任务:P3A_FW_V01.11.0020.bin.zip, id:40
12-22 18:27:02,614858 [INFOR] [userlog] 当前:2023-12-22 18:27:02 用户:wwh 开始固件扫描任务:P3A_FW_V01.11.0020.bin.zip, id:40
12-22 18:27:03,589654 [INFOR] [userlog] 当前:2023-12-22 18:27:03 用户:wwh 创建固件扫描任务:ReadySHARE_USB_Printer_MAC_V2.36.dmg, id:41
12-22 18:27:04,492736 [INFOR] [userlog] 当前:2023-12-22 18:27:03 用户:wwh 开始固件扫描任务:ReadySHARE_USB_Printer_MAC_V2.36.dmg, id:41
12-22 18:27:06,072729 [INFOR] [userlog] 当前:2023-12-22 18:27:06 用户:wwh 创建固件扫描任务:recovery.img, id:42
12-22 18:27:06,779320 [INFOR] [userlog] 当前:2023-12-22 18:27:06 用户:wwh 开始固件扫描任务:recovery.img, id:42
12-22 18:27:12,443202 [INFOR] [userlog] 当前:2023-12-22 18:27:12 用户:wwh 创建固件扫描任务:RV34X-v1.0.03.28-2022-06-14-14-17-40-PM.img, id:43
12-22 18:27:17,046801 [INFOR] [userlog] 当前:2023-12-22 18:27:13 用户:wwh 开始固件扫描任务:RV34X-v1.0.03.28-2022-06-14-14-17-40-PM.img, id:43
12-22 18:27:18,466454 [INFOR] [userlog] 当前:2023-12-22 18:27:18 用户:wwh 创建固件扫描任务:samplejet_7b20130320_i386.deb, id:44
12-22 18:27:19,457028 [INFOR] [userlog] 当前:2023-12-22 18:27:18 用户:wwh 开始固件扫描任务:samplejet_7b20130320_i386.deb, id:44
12-22 18:27:24,189770 [INFOR] [userlog] 当前:2023-12-22 18:27:24 用户:wwh 创建固件扫描任务:sgc-acu.sys, id:45
12-22 18:27:25,042828 [INFOR] [userlog] 当前:2023-12-22 18:27:24 用户:wwh 开始固件扫描任务:sgc-acu.sys, id:45
12-22 18:27:26,159290 [INFOR] [userlog] 当前:2023-12-22 18:27:26 用户:wwh 创建固件扫描任务:ssclt, id:46
12-22 18:27:27,038314 [INFOR] [userlog] 当前:2023-12-22 18:27:26 用户:wwh 开始固件扫描任务:ssclt, id:46
12-22 18:27:28,850252 [INFOR] [userlog] 当前:2023-12-22 18:27:28 用户:wwh 创建固件扫描任务:sun.img, id:47
12-22 18:27:29,785972 [INFOR] [userlog] 当前:2023-12-22 18:27:29 用户:wwh 开始固件扫描任务:sun.img, id:47
12-22 18:27:30,585297 [INFOR] [userlog] 当前:2023-12-22 18:27:30 用户:wwh 创建固件扫描任务:testtar.tar, id:48
12-22 18:27:31,329531 [INFOR] [userlog] 当前:2023-12-22 18:27:30 用户:wwh 开始固件扫描任务:testtar.tar, id:48
12-22 18:27:32,084378 [INFOR] [userlog] 当前:2023-12-22 18:27:32 用户:wwh 创建固件扫描任务:test_1, id:49
12-22 18:27:32,952937 [INFOR] [userlog] 当前:2023-12-22 18:27:32 用户:wwh 开始固件扫描任务:test_1, id:49
12-22 18:27:33,933119 [INFOR] [userlog] 当前:2023-12-22 18:27:33 用户:wwh 创建固件扫描任务:test_bash, id:50
12-22 18:27:34,792061 [INFOR] [userlog] 当前:2023-12-22 18:27:34 用户:wwh 开始固件扫描任务:test_bash, id:50
12-22 18:27:35,586476 [INFOR] [userlog] 当前:2023-12-22 18:27:35 用户:wwh 创建固件扫描任务:transmission-web_2.13-1_arm.ipk, id:51
12-22 18:27:36,504470 [INFOR] [userlog] 当前:2023-12-22 18:27:35 用户:wwh 开始固件扫描任务:transmission-web_2.13-1_arm.ipk, id:51
12-22 18:27:51,736362 [INFOR] [userlog] 当前:2023-12-22 18:27:51 用户:wwh 创建固件扫描任务:TS-X16_20230629-5.1.0.2444.zip, id:52
12-22 18:27:54,367276 [INFOR] [userlog] 当前:2023-12-22 18:27:53 用户:wwh 开始固件扫描任务:TS-X16_20230629-5.1.0.2444.zip, id:52
12-22 18:27:55,255613 [INFOR] [userlog] 当前:2023-12-22 18:27:55 用户:wwh 创建固件扫描任务:V204TA.GZ, id:53
12-22 18:27:56,063828 [INFOR] [userlog] 当前:2023-12-22 18:27:55 用户:wwh 开始固件扫描任务:V204TA.GZ, id:53
12-22 18:27:57,678816 [INFOR] [userlog] 当前:2023-12-22 18:27:57 用户:wwh 创建固件扫描任务:VDR-308_Ramdisk.zip, id:54
12-22 18:27:58,489033 [INFOR] [userlog] 当前:2023-12-22 18:27:57 用户:wwh 开始固件扫描任务:VDR-308_Ramdisk.zip, id:54
12-22 18:27:59,262993 [INFOR] [userlog] 当前:2023-12-22 18:27:59 用户:wwh 创建固件扫描任务:vin_gps_phone_number_test, id:55
12-22 18:28:00,071691 [INFOR] [userlog] 当前:2023-12-22 18:27:59 用户:wwh 开始固件扫描任务:vin_gps_phone_number_test, id:55
12-22 18:28:00,967639 [INFOR] [userlog] 当前:2023-12-22 18:28:00 用户:wwh 创建固件扫描任务:WE1N2_1000.bin, id:56
12-22 18:28:01,798285 [INFOR] [userlog] 当前:2023-12-22 18:28:01 用户:wwh 开始固件扫描任务:WE1N2_1000.bin, id:56
12-22 18:28:03,135624 [INFOR] [userlog] 当前:2023-12-22 18:28:03 用户:wwh 创建固件扫描任务:WJ-HD300A_3.13.zip, id:57
12-22 18:28:03,873258 [INFOR] [userlog] 当前:2023-12-22 18:28:03 用户:wwh 开始固件扫描任务:WJ-HD300A_3.13.zip, id:57
12-22 18:28:05,440348 [INFOR] [userlog] 当前:2023-12-22 18:28:05 用户:wwh 创建固件扫描任务:华为路由器 .bin, id:58
12-22 18:28:06,222371 [INFOR] [userlog] 当前:2023-12-22 18:28:05 用户:wwh 开始固件扫描任务:华为路由器 .bin, id:58
12-22 18:29:14,465439 [INFOR] [userlog] 当前:2023-12-22 18:29:14 用户:root 创建策略:root的默认内置策略, 并设为默认选项
12-22 18:29:14,481207 [INFOR] [userlog] 当前:2023-12-22 18:29:13 用户:root 登录成功
12-22 18:31:04,855670 [INFOR] [userlog] 当前:2023-12-22 18:31:04 用户:wwh 登录成功
12-22 18:32:41,877196 [INFOR] [userlog] 当前:2023-12-22 18:32:41 用户:wwh 登录成功
12-22 18:32:42,665435 [INFOR] [userlog] 当前:2023-12-22 18:32:42 用户:wwh 暂停固件扫描任务:Fx_Dual_Instance.bin, id:22
12-22 18:32:42,703572 [INFOR] [userlog] 当前:2023-12-22 18:32:42 用户:wwh 删除固件扫描任务:Fx_Dual_Instance.bin, id:22
12-22 18:32:42,726710 [INFOR] [userlog] 当前:2023-12-22 18:32:42 用户:wwh 创建固件扫描任务:Fx_Dual_Instance.bin, id:59
12-22 18:32:43,317748 [INFOR] [userlog] 当前:2023-12-22 18:32:42 用户:wwh 开始固件扫描任务:Fx_Dual_Instance.bin, id:59
12-22 18:32:44,214914 [INFOR] [userlog] 当前:2023-12-22 18:32:44 用户:wwh 创建固件扫描任务:Fx_Dual_Instance.elf, id:60
12-22 18:32:45,855919 [INFOR] [userlog] 当前:2023-12-22 18:32:44 用户:wwh 开始固件扫描任务:Fx_Dual_Instance.elf, id:60
12-22 18:32:47,311503 [INFOR] [userlog] 当前:2023-12-22 18:32:47 用户:wwh 创建固件扫描任务:Fx_Dual_Instance.bin, id:61
12-22 18:32:47,977229 [INFOR] [userlog] 当前:2023-12-22 18:32:47 用户:wwh 开始固件扫描任务:Fx_Dual_Instance.bin, id:61
12-22 18:32:49,237483 [INFOR] [userlog] 当前:2023-12-22 18:32:49 用户:wwh 创建固件扫描任务:Fx_Dual_Instance.elf, id:62
12-22 18:32:49,956144 [INFOR] [userlog] 当前:2023-12-22 18:32:49 用户:wwh 开始固件扫描任务:Fx_Dual_Instance.elf, id:62
12-22 18:32:50,592557 [INFOR] [userlog] 当前:2023-12-22 18:32:50 用户:wwh 创建固件扫描任务:debug.bin, id:63
12-22 18:32:51,242750 [INFOR] [userlog] 当前:2023-12-22 18:32:50 用户:wwh 开始固件扫描任务:debug.bin, id:63
12-22 18:32:51,965415 [INFOR] [userlog] 当前:2023-12-22 18:32:51 用户:wwh 创建固件扫描任务:STM324xG_EVAL.bin, id:64
12-22 18:32:53,546735 [INFOR] [userlog] 当前:2023-12-22 18:32:52 用户:wwh 开始固件扫描任务:STM324xG_EVAL.bin, id:64
12-22 18:32:55,250133 [INFOR] [userlog] 当前:2023-12-22 18:32:55 用户:wwh 创建固件扫描任务:STM324xG_EVAL.elf, id:65
12-22 18:32:55,876914 [INFOR] [userlog] 当前:2023-12-22 18:32:55 用户:wwh 开始固件扫描任务:STM324xG_EVAL.elf, id:65
12-22 18:32:56,547723 [INFOR] [userlog] 当前:2023-12-22 18:32:56 用户:wwh 暂停固件扫描任务:debug.bin, id:63
12-22 18:32:57,124010 [INFOR] [userlog] 当前:2023-12-22 18:32:57 用户:wwh 删除固件扫描任务:debug.bin, id:63
12-22 18:32:57,382050 [INFOR] [userlog] 当前:2023-12-22 18:32:56 用户:wwh 创建固件扫描任务:helloworld.bin, id:66
12-22 18:32:58,007474 [INFOR] [userlog] 当前:2023-12-22 18:32:57 用户:wwh 开始固件扫描任务:helloworld.bin, id:66
12-22 18:32:58,724000 [INFOR] [userlog] 当前:2023-12-22 18:32:58 用户:wwh 创建固件扫描任务:test.bin, id:67
12-22 18:32:59,643897 [INFOR] [userlog] 当前:2023-12-22 18:32:58 用户:wwh 开始固件扫描任务:test.bin, id:67
12-22 18:33:00,238304 [INFOR] [userlog] 当前:2023-12-22 18:33:00 用户:wwh 创建固件扫描任务:Fx_MultiAccess.bin, id:68
12-22 18:33:00,771203 [INFOR] [userlog] 当前:2023-12-22 18:33:00 用户:wwh 开始固件扫描任务:Fx_MultiAccess.bin, id:68
12-22 18:33:01,410588 [INFOR] [userlog] 当前:2023-12-22 18:33:01 用户:wwh 创建固件扫描任务:Ux_Device_Video.bin, id:69
12-22 18:33:02,007979 [INFOR] [userlog] 当前:2023-12-22 18:33:01 用户:wwh 开始固件扫描任务:Ux_Device_Video.bin, id:69
12-22 18:33:02,820679 [INFOR] [userlog] 当前:2023-12-22 18:33:02 用户:wwh 创建固件扫描任务:Ux_Device_Video.elf, id:70
12-22 18:33:03,396802 [INFOR] [userlog] 当前:2023-12-22 18:33:02 用户:wwh 开始固件扫描任务:Ux_Device_Video.elf, id:70
12-22 18:33:07,241688 [INFOR] [userlog] 当前:2023-12-22 18:33:07 用户:wwh 登录成功
12-22 18:33:07,946172 [INFOR] [userlog] 当前:2023-12-22 18:33:07 用户:wwh 创建固件扫描任务:fbaa64_Aarch64_all_false.efi, id:71
12-22 18:33:08,489280 [INFOR] [userlog] 当前:2023-12-22 18:33:08 用户:wwh 开始固件扫描任务:fbaa64_Aarch64_all_false.efi, id:71
12-22 18:33:08,940112 [INFOR] [userlog] 当前:2023-12-22 18:33:08 用户:wwh 创建固件扫描任务:main_x86-64_all_false.efi, id:72
12-22 18:33:09,567882 [INFOR] [userlog] 当前:2023-12-22 18:33:09 用户:wwh 开始固件扫描任务:main_x86-64_all_false.efi, id:72
12-22 18:33:10,369859 [INFOR] [userlog] 当前:2023-12-22 18:33:10 用户:wwh 创建固件扫描任务:main_x86-64_ASLR_DEP_HighentropyVA.efi, id:73
12-22 18:33:12,652532 [INFOR] [userlog] 当前:2023-12-22 18:33:10 用户:wwh 开始固件扫描任务:main_x86-64_ASLR_DEP_HighentropyVA.efi, id:73
12-22 18:33:14,579950 [INFOR] [userlog] 当前:2023-12-22 18:33:13 用户:wwh 创建固件扫描任务:shimaa64_Aarch64_ASLR_DEP_ControlFlowGuard.efi, id:74
12-22 18:33:15,414528 [INFOR] [userlog] 当前:2023-12-22 18:33:14 用户:wwh 开始固件扫描任务:shimaa64_Aarch64_ASLR_DEP_ControlFlowGuard.efi, id:74
12-22 18:33:16,383476 [INFOR] [userlog] 当前:2023-12-22 18:33:16 用户:wwh 创建固件扫描任务:shimx64_x86-64_ASLR_DEP_HighentropyVA_ControlFlowGuard.efi, id:75
12-22 18:33:17,175533 [INFOR] [userlog] 当前:2023-12-22 18:33:16 用户:wwh 开始固件扫描任务:shimx64_x86-64_ASLR_DEP_HighentropyVA_ControlFlowGuard.efi, id:75
12-22 18:33:48,512276 [INFOR] [userlog] 当前:2023-12-22 18:33:48 用户:wwh 登录成功
12-22 18:33:49,478414 [INFOR] [userlog] 当前:2023-12-22 18:33:49 用户:wwh 创建固件扫描任务:vxWorks.symtab, id:76
12-22 18:33:50,171793 [INFOR] [userlog] 当前:2023-12-22 18:33:49 用户:wwh 开始固件扫描任务:vxWorks.symtab, id:76
12-22 18:33:51,439241 [INFOR] [userlog] 当前:2023-12-22 18:33:51 用户:wwh 创建固件扫描任务:vxWorks_v5_mips_bigendian.bin, id:77
12-22 18:33:52,180732 [INFOR] [userlog] 当前:2023-12-22 18:33:51 用户:wwh 开始固件扫描任务:vxWorks_v5_mips_bigendian.bin, id:77
12-22 18:33:53,037808 [INFOR] [userlog] 当前:2023-12-22 18:33:53 用户:wwh 创建固件扫描任务:vxWorks.bin.symtab, id:78
12-22 18:33:54,286861 [INFOR] [userlog] 当前:2023-12-22 18:33:53 用户:wwh 开始固件扫描任务:vxWorks.bin.symtab, id:78
12-22 18:33:56,243322 [INFOR] [userlog] 当前:2023-12-22 18:33:55 用户:wwh 创建固件扫描任务:vxWorks_v5_mips_little-endian.bin, id:79
12-22 18:33:57,783854 [INFOR] [userlog] 当前:2023-12-22 18:33:57 用户:wwh 开始固件扫描任务:vxWorks_v5_mips_little-endian.bin, id:79
12-22 18:33:58,676072 [INFOR] [userlog] 当前:2023-12-22 18:33:58 用户:wwh 创建固件扫描任务:vxWorks.elf, id:80
12-22 18:34:00,134282 [INFOR] [userlog] 当前:2023-12-22 18:33:58 用户:wwh 开始固件扫描任务:vxWorks.elf, id:80
12-22 18:34:01,460160 [INFOR] [userlog] 当前:2023-12-22 18:34:01 用户:wwh 创建固件扫描任务:vxWorks_v6_mk68_bigendian.bin, id:81
12-22 18:34:02,078207 [INFOR] [userlog] 当前:2023-12-22 18:34:01 用户:wwh 开始固件扫描任务:vxWorks_v6_mk68_bigendian.bin, id:81
12-22 18:34:04,149412 [INFOR] [userlog] 当前:2023-12-22 18:34:04 用户:wwh 创建固件扫描任务:uVxWorks, id:82
12-22 18:34:05,922670 [INFOR] [userlog] 当前:2023-12-22 18:34:04 用户:wwh 开始固件扫描任务:uVxWorks, id:82
12-22 18:34:10,247982 [INFOR] [userlog] 当前:2023-12-22 18:34:09 用户:wwh 创建固件扫描任务:vxWorks_v7_arm_little-endian_nxp_lmx8.bin, id:83
12-22 18:34:11,368880 [INFOR] [userlog] 当前:2023-12-22 18:34:10 用户:wwh 开始固件扫描任务:vxWorks_v7_arm_little-endian_nxp_lmx8.bin, id:83
12-22 18:34:14,423688 [INFOR] [userlog] 当前:2023-12-22 18:34:14 用户:wwh 创建固件扫描任务:vxWorks_v7_arm_little-endian_nxp_lmx8.elf, id:84
12-22 18:34:14,978010 [INFOR] [userlog] 当前:2023-12-22 18:34:14 用户:wwh 开始固件扫描任务:vxWorks_v7_arm_little-endian_nxp_lmx8.elf, id:84
12-22 18:34:16,602723 [INFOR] [userlog] 当前:2023-12-22 18:34:16 用户:wwh 创建固件扫描任务:vxWorks_v7_arm_little-endian_nxp_raspberrypi4b.bin, id:85
12-22 18:34:17,234589 [INFOR] [userlog] 当前:2023-12-22 18:34:16 用户:wwh 开始固件扫描任务:vxWorks_v7_arm_little-endian_nxp_raspberrypi4b.bin, id:85
12-22 18:34:19,916470 [INFOR] [userlog] 当前:2023-12-22 18:34:19 用户:wwh 创建固件扫描任务:uVxWorks, id:86
12-22 18:34:21,300537 [INFOR] [userlog] 当前:2023-12-22 18:34:20 用户:wwh 开始固件扫描任务:uVxWorks, id:86
12-22 18:34:25,480722 [INFOR] [userlog] 当前:2023-12-22 18:34:25 用户:wwh 创建固件扫描任务:vxWorks_v7_arm_little-endian_nxp_raspberrypi4b.elf, id:87
12-22 18:34:26,207222 [INFOR] [userlog] 当前:2023-12-22 18:34:25 用户:wwh 开始固件扫描任务:vxWorks_v7_arm_little-endian_nxp_raspberrypi4b.elf, id:87
12-22 18:34:27,597357 [INFOR] [userlog] 当前:2023-12-22 18:34:27 用户:wwh 创建固件扫描任务:vxWorks_v7_riscv_little_endian.bin, id:88
12-22 18:34:29,260783 [INFOR] [userlog] 当前:2023-12-22 18:34:27 用户:wwh 开始固件扫描任务:vxWorks_v7_riscv_little_endian.bin, id:88
12-22 18:34:32,258126 [INFOR] [userlog] 当前:2023-12-22 18:34:32 用户:wwh 创建固件扫描任务:uVxWorks, id:89
12-22 18:34:32,919273 [INFOR] [userlog] 当前:2023-12-22 18:34:32 用户:wwh 开始固件扫描任务:uVxWorks, id:89
12-22 18:34:39,612098 [INFOR] [userlog] 当前:2023-12-22 18:34:39 用户:wwh 创建固件扫描任务:vxWorks_v7_riscv_little_endian.elf, id:90
12-22 18:34:40,277008 [INFOR] [userlog] 当前:2023-12-22 18:34:39 用户:wwh 开始固件扫描任务:vxWorks_v7_riscv_little_endian.elf, id:90
12-22 18:34:51,069775 [INFOR] [userlog] 当前:2023-12-22 18:34:50 用户:wwh 创建固件扫描任务:vxWorks, id:91
12-22 18:34:55,657691 [INFOR] [userlog] 当前:2023-12-22 18:34:52 用户:wwh 开始固件扫描任务:vxWorks, id:91
12-22 18:35:08,408832 [INFOR] [userlog] 当前:2023-12-22 18:35:05 用户:wwh 创建固件扫描任务:vxWorks_v7_x86_qemu.bin, id:92
12-22 18:35:12,383493 [INFOR] [userlog] 当前:2023-12-22 18:35:09 用户:wwh 开始固件扫描任务:vxWorks_v7_x86_qemu.bin, id:92
12-22 18:35:27,069382 [INFOR] [userlog] 当前:2023-12-22 18:35:27 用户:wwh 创建固件扫描任务:vxWorks_v7_x86_qemu.elf, id:93
12-22 18:35:27,689739 [INFOR] [userlog] 当前:2023-12-22 18:35:27 用户:wwh 开始固件扫描任务:vxWorks_v7_x86_qemu.elf, id:93
12-22 18:35:40,937993 [INFOR] [userlog] 当前:2023-12-22 18:35:40 用户:wwh 创建固件扫描任务:vxWorks_v7_x86_up2.bin, id:94
12-22 18:35:45,428164 [INFOR] [userlog] 当前:2023-12-22 18:35:43 用户:wwh 开始固件扫描任务:vxWorks_v7_x86_up2.bin, id:94
12-22 18:35:59,461811 [INFOR] [userlog] 当前:2023-12-22 18:35:59 用户:wwh 创建固件扫描任务:vxWorks_v7_x86_up2.elf, id:95
12-22 18:36:00,214957 [INFOR] [userlog] 当前:2023-12-22 18:35:59 用户:wwh 开始固件扫描任务:vxWorks_v7_x86_up2.elf, id:95
12-22 18:36:10,574164 [INFOR] [userlog] 当前:2023-12-22 18:36:09 用户:wwh 创建固件扫描任务:vxWorks-qemu.img, id:96
12-22 18:36:12,481180 [INFOR] [userlog] 当前:2023-12-22 18:36:11 用户:wwh 开始固件扫描任务:vxWorks-qemu.img, id:96
12-22 18:36:43,238855 [INFOR] [userlog] 当前:2023-12-22 18:36:43 用户:wwh 登录成功
12-22 18:36:46,478471 [INFOR] [userlog] 当前:2023-12-22 18:36:46 用户:wwh 创建固件扫描任务:sf6, id:97
12-22 18:36:48,845812 [INFOR] [userlog] 当前:2023-12-22 18:36:46 用户:wwh 开始固件扫描任务:sf6, id:97
12-22 18:36:52,507770 [INFOR] [userlog] 当前:2023-12-22 18:36:51 用户:wwh 创建固件扫描任务:bileiqi_monitor, id:98
12-22 18:36:54,181092 [INFOR] [userlog] 当前:2023-12-22 18:36:53 用户:wwh 开始固件扫描任务:bileiqi_monitor, id:98
12-22 18:36:55,213079 [INFOR] [userlog] 当前:2023-12-22 18:36:55 用户:wwh 创建固件扫描任务:ArresterOnLine.hex, id:99
12-22 18:36:55,811447 [INFOR] [userlog] 当前:2023-12-22 18:36:55 用户:wwh 开始固件扫描任务:ArresterOnLine.hex, id:99
12-22 18:36:57,169928 [INFOR] [userlog] 当前:2023-12-22 18:36:56 用户:wwh 创建固件扫描任务:标准数据集中器.hex, id:100
12-22 18:36:58,288106 [INFOR] [userlog] 当前:2023-12-22 18:36:57 用户:wwh 开始固件扫描任务:标准数据集中器.hex, id:100
12-22 18:36:59,043518 [INFOR] [userlog] 当前:2023-12-22 18:36:59 用户:wwh 创建固件扫描任务:防爆盒固件-cable_proof_app_V206.hex, id:101
12-22 18:37:00,038215 [INFOR] [userlog] 当前:2023-12-22 18:36:59 用户:wwh 开始固件扫描任务:防爆盒固件-cable_proof_app_V206.hex, id:101
12-22 18:37:00,857494 [INFOR] [userlog] 当前:2023-12-22 18:37:00 用户:wwh 创建固件扫描任务:SCM6JIZHONG.hex, id:102
12-22 18:37:01,688488 [INFOR] [userlog] 当前:2023-12-22 18:37:01 用户:wwh 开始固件扫描任务:SCM6JIZHONG.hex, id:102
12-22 18:37:02,407475 [INFOR] [userlog] 当前:2023-12-22 18:37:02 用户:wwh 创建固件扫描任务:机械特性采集器.hex, id:103
12-22 18:37:03,149086 [INFOR] [userlog] 当前:2023-12-22 18:37:02 用户:wwh 开始固件扫描任务:机械特性采集器.hex, id:103
12-22 18:37:03,732998 [INFOR] [userlog] 当前:2023-12-22 18:37:03 用户:wwh 创建固件扫描任务:机械特性采集程序, id:104
12-22 18:37:04,343872 [INFOR] [userlog] 当前:2023-12-22 18:37:03 用户:wwh 开始固件扫描任务:机械特性采集程序, id:104
12-22 18:37:05,491034 [INFOR] [userlog] 当前:2023-12-22 18:37:05 用户:wwh 创建固件扫描任务:CC2530_Card.hex, id:105
12-22 18:37:06,530250 [INFOR] [userlog] 当前:2023-12-22 18:37:05 用户:wwh 开始固件扫描任务:CC2530_Card.hex, id:105
12-22 18:37:07,146912 [INFOR] [userlog] 当前:2023-12-22 18:37:07 用户:wwh 创建固件扫描任务:M-20140708.hex, id:106
12-22 18:37:07,940537 [INFOR] [userlog] 当前:2023-12-22 18:37:07 用户:wwh 开始固件扫描任务:M-20140708.hex, id:106
12-22 18:37:08,687189 [INFOR] [userlog] 当前:2023-12-22 18:37:08 用户:wwh 创建固件扫描任务:远传带电指示器.hex, id:107
12-22 18:37:09,329626 [INFOR] [userlog] 当前:2023-12-22 18:37:08 用户:wwh 开始固件扫描任务:远传带电指示器.hex, id:107
12-22 18:40:25,135187 [INFOR] [userlog] 当前:2023-12-22 18:40:24 用户:root 登录成功
12-22 18:42:22,340134 [INFOR] [userlog] 当前:2023-12-22 18:42:21 用户:wwh 登录成功
12-22 18:42:23,181809 [INFOR] [userlog] 当前:2023-12-22 18:42:23 用户:wwh 创建固件扫描任务:additional_data.srec, id:108
12-22 18:42:23,928378 [INFOR] [userlog] 当前:2023-12-22 18:42:23 用户:wwh 开始固件扫描任务:additional_data.srec, id:108
12-22 18:42:24,637368 [INFOR] [userlog] 当前:2023-12-22 18:42:24 用户:wwh 创建固件扫描任务:ambarella_rom.fs, id:109
12-22 18:42:25,356437 [INFOR] [userlog] 当前:2023-12-22 18:42:24 用户:wwh 开始固件扫描任务:ambarella_rom.fs, id:109
12-22 18:42:25,976374 [INFOR] [userlog] 当前:2023-12-22 18:42:25 用户:wwh 创建固件扫描任务:bad_testfile.srec, id:110
12-22 18:42:26,778062 [INFOR] [userlog] 当前:2023-12-22 18:42:26 用户:wwh 开始固件扫描任务:bad_testfile.srec, id:110
12-22 18:42:27,787516 [INFOR] [userlog] 当前:2023-12-22 18:42:27 用户:wwh 创建固件扫描任务:bad_testfile2.srec, id:111
12-22 18:42:28,454370 [INFOR] [userlog] 当前:2023-12-22 18:42:27 用户:wwh 开始固件扫描任务:bad_testfile2.srec, id:111
12-22 18:42:29,106860 [INFOR] [userlog] 当前:2023-12-22 18:42:29 用户:wwh 创建固件扫描任务:bogus_image.bin, id:112
12-22 18:42:29,703285 [INFOR] [userlog] 当前:2023-12-22 18:42:29 用户:wwh 开始固件扫描任务:bogus_image.bin, id:112
12-22 18:42:30,500259 [INFOR] [userlog] 当前:2023-12-22 18:42:30 用户:wwh 创建固件扫描任务:btrfs.img.xz, id:113
12-22 18:42:31,355142 [INFOR] [userlog] 当前:2023-12-22 18:42:30 用户:wwh 开始固件扫描任务:btrfs.img.xz, id:113
12-22 18:42:32,039568 [INFOR] [userlog] 当前:2023-12-22 18:42:32 用户:wwh 创建固件扫描任务:bzImage_bzip2, id:114
12-22 18:42:32,697524 [INFOR] [userlog] 当前:2023-12-22 18:42:32 用户:wwh 开始固件扫描任务:bzImage_bzip2, id:114
12-22 18:42:33,627377 [INFOR] [userlog] 当前:2023-12-22 18:42:33 用户:wwh 创建固件扫描任务:bzImage_gzip, id:115
12-22 18:42:34,878394 [INFOR] [userlog] 当前:2023-12-22 18:42:34 用户:wwh 开始固件扫描任务:bzImage_gzip, id:115
12-22 18:42:35,648376 [INFOR] [userlog] 当前:2023-12-22 18:42:35 用户:wwh 创建固件扫描任务:bzImage_lz4, id:116
12-22 18:42:36,236546 [INFOR] [userlog] 当前:2023-12-22 18:42:35 用户:wwh 开始固件扫描任务:bzImage_lz4, id:116
12-22 18:42:36,890153 [INFOR] [userlog] 当前:2023-12-22 18:42:36 用户:wwh 暂停固件扫描任务:bzImage_lzma, id:14
12-22 18:42:36,939443 [INFOR] [userlog] 当前:2023-12-22 18:42:36 用户:wwh 删除固件扫描任务:bzImage_lzma, id:14
12-22 18:42:36,951428 [INFOR] [userlog] 当前:2023-12-22 18:42:36 用户:wwh 创建固件扫描任务:bzImage_lzma, id:117
12-22 18:42:37,570750 [INFOR] [userlog] 当前:2023-12-22 18:42:37 用户:wwh 开始固件扫描任务:bzImage_lzma, id:117
12-22 18:42:38,271830 [INFOR] [userlog] 当前:2023-12-22 18:42:38 用户:wwh 创建固件扫描任务:bzImage_lzo, id:118
12-22 18:42:39,754006 [INFOR] [userlog] 当前:2023-12-22 18:42:38 用户:wwh 开始固件扫描任务:bzImage_lzo, id:118
12-22 18:42:41,110457 [INFOR] [userlog] 当前:2023-12-22 18:42:41 用户:wwh 创建固件扫描任务:bzImage_xz, id:119
12-22 18:42:41,901282 [INFOR] [userlog] 当前:2023-12-22 18:42:41 用户:wwh 开始固件扫描任务:bzImage_xz, id:119
12-22 18:42:42,528394 [INFOR] [userlog] 当前:2023-12-22 18:42:42 用户:wwh 创建固件扫描任务:cramfs.img, id:120
12-22 18:42:43,145287 [INFOR] [userlog] 当前:2023-12-22 18:42:42 用户:wwh 开始固件扫描任务:cramfs.img, id:120
12-22 18:42:43,724394 [INFOR] [userlog] 当前:2023-12-22 18:42:43 用户:wwh 创建固件扫描任务:Default-Portrait@2x_ipad.png.patch, id:121
12-22 18:42:44,434064 [INFOR] [userlog] 当前:2023-12-22 18:42:43 用户:wwh 开始固件扫描任务:Default-Portrait@2x_ipad.png.patch, id:121
12-22 18:42:45,312874 [INFOR] [userlog] 当前:2023-12-22 18:42:45 用户:wwh 创建固件扫描任务:desktop.ini, id:122
12-22 18:42:46,737953 [INFOR] [userlog] 当前:2023-12-22 18:42:46 用户:wwh 开始固件扫描任务:desktop.ini, id:122
12-22 18:42:47,430227 [INFOR] [userlog] 当前:2023-12-22 18:42:47 用户:wwh 创建固件扫描任务:dh.bin, id:123
12-22 18:42:48,042383 [INFOR] [userlog] 当前:2023-12-22 18:42:47 用户:wwh 开始固件扫描任务:dh.bin, id:123
12-22 18:42:48,673306 [INFOR] [userlog] 当前:2023-12-22 18:42:48 用户:wwh 创建固件扫描任务:dji.img, id:124
12-22 18:42:49,313560 [INFOR] [userlog] 当前:2023-12-22 18:42:48 用户:wwh 开始固件扫描任务:dji.img, id:124
12-22 18:42:50,068400 [INFOR] [userlog] 当前:2023-12-22 18:42:50 用户:wwh 创建固件扫描任务:DLM-First_1MB.DLM, id:125
12-22 18:42:51,554215 [INFOR] [userlog] 当前:2023-12-22 18:42:50 用户:wwh 开始固件扫描任务:DLM-First_1MB.DLM, id:125
12-22 18:42:52,294706 [INFOR] [userlog] 当前:2023-12-22 18:42:52 用户:wwh 创建固件扫描任务:empty, id:126
12-22 18:42:53,432212 [INFOR] [userlog] 当前:2023-12-22 18:42:52 用户:wwh 开始固件扫描任务:empty, id:126
12-22 18:42:54,024309 [INFOR] [userlog] 当前:2023-12-22 18:42:53 用户:wwh 创建固件扫描任务:encoded.bin, id:127
12-22 18:42:54,740700 [INFOR] [userlog] 当前:2023-12-22 18:42:54 用户:wwh 开始固件扫描任务:encoded.bin, id:127
12-22 18:42:55,394595 [INFOR] [userlog] 当前:2023-12-22 18:42:55 用户:wwh 创建固件扫描任务:ext2.img.xz, id:128
12-22 18:42:56,053394 [INFOR] [userlog] 当前:2023-12-22 18:42:55 用户:wwh 开始固件扫描任务:ext2.img.xz, id:128
12-22 18:42:57,351991 [INFOR] [userlog] 当前:2023-12-22 18:42:57 用户:wwh 创建固件扫描任务:ext3.img.xz, id:129
12-22 18:42:58,078794 [INFOR] [userlog] 当前:2023-12-22 18:42:57 用户:wwh 开始固件扫描任务:ext3.img.xz, id:129
12-22 18:42:58,818230 [INFOR] [userlog] 当前:2023-12-22 18:42:58 用户:wwh 创建固件扫描任务:ext4.img.xz, id:130
12-22 18:42:59,527488 [INFOR] [userlog] 当前:2023-12-22 18:42:59 用户:wwh 开始固件扫描任务:ext4.img.xz, id:130
12-22 18:43:00,430567 [INFOR] [userlog] 当前:2023-12-22 18:43:00 用户:wwh 创建固件扫描任务:f2fs.img.xz, id:131
12-22 18:43:01,121575 [INFOR] [userlog] 当前:2023-12-22 18:43:00 用户:wwh 开始固件扫描任务:f2fs.img.xz, id:131
12-22 18:43:01,752740 [INFOR] [userlog] 当前:2023-12-22 18:43:01 用户:wwh 创建固件扫描任务:fake.sqfs, id:132
12-22 18:43:02,401204 [INFOR] [userlog] 当前:2023-12-22 18:43:01 用户:wwh 开始固件扫描任务:fake.sqfs, id:132
12-22 18:43:03,030726 [INFOR] [userlog] 当前:2023-12-22 18:43:03 用户:wwh 创建固件扫描任务:fake_7z.7z, id:133
12-22 18:43:03,763509 [INFOR] [userlog] 当前:2023-12-22 18:43:03 用户:wwh 开始固件扫描任务:fake_7z.7z, id:133
12-22 18:43:04,964759 [INFOR] [userlog] 当前:2023-12-22 18:43:04 用户:wwh 创建固件扫描任务:fake_gz.gz, id:134
12-22 18:43:05,537040 [INFOR] [userlog] 当前:2023-12-22 18:43:05 用户:wwh 开始固件扫描任务:fake_gz.gz, id:134
12-22 18:43:06,125601 [INFOR] [userlog] 当前:2023-12-22 18:43:06 用户:wwh 创建固件扫描任务:fake_tar.tar, id:135
12-22 18:43:07,400464 [INFOR] [userlog] 当前:2023-12-22 18:43:06 用户:wwh 开始固件扫描任务:fake_tar.tar, id:135
12-22 18:43:08,855608 [INFOR] [userlog] 当前:2023-12-22 18:43:08 用户:wwh 创建固件扫描任务:fake_xz.bin, id:136
12-22 18:43:09,464275 [INFOR] [userlog] 当前:2023-12-22 18:43:09 用户:wwh 开始固件扫描任务:fake_xz.bin, id:136
12-22 18:43:10,116436 [INFOR] [userlog] 当前:2023-12-22 18:43:10 用户:wwh 创建固件扫描任务:fake_xz.xz, id:137
12-22 18:43:10,741354 [INFOR] [userlog] 当前:2023-12-22 18:43:10 用户:wwh 开始固件扫描任务:fake_xz.xz, id:137
12-22 18:43:11,338359 [INFOR] [userlog] 当前:2023-12-22 18:43:11 用户:wwh 创建固件扫描任务:fake_zip.zip, id:138
12-22 18:43:12,030872 [INFOR] [userlog] 当前:2023-12-22 18:43:11 用户:wwh 开始固件扫描任务:fake_zip.zip, id:138
12-22 18:43:13,432586 [INFOR] [userlog] 当前:2023-12-22 18:43:12 用户:wwh 创建固件扫描任务:fat.img.xz, id:139
12-22 18:43:14,293142 [INFOR] [userlog] 当前:2023-12-22 18:43:13 用户:wwh 开始固件扫描任务:fat.img.xz, id:139
12-22 18:43:15,418094 [INFOR] [userlog] 当前:2023-12-22 18:43:15 用户:wwh 创建固件扫描任务:hfs.img.xz, id:140
12-22 18:43:16,686892 [INFOR] [userlog] 当前:2023-12-22 18:43:15 用户:wwh 开始固件扫描任务:hfs.img.xz, id:140
12-22 18:43:17,406306 [INFOR] [userlog] 当前:2023-12-22 18:43:17 用户:wwh 创建固件扫描任务:hp_container.pjl, id:141
12-22 18:43:18,043672 [INFOR] [userlog] 当前:2023-12-22 18:43:17 用户:wwh 开始固件扫描任务:hp_container.pjl, id:141
12-22 18:43:18,716203 [INFOR] [userlog] 当前:2023-12-22 18:43:18 用户:wwh 创建固件扫描任务:hp_new_container.pjl, id:142
12-22 18:43:20,118475 [INFOR] [userlog] 当前:2023-12-22 18:43:18 用户:wwh 开始固件扫描任务:hp_new_container.pjl, id:142
12-22 18:43:20,851723 [INFOR] [userlog] 当前:2023-12-22 18:43:20 用户:wwh 创建固件扫描任务:invalid_file, id:143
12-22 18:43:21,666980 [INFOR] [userlog] 当前:2023-12-22 18:43:21 用户:wwh 开始固件扫描任务:invalid_file, id:143
12-22 18:43:22,564970 [INFOR] [userlog] 当前:2023-12-22 18:43:22 用户:wwh 创建固件扫描任务:jffs2_be.img, id:144
12-22 18:43:23,375452 [INFOR] [userlog] 当前:2023-12-22 18:43:22 用户:wwh 开始固件扫描任务:jffs2_be.img, id:144
12-22 18:43:24,186231 [INFOR] [userlog] 当前:2023-12-22 18:43:24 用户:wwh 创建固件扫描任务:jffs2_le.img, id:145
12-22 18:43:24,828770 [INFOR] [userlog] 当前:2023-12-22 18:43:24 用户:wwh 开始固件扫描任务:jffs2_le.img, id:145
12-22 18:43:25,835293 [INFOR] [userlog] 当前:2023-12-22 18:43:25 用户:wwh 创建固件扫描任务:jfs.img.xz, id:146
12-22 18:43:26,434737 [INFOR] [userlog] 当前:2023-12-22 18:43:26 用户:wwh 开始固件扫描任务:jfs.img.xz, id:146
12-22 18:43:27,598527 [INFOR] [userlog] 当前:2023-12-22 18:43:27 用户:wwh 创建固件扫描任务:magic.mgc, id:147
12-22 18:43:29,554329 [INFOR] [userlog] 当前:2023-12-22 18:43:28 用户:wwh 开始固件扫描任务:magic.mgc, id:147
12-22 18:43:30,302164 [INFOR] [userlog] 当前:2023-12-22 18:43:30 用户:wwh 创建固件扫描任务:mbr.img.xz, id:148
12-22 18:43:30,922299 [INFOR] [userlog] 当前:2023-12-22 18:43:30 用户:wwh 开始固件扫描任务:mbr.img.xz, id:148
12-22 18:43:31,507137 [INFOR] [userlog] 当前:2023-12-22 18:43:31 用户:wwh 创建固件扫描任务:minix.img.xz, id:149
12-22 18:43:32,128817 [INFOR] [userlog] 当前:2023-12-22 18:43:31 用户:wwh 开始固件扫描任务:minix.img.xz, id:149
12-22 18:43:33,287878 [INFOR] [userlog] 当前:2023-12-22 18:43:33 用户:wwh 创建固件扫描任务:netgear.trx, id:150
12-22 18:43:33,962262 [INFOR] [userlog] 当前:2023-12-22 18:43:33 用户:wwh 开始固件扫描任务:netgear.trx, id:150
12-22 18:43:34,696736 [INFOR] [userlog] 当前:2023-12-22 18:43:34 用户:wwh 创建固件扫描任务:nothing.bin, id:151
12-22 18:43:35,276299 [INFOR] [userlog] 当前:2023-12-22 18:43:34 用户:wwh 开始固件扫描任务:nothing.bin, id:151
12-22 18:43:35,841682 [INFOR] [userlog] 当前:2023-12-22 18:43:35 用户:wwh 创建固件扫描任务:ntfs.img.xz, id:152
12-22 18:43:36,418996 [INFOR] [userlog] 当前:2023-12-22 18:43:35 用户:wwh 开始固件扫描任务:ntfs.img.xz, id:152
12-22 18:43:36,934814 [INFOR] [userlog] 当前:2023-12-22 18:43:36 用户:wwh 创建固件扫描任务:objcopy.xtek, id:153
12-22 18:43:37,391210 [INFOR] [userlog] 当前:2023-12-22 18:43:37 用户:wwh 开始固件扫描任务:objcopy.xtek, id:153
12-22 18:43:37,988376 [INFOR] [userlog] 当前:2023-12-22 18:43:37 用户:wwh 创建固件扫描任务:raw.bin, id:154
12-22 18:43:38,532079 [INFOR] [userlog] 当前:2023-12-22 18:43:38 用户:wwh 开始固件扫描任务:raw.bin, id:154
12-22 18:43:39,092555 [INFOR] [userlog] 当前:2023-12-22 18:43:39 用户:wwh 创建固件扫描任务:reiserfs.img.xz, id:155
12-22 18:43:39,680830 [INFOR] [userlog] 当前:2023-12-22 18:43:39 用户:wwh 开始固件扫描任务:reiserfs.img.xz, id:155
12-22 18:43:40,390503 [INFOR] [userlog] 当前:2023-12-22 18:43:40 用户:wwh 创建固件扫描任务:romfs.img, id:156
12-22 18:43:42,924348 [INFOR] [userlog] 当前:2023-12-22 18:43:41 用户:wwh 开始固件扫描任务:romfs.img, id:156
12-22 18:43:43,910536 [INFOR] [userlog] 当前:2023-12-22 18:43:43 用户:wwh 创建固件扫描任务:sqfs.img, id:157
12-22 18:43:45,702457 [INFOR] [userlog] 当前:2023-12-22 18:43:44 用户:wwh 开始固件扫描任务:sqfs.img, id:157
12-22 18:43:46,386637 [INFOR] [userlog] 当前:2023-12-22 18:43:46 用户:wwh 创建固件扫描任务:test.7z, id:158
12-22 18:43:47,144049 [INFOR] [userlog] 当前:2023-12-22 18:43:46 用户:wwh 开始固件扫描任务:test.7z, id:158
12-22 18:43:47,915672 [INFOR] [userlog] 当前:2023-12-22 18:43:47 用户:wwh 创建固件扫描任务:test.arc, id:159
12-22 18:43:49,084320 [INFOR] [userlog] 当前:2023-12-22 18:43:48 用户:wwh 开始固件扫描任务:test.arc, id:159
12-22 18:43:49,915691 [INFOR] [userlog] 当前:2023-12-22 18:43:49 用户:wwh 创建固件扫描任务:test.arj, id:160
12-22 18:43:50,657514 [INFOR] [userlog] 当前:2023-12-22 18:43:50 用户:wwh 开始固件扫描任务:test.arj, id:160
12-22 18:43:51,424883 [INFOR] [userlog] 当前:2023-12-22 18:43:51 用户:wwh 创建固件扫描任务:test.cab, id:161
12-22 18:43:52,160568 [INFOR] [userlog] 当前:2023-12-22 18:43:51 用户:wwh 开始固件扫描任务:test.cab, id:161
12-22 18:43:53,195005 [INFOR] [userlog] 当前:2023-12-22 18:43:52 用户:wwh 创建固件扫描任务:test.deb, id:162
12-22 18:43:53,967457 [INFOR] [userlog] 当前:2023-12-22 18:43:53 用户:wwh 开始固件扫描任务:test.deb, id:162
12-22 18:43:54,736058 [INFOR] [userlog] 当前:2023-12-22 18:43:54 用户:wwh 创建固件扫描任务:test.dec, id:163
12-22 18:43:55,533972 [INFOR] [userlog] 当前:2023-12-22 18:43:54 用户:wwh 开始固件扫描任务:test.dec, id:163
12-22 18:43:56,281452 [INFOR] [userlog] 当前:2023-12-22 18:43:56 用户:wwh 创建固件扫描任务:test.dsk1, id:164
12-22 18:43:56,994480 [INFOR] [userlog] 当前:2023-12-22 18:43:56 用户:wwh 开始固件扫描任务:test.dsk1, id:164
12-22 18:43:57,772670 [INFOR] [userlog] 当前:2023-12-22 18:43:57 用户:wwh 创建固件扫描任务:test.dsk_ext, id:165
12-22 18:43:58,710054 [INFOR] [userlog] 当前:2023-12-22 18:43:57 用户:wwh 开始固件扫描任务:test.dsk_ext, id:165
12-22 18:43:59,422828 [INFOR] [userlog] 当前:2023-12-22 18:43:59 用户:wwh 创建固件扫描任务:test.fw, id:166
12-22 18:44:00,043578 [INFOR] [userlog] 当前:2023-12-22 18:43:59 用户:wwh 开始固件扫描任务:test.fw, id:166
12-22 18:44:00,678336 [INFOR] [userlog] 当前:2023-12-22 18:44:00 用户:wwh 创建固件扫描任务:test.lzo, id:167
12-22 18:44:01,964124 [INFOR] [userlog] 当前:2023-12-22 18:44:00 用户:wwh 开始固件扫描任务:test.lzo, id:167
12-22 18:44:03,115269 [INFOR] [userlog] 当前:2023-12-22 18:44:03 用户:wwh 创建固件扫描任务:test.ros, id:168
12-22 18:44:03,717011 [INFOR] [userlog] 当前:2023-12-22 18:44:03 用户:wwh 开始固件扫描任务:test.ros, id:168
12-22 18:44:04,731303 [INFOR] [userlog] 当前:2023-12-22 18:44:04 用户:wwh 创建固件扫描任务:test.sitx, id:169
12-22 18:44:05,686844 [INFOR] [userlog] 当前:2023-12-22 18:44:05 用户:wwh 开始固件扫描任务:test.sitx, id:169
12-22 18:44:06,311655 [INFOR] [userlog] 当前:2023-12-22 18:44:06 用户:wwh 创建固件扫描任务:test.tar.bz2, id:170
12-22 18:44:06,824871 [INFOR] [userlog] 当前:2023-12-22 18:44:06 用户:wwh 开始固件扫描任务:test.tar.bz2, id:170
12-22 18:44:07,331870 [INFOR] [userlog] 当前:2023-12-22 18:44:07 用户:wwh 创建固件扫描任务:test.tar.zip, id:171
12-22 18:44:07,937607 [INFOR] [userlog] 当前:2023-12-22 18:44:07 用户:wwh 开始固件扫描任务:test.tar.zip, id:171
12-22 18:44:09,584103 [INFOR] [userlog] 当前:2023-12-22 18:44:08 用户:wwh 创建固件扫描任务:test.tpl, id:172
12-22 18:44:10,929668 [INFOR] [userlog] 当前:2023-12-22 18:44:10 用户:wwh 开始固件扫描任务:test.tpl, id:172
12-22 18:44:12,061751 [INFOR] [userlog] 当前:2023-12-22 18:44:11 用户:wwh 创建固件扫描任务:test.ubifs, id:173
12-22 18:44:13,301747 [INFOR] [userlog] 当前:2023-12-22 18:44:12 用户:wwh 开始固件扫描任务:test.ubifs, id:173
12-22 18:44:15,332618 [INFOR] [userlog] 当前:2023-12-22 18:44:15 用户:wwh 创建固件扫描任务:test.zlib, id:174
12-22 18:44:16,140433 [INFOR] [userlog] 当前:2023-12-22 18:44:15 用户:wwh 开始固件扫描任务:test.zlib, id:174
12-22 18:44:17,119796 [INFOR] [userlog] 当前:2023-12-22 18:44:17 用户:wwh 创建固件扫描任务:test.zoo, id:175
12-22 18:44:17,791272 [INFOR] [userlog] 当前:2023-12-22 18:44:17 用户:wwh 开始固件扫描任务:test.zoo, id:175
12-22 18:44:18,497134 [INFOR] [userlog] 当前:2023-12-22 18:44:18 用户:wwh 创建固件扫描任务:test.zpaq, id:176
12-22 18:44:19,541587 [INFOR] [userlog] 当前:2023-12-22 18:44:18 用户:wwh 开始固件扫描任务:test.zpaq, id:176
12-22 18:44:20,207299 [INFOR] [userlog] 当前:2023-12-22 18:44:20 用户:wwh 创建固件扫描任务:testfile.adobe85, id:177
12-22 18:44:21,321953 [INFOR] [userlog] 当前:2023-12-22 18:44:20 用户:wwh 开始固件扫描任务:testfile.adobe85, id:177
12-22 18:44:22,602451 [INFOR] [userlog] 当前:2023-12-22 18:44:22 用户:wwh 创建固件扫描任务:testfile.hex, id:178
12-22 18:44:23,452141 [INFOR] [userlog] 当前:2023-12-22 18:44:22 用户:wwh 开始固件扫描任务:testfile.hex, id:178
12-22 18:44:24,175152 [INFOR] [userlog] 当前:2023-12-22 18:44:24 用户:wwh 创建固件扫描任务:testfile.srec, id:179
12-22 18:44:24,732145 [INFOR] [userlog] 当前:2023-12-22 18:44:24 用户:wwh 开始固件扫描任务:testfile.srec, id:179
12-22 18:44:25,312261 [INFOR] [userlog] 当前:2023-12-22 18:44:25 用户:wwh 创建固件扫描任务:testfile.tek, id:180
12-22 18:44:25,865527 [INFOR] [userlog] 当前:2023-12-22 18:44:25 用户:wwh 开始固件扫描任务:testfile.tek, id:180
12-22 18:44:26,500000 [INFOR] [userlog] 当前:2023-12-22 18:44:26 用户:wwh 创建固件扫描任务:testfile.xtek, id:181
12-22 18:44:27,295500 [INFOR] [userlog] 当前:2023-12-22 18:44:26 用户:wwh 开始固件扫描任务:testfile.xtek, id:181
12-22 18:44:27,833453 [INFOR] [userlog] 当前:2023-12-22 18:44:27 用户:wwh 创建固件扫描任务:testfile_crc.tek, id:182
12-22 18:44:28,319768 [INFOR] [userlog] 当前:2023-12-22 18:44:27 用户:wwh 开始固件扫描任务:testfile_crc.tek, id:182
12-22 18:44:28,849918 [INFOR] [userlog] 当前:2023-12-22 18:44:28 用户:wwh 创建固件扫描任务:testfile_crc.xtek, id:183
12-22 18:44:29,423842 [INFOR] [userlog] 当前:2023-12-22 18:44:28 用户:wwh 开始固件扫描任务:testfile_crc.xtek, id:183
12-22 18:44:30,004047 [INFOR] [userlog] 当前:2023-12-22 18:44:29 用户:wwh 创建固件扫描任务:testfile_failed_slicing.xtek, id:184
12-22 18:44:31,640406 [INFOR] [userlog] 当前:2023-12-22 18:44:30 用户:wwh 开始固件扫描任务:testfile_failed_slicing.xtek, id:184
12-22 18:44:32,308628 [INFOR] [userlog] 当前:2023-12-22 18:44:32 用户:wwh 创建固件扫描任务:testfile_noS0.srec, id:185
12-22 18:44:32,905482 [INFOR] [userlog] 当前:2023-12-22 18:44:32 用户:wwh 开始固件扫描任务:testfile_noS0.srec, id:185
12-22 18:44:33,411818 [INFOR] [userlog] 当前:2023-12-22 18:44:33 用户:wwh 创建固件扫描任务:testfile_rec_len_mismatch.xtek, id:186
12-22 18:44:33,869564 [INFOR] [userlog] 当前:2023-12-22 18:44:33 用户:wwh 开始固件扫描任务:testfile_rec_len_mismatch.xtek, id:186
12-22 18:44:34,361104 [INFOR] [userlog] 当前:2023-12-22 18:44:34 用户:wwh 创建固件扫描任务:test_elf_normal, id:187
12-22 18:44:34,804049 [INFOR] [userlog] 当前:2023-12-22 18:44:34 用户:wwh 开始固件扫描任务:test_elf_normal, id:187
12-22 18:44:35,417940 [INFOR] [userlog] 当前:2023-12-22 18:44:35 用户:wwh 创建固件扫描任务:test_elf_sfx, id:188
12-22 18:44:35,953977 [INFOR] [userlog] 当前:2023-12-22 18:44:35 用户:wwh 开始固件扫描任务:test_elf_sfx, id:188
12-22 18:44:36,548921 [INFOR] [userlog] 当前:2023-12-22 18:44:36 用户:wwh 创建固件扫描任务:test_password.7z, id:189
12-22 18:44:38,441712 [INFOR] [userlog] 当前:2023-12-22 18:44:36 用户:wwh 开始固件扫描任务:test_password.7z, id:189
12-22 18:44:39,206898 [INFOR] [userlog] 当前:2023-12-22 18:44:39 用户:wwh 创建固件扫描任务:test_pe_sfx, id:190
12-22 18:44:39,923008 [INFOR] [userlog] 当前:2023-12-22 18:44:39 用户:wwh 开始固件扫描任务:test_pe_sfx, id:190
12-22 18:44:40,685592 [INFOR] [userlog] 当前:2023-12-22 18:44:40 用户:wwh 创建固件扫描任务:test_rsrc, id:191
12-22 18:44:42,419900 [INFOR] [userlog] 当前:2023-12-22 18:44:40 用户:wwh 开始固件扫描任务:test_rsrc, id:191
12-22 18:44:43,171858 [INFOR] [userlog] 当前:2023-12-22 18:44:43 用户:wwh 创建固件扫描任务:trx.img, id:192
12-22 18:44:43,790082 [INFOR] [userlog] 当前:2023-12-22 18:44:43 用户:wwh 开始固件扫描任务:trx.img, id:192
12-22 18:44:44,662169 [INFOR] [userlog] 当前:2023-12-22 18:44:44 用户:wwh 创建固件扫描任务:ubi.img, id:193
12-22 18:44:45,288738 [INFOR] [userlog] 当前:2023-12-22 18:44:44 用户:wwh 开始固件扫描任务:ubi.img, id:193
12-22 18:44:45,958892 [INFOR] [userlog] 当前:2023-12-22 18:44:45 用户:wwh 创建固件扫描任务:uboot.dtb, id:194
12-22 18:44:47,375839 [INFOR] [userlog] 当前:2023-12-22 18:44:46 用户:wwh 开始固件扫描任务:uboot.dtb, id:194
12-22 18:44:48,309977 [INFOR] [userlog] 当前:2023-12-22 18:44:48 用户:wwh 创建固件扫描任务:uboot.image_with_header, id:195
12-22 18:44:50,061000 [INFOR] [userlog] 当前:2023-12-22 18:44:49 用户:wwh 开始固件扫描任务:uboot.image_with_header, id:195
12-22 18:44:51,056836 [INFOR] [userlog] 当前:2023-12-22 18:44:51 用户:wwh 创建固件扫描任务:udf.img.xz, id:196
12-22 18:44:51,682482 [INFOR] [userlog] 当前:2023-12-22 18:44:51 用户:wwh 开始固件扫描任务:udf.img.xz, id:196
12-22 18:44:53,162915 [INFOR] [userlog] 当前:2023-12-22 18:44:53 用户:wwh 创建固件扫描任务:UEFI.CAP, id:197
12-22 18:44:53,773914 [INFOR] [userlog] 当前:2023-12-22 18:44:53 用户:wwh 开始固件扫描任务:UEFI.CAP, id:197
12-22 18:44:54,690550 [INFOR] [userlog] 当前:2023-12-22 18:44:54 用户:wwh 创建固件扫描任务:update_stream.bin, id:198
12-22 18:44:55,760150 [INFOR] [userlog] 当前:2023-12-22 18:44:55 用户:wwh 开始固件扫描任务:update_stream.bin, id:198
12-22 18:44:56,533660 [INFOR] [userlog] 当前:2023-12-22 18:44:56 用户:wwh 创建固件扫描任务:wr.fw, id:199
12-22 18:44:57,185660 [INFOR] [userlog] 当前:2023-12-22 18:44:56 用户:wwh 开始固件扫描任务:wr.fw, id:199
12-22 18:44:57,749603 [INFOR] [userlog] 当前:2023-12-22 18:44:57 用户:wwh 创建固件扫描任务:xerox.ps, id:200
12-22 18:44:58,381684 [INFOR] [userlog] 当前:2023-12-22 18:44:57 用户:wwh 开始固件扫描任务:xerox.ps, id:200
12-22 18:44:58,994513 [INFOR] [userlog] 当前:2023-12-22 18:44:58 用户:wwh 创建固件扫描任务:xfs.img.xz, id:201
12-22 18:45:00,211523 [INFOR] [userlog] 当前:2023-12-22 18:44:59 用户:wwh 开始固件扫描任务:xfs.img.xz, id:201
12-22 18:45:02,368284 [INFOR] [userlog] 当前:2023-12-22 18:45:01 用户:wwh 创建固件扫描任务:yaffs2_be.img, id:202
12-22 18:45:03,493834 [INFOR] [userlog] 当前:2023-12-22 18:45:03 用户:wwh 开始固件扫描任务:yaffs2_be.img, id:202
12-22 18:45:04,621442 [INFOR] [userlog] 当前:2023-12-22 18:45:04 用户:wwh 创建固件扫描任务:yaffs2_le.img, id:203
12-22 18:45:05,481893 [INFOR] [userlog] 当前:2023-12-22 18:45:04 用户:wwh 开始固件扫描任务:yaffs2_le.img, id:203
12-22 18:45:08,405602 [INFOR] [userlog] 当前:2023-12-22 18:45:08 用户:wwh 登录成功
12-22 18:45:09,422905 [INFOR] [userlog] 当前:2023-12-22 18:45:09 用户:wwh 创建固件扫描任务:6608035620B.vbf, id:204
12-22 18:45:10,059156 [INFOR] [userlog] 当前:2023-12-22 18:45:09 用户:wwh 开始固件扫描任务:6608035620B.vbf, id:204
12-22 18:45:22,589733 [INFOR] [userlog] 当前:2023-12-22 18:45:21 用户:wwh 创建固件扫描任务:aaaaaaaa.vbf, id:205
12-22 18:45:26,700717 [INFOR] [userlog] 当前:2023-12-22 18:45:24 用户:wwh 开始固件扫描任务:aaaaaaaa.vbf, id:205
12-22 18:47:07,316437 [INFOR] [userlog] 当前:2023-12-22 18:47:05 用户:wwh 创建固件扫描任务:bbbb.vbf, id:206
12-22 18:47:15,023635 [INFOR] [userlog] 当前:2023-12-22 18:47:09 用户:wwh 开始固件扫描任务:bbbb.vbf, id:206
12-22 18:47:19,659325 [INFOR] [userlog] 当前:2023-12-22 18:47:18 用户:wwh 创建固件扫描任务:H1GA-14C204-BA.vbf, id:207
12-22 18:47:25,031740 [INFOR] [userlog] 当前:2023-12-22 18:47:20 用户:wwh 开始固件扫描任务:H1GA-14C204-BA.vbf, id:207
12-22 18:47:31,114210 [INFOR] [userlog] 当前:2023-12-22 18:47:28 用户:wwh 创建固件扫描任务:H1GA-14C204-BB.vbf, id:208
12-22 18:47:39,010471 [INFOR] [userlog] 当前:2023-12-22 18:47:32 用户:wwh 开始固件扫描任务:H1GA-14C204-BB.vbf, id:208
12-22 18:47:41,989646 [INFOR] [userlog] 当前:2023-12-22 18:47:41 用户:wwh 创建固件扫描任务:H1GA-14C204-BC.vbf, id:209
12-22 18:47:43,247768 [INFOR] [userlog] 当前:2023-12-22 18:47:42 用户:wwh 开始固件扫描任务:H1GA-14C204-BC.vbf, id:209
12-22 18:47:44,457706 [INFOR] [userlog] 当前:2023-12-22 18:47:44 用户:wwh 创建固件扫描任务:H1GA-14C204-BD.vbf, id:210
12-22 18:47:45,794640 [INFOR] [userlog] 当前:2023-12-22 18:47:44 用户:wwh 开始固件扫描任务:H1GA-14C204-BD.vbf, id:210

