12-29 16:03:35,335745 [INFOR] [userlog] 当前:2023-12-29 16:03:35 用户:wwh 登录成功
12-29 16:03:38,721488 [INFOR] [userlog] 当前:2023-12-29 16:03:38 用户:wwh 创建固件扫描任务:提升品型的权威机携手飒飒开展识传播1的1公益!合-展知识播公益展#识传播的公益展知发知识传播的公益展知识传播的公益展知发.ipk, id:291
12-29 16:03:38,941306 [INFOR] [userlog] 当前:2023-12-29 16:03:38 用户:wwh 登录成功
12-29 16:03:39,418574 [INFOR] [userlog] 当前:2023-12-29 16:03:39 用户:wwh 登录成功
12-29 16:03:39,955624 [INFOR] [userlog] 当前:2023-12-29 16:03:39 用户:wwh 登录成功
12-29 16:03:40,485151 [INFOR] [userlog] 当前:2023-12-29 16:03:40 用户:wwh 登录成功
12-29 16:03:40,936929 [INFOR] [userlog] 当前:2023-12-29 16:03:40 用户:wwh 登录成功
12-29 16:03:44,256460 [INFOR] [userlog] 当前:2023-12-29 16:03:44 用户:wwh 创建固件扫描任务:libcurl_7.17.1-1_arm.ipk, id:292
12-29 16:03:44,513464 [INFOR] [userlog] 当前:2023-12-29 16:03:44 用户:wwh 登录成功
12-29 16:03:45,325150 [INFOR] [userlog] 当前:2023-12-29 16:03:45 用户:wwh 登录成功
12-29 16:03:48,312872 [INFOR] [userlog] 当前:2023-12-29 16:03:47 用户:wwh 登录成功
12-29 16:03:51,456138 [INFOR] [userlog] 当前:2023-12-29 16:03:51 用户:wwh 登录成功
12-29 16:03:54,807488 [INFOR] [userlog] 当前:2023-12-29 16:03:54 用户:wwh 登录成功
12-29 16:03:57,834864 [INFOR] [userlog] 当前:2023-12-29 16:03:57 用户:wwh 登录成功
12-29 16:04:00,476415 [INFOR] [userlog] 当前:2023-12-29 16:04:00 用户:wwh 登录成功
12-29 16:04:05,343686 [INFOR] [userlog] 当前:2023-12-29 16:04:05 用户:wwh 创建策略:x, 并设为默认选项
12-29 16:04:05,749259 [INFOR] [userlog] 当前:2023-12-29 16:04:05 用户:wwh 登录成功
12-29 16:04:10,501533 [INFOR] [userlog] 当前:2023-12-29 16:04:10 用户:wwh 创建策略:4
12-29 16:04:10,695811 [INFOR] [userlog] 当前:2023-12-29 16:04:10 用户:wwh 登录成功
12-29 16:04:15,641794 [INFOR] [userlog] 当前:2023-12-29 16:04:15 用户:wwh 创建策略:Gb1WFAaNpomrAoeBKuJmj74bHuEkBapqSmP7DX29AgN9vX72rgU2c5OsY1oCiGcW
12-29 16:04:15,834866 [INFOR] [userlog] 当前:2023-12-29 16:04:15 用户:wwh 登录成功
12-29 16:04:20,616750 [INFOR] [userlog] 当前:2023-12-29 16:04:20 用户:wwh 创建策略:OP
12-29 16:04:20,993324 [INFOR] [userlog] 当前:2023-12-29 16:04:20 用户:wwh 登录成功
12-29 16:04:25,706237 [INFOR] [userlog] 当前:2023-12-29 16:04:25 用户:wwh 创建策略:Ac
12-29 16:04:25,882988 [INFOR] [userlog] 当前:2023-12-29 16:04:25 用户:wwh 登录成功
12-29 16:04:30,808291 [INFOR] [userlog] 当前:2023-12-29 16:04:30 用户:wwh 创建策略:Ck
12-29 16:04:31,028584 [INFOR] [userlog] 当前:2023-12-29 16:04:30 用户:wwh 登录成功
12-29 16:04:35,759475 [INFOR] [userlog] 当前:2023-12-29 16:04:35 用户:wwh 创建策略:4g
12-29 16:04:35,982954 [INFOR] [userlog] 当前:2023-12-29 16:04:35 用户:wwh 登录成功
12-29 16:04:40,668526 [INFOR] [userlog] 当前:2023-12-29 16:04:40 用户:wwh 创建策略:wDsFwUOM8xMxIaI7bGElVjbeBm1uqORTRhRQRMakltoVLjldsCgDDJ91ur9XluuyJ
12-29 16:04:40,909544 [INFOR] [userlog] 当前:2023-12-29 16:04:40 用户:wwh 登录成功
12-29 16:04:45,646548 [INFOR] [userlog] 当前:2023-12-29 16:04:45 用户:wwh 登录成功
12-29 16:04:50,661608 [INFOR] [userlog] 当前:2023-12-29 16:04:50 用户:wwh 创建策略:重复策略
12-29 16:04:50,846965 [INFOR] [userlog] 当前:2023-12-29 16:04:50 用户:wwh 登录成功
12-29 16:04:55,658364 [INFOR] [userlog] 当前:2023-12-29 16:04:55 用户:wwh 登录成功
12-29 16:05:00,389794 [INFOR] [userlog] 当前:2023-12-29 16:05:00 用户:wwh 创建策略:nG
12-29 16:05:00,641995 [INFOR] [userlog] 当前:2023-12-29 16:05:00 用户:wwh 登录成功
12-29 16:05:05,397886 [INFOR] [userlog] 当前:2023-12-29 16:05:05 用户:wwh 创建策略:Po
12-29 16:05:05,566005 [INFOR] [userlog] 当前:2023-12-29 16:05:05 用户:wwh 登录成功
12-29 16:05:10,564244 [INFOR] [userlog] 当前:2023-12-29 16:05:10 用户:wwh 登录成功
12-29 16:05:15,279522 [INFOR] [userlog] 当前:2023-12-29 16:05:15 用户:wwh 创建策略:AR
12-29 16:05:15,543222 [INFOR] [userlog] 当前:2023-12-29 16:05:15 用户:wwh 登录成功
12-29 16:05:20,459919 [INFOR] [userlog] 当前:2023-12-29 16:05:20 用户:wwh 登录成功
12-29 16:05:25,490886 [INFOR] [userlog] 当前:2023-12-29 16:05:25 用户:wwh 登录成功
12-29 16:05:30,476939 [INFOR] [userlog] 当前:2023-12-29 16:05:30 用户:wwh 登录成功
12-29 16:05:33,860420 [INFOR] [userlog] 当前:2023-12-29 16:05:33 用户:wwh 创建固件扫描任务:zsy.zip, id:293
12-29 16:05:34,124511 [INFOR] [userlog] 当前:2023-12-29 16:05:33 用户:wwh 登录成功
12-29 16:05:37,215306 [INFOR] [userlog] 当前:2023-12-29 16:05:37 用户:wwh 登录成功
12-29 16:05:37,671947 [INFOR] [userlog] 当前:2023-12-29 16:05:37 用户:wwh 登录成功
12-29 16:05:38,160405 [INFOR] [userlog] 当前:2023-12-29 16:05:37 用户:wwh 登录成功
12-29 16:05:38,560426 [INFOR] [userlog] 当前:2023-12-29 16:05:38 用户:wwh 登录成功
12-29 16:05:41,775795 [INFOR] [userlog] 当前:2023-12-29 16:05:41 用户:wwh 创建固件扫描任务:libcurl_7.17.1-1_arm.ipk, id:294
12-29 16:05:42,700077 [INFOR] [userlog] 当前:2023-12-29 16:05:42 用户:wwh 开始固件扫描任务:libcurl_7.17.1-1_arm.ipk, id:294
12-29 16:05:43,734746 [INFOR] [userlog] 当前:2023-12-29 16:05:43 用户:wwh 登录成功
12-29 16:05:48,172030 [INFOR] [userlog] 当前:2023-12-29 16:05:48 用户:wwh 暂停固件扫描任务:libcurl_7.17.1-1_arm.ipk, id:294
12-29 16:05:48,216692 [INFOR] [userlog] 当前:2023-12-29 16:05:48 用户:wwh 删除固件扫描任务:libcurl_7.17.1-1_arm.ipk, id:294
12-29 16:05:48,253624 [INFOR] [userlog] 当前:2023-12-29 16:05:47 用户:wwh 创建固件扫描任务:libcurl_7.17.1-1_arm.ipk, id:295
12-29 16:05:49,194397 [INFOR] [userlog] 当前:2023-12-29 16:05:48 用户:wwh 开始固件扫描任务:libcurl_7.17.1-1_arm.ipk, id:295
12-29 16:05:50,860704 [INFOR] [userlog] 当前:2023-12-29 16:05:50 用户:wwh 暂停固件扫描任务:libcurl_7.17.1-1_arm.ipk, id:295
12-29 16:05:50,914255 [INFOR] [userlog] 当前:2023-12-29 16:05:50 用户:wwh 删除固件扫描任务:libcurl_7.17.1-1_arm.ipk, id:295
12-29 16:05:51,110106 [INFOR] [userlog] 当前:2023-12-29 16:05:50 用户:wwh 登录成功
12-29 16:05:56,743425 [INFOR] [userlog] 当前:2023-12-29 16:05:56 用户:wwh 创建固件扫描任务:miwifi_r1cl_firmware_1b415_2.12.9.bin_20231208.pdf, id:296
12-29 16:05:57,931157 [INFOR] [userlog] 当前:2023-12-29 16:05:57 用户:wwh 开始固件扫描任务:miwifi_r1cl_firmware_1b415_2.12.9.bin_20231208.pdf, id:296
12-29 16:05:58,555147 [INFOR] [userlog] 当前:2023-12-29 16:05:58 用户:wwh 删除固件扫描任务:empty, id:126
12-29 16:05:58,772203 [INFOR] [userlog] 当前:2023-12-29 16:05:58 用户:wwh 登录成功
12-29 16:05:59,254556 [INFOR] [userlog] 当前:2023-12-29 16:05:59 用户:wwh 登录成功
12-29 16:06:00,057497 [INFOR] [userlog] 当前:2023-12-29 16:05:59 用户:wwh 登录成功
12-29 16:06:00,453446 [INFOR] [userlog] 当前:2023-12-29 16:06:00 用户:wwh 登录成功
12-29 16:06:01,046383 [INFOR] [userlog] 当前:2023-12-29 16:06:00 用户:wwh 登录成功
12-29 16:06:01,425007 [INFOR] [userlog] 当前:2023-12-29 16:06:01 用户:wwh 登录成功
12-29 16:06:02,312686 [INFOR] [userlog] 当前:2023-12-29 16:06:02 用户:wwh 登录成功
12-29 16:06:02,786642 [INFOR] [userlog] 当前:2023-12-29 16:06:02 用户:wwh 登录成功
12-29 16:06:03,464919 [INFOR] [userlog] 当前:2023-12-29 16:06:03 用户:wwh 登录成功
12-29 16:06:03,902788 [INFOR] [userlog] 当前:2023-12-29 16:06:03 用户:wwh 登录成功
12-29 16:06:06,570857 [INFOR] [userlog] 当前:2023-12-29 16:06:06 用户:wwh 登录成功
12-29 16:06:10,054612 [INFOR] [userlog] 当前:2023-12-29 16:06:10 用户:wwh 创建固件扫描任务:zsy.zip, id:297
12-29 16:06:10,446225 [INFOR] [userlog] 当前:2023-12-29 16:06:10 用户:wwh 登录成功
12-29 16:06:14,208888 [INFOR] [userlog] 当前:2023-12-29 16:06:13 用户:wwh 开始固件扫描任务:zsy.zip, id:297
12-29 16:06:15,307771 [INFOR] [userlog] 当前:2023-12-29 16:06:14 用户:wwh 登录成功
12-29 16:06:19,951147 [INFOR] [userlog] 当前:2023-12-29 16:06:19 用户:wwh 暂停固件扫描任务:zsy.zip, id:297
12-29 16:06:20,002084 [INFOR] [userlog] 当前:2023-12-29 16:06:19 用户:wwh 删除固件扫描任务:zsy.zip, id:297
12-29 16:06:20,021632 [INFOR] [userlog] 当前:2023-12-29 16:06:18 用户:wwh 创建固件扫描任务:zsy.zip, id:298
12-29 16:06:21,093018 [INFOR] [userlog] 当前:2023-12-29 16:06:20 用户:wwh 开始固件扫描任务:zsy.zip, id:298
12-29 16:06:22,723306 [INFOR] [userlog] 当前:2023-12-29 16:06:22 用户:wwh 暂停固件扫描任务:zsy.zip, id:298
12-29 16:06:23,529482 [INFOR] [userlog] 当前:2023-12-29 16:06:22 用户:wwh 恢复固件扫描任务:zsy.zip, id:298
12-29 16:06:23,770623 [INFOR] [userlog] 当前:2023-12-29 16:06:23 用户:wwh 登录成功
12-29 16:06:28,224818 [INFOR] [userlog] 当前:2023-12-29 16:06:28 用户:wwh 暂停固件扫描任务:zsy.zip, id:298
12-29 16:06:28,261454 [INFOR] [userlog] 当前:2023-12-29 16:06:28 用户:wwh 删除固件扫描任务:zsy.zip, id:298
12-29 16:06:28,280479 [INFOR] [userlog] 当前:2023-12-29 16:06:27 用户:wwh 创建固件扫描任务:zsy.zip, id:299
12-29 16:06:29,237039 [INFOR] [userlog] 当前:2023-12-29 16:06:28 用户:wwh 开始固件扫描任务:zsy.zip, id:299
12-29 16:06:29,984233 [INFOR] [userlog] 当前:2023-12-29 16:06:29 用户:wwh 登录成功
12-29 16:06:36,674147 [INFOR] [userlog] 当前:2023-12-29 16:06:36 用户:wwh 暂停固件扫描任务:miwifi_r1cl_firmware_1b415_2.12.9.bin_20231208.pdf, id:296
12-29 16:06:36,723751 [INFOR] [userlog] 当前:2023-12-29 16:06:36 用户:wwh 删除固件扫描任务:miwifi_r1cl_firmware_1b415_2.12.9.bin_20231208.pdf, id:296
12-29 16:06:36,740351 [INFOR] [userlog] 当前:2023-12-29 16:06:35 用户:wwh 创建固件扫描任务:miwifi_r1cl_firmware_1b415_2.12.9.bin_20231208.pdf, id:300
12-29 16:06:37,941685 [INFOR] [userlog] 当前:2023-12-29 16:06:37 用户:wwh 开始固件扫描任务:miwifi_r1cl_firmware_1b415_2.12.9.bin_20231208.pdf, id:300
12-29 16:07:39,015363 [INFOR] [userlog] 当前:2023-12-29 16:07:38 用户:wwh 登录成功
12-29 16:07:42,387881 [INFOR] [userlog] 当前:2023-12-29 16:07:42 用户:wwh 删除固件扫描任务:zsy.zip, id:293
12-29 16:07:42,410075 [INFOR] [userlog] 当前:2023-12-29 16:07:42 用户:wwh 创建固件扫描任务:zsy.zip, id:301
12-29 16:07:42,608753 [INFOR] [userlog] 当前:2023-12-29 16:07:42 用户:wwh 登录成功
12-29 16:07:45,471661 [INFOR] [userlog] 当前:2023-12-29 16:07:45 用户:wwh 修改固件扫描任务:zsy.zip, id:301
12-29 16:07:45,664664 [INFOR] [userlog] 当前:2023-12-29 16:07:45 用户:wwh 登录成功
12-29 16:07:48,552499 [INFOR] [userlog] 当前:2023-12-29 16:07:48 用户:wwh 修改固件扫描任务:v, id:301
12-29 16:07:48,756604 [INFOR] [userlog] 当前:2023-12-29 16:07:48 用户:wwh 登录成功
12-29 16:07:51,565760 [INFOR] [userlog] 当前:2023-12-29 16:07:51 用户:wwh 修改固件扫描任务:10, id:301
12-29 16:07:51,773950 [INFOR] [userlog] 当前:2023-12-29 16:07:51 用户:wwh 登录成功
12-29 16:07:54,781134 [INFOR] [userlog] 当前:2023-12-29 16:07:54 用户:wwh 登录成功
12-29 16:07:58,040022 [INFOR] [userlog] 当前:2023-12-29 16:07:57 用户:wwh 登录成功
12-29 16:08:01,576774 [INFOR] [userlog] 当前:2023-12-29 16:08:01 用户:wwh 登录成功
12-29 16:08:04,463468 [INFOR] [userlog] 当前:2023-12-29 16:08:04 用户:wwh 登录成功
12-29 16:08:07,056137 [INFOR] [userlog] 当前:2023-12-29 16:08:06 用户:wwh 登录成功
12-29 16:08:09,736883 [INFOR] [userlog] 当前:2023-12-29 16:08:09 用户:wwh 登录成功
12-29 16:08:10,855336 [INFOR] [userlog] 当前:2023-12-29 16:08:10 用户:wwh 开始固件扫描任务:vwknqGY1X1raJq5SWaflOqoX8WAWWEaQBrnDcsqgj9JdKvlwBimmhEpZ0K9CholtNw9fenUFzN6PHuIdhaBkqpHOeD59fQdJ3IWc, id:301
12-29 16:08:14,069723 [INFOR] [userlog] 当前:2023-12-29 16:08:13 用户:wwh 登录成功
12-29 16:08:17,076650 [INFOR] [userlog] 当前:2023-12-29 16:08:16 用户:wwh 登录成功
12-29 16:08:20,330482 [INFOR] [userlog] 当前:2023-12-29 16:08:20 用户:wwh 登录成功
12-29 16:08:23,751387 [INFOR] [userlog] 当前:2023-12-29 16:08:23 用户:wwh 创建固件扫描任务:zsy.zip, id:302
12-29 16:08:25,054439 [INFOR] [userlog] 当前:2023-12-29 16:08:24 用户:wwh 开始固件扫描任务:zsy.zip, id:302
12-29 16:08:26,665249 [INFOR] [userlog] 当前:2023-12-29 16:08:26 用户:wwh 暂停固件扫描任务:zsy.zip, id:302
12-29 16:08:29,414671 [INFOR] [userlog] 当前:2023-12-29 16:08:29 用户:wwh 登录成功
12-29 16:08:32,411572 [INFOR] [userlog] 当前:2023-12-29 16:08:32 用户:wwh 登录成功
12-29 16:08:35,293266 [INFOR] [userlog] 当前:2023-12-29 16:08:35 用户:wwh 修改固件扫描任务:libcurl_7.17.1-1_arm.ipk, id:292
12-29 16:08:35,564457 [INFOR] [userlog] 当前:2023-12-29 16:08:35 用户:wwh 登录成功
12-29 16:08:38,427756 [INFOR] [userlog] 当前:2023-12-29 16:08:38 用户:wwh 修改固件扫描任务:5T, id:292
12-29 16:08:38,627331 [INFOR] [userlog] 当前:2023-12-29 16:08:38 用户:wwh 登录成功
12-29 16:08:43,417026 [INFOR] [userlog] 当前:2023-12-29 16:08:43 用户:wwh 修改策略:Q
12-29 16:08:43,630699 [INFOR] [userlog] 当前:2023-12-29 16:08:43 用户:wwh 登录成功
12-29 16:08:48,374393 [INFOR] [userlog] 当前:2023-12-29 16:08:48 用户:wwh 修改策略:2
12-29 16:08:48,657226 [INFOR] [userlog] 当前:2023-12-29 16:08:48 用户:wwh 登录成功
12-29 16:08:53,509034 [INFOR] [userlog] 当前:2023-12-29 16:08:53 用户:wwh 修改策略:gS
12-29 16:08:53,777074 [INFOR] [userlog] 当前:2023-12-29 16:08:53 用户:wwh 登录成功
12-29 16:08:58,599532 [INFOR] [userlog] 当前:2023-12-29 16:08:58 用户:wwh 修改策略:d0
12-29 16:08:58,941221 [INFOR] [userlog] 当前:2023-12-29 16:08:58 用户:wwh 登录成功
12-29 16:09:03,786890 [INFOR] [userlog] 当前:2023-12-29 16:09:03 用户:wwh 修改策略:TX
12-29 16:09:04,011849 [INFOR] [userlog] 当前:2023-12-29 16:09:03 用户:wwh 登录成功
12-29 16:09:08,798145 [INFOR] [userlog] 当前:2023-12-29 16:09:08 用户:wwh 修改策略:sX
12-29 16:09:09,029650 [INFOR] [userlog] 当前:2023-12-29 16:09:08 用户:wwh 登录成功
12-29 16:09:14,160990 [INFOR] [userlog] 当前:2023-12-29 16:09:13 用户:wwh 登录成功
12-29 16:09:19,175095 [INFOR] [userlog] 当前:2023-12-29 16:09:18 用户:wwh 登录成功
12-29 16:09:23,873566 [INFOR] [userlog] 当前:2023-12-29 16:09:23 用户:wwh 登录成功
12-29 16:09:28,844467 [INFOR] [userlog] 当前:2023-12-29 16:09:28 用户:wwh 登录成功
12-29 16:09:33,459326 [INFOR] [userlog] 当前:2023-12-29 16:09:33 用户:wwh 登录成功
12-29 16:09:38,656698 [INFOR] [userlog] 当前:2023-12-29 16:09:38 用户:wwh 登录成功
12-29 16:09:44,125974 [INFOR] [userlog] 当前:2023-12-29 16:09:43 用户:wwh 登录成功
12-29 16:09:49,036852 [INFOR] [userlog] 当前:2023-12-29 16:09:48 用户:wwh 登录成功
12-29 16:09:53,792823 [INFOR] [userlog] 当前:2023-12-29 16:09:53 用户:wwh 登录成功
12-29 16:09:58,595210 [INFOR] [userlog] 当前:2023-12-29 16:09:58 用户:wwh 修改策略:nd5Y0iXeAxR8dCaYj539bgBLNs1ouq5C7DsakRGrLD0nmARbuJq1FBreW6vbfGgUCr5xqxTrfPNHbnLG2n7bB9VhAraz6C0MG0mq
12-29 16:09:58,832150 [INFOR] [userlog] 当前:2023-12-29 16:09:58 用户:wwh 登录成功
12-29 16:10:03,831480 [INFOR] [userlog] 当前:2023-12-29 16:10:03 用户:wwh 登录成功
12-29 16:10:08,905810 [INFOR] [userlog] 当前:2023-12-29 16:10:08 用户:wwh 登录成功
12-29 16:10:12,386075 [INFOR] [userlog] 当前:2023-12-29 16:10:12 用户:wwh 创建固件扫描任务:zsy.zip, id:303
12-29 16:10:13,292729 [INFOR] [userlog] 当前:2023-12-29 16:10:12 用户:wwh 开始固件扫描任务:zsy.zip, id:303
12-29 16:10:14,079868 [INFOR] [userlog] 当前:2023-12-29 16:10:13 用户:wwh 登录成功
12-29 16:10:14,780110 [INFOR] [userlog] 当前:2023-12-29 16:10:14 用户:wwh 登录成功
12-29 16:10:18,512245 [INFOR] [userlog] 当前:2023-12-29 16:10:18 用户:wwh 创建固件扫描任务:libcrypto.so.0.9.8, id:304
12-29 16:10:19,541969 [INFOR] [userlog] 当前:2023-12-29 16:10:18 用户:wwh 开始固件扫描任务:libcrypto.so.0.9.8, id:304
12-29 16:10:21,270907 [INFOR] [userlog] 当前:2023-12-29 16:10:21 用户:wwh 暂停固件扫描任务:libcrypto.so.0.9.8, id:304
12-29 16:10:21,890873 [INFOR] [userlog] 当前:2023-12-29 16:10:21 用户:wwh 登录成功
12-29 16:10:22,451798 [INFOR] [userlog] 当前:2023-12-29 16:10:22 用户:wwh 登录成功
12-29 16:10:27,943867 [INFOR] [userlog] 当前:2023-12-29 16:10:27 用户:wwh 删除固件扫描任务:miwifi_r1cl_firmware_1b415_2.12.9.bin_20231208.pdf, id:300
12-29 16:10:29,264209 [INFOR] [userlog] 当前:2023-12-29 16:10:27 用户:wwh 创建固件扫描任务:miwifi_r1cl_firmware_1b415_2.12.9.bin_20231208.pdf, id:305
12-29 16:10:29,867826 [INFOR] [userlog] 当前:2023-12-29 16:10:29 用户:wwh 开始固件扫描任务:miwifi_r1cl_firmware_1b415_2.12.9.bin_20231208.pdf, id:305
12-29 16:11:30,637208 [INFOR] [userlog] 当前:2023-12-29 16:11:30 用户:wwh 登录成功
12-29 16:11:31,119041 [INFOR] [userlog] 当前:2023-12-29 16:11:30 用户:wwh 登录成功
12-29 16:11:31,551984 [INFOR] [userlog] 当前:2023-12-29 16:11:31 用户:wwh 登录成功
12-29 16:11:34,641406 [INFOR] [userlog] 当前:2023-12-29 16:11:34 用户:wwh 删除固件扫描任务:zsy.zip, id:299
12-29 16:11:34,654837 [INFOR] [userlog] 当前:2023-12-29 16:11:34 用户:wwh 创建固件扫描任务:zsy.zip, id:306
12-29 16:11:34,914066 [INFOR] [userlog] 当前:2023-12-29 16:11:34 用户:wwh 登录成功
12-29 16:11:38,360603 [INFOR] [userlog] 当前:2023-12-29 16:11:37 用户:wwh 开始固件扫描任务:zsy.zip, id:306
12-29 16:11:39,889961 [INFOR] [userlog] 当前:2023-12-29 16:11:39 用户:wwh 暂停固件扫描任务:zsy.zip, id:306
12-29 16:11:41,068149 [INFOR] [userlog] 当前:2023-12-29 16:11:40 用户:wwh 登录成功
12-29 16:11:41,841221 [INFOR] [userlog] 当前:2023-12-29 16:11:41 用户:wwh 登录成功
12-29 16:11:42,447735 [INFOR] [userlog] 当前:2023-12-29 16:11:42 用户:wwh 登录成功
12-29 16:11:42,991489 [INFOR] [userlog] 当前:2023-12-29 16:11:42 用户:wwh 登录成功
12-29 16:22:50,262472 [INFOR] [userlog] 当前:2023-12-29 16:22:50 用户:wwh 登录成功
12-29 16:22:53,676275 [INFOR] [userlog] 当前:2023-12-29 16:22:53 用户:wwh 删除固件扫描任务:提升品型的权威机携手飒飒开展识传播1的1公益!合-展知识播公益展#识传播的公益展知发知识传播的公益展知识传播的公益展知发.ipk, id:291
12-29 16:22:53,719687 [INFOR] [userlog] 当前:2023-12-29 16:22:53 用户:wwh 创建固件扫描任务:提升品型的权威机携手飒飒开展识传播1的1公益!合-展知识播公益展#识传播的公益展知发知识传播的公益展知识传播的公益展知发.ipk, id:307
12-29 16:22:53,977411 [INFOR] [userlog] 当前:2023-12-29 16:22:53 用户:wwh 登录成功
12-29 16:22:56,940648 [INFOR] [userlog] 当前:2023-12-29 16:22:56 用户:wwh 删除固件扫描任务:libcurl_7.17.1-1_arm.ipk, id:31
12-29 16:22:56,989387 [INFOR] [userlog] 当前:2023-12-29 16:22:56 用户:wwh 创建固件扫描任务:libcurl_7.17.1-1_arm.ipk, id:308
12-29 16:22:57,298846 [INFOR] [userlog] 当前:2023-12-29 16:22:57 用户:wwh 登录成功
12-29 16:23:00,565383 [INFOR] [userlog] 当前:2023-12-29 16:23:00 用户:wwh 创建固件扫描任务:libcurl_7.17.1-1_arm.ipk, id:309
12-29 16:23:00,975062 [INFOR] [userlog] 当前:2023-12-29 16:23:00 用户:wwh 登录成功
12-29 16:23:04,741364 [INFOR] [userlog] 当前:2023-12-29 16:23:04 用户:wwh 创建固件扫描任务:libcurl_7.17.1-1_arm.ipk, id:310
12-29 16:23:05,053120 [INFOR] [userlog] 当前:2023-12-29 16:23:04 用户:wwh 登录成功
12-29 16:23:08,224598 [INFOR] [userlog] 当前:2023-12-29 16:23:08 用户:wwh 创建固件扫描任务:libcurl_7.17.1-1_arm.ipk, id:311
12-29 16:23:08,493792 [INFOR] [userlog] 当前:2023-12-29 16:23:08 用户:wwh 登录成功
12-29 16:23:11,602037 [INFOR] [userlog] 当前:2023-12-29 16:23:11 用户:wwh 删除固件扫描任务:r3, id:292
12-29 16:23:11,628907 [INFOR] [userlog] 当前:2023-12-29 16:23:11 用户:wwh 创建固件扫描任务:libcurl_7.17.1-1_arm.ipk, id:312
12-29 16:23:11,837499 [INFOR] [userlog] 当前:2023-12-29 16:23:11 用户:wwh 登录成功
12-29 16:23:15,349616 [INFOR] [userlog] 当前:2023-12-29 16:23:15 用户:wwh 创建固件扫描任务:zsy.zip, id:313
12-29 16:23:15,747717 [INFOR] [userlog] 当前:2023-12-29 16:23:15 用户:wwh 登录成功
12-29 16:23:18,629246 [INFOR] [userlog] 当前:2023-12-29 16:23:18 用户:wwh 登录成功
12-29 16:23:21,729275 [INFOR] [userlog] 当前:2023-12-29 16:23:21 用户:wwh 登录成功
12-29 16:23:25,044947 [INFOR] [userlog] 当前:2023-12-29 16:23:24 用户:wwh 登录成功
12-29 16:23:28,507002 [INFOR] [userlog] 当前:2023-12-29 16:23:28 用户:wwh 登录成功
12-29 16:23:31,287717 [INFOR] [userlog] 当前:2023-12-29 16:23:31 用户:wwh 登录成功
12-29 16:23:36,032376 [INFOR] [userlog] 当前:2023-12-29 16:23:36 用户:wwh 创建策略:l, 并设为默认选项
12-29 16:23:36,403069 [INFOR] [userlog] 当前:2023-12-29 16:23:36 用户:wwh 登录成功
12-29 16:23:41,080888 [INFOR] [userlog] 当前:2023-12-29 16:23:41 用户:wwh 创建策略:3
12-29 16:23:41,429894 [INFOR] [userlog] 当前:2023-12-29 16:23:41 用户:wwh 登录成功
12-29 16:23:46,042468 [INFOR] [userlog] 当前:2023-12-29 16:23:46 用户:wwh 创建策略:hBuKVNDhxiZzuhJat1mfoVXHux2RDal8iVprSvH4KhJEKbRjrKOBCxk75v5nedpn
12-29 16:23:46,523747 [INFOR] [userlog] 当前:2023-12-29 16:23:46 用户:wwh 登录成功
12-29 16:23:51,183092 [INFOR] [userlog] 当前:2023-12-29 16:23:51 用户:wwh 创建策略:rx
12-29 16:23:51,376998 [INFOR] [userlog] 当前:2023-12-29 16:23:51 用户:wwh 登录成功
12-29 16:23:56,054549 [INFOR] [userlog] 当前:2023-12-29 16:23:56 用户:wwh 创建策略:sv
12-29 16:23:56,340081 [INFOR] [userlog] 当前:2023-12-29 16:23:56 用户:wwh 登录成功
12-29 16:24:01,078680 [INFOR] [userlog] 当前:2023-12-29 16:24:01 用户:wwh 创建策略:TJ
12-29 16:24:01,262881 [INFOR] [userlog] 当前:2023-12-29 16:24:01 用户:wwh 登录成功
12-29 16:24:06,021787 [INFOR] [userlog] 当前:2023-12-29 16:24:06 用户:wwh 创建策略:ha
12-29 16:24:06,228358 [INFOR] [userlog] 当前:2023-12-29 16:24:06 用户:wwh 登录成功
12-29 16:24:10,949119 [INFOR] [userlog] 当前:2023-12-29 16:24:10 用户:wwh 创建策略:yPWJ25nTh3V032ORqPlfS2vyTJIxYP55nWZjyaVOIe74zlMrPXhkumY8qSssKYJTJ
12-29 16:24:11,149750 [INFOR] [userlog] 当前:2023-12-29 16:24:10 用户:wwh 登录成功
12-29 16:24:15,775865 [INFOR] [userlog] 当前:2023-12-29 16:24:15 用户:wwh 登录成功
12-29 16:24:20,750336 [INFOR] [userlog] 当前:2023-12-29 16:24:20 用户:wwh 登录成功
12-29 16:24:25,334937 [INFOR] [userlog] 当前:2023-12-29 16:24:25 用户:wwh 登录成功
12-29 16:24:30,055803 [INFOR] [userlog] 当前:2023-12-29 16:24:30 用户:wwh 创建策略:JI
12-29 16:24:30,277658 [INFOR] [userlog] 当前:2023-12-29 16:24:30 用户:wwh 登录成功
12-29 16:24:34,965835 [INFOR] [userlog] 当前:2023-12-29 16:24:34 用户:wwh 创建策略:CK
12-29 16:24:35,226744 [INFOR] [userlog] 当前:2023-12-29 16:24:35 用户:wwh 登录成功
12-29 16:24:40,272250 [INFOR] [userlog] 当前:2023-12-29 16:24:40 用户:wwh 登录成功
12-29 16:24:45,017537 [INFOR] [userlog] 当前:2023-12-29 16:24:45 用户:wwh 创建策略:t6
12-29 16:24:45,246422 [INFOR] [userlog] 当前:2023-12-29 16:24:45 用户:wwh 登录成功
12-29 16:24:50,147537 [INFOR] [userlog] 当前:2023-12-29 16:24:49 用户:wwh 登录成功
12-29 16:24:55,046276 [INFOR] [userlog] 当前:2023-12-29 16:24:54 用户:wwh 登录成功
12-29 16:24:59,943273 [INFOR] [userlog] 当前:2023-12-29 16:24:59 用户:wwh 登录成功
12-29 16:25:03,272510 [INFOR] [userlog] 当前:2023-12-29 16:25:03 用户:wwh 删除固件扫描任务:zsy.zip, id:302
12-29 16:25:03,403259 [INFOR] [userlog] 当前:2023-12-29 16:25:03 用户:wwh 创建固件扫描任务:zsy.zip, id:314
12-29 16:25:03,616827 [INFOR] [userlog] 当前:2023-12-29 16:25:03 用户:wwh 登录成功
12-29 16:25:06,571889 [INFOR] [userlog] 当前:2023-12-29 16:25:06 用户:wwh 登录成功
12-29 16:25:07,022452 [INFOR] [userlog] 当前:2023-12-29 16:25:06 用户:wwh 登录成功
12-29 16:25:07,486852 [INFOR] [userlog] 当前:2023-12-29 16:25:07 用户:wwh 登录成功
12-29 16:25:07,973957 [INFOR] [userlog] 当前:2023-12-29 16:25:07 用户:wwh 登录成功
12-29 16:25:11,162695 [INFOR] [userlog] 当前:2023-12-29 16:25:11 用户:wwh 创建固件扫描任务:libcurl_7.17.1-1_arm.ipk, id:315
12-29 16:25:12,068236 [INFOR] [userlog] 当前:2023-12-29 16:25:11 用户:wwh 开始固件扫描任务:libcurl_7.17.1-1_arm.ipk, id:315
12-29 16:25:12,759414 [INFOR] [userlog] 当前:2023-12-29 16:25:12 用户:wwh 登录成功
12-29 16:25:17,361011 [INFOR] [userlog] 当前:2023-12-29 16:25:17 用户:wwh 暂停固件扫描任务:libcurl_7.17.1-1_arm.ipk, id:315
12-29 16:25:17,394707 [INFOR] [userlog] 当前:2023-12-29 16:25:17 用户:wwh 删除固件扫描任务:libcurl_7.17.1-1_arm.ipk, id:315
12-29 16:25:17,411501 [INFOR] [userlog] 当前:2023-12-29 16:25:16 用户:wwh 创建固件扫描任务:libcurl_7.17.1-1_arm.ipk, id:316
12-29 16:25:18,240941 [INFOR] [userlog] 当前:2023-12-29 16:25:17 用户:wwh 开始固件扫描任务:libcurl_7.17.1-1_arm.ipk, id:316
12-29 16:25:19,882203 [INFOR] [userlog] 当前:2023-12-29 16:25:19 用户:wwh 暂停固件扫描任务:libcurl_7.17.1-1_arm.ipk, id:316
12-29 16:25:19,945524 [INFOR] [userlog] 当前:2023-12-29 16:25:19 用户:wwh 删除固件扫描任务:libcurl_7.17.1-1_arm.ipk, id:316
12-29 16:25:20,155636 [INFOR] [userlog] 当前:2023-12-29 16:25:19 用户:wwh 登录成功
12-29 16:25:25,663771 [INFOR] [userlog] 当前:2023-12-29 16:25:25 用户:wwh 删除固件扫描任务:miwifi_r1cl_firmware_1b415_2.12.9.bin_20231208.pdf, id:305
12-29 16:25:25,686430 [INFOR] [userlog] 当前:2023-12-29 16:25:25 用户:wwh 创建固件扫描任务:miwifi_r1cl_firmware_1b415_2.12.9.bin_20231208.pdf, id:317
12-29 16:25:26,538925 [INFOR] [userlog] 当前:2023-12-29 16:25:25 用户:wwh 开始固件扫描任务:miwifi_r1cl_firmware_1b415_2.12.9.bin_20231208.pdf, id:317
12-29 16:26:28,008517 [INFOR] [userlog] 当前:2023-12-29 16:26:27 用户:wwh 删除固件扫描任务:miwifi_r1cl_firmware_1b415_2.12.9.bin_20231208.pdf, id:317
12-29 16:26:33,052000 [INFOR] [userlog] 当前:2023-12-29 16:26:32 用户:wwh 登录成功
12-29 16:26:41,160200 [INFOR] [userlog] 当前:2023-12-29 16:26:40 用户:wwh 登录成功
12-29 16:26:42,950808 [INFOR] [userlog] 当前:2023-12-29 16:26:42 用户:wwh 登录成功
12-29 16:27:04,705466 [INFOR] [userlog] 当前:2023-12-29 16:27:04 用户:wwh 登录成功
12-29 16:27:27,777992 [INFOR] [userlog] 当前:2023-12-29 16:27:27 用户:wwh 登录成功
12-29 16:27:32,626385 [INFOR] [userlog] 当前:2023-12-29 16:27:32 用户:wwh 登录成功
12-29 16:27:36,011068 [INFOR] [userlog] 当前:2023-12-29 16:27:35 用户:wwh 登录成功
12-29 16:27:36,633277 [INFOR] [userlog] 当前:2023-12-29 16:27:36 用户:wwh 登录成功
12-29 16:27:40,761805 [INFOR] [userlog] 当前:2023-12-29 16:27:40 用户:wwh 登录成功
12-29 16:27:41,981857 [INFOR] [userlog] 当前:2023-12-29 16:27:41 用户:wwh 登录成功
12-29 16:27:49,912208 [INFOR] [userlog] 当前:2023-12-29 16:27:49 用户:wwh 登录成功
12-29 16:28:53,579602 [INFOR] [userlog] 当前:2023-12-29 16:28:53 用户:wwh 登录成功
12-29 16:28:57,077537 [INFOR] [userlog] 当前:2023-12-29 16:28:56 用户:wwh 登录成功
12-29 17:17:53,686399 [INFOR] [userlog] 当前:2023-12-29 17:17:53 用户:wwh 登录成功
12-29 17:17:57,276313 [INFOR] [userlog] 当前:2023-12-29 17:17:57 用户:wwh 删除固件扫描任务:zsy.zip, id:314
12-29 17:17:57,319246 [INFOR] [userlog] 当前:2023-12-29 17:17:57 用户:wwh 创建固件扫描任务:zsy.zip, id:318
12-29 17:17:57,609873 [INFOR] [userlog] 当前:2023-12-29 17:17:57 用户:wwh 登录成功
12-29 17:18:00,601190 [INFOR] [userlog] 当前:2023-12-29 17:18:00 用户:wwh 登录成功
12-29 17:18:01,326351 [INFOR] [userlog] 当前:2023-12-29 17:18:00 用户:wwh 登录成功
12-29 17:18:01,765227 [INFOR] [userlog] 当前:2023-12-29 17:18:01 用户:wwh 登录成功
12-29 17:18:02,156148 [INFOR] [userlog] 当前:2023-12-29 17:18:02 用户:wwh 登录成功
12-29 17:18:05,325686 [INFOR] [userlog] 当前:2023-12-29 17:18:05 用户:wwh 创建固件扫描任务:libcurl_7.17.1-1_arm.ipk, id:319
12-29 17:18:06,230219 [INFOR] [userlog] 当前:2023-12-29 17:18:05 用户:wwh 开始固件扫描任务:libcurl_7.17.1-1_arm.ipk, id:319
12-29 17:18:07,061868 [INFOR] [userlog] 当前:2023-12-29 17:18:06 用户:wwh 登录成功
12-29 17:18:11,243295 [INFOR] [userlog] 当前:2023-12-29 17:18:11 用户:wwh 暂停固件扫描任务:libcurl_7.17.1-1_arm.ipk, id:319
12-29 17:18:11,279895 [INFOR] [userlog] 当前:2023-12-29 17:18:11 用户:wwh 删除固件扫描任务:libcurl_7.17.1-1_arm.ipk, id:319
12-29 17:18:11,308600 [INFOR] [userlog] 当前:2023-12-29 17:18:10 用户:wwh 创建固件扫描任务:libcurl_7.17.1-1_arm.ipk, id:320
12-29 17:18:12,156350 [INFOR] [userlog] 当前:2023-12-29 17:18:11 用户:wwh 开始固件扫描任务:libcurl_7.17.1-1_arm.ipk, id:320
12-29 17:18:13,771882 [INFOR] [userlog] 当前:2023-12-29 17:18:13 用户:wwh 暂停固件扫描任务:libcurl_7.17.1-1_arm.ipk, id:320
12-29 17:18:13,840757 [INFOR] [userlog] 当前:2023-12-29 17:18:13 用户:wwh 删除固件扫描任务:libcurl_7.17.1-1_arm.ipk, id:320
12-29 17:18:14,046526 [INFOR] [userlog] 当前:2023-12-29 17:18:13 用户:wwh 登录成功
12-29 17:18:19,641976 [INFOR] [userlog] 当前:2023-12-29 17:18:19 用户:wwh 创建固件扫描任务:miwifi_r1cl_firmware_1b415_2.12.9.bin_20231208.pdf, id:321
12-29 17:18:20,587792 [INFOR] [userlog] 当前:2023-12-29 17:18:19 用户:wwh 开始固件扫描任务:miwifi_r1cl_firmware_1b415_2.12.9.bin_20231208.pdf, id:321
12-29 17:19:21,195649 [INFOR] [userlog] 当前:2023-12-29 17:19:21 用户:wwh 删除固件扫描任务:miwifi_r1cl_firmware_1b415_2.12.9.bin_20231208.pdf, id:321
12-29 17:19:21,376475 [INFOR] [userlog] 当前:2023-12-29 17:19:21 用户:wwh 登录成功
12-29 17:19:21,806884 [INFOR] [userlog] 当前:2023-12-29 17:19:21 用户:wwh 登录成功
12-29 17:19:26,681322 [INFOR] [userlog] 当前:2023-12-29 17:19:26 用户:wwh 创建策略:p, 并设为默认选项
12-29 17:19:26,926871 [INFOR] [userlog] 当前:2023-12-29 17:19:26 用户:wwh 登录成功
12-29 17:19:31,684250 [INFOR] [userlog] 当前:2023-12-29 17:19:31 用户:wwh 创建策略:9
12-29 17:19:31,933483 [INFOR] [userlog] 当前:2023-12-29 17:19:31 用户:wwh 登录成功
12-29 17:19:36,638057 [INFOR] [userlog] 当前:2023-12-29 17:19:36 用户:wwh 创建策略:GEwG85aKNDp7DDbzX7L28encn8lTcjFo19wRwCcnI69CIC2sgIR9S0QsN3gH3NP9
12-29 17:19:36,819642 [INFOR] [userlog] 当前:2023-12-29 17:19:36 用户:wwh 登录成功
12-29 17:19:41,599082 [INFOR] [userlog] 当前:2023-12-29 17:19:41 用户:wwh 创建策略:M0
12-29 17:19:41,850369 [INFOR] [userlog] 当前:2023-12-29 17:19:41 用户:wwh 登录成功
12-29 17:19:46,540954 [INFOR] [userlog] 当前:2023-12-29 17:19:46 用户:wwh 创建策略:VI
12-29 17:19:46,779063 [INFOR] [userlog] 当前:2023-12-29 17:19:46 用户:wwh 登录成功
12-29 17:19:51,503620 [INFOR] [userlog] 当前:2023-12-29 17:19:51 用户:wwh 创建策略:Vw
12-29 17:19:51,714131 [INFOR] [userlog] 当前:2023-12-29 17:19:51 用户:wwh 登录成功
12-29 17:19:56,459110 [INFOR] [userlog] 当前:2023-12-29 17:19:56 用户:wwh 创建策略:Cg
12-29 17:19:56,642110 [INFOR] [userlog] 当前:2023-12-29 17:19:56 用户:wwh 登录成功
12-29 17:20:01,390143 [INFOR] [userlog] 当前:2023-12-29 17:20:01 用户:wwh 创建策略:wBXSsvAy1xoxM3J7DEZW1GRjL9Ya8uIV3FOcb3WcKpm0mA8MfxxoPM5JWeV2hsWJG
12-29 17:20:01,592564 [INFOR] [userlog] 当前:2023-12-29 17:20:01 用户:wwh 登录成功
12-29 17:20:06,195805 [INFOR] [userlog] 当前:2023-12-29 17:20:06 用户:wwh 登录成功
12-29 17:20:11,157263 [INFOR] [userlog] 当前:2023-12-29 17:20:10 用户:wwh 登录成功
12-29 17:20:15,780017 [INFOR] [userlog] 当前:2023-12-29 17:20:15 用户:wwh 登录成功
12-29 17:20:20,742763 [INFOR] [userlog] 当前:2023-12-29 17:20:20 用户:wwh 创建策略:bV
12-29 17:20:20,971890 [INFOR] [userlog] 当前:2023-12-29 17:20:20 用户:wwh 登录成功
12-29 17:20:25,659017 [INFOR] [userlog] 当前:2023-12-29 17:20:25 用户:wwh 创建策略:M3
12-29 17:23:11,542486 [INFOR] [userlog] 当前:2023-12-29 17:23:11 用户:wwh 登录成功
12-29 17:23:15,285910 [INFOR] [userlog] 当前:2023-12-29 17:23:15 用户:wwh 删除固件扫描任务:zsy.zip, id:318
12-29 17:23:15,319924 [INFOR] [userlog] 当前:2023-12-29 17:23:15 用户:wwh 创建固件扫描任务:zsy.zip, id:322
12-29 17:23:15,548389 [INFOR] [userlog] 当前:2023-12-29 17:23:15 用户:wwh 登录成功
12-29 17:23:18,631537 [INFOR] [userlog] 当前:2023-12-29 17:23:18 用户:wwh 登录成功
12-29 17:23:19,077743 [INFOR] [userlog] 当前:2023-12-29 17:23:18 用户:wwh 登录成功
12-29 17:23:19,494835 [INFOR] [userlog] 当前:2023-12-29 17:23:19 用户:wwh 登录成功
12-29 17:23:19,879198 [INFOR] [userlog] 当前:2023-12-29 17:23:19 用户:wwh 登录成功
12-29 17:23:23,113454 [INFOR] [userlog] 当前:2023-12-29 17:23:23 用户:wwh 创建固件扫描任务:libcurl_7.17.1-1_arm.ipk, id:323
12-29 17:23:24,033976 [INFOR] [userlog] 当前:2023-12-29 17:23:23 用户:wwh 开始固件扫描任务:libcurl_7.17.1-1_arm.ipk, id:323
12-29 17:23:24,788792 [INFOR] [userlog] 当前:2023-12-29 17:23:24 用户:wwh 登录成功
12-29 17:23:28,946740 [INFOR] [userlog] 当前:2023-12-29 17:23:28 用户:wwh 暂停固件扫描任务:libcurl_7.17.1-1_arm.ipk, id:323
12-29 17:23:28,979367 [INFOR] [userlog] 当前:2023-12-29 17:23:28 用户:wwh 删除固件扫描任务:libcurl_7.17.1-1_arm.ipk, id:323
12-29 17:23:28,996920 [INFOR] [userlog] 当前:2023-12-29 17:23:27 用户:wwh 创建固件扫描任务:libcurl_7.17.1-1_arm.ipk, id:324
12-29 17:23:29,840966 [INFOR] [userlog] 当前:2023-12-29 17:23:29 用户:wwh 开始固件扫描任务:libcurl_7.17.1-1_arm.ipk, id:324
12-29 17:23:31,450987 [INFOR] [userlog] 当前:2023-12-29 17:23:31 用户:wwh 暂停固件扫描任务:libcurl_7.17.1-1_arm.ipk, id:324
12-29 17:23:31,505064 [INFOR] [userlog] 当前:2023-12-29 17:23:31 用户:wwh 删除固件扫描任务:libcurl_7.17.1-1_arm.ipk, id:324
12-29 17:23:31,734896 [INFOR] [userlog] 当前:2023-12-29 17:23:31 用户:wwh 登录成功
12-29 17:23:37,411959 [INFOR] [userlog] 当前:2023-12-29 17:23:37 用户:wwh 创建固件扫描任务:miwifi_r1cl_firmware_1b415_2.12.9.bin_20231208.pdf, id:325
12-29 17:23:38,335224 [INFOR] [userlog] 当前:2023-12-29 17:23:37 用户:wwh 开始固件扫描任务:miwifi_r1cl_firmware_1b415_2.12.9.bin_20231208.pdf, id:325
12-29 17:26:25,235889 [INFOR] [userlog] 当前:2023-12-29 17:26:25 用户:wwh 登录成功
12-29 17:26:43,301445 [INFOR] [userlog] 当前:2023-12-29 17:26:43 用户:wwh 登录成功
12-29 17:26:50,462772 [INFOR] [userlog] 当前:2023-12-29 17:26:49 用户:wwh 删除固件扫描任务:miwifi_r1cl_firmware_1b415_2.12.9.bin_20231208.pdf, id:325
12-29 17:26:51,764244 [INFOR] [userlog] 当前:2023-12-29 17:26:49 用户:wwh 创建固件扫描任务:miwifi_r1cl_firmware_1b415_2.12.9.bin_20231208.pdf, id:326
12-29 17:26:53,306826 [INFOR] [userlog] 当前:2023-12-29 17:26:52 用户:wwh 开始固件扫描任务:miwifi_r1cl_firmware_1b415_2.12.9.bin_20231208.pdf, id:326
12-29 17:26:56,168593 [INFOR] [userlog] 当前:2023-12-29 17:26:55 用户:cxh 登录成功
12-29 17:26:59,606530 [INFOR] [userlog] 当前:2023-12-29 17:26:59 用户:cxh 退出登录
12-29 17:27:02,284214 [INFOR] [userlog] 当前:2023-12-29 17:27:02 用户:root 登录成功
12-29 17:28:54,048214 [INFOR] [userlog] 当前:2023-12-29 17:28:54 用户:wwh 删除固件扫描任务:miwifi_r1cl_firmware_1b415_2.12.9.bin_20231208.pdf, id:326
12-29 17:30:35,716342 [INFOR] [userlog] 当前:2023-12-29 17:30:35 用户:wwh 登录成功
12-29 17:30:39,486796 [INFOR] [userlog] 当前:2023-12-29 17:30:39 用户:wwh 删除固件扫描任务:zsy.zip, id:322
12-29 17:30:39,532999 [INFOR] [userlog] 当前:2023-12-29 17:30:39 用户:wwh 创建固件扫描任务:zsy.zip, id:327
12-29 17:30:39,852855 [INFOR] [userlog] 当前:2023-12-29 17:30:39 用户:wwh 登录成功
12-29 17:30:43,638641 [INFOR] [userlog] 当前:2023-12-29 17:30:43 用户:wwh 删除固件扫描任务:zsy.zip, id:327
12-29 17:30:43,681917 [INFOR] [userlog] 当前:2023-12-29 17:30:43 用户:wwh 创建固件扫描任务:zsy.zip, id:328
12-29 17:30:46,554991 [INFOR] [userlog] 当前:2023-12-29 17:30:46 用户:wwh 创建固件扫描任务:libcurl_7.17.1-1_arm.ipk, id:329
12-29 17:30:46,637188 [INFOR] [userlog] 当前:2023-12-29 17:30:46 用户:wwh 删除固件扫描任务:zsy.zip, id:328
12-29 17:30:46,637208 [INFOR] [userlog] 当前:2023-12-29 17:30:46 用户:wwh 删除固件扫描任务:libcurl_7.17.1-1_arm.ipk, id:329
12-29 17:30:48,684655 [INFOR] [userlog] 当前:2023-12-29 17:30:48 用户:wwh 登录成功
12-29 17:30:49,103071 [INFOR] [userlog] 当前:2023-12-29 17:30:48 用户:wwh 登录成功
12-29 17:30:49,499618 [INFOR] [userlog] 当前:2023-12-29 17:30:49 用户:wwh 登录成功
12-29 17:30:49,913931 [INFOR] [userlog] 当前:2023-12-29 17:30:49 用户:wwh 登录成功
12-29 17:30:53,081265 [INFOR] [userlog] 当前:2023-12-29 17:30:52 用户:wwh 创建固件扫描任务:libcurl_7.17.1-1_arm.ipk, id:330
12-29 17:30:53,869044 [INFOR] [userlog] 当前:2023-12-29 17:30:53 用户:wwh 开始固件扫描任务:libcurl_7.17.1-1_arm.ipk, id:330
12-29 17:30:54,664807 [INFOR] [userlog] 当前:2023-12-29 17:30:54 用户:wwh 登录成功
12-29 17:30:58,914038 [INFOR] [userlog] 当前:2023-12-29 17:30:58 用户:wwh 暂停固件扫描任务:libcurl_7.17.1-1_arm.ipk, id:330
12-29 17:30:58,963497 [INFOR] [userlog] 当前:2023-12-29 17:30:58 用户:wwh 删除固件扫描任务:libcurl_7.17.1-1_arm.ipk, id:330
12-29 17:30:59,042468 [INFOR] [userlog] 当前:2023-12-29 17:30:57 用户:wwh 创建固件扫描任务:libcurl_7.17.1-1_arm.ipk, id:331
12-29 17:31:00,003125 [INFOR] [userlog] 当前:2023-12-29 17:30:59 用户:wwh 开始固件扫描任务:libcurl_7.17.1-1_arm.ipk, id:331
12-29 17:31:01,649084 [INFOR] [userlog] 当前:2023-12-29 17:31:01 用户:wwh 暂停固件扫描任务:libcurl_7.17.1-1_arm.ipk, id:331
12-29 17:31:01,714411 [INFOR] [userlog] 当前:2023-12-29 17:31:01 用户:wwh 删除固件扫描任务:libcurl_7.17.1-1_arm.ipk, id:331
12-29 17:31:01,939768 [INFOR] [userlog] 当前:2023-12-29 17:31:01 用户:wwh 登录成功
12-29 17:31:07,676789 [INFOR] [userlog] 当前:2023-12-29 17:31:07 用户:wwh 创建固件扫描任务:miwifi_r1cl_firmware_1b415_2.12.9.bin_20231208.pdf, id:332
12-29 17:31:08,556433 [INFOR] [userlog] 当前:2023-12-29 17:31:07 用户:wwh 开始固件扫描任务:miwifi_r1cl_firmware_1b415_2.12.9.bin_20231208.pdf, id:332
12-29 17:32:09,208631 [INFOR] [userlog] 当前:2023-12-29 17:32:09 用户:wwh 删除固件扫描任务:miwifi_r1cl_firmware_1b415_2.12.9.bin_20231208.pdf, id:332
12-29 17:32:09,493420 [INFOR] [userlog] 当前:2023-12-29 17:32:09 用户:wwh 登录成功
12-29 17:32:09,897981 [INFOR] [userlog] 当前:2023-12-29 17:32:09 用户:wwh 登录成功
12-29 17:32:14,632225 [INFOR] [userlog] 当前:2023-12-29 17:32:14 用户:wwh 创建策略:6, 并设为默认选项
12-29 17:32:14,838635 [INFOR] [userlog] 当前:2023-12-29 17:32:14 用户:wwh 登录成功
12-29 17:32:19,815234 [INFOR] [userlog] 当前:2023-12-29 17:32:19 用户:wwh 登录成功
12-29 17:32:24,566881 [INFOR] [userlog] 当前:2023-12-29 17:32:24 用户:wwh 创建策略:0rfhrMco7Oi1QzfxR2NqgcFP7AGS9xmHgwDKmIXnQan6wf5TA3VW7M5aKciG7zGR
12-29 17:32:24,778896 [INFOR] [userlog] 当前:2023-12-29 17:32:24 用户:wwh 登录成功
12-29 17:32:29,516137 [INFOR] [userlog] 当前:2023-12-29 17:32:29 用户:wwh 创建策略:dg
12-29 17:32:29,760739 [INFOR] [userlog] 当前:2023-12-29 17:32:29 用户:wwh 登录成功
12-29 17:32:34,473235 [INFOR] [userlog] 当前:2023-12-29 17:32:34 用户:wwh 创建策略:vg
12-29 17:32:34,676328 [INFOR] [userlog] 当前:2023-12-29 17:32:34 用户:wwh 登录成功
12-29 17:32:39,437768 [INFOR] [userlog] 当前:2023-12-29 17:32:39 用户:wwh 创建策略:hl
12-29 17:32:39,663709 [INFOR] [userlog] 当前:2023-12-29 17:32:39 用户:wwh 登录成功
12-29 17:32:44,408243 [INFOR] [userlog] 当前:2023-12-29 17:32:44 用户:wwh 创建策略:tn
12-29 17:32:44,621985 [INFOR] [userlog] 当前:2023-12-29 17:32:44 用户:wwh 登录成功
12-29 17:32:49,328888 [INFOR] [userlog] 当前:2023-12-29 17:32:49 用户:wwh 创建策略:PoW0cct3nfaaPrEoqDI1lCJT9slXqh5ih5g6AN7gnT4gDQNC1o74ZPhPujdhl2wvr
12-29 17:32:49,575145 [INFOR] [userlog] 当前:2023-12-29 17:32:49 用户:wwh 登录成功
12-29 17:32:54,167379 [INFOR] [userlog] 当前:2023-12-29 17:32:54 用户:wwh 登录成功
12-29 17:32:59,025700 [INFOR] [userlog] 当前:2023-12-29 17:32:58 用户:wwh 登录成功
12-29 17:33:03,605061 [INFOR] [userlog] 当前:2023-12-29 17:33:03 用户:wwh 登录成功
12-29 17:33:08,310714 [INFOR] [userlog] 当前:2023-12-29 17:33:08 用户:wwh 创建策略:8K
12-29 17:33:08,508093 [INFOR] [userlog] 当前:2023-12-29 17:33:08 用户:wwh 登录成功
12-29 17:33:13,212039 [INFOR] [userlog] 当前:2023-12-29 17:33:13 用户:wwh 创建策略:y4
12-29 17:33:13,417313 [INFOR] [userlog] 当前:2023-12-29 17:33:13 用户:wwh 登录成功
12-29 17:33:18,405757 [INFOR] [userlog] 当前:2023-12-29 17:33:18 用户:wwh 登录成功
12-29 17:33:23,148916 [INFOR] [userlog] 当前:2023-12-29 17:33:23 用户:wwh 创建策略:Wi
12-29 17:33:23,367396 [INFOR] [userlog] 当前:2023-12-29 17:33:23 用户:wwh 登录成功
12-29 17:33:28,195245 [INFOR] [userlog] 当前:2023-12-29 17:33:28 用户:wwh 登录成功
12-29 17:33:33,059491 [INFOR] [userlog] 当前:2023-12-29 17:33:32 用户:wwh 登录成功
12-29 17:33:37,979187 [INFOR] [userlog] 当前:2023-12-29 17:33:37 用户:wwh 登录成功
12-29 17:33:38,699732 [INFOR] [userlog] 当前:2023-12-29 17:33:38 用户:wwh 登录成功
12-29 17:33:41,792702 [INFOR] [userlog] 当前:2023-12-29 17:33:41 用户:wwh 删除固件扫描任务:提升品型的权威机携手飒飒开展识传播1的1公益!合-展知识播公益展#识传播的公益展知发知识传播的公益展知识传播的公益展知发.ipk, id:307
12-29 17:33:41,819821 [INFOR] [userlog] 当前:2023-12-29 17:33:41 用户:wwh 创建固件扫描任务:提升品型的权威机携手飒飒开展识传播1的1公益!合-展知识播公益展#识传播的公益展知发知识传播的公益展知识传播的公益展知发.ipk, id:333
12-29 17:33:42,055457 [INFOR] [userlog] 当前:2023-12-29 17:33:41 用户:wwh 登录成功
12-29 17:33:45,208524 [INFOR] [userlog] 当前:2023-12-29 17:33:45 用户:wwh 创建固件扫描任务:libcurl_7.17.1-1_arm.ipk, id:334
12-29 17:33:45,446707 [INFOR] [userlog] 当前:2023-12-29 17:33:45 用户:wwh 登录成功
12-29 17:33:48,547864 [INFOR] [userlog] 当前:2023-12-29 17:33:48 用户:wwh 删除固件扫描任务:libcurl_7.17.1-1_arm.ipk, id:309
12-29 17:33:48,574193 [INFOR] [userlog] 当前:2023-12-29 17:33:48 用户:wwh 创建固件扫描任务:libcurl_7.17.1-1_arm.ipk, id:335
12-29 17:33:48,778396 [INFOR] [userlog] 当前:2023-12-29 17:33:48 用户:wwh 登录成功
12-29 17:33:51,908178 [INFOR] [userlog] 当前:2023-12-29 17:33:51 用户:wwh 删除固件扫描任务:libcurl_7.17.1-1_arm.ipk, id:310
12-29 17:33:51,934288 [INFOR] [userlog] 当前:2023-12-29 17:33:51 用户:wwh 创建固件扫描任务:libcurl_7.17.1-1_arm.ipk, id:336
12-29 17:33:52,136854 [INFOR] [userlog] 当前:2023-12-29 17:33:51 用户:wwh 登录成功
12-29 17:33:55,200819 [INFOR] [userlog] 当前:2023-12-29 17:33:55 用户:wwh 删除固件扫描任务:libcurl_7.17.1-1_arm.ipk, id:311
12-29 17:33:55,220927 [INFOR] [userlog] 当前:2023-12-29 17:33:55 用户:wwh 创建固件扫描任务:libcurl_7.17.1-1_arm.ipk, id:337
12-29 17:33:55,440312 [INFOR] [userlog] 当前:2023-12-29 17:33:55 用户:wwh 登录成功
12-29 17:33:58,547042 [INFOR] [userlog] 当前:2023-12-29 17:33:58 用户:wwh 删除固件扫描任务:libcurl_7.17.1-1_arm.ipk, id:312
12-29 17:33:58,569204 [INFOR] [userlog] 当前:2023-12-29 17:33:58 用户:wwh 创建固件扫描任务:libcurl_7.17.1-1_arm.ipk, id:338
12-29 17:33:58,783762 [INFOR] [userlog] 当前:2023-12-29 17:33:58 用户:wwh 登录成功
12-29 17:34:02,321970 [INFOR] [userlog] 当前:2023-12-29 17:34:02 用户:wwh 删除固件扫描任务:zsy.zip, id:313
12-29 17:34:02,344324 [INFOR] [userlog] 当前:2023-12-29 17:34:02 用户:wwh 创建固件扫描任务:zsy.zip, id:339
12-29 17:34:02,552084 [INFOR] [userlog] 当前:2023-12-29 17:34:02 用户:wwh 登录成功
12-29 17:34:05,264433 [INFOR] [userlog] 当前:2023-12-29 17:34:05 用户:wwh 登录成功
12-29 17:34:08,277471 [INFOR] [userlog] 当前:2023-12-29 17:34:08 用户:wwh 登录成功
12-29 17:34:11,592841 [INFOR] [userlog] 当前:2023-12-29 17:34:11 用户:wwh 登录成功
12-29 17:34:14,553220 [INFOR] [userlog] 当前:2023-12-29 17:34:14 用户:wwh 登录成功
12-29 17:34:17,211203 [INFOR] [userlog] 当前:2023-12-29 17:34:17 用户:wwh 登录成功
12-29 17:34:20,850158 [INFOR] [userlog] 当前:2023-12-29 17:34:20 用户:wwh 创建固件扫描任务:zsy.zip, id:340
12-29 17:34:21,054464 [INFOR] [userlog] 当前:2023-12-29 17:34:20 用户:wwh 登录成功
12-29 17:34:24,021329 [INFOR] [userlog] 当前:2023-12-29 17:34:23 用户:wwh 修改固件扫描任务:zsy.zip, id:340
12-29 17:34:24,207033 [INFOR] [userlog] 当前:2023-12-29 17:34:24 用户:wwh 登录成功
12-29 17:34:27,032769 [INFOR] [userlog] 当前:2023-12-29 17:34:26 用户:wwh 修改固件扫描任务:z, id:340
12-29 17:34:27,230451 [INFOR] [userlog] 当前:2023-12-29 17:34:27 用户:wwh 登录成功
12-29 17:34:30,174721 [INFOR] [userlog] 当前:2023-12-29 17:34:30 用户:wwh 删除固件扫描任务:vwknqGY1X1raJq5SWaflOqoX8WAWWEaQBrnDcsqgj9JdKvlwBimmhEpZ0K9CholtNw9fenUFzN6PHuIdhaBkqpHOeD59fQdJ3IWc, id:301
12-29 17:34:30,232691 [INFOR] [userlog] 当前:2023-12-29 17:34:30 用户:wwh 修改固件扫描任务:6, id:340
12-29 17:34:30,459506 [INFOR] [userlog] 当前:2023-12-29 17:34:30 用户:wwh 登录成功
12-29 17:34:33,721938 [INFOR] [userlog] 当前:2023-12-29 17:34:33 用户:wwh 登录成功
12-29 17:34:37,032405 [INFOR] [userlog] 当前:2023-12-29 17:34:36 用户:wwh 登录成功
12-29 17:34:39,932360 [INFOR] [userlog] 当前:2023-12-29 17:34:39 用户:wwh 登录成功
12-29 17:34:42,642604 [INFOR] [userlog] 当前:2023-12-29 17:34:42 用户:wwh 登录成功
12-29 17:34:45,468237 [INFOR] [userlog] 当前:2023-12-29 17:34:45 用户:wwh 登录成功
12-29 17:34:48,146242 [INFOR] [userlog] 当前:2023-12-29 17:34:47 用户:wwh 登录成功
12-29 17:34:49,277847 [INFOR] [userlog] 当前:2023-12-29 17:34:48 用户:wwh 开始固件扫描任务:EYAgajwkIWFef6Z3VbgCy3i4KVvSU5QqaDtVQme2zxV5ZDtHWKgvh8ColMJuZg6qwSi4jhrLYhx501mAWlOTJBztMn49lPfUFpgv, id:340
12-29 17:34:52,439474 [INFOR] [userlog] 当前:2023-12-29 17:34:52 用户:wwh 登录成功
12-29 17:34:55,439941 [INFOR] [userlog] 当前:2023-12-29 17:34:55 用户:wwh 登录成功
12-29 17:57:21,878272 [INFOR] [userlog] 当前:2023-12-29 17:57:21 用户:wwh 登录成功
12-29 17:57:25,456091 [INFOR] [userlog] 当前:2023-12-29 17:57:25 用户:wwh 创建固件扫描任务:zsy.zip, id:341
12-29 17:57:26,027070 [INFOR] [userlog] 当前:2023-12-29 17:57:25 用户:wwh 登录成功
12-29 17:57:29,434067 [INFOR] [userlog] 当前:2023-12-29 17:57:29 用户:wwh 删除固件扫描任务:zsy.zip, id:341
12-29 17:57:29,549475 [INFOR] [userlog] 当前:2023-12-29 17:57:29 用户:wwh 创建固件扫描任务:zsy.zip, id:342
12-29 17:57:32,798183 [INFOR] [userlog] 当前:2023-12-29 17:57:32 用户:wwh 删除固件扫描任务:libcurl_7.17.1-1_arm.ipk, id:334
12-29 17:57:32,817442 [INFOR] [userlog] 当前:2023-12-29 17:57:32 用户:wwh 创建固件扫描任务:libcurl_7.17.1-1_arm.ipk, id:343
12-29 17:57:32,905180 [INFOR] [userlog] 当前:2023-12-29 17:57:32 用户:wwh 删除固件扫描任务:zsy.zip, id:342
12-29 17:57:32,905212 [INFOR] [userlog] 当前:2023-12-29 17:57:32 用户:wwh 删除固件扫描任务:libcurl_7.17.1-1_arm.ipk, id:343
12-29 17:57:33,150442 [INFOR] [userlog] 当前:2023-12-29 17:57:32 用户:wwh 登录成功
12-29 17:57:33,663916 [INFOR] [userlog] 当前:2023-12-29 17:57:33 用户:wwh 登录成功
12-29 17:57:34,301423 [INFOR] [userlog] 当前:2023-12-29 17:57:34 用户:wwh 登录成功
12-29 17:57:34,716672 [INFOR] [userlog] 当前:2023-12-29 17:57:34 用户:wwh 登录成功
12-29 17:57:37,848583 [INFOR] [userlog] 当前:2023-12-29 17:57:37 用户:wwh 创建固件扫描任务:libcurl_7.17.1-1_arm.ipk, id:344
12-29 17:57:38,760947 [INFOR] [userlog] 当前:2023-12-29 17:57:38 用户:wwh 开始固件扫描任务:libcurl_7.17.1-1_arm.ipk, id:344
12-29 17:57:39,531265 [INFOR] [userlog] 当前:2023-12-29 17:57:39 用户:wwh 登录成功
12-29 17:57:43,561837 [INFOR] [userlog] 当前:2023-12-29 17:57:43 用户:wwh 暂停固件扫描任务:libcurl_7.17.1-1_arm.ipk, id:344
12-29 17:57:43,602691 [INFOR] [userlog] 当前:2023-12-29 17:57:43 用户:wwh 删除固件扫描任务:libcurl_7.17.1-1_arm.ipk, id:344
12-29 17:57:43,629790 [INFOR] [userlog] 当前:2023-12-29 17:57:42 用户:wwh 创建固件扫描任务:libcurl_7.17.1-1_arm.ipk, id:345
12-29 17:57:44,513188 [INFOR] [userlog] 当前:2023-12-29 17:57:43 用户:wwh 开始固件扫描任务:libcurl_7.17.1-1_arm.ipk, id:345
12-29 17:57:46,132490 [INFOR] [userlog] 当前:2023-12-29 17:57:46 用户:wwh 暂停固件扫描任务:libcurl_7.17.1-1_arm.ipk, id:345
12-29 17:57:46,196261 [INFOR] [userlog] 当前:2023-12-29 17:57:46 用户:wwh 删除固件扫描任务:libcurl_7.17.1-1_arm.ipk, id:345
12-29 17:57:46,420811 [INFOR] [userlog] 当前:2023-12-29 17:57:46 用户:wwh 登录成功
12-29 17:57:51,489445 [INFOR] [userlog] 当前:2023-12-29 17:57:51 用户:wwh 创建固件扫描任务:miwifi_r1cl_firmware_1b415_2.12.9.bin_20231208.pdf, id:346
12-29 17:57:52,389265 [INFOR] [userlog] 当前:2023-12-29 17:57:51 用户:wwh 开始固件扫描任务:miwifi_r1cl_firmware_1b415_2.12.9.bin_20231208.pdf, id:346
12-29 17:59:53,076224 [INFOR] [userlog] 当前:2023-12-29 17:59:53 用户:wwh 删除固件扫描任务:miwifi_r1cl_firmware_1b415_2.12.9.bin_20231208.pdf, id:346
12-29 17:59:53,383236 [INFOR] [userlog] 当前:2023-12-29 17:59:53 用户:wwh 登录成功
12-29 17:59:53,801523 [INFOR] [userlog] 当前:2023-12-29 17:59:53 用户:wwh 登录成功
12-29 17:59:58,631232 [INFOR] [userlog] 当前:2023-12-29 17:59:58 用户:wwh 创建策略:N, 并设为默认选项
12-29 17:59:58,820655 [INFOR] [userlog] 当前:2023-12-29 17:59:58 用户:wwh 登录成功
12-29 18:00:03,547975 [INFOR] [userlog] 当前:2023-12-29 18:00:03 用户:wwh 创建策略:10
12-29 18:00:03,751013 [INFOR] [userlog] 当前:2023-12-29 18:00:03 用户:wwh 登录成功
12-29 18:00:08,567121 [INFOR] [userlog] 当前:2023-12-29 18:00:08 用户:wwh 创建策略:VVLBcv18YXq3nqo8E3q0qTJlp4fQAm0wfpFVRcVhFmfI4GLsR1uqyZzyRK65WHiz
12-29 18:00:08,797372 [INFOR] [userlog] 当前:2023-12-29 18:00:08 用户:wwh 登录成功
12-29 18:00:13,552275 [INFOR] [userlog] 当前:2023-12-29 18:00:13 用户:wwh 创建策略:RR
12-29 18:00:13,767169 [INFOR] [userlog] 当前:2023-12-29 18:00:13 用户:wwh 登录成功
12-29 18:00:18,453580 [INFOR] [userlog] 当前:2023-12-29 18:00:18 用户:wwh 创建策略:no
12-29 18:00:18,685584 [INFOR] [userlog] 当前:2023-12-29 18:00:18 用户:wwh 登录成功
12-29 18:00:23,412541 [INFOR] [userlog] 当前:2023-12-29 18:00:23 用户:wwh 创建策略:Do
12-29 18:00:23,616954 [INFOR] [userlog] 当前:2023-12-29 18:00:23 用户:wwh 登录成功
12-29 18:00:28,338180 [INFOR] [userlog] 当前:2023-12-29 18:00:28 用户:wwh 创建策略:pN
12-29 18:00:28,535886 [INFOR] [userlog] 当前:2023-12-29 18:00:28 用户:wwh 登录成功
12-29 18:00:33,261049 [INFOR] [userlog] 当前:2023-12-29 18:00:33 用户:wwh 创建策略:UG7sQSYY4Z9owx2Cm1qImrp1cBdSg6k3RZnEGwjdkOHBpXgRJ8tvEd1H05OXrHjfW
12-29 18:00:33,552982 [INFOR] [userlog] 当前:2023-12-29 18:00:33 用户:wwh 登录成功
12-29 18:00:38,249302 [INFOR] [userlog] 当前:2023-12-29 18:00:38 用户:wwh 登录成功
12-29 18:00:43,200738 [INFOR] [userlog] 当前:2023-12-29 18:00:43 用户:wwh 登录成功
12-29 18:00:47,778423 [INFOR] [userlog] 当前:2023-12-29 18:00:47 用户:wwh 登录成功
12-29 18:00:52,675223 [INFOR] [userlog] 当前:2023-12-29 18:00:52 用户:wwh 登录成功
12-29 18:00:57,373926 [INFOR] [userlog] 当前:2023-12-29 18:00:57 用户:wwh 创建策略:Zn
12-29 18:00:57,596400 [INFOR] [userlog] 当前:2023-12-29 18:00:57 用户:wwh 登录成功
12-29 18:01:02,445024 [INFOR] [userlog] 当前:2023-12-29 18:01:02 用户:wwh 登录成功
12-29 18:01:07,169382 [INFOR] [userlog] 当前:2023-12-29 18:01:07 用户:wwh 创建策略:0F
12-29 18:01:07,385115 [INFOR] [userlog] 当前:2023-12-29 18:01:07 用户:wwh 登录成功
12-29 18:01:12,259414 [INFOR] [userlog] 当前:2023-12-29 18:01:12 用户:wwh 登录成功
12-29 18:01:17,178751 [INFOR] [userlog] 当前:2023-12-29 18:01:17 用户:wwh 登录成功
12-29 18:01:22,051115 [INFOR] [userlog] 当前:2023-12-29 18:01:21 用户:wwh 登录成功
12-29 18:01:22,761656 [INFOR] [userlog] 当前:2023-12-29 18:01:22 用户:wwh 登录成功
12-29 18:01:25,874333 [INFOR] [userlog] 当前:2023-12-29 18:01:25 用户:wwh 删除固件扫描任务:提升品型的权威机携手飒飒开展识传播1的1公益!合-展知识播公益展#识传播的公益展知发知识传播的公益展知识传播的公益展知发.ipk, id:333
12-29 18:01:25,921393 [INFOR] [userlog] 当前:2023-12-29 18:01:25 用户:wwh 创建固件扫描任务:提升品型的权威机携手飒飒开展识传播1的1公益!合-展知识播公益展#识传播的公益展知发知识传播的公益展知识传播的公益展知发.ipk, id:347
12-29 18:01:26,123013 [INFOR] [userlog] 当前:2023-12-29 18:01:25 用户:wwh 登录成功
12-29 18:01:29,250856 [INFOR] [userlog] 当前:2023-12-29 18:01:29 用户:wwh 创建固件扫描任务:libcurl_7.17.1-1_arm.ipk, id:348
12-29 18:01:29,611694 [INFOR] [userlog] 当前:2023-12-29 18:01:29 用户:wwh 登录成功
12-29 18:01:32,763788 [INFOR] [userlog] 当前:2023-12-29 18:01:32 用户:wwh 删除固件扫描任务:libcurl_7.17.1-1_arm.ipk, id:335
12-29 18:01:32,795901 [INFOR] [userlog] 当前:2023-12-29 18:01:32 用户:wwh 创建固件扫描任务:libcurl_7.17.1-1_arm.ipk, id:349
12-29 18:01:33,006137 [INFOR] [userlog] 当前:2023-12-29 18:01:32 用户:wwh 登录成功
12-29 18:01:36,163637 [INFOR] [userlog] 当前:2023-12-29 18:01:36 用户:wwh 删除固件扫描任务:libcurl_7.17.1-1_arm.ipk, id:336
12-29 18:01:36,183539 [INFOR] [userlog] 当前:2023-12-29 18:01:36 用户:wwh 创建固件扫描任务:libcurl_7.17.1-1_arm.ipk, id:350
12-29 18:01:36,385130 [INFOR] [userlog] 当前:2023-12-29 18:01:36 用户:wwh 登录成功
12-29 18:01:39,897497 [INFOR] [userlog] 当前:2023-12-29 18:01:39 用户:wwh 删除固件扫描任务:libcurl_7.17.1-1_arm.ipk, id:337
12-29 18:01:39,921931 [INFOR] [userlog] 当前:2023-12-29 18:01:39 用户:wwh 创建固件扫描任务:libcurl_7.17.1-1_arm.ipk, id:351
12-29 18:01:40,120089 [INFOR] [userlog] 当前:2023-12-29 18:01:39 用户:wwh 登录成功
12-29 18:01:43,244464 [INFOR] [userlog] 当前:2023-12-29 18:01:43 用户:wwh 删除固件扫描任务:libcurl_7.17.1-1_arm.ipk, id:338
12-29 18:01:43,266144 [INFOR] [userlog] 当前:2023-12-29 18:01:43 用户:wwh 创建固件扫描任务:libcurl_7.17.1-1_arm.ipk, id:352
12-29 18:01:43,458966 [INFOR] [userlog] 当前:2023-12-29 18:01:43 用户:wwh 登录成功
12-29 18:01:46,785256 [INFOR] [userlog] 当前:2023-12-29 18:01:46 用户:wwh 删除固件扫描任务:zsy.zip, id:339
12-29 18:01:46,804065 [INFOR] [userlog] 当前:2023-12-29 18:01:46 用户:wwh 创建固件扫描任务:zsy.zip, id:353
12-29 18:01:46,974584 [INFOR] [userlog] 当前:2023-12-29 18:01:46 用户:wwh 登录成功
12-29 18:01:49,590088 [INFOR] [userlog] 当前:2023-12-29 18:01:49 用户:wwh 登录成功
12-29 18:01:52,492295 [INFOR] [userlog] 当前:2023-12-29 18:01:52 用户:wwh 登录成功
12-29 18:01:55,712103 [INFOR] [userlog] 当前:2023-12-29 18:01:55 用户:wwh 登录成功
12-29 18:01:58,709837 [INFOR] [userlog] 当前:2023-12-29 18:01:58 用户:wwh 登录成功
12-29 18:02:01,355896 [INFOR] [userlog] 当前:2023-12-29 18:02:01 用户:wwh 登录成功
12-29 18:02:04,657309 [INFOR] [userlog] 当前:2023-12-29 18:02:04 用户:wwh 创建固件扫描任务:zsy.zip, id:354
12-29 18:02:04,866046 [INFOR] [userlog] 当前:2023-12-29 18:02:04 用户:wwh 登录成功
12-29 18:02:07,664990 [INFOR] [userlog] 当前:2023-12-29 18:02:07 用户:wwh 修改固件扫描任务:zsy.zip, id:354
12-29 18:02:07,864895 [INFOR] [userlog] 当前:2023-12-29 18:02:07 用户:wwh 登录成功
12-29 18:02:10,979069 [INFOR] [userlog] 当前:2023-12-29 18:02:10 用户:wwh 修改固件扫描任务:R, id:354
12-29 18:02:11,164715 [INFOR] [userlog] 当前:2023-12-29 18:02:11 用户:wwh 登录成功
12-29 18:02:14,109531 [INFOR] [userlog] 当前:2023-12-29 18:02:14 用户:wwh 删除固件扫描任务:EYAgajwkIWFef6Z3VbgCy3i4KVvSU5QqaDtVQme2zxV5ZDtHWKgvh8ColMJuZg6qwSi4jhrLYhx501mAWlOTJBztMn49lPfUFpgv, id:340
12-29 18:02:14,135782 [INFOR] [userlog] 当前:2023-12-29 18:02:14 用户:wwh 修改固件扫描任务:8, id:354
12-29 18:02:14,378365 [INFOR] [userlog] 当前:2023-12-29 18:02:14 用户:wwh 登录成功
12-29 18:02:17,346316 [INFOR] [userlog] 当前:2023-12-29 18:02:17 用户:wwh 登录成功
12-29 18:02:20,333527 [INFOR] [userlog] 当前:2023-12-29 18:02:20 用户:wwh 登录成功
12-29 18:02:23,236447 [INFOR] [userlog] 当前:2023-12-29 18:02:23 用户:wwh 登录成功
12-29 18:02:25,856776 [INFOR] [userlog] 当前:2023-12-29 18:02:25 用户:wwh 登录成功
12-29 18:02:28,478947 [INFOR] [userlog] 当前:2023-12-29 18:02:28 用户:wwh 登录成功
12-29 18:02:31,094916 [INFOR] [userlog] 当前:2023-12-29 18:02:30 用户:wwh 登录成功
12-29 18:02:32,275222 [INFOR] [userlog] 当前:2023-12-29 18:02:31 用户:wwh 开始固件扫描任务:rpMhcLSdplgs3SgWg2ktTF7yfHgJZWgNcvcXyuX340W3azOD4XiGkvbSvpgOUkUHI06kaJNSvbUKLFQlEHZD0nDhJrKyjVfrmTLo, id:354
12-29 18:02:35,352188 [INFOR] [userlog] 当前:2023-12-29 18:02:35 用户:wwh 登录成功
12-29 18:02:38,247939 [INFOR] [userlog] 当前:2023-12-29 18:02:38 用户:wwh 登录成功
12-29 18:03:16,330562 [INFOR] [userlog] 当前:2023-12-29 18:03:16 用户:wwh 登录成功
12-29 18:03:21,494622 [INFOR] [userlog] 当前:2023-12-29 18:03:21 用户:wwh 创建固件扫描任务:miwifi_r1cl_firmware_1b415_2.12.9.bin_20231208.pdf, id:355
12-29 18:03:23,429930 [INFOR] [userlog] 当前:2023-12-29 18:03:22 用户:wwh 开始固件扫描任务:miwifi_r1cl_firmware_1b415_2.12.9.bin_20231208.pdf, id:355
12-29 18:04:40,923725 [INFOR] [userlog] 当前:2023-12-29 18:04:40 用户:wwh 登录成功
12-29 18:04:44,259691 [INFOR] [userlog] 当前:2023-12-29 18:04:44 用户:wwh 创建固件扫描任务:zsy.zip, id:356
12-29 18:04:45,791112 [INFOR] [userlog] 当前:2023-12-29 18:04:44 用户:wwh 开始固件扫描任务:zsy.zip, id:356
12-29 18:04:47,589824 [INFOR] [userlog] 当前:2023-12-29 18:04:47 用户:wwh 暂停固件扫描任务:zsy.zip, id:356
12-29 18:04:50,296601 [INFOR] [userlog] 当前:2023-12-29 18:04:50 用户:wwh 登录成功
12-29 18:04:53,273335 [INFOR] [userlog] 当前:2023-12-29 18:04:53 用户:wwh 登录成功
12-29 18:04:56,126127 [INFOR] [userlog] 当前:2023-12-29 18:04:56 用户:wwh 修改固件扫描任务:zsy.zip, id:353
12-29 18:04:56,333913 [INFOR] [userlog] 当前:2023-12-29 18:04:56 用户:wwh 登录成功
12-29 18:04:57,053858 [INFOR] [userlog] 当前:2023-12-29 18:04:56 用户:wwh 登录成功
12-29 18:04:59,151249 [INFOR] [userlog] 当前:2023-12-29 18:04:59 用户:wwh 修改固件扫描任务:g0, id:353
12-29 18:04:59,395121 [INFOR] [userlog] 当前:2023-12-29 18:04:59 用户:wwh 登录成功
12-29 18:05:00,174664 [INFOR] [userlog] 当前:2023-12-29 18:05:00 用户:wwh 登录成功
12-29 18:05:03,546529 [INFOR] [userlog] 当前:2023-12-29 18:05:03 用户:wwh 删除固件扫描任务:zsy.zip, id:356
12-29 18:05:03,606186 [INFOR] [userlog] 当前:2023-12-29 18:05:03 用户:wwh 创建固件扫描任务:zsy.zip, id:357
12-29 18:05:06,464587 [INFOR] [userlog] 当前:2023-12-29 18:05:06 用户:wwh 删除固件扫描任务:libcurl_7.17.1-1_arm.ipk, id:348
12-29 18:05:06,487579 [INFOR] [userlog] 当前:2023-12-29 18:05:06 用户:wwh 创建固件扫描任务:libcurl_7.17.1-1_arm.ipk, id:358
12-29 18:05:06,553262 [INFOR] [userlog] 当前:2023-12-29 18:05:06 用户:wwh 删除固件扫描任务:zsy.zip, id:357
12-29 18:05:06,553277 [INFOR] [userlog] 当前:2023-12-29 18:05:06 用户:wwh 删除固件扫描任务:libcurl_7.17.1-1_arm.ipk, id:358
12-29 18:05:06,730238 [INFOR] [userlog] 当前:2023-12-29 18:05:06 用户:wwh 登录成功
12-29 18:05:07,143488 [INFOR] [userlog] 当前:2023-12-29 18:05:06 用户:wwh 登录成功
12-29 18:05:07,567769 [INFOR] [userlog] 当前:2023-12-29 18:05:07 用户:wwh 登录成功
12-29 18:05:08,003932 [INFOR] [userlog] 当前:2023-12-29 18:05:07 用户:wwh 登录成功
12-29 18:05:11,137186 [INFOR] [userlog] 当前:2023-12-29 18:05:11 用户:wwh 创建固件扫描任务:libcurl_7.17.1-1_arm.ipk, id:359
12-29 18:05:12,015634 [INFOR] [userlog] 当前:2023-12-29 18:05:11 用户:wwh 开始固件扫描任务:libcurl_7.17.1-1_arm.ipk, id:359
12-29 18:05:12,753951 [INFOR] [userlog] 当前:2023-12-29 18:05:12 用户:wwh 登录成功
12-29 18:05:16,985535 [INFOR] [userlog] 当前:2023-12-29 18:05:16 用户:wwh 暂停固件扫描任务:libcurl_7.17.1-1_arm.ipk, id:359
12-29 18:05:17,022734 [INFOR] [userlog] 当前:2023-12-29 18:05:16 用户:wwh 删除固件扫描任务:libcurl_7.17.1-1_arm.ipk, id:359
12-29 18:05:17,039013 [INFOR] [userlog] 当前:2023-12-29 18:05:15 用户:wwh 创建固件扫描任务:libcurl_7.17.1-1_arm.ipk, id:360
12-29 18:05:17,941504 [INFOR] [userlog] 当前:2023-12-29 18:05:17 用户:wwh 开始固件扫描任务:libcurl_7.17.1-1_arm.ipk, id:360
12-29 18:05:19,555430 [INFOR] [userlog] 当前:2023-12-29 18:05:19 用户:wwh 暂停固件扫描任务:libcurl_7.17.1-1_arm.ipk, id:360
12-29 18:05:19,610052 [INFOR] [userlog] 当前:2023-12-29 18:05:19 用户:wwh 删除固件扫描任务:libcurl_7.17.1-1_arm.ipk, id:360
12-29 18:05:19,805322 [INFOR] [userlog] 当前:2023-12-29 18:05:19 用户:wwh 登录成功
12-29 18:05:24,821548 [INFOR] [userlog] 当前:2023-12-29 18:05:24 用户:wwh 创建固件扫描任务:miwifi_r1cl_firmware_1b415_2.12.9.bin_20231208.pdf, id:361
12-29 18:05:25,703573 [INFOR] [userlog] 当前:2023-12-29 18:05:25 用户:wwh 开始固件扫描任务:miwifi_r1cl_firmware_1b415_2.12.9.bin_20231208.pdf, id:361
12-29 18:05:26,957313 [INFOR] [userlog] 当前:2023-12-29 18:05:26 用户:wwh 删除固件扫描任务:miwifi_r1cl_firmware_1b415_2.12.9.bin_20231208.pdf, id:355
12-29 18:05:27,226439 [INFOR] [userlog] 当前:2023-12-29 18:05:27 用户:wwh 登录成功
12-29 18:05:27,440530 [INFOR] [userlog] 当前:2023-12-29 18:05:27 用户:wwh 登录成功
12-29 18:05:27,652953 [INFOR] [userlog] 当前:2023-12-29 18:05:27 用户:wwh 登录成功
12-29 18:05:28,163208 [INFOR] [userlog] 当前:2023-12-29 18:05:27 用户:wwh 登录成功
12-29 18:05:31,515207 [INFOR] [userlog] 当前:2023-12-29 18:05:31 用户:wwh 删除固件扫描任务:libcrypto.so.0.9.8, id:304
12-29 18:05:31,530903 [INFOR] [userlog] 当前:2023-12-29 18:05:31 用户:wwh 创建固件扫描任务:libcrypto.so.0.9.8, id:362
12-29 18:05:32,324853 [INFOR] [userlog] 当前:2023-12-29 18:05:32 用户:wwh 登录成功
12-29 18:05:32,405545 [INFOR] [userlog] 当前:2023-12-29 18:05:31 用户:wwh 开始固件扫描任务:libcrypto.so.0.9.8, id:362
12-29 18:05:33,304426 [INFOR] [userlog] 当前:2023-12-29 18:05:33 用户:wwh 登录成功
12-29 18:05:33,905303 [INFOR] [userlog] 当前:2023-12-29 18:05:33 用户:wwh 登录成功
12-29 18:05:37,668926 [INFOR] [userlog] 当前:2023-12-29 18:05:37 用户:wwh 登录成功
12-29 18:05:38,701559 [INFOR] [userlog] 当前:2023-12-29 18:05:38 用户:wwh 登录成功
12-29 18:05:39,363422 [INFOR] [userlog] 当前:2023-12-29 18:05:39 用户:wwh 登录成功
12-29 18:05:40,016108 [INFOR] [userlog] 当前:2023-12-29 18:05:39 用户:wwh 登录成功
12-29 18:05:42,385281 [INFOR] [userlog] 当前:2023-12-29 18:05:42 用户:wwh 登录成功
12-29 18:05:43,220820 [INFOR] [userlog] 当前:2023-12-29 18:05:43 用户:wwh 登录成功
12-29 18:05:46,977264 [INFOR] [userlog] 当前:2023-12-29 18:05:46 用户:wwh 删除固件扫描任务:zsy.zip, id:306
12-29 18:05:47,008580 [INFOR] [userlog] 当前:2023-12-29 18:05:46 用户:wwh 登录成功
12-29 18:05:47,082448 [INFOR] [userlog] 当前:2023-12-29 18:05:46 用户:wwh 创建固件扫描任务:zsy.zip, id:363
12-29 18:05:47,712378 [INFOR] [userlog] 当前:2023-12-29 18:05:47 用户:wwh 登录成功
12-29 18:05:48,404047 [INFOR] [userlog] 当前:2023-12-29 18:05:48 用户:wwh 登录成功
12-29 18:05:48,984263 [INFOR] [userlog] 当前:2023-12-29 18:05:48 用户:wwh 登录成功
12-29 18:05:49,385463 [INFOR] [userlog] 当前:2023-12-29 18:05:49 用户:wwh 登录成功
12-29 18:05:49,763471 [INFOR] [userlog] 当前:2023-12-29 18:05:49 用户:wwh 登录成功
12-29 18:05:51,610943 [INFOR] [userlog] 当前:2023-12-29 18:05:51 用户:wwh 登录成功
12-29 18:05:52,859108 [INFOR] [userlog] 当前:2023-12-29 18:05:52 用户:wwh 登录成功
12-29 18:05:56,152859 [INFOR] [userlog] 当前:2023-12-29 18:05:55 用户:wwh 登录成功
12-29 18:05:56,339392 [INFOR] [userlog] 当前:2023-12-29 18:05:56 用户:wwh 删除固件扫描任务:zsy.zip, id:363
12-29 18:05:56,354064 [INFOR] [userlog] 当前:2023-12-29 18:05:56 用户:wwh 创建固件扫描任务:zsy.zip, id:364
12-29 18:05:56,853601 [INFOR] [userlog] 当前:2023-12-29 18:05:56 用户:wwh 登录成功
12-29 18:06:00,318014 [INFOR] [userlog] 当前:2023-12-29 18:05:59 用户:wwh 开始固件扫描任务:zsy.zip, id:364
12-29 18:06:00,797656 [INFOR] [userlog] 当前:2023-12-29 18:06:00 用户:wwh 创建策略:5O
12-29 18:06:01,344386 [INFOR] [userlog] 当前:2023-12-29 18:06:01 用户:wwh 登录成功
12-29 18:06:02,228335 [INFOR] [userlog] 当前:2023-12-29 18:06:02 用户:wwh 暂停固件扫描任务:zsy.zip, id:364
12-29 18:06:02,883856 [INFOR] [userlog] 当前:2023-12-29 18:06:02 用户:wwh 登录成功
12-29 18:06:05,972148 [INFOR] [userlog] 当前:2023-12-29 18:06:05 用户:wwh 登录成功
12-29 18:06:06,253469 [INFOR] [userlog] 当前:2023-12-29 18:06:06 用户:wwh 删除固件扫描任务:zsy.zip, id:364
12-29 18:06:06,317131 [INFOR] [userlog] 当前:2023-12-29 18:06:06 用户:wwh 创建固件扫描任务:zsy.zip, id:365
12-29 18:06:06,972632 [INFOR] [userlog] 当前:2023-12-29 18:06:06 用户:wwh 登录成功
12-29 18:06:11,375610 [INFOR] [userlog] 当前:2023-12-29 18:06:10 用户:wwh 登录成功
12-29 18:06:12,374958 [INFOR] [userlog] 当前:2023-12-29 18:06:12 用户:wwh 删除固件扫描任务:miwifi_r1cl_firmware_1b415_2.12.9.bin_20231208.pdf, id:361
12-29 18:06:12,419325 [INFOR] [userlog] 当前:2023-12-29 18:06:12 用户:wwh 创建固件扫描任务:miwifi_r1cl_firmware_1b415_2.12.9.bin_20231208.pdf, id:366
12-29 18:06:16,473357 [INFOR] [userlog] 当前:2023-12-29 18:06:16 用户:wwh 登录成功
12-29 18:06:21,032148 [INFOR] [userlog] 当前:2023-12-29 18:06:20 用户:wwh 登录成功
12-29 18:06:25,632710 [INFOR] [userlog] 当前:2023-12-29 18:06:25 用户:wwh 创建策略:GO
12-29 18:06:25,840050 [INFOR] [userlog] 当前:2023-12-29 18:06:25 用户:wwh 登录成功
12-29 18:06:30,430380 [INFOR] [userlog] 当前:2023-12-29 18:06:30 用户:wwh 创建策略:51
12-29 18:06:30,644537 [INFOR] [userlog] 当前:2023-12-29 18:06:30 用户:wwh 登录成功
12-29 18:06:35,435216 [INFOR] [userlog] 当前:2023-12-29 18:06:35 用户:wwh 登录成功
12-29 18:06:39,961827 [INFOR] [userlog] 当前:2023-12-29 18:06:39 用户:wwh 创建策略:if
12-29 18:06:40,167980 [INFOR] [userlog] 当前:2023-12-29 18:06:40 用户:wwh 登录成功
12-29 18:06:44,984948 [INFOR] [userlog] 当前:2023-12-29 18:06:44 用户:wwh 登录成功
12-29 18:06:49,826684 [INFOR] [userlog] 当前:2023-12-29 18:06:49 用户:wwh 登录成功
12-29 18:06:54,674915 [INFOR] [userlog] 当前:2023-12-29 18:06:54 用户:wwh 登录成功
12-29 18:06:55,325512 [INFOR] [userlog] 当前:2023-12-29 18:06:55 用户:wwh 登录成功
12-29 18:06:58,597644 [INFOR] [userlog] 当前:2023-12-29 18:06:58 用户:wwh 删除固件扫描任务:提升品型的权威机携手飒飒开展识传播1的1公益!合-展知识播公益展#识传播的公益展知发知识传播的公益展知识传播的公益展知发.ipk, id:347
12-29 18:06:58,618984 [INFOR] [userlog] 当前:2023-12-29 18:06:58 用户:wwh 创建固件扫描任务:提升品型的权威机携手飒飒开展识传播1的1公益!合-展知识播公益展#识传播的公益展知发知识传播的公益展知识传播的公益展知发.ipk, id:367
12-29 18:06:58,806682 [INFOR] [userlog] 当前:2023-12-29 18:06:58 用户:wwh 登录成功
12-29 18:07:01,823592 [INFOR] [userlog] 当前:2023-12-29 18:07:01 用户:wwh 创建固件扫描任务:libcurl_7.17.1-1_arm.ipk, id:368
12-29 18:07:01,995842 [INFOR] [userlog] 当前:2023-12-29 18:07:01 用户:wwh 登录成功
12-29 18:07:04,998487 [INFOR] [userlog] 当前:2023-12-29 18:07:04 用户:wwh 删除固件扫描任务:libcurl_7.17.1-1_arm.ipk, id:349
12-29 18:07:05,014787 [INFOR] [userlog] 当前:2023-12-29 18:07:04 用户:wwh 创建固件扫描任务:libcurl_7.17.1-1_arm.ipk, id:369
12-29 18:07:05,184986 [INFOR] [userlog] 当前:2023-12-29 18:07:05 用户:wwh 登录成功
12-29 18:07:08,242640 [INFOR] [userlog] 当前:2023-12-29 18:07:08 用户:wwh 删除固件扫描任务:libcurl_7.17.1-1_arm.ipk, id:350
12-29 18:07:08,259643 [INFOR] [userlog] 当前:2023-12-29 18:07:08 用户:wwh 创建固件扫描任务:libcurl_7.17.1-1_arm.ipk, id:370
12-29 18:07:08,469493 [INFOR] [userlog] 当前:2023-12-29 18:07:08 用户:wwh 登录成功
12-29 18:07:11,434511 [INFOR] [userlog] 当前:2023-12-29 18:07:11 用户:wwh 删除固件扫描任务:libcurl_7.17.1-1_arm.ipk, id:351
12-29 18:07:11,461168 [INFOR] [userlog] 当前:2023-12-29 18:07:11 用户:wwh 创建固件扫描任务:libcurl_7.17.1-1_arm.ipk, id:371
12-29 18:07:11,646751 [INFOR] [userlog] 当前:2023-12-29 18:07:11 用户:wwh 登录成功
12-29 18:07:14,734621 [INFOR] [userlog] 当前:2023-12-29 18:07:14 用户:wwh 删除固件扫描任务:libcurl_7.17.1-1_arm.ipk, id:352
12-29 18:07:14,752885 [INFOR] [userlog] 当前:2023-12-29 18:07:14 用户:wwh 创建固件扫描任务:libcurl_7.17.1-1_arm.ipk, id:372
12-29 18:07:14,929171 [INFOR] [userlog] 当前:2023-12-29 18:07:14 用户:wwh 登录成功
12-29 18:07:18,166774 [INFOR] [userlog] 当前:2023-12-29 18:07:18 用户:wwh 创建固件扫描任务:zsy.zip, id:373
12-29 18:07:18,331587 [INFOR] [userlog] 当前:2023-12-29 18:07:18 用户:wwh 登录成功
12-29 18:07:20,887059 [INFOR] [userlog] 当前:2023-12-29 18:07:20 用户:wwh 登录成功
12-29 18:07:23,781094 [INFOR] [userlog] 当前:2023-12-29 18:07:23 用户:wwh 登录成功
12-29 18:07:26,997623 [INFOR] [userlog] 当前:2023-12-29 18:07:26 用户:wwh 登录成功
12-29 18:07:30,008359 [INFOR] [userlog] 当前:2023-12-29 18:07:29 用户:wwh 登录成功
12-29 18:07:32,566952 [INFOR] [userlog] 当前:2023-12-29 18:07:32 用户:wwh 登录成功
12-29 18:07:35,798805 [INFOR] [userlog] 当前:2023-12-29 18:07:35 用户:wwh 创建固件扫描任务:zsy.zip, id:374
12-29 18:07:35,973602 [INFOR] [userlog] 当前:2023-12-29 18:07:35 用户:wwh 登录成功
12-29 18:07:38,749291 [INFOR] [userlog] 当前:2023-12-29 18:07:38 用户:wwh 修改固件扫描任务:zsy.zip, id:374
12-29 18:07:38,924103 [INFOR] [userlog] 当前:2023-12-29 18:07:38 用户:wwh 登录成功
12-29 18:07:41,554888 [INFOR] [userlog] 当前:2023-12-29 18:07:41 用户:wwh 修改固件扫描任务:6, id:374
12-29 18:07:41,792463 [INFOR] [userlog] 当前:2023-12-29 18:07:41 用户:wwh 登录成功
12-29 18:07:44,519285 [INFOR] [userlog] 当前:2023-12-29 18:07:44 用户:wwh 删除固件扫描任务:rpMhcLSdplgs3SgWg2ktTF7yfHgJZWgNcvcXyuX340W3azOD4XiGkvbSvpgOUkUHI06kaJNSvbUKLFQlEHZD0nDhJrKyjVfrmTLo, id:354
12-29 18:07:44,543994 [INFOR] [userlog] 当前:2023-12-29 18:07:44 用户:wwh 修改固件扫描任务:2, id:374
12-29 18:07:44,719197 [INFOR] [userlog] 当前:2023-12-29 18:07:44 用户:wwh 登录成功
12-29 18:07:47,644157 [INFOR] [userlog] 当前:2023-12-29 18:07:47 用户:wwh 登录成功
12-29 18:07:50,640931 [INFOR] [userlog] 当前:2023-12-29 18:07:50 用户:wwh 登录成功
12-29 18:07:53,609204 [INFOR] [userlog] 当前:2023-12-29 18:07:53 用户:wwh 登录成功
12-29 18:07:56,232156 [INFOR] [userlog] 当前:2023-12-29 18:07:56 用户:wwh 登录成功
12-29 18:07:58,776336 [INFOR] [userlog] 当前:2023-12-29 18:07:58 用户:wwh 登录成功
12-29 18:08:01,312787 [INFOR] [userlog] 当前:2023-12-29 18:08:01 用户:wwh 登录成功
12-29 18:08:04,515312 [INFOR] [userlog] 当前:2023-12-29 18:08:04 用户:wwh 创建固件扫描任务:zsy.zip, id:375
12-29 18:08:05,329534 [INFOR] [userlog] 当前:2023-12-29 18:08:04 用户:wwh 开始固件扫描任务:zsy.zip, id:375
12-29 18:08:08,344439 [INFOR] [userlog] 当前:2023-12-29 18:08:08 用户:wwh 登录成功
12-29 18:08:11,348356 [INFOR] [userlog] 当前:2023-12-29 18:08:11 用户:wwh 登录成功
12-29 18:08:16,369298 [INFOR] [userlog] 当前:2023-12-29 18:08:16 用户:wwh 创建固件扫描任务:miwifi_r1cl_firmware_1b415_2.12.9.bin_20231208.pdf, id:376
12-29 18:08:17,171018 [INFOR] [userlog] 当前:2023-12-29 18:08:16 用户:wwh 开始固件扫描任务:miwifi_r1cl_firmware_1b415_2.12.9.bin_20231208.pdf, id:376
12-29 18:09:12,914079 [INFOR] [userlog] 当前:2023-12-29 18:09:12 用户:wwh 登录成功
12-29 18:09:17,552339 [INFOR] [userlog] 当前:2023-12-29 18:09:17 用户:wwh 修改策略:5
12-29 18:09:17,817355 [INFOR] [userlog] 当前:2023-12-29 18:09:17 用户:wwh 登录成功
12-29 18:09:20,026152 [INFOR] [userlog] 当前:2023-12-29 18:09:19 用户:wwh 登录成功
12-29 18:09:22,593639 [INFOR] [userlog] 当前:2023-12-29 18:09:22 用户:wwh 登录成功
12-29 18:09:25,407920 [INFOR] [userlog] 当前:2023-12-29 18:09:25 用户:wwh 登录成功
12-29 18:09:27,247321 [INFOR] [userlog] 当前:2023-12-29 18:09:27 用户:wwh 登录成功
12-29 18:09:28,014376 [INFOR] [userlog] 当前:2023-12-29 18:09:27 用户:wwh 登录成功
12-29 18:09:30,832961 [INFOR] [userlog] 当前:2023-12-29 18:09:30 用户:wwh 删除固件扫描任务:zsy.zip, id:373
12-29 18:09:30,911214 [INFOR] [userlog] 当前:2023-12-29 18:09:30 用户:wwh 修改固件扫描任务:y2cmxbb9UM0z8Z3Ce855rD4AYzEszji5kM3fec4U2fIMrNsnySvVgbOwWEWXaDRhZ64aBr3xhD2nV3aoL1wLr3dJIBOdLxG8lbbw, id:374
12-29 18:09:31,098174 [INFOR] [userlog] 当前:2023-12-29 18:09:30 用户:wwh 登录成功
12-29 18:09:31,850212 [INFOR] [userlog] 当前:2023-12-29 18:09:31 用户:wwh 登录成功
12-29 18:09:34,006645 [INFOR] [userlog] 当前:2023-12-29 18:09:33 用户:wwh 删除固件扫描任务:9H, id:353
12-29 18:09:34,054201 [INFOR] [userlog] 当前:2023-12-29 18:09:33 用户:wwh 修改固件扫描任务:H6, id:374
12-29 18:09:34,324445 [INFOR] [userlog] 当前:2023-12-29 18:09:34 用户:wwh 登录成功
12-29 18:09:36,474044 [INFOR] [userlog] 当前:2023-12-29 18:09:36 用户:wwh 登录成功
12-29 18:09:37,276058 [INFOR] [userlog] 当前:2023-12-29 18:09:37 用户:wwh 登录成功
12-29 18:09:37,873533 [INFOR] [userlog] 当前:2023-12-29 18:09:37 用户:wwh 登录成功
12-29 18:09:41,159218 [INFOR] [userlog] 当前:2023-12-29 18:09:41 用户:wwh 创建固件扫描任务:libcrypto.so.0.9.8, id:377
12-29 18:09:41,167376 [INFOR] [userlog] 当前:2023-12-29 18:09:41 用户:wwh 登录成功
12-29 18:09:41,906396 [INFOR] [userlog] 当前:2023-12-29 18:09:41 用户:wwh 登录成功
12-29 18:09:42,561215 [INFOR] [userlog] 当前:2023-12-29 18:09:42 用户:wwh 登录成功
12-29 18:09:46,281676 [INFOR] [userlog] 当前:2023-12-29 18:09:46 用户:wwh 登录成功
12-29 18:09:47,490648 [INFOR] [userlog] 当前:2023-12-29 18:09:47 用户:wwh 登录成功
12-29 18:09:48,086329 [INFOR] [userlog] 当前:2023-12-29 18:09:47 用户:wwh 登录成功
12-29 18:09:48,667182 [INFOR] [userlog] 当前:2023-12-29 18:09:48 用户:wwh 登录成功
12-29 18:09:51,287016 [INFOR] [userlog] 当前:2023-12-29 18:09:51 用户:wwh 登录成功
12-29 18:09:51,932391 [INFOR] [userlog] 当前:2023-12-29 18:09:51 用户:wwh 删除固件扫描任务:zsy.zip, id:365
12-29 18:09:52,029569 [INFOR] [userlog] 当前:2023-12-29 18:09:51 用户:wwh 创建固件扫描任务:zsy.zip, id:378
12-29 18:09:52,251586 [INFOR] [userlog] 当前:2023-12-29 18:09:52 用户:wwh 登录成功
12-29 18:09:55,813162 [INFOR] [userlog] 当前:2023-12-29 18:09:55 用户:wwh 开始固件扫描任务:zsy.zip, id:378
12-29 18:09:56,144172 [INFOR] [userlog] 当前:2023-12-29 18:09:55 用户:wwh 登录成功
12-29 18:09:56,458209 [INFOR] [userlog] 当前:2023-12-29 18:09:56 用户:wwh 登录成功
12-29 18:09:56,977300 [INFOR] [userlog] 当前:2023-12-29 18:09:56 用户:wwh 登录成功
12-29 18:09:57,382299 [INFOR] [userlog] 当前:2023-12-29 18:09:57 用户:wwh 登录成功
12-29 18:09:57,736006 [INFOR] [userlog] 当前:2023-12-29 18:09:57 用户:wwh 登录成功
12-29 18:09:58,064629 [INFOR] [userlog] 当前:2023-12-29 18:09:57 用户:wwh 登录成功
12-29 18:10:00,880152 [INFOR] [userlog] 当前:2023-12-29 18:10:00 用户:wwh 登录成功
12-29 18:10:01,415914 [INFOR] [userlog] 当前:2023-12-29 18:10:01 用户:wwh 暂停固件扫描任务:zsy.zip, id:378
12-29 18:10:01,460591 [INFOR] [userlog] 当前:2023-12-29 18:10:01 用户:wwh 删除固件扫描任务:zsy.zip, id:378
12-29 18:10:01,536682 [INFOR] [userlog] 当前:2023-12-29 18:10:01 用户:wwh 创建固件扫描任务:zsy.zip, id:379
12-29 18:10:01,854568 [INFOR] [userlog] 当前:2023-12-29 18:10:01 用户:wwh 登录成功
12-29 18:10:05,546308 [INFOR] [userlog] 当前:2023-12-29 18:10:04 用户:wwh 开始固件扫描任务:zsy.zip, id:379
12-29 18:10:05,603366 [INFOR] [userlog] 当前:2023-12-29 18:10:05 用户:wwh 登录成功
12-29 18:10:06,209085 [INFOR] [userlog] 当前:2023-12-29 18:10:06 用户:wwh 登录成功
12-29 18:10:10,163331 [INFOR] [userlog] 当前:2023-12-29 18:10:10 用户:wwh 登录成功
12-29 18:10:10,836961 [INFOR] [userlog] 当前:2023-12-29 18:10:10 用户:wwh 暂停固件扫描任务:zsy.zip, id:379
12-29 18:10:10,885253 [INFOR] [userlog] 当前:2023-12-29 18:10:10 用户:wwh 删除固件扫描任务:zsy.zip, id:379
12-29 18:10:10,915125 [INFOR] [userlog] 当前:2023-12-29 18:10:09 用户:wwh 创建固件扫描任务:zsy.zip, id:380
12-29 18:10:11,567405 [INFOR] [userlog] 当前:2023-12-29 18:10:11 用户:wwh 登录成功
12-29 18:10:14,807550 [INFOR] [userlog] 当前:2023-12-29 18:10:14 用户:wwh 登录成功
12-29 18:10:15,204333 [INFOR] [userlog] 当前:2023-12-29 18:10:15 用户:wwh 删除固件扫描任务:zsy.zip, id:380
12-29 18:10:15,235921 [INFOR] [userlog] 当前:2023-12-29 18:10:15 用户:wwh 创建固件扫描任务:zsy.zip, id:381
12-29 18:10:15,801761 [INFOR] [userlog] 当前:2023-12-29 18:10:15 用户:wwh 登录成功
12-29 18:10:19,683297 [INFOR] [userlog] 当前:2023-12-29 18:10:19 用户:wwh 登录成功
12-29 18:10:20,564771 [INFOR] [userlog] 当前:2023-12-29 18:10:20 用户:wwh 登录成功
12-29 18:10:24,441204 [INFOR] [userlog] 当前:2023-12-29 18:10:24 用户:wwh 登录成功
12-29 18:10:25,209996 [INFOR] [userlog] 当前:2023-12-29 18:10:25 用户:wwh 登录成功
12-29 18:10:29,170623 [INFOR] [userlog] 当前:2023-12-29 18:10:28 用户:wwh 登录成功
12-29 18:10:29,993733 [INFOR] [userlog] 当前:2023-12-29 18:10:29 用户:wwh 登录成功
12-29 18:10:34,211309 [INFOR] [userlog] 当前:2023-12-29 18:10:34 用户:wwh 登录成功
12-29 18:10:34,697126 [INFOR] [userlog] 当前:2023-12-29 18:10:34 用户:wwh 登录成功
12-29 18:10:39,349173 [INFOR] [userlog] 当前:2023-12-29 18:10:39 用户:wwh 登录成功
12-29 18:10:39,428829 [INFOR] [userlog] 当前:2023-12-29 18:10:39 用户:wwh 修改策略:MM
12-29 18:10:39,718444 [INFOR] [userlog] 当前:2023-12-29 18:10:39 用户:wwh 登录成功
12-29 18:10:39,825480 [INFOR] [userlog] 当前:2023-12-29 18:10:39 用户:wwh 登录成功
12-29 18:10:40,451194 [INFOR] [userlog] 当前:2023-12-29 18:10:40 用户:wwh 登录成功
12-29 18:10:40,820482 [INFOR] [userlog] 当前:2023-12-29 18:10:40 用户:wwh 登录成功
12-29 18:10:41,551104 [INFOR] [userlog] 当前:2023-12-29 18:10:41 用户:wwh 登录成功
12-29 18:10:41,955453 [INFOR] [userlog] 当前:2023-12-29 18:10:41 用户:wwh 登录成功
12-29 18:10:42,515188 [INFOR] [userlog] 当前:2023-12-29 18:10:42 用户:wwh 登录成功
12-29 18:10:42,929315 [INFOR] [userlog] 当前:2023-12-29 18:10:42 用户:wwh 登录成功
12-29 18:10:44,331136 [INFOR] [userlog] 当前:2023-12-29 18:10:44 用户:wwh 登录成功
12-29 18:10:49,086274 [INFOR] [userlog] 当前:2023-12-29 18:10:49 用户:wwh 修改策略:qL
12-29 18:10:49,301241 [INFOR] [userlog] 当前:2023-12-29 18:10:49 用户:wwh 登录成功
12-29 18:10:54,209151 [INFOR] [userlog] 当前:2023-12-29 18:10:54 用户:wwh 登录成功
12-29 18:10:59,212798 [INFOR] [userlog] 当前:2023-12-29 18:10:59 用户:wwh 登录成功
12-29 18:11:03,909719 [INFOR] [userlog] 当前:2023-12-29 18:11:03 用户:wwh 登录成功
12-29 18:11:08,895287 [INFOR] [userlog] 当前:2023-12-29 18:11:08 用户:wwh 登录成功
12-29 18:11:13,467108 [INFOR] [userlog] 当前:2023-12-29 18:11:13 用户:wwh 登录成功
12-29 18:11:18,387179 [INFOR] [userlog] 当前:2023-12-29 18:11:18 用户:wwh 登录成功
12-29 18:11:23,595547 [INFOR] [userlog] 当前:2023-12-29 18:11:23 用户:wwh 登录成功
12-29 18:11:28,422327 [INFOR] [userlog] 当前:2023-12-29 18:11:28 用户:wwh 登录成功
12-29 18:11:33,069278 [INFOR] [userlog] 当前:2023-12-29 18:11:32 用户:wwh 登录成功
12-29 18:11:37,824123 [INFOR] [userlog] 当前:2023-12-29 18:11:37 用户:wwh 修改策略:OfydxcrgAhk3jjG3t8vCgf64xHNo85es1cq0bCtPIOaVUmh1Long1Umd9gQH5GE7Hew0FfVTMFpHRirc3LPFAKW2RSOx5DeW4CD4
12-29 18:11:38,043771 [INFOR] [userlog] 当前:2023-12-29 18:11:37 用户:wwh 登录成功
12-29 18:11:43,104856 [INFOR] [userlog] 当前:2023-12-29 18:11:42 用户:wwh 登录成功
12-29 18:11:48,304995 [INFOR] [userlog] 当前:2023-12-29 18:11:48 用户:wwh 登录成功
12-29 18:11:48,742006 [INFOR] [userlog] 当前:2023-12-29 18:11:48 用户:wwh 登录成功
12-29 18:11:49,319718 [INFOR] [userlog] 当前:2023-12-29 18:11:49 用户:wwh 登录成功
12-29 18:11:49,709217 [INFOR] [userlog] 当前:2023-12-29 18:11:49 用户:wwh 登录成功
12-29 18:11:50,277055 [INFOR] [userlog] 当前:2023-12-29 18:11:50 用户:wwh 登录成功
12-29 18:11:50,636442 [INFOR] [userlog] 当前:2023-12-29 18:11:50 用户:wwh 登录成功
12-29 18:11:51,186337 [INFOR] [userlog] 当前:2023-12-29 18:11:51 用户:wwh 登录成功
12-29 18:11:51,601010 [INFOR] [userlog] 当前:2023-12-29 18:11:51 用户:wwh 登录成功
12-29 18:16:22,106060 [INFOR] [userlog] 当前:2023-12-29 18:16:21 用户:wwh 登录成功
12-29 18:16:25,563108 [INFOR] [userlog] 当前:2023-12-29 18:16:25 用户:wwh 删除固件扫描任务:zsy.zip, id:303
12-29 18:16:25,606978 [INFOR] [userlog] 当前:2023-12-29 18:16:25 用户:wwh 创建固件扫描任务:zsy.zip, id:382
12-29 18:16:25,833356 [INFOR] [userlog] 当前:2023-12-29 18:16:25 用户:wwh 登录成功
12-29 18:16:28,811306 [INFOR] [userlog] 当前:2023-12-29 18:16:28 用户:wwh 登录成功
12-29 18:16:29,274047 [INFOR] [userlog] 当前:2023-12-29 18:16:29 用户:wwh 登录成功
12-29 18:16:29,794088 [INFOR] [userlog] 当前:2023-12-29 18:16:29 用户:wwh 登录成功
12-29 18:16:30,183515 [INFOR] [userlog] 当前:2023-12-29 18:16:30 用户:wwh 登录成功
12-29 18:16:33,251078 [INFOR] [userlog] 当前:2023-12-29 18:16:33 用户:wwh 创建固件扫描任务:libcurl_7.17.1-1_arm.ipk, id:383
12-29 18:16:34,111388 [INFOR] [userlog] 当前:2023-12-29 18:16:33 用户:wwh 开始固件扫描任务:libcurl_7.17.1-1_arm.ipk, id:383
12-29 18:16:34,793641 [INFOR] [userlog] 当前:2023-12-29 18:16:34 用户:wwh 登录成功
12-29 18:16:39,030118 [INFOR] [userlog] 当前:2023-12-29 18:16:39 用户:wwh 暂停固件扫描任务:libcurl_7.17.1-1_arm.ipk, id:383
12-29 18:16:39,092310 [INFOR] [userlog] 当前:2023-12-29 18:16:39 用户:wwh 删除固件扫描任务:libcurl_7.17.1-1_arm.ipk, id:383
12-29 18:16:39,124084 [INFOR] [userlog] 当前:2023-12-29 18:16:37 用户:wwh 创建固件扫描任务:libcurl_7.17.1-1_arm.ipk, id:384
12-29 18:16:40,022371 [INFOR] [userlog] 当前:2023-12-29 18:16:39 用户:wwh 开始固件扫描任务:libcurl_7.17.1-1_arm.ipk, id:384
12-29 18:16:41,566674 [INFOR] [userlog] 当前:2023-12-29 18:16:41 用户:wwh 暂停固件扫描任务:libcurl_7.17.1-1_arm.ipk, id:384
12-29 18:16:41,642719 [INFOR] [userlog] 当前:2023-12-29 18:16:41 用户:wwh 删除固件扫描任务:libcurl_7.17.1-1_arm.ipk, id:384
12-29 18:16:41,859618 [INFOR] [userlog] 当前:2023-12-29 18:16:41 用户:wwh 登录成功
12-29 18:16:46,891960 [INFOR] [userlog] 当前:2023-12-29 18:16:46 用户:wwh 删除固件扫描任务:miwifi_r1cl_firmware_1b415_2.12.9.bin_20231208.pdf, id:366
12-29 18:16:48,312588 [INFOR] [userlog] 当前:2023-12-29 18:16:46 用户:wwh 创建固件扫描任务:miwifi_r1cl_firmware_1b415_2.12.9.bin_20231208.pdf, id:385
12-29 18:16:49,307884 [INFOR] [userlog] 当前:2023-12-29 18:16:48 用户:wwh 开始固件扫描任务:miwifi_r1cl_firmware_1b415_2.12.9.bin_20231208.pdf, id:385
12-29 18:16:50,063073 [INFOR] [userlog] 当前:2023-12-29 18:16:50 用户:wwh 删除固件扫描任务:miwifi_r1cl_firmware_1b415_2.12.9.bin_20231208.pdf, id:376
12-29 18:16:50,533292 [INFOR] [userlog] 当前:2023-12-29 18:16:50 用户:wwh 登录成功
12-29 18:16:50,938326 [INFOR] [userlog] 当前:2023-12-29 18:16:50 用户:wwh 登录成功
12-29 18:16:55,675884 [INFOR] [userlog] 当前:2023-12-29 18:16:55 用户:wwh 创建策略:n, 并设为默认选项
12-29 18:16:55,951336 [INFOR] [userlog] 当前:2023-12-29 18:16:55 用户:wwh 登录成功
12-29 18:17:00,810764 [INFOR] [userlog] 当前:2023-12-29 18:17:00 用户:wwh 登录成功
12-29 18:17:05,500102 [INFOR] [userlog] 当前:2023-12-29 18:17:05 用户:wwh 创建策略:kAOGsZPRJgHJUx3bLml3NcPQPXEOQk8JIlHFoYsTP2fgQTNpA5YfY6yCZHCUzkEi
12-29 18:17:06,316039 [INFOR] [userlog] 当前:2023-12-29 18:17:06 用户:wwh 登录成功
12-29 18:17:11,073805 [INFOR] [userlog] 当前:2023-12-29 18:17:11 用户:wwh 创建策略:IT
12-29 18:17:11,317172 [INFOR] [userlog] 当前:2023-12-29 18:17:11 用户:wwh 登录成功
12-29 18:17:16,002133 [INFOR] [userlog] 当前:2023-12-29 18:17:15 用户:wwh 创建策略:Sv
12-29 18:17:16,398326 [INFOR] [userlog] 当前:2023-12-29 18:17:16 用户:wwh 登录成功
12-29 18:17:21,083083 [INFOR] [userlog] 当前:2023-12-29 18:17:21 用户:wwh 创建策略:6b
12-29 18:17:21,284838 [INFOR] [userlog] 当前:2023-12-29 18:17:21 用户:wwh 登录成功
12-29 18:17:26,013730 [INFOR] [userlog] 当前:2023-12-29 18:17:26 用户:wwh 创建策略:QX
12-29 18:17:26,226978 [INFOR] [userlog] 当前:2023-12-29 18:17:26 用户:wwh 登录成功
12-29 18:17:30,880449 [INFOR] [userlog] 当前:2023-12-29 18:17:30 用户:wwh 创建策略:EJgUpQQ4RqetIZaj9grLubxaLQtrJpWxufilgxVSOuJ5HM7IhohJY12YhpX1iQbh6
12-29 18:17:31,104275 [INFOR] [userlog] 当前:2023-12-29 18:17:30 用户:wwh 登录成功
12-29 18:17:35,712607 [INFOR] [userlog] 当前:2023-12-29 18:17:35 用户:wwh 登录成功
12-29 18:17:40,614521 [INFOR] [userlog] 当前:2023-12-29 18:17:40 用户:wwh 登录成功
12-29 18:17:45,509649 [INFOR] [userlog] 当前:2023-12-29 18:17:45 用户:wwh 登录成功
12-29 18:17:50,206636 [INFOR] [userlog] 当前:2023-12-29 18:17:50 用户:wwh 创建策略:lC
12-29 18:17:50,422016 [INFOR] [userlog] 当前:2023-12-29 18:17:50 用户:wwh 登录成功
12-29 18:17:55,084333 [INFOR] [userlog] 当前:2023-12-29 18:17:55 用户:wwh 创建策略:Jo
12-29 18:17:55,450123 [INFOR] [userlog] 当前:2023-12-29 18:17:55 用户:wwh 登录成功
12-29 18:18:00,437668 [INFOR] [userlog] 当前:2023-12-29 18:18:00 用户:wwh 登录成功
12-29 18:18:05,175222 [INFOR] [userlog] 当前:2023-12-29 18:18:05 用户:wwh 创建策略:2r
12-29 18:18:05,614669 [INFOR] [userlog] 当前:2023-12-29 18:18:05 用户:wwh 登录成功
12-29 18:18:11,470541 [INFOR] [userlog] 当前:2023-12-29 18:18:10 用户:wwh 登录成功
12-29 18:18:16,327660 [INFOR] [userlog] 当前:2023-12-29 18:18:16 用户:wwh 登录成功
12-29 18:18:21,236286 [INFOR] [userlog] 当前:2023-12-29 18:18:21 用户:wwh 登录成功
12-29 18:18:21,996932 [INFOR] [userlog] 当前:2023-12-29 18:18:21 用户:wwh 登录成功
12-29 18:18:25,474336 [INFOR] [userlog] 当前:2023-12-29 18:18:25 用户:wwh 删除固件扫描任务:zsy.zip, id:382
12-29 18:18:25,504949 [INFOR] [userlog] 当前:2023-12-29 18:18:25 用户:wwh 创建固件扫描任务:zsy.zip, id:386
12-29 18:18:26,469176 [INFOR] [userlog] 当前:2023-12-29 18:18:25 用户:wwh 开始固件扫描任务:zsy.zip, id:386
12-29 18:18:27,216702 [INFOR] [userlog] 当前:2023-12-29 18:18:27 用户:wwh 登录成功
12-29 18:18:27,935267 [INFOR] [userlog] 当前:2023-12-29 18:18:27 用户:wwh 登录成功
12-29 18:18:31,083419 [INFOR] [userlog] 当前:2023-12-29 18:18:31 用户:wwh 删除固件扫描任务:libcrypto.so.0.9.8, id:362
12-29 18:18:31,113734 [INFOR] [userlog] 当前:2023-12-29 18:18:31 用户:wwh 创建固件扫描任务:libcrypto.so.0.9.8, id:387
12-29 18:18:31,827534 [INFOR] [userlog] 当前:2023-12-29 18:18:31 用户:wwh 开始固件扫描任务:libcrypto.so.0.9.8, id:387
12-29 18:18:33,423113 [INFOR] [userlog] 当前:2023-12-29 18:18:33 用户:wwh 暂停固件扫描任务:libcrypto.so.0.9.8, id:387
12-29 18:18:33,927775 [INFOR] [userlog] 当前:2023-12-29 18:18:33 用户:wwh 登录成功
12-29 18:18:34,600708 [INFOR] [userlog] 当前:2023-12-29 18:18:34 用户:wwh 登录成功
12-29 18:18:39,841865 [INFOR] [userlog] 当前:2023-12-29 18:18:39 用户:wwh 删除固件扫描任务:miwifi_r1cl_firmware_1b415_2.12.9.bin_20231208.pdf, id:385
12-29 18:18:39,854002 [INFOR] [userlog] 当前:2023-12-29 18:18:39 用户:wwh 创建固件扫描任务:miwifi_r1cl_firmware_1b415_2.12.9.bin_20231208.pdf, id:388
12-29 18:18:40,717275 [INFOR] [userlog] 当前:2023-12-29 18:18:40 用户:wwh 开始固件扫描任务:miwifi_r1cl_firmware_1b415_2.12.9.bin_20231208.pdf, id:388
12-29 18:19:41,703605 [INFOR] [userlog] 当前:2023-12-29 18:19:41 用户:wwh 登录成功
12-29 18:19:42,328448 [INFOR] [userlog] 当前:2023-12-29 18:19:42 用户:wwh 登录成功
12-29 18:19:42,892666 [INFOR] [userlog] 当前:2023-12-29 18:19:42 用户:wwh 登录成功
12-29 18:19:46,276926 [INFOR] [userlog] 当前:2023-12-29 18:19:46 用户:wwh 删除固件扫描任务:zsy.zip, id:381
12-29 18:19:46,316716 [INFOR] [userlog] 当前:2023-12-29 18:19:46 用户:wwh 创建固件扫描任务:zsy.zip, id:389
12-29 18:19:46,533732 [INFOR] [userlog] 当前:2023-12-29 18:19:46 用户:wwh 登录成功
12-29 18:19:50,226054 [INFOR] [userlog] 当前:2023-12-29 18:19:49 用户:wwh 开始固件扫描任务:zsy.zip, id:389
12-29 18:19:51,845113 [INFOR] [userlog] 当前:2023-12-29 18:19:51 用户:wwh 暂停固件扫描任务:zsy.zip, id:389
12-29 18:19:52,038668 [INFOR] [userlog] 当前:2023-12-29 18:19:51 用户:wwh 登录成功
12-29 18:19:52,510601 [INFOR] [userlog] 当前:2023-12-29 18:19:52 用户:wwh 登录成功
12-29 18:19:52,959590 [INFOR] [userlog] 当前:2023-12-29 18:19:52 用户:wwh 登录成功
12-29 18:19:53,405035 [INFOR] [userlog] 当前:2023-12-29 18:19:53 用户:wwh 登录成功
12-29 18:19:53,823935 [INFOR] [userlog] 当前:2023-12-29 18:19:53 用户:wwh 登录成功
12-29 18:19:57,268623 [INFOR] [userlog] 当前:2023-12-29 18:19:57 用户:wwh 删除固件扫描任务:zsy.zip, id:389
12-29 18:19:57,299738 [INFOR] [userlog] 当前:2023-12-29 18:19:57 用户:wwh 创建固件扫描任务:zsy.zip, id:390
12-29 18:19:57,572925 [INFOR] [userlog] 当前:2023-12-29 18:19:57 用户:wwh 登录成功
12-29 18:20:01,132194 [INFOR] [userlog] 当前:2023-12-29 18:20:00 用户:wwh 开始固件扫描任务:zsy.zip, id:390
12-29 18:20:01,881033 [INFOR] [userlog] 当前:2023-12-29 18:20:01 用户:wwh 登录成功
12-29 18:20:06,396226 [INFOR] [userlog] 当前:2023-12-29 18:20:06 用户:wwh 暂停固件扫描任务:zsy.zip, id:390
12-29 18:20:06,434686 [INFOR] [userlog] 当前:2023-12-29 18:20:06 用户:wwh 删除固件扫描任务:zsy.zip, id:390
12-29 18:20:06,464863 [INFOR] [userlog] 当前:2023-12-29 18:20:05 用户:wwh 创建固件扫描任务:zsy.zip, id:391
12-29 18:20:07,428545 [INFOR] [userlog] 当前:2023-12-29 18:20:06 用户:wwh 开始固件扫描任务:zsy.zip, id:391
12-29 18:20:08,987320 [INFOR] [userlog] 当前:2023-12-29 18:20:08 用户:wwh 暂停固件扫描任务:zsy.zip, id:391
12-29 18:20:09,716442 [INFOR] [userlog] 当前:2023-12-29 18:20:09 用户:wwh 恢复固件扫描任务:zsy.zip, id:391
12-29 18:20:09,921988 [INFOR] [userlog] 当前:2023-12-29 18:20:09 用户:wwh 登录成功
12-29 18:20:14,439820 [INFOR] [userlog] 当前:2023-12-29 18:20:14 用户:wwh 暂停固件扫描任务:zsy.zip, id:391
12-29 18:20:14,483075 [INFOR] [userlog] 当前:2023-12-29 18:20:14 用户:wwh 删除固件扫描任务:zsy.zip, id:391
12-29 18:20:14,510568 [INFOR] [userlog] 当前:2023-12-29 18:20:13 用户:wwh 创建固件扫描任务:zsy.zip, id:392
12-29 18:20:15,422609 [INFOR] [userlog] 当前:2023-12-29 18:20:14 用户:wwh 开始固件扫描任务:zsy.zip, id:392
12-29 18:20:16,162867 [INFOR] [userlog] 当前:2023-12-29 18:20:15 用户:wwh 登录成功
12-29 18:20:20,941496 [INFOR] [userlog] 当前:2023-12-29 18:20:20 用户:wwh 删除固件扫描任务:miwifi_r1cl_firmware_1b415_2.12.9.bin_20231208.pdf, id:388
12-29 18:20:20,962673 [INFOR] [userlog] 当前:2023-12-29 18:20:20 用户:wwh 创建固件扫描任务:miwifi_r1cl_firmware_1b415_2.12.9.bin_20231208.pdf, id:393
12-29 18:20:21,811646 [INFOR] [userlog] 当前:2023-12-29 18:20:21 用户:wwh 开始固件扫描任务:miwifi_r1cl_firmware_1b415_2.12.9.bin_20231208.pdf, id:393
12-29 18:21:22,593708 [INFOR] [userlog] 当前:2023-12-29 18:21:22 用户:wwh 登录成功
12-29 18:21:27,363425 [INFOR] [userlog] 当前:2023-12-29 18:21:27 用户:wwh 修改策略:f
12-29 18:21:27,628010 [INFOR] [userlog] 当前:2023-12-29 18:21:27 用户:wwh 登录成功
12-29 18:21:32,595204 [INFOR] [userlog] 当前:2023-12-29 18:21:32 用户:wwh 登录成功
12-29 18:21:37,577126 [INFOR] [userlog] 当前:2023-12-29 18:21:37 用户:wwh 修改策略:uB
12-29 18:21:37,780191 [INFOR] [userlog] 当前:2023-12-29 18:21:37 用户:wwh 登录成功
12-29 18:21:42,657894 [INFOR] [userlog] 当前:2023-12-29 18:21:42 用户:wwh 修改策略:2I
12-29 18:21:42,871967 [INFOR] [userlog] 当前:2023-12-29 18:21:42 用户:wwh 登录成功
12-29 18:21:47,637519 [INFOR] [userlog] 当前:2023-12-29 18:21:47 用户:wwh 修改策略:Li
12-29 18:21:47,821732 [INFOR] [userlog] 当前:2023-12-29 18:21:47 用户:wwh 登录成功
12-29 18:21:52,622762 [INFOR] [userlog] 当前:2023-12-29 18:21:52 用户:wwh 修改策略:Uf
12-29 18:21:52,841504 [INFOR] [userlog] 当前:2023-12-29 18:21:52 用户:wwh 登录成功
12-29 18:21:57,833017 [INFOR] [userlog] 当前:2023-12-29 18:21:57 用户:wwh 登录成功
12-29 18:22:02,751335 [INFOR] [userlog] 当前:2023-12-29 18:22:02 用户:wwh 登录成功
12-29 18:22:07,498591 [INFOR] [userlog] 当前:2023-12-29 18:22:07 用户:wwh 登录成功
12-29 18:22:12,434840 [INFOR] [userlog] 当前:2023-12-29 18:22:12 用户:wwh 登录成功
12-29 18:22:17,077167 [INFOR] [userlog] 当前:2023-12-29 18:22:16 用户:wwh 登录成功
12-29 18:22:22,023134 [INFOR] [userlog] 当前:2023-12-29 18:22:21 用户:wwh 登录成功
12-29 18:22:27,026152 [INFOR] [userlog] 当前:2023-12-29 18:22:26 用户:wwh 登录成功
12-29 18:22:31,748003 [INFOR] [userlog] 当前:2023-12-29 18:22:31 用户:wwh 登录成功
12-29 18:22:36,439246 [INFOR] [userlog] 当前:2023-12-29 18:22:36 用户:wwh 登录成功
12-29 18:22:41,238495 [INFOR] [userlog] 当前:2023-12-29 18:22:41 用户:wwh 修改策略:36pjsiRAC9DTwyoGibrK0orFYkeNlviBnhk2HPil7IOy1wttt2RXh404HYCZwDqbUSNclbPptlDD3jcrcokypmEAeUIw8ZIeIH9Z
12-29 18:22:41,426175 [INFOR] [userlog] 当前:2023-12-29 18:22:41 用户:wwh 登录成功
12-29 18:22:46,357480 [INFOR] [userlog] 当前:2023-12-29 18:22:46 用户:wwh 登录成功
12-29 18:22:51,216464 [INFOR] [userlog] 当前:2023-12-29 18:22:51 用户:wwh 登录成功
12-29 18:22:51,600049 [INFOR] [userlog] 当前:2023-12-29 18:22:51 用户:wwh 登录成功
12-29 18:22:52,162972 [INFOR] [userlog] 当前:2023-12-29 18:22:52 用户:wwh 登录成功
12-29 18:22:52,624681 [INFOR] [userlog] 当前:2023-12-29 18:22:52 用户:wwh 登录成功
12-29 18:22:53,249692 [INFOR] [userlog] 当前:2023-12-29 18:22:53 用户:wwh 登录成功
12-29 18:22:53,723566 [INFOR] [userlog] 当前:2023-12-29 18:22:53 用户:wwh 登录成功
12-29 18:22:54,546358 [INFOR] [userlog] 当前:2023-12-29 18:22:54 用户:wwh 登录成功
12-29 18:22:55,095536 [INFOR] [userlog] 当前:2023-12-29 18:22:54 用户:wwh 登录成功
12-29 18:23:49,662227 [INFOR] [userlog] 当前:2023-12-29 18:23:49 用户:wwh 登录成功
12-29 18:23:54,370779 [INFOR] [userlog] 当前:2023-12-29 18:23:54 用户:wwh 创建策略:ZO
12-29 18:23:54,563370 [INFOR] [userlog] 当前:2023-12-29 18:23:54 用户:wwh 登录成功
12-29 18:23:55,258283 [INFOR] [userlog] 当前:2023-12-29 18:23:55 用户:wwh 登录成功
12-29 18:23:58,629165 [INFOR] [userlog] 当前:2023-12-29 18:23:58 用户:wwh 删除固件扫描任务:zsy.zip, id:386
12-29 18:23:58,655800 [INFOR] [userlog] 当前:2023-12-29 18:23:58 用户:wwh 创建固件扫描任务:zsy.zip, id:394
12-29 18:23:59,817395 [INFOR] [userlog] 当前:2023-12-29 18:23:58 用户:wwh 开始固件扫描任务:zsy.zip, id:394
12-29 18:24:00,534897 [INFOR] [userlog] 当前:2023-12-29 18:24:00 用户:wwh 登录成功
12-29 18:24:01,120604 [INFOR] [userlog] 当前:2023-12-29 18:24:00 用户:wwh 登录成功
12-29 18:24:04,249140 [INFOR] [userlog] 当前:2023-12-29 18:24:04 用户:wwh 删除固件扫描任务:libcrypto.so.0.9.8, id:387
12-29 18:24:04,264352 [INFOR] [userlog] 当前:2023-12-29 18:24:04 用户:wwh 创建固件扫描任务:libcrypto.so.0.9.8, id:395
12-29 18:24:05,078477 [INFOR] [userlog] 当前:2023-12-29 18:24:04 用户:wwh 开始固件扫描任务:libcrypto.so.0.9.8, id:395
12-29 18:24:06,666449 [INFOR] [userlog] 当前:2023-12-29 18:24:06 用户:wwh 暂停固件扫描任务:libcrypto.so.0.9.8, id:395
12-29 18:24:07,149391 [INFOR] [userlog] 当前:2023-12-29 18:24:06 用户:wwh 登录成功
12-29 18:24:07,819202 [INFOR] [userlog] 当前:2023-12-29 18:24:07 用户:wwh 登录成功
12-29 18:24:14,721629 [INFOR] [userlog] 当前:2023-12-29 18:24:14 用户:wwh 删除固件扫描任务:miwifi_r1cl_firmware_1b415_2.12.9.bin_20231208.pdf, id:393
12-29 18:24:14,967285 [INFOR] [userlog] 当前:2023-12-29 18:24:14 用户:wwh 创建固件扫描任务:miwifi_r1cl_firmware_1b415_2.12.9.bin_20231208.pdf, id:396
12-29 18:24:16,607309 [INFOR] [userlog] 当前:2023-12-29 18:24:15 用户:wwh 开始固件扫描任务:miwifi_r1cl_firmware_1b415_2.12.9.bin_20231208.pdf, id:396
12-29 18:25:17,619500 [INFOR] [userlog] 当前:2023-12-29 18:25:17 用户:wwh 登录成功
12-29 18:25:18,185878 [INFOR] [userlog] 当前:2023-12-29 18:25:18 用户:wwh 登录成功
12-29 18:25:18,722405 [INFOR] [userlog] 当前:2023-12-29 18:25:18 用户:wwh 登录成功
12-29 18:25:19,144654 [INFOR] [userlog] 当前:2023-12-29 18:25:18 用户:wwh 登录成功
12-29 18:25:19,726071 [INFOR] [userlog] 当前:2023-12-29 18:25:19 用户:wwh 登录成功
12-29 18:25:20,089067 [INFOR] [userlog] 当前:2023-12-29 18:25:19 用户:wwh 登录成功
12-29 18:25:20,616878 [INFOR] [userlog] 当前:2023-12-29 18:25:20 用户:wwh 登录成功
12-29 18:25:20,992055 [INFOR] [userlog] 当前:2023-12-29 18:25:20 用户:wwh 登录成功
12-29 18:25:21,520175 [INFOR] [userlog] 当前:2023-12-29 18:25:21 用户:wwh 登录成功
12-29 18:25:21,891909 [INFOR] [userlog] 当前:2023-12-29 18:25:21 用户:wwh 登录成功

