01-03 09:27:28,879698 [INFOR] [userlog] 当前:2024-01-03 09:27:28 用户:cxh 登录成功
01-03 09:27:32,242907 [INFOR] [userlog] 当前:2024-01-03 09:27:32 用户:cxh 退出登录
01-03 09:27:35,967990 [INFOR] [userlog] 当前:2024-01-03 09:27:35 用户:wwh 登录成功
01-03 12:00:58,001659 [INFOR] [userlog] 当前:2024-01-03 12:00:57 用户:wwh 登录成功
01-03 12:01:00,907267 [INFOR] [userlog] 当前:2024-01-03 12:01:00 用户:wwh 创建固件扫描任务:提升品型的权威机携手飒飒开展识传播1的1公益!合-展知识播公益展#识传播的公益展知发知识传播的公益展知识传播的公益展知发.ipk, id:3399
01-03 12:01:01,138770 [INFOR] [userlog] 当前:2024-01-03 12:01:00 用户:wwh 登录成功
01-03 12:01:04,082346 [INFOR] [userlog] 当前:2024-01-03 12:01:04 用户:wwh 创建固件扫描任务:libcurl_7.17.1-1_arm.ipk, id:3400
01-03 12:01:04,286557 [INFOR] [userlog] 当前:2024-01-03 12:01:04 用户:wwh 登录成功
01-03 12:01:07,088112 [INFOR] [userlog] 当前:2024-01-03 12:01:07 用户:wwh 创建固件扫描任务:libcurl_7.17.1-1_arm.ipk, id:3401
01-03 12:01:07,288246 [INFOR] [userlog] 当前:2024-01-03 12:01:07 用户:wwh 登录成功
01-03 12:01:10,532060 [INFOR] [userlog] 当前:2024-01-03 12:01:10 用户:wwh 创建固件扫描任务:libcurl_7.17.1-1_arm.ipk, id:3402
01-03 12:01:10,920813 [INFOR] [userlog] 当前:2024-01-03 12:01:10 用户:wwh 登录成功
01-03 12:01:13,835228 [INFOR] [userlog] 当前:2024-01-03 12:01:13 用户:wwh 创建固件扫描任务:libcurl_7.17.1-1_arm.ipk, id:3403
01-03 12:01:14,507579 [INFOR] [userlog] 当前:2024-01-03 12:01:13 用户:wwh 登录成功
01-03 12:01:17,365644 [INFOR] [userlog] 当前:2024-01-03 12:01:17 用户:wwh 创建固件扫描任务:libcurl_7.17.1-1_arm.ipk, id:3404
01-03 12:01:17,551713 [INFOR] [userlog] 当前:2024-01-03 12:01:17 用户:wwh 登录成功
01-03 12:01:20,670337 [INFOR] [userlog] 当前:2024-01-03 12:01:20 用户:wwh 创建固件扫描任务:zsy.zip, id:3405
01-03 12:01:20,819793 [INFOR] [userlog] 当前:2024-01-03 12:01:20 用户:wwh 登录成功
01-03 12:01:23,433771 [INFOR] [userlog] 当前:2024-01-03 12:01:23 用户:wwh 登录成功
01-03 12:01:26,271049 [INFOR] [userlog] 当前:2024-01-03 12:01:26 用户:wwh 登录成功
01-03 12:01:29,236457 [INFOR] [userlog] 当前:2024-01-03 12:01:29 用户:wwh 登录成功
01-03 12:01:31,918338 [INFOR] [userlog] 当前:2024-01-03 12:01:31 用户:wwh 登录成功
01-03 12:01:34,657445 [INFOR] [userlog] 当前:2024-01-03 12:01:34 用户:wwh 登录成功
01-03 12:01:39,513478 [INFOR] [userlog] 当前:2024-01-03 12:01:39 用户:wwh 创建策略:d, 并设为默认选项
01-03 12:01:39,749852 [INFOR] [userlog] 当前:2024-01-03 12:01:39 用户:wwh 登录成功
01-03 12:01:44,271709 [INFOR] [userlog] 当前:2024-01-03 12:01:44 用户:wwh 创建策略:2
01-03 12:01:44,456648 [INFOR] [userlog] 当前:2024-01-03 12:01:44 用户:wwh 登录成功
01-03 12:01:49,008846 [INFOR] [userlog] 当前:2024-01-03 12:01:48 用户:wwh 创建策略:wA2mlKaSmEJGcatrK7R26Fpix22gwf26Ylf8myaoRV8SVreuN3sWAHza0baVQnrT
01-03 12:01:49,194543 [INFOR] [userlog] 当前:2024-01-03 12:01:49 用户:wwh 登录成功
01-03 12:01:53,889753 [INFOR] [userlog] 当前:2024-01-03 12:01:53 用户:wwh 创建策略:HA
01-03 12:01:54,076813 [INFOR] [userlog] 当前:2024-01-03 12:01:53 用户:wwh 登录成功
01-03 12:01:58,666044 [INFOR] [userlog] 当前:2024-01-03 12:01:58 用户:wwh 创建策略:C8
01-03 12:01:58,861752 [INFOR] [userlog] 当前:2024-01-03 12:01:58 用户:wwh 登录成功
01-03 12:02:03,638712 [INFOR] [userlog] 当前:2024-01-03 12:02:03 用户:wwh 创建策略:0y
01-03 12:02:03,793380 [INFOR] [userlog] 当前:2024-01-03 12:02:03 用户:wwh 登录成功
01-03 12:02:08,309336 [INFOR] [userlog] 当前:2024-01-03 12:02:08 用户:wwh 创建策略:jv
01-03 12:02:08,492791 [INFOR] [userlog] 当前:2024-01-03 12:02:08 用户:wwh 登录成功
01-03 12:02:12,921835 [INFOR] [userlog] 当前:2024-01-03 12:02:12 用户:wwh 创建策略:4F0C6pPI4Oo1yxuACUJbTN6VGkneMdKDeJBuuNZNtDKYoeht6KR5uhOzsnDATdhmi
01-03 12:02:13,115192 [INFOR] [userlog] 当前:2024-01-03 12:02:12 用户:wwh 登录成功
01-03 12:02:18,235759 [INFOR] [userlog] 当前:2024-01-03 12:02:17 用户:wwh 登录成功
01-03 12:02:23,010348 [INFOR] [userlog] 当前:2024-01-03 12:02:22 用户:wwh 登录成功
01-03 12:02:27,577150 [INFOR] [userlog] 当前:2024-01-03 12:02:27 用户:wwh 登录成功
01-03 12:02:32,167830 [INFOR] [userlog] 当前:2024-01-03 12:02:32 用户:wwh 创建策略:WO
01-03 12:02:32,338782 [INFOR] [userlog] 当前:2024-01-03 12:02:32 用户:wwh 登录成功
01-03 12:02:36,928757 [INFOR] [userlog] 当前:2024-01-03 12:02:36 用户:wwh 创建策略:WB
01-03 12:02:37,125324 [INFOR] [userlog] 当前:2024-01-03 12:02:36 用户:wwh 登录成功
01-03 12:02:41,724231 [INFOR] [userlog] 当前:2024-01-03 12:02:41 用户:wwh 登录成功
01-03 12:02:46,335735 [INFOR] [userlog] 当前:2024-01-03 12:02:46 用户:wwh 创建策略:oT
01-03 12:02:46,502245 [INFOR] [userlog] 当前:2024-01-03 12:02:46 用户:wwh 登录成功
01-03 12:02:51,241777 [INFOR] [userlog] 当前:2024-01-03 12:02:51 用户:wwh 登录成功
01-03 12:02:55,983794 [INFOR] [userlog] 当前:2024-01-03 12:02:55 用户:wwh 登录成功
01-03 12:03:00,716264 [INFOR] [userlog] 当前:2024-01-03 12:03:00 用户:wwh 登录成功
01-03 12:03:04,165491 [INFOR] [userlog] 当前:2024-01-03 12:03:03 用户:wwh 创建固件扫描任务:zsy.zip, id:3406
01-03 12:03:04,390127 [INFOR] [userlog] 当前:2024-01-03 12:03:04 用户:wwh 登录成功
01-03 12:03:07,193286 [INFOR] [userlog] 当前:2024-01-03 12:03:07 用户:wwh 登录成功
01-03 12:03:07,650046 [INFOR] [userlog] 当前:2024-01-03 12:03:07 用户:wwh 登录成功
01-03 12:03:08,081476 [INFOR] [userlog] 当前:2024-01-03 12:03:07 用户:wwh 登录成功
01-03 12:03:08,433048 [INFOR] [userlog] 当前:2024-01-03 12:03:08 用户:wwh 登录成功
01-03 12:03:11,330035 [INFOR] [userlog] 当前:2024-01-03 12:03:11 用户:wwh 暂停固件扫描任务:libcurl_7.17.1-1_arm.ipk, id:2516
01-03 12:03:11,410205 [INFOR] [userlog] 当前:2024-01-03 12:03:11 用户:wwh 删除固件扫描任务:libcurl_7.17.1-1_arm.ipk, id:2516
01-03 12:03:11,446379 [INFOR] [userlog] 当前:2024-01-03 12:03:11 用户:wwh 创建固件扫描任务:libcurl_7.17.1-1_arm.ipk, id:3407
01-03 12:03:11,896645 [INFOR] [userlog] 当前:2024-01-03 12:03:11 用户:wwh 开始固件扫描任务:libcurl_7.17.1-1_arm.ipk, id:3407
01-03 12:03:12,190243 [INFOR] [userlog] 当前:2024-01-03 12:03:12 用户:wwh 登录成功
01-03 12:03:14,758516 [INFOR] [userlog] 当前:2024-01-03 12:03:14 用户:wwh 登录成功
01-03 12:03:19,669833 [INFOR] [userlog] 当前:2024-01-03 12:03:19 用户:wwh 创建固件扫描任务:miwifi_r1cl_firmware_1b415_2.12.9.bin_20231208.pdf, id:3408
01-03 12:03:20,127687 [INFOR] [userlog] 当前:2024-01-03 12:03:19 用户:wwh 开始固件扫描任务:miwifi_r1cl_firmware_1b415_2.12.9.bin_20231208.pdf, id:3408
01-03 12:03:20,596641 [INFOR] [userlog] 当前:2024-01-03 12:03:20 用户:wwh 删除固件扫描任务:v2820_v335_2431301_A.all, id:653
01-03 12:03:21,019734 [INFOR] [userlog] 当前:2024-01-03 12:03:20 用户:wwh 登录成功
01-03 12:03:21,573777 [INFOR] [userlog] 当前:2024-01-03 12:03:21 用户:wwh 登录成功
01-03 12:03:22,185314 [INFOR] [userlog] 当前:2024-01-03 12:03:22 用户:wwh 登录成功
01-03 12:03:22,640930 [INFOR] [userlog] 当前:2024-01-03 12:03:22 用户:wwh 登录成功
01-03 12:03:23,079763 [INFOR] [userlog] 当前:2024-01-03 12:03:22 用户:wwh 登录成功
01-03 12:03:23,405872 [INFOR] [userlog] 当前:2024-01-03 12:03:23 用户:wwh 登录成功
01-03 12:03:24,245725 [INFOR] [userlog] 当前:2024-01-03 12:03:24 用户:wwh 登录成功
01-03 12:03:24,545191 [INFOR] [userlog] 当前:2024-01-03 12:03:24 用户:wwh 登录成功
