07-04 10:00:06,061530 [INFOR] [systemlog] 当前:2023-07-04 09:59:52系统插件状态异常
07-04 10:00:19,641868 [INFOR] [systemlog] 当前:2023-07-04 10:00:06系统插件状态异常
07-04 10:00:20,966737 [INFOR] [systemlog] 当前:2023-07-04 10:00:20系统使用内存:2485MB, 硬盘:73006MB
07-04 10:00:33,209959 [INFOR] [systemlog] 当前:2023-07-04 10:00:19系统插件状态异常
07-04 10:00:46,753959 [INFOR] [systemlog] 当前:2023-07-04 10:00:33系统插件状态异常
07-04 10:00:46,824369 [INFOR] [systemlog] 当前:2023-07-04 10:00:46系统插件状态异常
07-04 10:00:46,857468 [INFOR] [systemlog] 当前:2023-07-04 10:00:46系统插件状态异常
07-04 10:00:46,883158 [INFOR] [systemlog] 当前:2023-07-04 10:00:46系统插件状态异常
07-04 10:00:46,906164 [INFOR] [systemlog] 当前:2023-07-04 10:00:46系统插件状态异常
07-04 10:00:46,947602 [INFOR] [systemlog] 当前:2023-07-04 10:00:46系统插件状态异常
07-04 10:00:52,154145 [INFOR] [systemlog] 当前:2023-07-04 10:00:52系统插件状态正常
07-04 10:01:20,963596 [INFOR] [systemlog] 当前:2023-07-04 10:01:20系统使用内存:3166MB, 硬盘:73006MB
07-04 10:07:46,714172 [INFOR] [systemlog] 当前:2023-07-04 10:07:46系统启动时间
07-04 10:07:46,778330 [INFOR] [systemlog] 当前:2023-07-04 10:07:46系统使用的内存:3009MB, 使用硬盘:73012MB
07-04 10:07:46,788647 [INFOR] [systemlog] 系统配额无限制
07-04 10:19:57,971697 [INFOR] [systemlog] 当前:2023-07-04 10:19:57系统启动时间
07-04 10:19:58,011284 [INFOR] [systemlog] 当前:2023-07-04 10:19:57系统使用的内存:3020MB, 使用硬盘:73019MB
07-04 10:19:58,032699 [INFOR] [systemlog] 系统配额无限制
07-04 10:21:24,469445 [INFOR] [systemlog] 当前:2023-07-04 10:21:24系统启动时间
07-04 10:21:24,506027 [INFOR] [systemlog] 当前:2023-07-04 10:21:24系统使用的内存:2996MB, 使用硬盘:73019MB
07-04 10:21:24,519546 [INFOR] [systemlog] 系统配额无限制
07-04 10:36:37,680306 [INFOR] [systemlog] 当前:2023-07-04 10:36:24系统插件状态异常
07-04 10:36:51,495203 [INFOR] [systemlog] 当前:2023-07-04 10:36:37系统插件状态异常
07-04 10:36:53,240608 [INFOR] [systemlog] 当前:2023-07-04 10:36:53系统使用内存:2449MB, 硬盘:73025MB
07-04 10:37:05,058135 [INFOR] [systemlog] 当前:2023-07-04 10:36:51系统插件状态异常
07-04 10:37:18,393264 [INFOR] [systemlog] 当前:2023-07-04 10:37:05系统插件状态异常
07-04 10:37:18,432556 [INFOR] [systemlog] 当前:2023-07-04 10:37:18系统插件状态正常
07-04 10:37:23,242364 [INFOR] [systemlog] 当前:2023-07-04 10:37:23系统使用内存:2790MB, 硬盘:73025MB
07-04 10:37:53,244203 [INFOR] [systemlog] 当前:2023-07-04 10:37:53系统使用内存:3144MB, 硬盘:73025MB
07-04 10:49:30,340494 [INFOR] [systemlog] 当前:2023-07-04 10:49:30系统启动时间
07-04 10:49:30,433629 [INFOR] [systemlog] 当前:2023-07-04 10:49:30系统使用的内存:3052MB, 使用硬盘:73102MB
07-04 10:49:30,485302 [INFOR] [systemlog] 系统配额无限制
07-04 10:51:29,133486 [INFOR] [systemlog] 当前:2023-07-04 10:51:29系统使用内存:3382MB, 硬盘:73440MB
07-04 11:09:44,054782 [INFOR] [systemlog] 当前:2023-07-04 11:09:30系统插件状态异常
07-04 11:09:57,565599 [INFOR] [systemlog] 当前:2023-07-04 11:09:44系统插件状态异常
07-04 11:09:59,129220 [INFOR] [systemlog] 当前:2023-07-04 11:09:59系统使用内存:2551MB, 硬盘:73360MB
07-04 11:10:11,108025 [INFOR] [systemlog] 当前:2023-07-04 11:09:57系统插件状态异常
07-04 11:10:37,733878 [INFOR] [systemlog] 当前:2023-07-04 11:10:11系统插件状态异常
07-04 11:10:37,800734 [INFOR] [systemlog] 当前:2023-07-04 11:10:37系统插件状态正常
07-04 11:10:59,129657 [INFOR] [systemlog] 当前:2023-07-04 11:10:59系统使用内存:3239MB, 硬盘:73360MB
07-04 11:22:59,132668 [INFOR] [systemlog] 当前:2023-07-04 11:22:59系统使用内存:3564MB, 硬盘:75086MB
07-04 11:42:59,134652 [INFOR] [systemlog] 当前:2023-07-04 11:42:59系统使用内存:3948MB, 硬盘:75266MB
07-04 14:59:43,685375 [INFOR] [systemlog] 当前:2023-07-04 14:59:30系统插件状态异常
07-04 14:59:57,217196 [INFOR] [systemlog] 当前:2023-07-04 14:59:43系统插件状态异常
07-04 14:59:59,139688 [INFOR] [systemlog] 当前:2023-07-04 14:59:59系统使用内存:2635MB, 硬盘:74015MB
07-04 15:00:11,306151 [INFOR] [systemlog] 当前:2023-07-04 14:59:57系统插件状态异常
07-04 15:00:24,613116 [INFOR] [systemlog] 当前:2023-07-04 15:00:11系统插件状态异常
07-04 15:00:37,924658 [INFOR] [systemlog] 当前:2023-07-04 15:00:24系统插件状态异常
07-04 15:00:59,150198 [INFOR] [systemlog] 当前:2023-07-04 15:00:59系统使用内存:3277MB, 硬盘:74016MB
07-04 15:01:30,231082 [INFOR] [systemlog] 当前:2023-07-04 15:01:30系统插件状态正常
07-04 15:43:43,559524 [INFOR] [systemlog] 当前:2023-07-04 15:43:30系统插件状态异常
07-04 15:43:57,099304 [INFOR] [systemlog] 当前:2023-07-04 15:43:43系统插件状态异常
07-04 15:43:59,141553 [INFOR] [systemlog] 当前:2023-07-04 15:43:59系统使用内存:2617MB, 硬盘:74265MB
07-04 15:44:10,664896 [INFOR] [systemlog] 当前:2023-07-04 15:43:57系统插件状态异常
07-04 15:44:24,230284 [INFOR] [systemlog] 当前:2023-07-04 15:44:10系统插件状态异常
07-04 15:44:24,301389 [INFOR] [systemlog] 当前:2023-07-04 15:44:24系统插件状态异常
07-04 15:44:24,413757 [INFOR] [systemlog] 当前:2023-07-04 15:44:24系统插件状态异常
07-04 15:44:24,446177 [INFOR] [systemlog] 当前:2023-07-04 15:44:24系统插件状态异常
07-04 15:44:30,239580 [INFOR] [systemlog] 当前:2023-07-04 15:44:30系统插件状态正常
07-04 15:44:59,142881 [INFOR] [systemlog] 当前:2023-07-04 15:44:59系统使用内存:3312MB, 硬盘:74266MB
07-04 15:48:06,001883 [INFOR] [systemlog] 当前:2023-07-04 15:47:52系统插件状态异常
07-04 15:48:29,146260 [INFOR] [systemlog] 当前:2023-07-04 15:48:29系统使用内存:2614MB, 硬盘:74274MB
07-04 15:48:43,587114 [INFOR] [systemlog] 当前:2023-07-04 15:48:30系统插件状态异常
07-04 15:48:57,383719 [INFOR] [systemlog] 当前:2023-07-04 15:48:43系统插件状态异常
07-04 15:48:57,585409 [INFOR] [systemlog] 当前:2023-07-04 15:48:57系统插件状态正常
07-04 15:48:59,138521 [INFOR] [systemlog] 当前:2023-07-04 15:48:59系统使用内存:3056MB, 硬盘:74274MB
07-04 15:50:59,130949 [INFOR] [systemlog] 当前:2023-07-04 15:50:59系统使用内存:3393MB, 硬盘:74344MB
07-04 16:06:29,125463 [INFOR] [systemlog] 当前:2023-07-04 16:06:29系统使用内存:3750MB, 硬盘:74724MB
07-04 16:24:59,128589 [INFOR] [systemlog] 当前:2023-07-04 16:24:59系统使用内存:4151MB, 硬盘:74801MB
07-04 16:40:59,132958 [INFOR] [systemlog] 当前:2023-07-04 16:40:59系统使用内存:4604MB, 硬盘:74893MB
07-04 19:07:29,136738 [INFOR] [systemlog] 当前:2023-07-04 19:07:29系统使用内存:5451MB, 硬盘:74906MB
07-04 19:09:29,134176 [INFOR] [systemlog] 当前:2023-07-04 19:09:29系统使用内存:6589MB, 硬盘:74967MB
07-04 19:09:59,132069 [INFOR] [systemlog] 当前:2023-07-04 19:09:59系统使用内存:5553MB, 硬盘:74938MB
07-04 19:10:29,134816 [INFOR] [systemlog] 当前:2023-07-04 19:10:29系统使用内存:6481MB, 硬盘:74945MB
07-04 19:10:59,131299 [INFOR] [systemlog] 当前:2023-07-04 19:10:59系统使用内存:4840MB, 硬盘:74942MB

