07-05 14:09:17,342148 [INFOR] [userlog] 当前:2023-07-05 14:09:17 用户:wt 登录成功
07-05 14:10:41,064719 [INFOR] [userlog] 当前:2023-07-05 14:10:41 用户:wt 创建固件扫描任务:et, id:225, 并未关联固件库
07-05 14:10:42,994134 [INFOR] [userlog] 当前:2023-07-05 14:10:42 用户:wt 开始固件扫描任务:et, id:225
07-05 14:11:07,032117 [INFOR] [userlog] 当前:2023-07-05 14:11:06 用户:wt 创建固件扫描任务:ftpc, id:226, 并未关联固件库
07-05 14:11:08,831151 [INFOR] [userlog] 当前:2023-07-05 14:11:08 用户:wt 开始固件扫描任务:ftpc, id:226
07-05 14:11:24,389504 [INFOR] [userlog] 当前:2023-07-05 14:11:24 用户:wt 创建固件扫描任务:smb_pass, id:227, 并未关联固件库
07-05 14:11:26,991974 [INFOR] [userlog] 当前:2023-07-05 14:11:26 用户:wt 开始固件扫描任务:smb_pass, id:227
07-05 18:28:19,314011 [INFOR] [userlog] 当前:2023-07-05 18:28:19 用户:root 登录成功
07-05 18:28:19,667471 [INFOR] [userlog] 当前:2023-07-05 18:28:19 用户:root 创建固件扫描任务:dsp.ko, id:228, 并未关联固件库
07-05 18:28:19,901160 [INFOR] [userlog] 当前:2023-07-05 18:28:19 用户:root 开始固件扫描任务:dsp.ko, id:228
07-05 18:28:38,385356 [INFOR] [userlog] 当前:2023-07-05 18:28:38 用户:wwh 登录成功
07-05 18:29:20,106726 [INFOR] [userlog] 当前:2023-07-05 18:29:20 用户:root 删除固件扫描任务:dsp.ko, id:228
07-05 18:30:17,756663 [INFOR] [userlog] 当前:2023-07-05 18:30:17 用户:root 登录成功
07-05 18:30:18,165641 [INFOR] [userlog] 当前:2023-07-05 18:30:18 用户:root 创建固件扫描任务:libcurl_7.17.1-1_arm.ipk, id:229, 并未关联固件库
07-05 18:30:18,442850 [INFOR] [userlog] 当前:2023-07-05 18:30:18 用户:root 开始固件扫描任务:libcurl_7.17.1-1_arm.ipk, id:229
07-05 18:30:18,503935 [INFOR] [userlog] 当前:2023-07-05 18:30:18 用户:root 暂停固件扫描任务:libcurl_7.17.1-1_arm.ipk, id:229
07-05 18:30:18,600942 [INFOR] [userlog] 当前:2023-07-05 18:30:18 用户:root 删除固件扫描任务:libcurl_7.17.1-1_arm.ipk, id:229
07-05 18:30:18,861239 [INFOR] [userlog] 当前:2023-07-05 18:30:18 用户:root 登录成功
07-05 18:30:19,437391 [INFOR] [userlog] 当前:2023-07-05 18:30:19 用户:root 创建固件扫描任务:dsp.ko, id:230, 并未关联固件库
07-05 18:30:19,666798 [INFOR] [userlog] 当前:2023-07-05 18:30:19 用户:root 开始固件扫描任务:dsp.ko, id:230
07-05 18:31:20,213891 [INFOR] [userlog] 当前:2023-07-05 18:31:19 用户:root 删除固件扫描任务:dsp.ko, id:230
07-05 18:33:29,614197 [INFOR] [userlog] 当前:2023-07-05 18:33:29 用户:root 修改密码成功
07-05 18:33:30,025720 [INFOR] [userlog] 当前:2023-07-05 18:33:29 用户:root 登录成功
07-05 18:33:30,456849 [INFOR] [userlog] 当前:2023-07-05 18:33:30 用户:root 创建报告对比任务:smb_pass对比ftpc, id:4
07-05 18:33:30,738033 [INFOR] [userlog] 当前:2023-07-05 18:33:30 用户:root 登录成功
07-05 18:33:31,477331 [INFOR] [userlog] 当前:2023-07-05 18:33:31 用户:root 登录成功
07-05 18:33:32,062630 [INFOR] [userlog] 当前:2023-07-05 18:33:31 用户:root 登录成功
07-05 18:33:32,607937 [INFOR] [userlog] 当前:2023-07-05 18:33:32 用户:root 登录成功
07-05 18:40:08,923467 [INFOR] [userlog] 当前:2023-07-05 18:40:08 用户:wwh 创建固件扫描任务:app.bin, id:231, 并未关联固件库
07-05 18:40:10,317430 [INFOR] [userlog] 当前:2023-07-05 18:40:10 用户:wwh 开始固件扫描任务:app.bin, id:231
07-05 18:40:25,830128 [INFOR] [userlog] 当前:2023-07-05 18:40:25 用户:root 登录成功
07-05 18:40:26,434858 [INFOR] [userlog] 当前:2023-07-05 18:40:26 用户:root 登录成功
07-05 18:40:27,091718 [INFOR] [userlog] 当前:2023-07-05 18:40:26 用户:root 登录成功
07-05 18:45:32,336463 [INFOR] [userlog] 当前:2023-07-05 18:45:32 用户:wwh 创建固件扫描任务:dsp.ko, id:232, 并未关联固件库
07-05 18:45:33,703999 [INFOR] [userlog] 当前:2023-07-05 18:45:33 用户:wwh 开始固件扫描任务:dsp.ko, id:232
07-05 18:46:27,905786 [INFOR] [userlog] 当前:2023-07-05 18:46:27 用户:root 登录成功
07-05 18:46:30,293906 [INFOR] [userlog] 当前:2023-07-05 18:46:30 用户:root 创建固件扫描任务:全选插件创建任务, id:233, 并未关联固件库
07-05 18:46:30,518388 [INFOR] [userlog] 当前:2023-07-05 18:46:30 用户:root 登录成功
07-05 18:46:30,880931 [INFOR] [userlog] 当前:2023-07-05 18:46:30 用户:root 创建固件扫描任务:全选插件关联固件库, id:234, 并关联固件库
07-05 18:46:31,107286 [INFOR] [userlog] 当前:2023-07-05 18:46:30 用户:root 登录成功
07-05 18:46:31,731324 [INFOR] [userlog] 当前:2023-07-05 18:46:31 用户:root 登录成功
07-05 18:46:32,524863 [INFOR] [userlog] 当前:2023-07-05 18:46:32 用户:root 登录成功
07-05 18:46:33,083159 [INFOR] [userlog] 当前:2023-07-05 18:46:32 用户:root 登录成功
07-05 18:46:33,765842 [INFOR] [userlog] 当前:2023-07-05 18:46:33 用户:root 登录成功
07-05 18:46:34,192126 [INFOR] [userlog] 当前:2023-07-05 18:46:34 用户:root 删除固件扫描任务:全选插件关联固件库, id:234
07-05 18:46:34,216984 [INFOR] [userlog] 当前:2023-07-05 18:46:34 用户:root 创建固件扫描任务:1, id:235, 并关联固件库
07-05 18:46:34,454584 [INFOR] [userlog] 当前:2023-07-05 18:46:34 用户:root 登录成功
07-05 18:46:34,995698 [INFOR] [userlog] 当前:2023-07-05 18:46:34 用户:root 创建固件扫描任务:a, id:236, 并未关联固件库
07-05 18:46:35,236132 [INFOR] [userlog] 当前:2023-07-05 18:46:35 用户:root 登录成功
07-05 18:46:35,630650 [INFOR] [userlog] 当前:2023-07-05 18:46:35 用户:root 删除固件扫描任务:a, id:236
07-05 18:46:35,656660 [INFOR] [userlog] 当前:2023-07-05 18:46:35 用户:root 创建固件扫描任务:*, id:237, 并未关联固件库
07-05 18:46:35,902425 [INFOR] [userlog] 当前:2023-07-05 18:46:35 用户:root 登录成功
07-05 18:46:36,188611 [INFOR] [userlog] 当前:2023-07-05 18:46:36 用户:root 创建固件扫描任务:a1wO69DqMV4fyGXHbywUrPT3Ke3aqzh6pMWQB7DszaKKw82JSc8iO3skT0bkONWY9fpJH8oXDd7Ah43C2MbGxUcZoBksUZSQY5i, id:238, 并未关联固件库
07-05 18:46:36,412178 [INFOR] [userlog] 当前:2023-07-05 18:46:36 用户:root 登录成功
07-05 18:46:37,339462 [INFOR] [userlog] 当前:2023-07-05 18:46:37 用户:root 登录成功
07-05 18:46:39,006561 [INFOR] [userlog] 当前:2023-07-05 18:46:38 用户:root 登录成功
07-05 18:46:39,842944 [INFOR] [userlog] 当前:2023-07-05 18:46:39 用户:root 登录成功
07-05 18:46:40,397724 [INFOR] [userlog] 当前:2023-07-05 18:46:40 用户:root 登录成功
07-05 18:46:40,907184 [INFOR] [userlog] 当前:2023-07-05 18:46:40 用户:root 登录成功
07-05 18:46:41,630601 [INFOR] [userlog] 当前:2023-07-05 18:46:41 用户:root 登录成功
07-05 18:46:42,226589 [INFOR] [userlog] 当前:2023-07-05 18:46:41 用户:root 登录成功
07-05 18:46:42,778332 [INFOR] [userlog] 当前:2023-07-05 18:46:42 用户:root 登录成功
07-05 18:46:43,327658 [INFOR] [userlog] 当前:2023-07-05 18:46:43 用户:root 登录成功
07-05 18:46:44,369644 [INFOR] [userlog] 当前:2023-07-05 18:46:44 用户:root 登录成功
07-05 18:46:44,963191 [INFOR] [userlog] 当前:2023-07-05 18:46:44 用户:root 登录成功
07-05 18:46:45,473260 [INFOR] [userlog] 当前:2023-07-05 18:46:45 用户:root 登录成功
07-05 18:46:45,910580 [INFOR] [userlog] 当前:2023-07-05 18:46:45 用户:root 创建固件扫描任务:创建任务—只勾选cwe_checker插件, id:239, 并未关联固件库
07-05 18:46:46,157659 [INFOR] [userlog] 当前:2023-07-05 18:46:45 用户:root 登录成功
07-05 18:46:47,456220 [INFOR] [userlog] 当前:2023-07-05 18:46:47 用户:root 创建固件扫描任务:创建任务—只勾选software_components插件, id:240, 并未关联固件库
07-05 18:46:47,701323 [INFOR] [userlog] 当前:2023-07-05 18:46:47 用户:root 登录成功
07-05 18:46:48,056014 [INFOR] [userlog] 当前:2023-07-05 18:46:48 用户:root 创建固件扫描任务:创建任务—只勾选cve_lookup插件, id:241, 并未关联固件库
07-05 18:46:48,328290 [INFOR] [userlog] 当前:2023-07-05 18:46:48 用户:root 登录成功
07-05 18:46:48,871590 [INFOR] [userlog] 当前:2023-07-05 18:46:48 用户:root 登录成功
07-05 18:46:49,586769 [INFOR] [userlog] 当前:2023-07-05 18:46:49 用户:root 创建固件扫描任务:创建任务—只勾选crypto_hints插件, id:242, 并未关联固件库
07-05 18:46:49,907629 [INFOR] [userlog] 当前:2023-07-05 18:46:49 用户:root 登录成功
07-05 18:46:50,417074 [INFOR] [userlog] 当前:2023-07-05 18:46:50 用户:root 创建固件扫描任务:创建任务—只勾选elf_analysis插件, id:243, 并未关联固件库
07-05 18:46:50,643627 [INFOR] [userlog] 当前:2023-07-05 18:46:50 用户:root 登录成功
07-05 18:46:51,199890 [INFOR] [userlog] 当前:2023-07-05 18:46:51 用户:root 创建固件扫描任务:创建任务—只勾选ip_and_uri_finder插件, id:244, 并未关联固件库
07-05 18:46:51,427232 [INFOR] [userlog] 当前:2023-07-05 18:46:51 用户:root 登录成功
07-05 18:46:52,023058 [INFOR] [userlog] 当前:2023-07-05 18:46:52 用户:root 创建固件扫描任务:创建任务—只勾选users_and_passwords插件, id:245, 并未关联固件库
07-05 18:46:52,266290 [INFOR] [userlog] 当前:2023-07-05 18:46:52 用户:root 登录成功
07-05 18:46:52,948116 [INFOR] [userlog] 当前:2023-07-05 18:46:52 用户:root 创建固件扫描任务:创建任务—只勾选elf_checksec插件, id:246, 并未关联固件库
07-05 18:46:53,200748 [INFOR] [userlog] 当前:2023-07-05 18:46:52 用户:root 登录成功
07-05 18:46:53,639046 [INFOR] [userlog] 当前:2023-07-05 18:46:53 用户:root 创建固件扫描任务:创建任务—不勾选elf_checksec插件, id:247, 并未关联固件库
07-05 18:46:53,882948 [INFOR] [userlog] 当前:2023-07-05 18:46:53 用户:root 登录成功
07-05 18:46:54,265249 [INFOR] [userlog] 当前:2023-07-05 18:46:54 用户:root 创建固件扫描任务:创建任务—不勾选users_and_passwords插件, id:248, 并未关联固件库
07-05 18:46:54,473863 [INFOR] [userlog] 当前:2023-07-05 18:46:54 用户:root 登录成功
07-05 18:46:54,860119 [INFOR] [userlog] 当前:2023-07-05 18:46:54 用户:root 创建固件扫描任务:创建任务—不勾选ip_and_uri_finder插件, id:249, 并未关联固件库
07-05 18:46:55,101243 [INFOR] [userlog] 当前:2023-07-05 18:46:54 用户:root 登录成功
07-05 18:46:55,427406 [INFOR] [userlog] 当前:2023-07-05 18:46:55 用户:root 创建固件扫描任务:创建任务—不勾选elf_analysis插件, id:250, 并未关联固件库
07-05 18:46:55,636042 [INFOR] [userlog] 当前:2023-07-05 18:46:55 用户:root 登录成功
07-05 18:46:55,964875 [INFOR] [userlog] 当前:2023-07-05 18:46:55 用户:root 创建固件扫描任务:创建任务—不勾选crypto_hints插件, id:251, 并未关联固件库
07-05 18:46:56,180871 [INFOR] [userlog] 当前:2023-07-05 18:46:55 用户:root 登录成功
07-05 18:46:56,548099 [INFOR] [userlog] 当前:2023-07-05 18:46:56 用户:root 创建固件扫描任务:创建任务—不勾选cve_lookup插件, id:252, 并未关联固件库
07-05 18:46:56,774565 [INFOR] [userlog] 当前:2023-07-05 18:46:56 用户:root 登录成功
07-05 18:46:57,117863 [INFOR] [userlog] 当前:2023-07-05 18:46:57 用户:root 创建固件扫描任务:创建任务—不勾选software_components插件, id:253, 并未关联固件库
07-05 18:46:57,345834 [INFOR] [userlog] 当前:2023-07-05 18:46:57 用户:root 登录成功
07-05 18:46:58,384262 [INFOR] [userlog] 当前:2023-07-05 18:46:58 用户:root 删除固件扫描任务:全选插件创建任务, id:233
07-05 18:46:58,397005 [INFOR] [userlog] 当前:2023-07-05 18:46:58 用户:root 创建固件扫描任务:1, id:254, 并关联固件库
07-05 18:46:58,693757 [INFOR] [userlog] 当前:2023-07-05 18:46:58 用户:root 登录成功
07-05 18:46:59,795005 [INFOR] [userlog] 当前:2023-07-05 18:46:59 用户:root 登录成功
07-05 18:47:00,890268 [INFOR] [userlog] 当前:2023-07-05 18:47:00 用户:root 删除固件扫描任务:1, id:254
07-05 18:47:00,929519 [INFOR] [userlog] 当前:2023-07-05 18:47:00 用户:root 创建固件扫描任务:a, id:255, 并关联固件库
07-05 18:47:01,168415 [INFOR] [userlog] 当前:2023-07-05 18:47:00 用户:root 登录成功
07-05 18:47:02,095081 [INFOR] [userlog] 当前:2023-07-05 18:47:02 用户:root 删除固件扫描任务:a, id:255
07-05 18:47:02,155348 [INFOR] [userlog] 当前:2023-07-05 18:47:02 用户:root 创建固件扫描任务:*, id:256, 并关联固件库
07-05 18:47:02,411544 [INFOR] [userlog] 当前:2023-07-05 18:47:02 用户:root 登录成功
07-05 18:47:03,316063 [INFOR] [userlog] 当前:2023-07-05 18:47:03 用户:root 删除固件扫描任务:*, id:256
07-05 18:47:03,354850 [INFOR] [userlog] 当前:2023-07-05 18:47:03 用户:root 创建固件扫描任务:ishPgnwl7j6T2pI8pKz4uCgzuo01Db2PlPtMxRcHy0kfln5nkdNY8DVsJe4swq293f0vVYnvP42V9NSuqK7OkZMQRuBwpNpa6DQ, id:257, 并关联固件库
07-05 18:47:03,614846 [INFOR] [userlog] 当前:2023-07-05 18:47:03 用户:root 登录成功
07-05 18:47:04,671386 [INFOR] [userlog] 当前:2023-07-05 18:47:04 用户:root 删除固件扫描任务:ishPgnwl7j6T2pI8pKz4uCgzuo01Db2PlPtMxRcHy0kfln5nkdNY8DVsJe4swq293f0vVYnvP42V9NSuqK7OkZMQRuBwpNpa6DQ, id:257
07-05 18:47:04,691675 [INFOR] [userlog] 当前:2023-07-05 18:47:04 用户:root 创建固件扫描任务:5PEnfI9eb6Dz2So6Pn4byF8hS9HkbJCP7SFdCdU03TyJ3Ti04fQFWyCGvxWSfEup9uazSHXNlUKv5jif8pC20SHBzVTrG85Ym6I, id:258, 并关联固件库
07-05 18:47:04,937557 [INFOR] [userlog] 当前:2023-07-05 18:47:04 用户:root 登录成功
07-05 18:47:06,056999 [INFOR] [userlog] 当前:2023-07-05 18:47:05 用户:root 登录成功
07-05 18:47:07,204960 [INFOR] [userlog] 当前:2023-07-05 18:47:07 用户:root 登录成功
07-05 18:47:08,520336 [INFOR] [userlog] 当前:2023-07-05 18:47:08 用户:root 登录成功
07-05 18:47:09,660062 [INFOR] [userlog] 当前:2023-07-05 18:47:09 用户:root 登录成功
07-05 18:47:10,860025 [INFOR] [userlog] 当前:2023-07-05 18:47:10 用户:root 登录成功
07-05 18:47:12,039007 [INFOR] [userlog] 当前:2023-07-05 18:47:11 用户:root 登录成功
07-05 18:47:13,268926 [INFOR] [userlog] 当前:2023-07-05 18:47:13 用户:root 登录成功
07-05 18:47:14,936848 [INFOR] [userlog] 当前:2023-07-05 18:47:14 用户:root 登录成功
07-05 18:47:16,264862 [INFOR] [userlog] 当前:2023-07-05 18:47:16 用户:root 登录成功
07-05 18:47:16,811615 [INFOR] [userlog] 当前:2023-07-05 18:47:16 用户:root 登录成功
07-05 18:47:18,045797 [INFOR] [userlog] 当前:2023-07-05 18:47:17 用户:root 登录成功
07-05 18:47:19,298931 [INFOR] [userlog] 当前:2023-07-05 18:47:19 用户:root 登录成功
07-05 18:47:20,653846 [INFOR] [userlog] 当前:2023-07-05 18:47:20 用户:root 登录成功
07-05 18:47:21,941519 [INFOR] [userlog] 当前:2023-07-05 18:47:21 用户:root 登录成功
07-05 18:47:23,161732 [INFOR] [userlog] 当前:2023-07-05 18:47:22 用户:root 登录成功
07-05 18:47:24,599737 [INFOR] [userlog] 当前:2023-07-05 18:47:24 用户:root 登录成功
07-05 18:47:25,830342 [INFOR] [userlog] 当前:2023-07-05 18:47:25 用户:root 登录成功
07-05 18:47:27,112688 [INFOR] [userlog] 当前:2023-07-05 18:47:26 用户:root 登录成功
07-05 18:47:28,725778 [INFOR] [userlog] 当前:2023-07-05 18:47:28 用户:root 登录成功
07-05 18:47:30,063728 [INFOR] [userlog] 当前:2023-07-05 18:47:29 用户:root 登录成功
07-05 18:47:31,255707 [INFOR] [userlog] 当前:2023-07-05 18:47:31 用户:root 登录成功
07-05 18:47:32,415604 [INFOR] [userlog] 当前:2023-07-05 18:47:32 用户:root 登录成功
07-05 18:47:32,661787 [INFOR] [userlog] 当前:2023-07-05 18:47:32 用户:root 删除报告对比任务:smb_pass对比ftpc, id:4
07-05 18:47:32,927727 [INFOR] [userlog] 当前:2023-07-05 18:47:32 用户:root 登录成功
07-05 18:47:33,825896 [INFOR] [userlog] 当前:2023-07-05 18:47:33 用户:root 创建报告对比任务:app.bin对比smb_pass, id:5
07-05 18:47:34,165941 [INFOR] [userlog] 当前:2023-07-05 18:47:34 用户:root 创建报告对比任务:app.bin对比smb_pass, id:6
07-05 18:47:35,475578 [INFOR] [userlog] 当前:2023-07-05 18:47:35 用户:root 删除报告对比任务:app.bin对比smb_pass, id:6
07-05 18:47:35,492287 [INFOR] [userlog] 当前:2023-07-05 18:47:35 用户:root 删除报告对比任务:app.bin对比smb_pass, id:5
07-05 18:47:35,731306 [INFOR] [userlog] 当前:2023-07-05 18:47:35 用户:root 登录成功
07-05 18:47:36,097698 [INFOR] [userlog] 当前:2023-07-05 18:47:35 用户:root 登录成功
07-05 18:47:36,512010 [INFOR] [userlog] 当前:2023-07-05 18:47:36 用户:root 登录成功
07-05 18:47:38,290394 [INFOR] [userlog] 当前:2023-07-05 18:47:38 用户:root 创建固件扫描任务:zsy.zip, id:259, 并关联固件库
07-05 18:47:38,674068 [INFOR] [userlog] 当前:2023-07-05 18:47:38 用户:root 登录成功
07-05 18:47:40,438490 [INFOR] [userlog] 当前:2023-07-05 18:47:40 用户:root 创建固件扫描任务:zsy.zip, id:260, 并未关联固件库
07-05 18:47:40,572776 [INFOR] [userlog] 当前:2023-07-05 18:47:40 用户:root 删除固件扫描任务:zsy.zip, id:259
07-05 18:47:40,572804 [INFOR] [userlog] 当前:2023-07-05 18:47:40 用户:root 删除固件扫描任务:zsy.zip, id:260
07-05 18:47:41,531183 [INFOR] [userlog] 当前:2023-07-05 18:47:41 用户:root 登录成功
07-05 18:47:42,002585 [INFOR] [userlog] 当前:2023-07-05 18:47:41 用户:root 登录成功
07-05 18:47:42,397962 [INFOR] [userlog] 当前:2023-07-05 18:47:42 用户:root 登录成功
07-05 18:47:42,799942 [INFOR] [userlog] 当前:2023-07-05 18:47:42 用户:root 登录成功
07-05 18:47:44,424520 [INFOR] [userlog] 当前:2023-07-05 18:47:44 用户:root 创建固件扫描任务:zsy.zip, id:261, 并未关联固件库
07-05 18:47:44,674139 [INFOR] [userlog] 当前:2023-07-05 18:47:44 用户:root 开始固件扫描任务:zsy.zip, id:261
07-05 18:47:44,943907 [INFOR] [userlog] 当前:2023-07-05 18:47:44 用户:root 登录成功
07-05 18:47:45,282018 [INFOR] [userlog] 当前:2023-07-05 18:47:45 用户:root 删除固件扫描任务:*, id:237
07-05 18:47:45,317158 [INFOR] [userlog] 当前:2023-07-05 18:47:45 用户:root 创建固件扫描任务:libcurl_7.17.1-1_arm.ipk, id:262, 并未关联固件库
07-05 18:47:45,598697 [INFOR] [userlog] 当前:2023-07-05 18:47:45 用户:root 开始固件扫描任务:libcurl_7.17.1-1_arm.ipk, id:262
07-05 18:48:26,039884 [INFOR] [userlog] 当前:2023-07-05 18:48:25 用户:root 登录成功
07-05 18:48:27,570062 [INFOR] [userlog] 当前:2023-07-05 18:48:27 用户:root 暂停固件扫描任务:libcurl_7.17.1-1_arm.ipk, id:262
07-05 18:48:27,613484 [INFOR] [userlog] 当前:2023-07-05 18:48:27 用户:root 删除固件扫描任务:libcurl_7.17.1-1_arm.ipk, id:262
07-05 18:48:27,695391 [INFOR] [userlog] 当前:2023-07-05 18:48:26 用户:root 创建固件扫描任务:libcurl_7.17.1-1_arm.ipk, id:263, 并未关联固件库
07-05 18:48:27,917700 [INFOR] [userlog] 当前:2023-07-05 18:48:27 用户:root 开始固件扫描任务:libcurl_7.17.1-1_arm.ipk, id:263
07-05 18:48:27,953759 [INFOR] [userlog] 当前:2023-07-05 18:48:27 用户:root 暂停固件扫描任务:libcurl_7.17.1-1_arm.ipk, id:263
07-05 18:48:27,990178 [INFOR] [userlog] 当前:2023-07-05 18:48:27 用户:root 删除固件扫描任务:libcurl_7.17.1-1_arm.ipk, id:263
07-05 18:48:28,224330 [INFOR] [userlog] 当前:2023-07-05 18:48:28 用户:root 登录成功
07-05 18:48:28,401542 [INFOR] [userlog] 当前:2023-07-05 18:48:28 用户:root 创建固件扫描任务:dsp.ko, id:264, 并未关联固件库
07-05 18:48:28,505210 [INFOR] [userlog] 当前:2023-07-05 18:48:28 用户:root 开始固件扫描任务:dsp.ko, id:264
07-05 18:48:28,564240 [INFOR] [userlog] 当前:2023-07-05 18:48:28 用户:root 删除固件扫描任务:dsp.ko, id:232
07-05 18:48:28,885108 [INFOR] [userlog] 当前:2023-07-05 18:48:28 用户:root 登录成功
07-05 18:48:29,221415 [INFOR] [userlog] 当前:2023-07-05 18:48:29 用户:root 登录成功
07-05 18:48:29,559591 [INFOR] [userlog] 当前:2023-07-05 18:48:29 用户:root 登录成功
07-05 18:48:29,863960 [INFOR] [userlog] 当前:2023-07-05 18:48:29 用户:root 登录成功
07-05 18:48:30,542722 [INFOR] [userlog] 当前:2023-07-05 18:48:30 用户:root 登录成功
07-05 18:48:30,956935 [INFOR] [userlog] 当前:2023-07-05 18:48:30 用户:root 登录成功
