07-06 09:40:06,129830 [INFOR] [userlog] 当前:2023-07-06 09:40:05 用户:admin 登录成功
07-06 09:40:24,423943 [INFOR] [userlog] 当前:2023-07-06 09:40:24 用户:wx 登录成功
07-06 09:43:53,907641 [INFOR] [userlog] 当前:2023-07-06 09:43:53 用户:root 修改密码成功
07-06 09:43:54,337568 [INFOR] [userlog] 当前:2023-07-06 09:43:54 用户:root 登录成功
07-06 09:43:55,920981 [INFOR] [userlog] 当前:2023-07-06 09:43:55 用户:root 创建报告对比任务:创建一个未开始的任务对比app.bin, id:13
07-06 09:43:56,249991 [INFOR] [userlog] 当前:2023-07-06 09:43:55 用户:root 登录成功
07-06 09:43:56,847489 [INFOR] [userlog] 当前:2023-07-06 09:43:56 用户:root 登录成功
07-06 09:43:57,412378 [INFOR] [userlog] 当前:2023-07-06 09:43:57 用户:root 登录成功
07-06 09:43:57,921523 [INFOR] [userlog] 当前:2023-07-06 09:43:57 用户:root 登录成功
07-06 09:43:59,113112 [INFOR] [userlog] 当前:2023-07-06 09:43:59 用户:root 删除固件扫描任务:zsy.zip, id:377
07-06 09:43:59,138622 [INFOR] [userlog] 当前:2023-07-06 09:43:59 用户:root 创建固件扫描任务:暂停运行中的固件任务, id:380, 并未关联固件库
07-06 09:43:59,379036 [INFOR] [userlog] 当前:2023-07-06 09:43:59 用户:root 开始固件扫描任务:暂停运行中的固件任务, id:380
07-06 09:44:24,904711 [INFOR] [userlog] 当前:2023-07-06 09:44:24 用户:root 登录成功
07-06 09:44:27,336716 [INFOR] [userlog] 当前:2023-07-06 09:44:27 用户:root 暂停固件扫描任务:暂停运行中的固件任务, id:380
07-06 09:44:27,373753 [INFOR] [userlog] 当前:2023-07-06 09:44:27 用户:root 删除固件扫描任务:暂停运行中的固件任务, id:380
07-06 09:44:27,415572 [INFOR] [userlog] 当前:2023-07-06 09:44:26 用户:root 创建固件扫描任务:暂停运行中的固件任务, id:381, 并未关联固件库
07-06 09:44:27,621345 [INFOR] [userlog] 当前:2023-07-06 09:44:27 用户:root 开始固件扫描任务:暂停运行中的固件任务, id:381
07-06 09:45:29,041712 [INFOR] [userlog] 当前:2023-07-06 09:45:29 用户:root 暂停固件扫描任务:暂停运行中的固件任务, id:381
07-06 09:45:29,502884 [INFOR] [userlog] 当前:2023-07-06 09:45:29 用户:root 登录成功
07-06 09:45:30,906679 [INFOR] [userlog] 当前:2023-07-06 09:45:30 用户:root 删除固件扫描任务:暂停运行中的固件任务, id:381
07-06 09:45:30,939975 [INFOR] [userlog] 当前:2023-07-06 09:45:30 用户:root 创建固件扫描任务:zsy.zip, id:382, 并未关联固件库
07-06 09:45:31,458584 [INFOR] [userlog] 当前:2023-07-06 09:45:31 用户:root 登录成功
07-06 09:45:31,824679 [INFOR] [userlog] 当前:2023-07-06 09:45:31 用户:root 删除固件扫描任务:dsp.ko, id:373
07-06 09:45:31,878700 [INFOR] [userlog] 当前:2023-07-06 09:45:31 用户:root 创建固件扫描任务:dsp.ko, id:383, 并未关联固件库
07-06 09:45:32,244154 [INFOR] [userlog] 当前:2023-07-06 09:45:32 用户:root 开始固件扫描任务:dsp.ko, id:383
07-06 09:45:32,806068 [INFOR] [userlog] 当前:2023-07-06 09:45:32 用户:root 登录成功
07-06 09:45:33,782053 [INFOR] [userlog] 当前:2023-07-06 09:45:33 用户:root 删除固件扫描任务:创建并开始一个新任务, id:375
07-06 09:45:33,803210 [INFOR] [userlog] 当前:2023-07-06 09:45:33 用户:root 创建固件扫描任务:全选插件创建任务, id:384, 并未关联固件库
07-06 09:45:34,100879 [INFOR] [userlog] 当前:2023-07-06 09:45:33 用户:root 登录成功
07-06 09:45:34,441027 [INFOR] [userlog] 当前:2023-07-06 09:45:34 用户:root 删除固件扫描任务:1, id:338
07-06 09:45:34,469877 [INFOR] [userlog] 当前:2023-07-06 09:45:34 用户:root 创建固件扫描任务:全选插件关联固件库, id:385, 并关联固件库
07-06 09:45:34,717847 [INFOR] [userlog] 当前:2023-07-06 09:45:34 用户:root 登录成功
07-06 09:45:35,266035 [INFOR] [userlog] 当前:2023-07-06 09:45:35 用户:root 登录成功
07-06 09:45:35,854437 [INFOR] [userlog] 当前:2023-07-06 09:45:35 用户:root 登录成功
07-06 09:45:36,399170 [INFOR] [userlog] 当前:2023-07-06 09:45:36 用户:root 登录成功
07-06 09:45:37,012514 [INFOR] [userlog] 当前:2023-07-06 09:45:36 用户:root 登录成功
07-06 09:45:37,378903 [INFOR] [userlog] 当前:2023-07-06 09:45:37 用户:root 删除固件扫描任务:全选插件关联固件库, id:385
07-06 09:45:37,400889 [INFOR] [userlog] 当前:2023-07-06 09:45:37 用户:root 创建固件扫描任务:1, id:386, 并关联固件库
07-06 09:45:37,635551 [INFOR] [userlog] 当前:2023-07-06 09:45:37 用户:root 登录成功
07-06 09:45:38,015196 [INFOR] [userlog] 当前:2023-07-06 09:45:37 用户:root 创建固件扫描任务:a, id:387, 并未关联固件库
07-06 09:45:38,273002 [INFOR] [userlog] 当前:2023-07-06 09:45:38 用户:root 登录成功
07-06 09:45:38,698512 [INFOR] [userlog] 当前:2023-07-06 09:45:38 用户:root 删除固件扫描任务:a, id:387
07-06 09:45:38,725085 [INFOR] [userlog] 当前:2023-07-06 09:45:38 用户:root 创建固件扫描任务:*, id:388, 并未关联固件库
07-06 09:45:38,967964 [INFOR] [userlog] 当前:2023-07-06 09:45:38 用户:root 登录成功
07-06 09:45:39,265840 [INFOR] [userlog] 当前:2023-07-06 09:45:39 用户:root 删除固件扫描任务:NuPIP5x6ZznQCiVXmiF88zVUpALDnOpCP9OK0RL3k4FyUxzOV6Az5G0q2pk0GDy6EIXoMEF6m0DVDxzjFI8Y2SILFgNAbsTxpI2, id:341
07-06 09:45:39,385965 [INFOR] [userlog] 当前:2023-07-06 09:45:39 用户:root 创建固件扫描任务:OJvmajQ5O2Tr76KbUsa1wIWfohzG9ET36oflnNLcEG4rU89uMieMWOle1EvDFfxtlPfOLsLl9HrBTfYVJvhEAL1jHK1LXEfpr98, id:389, 并未关联固件库
07-06 09:45:39,676326 [INFOR] [userlog] 当前:2023-07-06 09:45:39 用户:root 登录成功
07-06 09:45:40,339038 [INFOR] [userlog] 当前:2023-07-06 09:45:40 用户:root 登录成功
07-06 09:45:40,990175 [INFOR] [userlog] 当前:2023-07-06 09:45:40 用户:root 登录成功
07-06 09:45:41,561502 [INFOR] [userlog] 当前:2023-07-06 09:45:41 用户:root 登录成功
07-06 09:45:42,128855 [INFOR] [userlog] 当前:2023-07-06 09:45:41 用户:root 登录成功
07-06 09:45:42,669499 [INFOR] [userlog] 当前:2023-07-06 09:45:42 用户:root 登录成功
07-06 09:45:43,271091 [INFOR] [userlog] 当前:2023-07-06 09:45:43 用户:root 登录成功
07-06 09:45:43,896620 [INFOR] [userlog] 当前:2023-07-06 09:45:43 用户:root 登录成功
07-06 09:45:44,480539 [INFOR] [userlog] 当前:2023-07-06 09:45:44 用户:root 登录成功
07-06 09:45:45,083492 [INFOR] [userlog] 当前:2023-07-06 09:45:44 用户:root 登录成功
07-06 09:45:45,649756 [INFOR] [userlog] 当前:2023-07-06 09:45:45 用户:root 登录成功
07-06 09:45:46,190719 [INFOR] [userlog] 当前:2023-07-06 09:45:45 用户:root 登录成功
07-06 09:45:46,708294 [INFOR] [userlog] 当前:2023-07-06 09:45:46 用户:root 登录成功
07-06 09:45:47,038229 [INFOR] [userlog] 当前:2023-07-06 09:45:47 用户:root 删除固件扫描任务:创建任务—只勾选cwe_checker插件, id:342
07-06 09:45:47,058196 [INFOR] [userlog] 当前:2023-07-06 09:45:47 用户:root 创建固件扫描任务:创建任务—只勾选cwe_checker插件, id:390, 并未关联固件库
07-06 09:45:47,307384 [INFOR] [userlog] 当前:2023-07-06 09:45:47 用户:root 登录成功
07-06 09:45:47,622792 [INFOR] [userlog] 当前:2023-07-06 09:45:47 用户:root 删除固件扫描任务:创建任务—只勾选software_components插件, id:343
07-06 09:45:47,645446 [INFOR] [userlog] 当前:2023-07-06 09:45:47 用户:root 创建固件扫描任务:创建任务—只勾选software_components插件, id:391, 并未关联固件库
07-06 09:45:47,883411 [INFOR] [userlog] 当前:2023-07-06 09:45:47 用户:root 登录成功
07-06 09:45:48,220142 [INFOR] [userlog] 当前:2023-07-06 09:45:48 用户:root 删除固件扫描任务:创建任务—只勾选cve_lookup插件, id:344
07-06 09:45:48,241890 [INFOR] [userlog] 当前:2023-07-06 09:45:48 用户:root 创建固件扫描任务:创建任务—只勾选cve_lookup插件, id:392, 并未关联固件库
07-06 09:45:48,526226 [INFOR] [userlog] 当前:2023-07-06 09:45:48 用户:root 登录成功
07-06 09:45:49,085974 [INFOR] [userlog] 当前:2023-07-06 09:45:48 用户:root 登录成功
07-06 09:45:49,420298 [INFOR] [userlog] 当前:2023-07-06 09:45:49 用户:root 删除固件扫描任务:创建任务—只勾选crypto_hints插件, id:345
07-06 09:45:49,449644 [INFOR] [userlog] 当前:2023-07-06 09:45:49 用户:root 创建固件扫描任务:创建任务—只勾选crypto_hints插件, id:393, 并未关联固件库
07-06 09:45:49,689089 [INFOR] [userlog] 当前:2023-07-06 09:45:49 用户:root 登录成功
07-06 09:45:50,041398 [INFOR] [userlog] 当前:2023-07-06 09:45:50 用户:root 删除固件扫描任务:创建任务—只勾选elf_analysis插件, id:346
07-06 09:45:50,064441 [INFOR] [userlog] 当前:2023-07-06 09:45:50 用户:root 创建固件扫描任务:创建任务—只勾选elf_analysis插件, id:394, 并未关联固件库
07-06 09:45:50,298686 [INFOR] [userlog] 当前:2023-07-06 09:45:50 用户:root 登录成功
07-06 09:45:50,903432 [INFOR] [userlog] 当前:2023-07-06 09:45:50 用户:root 删除固件扫描任务:创建任务—只勾选ip_and_uri_finder插件, id:347
07-06 09:45:50,929312 [INFOR] [userlog] 当前:2023-07-06 09:45:50 用户:root 创建固件扫描任务:创建任务—只勾选ip_and_uri_finder插件, id:395, 并未关联固件库
07-06 09:45:51,179934 [INFOR] [userlog] 当前:2023-07-06 09:45:50 用户:root 登录成功
07-06 09:45:51,532492 [INFOR] [userlog] 当前:2023-07-06 09:45:51 用户:root 删除固件扫描任务:创建任务—只勾选users_and_passwords插件, id:348
07-06 09:45:51,554287 [INFOR] [userlog] 当前:2023-07-06 09:45:51 用户:root 创建固件扫描任务:创建任务—只勾选users_and_passwords插件, id:396, 并未关联固件库
07-06 09:45:51,778055 [INFOR] [userlog] 当前:2023-07-06 09:45:51 用户:root 登录成功
07-06 09:45:52,131502 [INFOR] [userlog] 当前:2023-07-06 09:45:52 用户:root 删除固件扫描任务:创建任务—只勾选elf_checksec插件, id:349
07-06 09:45:52,183330 [INFOR] [userlog] 当前:2023-07-06 09:45:52 用户:root 创建固件扫描任务:创建任务—只勾选elf_checksec插件, id:397, 并未关联固件库
07-06 09:45:52,436288 [INFOR] [userlog] 当前:2023-07-06 09:45:52 用户:root 登录成功
07-06 09:45:52,774382 [INFOR] [userlog] 当前:2023-07-06 09:45:52 用户:root 删除固件扫描任务:创建任务—不勾选elf_checksec插件, id:350
07-06 09:45:52,851835 [INFOR] [userlog] 当前:2023-07-06 09:45:52 用户:root 创建固件扫描任务:创建任务—不勾选elf_checksec插件, id:398, 并未关联固件库
07-06 09:45:53,138682 [INFOR] [userlog] 当前:2023-07-06 09:45:52 用户:root 登录成功
07-06 09:45:53,487883 [INFOR] [userlog] 当前:2023-07-06 09:45:53 用户:root 删除固件扫描任务:创建任务—不勾选users_and_passwords插件, id:351
07-06 09:45:53,533141 [INFOR] [userlog] 当前:2023-07-06 09:45:53 用户:root 创建固件扫描任务:创建任务—不勾选users_and_passwords插件, id:399, 并未关联固件库
07-06 09:45:53,789058 [INFOR] [userlog] 当前:2023-07-06 09:45:53 用户:root 登录成功
07-06 09:45:54,114718 [INFOR] [userlog] 当前:2023-07-06 09:45:54 用户:root 删除固件扫描任务:创建任务—不勾选ip_and_uri_finder插件, id:352
07-06 09:45:54,137824 [INFOR] [userlog] 当前:2023-07-06 09:45:54 用户:root 创建固件扫描任务:创建任务—不勾选ip_and_uri_finder插件, id:400, 并未关联固件库
07-06 09:45:54,401601 [INFOR] [userlog] 当前:2023-07-06 09:45:54 用户:root 登录成功
07-06 09:45:54,738363 [INFOR] [userlog] 当前:2023-07-06 09:45:54 用户:root 删除固件扫描任务:创建任务—不勾选elf_analysis插件, id:353
07-06 09:45:54,773838 [INFOR] [userlog] 当前:2023-07-06 09:45:54 用户:root 创建固件扫描任务:创建任务—不勾选elf_analysis插件, id:401, 并未关联固件库
07-06 09:45:55,033348 [INFOR] [userlog] 当前:2023-07-06 09:45:54 用户:root 登录成功
07-06 09:45:55,408893 [INFOR] [userlog] 当前:2023-07-06 09:45:55 用户:root 删除固件扫描任务:创建任务—不勾选crypto_hints插件, id:354
07-06 09:45:55,432176 [INFOR] [userlog] 当前:2023-07-06 09:45:55 用户:root 创建固件扫描任务:创建任务—不勾选crypto_hints插件, id:402, 并未关联固件库
07-06 09:45:55,649550 [INFOR] [userlog] 当前:2023-07-06 09:45:55 用户:root 登录成功
07-06 09:45:56,320292 [INFOR] [userlog] 当前:2023-07-06 09:45:56 用户:root 删除固件扫描任务:创建任务—不勾选cve_lookup插件, id:355
07-06 09:45:56,368503 [INFOR] [userlog] 当前:2023-07-06 09:45:56 用户:root 创建固件扫描任务:创建任务—不勾选cve_lookup插件, id:403, 并未关联固件库
07-06 09:45:56,602552 [INFOR] [userlog] 当前:2023-07-06 09:45:56 用户:root 登录成功
07-06 09:45:56,946719 [INFOR] [userlog] 当前:2023-07-06 09:45:56 用户:root 删除固件扫描任务:创建任务—不勾选software_components插件, id:356
07-06 09:45:56,978115 [INFOR] [userlog] 当前:2023-07-06 09:45:56 用户:root 创建固件扫描任务:创建任务—不勾选software_components插件, id:404, 并未关联固件库
07-06 09:45:57,230369 [INFOR] [userlog] 当前:2023-07-06 09:45:57 用户:root 登录成功
07-06 09:45:58,220747 [INFOR] [userlog] 当前:2023-07-06 09:45:58 用户:root 删除固件扫描任务:全选插件创建任务, id:384
07-06 09:45:58,243045 [INFOR] [userlog] 当前:2023-07-06 09:45:58 用户:root 创建固件扫描任务:1, id:405, 并关联固件库
07-06 09:45:58,596168 [INFOR] [userlog] 当前:2023-07-06 09:45:58 用户:root 登录成功
07-06 09:45:59,685717 [INFOR] [userlog] 当前:2023-07-06 09:45:59 用户:root 登录成功
07-06 09:46:00,467568 [INFOR] [userlog] 当前:2023-07-06 09:46:00 用户:root 删除固件扫描任务:1, id:405
07-06 09:46:00,550631 [INFOR] [userlog] 当前:2023-07-06 09:46:00 用户:root 创建固件扫描任务:a, id:406, 并关联固件库
07-06 09:46:00,816849 [INFOR] [userlog] 当前:2023-07-06 09:46:00 用户:root 登录成功
07-06 09:46:01,778242 [INFOR] [userlog] 当前:2023-07-06 09:46:01 用户:root 删除固件扫描任务:a, id:406
07-06 09:46:01,807833 [INFOR] [userlog] 当前:2023-07-06 09:46:01 用户:root 创建固件扫描任务:*, id:407, 并关联固件库
07-06 09:46:02,110178 [INFOR] [userlog] 当前:2023-07-06 09:46:01 用户:root 登录成功
07-06 09:46:03,167819 [INFOR] [userlog] 当前:2023-07-06 09:46:03 用户:root 删除固件扫描任务:*, id:407
07-06 09:46:03,192942 [INFOR] [userlog] 当前:2023-07-06 09:46:03 用户:root 创建固件扫描任务:M4FTB7kKixUyKN7a89w1pXxui5Wh0wYbpSvX5UObLPVvidti6LyB9Hj9Ey1WtHSGUxvQEkx3th9WDTuNZ6eO6OMJ1s3cy3IIdLa, id:408, 并关联固件库
07-06 09:46:03,438097 [INFOR] [userlog] 当前:2023-07-06 09:46:03 用户:root 登录成功
07-06 09:46:04,167363 [INFOR] [userlog] 当前:2023-07-06 09:46:04 用户:root 删除固件扫描任务:M4FTB7kKixUyKN7a89w1pXxui5Wh0wYbpSvX5UObLPVvidti6LyB9Hj9Ey1WtHSGUxvQEkx3th9WDTuNZ6eO6OMJ1s3cy3IIdLa, id:408
07-06 09:46:04,206273 [INFOR] [userlog] 当前:2023-07-06 09:46:04 用户:root 创建固件扫描任务:H7Wp6hqCDHlV9XcjpDWgXrIOYzudAOPJcAMsJuUQ9fIsj3rbH6XkYOiD33XVWI3HcEtkfsQNkbdp0cXVpZoVfNLkVZMBYi2freH, id:409, 并关联固件库
07-06 09:46:04,460754 [INFOR] [userlog] 当前:2023-07-06 09:46:04 用户:root 登录成功
07-06 09:46:05,685720 [INFOR] [userlog] 当前:2023-07-06 09:46:05 用户:root 登录成功
07-06 09:46:06,721938 [INFOR] [userlog] 当前:2023-07-06 09:46:06 用户:root 登录成功
07-06 09:46:07,736684 [INFOR] [userlog] 当前:2023-07-06 09:46:07 用户:root 登录成功
07-06 09:46:08,673629 [INFOR] [userlog] 当前:2023-07-06 09:46:08 用户:root 登录成功
07-06 09:46:09,596208 [INFOR] [userlog] 当前:2023-07-06 09:46:09 用户:root 登录成功
07-06 09:46:10,657651 [INFOR] [userlog] 当前:2023-07-06 09:46:10 用户:root 登录成功
07-06 09:46:11,639541 [INFOR] [userlog] 当前:2023-07-06 09:46:11 用户:root 登录成功
07-06 09:46:12,729879 [INFOR] [userlog] 当前:2023-07-06 09:46:12 用户:root 登录成功
07-06 09:46:13,731441 [INFOR] [userlog] 当前:2023-07-06 09:46:13 用户:root 登录成功
07-06 09:46:14,260828 [INFOR] [userlog] 当前:2023-07-06 09:46:14 用户:root 登录成功
07-06 09:46:15,361386 [INFOR] [userlog] 当前:2023-07-06 09:46:15 用户:root 登录成功
07-06 09:46:16,360804 [INFOR] [userlog] 当前:2023-07-06 09:46:16 用户:root 登录成功
07-06 09:46:17,437474 [INFOR] [userlog] 当前:2023-07-06 09:46:17 用户:root 登录成功
07-06 09:46:18,372818 [INFOR] [userlog] 当前:2023-07-06 09:46:18 用户:root 登录成功
07-06 09:46:19,370004 [INFOR] [userlog] 当前:2023-07-06 09:46:19 用户:root 登录成功
07-06 09:46:20,606261 [INFOR] [userlog] 当前:2023-07-06 09:46:20 用户:root 登录成功
07-06 09:46:21,581853 [INFOR] [userlog] 当前:2023-07-06 09:46:21 用户:root 登录成功
07-06 09:46:22,661069 [INFOR] [userlog] 当前:2023-07-06 09:46:22 用户:root 登录成功
07-06 09:46:23,634151 [INFOR] [userlog] 当前:2023-07-06 09:46:23 用户:root 登录成功
07-06 09:46:24,675687 [INFOR] [userlog] 当前:2023-07-06 09:46:24 用户:root 登录成功
07-06 09:46:25,670288 [INFOR] [userlog] 当前:2023-07-06 09:46:25 用户:root 登录成功
07-06 09:46:26,821947 [INFOR] [userlog] 当前:2023-07-06 09:46:26 用户:root 登录成功
07-06 09:46:27,107744 [INFOR] [userlog] 当前:2023-07-06 09:46:27 用户:root 删除报告对比任务:创建一个未开始的任务对比app.bin, id:13
07-06 09:46:27,349821 [INFOR] [userlog] 当前:2023-07-06 09:46:27 用户:root 登录成功
07-06 09:46:28,188774 [INFOR] [userlog] 当前:2023-07-06 09:46:28 用户:root 创建报告对比任务:创建一个未开始的任务对比app.bin, id:14
07-06 09:46:29,163908 [INFOR] [userlog] 当前:2023-07-06 09:46:29 用户:root 创建报告对比任务:创建一个未开始的任务对比app.bin, id:15
07-06 09:46:29,332936 [INFOR] [userlog] 当前:2023-07-06 09:46:29 用户:root 删除报告对比任务:创建一个未开始的任务对比app.bin, id:14
07-06 09:46:29,645248 [INFOR] [userlog] 当前:2023-07-06 09:46:29 用户:root 登录成功
07-06 09:46:30,069388 [INFOR] [userlog] 当前:2023-07-06 09:46:29 用户:root 登录成功
07-06 09:46:30,461970 [INFOR] [userlog] 当前:2023-07-06 09:46:30 用户:root 登录成功
07-06 09:46:32,251567 [INFOR] [userlog] 当前:2023-07-06 09:46:32 用户:root 删除固件扫描任务:创建一个未开始的任务, id:374
07-06 09:46:32,304077 [INFOR] [userlog] 当前:2023-07-06 09:46:32 用户:root 创建固件扫描任务:zsy.zip, id:410, 并关联固件库
07-06 09:46:32,748934 [INFOR] [userlog] 当前:2023-07-06 09:46:32 用户:root 登录成功
07-06 09:46:34,078318 [INFOR] [userlog] 当前:2023-07-06 09:46:34 用户:root 删除固件扫描任务:zsy.zip, id:382
07-06 09:46:34,200709 [INFOR] [userlog] 当前:2023-07-06 09:46:34 用户:root 创建固件扫描任务:zsy.zip, id:411, 并未关联固件库
07-06 09:46:34,278584 [INFOR] [userlog] 当前:2023-07-06 09:46:34 用户:root 删除固件扫描任务:zsy.zip, id:410
07-06 09:46:34,278604 [INFOR] [userlog] 当前:2023-07-06 09:46:34 用户:root 删除固件扫描任务:zsy.zip, id:411
07-06 09:46:34,557898 [INFOR] [userlog] 当前:2023-07-06 09:46:34 用户:root 登录成功
07-06 09:46:35,278588 [INFOR] [userlog] 当前:2023-07-06 09:46:35 用户:root 登录成功
07-06 09:46:35,662110 [INFOR] [userlog] 当前:2023-07-06 09:46:35 用户:root 登录成功
07-06 09:46:36,062353 [INFOR] [userlog] 当前:2023-07-06 09:46:35 用户:root 登录成功
07-06 09:46:37,218247 [INFOR] [userlog] 当前:2023-07-06 09:46:37 用户:root 创建固件扫描任务:zsy.zip, id:412, 并未关联固件库
07-06 09:46:37,449511 [INFOR] [userlog] 当前:2023-07-06 09:46:37 用户:root 开始固件扫描任务:zsy.zip, id:412
07-06 09:46:37,729133 [INFOR] [userlog] 当前:2023-07-06 09:46:37 用户:root 登录成功
07-06 09:46:38,115718 [INFOR] [userlog] 当前:2023-07-06 09:46:38 用户:root 删除固件扫描任务:*, id:388
07-06 09:46:38,146287 [INFOR] [userlog] 当前:2023-07-06 09:46:38 用户:root 创建固件扫描任务:libcurl_7.17.1-1_arm.ipk, id:413, 并未关联固件库
07-06 09:46:38,376580 [INFOR] [userlog] 当前:2023-07-06 09:46:38 用户:root 开始固件扫描任务:libcurl_7.17.1-1_arm.ipk, id:413
07-06 09:47:23,871754 [INFOR] [userlog] 当前:2023-07-06 09:47:23 用户:root 登录成功
07-06 09:47:25,367797 [INFOR] [userlog] 当前:2023-07-06 09:47:25 用户:root 暂停固件扫描任务:libcurl_7.17.1-1_arm.ipk, id:413
07-06 09:47:25,431901 [INFOR] [userlog] 当前:2023-07-06 09:47:25 用户:root 删除固件扫描任务:libcurl_7.17.1-1_arm.ipk, id:413
07-06 09:47:25,507799 [INFOR] [userlog] 当前:2023-07-06 09:47:24 用户:root 创建固件扫描任务:libcurl_7.17.1-1_arm.ipk, id:414, 并未关联固件库
07-06 09:47:25,816191 [INFOR] [userlog] 当前:2023-07-06 09:47:25 用户:root 开始固件扫描任务:libcurl_7.17.1-1_arm.ipk, id:414
07-06 09:47:25,868074 [INFOR] [userlog] 当前:2023-07-06 09:47:25 用户:root 暂停固件扫描任务:libcurl_7.17.1-1_arm.ipk, id:414
07-06 09:47:25,903907 [INFOR] [userlog] 当前:2023-07-06 09:47:25 用户:root 删除固件扫描任务:libcurl_7.17.1-1_arm.ipk, id:414
07-06 09:47:26,140520 [INFOR] [userlog] 当前:2023-07-06 09:47:25 用户:root 登录成功
07-06 09:47:26,448248 [INFOR] [userlog] 当前:2023-07-06 09:47:26 用户:root 删除固件扫描任务:dsp.ko, id:383
07-06 09:47:26,473305 [INFOR] [userlog] 当前:2023-07-06 09:47:26 用户:root 创建固件扫描任务:dsp.ko, id:415, 并未关联固件库
07-06 09:47:26,700525 [INFOR] [userlog] 当前:2023-07-06 09:47:26 用户:root 开始固件扫描任务:dsp.ko, id:415
07-06 09:47:26,764612 [INFOR] [userlog] 当前:2023-07-06 09:47:26 用户:root 删除固件扫描任务:创建一个不可用的任务, id:376
07-06 09:47:27,001229 [INFOR] [userlog] 当前:2023-07-06 09:47:26 用户:root 登录成功
07-06 09:47:27,300361 [INFOR] [userlog] 当前:2023-07-06 09:47:27 用户:root 登录成功
07-06 09:47:27,639114 [INFOR] [userlog] 当前:2023-07-06 09:47:27 用户:root 登录成功
07-06 09:47:27,979628 [INFOR] [userlog] 当前:2023-07-06 09:47:27 用户:root 登录成功
07-06 09:47:28,579424 [INFOR] [userlog] 当前:2023-07-06 09:47:28 用户:root 登录成功
07-06 09:47:28,858767 [INFOR] [userlog] 当前:2023-07-06 09:47:28 用户:root 登录成功
