12-22 18:08:49,413067 [INFOR] [systemlog] 当前:2023-12-22 18:08:49系统初次启动
12-22 18:08:49,576085 [INFOR] [systemlog] 当前:2023-12-22 18:08:49系统使用的内存:3531MB, 使用硬盘:107917MB
12-22 18:08:51,029565 [INFOR] [systemlog] 当前:2023-12-22 18:08:51系统启动时间
12-22 18:08:51,061372 [INFOR] [systemlog] 当前:2023-12-22 18:08:51系统使用的内存:3534MB, 使用硬盘:107917MB
12-22 18:08:51,333386 [INFOR] [systemlog] 当前:2023-12-22 18:08:51已使用年度流量:0MB、补充流量:0MB、每日流量:0MB、日任务数:0
12-22 18:08:51,339236 [INFOR] [systemlog] 当前:2023-12-22 18:08:51系统配额年度流量:204800MB、补充流量:0MB、每日流量:102400MB、日任务数:300
12-22 18:11:54,314617 [INFOR] [systemlog] 当前:2023-12-22 18:11:54系统启动时间
12-22 18:11:54,382949 [INFOR] [systemlog] 当前:2023-12-22 18:11:54系统使用的内存:4250MB, 使用硬盘:108743MB
12-22 18:11:54,597738 [INFOR] [systemlog] 当前:2023-12-22 18:11:54已使用年度流量:0MB、补充流量:0MB、每日流量:0MB、日任务数:0
12-22 18:11:54,602174 [INFOR] [systemlog] 当前:2023-12-22 18:11:54系统配额年度流量:204800MB、补充流量:0MB、每日流量:102400MB、日任务数:300
12-22 18:14:48,611732 [INFOR] [systemlog] 当前:2023-12-22 18:14:48系统插件状态正常
12-22 18:14:49,388798 [INFOR] [systemlog] 当前:2023-12-22 18:14:49已使用年度流量:2MB、补充流量:0MB、每日流量:2MB、日任务数:1
12-22 18:15:43,685256 [INFOR] [systemlog] 当前:2023-12-22 18:15:43已使用年度流量:4MB、补充流量:0MB、每日流量:4MB、日任务数:2
12-22 18:16:23,258878 [INFOR] [systemlog] 当前:2023-12-22 18:16:23系统使用内存:6650MB, 硬盘:108780MB
12-22 18:17:53,178421 [INFOR] [systemlog] 当前:2023-12-22 18:17:53系统使用内存:5741MB, 硬盘:108802MB
12-22 18:18:53,173567 [INFOR] [systemlog] 当前:2023-12-22 18:18:53系统使用内存:6654MB, 硬盘:108815MB
12-22 18:20:23,173512 [INFOR] [systemlog] 当前:2023-12-22 18:20:23系统使用内存:4676MB, 硬盘:108774MB
12-22 18:23:01,625894 [INFOR] [systemlog] 当前:2023-12-22 18:23:01CVE漏洞库数据文件正常
12-22 18:24:15,387787 [INFOR] [systemlog] 当前:2023-12-22 18:24:15已使用年度流量:32MB、补充流量:0MB、每日流量:32MB、日任务数:3
12-22 18:24:18,151904 [INFOR] [systemlog] 当前:2023-12-22 18:24:18已使用年度流量:40MB、补充流量:0MB、每日流量:40MB、日任务数:4
12-22 18:24:21,388480 [INFOR] [systemlog] 当前:2023-12-22 18:24:21已使用年度流量:53MB、补充流量:0MB、每日流量:53MB、日任务数:5
12-22 18:24:23,178961 [INFOR] [systemlog] 当前:2023-12-22 18:24:23系统使用内存:5171MB, 硬盘:108903MB
12-22 18:24:23,431134 [INFOR] [systemlog] 当前:2023-12-22 18:24:23已使用年度流量:56MB、补充流量:0MB、每日流量:56MB、日任务数:6
12-22 18:24:25,512130 [INFOR] [systemlog] 当前:2023-12-22 18:24:25已使用年度流量:59MB、补充流量:0MB、每日流量:59MB、日任务数:7
12-22 18:24:27,646978 [INFOR] [systemlog] 当前:2023-12-22 18:24:27已使用年度流量:60MB、补充流量:0MB、每日流量:60MB、日任务数:8
12-22 18:24:29,747479 [INFOR] [systemlog] 当前:2023-12-22 18:24:29已使用年度流量:60MB、补充流量:0MB、每日流量:60MB、日任务数:9
12-22 18:24:31,367696 [INFOR] [systemlog] 当前:2023-12-22 18:24:31已使用年度流量:64MB、补充流量:0MB、每日流量:64MB、日任务数:10
12-22 18:24:33,633363 [INFOR] [systemlog] 当前:2023-12-22 18:24:33已使用年度流量:74MB、补充流量:0MB、每日流量:74MB、日任务数:11
12-22 18:24:35,830071 [INFOR] [systemlog] 当前:2023-12-22 18:24:35已使用年度流量:84MB、补充流量:0MB、每日流量:84MB、日任务数:12
12-22 18:24:37,820292 [INFOR] [systemlog] 当前:2023-12-22 18:24:37已使用年度流量:90MB、补充流量:0MB、每日流量:90MB、日任务数:13
12-22 18:24:39,399860 [INFOR] [systemlog] 当前:2023-12-22 18:24:39已使用年度流量:91MB、补充流量:0MB、每日流量:91MB、日任务数:14
12-22 18:24:40,967058 [INFOR] [systemlog] 当前:2023-12-22 18:24:40已使用年度流量:91MB、补充流量:0MB、每日流量:91MB、日任务数:15
12-22 18:24:51,324781 [INFOR] [systemlog] 当前:2023-12-22 18:24:51已使用年度流量:173MB、补充流量:0MB、每日流量:173MB、日任务数:16
12-22 18:24:56,142637 [INFOR] [systemlog] 当前:2023-12-22 18:24:56已使用年度流量:177MB、补充流量:0MB、每日流量:177MB、日任务数:17
12-22 18:24:57,931795 [INFOR] [systemlog] 当前:2023-12-22 18:24:57已使用年度流量:177MB、补充流量:0MB、每日流量:177MB、日任务数:18
12-22 18:24:59,632810 [INFOR] [systemlog] 当前:2023-12-22 18:24:59已使用年度流量:177MB、补充流量:0MB、每日流量:177MB、日任务数:19
12-22 18:25:05,612511 [INFOR] [systemlog] 当前:2023-12-22 18:25:05已使用年度流量:223MB、补充流量:0MB、每日流量:223MB、日任务数:20
12-22 18:25:07,493773 [INFOR] [systemlog] 当前:2023-12-22 18:25:07已使用年度流量:227MB、补充流量:0MB、每日流量:227MB、日任务数:21
12-22 18:25:09,105930 [INFOR] [systemlog] 当前:2023-12-22 18:25:09已使用年度流量:227MB、补充流量:0MB、每日流量:227MB、日任务数:22
12-22 18:25:10,660478 [INFOR] [systemlog] 当前:2023-12-22 18:25:10已使用年度流量:227MB、补充流量:0MB、每日流量:227MB、日任务数:23
12-22 18:25:12,860551 [INFOR] [systemlog] 当前:2023-12-22 18:25:12已使用年度流量:234MB、补充流量:0MB、每日流量:234MB、日任务数:24
12-22 18:25:58,041891 [INFOR] [systemlog] 当前:2023-12-22 18:25:58已使用年度流量:737MB、补充流量:0MB、每日流量:737MB、日任务数:25
12-22 18:26:00,556831 [INFOR] [systemlog] 当前:2023-12-22 18:26:00已使用年度流量:749MB、补充流量:0MB、每日流量:749MB、日任务数:26
12-22 18:26:04,689558 [INFOR] [systemlog] 当前:2023-12-22 18:26:04已使用年度流量:781MB、补充流量:0MB、每日流量:781MB、日任务数:27
12-22 18:26:06,407389 [INFOR] [systemlog] 当前:2023-12-22 18:26:06已使用年度流量:781MB、补充流量:0MB、每日流量:781MB、日任务数:28
12-22 18:26:27,785220 [INFOR] [systemlog] 当前:2023-12-22 18:26:27已使用年度流量:879MB、补充流量:0MB、每日流量:879MB、日任务数:29
12-22 18:26:29,788821 [INFOR] [systemlog] 当前:2023-12-22 18:26:29已使用年度流量:884MB、补充流量:0MB、每日流量:884MB、日任务数:30
12-22 18:26:31,281080 [INFOR] [systemlog] 当前:2023-12-22 18:26:31已使用年度流量:884MB、补充流量:0MB、每日流量:884MB、日任务数:31
12-22 18:26:33,272619 [INFOR] [systemlog] 当前:2023-12-22 18:26:33已使用年度流量:892MB、补充流量:0MB、每日流量:892MB、日任务数:32
12-22 18:26:35,094242 [INFOR] [systemlog] 当前:2023-12-22 18:26:35已使用年度流量:894MB、补充流量:0MB、每日流量:894MB、日任务数:33
12-22 18:26:36,623234 [INFOR] [systemlog] 当前:2023-12-22 18:26:36已使用年度流量:895MB、补充流量:0MB、每日流量:895MB、日任务数:34
12-22 18:26:38,621900 [INFOR] [systemlog] 当前:2023-12-22 18:26:38已使用年度流量:903MB、补充流量:0MB、每日流量:903MB、日任务数:35
12-22 18:26:42,636684 [INFOR] [systemlog] 当前:2023-12-22 18:26:42已使用年度流量:908MB、补充流量:0MB、每日流量:908MB、日任务数:36
12-22 18:26:44,590246 [INFOR] [systemlog] 当前:2023-12-22 18:26:44已使用年度流量:909MB、补充流量:0MB、每日流量:909MB、日任务数:37
12-22 18:26:48,790413 [INFOR] [systemlog] 当前:2023-12-22 18:26:48已使用年度流量:916MB、补充流量:0MB、每日流量:916MB、日任务数:38
12-22 18:26:59,459671 [INFOR] [systemlog] 当前:2023-12-22 18:26:59已使用年度流量:992MB、补充流量:0MB、每日流量:992MB、日任务数:39
12-22 18:27:02,586956 [INFOR] [systemlog] 当前:2023-12-22 18:27:02已使用年度流量:1016MB、补充流量:0MB、每日流量:1016MB、日任务数:40
12-22 18:27:04,466884 [INFOR] [systemlog] 当前:2023-12-22 18:27:04已使用年度流量:1019MB、补充流量:0MB、每日流量:1019MB、日任务数:41
12-22 18:27:06,754045 [INFOR] [systemlog] 当前:2023-12-22 18:27:06已使用年度流量:1031MB、补充流量:0MB、每日流量:1031MB、日任务数:42
12-22 18:27:13,966841 [INFOR] [systemlog] 当前:2023-12-22 18:27:13已使用年度流量:1102MB、补充流量:0MB、每日流量:1102MB、日任务数:43
12-22 18:27:19,430345 [INFOR] [systemlog] 当前:2023-12-22 18:27:19已使用年度流量:1107MB、补充流量:0MB、每日流量:1107MB、日任务数:44
12-22 18:27:25,012466 [INFOR] [systemlog] 当前:2023-12-22 18:27:25已使用年度流量:1161MB、补充流量:0MB、每日流量:1161MB、日任务数:45
12-22 18:27:27,005077 [INFOR] [systemlog] 当前:2023-12-22 18:27:27已使用年度流量:1165MB、补充流量:0MB、每日流量:1165MB、日任务数:46
12-22 18:27:29,758727 [INFOR] [systemlog] 当前:2023-12-22 18:27:29已使用年度流量:1180MB、补充流量:0MB、每日流量:1180MB、日任务数:47
12-22 18:27:31,298106 [INFOR] [systemlog] 当前:2023-12-22 18:27:31已使用年度流量:1181MB、补充流量:0MB、每日流量:1181MB、日任务数:48
12-22 18:27:32,926305 [INFOR] [systemlog] 当前:2023-12-22 18:27:32已使用年度流量:1181MB、补充流量:0MB、每日流量:1181MB、日任务数:49
12-22 18:27:34,761034 [INFOR] [systemlog] 当前:2023-12-22 18:27:34已使用年度流量:1182MB、补充流量:0MB、每日流量:1182MB、日任务数:50
12-22 18:27:36,468577 [INFOR] [systemlog] 当前:2023-12-22 18:27:36已使用年度流量:1182MB、补充流量:0MB、每日流量:1182MB、日任务数:51
12-22 18:27:54,165047 [INFOR] [systemlog] 当前:2023-12-22 18:27:54已使用年度流量:1384MB、补充流量:0MB、每日流量:1384MB、日任务数:52
12-22 18:27:56,034924 [INFOR] [systemlog] 当前:2023-12-22 18:27:56已使用年度流量:1384MB、补充流量:0MB、每日流量:1384MB、日任务数:53
12-22 18:27:58,474038 [INFOR] [systemlog] 当前:2023-12-22 18:27:58已使用年度流量:1396MB、补充流量:0MB、每日流量:1396MB、日任务数:54
12-22 18:28:00,041848 [INFOR] [systemlog] 当前:2023-12-22 18:28:00已使用年度流量:1396MB、补充流量:0MB、每日流量:1396MB、日任务数:55
12-22 18:28:01,767036 [INFOR] [systemlog] 当前:2023-12-22 18:28:01已使用年度流量:1397MB、补充流量:0MB、每日流量:1397MB、日任务数:56
12-22 18:28:03,849963 [INFOR] [systemlog] 当前:2023-12-22 18:28:03已使用年度流量:1405MB、补充流量:0MB、每日流量:1405MB、日任务数:57
12-22 18:28:06,193555 [INFOR] [systemlog] 当前:2023-12-22 18:28:06已使用年度流量:1416MB、补充流量:0MB、每日流量:1416MB、日任务数:58
12-22 18:29:53,167602 [INFOR] [systemlog] 当前:2023-12-22 18:29:53系统使用内存:5693MB, 硬盘:110519MB
12-22 18:31:53,170795 [INFOR] [systemlog] 当前:2023-12-22 18:31:53系统使用内存:6604MB, 硬盘:110865MB
12-22 18:32:43,289141 [INFOR] [systemlog] 当前:2023-12-22 18:32:43已使用年度流量:1416MB、补充流量:0MB、每日流量:1416MB、日任务数:59
12-22 18:32:44,947326 [INFOR] [systemlog] 当前:2023-12-22 18:32:44已使用年度流量:1419MB、补充流量:0MB、每日流量:1419MB、日任务数:60
12-22 18:32:47,911849 [INFOR] [systemlog] 当前:2023-12-22 18:32:47已使用年度流量:1419MB、补充流量:0MB、每日流量:1419MB、日任务数:61
12-22 18:32:49,928537 [INFOR] [systemlog] 当前:2023-12-22 18:32:49已使用年度流量:1422MB、补充流量:0MB、每日流量:1422MB、日任务数:62
12-22 18:32:51,222245 [INFOR] [systemlog] 当前:2023-12-22 18:32:51已使用年度流量:1422MB、补充流量:0MB、每日流量:1422MB、日任务数:63
12-22 18:32:52,710880 [INFOR] [systemlog] 当前:2023-12-22 18:32:52已使用年度流量:1422MB、补充流量:0MB、每日流量:1422MB、日任务数:64
12-22 18:32:55,858037 [INFOR] [systemlog] 当前:2023-12-22 18:32:55已使用年度流量:1424MB、补充流量:0MB、每日流量:1424MB、日任务数:65
12-22 18:32:57,975863 [INFOR] [systemlog] 当前:2023-12-22 18:32:57已使用年度流量:1424MB、补充流量:0MB、每日流量:1424MB、日任务数:66
12-22 18:32:59,387158 [INFOR] [systemlog] 当前:2023-12-22 18:32:59已使用年度流量:1424MB、补充流量:0MB、每日流量:1424MB、日任务数:67
12-22 18:33:00,744609 [INFOR] [systemlog] 当前:2023-12-22 18:33:00已使用年度流量:1424MB、补充流量:0MB、每日流量:1424MB、日任务数:68
12-22 18:33:01,974788 [INFOR] [systemlog] 当前:2023-12-22 18:33:01已使用年度流量:1425MB、补充流量:0MB、每日流量:1425MB、日任务数:69
12-22 18:33:03,369477 [INFOR] [systemlog] 当前:2023-12-22 18:33:03已使用年度流量:1427MB、补充流量:0MB、每日流量:1427MB、日任务数:70
12-22 18:33:08,456765 [INFOR] [systemlog] 当前:2023-12-22 18:33:08已使用年度流量:1428MB、补充流量:0MB、每日流量:1428MB、日任务数:71
12-22 18:33:09,542269 [INFOR] [systemlog] 当前:2023-12-22 18:33:09已使用年度流量:1428MB、补充流量:0MB、每日流量:1428MB、日任务数:72
12-22 18:33:11,445874 [INFOR] [systemlog] 当前:2023-12-22 18:33:11已使用年度流量:1428MB、补充流量:0MB、每日流量:1428MB、日任务数:73
12-22 18:33:15,380584 [INFOR] [systemlog] 当前:2023-12-22 18:33:15已使用年度流量:1429MB、补充流量:0MB、每日流量:1429MB、日任务数:74
12-22 18:33:17,138134 [INFOR] [systemlog] 当前:2023-12-22 18:33:17已使用年度流量:1429MB、补充流量:0MB、每日流量:1429MB、日任务数:75
12-22 18:33:23,176278 [INFOR] [systemlog] 当前:2023-12-22 18:33:23系统使用内存:5439MB, 硬盘:110442MB
12-22 18:33:50,147303 [INFOR] [systemlog] 当前:2023-12-22 18:33:50已使用年度流量:1430MB、补充流量:0MB、每日流量:1430MB、日任务数:76
12-22 18:33:52,112284 [INFOR] [systemlog] 当前:2023-12-22 18:33:52已使用年度流量:1432MB、补充流量:0MB、每日流量:1432MB、日任务数:77
12-22 18:33:53,178884 [INFOR] [systemlog] 当前:2023-12-22 18:33:53系统使用内存:6008MB, 硬盘:110447MB
12-22 18:33:53,771412 [INFOR] [systemlog] 当前:2023-12-22 18:33:53已使用年度流量:1432MB、补充流量:0MB、每日流量:1432MB、日任务数:78
12-22 18:33:57,733177 [INFOR] [systemlog] 当前:2023-12-22 18:33:57已使用年度流量:1437MB、补充流量:0MB、每日流量:1437MB、日任务数:79
12-22 18:33:59,201880 [INFOR] [systemlog] 当前:2023-12-22 18:33:59已使用年度流量:1440MB、补充流量:0MB、每日流量:1440MB、日任务数:80
12-22 18:34:02,055029 [INFOR] [systemlog] 当前:2023-12-22 18:34:02已使用年度流量:1441MB、补充流量:0MB、每日流量:1441MB、日任务数:81
12-22 18:34:04,886795 [INFOR] [systemlog] 当前:2023-12-22 18:34:04已使用年度流量:1450MB、补充流量:0MB、每日流量:1450MB、日任务数:82
12-22 18:34:11,089321 [INFOR] [systemlog] 当前:2023-12-22 18:34:11已使用年度流量:1459MB、补充流量:0MB、每日流量:1459MB、日任务数:83
12-22 18:34:14,956360 [INFOR] [systemlog] 当前:2023-12-22 18:34:14已使用年度流量:1486MB、补充流量:0MB、每日流量:1486MB、日任务数:84
12-22 18:34:17,117498 [INFOR] [systemlog] 当前:2023-12-22 18:34:17已使用年度流量:1498MB、补充流量:0MB、每日流量:1498MB、日任务数:85
12-22 18:34:20,585059 [INFOR] [systemlog] 当前:2023-12-22 18:34:20已使用年度流量:1510MB、补充流量:0MB、每日流量:1510MB、日任务数:86
12-22 18:34:26,183706 [INFOR] [systemlog] 当前:2023-12-22 18:34:26已使用年度流量:1548MB、补充流量:0MB、每日流量:1548MB、日任务数:87
12-22 18:34:28,276573 [INFOR] [systemlog] 当前:2023-12-22 18:34:28已使用年度流量:1557MB、补充流量:0MB、每日流量:1557MB、日任务数:88
12-22 18:34:32,877432 [INFOR] [systemlog] 当前:2023-12-22 18:34:32已使用年度流量:1566MB、补充流量:0MB、每日流量:1566MB、日任务数:89
12-22 18:34:40,249596 [INFOR] [systemlog] 当前:2023-12-22 18:34:40已使用年度流量:1633MB、补充流量:0MB、每日流量:1633MB、日任务数:90
12-22 18:34:52,745598 [INFOR] [systemlog] 当前:2023-12-22 18:34:52已使用年度流量:1749MB、补充流量:0MB、每日流量:1749MB、日任务数:91
12-22 18:35:10,446394 [INFOR] [systemlog] 当前:2023-12-22 18:35:10已使用年度流量:1839MB、补充流量:0MB、每日流量:1839MB、日任务数:92
12-22 18:35:27,655743 [INFOR] [systemlog] 当前:2023-12-22 18:35:27已使用年度流量:1949MB、补充流量:0MB、每日流量:1949MB、日任务数:93
12-22 18:35:44,321823 [INFOR] [systemlog] 当前:2023-12-22 18:35:44已使用年度流量:2044MB、补充流量:0MB、每日流量:2044MB、日任务数:94
12-22 18:36:00,177684 [INFOR] [systemlog] 当前:2023-12-22 18:36:00已使用年度流量:2156MB、补充流量:0MB、每日流量:2156MB、日任务数:95
12-22 18:36:12,220562 [INFOR] [systemlog] 当前:2023-12-22 18:36:12已使用年度流量:2235MB、补充流量:0MB、每日流量:2235MB、日任务数:96
12-22 18:36:47,170881 [INFOR] [systemlog] 当前:2023-12-22 18:36:47已使用年度流量:2257MB、补充流量:0MB、每日流量:2257MB、日任务数:97
12-22 18:36:53,647243 [INFOR] [systemlog] 当前:2023-12-22 18:36:53已使用年度流量:2273MB、补充流量:0MB、每日流量:2273MB、日任务数:98
12-22 18:36:55,783764 [INFOR] [systemlog] 当前:2023-12-22 18:36:55已使用年度流量:2273MB、补充流量:0MB、每日流量:2273MB、日任务数:99
12-22 18:36:58,260583 [INFOR] [systemlog] 当前:2023-12-22 18:36:58已使用年度流量:2274MB、补充流量:0MB、每日流量:2274MB、日任务数:100
12-22 18:36:59,752131 [INFOR] [systemlog] 当前:2023-12-22 18:36:59已使用年度流量:2274MB、补充流量:0MB、每日流量:2274MB、日任务数:101
12-22 18:37:01,641543 [INFOR] [systemlog] 当前:2023-12-22 18:37:01已使用年度流量:2274MB、补充流量:0MB、每日流量:2274MB、日任务数:102
12-22 18:37:03,125536 [INFOR] [systemlog] 当前:2023-12-22 18:37:03已使用年度流量:2275MB、补充流量:0MB、每日流量:2275MB、日任务数:103
12-22 18:37:04,308035 [INFOR] [systemlog] 当前:2023-12-22 18:37:04已使用年度流量:2275MB、补充流量:0MB、每日流量:2275MB、日任务数:104
12-22 18:37:06,376497 [INFOR] [systemlog] 当前:2023-12-22 18:37:06已使用年度流量:2275MB、补充流量:0MB、每日流量:2275MB、日任务数:105
12-22 18:37:07,720030 [INFOR] [systemlog] 当前:2023-12-22 18:37:07已使用年度流量:2275MB、补充流量:0MB、每日流量:2275MB、日任务数:106
12-22 18:37:09,301896 [INFOR] [systemlog] 当前:2023-12-22 18:37:09已使用年度流量:2275MB、补充流量:0MB、每日流量:2275MB、日任务数:107
12-22 18:40:23,158258 [INFOR] [systemlog] 当前:2023-12-22 18:40:23系统使用内存:6768MB, 硬盘:111349MB
12-22 18:40:53,185290 [INFOR] [systemlog] 当前:2023-12-22 18:40:53系统使用内存:5955MB, 硬盘:111333MB
12-22 18:42:23,903763 [INFOR] [systemlog] 当前:2023-12-22 18:42:23已使用年度流量:2275MB、补充流量:0MB、每日流量:2275MB、日任务数:108
12-22 18:42:25,328365 [INFOR] [systemlog] 当前:2023-12-22 18:42:25已使用年度流量:2275MB、补充流量:0MB、每日流量:2275MB、日任务数:109
12-22 18:42:26,750009 [INFOR] [systemlog] 当前:2023-12-22 18:42:26已使用年度流量:2275MB、补充流量:0MB、每日流量:2275MB、日任务数:110
12-22 18:42:28,429035 [INFOR] [systemlog] 当前:2023-12-22 18:42:28已使用年度流量:2275MB、补充流量:0MB、每日流量:2275MB、日任务数:111
12-22 18:42:29,677412 [INFOR] [systemlog] 当前:2023-12-22 18:42:29已使用年度流量:2275MB、补充流量:0MB、每日流量:2275MB、日任务数:112
12-22 18:42:31,318975 [INFOR] [systemlog] 当前:2023-12-22 18:42:31已使用年度流量:2275MB、补充流量:0MB、每日流量:2275MB、日任务数:113
12-22 18:42:32,669559 [INFOR] [systemlog] 当前:2023-12-22 18:42:32已使用年度流量:2276MB、补充流量:0MB、每日流量:2276MB、日任务数:114
12-22 18:42:34,675270 [INFOR] [systemlog] 当前:2023-12-22 18:42:34已使用年度流量:2276MB、补充流量:0MB、每日流量:2276MB、日任务数:115
12-22 18:42:36,206631 [INFOR] [systemlog] 当前:2023-12-22 18:42:36已使用年度流量:2277MB、补充流量:0MB、每日流量:2277MB、日任务数:116
12-22 18:42:37,545004 [INFOR] [systemlog] 当前:2023-12-22 18:42:37已使用年度流量:2277MB、补充流量:0MB、每日流量:2277MB、日任务数:117
12-22 18:42:38,876797 [INFOR] [systemlog] 当前:2023-12-22 18:42:38已使用年度流量:2278MB、补充流量:0MB、每日流量:2278MB、日任务数:118
12-22 18:42:41,720121 [INFOR] [systemlog] 当前:2023-12-22 18:42:41已使用年度流量:2278MB、补充流量:0MB、每日流量:2278MB、日任务数:119
12-22 18:42:43,095745 [INFOR] [systemlog] 当前:2023-12-22 18:42:43已使用年度流量:2278MB、补充流量:0MB、每日流量:2278MB、日任务数:120
12-22 18:42:44,408516 [INFOR] [systemlog] 当前:2023-12-22 18:42:44已使用年度流量:2278MB、补充流量:0MB、每日流量:2278MB、日任务数:121
12-22 18:42:46,715527 [INFOR] [systemlog] 当前:2023-12-22 18:42:46已使用年度流量:2278MB、补充流量:0MB、每日流量:2278MB、日任务数:122
12-22 18:42:47,999844 [INFOR] [systemlog] 当前:2023-12-22 18:42:47已使用年度流量:2278MB、补充流量:0MB、每日流量:2278MB、日任务数:123
12-22 18:42:49,288017 [INFOR] [systemlog] 当前:2023-12-22 18:42:49已使用年度流量:2278MB、补充流量:0MB、每日流量:2278MB、日任务数:124
12-22 18:42:50,619956 [INFOR] [systemlog] 当前:2023-12-22 18:42:50已使用年度流量:2279MB、补充流量:0MB、每日流量:2279MB、日任务数:125
12-22 18:42:52,879978 [INFOR] [systemlog] 当前:2023-12-22 18:42:52已使用年度流量:2279MB、补充流量:0MB、每日流量:2279MB、日任务数:126
12-22 18:42:54,682591 [INFOR] [systemlog] 当前:2023-12-22 18:42:54已使用年度流量:2279MB、补充流量:0MB、每日流量:2279MB、日任务数:127
12-22 18:42:56,036004 [INFOR] [systemlog] 当前:2023-12-22 18:42:56已使用年度流量:2279MB、补充流量:0MB、每日流量:2279MB、日任务数:128
12-22 18:42:58,051509 [INFOR] [systemlog] 当前:2023-12-22 18:42:58已使用年度流量:2279MB、补充流量:0MB、每日流量:2279MB、日任务数:129
12-22 18:42:59,479333 [INFOR] [systemlog] 当前:2023-12-22 18:42:59已使用年度流量:2279MB、补充流量:0MB、每日流量:2279MB、日任务数:130
12-22 18:43:01,086254 [INFOR] [systemlog] 当前:2023-12-22 18:43:01已使用年度流量:2279MB、补充流量:0MB、每日流量:2279MB、日任务数:131
12-22 18:43:02,378568 [INFOR] [systemlog] 当前:2023-12-22 18:43:02已使用年度流量:2279MB、补充流量:0MB、每日流量:2279MB、日任务数:132
12-22 18:43:03,745303 [INFOR] [systemlog] 当前:2023-12-22 18:43:03已使用年度流量:2279MB、补充流量:0MB、每日流量:2279MB、日任务数:133
12-22 18:43:05,498353 [INFOR] [systemlog] 当前:2023-12-22 18:43:05已使用年度流量:2279MB、补充流量:0MB、每日流量:2279MB、日任务数:134
12-22 18:43:06,762310 [INFOR] [systemlog] 当前:2023-12-22 18:43:06已使用年度流量:2279MB、补充流量:0MB、每日流量:2279MB、日任务数:135
12-22 18:43:09,438641 [INFOR] [systemlog] 当前:2023-12-22 18:43:09已使用年度流量:2279MB、补充流量:0MB、每日流量:2279MB、日任务数:136
12-22 18:43:10,723522 [INFOR] [systemlog] 当前:2023-12-22 18:43:10已使用年度流量:2279MB、补充流量:0MB、每日流量:2279MB、日任务数:137
12-22 18:43:12,008371 [INFOR] [systemlog] 当前:2023-12-22 18:43:12已使用年度流量:2279MB、补充流量:0MB、每日流量:2279MB、日任务数:138
12-22 18:43:14,272887 [INFOR] [systemlog] 当前:2023-12-22 18:43:14已使用年度流量:2279MB、补充流量:0MB、每日流量:2279MB、日任务数:139
12-22 18:43:16,128485 [INFOR] [systemlog] 当前:2023-12-22 18:43:16已使用年度流量:2279MB、补充流量:0MB、每日流量:2279MB、日任务数:140
12-22 18:43:18,017833 [INFOR] [systemlog] 当前:2023-12-22 18:43:18已使用年度流量:2279MB、补充流量:0MB、每日流量:2279MB、日任务数:141
12-22 18:43:19,395761 [INFOR] [systemlog] 当前:2023-12-22 18:43:19已使用年度流量:2279MB、补充流量:0MB、每日流量:2279MB、日任务数:142
12-22 18:43:21,550554 [INFOR] [systemlog] 当前:2023-12-22 18:43:21已使用年度流量:2279MB、补充流量:0MB、每日流量:2279MB、日任务数:143
12-22 18:43:23,336135 [INFOR] [systemlog] 当前:2023-12-22 18:43:23已使用年度流量:2279MB、补充流量:0MB、每日流量:2279MB、日任务数:144
12-22 18:43:24,795327 [INFOR] [systemlog] 当前:2023-12-22 18:43:24已使用年度流量:2280MB、补充流量:0MB、每日流量:2280MB、日任务数:145
12-22 18:43:26,413970 [INFOR] [systemlog] 当前:2023-12-22 18:43:26已使用年度流量:2280MB、补充流量:0MB、每日流量:2280MB、日任务数:146
12-22 18:43:29,476413 [INFOR] [systemlog] 当前:2023-12-22 18:43:29已使用年度流量:2281MB、补充流量:0MB、每日流量:2281MB、日任务数:147
12-22 18:43:30,885406 [INFOR] [systemlog] 当前:2023-12-22 18:43:30已使用年度流量:2282MB、补充流量:0MB、每日流量:2282MB、日任务数:148
12-22 18:43:32,104885 [INFOR] [systemlog] 当前:2023-12-22 18:43:32已使用年度流量:2282MB、补充流量:0MB、每日流量:2282MB、日任务数:149
12-22 18:43:33,933016 [INFOR] [systemlog] 当前:2023-12-22 18:43:33已使用年度流量:2291MB、补充流量:0MB、每日流量:2291MB、日任务数:150
12-22 18:43:35,249903 [INFOR] [systemlog] 当前:2023-12-22 18:43:35已使用年度流量:2291MB、补充流量:0MB、每日流量:2291MB、日任务数:151
12-22 18:43:36,392271 [INFOR] [systemlog] 当前:2023-12-22 18:43:36已使用年度流量:2291MB、补充流量:0MB、每日流量:2291MB、日任务数:152
12-22 18:43:37,371441 [INFOR] [systemlog] 当前:2023-12-22 18:43:37已使用年度流量:2291MB、补充流量:0MB、每日流量:2291MB、日任务数:153
12-22 18:43:38,503891 [INFOR] [systemlog] 当前:2023-12-22 18:43:38已使用年度流量:2291MB、补充流量:0MB、每日流量:2291MB、日任务数:154
12-22 18:43:39,656179 [INFOR] [systemlog] 当前:2023-12-22 18:43:39已使用年度流量:2291MB、补充流量:0MB、每日流量:2291MB、日任务数:155
12-22 18:43:41,570912 [INFOR] [systemlog] 当前:2023-12-22 18:43:41已使用年度流量:2291MB、补充流量:0MB、每日流量:2291MB、日任务数:156
12-22 18:43:44,665338 [INFOR] [systemlog] 当前:2023-12-22 18:43:44已使用年度流量:2291MB、补充流量:0MB、每日流量:2291MB、日任务数:157
12-22 18:43:47,118375 [INFOR] [systemlog] 当前:2023-12-22 18:43:47已使用年度流量:2291MB、补充流量:0MB、每日流量:2291MB、日任务数:158
12-22 18:43:48,684166 [INFOR] [systemlog] 当前:2023-12-22 18:43:48已使用年度流量:2291MB、补充流量:0MB、每日流量:2291MB、日任务数:159
12-22 18:43:50,604682 [INFOR] [systemlog] 当前:2023-12-22 18:43:50已使用年度流量:2291MB、补充流量:0MB、每日流量:2291MB、日任务数:160
12-22 18:43:52,135748 [INFOR] [systemlog] 当前:2023-12-22 18:43:52已使用年度流量:2291MB、补充流量:0MB、每日流量:2291MB、日任务数:161
12-22 18:43:53,942630 [INFOR] [systemlog] 当前:2023-12-22 18:43:53已使用年度流量:2291MB、补充流量:0MB、每日流量:2291MB、日任务数:162
12-22 18:43:55,497205 [INFOR] [systemlog] 当前:2023-12-22 18:43:55已使用年度流量:2291MB、补充流量:0MB、每日流量:2291MB、日任务数:163
12-22 18:43:56,969873 [INFOR] [systemlog] 当前:2023-12-22 18:43:56已使用年度流量:2292MB、补充流量:0MB、每日流量:2292MB、日任务数:164
12-22 18:43:58,388640 [INFOR] [systemlog] 当前:2023-12-22 18:43:58已使用年度流量:2292MB、补充流量:0MB、每日流量:2292MB、日任务数:165
12-22 18:44:00,022588 [INFOR] [systemlog] 当前:2023-12-22 18:44:00已使用年度流量:2292MB、补充流量:0MB、每日流量:2292MB、日任务数:166
12-22 18:44:01,321843 [INFOR] [systemlog] 当前:2023-12-22 18:44:01已使用年度流量:2292MB、补充流量:0MB、每日流量:2292MB、日任务数:167
12-22 18:44:03,673817 [INFOR] [systemlog] 当前:2023-12-22 18:44:03已使用年度流量:2295MB、补充流量:0MB、每日流量:2295MB、日任务数:168
12-22 18:44:05,627910 [INFOR] [systemlog] 当前:2023-12-22 18:44:05已使用年度流量:2295MB、补充流量:0MB、每日流量:2295MB、日任务数:169
12-22 18:44:06,800112 [INFOR] [systemlog] 当前:2023-12-22 18:44:06已使用年度流量:2295MB、补充流量:0MB、每日流量:2295MB、日任务数:170
12-22 18:44:07,913861 [INFOR] [systemlog] 当前:2023-12-22 18:44:07已使用年度流量:2295MB、补充流量:0MB、每日流量:2295MB、日任务数:171
12-22 18:44:10,898156 [INFOR] [systemlog] 当前:2023-12-22 18:44:10已使用年度流量:2299MB、补充流量:0MB、每日流量:2299MB、日任务数:172
12-22 18:44:13,274097 [INFOR] [systemlog] 当前:2023-12-22 18:44:13已使用年度流量:2301MB、补充流量:0MB、每日流量:2301MB、日任务数:173
12-22 18:44:16,108892 [INFOR] [systemlog] 当前:2023-12-22 18:44:16已使用年度流量:2308MB、补充流量:0MB、每日流量:2308MB、日任务数:174
12-22 18:44:17,769287 [INFOR] [systemlog] 当前:2023-12-22 18:44:17已使用年度流量:2308MB、补充流量:0MB、每日流量:2308MB、日任务数:175
12-22 18:44:19,204975 [INFOR] [systemlog] 当前:2023-12-22 18:44:19已使用年度流量:2308MB、补充流量:0MB、每日流量:2308MB、日任务数:176
12-22 18:44:20,946139 [INFOR] [systemlog] 当前:2023-12-22 18:44:20已使用年度流量:2308MB、补充流量:0MB、每日流量:2308MB、日任务数:177
12-22 18:44:23,434117 [INFOR] [systemlog] 当前:2023-12-22 18:44:23已使用年度流量:2308MB、补充流量:0MB、每日流量:2308MB、日任务数:178
12-22 18:44:24,716689 [INFOR] [systemlog] 当前:2023-12-22 18:44:24已使用年度流量:2308MB、补充流量:0MB、每日流量:2308MB、日任务数:179
12-22 18:44:25,840417 [INFOR] [systemlog] 当前:2023-12-22 18:44:25已使用年度流量:2308MB、补充流量:0MB、每日流量:2308MB、日任务数:180
12-22 18:44:27,264566 [INFOR] [systemlog] 当前:2023-12-22 18:44:27已使用年度流量:2308MB、补充流量:0MB、每日流量:2308MB、日任务数:181
12-22 18:44:28,285843 [INFOR] [systemlog] 当前:2023-12-22 18:44:28已使用年度流量:2308MB、补充流量:0MB、每日流量:2308MB、日任务数:182
12-22 18:44:29,399611 [INFOR] [systemlog] 当前:2023-12-22 18:44:29已使用年度流量:2308MB、补充流量:0MB、每日流量:2308MB、日任务数:183
12-22 18:44:30,562796 [INFOR] [systemlog] 当前:2023-12-22 18:44:30已使用年度流量:2308MB、补充流量:0MB、每日流量:2308MB、日任务数:184
12-22 18:44:32,881148 [INFOR] [systemlog] 当前:2023-12-22 18:44:32已使用年度流量:2308MB、补充流量:0MB、每日流量:2308MB、日任务数:185
12-22 18:44:33,855252 [INFOR] [systemlog] 当前:2023-12-22 18:44:33已使用年度流量:2308MB、补充流量:0MB、每日流量:2308MB、日任务数:186
12-22 18:44:34,780957 [INFOR] [systemlog] 当前:2023-12-22 18:44:34已使用年度流量:2308MB、补充流量:0MB、每日流量:2308MB、日任务数:187
12-22 18:44:35,931470 [INFOR] [systemlog] 当前:2023-12-22 18:44:35已使用年度流量:2309MB、补充流量:0MB、每日流量:2309MB、日任务数:188
12-22 18:44:37,222198 [INFOR] [systemlog] 当前:2023-12-22 18:44:37已使用年度流量:2309MB、补充流量:0MB、每日流量:2309MB、日任务数:189
12-22 18:44:39,897948 [INFOR] [systemlog] 当前:2023-12-22 18:44:39已使用年度流量:2309MB、补充流量:0MB、每日流量:2309MB、日任务数:190
12-22 18:44:41,510337 [INFOR] [systemlog] 当前:2023-12-22 18:44:41已使用年度流量:2309MB、补充流量:0MB、每日流量:2309MB、日任务数:191
12-22 18:44:43,739149 [INFOR] [systemlog] 当前:2023-12-22 18:44:43已使用年度流量:2309MB、补充流量:0MB、每日流量:2309MB、日任务数:192
12-22 18:44:45,266485 [INFOR] [systemlog] 当前:2023-12-22 18:44:45已使用年度流量:2311MB、补充流量:0MB、每日流量:2311MB、日任务数:193
12-22 18:44:46,613442 [INFOR] [systemlog] 当前:2023-12-22 18:44:46已使用年度流量:2311MB、补充流量:0MB、每日流量:2311MB、日任务数:194
12-22 18:44:49,720964 [INFOR] [systemlog] 当前:2023-12-22 18:44:49已使用年度流量:2311MB、补充流量:0MB、每日流量:2311MB、日任务数:195
12-22 18:44:51,666012 [INFOR] [systemlog] 当前:2023-12-22 18:44:51已使用年度流量:2311MB、补充流量:0MB、每日流量:2311MB、日任务数:196
12-22 18:44:53,749150 [INFOR] [systemlog] 当前:2023-12-22 18:44:53已使用年度流量:2319MB、补充流量:0MB、每日流量:2319MB、日任务数:197
12-22 18:44:55,489038 [INFOR] [systemlog] 当前:2023-12-22 18:44:55已使用年度流量:2319MB、补充流量:0MB、每日流量:2319MB、日任务数:198
12-22 18:44:57,166029 [INFOR] [systemlog] 当前:2023-12-22 18:44:57已使用年度流量:2321MB、补充流量:0MB、每日流量:2321MB、日任务数:199
12-22 18:44:58,341640 [INFOR] [systemlog] 当前:2023-12-22 18:44:58已使用年度流量:2321MB、补充流量:0MB、每日流量:2321MB、日任务数:200
12-22 18:44:59,577741 [INFOR] [systemlog] 当前:2023-12-22 18:44:59已使用年度流量:2321MB、补充流量:0MB、每日流量:2321MB、日任务数:201
12-22 18:45:03,431264 [INFOR] [systemlog] 当前:2023-12-22 18:45:03已使用年度流量:2321MB、补充流量:0MB、每日流量:2321MB、日任务数:202
12-22 18:45:05,434644 [INFOR] [systemlog] 当前:2023-12-22 18:45:05已使用年度流量:2321MB、补充流量:0MB、每日流量:2321MB、日任务数:203
12-22 18:45:10,037963 [INFOR] [systemlog] 当前:2023-12-22 18:45:10已使用年度流量:2323MB、补充流量:0MB、每日流量:2323MB、日任务数:204
12-22 18:45:23,170631 [INFOR] [systemlog] 当前:2023-12-22 18:45:23系统使用内存:6707MB, 硬盘:111720MB
12-22 18:45:24,492230 [INFOR] [systemlog] 当前:2023-12-22 18:45:24已使用年度流量:2431MB、补充流量:0MB、每日流量:2431MB、日任务数:205
12-22 18:46:23,173967 [INFOR] [systemlog] 当前:2023-12-22 18:46:23系统使用内存:5988MB, 硬盘:112290MB
12-22 18:47:10,117299 [INFOR] [systemlog] 当前:2023-12-22 18:47:10已使用年度流量:3503MB、补充流量:0MB、每日流量:3503MB、日任务数:206
12-22 18:47:21,087116 [INFOR] [systemlog] 当前:2023-12-22 18:47:21已使用年度流量:3507MB、补充流量:0MB、每日流量:3507MB、日任务数:207
12-22 18:47:33,178950 [INFOR] [systemlog] 当前:2023-12-22 18:47:33已使用年度流量:3511MB、补充流量:0MB、每日流量:3511MB、日任务数:208
12-22 18:47:43,216803 [INFOR] [systemlog] 当前:2023-12-22 18:47:43已使用年度流量:3515MB、补充流量:0MB、每日流量:3515MB、日任务数:209
12-22 18:47:45,211724 [INFOR] [systemlog] 当前:2023-12-22 18:47:45已使用年度流量:3519MB、补充流量:0MB、每日流量:3519MB、日任务数:210
12-22 18:48:23,181388 [INFOR] [systemlog] 当前:2023-12-22 18:48:23系统使用内存:7086MB, 硬盘:112612MB
12-22 18:48:53,172333 [INFOR] [systemlog] 当前:2023-12-22 18:48:53系统使用内存:6079MB, 硬盘:112598MB
12-22 18:49:23,168013 [INFOR] [systemlog] 当前:2023-12-22 18:49:23系统使用内存:6827MB, 硬盘:112604MB
12-22 18:50:53,165451 [INFOR] [systemlog] 当前:2023-12-22 18:50:53系统使用内存:8554MB, 硬盘:112616MB
12-22 18:51:23,212428 [INFOR] [systemlog] 当前:2023-12-22 18:51:23系统使用内存:7278MB, 硬盘:112599MB
12-22 18:51:53,169909 [INFOR] [systemlog] 当前:2023-12-22 18:51:53系统使用内存:8119MB, 硬盘:112622MB
12-22 18:54:53,193085 [INFOR] [systemlog] 当前:2023-12-22 18:54:53系统使用内存:9382MB, 硬盘:112625MB
12-22 18:55:23,167136 [INFOR] [systemlog] 当前:2023-12-22 18:55:23系统使用内存:7840MB, 硬盘:112618MB
12-22 18:57:53,180123 [INFOR] [systemlog] 当前:2023-12-22 18:57:53系统使用内存:9118MB, 硬盘:112649MB
12-22 18:58:53,175885 [INFOR] [systemlog] 当前:2023-12-22 18:58:53系统使用内存:7533MB, 硬盘:112626MB
12-22 18:59:23,171723 [INFOR] [systemlog] 当前:2023-12-22 18:59:23系统使用内存:6561MB, 硬盘:112620MB
12-22 18:59:53,159083 [INFOR] [systemlog] 当前:2023-12-22 18:59:53系统使用内存:7837MB, 硬盘:112639MB
12-22 19:02:23,156486 [INFOR] [systemlog] 当前:2023-12-22 19:02:23系统使用内存:9141MB, 硬盘:112745MB
12-22 19:03:23,176121 [INFOR] [systemlog] 当前:2023-12-22 19:03:23系统使用内存:8024MB, 硬盘:112682MB
12-22 19:04:23,178164 [INFOR] [systemlog] 当前:2023-12-22 19:04:23系统使用内存:7075MB, 硬盘:112681MB
12-22 19:04:53,162054 [INFOR] [systemlog] 当前:2023-12-22 19:04:53系统使用内存:8414MB, 硬盘:112682MB
12-22 19:05:53,174231 [INFOR] [systemlog] 当前:2023-12-22 19:05:53系统使用内存:10904MB, 硬盘:112655MB
12-22 19:08:23,171894 [INFOR] [systemlog] 当前:2023-12-22 19:08:23系统使用内存:9807MB, 硬盘:112637MB
12-22 19:08:53,172067 [INFOR] [systemlog] 当前:2023-12-22 19:08:53系统使用内存:10812MB, 硬盘:112661MB
12-22 19:11:53,162901 [INFOR] [systemlog] 当前:2023-12-22 19:11:53系统使用内存:12212MB, 硬盘:112683MB
12-22 19:12:53,163671 [INFOR] [systemlog] 当前:2023-12-22 19:12:53系统使用内存:8482MB, 硬盘:112685MB
12-22 19:13:23,175738 [INFOR] [systemlog] 当前:2023-12-22 19:13:23系统使用内存:10133MB, 硬盘:112687MB
12-22 19:14:23,175714 [INFOR] [systemlog] 当前:2023-12-22 19:14:23系统使用内存:8828MB, 硬盘:112716MB
12-22 19:14:53,172403 [INFOR] [systemlog] 当前:2023-12-22 19:14:53系统使用内存:10139MB, 硬盘:112820MB
12-22 19:15:53,172554 [INFOR] [systemlog] 当前:2023-12-22 19:15:53系统使用内存:11466MB, 硬盘:112799MB
12-22 19:16:23,237193 [INFOR] [systemlog] 当前:2023-12-22 19:16:23系统使用内存:16066MB, 硬盘:112827MB
12-22 19:18:23,174600 [INFOR] [systemlog] 当前:2023-12-22 19:18:23系统使用内存:17722MB, 硬盘:112762MB
12-22 19:19:23,285827 [INFOR] [systemlog] 当前:2023-12-22 19:19:23系统使用内存:20808MB, 硬盘:112766MB
12-22 19:21:53,175323 [INFOR] [systemlog] 当前:2023-12-22 19:21:53系统使用内存:15908MB, 硬盘:112693MB
12-22 19:22:53,223748 [INFOR] [systemlog] 当前:2023-12-22 19:22:53系统使用内存:11891MB, 硬盘:111625MB
12-22 19:23:53,172966 [INFOR] [systemlog] 当前:2023-12-22 19:23:53系统使用内存:8683MB, 硬盘:111618MB
12-22 19:25:23,167266 [INFOR] [systemlog] 当前:2023-12-22 19:25:23系统使用内存:9585MB, 硬盘:111702MB
12-22 19:25:53,169285 [INFOR] [systemlog] 当前:2023-12-22 19:25:53系统使用内存:6652MB, 硬盘:111682MB
12-22 19:26:53,175076 [INFOR] [systemlog] 当前:2023-12-22 19:26:53系统使用内存:5494MB, 硬盘:111780MB
12-22 19:27:23,180231 [INFOR] [systemlog] 当前:2023-12-22 19:27:23系统使用内存:6231MB, 硬盘:111808MB
12-22 19:28:23,166372 [INFOR] [systemlog] 当前:2023-12-22 19:28:23系统使用内存:8653MB, 硬盘:111808MB
12-22 19:28:53,181684 [INFOR] [systemlog] 当前:2023-12-22 19:28:53系统使用内存:10156MB, 硬盘:111817MB
12-22 19:29:23,157717 [INFOR] [systemlog] 当前:2023-12-22 19:29:23系统使用内存:8301MB, 硬盘:111799MB
12-22 19:29:53,165590 [INFOR] [systemlog] 当前:2023-12-22 19:29:53系统使用内存:6713MB, 硬盘:111796MB
12-22 19:30:53,172574 [INFOR] [systemlog] 当前:2023-12-22 19:30:53系统使用内存:5785MB, 硬盘:111775MB
12-22 19:31:53,167248 [INFOR] [systemlog] 当前:2023-12-22 19:31:53系统使用内存:6445MB, 硬盘:111796MB
12-22 19:36:53,161747 [INFOR] [systemlog] 当前:2023-12-22 19:36:53系统使用内存:7111MB, 硬盘:111818MB
12-22 19:37:53,165309 [INFOR] [systemlog] 当前:2023-12-22 19:37:53系统使用内存:8006MB, 硬盘:111796MB
12-22 19:38:23,180418 [INFOR] [systemlog] 当前:2023-12-22 19:38:23系统使用内存:5939MB, 硬盘:111790MB
12-22 19:38:53,162569 [INFOR] [systemlog] 当前:2023-12-22 19:38:53系统使用内存:6582MB, 硬盘:111809MB
12-22 19:41:23,182636 [INFOR] [systemlog] 当前:2023-12-22 19:41:23系统使用内存:7444MB, 硬盘:111851MB
12-22 19:41:53,184722 [INFOR] [systemlog] 当前:2023-12-22 19:41:53系统使用内存:10894MB, 硬盘:111806MB
12-22 19:43:23,182403 [INFOR] [systemlog] 当前:2023-12-22 19:43:23系统使用内存:12194MB, 硬盘:111818MB
12-22 19:45:53,178462 [INFOR] [systemlog] 当前:2023-12-22 19:45:53系统使用内存:10925MB, 硬盘:111837MB
12-22 19:46:23,179951 [INFOR] [systemlog] 当前:2023-12-22 19:46:23系统使用内存:12659MB, 硬盘:112134MB
12-22 19:47:23,175062 [INFOR] [systemlog] 当前:2023-12-22 19:47:23系统使用内存:11382MB, 硬盘:112158MB
12-22 19:50:53,158718 [INFOR] [systemlog] 当前:2023-12-22 19:50:53系统使用内存:9095MB, 硬盘:112429MB
12-22 19:51:53,171273 [INFOR] [systemlog] 当前:2023-12-22 19:51:53系统使用内存:11652MB, 硬盘:112486MB
12-22 19:53:23,168743 [INFOR] [systemlog] 当前:2023-12-22 19:53:23系统使用内存:9175MB, 硬盘:112497MB
12-22 19:53:53,169457 [INFOR] [systemlog] 当前:2023-12-22 19:53:53系统使用内存:11491MB, 硬盘:112531MB
12-22 19:54:53,171523 [INFOR] [systemlog] 当前:2023-12-22 19:54:53系统使用内存:12975MB, 硬盘:112575MB
12-22 19:55:23,165138 [INFOR] [systemlog] 当前:2023-12-22 19:55:23系统使用内存:10724MB, 硬盘:112315MB
12-22 19:55:53,165500 [INFOR] [systemlog] 当前:2023-12-22 19:55:53系统使用内存:15963MB, 硬盘:112320MB
12-22 19:56:23,165817 [INFOR] [systemlog] 当前:2023-12-22 19:56:23系统使用内存:18182MB, 硬盘:112327MB
12-22 19:59:53,183711 [INFOR] [systemlog] 当前:2023-12-22 19:59:53系统使用内存:21046MB, 硬盘:112119MB
12-22 20:00:53,170388 [INFOR] [systemlog] 当前:2023-12-22 20:00:53系统使用内存:18869MB, 硬盘:112126MB
12-22 20:03:23,188429 [INFOR] [systemlog] 当前:2023-12-22 20:03:23系统使用内存:14709MB, 硬盘:112125MB
12-22 20:03:53,172965 [INFOR] [systemlog] 当前:2023-12-22 20:03:53系统使用内存:10766MB, 硬盘:112125MB
12-22 20:06:53,191025 [INFOR] [systemlog] 当前:2023-12-22 20:06:53系统使用内存:7652MB, 硬盘:112140MB
12-22 20:07:23,174302 [INFOR] [systemlog] 当前:2023-12-22 20:07:23系统使用内存:9073MB, 硬盘:112136MB
12-22 20:07:53,175261 [INFOR] [systemlog] 当前:2023-12-22 20:07:53系统使用内存:6267MB, 硬盘:112117MB
12-22 20:08:23,171039 [INFOR] [systemlog] 当前:2023-12-22 20:08:23系统使用内存:7312MB, 硬盘:111878MB
12-22 20:08:53,187787 [INFOR] [systemlog] 当前:2023-12-22 20:08:53系统使用内存:8873MB, 硬盘:111938MB
12-22 20:09:23,187962 [INFOR] [systemlog] 当前:2023-12-22 20:09:23系统使用内存:6557MB, 硬盘:111889MB
12-22 20:09:53,218215 [INFOR] [systemlog] 当前:2023-12-22 20:09:53系统使用内存:8670MB, 硬盘:111919MB
12-22 20:10:23,183828 [INFOR] [systemlog] 当前:2023-12-22 20:10:23系统使用内存:11075MB, 硬盘:111929MB
12-22 20:10:53,176167 [INFOR] [systemlog] 当前:2023-12-22 20:10:53系统使用内存:9928MB, 硬盘:111924MB
12-22 20:14:23,170255 [INFOR] [systemlog] 当前:2023-12-22 20:14:23系统使用内存:11542MB, 硬盘:111962MB
12-22 20:15:23,178620 [INFOR] [systemlog] 当前:2023-12-22 20:15:23系统使用内存:9923MB, 硬盘:111931MB
12-22 20:16:23,184252 [INFOR] [systemlog] 当前:2023-12-22 20:16:23系统使用内存:10939MB, 硬盘:111950MB
12-22 20:17:53,181561 [INFOR] [systemlog] 当前:2023-12-22 20:17:53系统使用内存:5988MB, 硬盘:111929MB
12-22 20:19:23,183865 [INFOR] [systemlog] 当前:2023-12-22 20:19:23系统使用内存:6988MB, 硬盘:111944MB
12-22 20:21:23,166658 [INFOR] [systemlog] 当前:2023-12-22 20:21:23系统使用内存:8552MB, 硬盘:111977MB
12-22 20:21:53,170070 [INFOR] [systemlog] 当前:2023-12-22 20:21:53系统使用内存:7325MB, 硬盘:111957MB
12-22 20:22:53,184711 [INFOR] [systemlog] 当前:2023-12-22 20:22:53系统使用内存:5748MB, 硬盘:111927MB
12-22 20:23:23,174717 [INFOR] [systemlog] 当前:2023-12-22 20:23:23系统使用内存:7883MB, 硬盘:111954MB
12-22 20:24:53,180195 [INFOR] [systemlog] 当前:2023-12-22 20:24:53系统使用内存:6960MB, 硬盘:111972MB
12-22 20:25:53,185995 [INFOR] [systemlog] 当前:2023-12-22 20:25:53系统使用内存:7715MB, 硬盘:111974MB
12-22 20:26:23,178234 [INFOR] [systemlog] 当前:2023-12-22 20:26:23系统使用内存:8668MB, 硬盘:112310MB
12-22 20:26:53,187683 [INFOR] [systemlog] 当前:2023-12-22 20:26:53系统使用内存:10415MB, 硬盘:112728MB
12-22 20:27:23,163749 [INFOR] [systemlog] 当前:2023-12-22 20:27:23系统使用内存:11920MB, 硬盘:113572MB
12-22 20:33:23,176061 [INFOR] [systemlog] 当前:2023-12-22 20:33:23系统使用内存:6452MB, 硬盘:113874MB
12-22 20:33:53,182580 [INFOR] [systemlog] 当前:2023-12-22 20:33:53系统使用内存:7740MB, 硬盘:113884MB
12-22 20:34:53,175970 [INFOR] [systemlog] 当前:2023-12-22 20:34:53系统使用内存:6657MB, 硬盘:113902MB
12-22 20:35:53,175906 [INFOR] [systemlog] 当前:2023-12-22 20:35:53系统使用内存:7471MB, 硬盘:113919MB
12-22 20:37:53,171198 [INFOR] [systemlog] 当前:2023-12-22 20:37:53系统使用内存:11125MB, 硬盘:113920MB
12-22 20:38:23,171586 [INFOR] [systemlog] 当前:2023-12-22 20:38:23系统使用内存:6841MB, 硬盘:113899MB
12-22 20:40:53,165389 [INFOR] [systemlog] 当前:2023-12-22 20:40:53系统使用内存:7611MB, 硬盘:113929MB
12-22 20:42:23,165547 [INFOR] [systemlog] 当前:2023-12-22 20:42:23系统使用内存:8909MB, 硬盘:113936MB
12-22 20:44:23,182855 [INFOR] [systemlog] 当前:2023-12-22 20:44:23系统使用内存:10135MB, 硬盘:113940MB
12-22 20:50:53,256411 [INFOR] [systemlog] 当前:2023-12-22 20:50:53系统使用内存:8407MB, 硬盘:114468MB
12-22 20:52:23,182334 [INFOR] [systemlog] 当前:2023-12-22 20:52:23系统使用内存:7302MB, 硬盘:114859MB
12-22 20:52:53,167280 [INFOR] [systemlog] 当前:2023-12-22 20:52:53系统使用内存:8107MB, 硬盘:114910MB
12-22 20:53:23,178985 [INFOR] [systemlog] 当前:2023-12-22 20:53:23系统使用内存:7254MB, 硬盘:114922MB
12-22 20:53:53,162128 [INFOR] [systemlog] 当前:2023-12-22 20:53:53系统使用内存:8313MB, 硬盘:114988MB
12-22 20:56:23,168036 [INFOR] [systemlog] 当前:2023-12-22 20:56:23系统使用内存:9260MB, 硬盘:115110MB
12-22 20:57:23,171166 [INFOR] [systemlog] 当前:2023-12-22 20:57:23系统使用内存:10831MB, 硬盘:115149MB
12-22 20:59:23,164473 [INFOR] [systemlog] 当前:2023-12-22 20:59:23系统使用内存:9642MB, 硬盘:115235MB
12-22 21:00:53,182762 [INFOR] [systemlog] 当前:2023-12-22 21:00:53系统使用内存:8474MB, 硬盘:115264MB
12-22 21:01:53,183783 [INFOR] [systemlog] 当前:2023-12-22 21:01:53系统使用内存:9785MB, 硬盘:115301MB
12-22 21:02:53,179702 [INFOR] [systemlog] 当前:2023-12-22 21:02:53系统使用内存:11026MB, 硬盘:115319MB
12-22 21:04:53,168776 [INFOR] [systemlog] 当前:2023-12-22 21:04:53系统使用内存:9719MB, 硬盘:115262MB
12-22 21:05:53,173468 [INFOR] [systemlog] 当前:2023-12-22 21:05:53系统使用内存:10749MB, 硬盘:115402MB
12-22 21:07:53,177478 [INFOR] [systemlog] 当前:2023-12-22 21:07:53系统使用内存:11880MB, 硬盘:115608MB
12-22 21:08:23,168104 [INFOR] [systemlog] 当前:2023-12-22 21:08:23系统使用内存:14513MB, 硬盘:115612MB
12-22 21:08:53,172816 [INFOR] [systemlog] 当前:2023-12-22 21:08:53系统使用内存:16305MB, 硬盘:115710MB
12-22 21:09:53,174790 [INFOR] [systemlog] 当前:2023-12-22 21:09:53系统使用内存:13905MB, 硬盘:115787MB
12-22 21:10:53,172850 [INFOR] [systemlog] 当前:2023-12-22 21:10:53系统使用内存:15485MB, 硬盘:115900MB
12-22 21:11:23,188568 [INFOR] [systemlog] 当前:2023-12-22 21:11:23系统使用内存:18824MB, 硬盘:115909MB
12-22 21:14:23,176638 [INFOR] [systemlog] 当前:2023-12-22 21:14:23系统使用内存:15229MB, 硬盘:115682MB
12-22 21:15:23,187280 [INFOR] [systemlog] 当前:2023-12-22 21:15:23系统使用内存:17087MB, 硬盘:115799MB
12-22 21:16:53,187825 [INFOR] [systemlog] 当前:2023-12-22 21:16:53系统使用内存:14181MB, 硬盘:115791MB
12-22 21:17:53,179004 [INFOR] [systemlog] 当前:2023-12-22 21:17:53系统使用内存:18698MB, 硬盘:115905MB
12-22 21:18:23,167359 [INFOR] [systemlog] 当前:2023-12-22 21:18:23系统使用内存:16578MB, 硬盘:115657MB
12-22 21:19:23,178000 [INFOR] [systemlog] 当前:2023-12-22 21:19:23系统使用内存:18582MB, 硬盘:115847MB
12-22 21:19:53,184675 [INFOR] [systemlog] 当前:2023-12-22 21:19:53系统使用内存:13508MB, 硬盘:115810MB
12-22 21:20:23,176517 [INFOR] [systemlog] 当前:2023-12-22 21:20:23系统使用内存:17747MB, 硬盘:115981MB
12-22 21:20:53,194500 [INFOR] [systemlog] 当前:2023-12-22 21:20:53系统使用内存:20249MB, 硬盘:116020MB
12-22 21:22:53,177080 [INFOR] [systemlog] 当前:2023-12-22 21:22:53系统使用内存:22585MB, 硬盘:116067MB
12-22 21:23:53,182297 [INFOR] [systemlog] 当前:2023-12-22 21:23:53系统使用内存:17437MB, 硬盘:116081MB
12-22 21:24:53,178112 [INFOR] [systemlog] 当前:2023-12-22 21:24:53系统使用内存:14499MB, 硬盘:116065MB
12-22 21:25:53,177214 [INFOR] [systemlog] 当前:2023-12-22 21:25:53系统使用内存:16030MB, 硬盘:116133MB
12-22 21:26:23,184525 [INFOR] [systemlog] 当前:2023-12-22 21:26:23系统使用内存:18633MB, 硬盘:116134MB
12-22 21:28:23,178833 [INFOR] [systemlog] 当前:2023-12-22 21:28:23系统使用内存:14715MB, 硬盘:116179MB
12-22 21:29:53,171821 [INFOR] [systemlog] 当前:2023-12-22 21:29:53系统使用内存:19472MB, 硬盘:115838MB
12-22 21:30:23,197478 [INFOR] [systemlog] 当前:2023-12-22 21:30:23系统使用内存:22616MB, 硬盘:115574MB
12-22 21:34:53,238579 [INFOR] [systemlog] 当前:2023-12-22 21:34:53系统使用内存:25358MB, 硬盘:115697MB
12-22 21:35:23,181694 [INFOR] [systemlog] 当前:2023-12-22 21:35:23系统使用内存:22452MB, 硬盘:115680MB
12-22 21:37:53,181947 [INFOR] [systemlog] 当前:2023-12-22 21:37:53系统使用内存:19856MB, 硬盘:115663MB
12-22 21:39:23,229312 [INFOR] [systemlog] 当前:2023-12-22 21:39:23系统使用内存:16874MB, 硬盘:115797MB
12-22 21:39:53,167276 [INFOR] [systemlog] 当前:2023-12-22 21:39:53系统使用内存:13801MB, 硬盘:115866MB
12-22 21:40:53,188751 [INFOR] [systemlog] 当前:2023-12-22 21:40:53系统使用内存:17202MB, 硬盘:115876MB
12-22 21:43:23,181880 [INFOR] [systemlog] 当前:2023-12-22 21:43:23系统使用内存:19589MB, 硬盘:115961MB
12-22 21:43:53,184552 [INFOR] [systemlog] 当前:2023-12-22 21:43:53系统使用内存:22978MB, 硬盘:115968MB
12-22 21:45:23,172719 [INFOR] [systemlog] 当前:2023-12-22 21:45:23系统使用内存:18206MB, 硬盘:115979MB
12-22 21:45:53,181214 [INFOR] [systemlog] 当前:2023-12-22 21:45:53系统使用内存:21216MB, 硬盘:115894MB
12-22 21:48:53,181934 [INFOR] [systemlog] 当前:2023-12-22 21:48:53系统使用内存:18369MB, 硬盘:115841MB
12-22 21:51:23,179552 [INFOR] [systemlog] 当前:2023-12-22 21:51:23系统使用内存:12562MB, 硬盘:115810MB
12-22 21:51:53,182810 [INFOR] [systemlog] 当前:2023-12-22 21:51:53系统使用内存:16798MB, 硬盘:115793MB
12-22 21:52:23,186489 [INFOR] [systemlog] 当前:2023-12-22 21:52:23系统使用内存:20879MB, 硬盘:115889MB
12-22 21:53:53,181281 [INFOR] [systemlog] 当前:2023-12-22 21:53:53系统使用内存:17231MB, 硬盘:115941MB
12-22 21:54:23,178807 [INFOR] [systemlog] 当前:2023-12-22 21:54:23系统使用内存:19339MB, 硬盘:115952MB
12-22 21:57:23,184872 [INFOR] [systemlog] 当前:2023-12-22 21:57:23系统使用内存:16905MB, 硬盘:115836MB
12-22 21:59:23,179777 [INFOR] [systemlog] 当前:2023-12-22 21:59:23系统使用内存:20324MB, 硬盘:115893MB
12-22 21:59:53,180033 [INFOR] [systemlog] 当前:2023-12-22 21:59:53系统使用内存:13273MB, 硬盘:115918MB
12-22 22:00:53,179735 [INFOR] [systemlog] 当前:2023-12-22 22:00:53系统使用内存:11258MB, 硬盘:115904MB
12-22 22:01:23,182424 [INFOR] [systemlog] 当前:2023-12-22 22:01:23系统使用内存:15950MB, 硬盘:115969MB
12-22 22:01:53,174653 [INFOR] [systemlog] 当前:2023-12-22 22:01:53系统使用内存:20330MB, 硬盘:115962MB
12-22 22:02:23,177839 [INFOR] [systemlog] 当前:2023-12-22 22:02:23系统使用内存:14308MB, 硬盘:115800MB
12-22 22:02:53,184207 [INFOR] [systemlog] 当前:2023-12-22 22:02:53系统使用内存:17962MB, 硬盘:115927MB
12-22 22:03:23,192716 [INFOR] [systemlog] 当前:2023-12-22 22:03:23系统使用内存:22466MB, 硬盘:115915MB
12-22 22:05:23,183781 [INFOR] [systemlog] 当前:2023-12-22 22:05:23系统使用内存:25246MB, 硬盘:115869MB
12-22 22:09:23,180551 [INFOR] [systemlog] 当前:2023-12-22 22:09:23系统使用内存:19560MB, 硬盘:115729MB
12-22 22:11:53,184784 [INFOR] [systemlog] 当前:2023-12-22 22:11:53系统使用内存:23333MB, 硬盘:115834MB
12-22 22:12:53,190288 [INFOR] [systemlog] 当前:2023-12-22 22:12:53系统使用内存:10681MB, 硬盘:115584MB
12-22 22:13:23,184136 [INFOR] [systemlog] 当前:2023-12-22 22:13:23系统使用内存:14082MB, 硬盘:115741MB
12-22 22:14:23,173176 [INFOR] [systemlog] 当前:2023-12-22 22:14:23系统使用内存:15618MB, 硬盘:115714MB
12-22 22:14:53,174375 [INFOR] [systemlog] 当前:2023-12-22 22:14:53系统使用内存:17493MB, 硬盘:115760MB
12-22 22:16:23,185678 [INFOR] [systemlog] 当前:2023-12-22 22:16:23系统使用内存:20034MB, 硬盘:115726MB
12-22 22:17:53,169356 [INFOR] [systemlog] 当前:2023-12-22 22:17:53系统使用内存:23016MB, 硬盘:115730MB
12-22 22:18:23,187017 [INFOR] [systemlog] 当前:2023-12-22 22:18:23系统使用内存:17363MB, 硬盘:115731MB
12-22 22:19:23,181831 [INFOR] [systemlog] 当前:2023-12-22 22:19:23系统使用内存:21111MB, 硬盘:115734MB
12-22 22:19:53,170504 [INFOR] [systemlog] 当前:2023-12-22 22:19:53系统使用内存:17661MB, 硬盘:115735MB
12-22 22:20:23,186292 [INFOR] [systemlog] 当前:2023-12-22 22:20:23系统使用内存:21257MB, 硬盘:115737MB
12-22 22:20:53,161242 [INFOR] [systemlog] 当前:2023-12-22 22:20:53系统使用内存:18293MB, 硬盘:115738MB
12-22 22:21:23,173228 [INFOR] [systemlog] 当前:2023-12-22 22:21:23系统使用内存:21400MB, 硬盘:115741MB
12-22 22:21:53,171226 [INFOR] [systemlog] 当前:2023-12-22 22:21:53系统使用内存:16765MB, 硬盘:115686MB
12-22 22:22:23,169860 [INFOR] [systemlog] 当前:2023-12-22 22:22:23系统使用内存:21106MB, 硬盘:115738MB
12-22 22:22:53,181954 [INFOR] [systemlog] 当前:2023-12-22 22:22:53系统使用内存:17153MB, 硬盘:115689MB
12-22 22:23:23,190856 [INFOR] [systemlog] 当前:2023-12-22 22:23:23系统使用内存:8674MB, 硬盘:115645MB
12-22 22:23:53,181357 [INFOR] [systemlog] 当前:2023-12-22 22:23:53系统使用内存:10393MB, 硬盘:115792MB
12-22 22:24:23,177421 [INFOR] [systemlog] 当前:2023-12-22 22:24:23系统使用内存:13827MB, 硬盘:115772MB
12-22 22:24:53,192014 [INFOR] [systemlog] 当前:2023-12-22 22:24:53系统使用内存:15294MB, 硬盘:115902MB
12-22 22:27:23,195491 [INFOR] [systemlog] 当前:2023-12-22 22:27:23系统使用内存:17565MB, 硬盘:116215MB
12-22 22:29:23,178334 [INFOR] [systemlog] 当前:2023-12-22 22:29:23系统使用内存:21490MB, 硬盘:116349MB
12-22 22:30:23,173812 [INFOR] [systemlog] 当前:2023-12-22 22:30:23系统使用内存:18810MB, 硬盘:116388MB
12-22 22:33:53,178968 [INFOR] [systemlog] 当前:2023-12-22 22:33:53系统使用内存:15997MB, 硬盘:116218MB
12-22 22:34:53,186353 [INFOR] [systemlog] 当前:2023-12-22 22:34:53系统使用内存:13998MB, 硬盘:116129MB
12-22 22:36:53,179207 [INFOR] [systemlog] 当前:2023-12-22 22:36:53系统使用内存:8917MB, 硬盘:116202MB
12-22 22:37:23,178195 [INFOR] [systemlog] 当前:2023-12-22 22:37:23系统使用内存:12279MB, 硬盘:116427MB
12-22 22:38:23,183323 [INFOR] [systemlog] 当前:2023-12-22 22:38:23系统使用内存:13935MB, 硬盘:116452MB
12-22 22:40:23,168990 [INFOR] [systemlog] 当前:2023-12-22 22:40:23系统使用内存:15851MB, 硬盘:116594MB
12-22 22:40:53,178119 [INFOR] [systemlog] 当前:2023-12-22 22:40:53系统使用内存:13189MB, 硬盘:116546MB
12-22 22:41:23,184619 [INFOR] [systemlog] 当前:2023-12-22 22:41:23系统使用内存:14991MB, 硬盘:116549MB
12-22 22:42:23,185769 [INFOR] [systemlog] 当前:2023-12-22 22:42:23系统使用内存:12506MB, 硬盘:116588MB
12-22 22:42:53,170822 [INFOR] [systemlog] 当前:2023-12-22 22:42:53系统使用内存:15633MB, 硬盘:116637MB
12-22 22:44:23,179184 [INFOR] [systemlog] 当前:2023-12-22 22:44:23系统使用内存:13640MB, 硬盘:115988MB
12-22 22:45:23,176428 [INFOR] [systemlog] 当前:2023-12-22 22:45:23系统使用内存:11494MB, 硬盘:116138MB
12-22 22:45:53,168556 [INFOR] [systemlog] 当前:2023-12-22 22:45:53系统使用内存:13318MB, 硬盘:116041MB
12-22 22:46:23,171562 [INFOR] [systemlog] 当前:2023-12-22 22:46:23系统使用内存:16210MB, 硬盘:116068MB
12-22 22:46:53,172405 [INFOR] [systemlog] 当前:2023-12-22 22:46:53系统使用内存:17941MB, 硬盘:116072MB
12-22 22:47:23,169598 [INFOR] [systemlog] 当前:2023-12-22 22:47:23系统使用内存:15760MB, 硬盘:116021MB
12-22 22:48:23,193430 [INFOR] [systemlog] 当前:2023-12-22 22:48:23系统使用内存:13693MB, 硬盘:116075MB
12-22 22:49:23,187449 [INFOR] [systemlog] 当前:2023-12-22 22:49:23系统使用内存:11076MB, 硬盘:116117MB
12-22 22:49:53,173726 [INFOR] [systemlog] 当前:2023-12-22 22:49:53系统使用内存:12602MB, 硬盘:116187MB
12-22 22:51:23,177228 [INFOR] [systemlog] 当前:2023-12-22 22:51:23系统使用内存:15037MB, 硬盘:116368MB
12-22 22:52:23,183666 [INFOR] [systemlog] 当前:2023-12-22 22:52:23系统使用内存:17361MB, 硬盘:116302MB
12-22 22:53:53,185395 [INFOR] [systemlog] 当前:2023-12-22 22:53:53系统使用内存:19271MB, 硬盘:116339MB
12-22 22:54:53,186243 [INFOR] [systemlog] 当前:2023-12-22 22:54:53系统使用内存:15353MB, 硬盘:115972MB
12-22 22:55:23,169901 [INFOR] [systemlog] 当前:2023-12-22 22:55:23系统使用内存:18208MB, 硬盘:116061MB
12-22 22:56:23,174281 [INFOR] [systemlog] 当前:2023-12-22 22:56:23系统使用内存:14552MB, 硬盘:115980MB
12-22 22:56:53,163599 [INFOR] [systemlog] 当前:2023-12-22 22:56:53系统使用内存:18364MB, 硬盘:115989MB
12-22 22:59:23,172301 [INFOR] [systemlog] 当前:2023-12-22 22:59:23系统使用内存:13668MB, 硬盘:115834MB
12-22 23:00:23,175568 [INFOR] [systemlog] 当前:2023-12-22 23:00:23系统使用内存:16185MB, 硬盘:115872MB
12-22 23:01:23,174726 [INFOR] [systemlog] 当前:2023-12-22 23:01:23系统使用内存:13642MB, 硬盘:115757MB
12-22 23:01:53,176729 [INFOR] [systemlog] 当前:2023-12-22 23:01:53系统使用内存:15157MB, 硬盘:115929MB
12-22 23:02:53,188150 [INFOR] [systemlog] 当前:2023-12-22 23:02:53系统使用内存:13573MB, 硬盘:116022MB
12-22 23:03:23,167157 [INFOR] [systemlog] 当前:2023-12-22 23:03:23系统使用内存:15060MB, 硬盘:116096MB
12-22 23:04:23,196649 [INFOR] [systemlog] 当前:2023-12-22 23:04:23系统使用内存:16738MB, 硬盘:116152MB
12-22 23:05:53,175592 [INFOR] [systemlog] 当前:2023-12-22 23:05:53系统使用内存:11962MB, 硬盘:116181MB
12-22 23:07:53,170676 [INFOR] [systemlog] 当前:2023-12-22 23:07:53系统使用内存:13361MB, 硬盘:116367MB
12-22 23:11:53,175973 [INFOR] [systemlog] 当前:2023-12-22 23:11:53系统使用内存:11819MB, 硬盘:116036MB
12-22 23:12:53,177453 [INFOR] [systemlog] 当前:2023-12-22 23:12:53系统使用内存:10300MB, 硬盘:116116MB
12-22 23:13:23,168335 [INFOR] [systemlog] 当前:2023-12-22 23:13:23系统使用内存:11475MB, 硬盘:116278MB
12-22 23:13:53,169809 [INFOR] [systemlog] 当前:2023-12-22 23:13:53系统使用内存:12631MB, 硬盘:116416MB
12-22 23:14:53,181708 [INFOR] [systemlog] 当前:2023-12-22 23:14:53系统使用内存:14702MB, 硬盘:116516MB
12-22 23:15:23,181840 [INFOR] [systemlog] 当前:2023-12-22 23:15:23系统使用内存:16349MB, 硬盘:116504MB
12-22 23:19:53,184388 [INFOR] [systemlog] 当前:2023-12-22 23:19:53系统使用内存:18254MB, 硬盘:116700MB
12-22 23:22:23,185305 [INFOR] [systemlog] 当前:2023-12-22 23:22:23系统使用内存:21164MB, 硬盘:115947MB
12-22 23:22:53,197166 [INFOR] [systemlog] 当前:2023-12-22 23:22:53系统使用内存:24187MB, 硬盘:115948MB
12-22 23:23:23,186875 [INFOR] [systemlog] 当前:2023-12-22 23:23:23系统使用内存:19492MB, 硬盘:115758MB
12-22 23:23:53,188983 [INFOR] [systemlog] 当前:2023-12-22 23:23:53系统使用内存:17351MB, 硬盘:115958MB
12-22 23:27:23,186168 [INFOR] [systemlog] 当前:2023-12-22 23:27:23系统使用内存:19698MB, 硬盘:116501MB
12-22 23:27:53,177727 [INFOR] [systemlog] 当前:2023-12-22 23:27:53系统使用内存:13177MB, 硬盘:116452MB
12-22 23:28:23,181908 [INFOR] [systemlog] 当前:2023-12-22 23:28:23系统使用内存:15582MB, 硬盘:116443MB
12-22 23:29:23,177569 [INFOR] [systemlog] 当前:2023-12-22 23:29:23系统使用内存:17379MB, 硬盘:116556MB
12-22 23:30:53,175400 [INFOR] [systemlog] 当前:2023-12-22 23:30:53系统使用内存:14712MB, 硬盘:116573MB
12-22 23:31:23,192395 [INFOR] [systemlog] 当前:2023-12-22 23:31:23系统使用内存:20341MB, 硬盘:116647MB
12-22 23:31:53,177223 [INFOR] [systemlog] 当前:2023-12-22 23:31:53系统使用内存:15021MB, 硬盘:116623MB
12-22 23:33:53,180302 [INFOR] [systemlog] 当前:2023-12-22 23:33:53系统使用内存:12574MB, 硬盘:116284MB
12-22 23:34:53,195486 [INFOR] [systemlog] 当前:2023-12-22 23:34:53系统使用内存:15469MB, 硬盘:116152MB
12-22 23:35:23,183795 [INFOR] [systemlog] 当前:2023-12-22 23:35:23系统使用内存:19603MB, 硬盘:116330MB
12-22 23:37:23,185257 [INFOR] [systemlog] 当前:2023-12-22 23:37:23系统使用内存:22394MB, 硬盘:116611MB
12-22 23:38:23,176526 [INFOR] [systemlog] 当前:2023-12-22 23:38:23系统使用内存:19928MB, 硬盘:116667MB
12-22 23:39:53,181906 [INFOR] [systemlog] 当前:2023-12-22 23:39:53系统使用内存:22841MB, 硬盘:116980MB
12-22 23:41:23,179298 [INFOR] [systemlog] 当前:2023-12-22 23:41:23系统使用内存:19980MB, 硬盘:116985MB
12-22 23:42:53,175842 [INFOR] [systemlog] 当前:2023-12-22 23:42:53系统使用内存:15091MB, 硬盘:117093MB
12-22 23:44:53,181533 [INFOR] [systemlog] 当前:2023-12-22 23:44:53系统使用内存:11169MB, 硬盘:115989MB
12-22 23:45:53,169702 [INFOR] [systemlog] 当前:2023-12-22 23:45:53系统使用内存:16269MB, 硬盘:116076MB
12-22 23:49:53,177105 [INFOR] [systemlog] 当前:2023-12-22 23:49:53系统使用内存:19269MB, 硬盘:116163MB
12-22 23:53:23,168947 [INFOR] [systemlog] 当前:2023-12-22 23:53:23系统使用内存:15667MB, 硬盘:116110MB
12-22 23:54:23,180150 [INFOR] [systemlog] 当前:2023-12-22 23:54:23系统使用内存:19119MB, 硬盘:116229MB
12-22 23:54:53,170930 [INFOR] [systemlog] 当前:2023-12-22 23:54:53系统使用内存:15904MB, 硬盘:116209MB
12-22 23:55:23,180859 [INFOR] [systemlog] 当前:2023-12-22 23:55:23系统使用内存:11540MB, 硬盘:116296MB
12-22 23:55:53,166798 [INFOR] [systemlog] 当前:2023-12-22 23:55:53系统使用内存:12912MB, 硬盘:116350MB
12-22 23:58:23,188081 [INFOR] [systemlog] 当前:2023-12-22 23:58:23系统使用内存:16167MB, 硬盘:116287MB
12-22 23:58:53,188345 [INFOR] [systemlog] 当前:2023-12-22 23:58:53系统使用内存:18683MB, 硬盘:116330MB

