07-05 14:09:17,342148 [INFOR] [userlog] 当前:2023-07-05 14:09:17 用户:wt 登录成功
07-05 14:10:41,064719 [INFOR] [userlog] 当前:2023-07-05 14:10:41 用户:wt 创建固件扫描任务:et, id:225, 并未关联固件库
07-05 14:10:42,994134 [INFOR] [userlog] 当前:2023-07-05 14:10:42 用户:wt 开始固件扫描任务:et, id:225
07-05 14:11:07,032117 [INFOR] [userlog] 当前:2023-07-05 14:11:06 用户:wt 创建固件扫描任务:ftpc, id:226, 并未关联固件库
07-05 14:11:08,831151 [INFOR] [userlog] 当前:2023-07-05 14:11:08 用户:wt 开始固件扫描任务:ftpc, id:226
07-05 14:11:24,389504 [INFOR] [userlog] 当前:2023-07-05 14:11:24 用户:wt 创建固件扫描任务:smb_pass, id:227, 并未关联固件库
07-05 14:11:26,991974 [INFOR] [userlog] 当前:2023-07-05 14:11:26 用户:wt 开始固件扫描任务:smb_pass, id:227
07-05 18:28:19,314011 [INFOR] [userlog] 当前:2023-07-05 18:28:19 用户:root 登录成功
07-05 18:28:19,667471 [INFOR] [userlog] 当前:2023-07-05 18:28:19 用户:root 创建固件扫描任务:dsp.ko, id:228, 并未关联固件库
07-05 18:28:19,901160 [INFOR] [userlog] 当前:2023-07-05 18:28:19 用户:root 开始固件扫描任务:dsp.ko, id:228
07-05 18:28:38,385356 [INFOR] [userlog] 当前:2023-07-05 18:28:38 用户:wwh 登录成功
07-05 18:29:20,106726 [INFOR] [userlog] 当前:2023-07-05 18:29:20 用户:root 删除固件扫描任务:dsp.ko, id:228
07-05 18:30:17,756663 [INFOR] [userlog] 当前:2023-07-05 18:30:17 用户:root 登录成功
07-05 18:30:18,165641 [INFOR] [userlog] 当前:2023-07-05 18:30:18 用户:root 创建固件扫描任务:libcurl_7.17.1-1_arm.ipk, id:229, 并未关联固件库
07-05 18:30:18,442850 [INFOR] [userlog] 当前:2023-07-05 18:30:18 用户:root 开始固件扫描任务:libcurl_7.17.1-1_arm.ipk, id:229
07-05 18:30:18,503935 [INFOR] [userlog] 当前:2023-07-05 18:30:18 用户:root 暂停固件扫描任务:libcurl_7.17.1-1_arm.ipk, id:229
07-05 18:30:18,600942 [INFOR] [userlog] 当前:2023-07-05 18:30:18 用户:root 删除固件扫描任务:libcurl_7.17.1-1_arm.ipk, id:229
07-05 18:30:18,861239 [INFOR] [userlog] 当前:2023-07-05 18:30:18 用户:root 登录成功
07-05 18:30:19,437391 [INFOR] [userlog] 当前:2023-07-05 18:30:19 用户:root 创建固件扫描任务:dsp.ko, id:230, 并未关联固件库
07-05 18:30:19,666798 [INFOR] [userlog] 当前:2023-07-05 18:30:19 用户:root 开始固件扫描任务:dsp.ko, id:230
07-05 18:31:20,213891 [INFOR] [userlog] 当前:2023-07-05 18:31:19 用户:root 删除固件扫描任务:dsp.ko, id:230
07-05 18:33:29,614197 [INFOR] [userlog] 当前:2023-07-05 18:33:29 用户:root 修改密码成功
07-05 18:33:30,025720 [INFOR] [userlog] 当前:2023-07-05 18:33:29 用户:root 登录成功
07-05 18:33:30,456849 [INFOR] [userlog] 当前:2023-07-05 18:33:30 用户:root 创建报告对比任务:smb_pass对比ftpc, id:4
07-05 18:33:30,738033 [INFOR] [userlog] 当前:2023-07-05 18:33:30 用户:root 登录成功
07-05 18:33:31,477331 [INFOR] [userlog] 当前:2023-07-05 18:33:31 用户:root 登录成功
07-05 18:33:32,062630 [INFOR] [userlog] 当前:2023-07-05 18:33:31 用户:root 登录成功
07-05 18:33:32,607937 [INFOR] [userlog] 当前:2023-07-05 18:33:32 用户:root 登录成功
07-05 18:40:08,923467 [INFOR] [userlog] 当前:2023-07-05 18:40:08 用户:wwh 创建固件扫描任务:app.bin, id:231, 并未关联固件库
07-05 18:40:10,317430 [INFOR] [userlog] 当前:2023-07-05 18:40:10 用户:wwh 开始固件扫描任务:app.bin, id:231
07-05 18:40:25,830128 [INFOR] [userlog] 当前:2023-07-05 18:40:25 用户:root 登录成功
07-05 18:40:26,434858 [INFOR] [userlog] 当前:2023-07-05 18:40:26 用户:root 登录成功
07-05 18:40:27,091718 [INFOR] [userlog] 当前:2023-07-05 18:40:26 用户:root 登录成功
07-05 18:45:32,336463 [INFOR] [userlog] 当前:2023-07-05 18:45:32 用户:wwh 创建固件扫描任务:dsp.ko, id:232, 并未关联固件库
07-05 18:45:33,703999 [INFOR] [userlog] 当前:2023-07-05 18:45:33 用户:wwh 开始固件扫描任务:dsp.ko, id:232
07-05 18:46:27,905786 [INFOR] [userlog] 当前:2023-07-05 18:46:27 用户:root 登录成功
07-05 18:46:30,293906 [INFOR] [userlog] 当前:2023-07-05 18:46:30 用户:root 创建固件扫描任务:全选插件创建任务, id:233, 并未关联固件库
07-05 18:46:30,518388 [INFOR] [userlog] 当前:2023-07-05 18:46:30 用户:root 登录成功
07-05 18:46:30,880931 [INFOR] [userlog] 当前:2023-07-05 18:46:30 用户:root 创建固件扫描任务:全选插件关联固件库, id:234, 并关联固件库
07-05 18:46:31,107286 [INFOR] [userlog] 当前:2023-07-05 18:46:30 用户:root 登录成功
07-05 18:46:31,731324 [INFOR] [userlog] 当前:2023-07-05 18:46:31 用户:root 登录成功
07-05 18:46:32,524863 [INFOR] [userlog] 当前:2023-07-05 18:46:32 用户:root 登录成功
07-05 18:46:33,083159 [INFOR] [userlog] 当前:2023-07-05 18:46:32 用户:root 登录成功
07-05 18:46:33,765842 [INFOR] [userlog] 当前:2023-07-05 18:46:33 用户:root 登录成功
07-05 18:46:34,192126 [INFOR] [userlog] 当前:2023-07-05 18:46:34 用户:root 删除固件扫描任务:全选插件关联固件库, id:234
07-05 18:46:34,216984 [INFOR] [userlog] 当前:2023-07-05 18:46:34 用户:root 创建固件扫描任务:1, id:235, 并关联固件库
07-05 18:46:34,454584 [INFOR] [userlog] 当前:2023-07-05 18:46:34 用户:root 登录成功
07-05 18:46:34,995698 [INFOR] [userlog] 当前:2023-07-05 18:46:34 用户:root 创建固件扫描任务:a, id:236, 并未关联固件库
07-05 18:46:35,236132 [INFOR] [userlog] 当前:2023-07-05 18:46:35 用户:root 登录成功
07-05 18:46:35,630650 [INFOR] [userlog] 当前:2023-07-05 18:46:35 用户:root 删除固件扫描任务:a, id:236
07-05 18:46:35,656660 [INFOR] [userlog] 当前:2023-07-05 18:46:35 用户:root 创建固件扫描任务:*, id:237, 并未关联固件库
07-05 18:46:35,902425 [INFOR] [userlog] 当前:2023-07-05 18:46:35 用户:root 登录成功
07-05 18:46:36,188611 [INFOR] [userlog] 当前:2023-07-05 18:46:36 用户:root 创建固件扫描任务:a1wO69DqMV4fyGXHbywUrPT3Ke3aqzh6pMWQB7DszaKKw82JSc8iO3skT0bkONWY9fpJH8oXDd7Ah43C2MbGxUcZoBksUZSQY5i, id:238, 并未关联固件库
07-05 18:46:36,412178 [INFOR] [userlog] 当前:2023-07-05 18:46:36 用户:root 登录成功
07-05 18:46:37,339462 [INFOR] [userlog] 当前:2023-07-05 18:46:37 用户:root 登录成功
07-05 18:46:39,006561 [INFOR] [userlog] 当前:2023-07-05 18:46:38 用户:root 登录成功
07-05 18:46:39,842944 [INFOR] [userlog] 当前:2023-07-05 18:46:39 用户:root 登录成功
07-05 18:46:40,397724 [INFOR] [userlog] 当前:2023-07-05 18:46:40 用户:root 登录成功
07-05 18:46:40,907184 [INFOR] [userlog] 当前:2023-07-05 18:46:40 用户:root 登录成功
07-05 18:46:41,630601 [INFOR] [userlog] 当前:2023-07-05 18:46:41 用户:root 登录成功
07-05 18:46:42,226589 [INFOR] [userlog] 当前:2023-07-05 18:46:41 用户:root 登录成功
07-05 18:46:42,778332 [INFOR] [userlog] 当前:2023-07-05 18:46:42 用户:root 登录成功
07-05 18:46:43,327658 [INFOR] [userlog] 当前:2023-07-05 18:46:43 用户:root 登录成功
07-05 18:46:44,369644 [INFOR] [userlog] 当前:2023-07-05 18:46:44 用户:root 登录成功
07-05 18:46:44,963191 [INFOR] [userlog] 当前:2023-07-05 18:46:44 用户:root 登录成功
07-05 18:46:45,473260 [INFOR] [userlog] 当前:2023-07-05 18:46:45 用户:root 登录成功
07-05 18:46:45,910580 [INFOR] [userlog] 当前:2023-07-05 18:46:45 用户:root 创建固件扫描任务:创建任务—只勾选cwe_checker插件, id:239, 并未关联固件库
07-05 18:46:46,157659 [INFOR] [userlog] 当前:2023-07-05 18:46:45 用户:root 登录成功
07-05 18:46:47,456220 [INFOR] [userlog] 当前:2023-07-05 18:46:47 用户:root 创建固件扫描任务:创建任务—只勾选software_components插件, id:240, 并未关联固件库
07-05 18:46:47,701323 [INFOR] [userlog] 当前:2023-07-05 18:46:47 用户:root 登录成功
07-05 18:46:48,056014 [INFOR] [userlog] 当前:2023-07-05 18:46:48 用户:root 创建固件扫描任务:创建任务—只勾选cve_lookup插件, id:241, 并未关联固件库
07-05 18:46:48,328290 [INFOR] [userlog] 当前:2023-07-05 18:46:48 用户:root 登录成功
07-05 18:46:48,871590 [INFOR] [userlog] 当前:2023-07-05 18:46:48 用户:root 登录成功
07-05 18:46:49,586769 [INFOR] [userlog] 当前:2023-07-05 18:46:49 用户:root 创建固件扫描任务:创建任务—只勾选crypto_hints插件, id:242, 并未关联固件库
07-05 18:46:49,907629 [INFOR] [userlog] 当前:2023-07-05 18:46:49 用户:root 登录成功
07-05 18:46:50,417074 [INFOR] [userlog] 当前:2023-07-05 18:46:50 用户:root 创建固件扫描任务:创建任务—只勾选elf_analysis插件, id:243, 并未关联固件库
07-05 18:46:50,643627 [INFOR] [userlog] 当前:2023-07-05 18:46:50 用户:root 登录成功
07-05 18:46:51,199890 [INFOR] [userlog] 当前:2023-07-05 18:46:51 用户:root 创建固件扫描任务:创建任务—只勾选ip_and_uri_finder插件, id:244, 并未关联固件库
07-05 18:46:51,427232 [INFOR] [userlog] 当前:2023-07-05 18:46:51 用户:root 登录成功
07-05 18:46:52,023058 [INFOR] [userlog] 当前:2023-07-05 18:46:52 用户:root 创建固件扫描任务:创建任务—只勾选users_and_passwords插件, id:245, 并未关联固件库
07-05 18:46:52,266290 [INFOR] [userlog] 当前:2023-07-05 18:46:52 用户:root 登录成功
07-05 18:46:52,948116 [INFOR] [userlog] 当前:2023-07-05 18:46:52 用户:root 创建固件扫描任务:创建任务—只勾选elf_checksec插件, id:246, 并未关联固件库
07-05 18:46:53,200748 [INFOR] [userlog] 当前:2023-07-05 18:46:52 用户:root 登录成功
07-05 18:46:53,639046 [INFOR] [userlog] 当前:2023-07-05 18:46:53 用户:root 创建固件扫描任务:创建任务—不勾选elf_checksec插件, id:247, 并未关联固件库
07-05 18:46:53,882948 [INFOR] [userlog] 当前:2023-07-05 18:46:53 用户:root 登录成功
07-05 18:46:54,265249 [INFOR] [userlog] 当前:2023-07-05 18:46:54 用户:root 创建固件扫描任务:创建任务—不勾选users_and_passwords插件, id:248, 并未关联固件库
07-05 18:46:54,473863 [INFOR] [userlog] 当前:2023-07-05 18:46:54 用户:root 登录成功
07-05 18:46:54,860119 [INFOR] [userlog] 当前:2023-07-05 18:46:54 用户:root 创建固件扫描任务:创建任务—不勾选ip_and_uri_finder插件, id:249, 并未关联固件库
07-05 18:46:55,101243 [INFOR] [userlog] 当前:2023-07-05 18:46:54 用户:root 登录成功
07-05 18:46:55,427406 [INFOR] [userlog] 当前:2023-07-05 18:46:55 用户:root 创建固件扫描任务:创建任务—不勾选elf_analysis插件, id:250, 并未关联固件库
07-05 18:46:55,636042 [INFOR] [userlog] 当前:2023-07-05 18:46:55 用户:root 登录成功
07-05 18:46:55,964875 [INFOR] [userlog] 当前:2023-07-05 18:46:55 用户:root 创建固件扫描任务:创建任务—不勾选crypto_hints插件, id:251, 并未关联固件库
07-05 18:46:56,180871 [INFOR] [userlog] 当前:2023-07-05 18:46:55 用户:root 登录成功
07-05 18:46:56,548099 [INFOR] [userlog] 当前:2023-07-05 18:46:56 用户:root 创建固件扫描任务:创建任务—不勾选cve_lookup插件, id:252, 并未关联固件库
07-05 18:46:56,774565 [INFOR] [userlog] 当前:2023-07-05 18:46:56 用户:root 登录成功
07-05 18:46:57,117863 [INFOR] [userlog] 当前:2023-07-05 18:46:57 用户:root 创建固件扫描任务:创建任务—不勾选software_components插件, id:253, 并未关联固件库
07-05 18:46:57,345834 [INFOR] [userlog] 当前:2023-07-05 18:46:57 用户:root 登录成功
07-05 18:46:58,384262 [INFOR] [userlog] 当前:2023-07-05 18:46:58 用户:root 删除固件扫描任务:全选插件创建任务, id:233
07-05 18:46:58,397005 [INFOR] [userlog] 当前:2023-07-05 18:46:58 用户:root 创建固件扫描任务:1, id:254, 并关联固件库
07-05 18:46:58,693757 [INFOR] [userlog] 当前:2023-07-05 18:46:58 用户:root 登录成功
07-05 18:46:59,795005 [INFOR] [userlog] 当前:2023-07-05 18:46:59 用户:root 登录成功
07-05 18:47:00,890268 [INFOR] [userlog] 当前:2023-07-05 18:47:00 用户:root 删除固件扫描任务:1, id:254
07-05 18:47:00,929519 [INFOR] [userlog] 当前:2023-07-05 18:47:00 用户:root 创建固件扫描任务:a, id:255, 并关联固件库
07-05 18:47:01,168415 [INFOR] [userlog] 当前:2023-07-05 18:47:00 用户:root 登录成功
07-05 18:47:02,095081 [INFOR] [userlog] 当前:2023-07-05 18:47:02 用户:root 删除固件扫描任务:a, id:255
07-05 18:47:02,155348 [INFOR] [userlog] 当前:2023-07-05 18:47:02 用户:root 创建固件扫描任务:*, id:256, 并关联固件库
07-05 18:47:02,411544 [INFOR] [userlog] 当前:2023-07-05 18:47:02 用户:root 登录成功
07-05 18:47:03,316063 [INFOR] [userlog] 当前:2023-07-05 18:47:03 用户:root 删除固件扫描任务:*, id:256
07-05 18:47:03,354850 [INFOR] [userlog] 当前:2023-07-05 18:47:03 用户:root 创建固件扫描任务:ishPgnwl7j6T2pI8pKz4uCgzuo01Db2PlPtMxRcHy0kfln5nkdNY8DVsJe4swq293f0vVYnvP42V9NSuqK7OkZMQRuBwpNpa6DQ, id:257, 并关联固件库
07-05 18:47:03,614846 [INFOR] [userlog] 当前:2023-07-05 18:47:03 用户:root 登录成功
07-05 18:47:04,671386 [INFOR] [userlog] 当前:2023-07-05 18:47:04 用户:root 删除固件扫描任务:ishPgnwl7j6T2pI8pKz4uCgzuo01Db2PlPtMxRcHy0kfln5nkdNY8DVsJe4swq293f0vVYnvP42V9NSuqK7OkZMQRuBwpNpa6DQ, id:257
07-05 18:47:04,691675 [INFOR] [userlog] 当前:2023-07-05 18:47:04 用户:root 创建固件扫描任务:5PEnfI9eb6Dz2So6Pn4byF8hS9HkbJCP7SFdCdU03TyJ3Ti04fQFWyCGvxWSfEup9uazSHXNlUKv5jif8pC20SHBzVTrG85Ym6I, id:258, 并关联固件库
07-05 18:47:04,937557 [INFOR] [userlog] 当前:2023-07-05 18:47:04 用户:root 登录成功
07-05 18:47:06,056999 [INFOR] [userlog] 当前:2023-07-05 18:47:05 用户:root 登录成功
07-05 18:47:07,204960 [INFOR] [userlog] 当前:2023-07-05 18:47:07 用户:root 登录成功
07-05 18:47:08,520336 [INFOR] [userlog] 当前:2023-07-05 18:47:08 用户:root 登录成功
07-05 18:47:09,660062 [INFOR] [userlog] 当前:2023-07-05 18:47:09 用户:root 登录成功
07-05 18:47:10,860025 [INFOR] [userlog] 当前:2023-07-05 18:47:10 用户:root 登录成功
07-05 18:47:12,039007 [INFOR] [userlog] 当前:2023-07-05 18:47:11 用户:root 登录成功
07-05 18:47:13,268926 [INFOR] [userlog] 当前:2023-07-05 18:47:13 用户:root 登录成功
07-05 18:47:14,936848 [INFOR] [userlog] 当前:2023-07-05 18:47:14 用户:root 登录成功
07-05 18:47:16,264862 [INFOR] [userlog] 当前:2023-07-05 18:47:16 用户:root 登录成功
07-05 18:47:16,811615 [INFOR] [userlog] 当前:2023-07-05 18:47:16 用户:root 登录成功
07-05 18:47:18,045797 [INFOR] [userlog] 当前:2023-07-05 18:47:17 用户:root 登录成功
07-05 18:47:19,298931 [INFOR] [userlog] 当前:2023-07-05 18:47:19 用户:root 登录成功
07-05 18:47:20,653846 [INFOR] [userlog] 当前:2023-07-05 18:47:20 用户:root 登录成功
07-05 18:47:21,941519 [INFOR] [userlog] 当前:2023-07-05 18:47:21 用户:root 登录成功
07-05 18:47:23,161732 [INFOR] [userlog] 当前:2023-07-05 18:47:22 用户:root 登录成功
07-05 18:47:24,599737 [INFOR] [userlog] 当前:2023-07-05 18:47:24 用户:root 登录成功
07-05 18:47:25,830342 [INFOR] [userlog] 当前:2023-07-05 18:47:25 用户:root 登录成功
07-05 18:47:27,112688 [INFOR] [userlog] 当前:2023-07-05 18:47:26 用户:root 登录成功
07-05 18:47:28,725778 [INFOR] [userlog] 当前:2023-07-05 18:47:28 用户:root 登录成功
07-05 18:47:30,063728 [INFOR] [userlog] 当前:2023-07-05 18:47:29 用户:root 登录成功
07-05 18:47:31,255707 [INFOR] [userlog] 当前:2023-07-05 18:47:31 用户:root 登录成功
07-05 18:47:32,415604 [INFOR] [userlog] 当前:2023-07-05 18:47:32 用户:root 登录成功
07-05 18:47:32,661787 [INFOR] [userlog] 当前:2023-07-05 18:47:32 用户:root 删除报告对比任务:smb_pass对比ftpc, id:4
07-05 18:47:32,927727 [INFOR] [userlog] 当前:2023-07-05 18:47:32 用户:root 登录成功
07-05 18:47:33,825896 [INFOR] [userlog] 当前:2023-07-05 18:47:33 用户:root 创建报告对比任务:app.bin对比smb_pass, id:5
07-05 18:47:34,165941 [INFOR] [userlog] 当前:2023-07-05 18:47:34 用户:root 创建报告对比任务:app.bin对比smb_pass, id:6
07-05 18:47:35,475578 [INFOR] [userlog] 当前:2023-07-05 18:47:35 用户:root 删除报告对比任务:app.bin对比smb_pass, id:6
07-05 18:47:35,492287 [INFOR] [userlog] 当前:2023-07-05 18:47:35 用户:root 删除报告对比任务:app.bin对比smb_pass, id:5
07-05 18:47:35,731306 [INFOR] [userlog] 当前:2023-07-05 18:47:35 用户:root 登录成功
07-05 18:47:36,097698 [INFOR] [userlog] 当前:2023-07-05 18:47:35 用户:root 登录成功
07-05 18:47:36,512010 [INFOR] [userlog] 当前:2023-07-05 18:47:36 用户:root 登录成功
07-05 18:47:38,290394 [INFOR] [userlog] 当前:2023-07-05 18:47:38 用户:root 创建固件扫描任务:zsy.zip, id:259, 并关联固件库
07-05 18:47:38,674068 [INFOR] [userlog] 当前:2023-07-05 18:47:38 用户:root 登录成功
07-05 18:47:40,438490 [INFOR] [userlog] 当前:2023-07-05 18:47:40 用户:root 创建固件扫描任务:zsy.zip, id:260, 并未关联固件库
07-05 18:47:40,572776 [INFOR] [userlog] 当前:2023-07-05 18:47:40 用户:root 删除固件扫描任务:zsy.zip, id:259
07-05 18:47:40,572804 [INFOR] [userlog] 当前:2023-07-05 18:47:40 用户:root 删除固件扫描任务:zsy.zip, id:260
07-05 18:47:41,531183 [INFOR] [userlog] 当前:2023-07-05 18:47:41 用户:root 登录成功
07-05 18:47:42,002585 [INFOR] [userlog] 当前:2023-07-05 18:47:41 用户:root 登录成功
07-05 18:47:42,397962 [INFOR] [userlog] 当前:2023-07-05 18:47:42 用户:root 登录成功
07-05 18:47:42,799942 [INFOR] [userlog] 当前:2023-07-05 18:47:42 用户:root 登录成功
07-05 18:47:44,424520 [INFOR] [userlog] 当前:2023-07-05 18:47:44 用户:root 创建固件扫描任务:zsy.zip, id:261, 并未关联固件库
07-05 18:47:44,674139 [INFOR] [userlog] 当前:2023-07-05 18:47:44 用户:root 开始固件扫描任务:zsy.zip, id:261
07-05 18:47:44,943907 [INFOR] [userlog] 当前:2023-07-05 18:47:44 用户:root 登录成功
07-05 18:47:45,282018 [INFOR] [userlog] 当前:2023-07-05 18:47:45 用户:root 删除固件扫描任务:*, id:237
07-05 18:47:45,317158 [INFOR] [userlog] 当前:2023-07-05 18:47:45 用户:root 创建固件扫描任务:libcurl_7.17.1-1_arm.ipk, id:262, 并未关联固件库
07-05 18:47:45,598697 [INFOR] [userlog] 当前:2023-07-05 18:47:45 用户:root 开始固件扫描任务:libcurl_7.17.1-1_arm.ipk, id:262
07-05 18:48:26,039884 [INFOR] [userlog] 当前:2023-07-05 18:48:25 用户:root 登录成功
07-05 18:48:27,570062 [INFOR] [userlog] 当前:2023-07-05 18:48:27 用户:root 暂停固件扫描任务:libcurl_7.17.1-1_arm.ipk, id:262
07-05 18:48:27,613484 [INFOR] [userlog] 当前:2023-07-05 18:48:27 用户:root 删除固件扫描任务:libcurl_7.17.1-1_arm.ipk, id:262
07-05 18:48:27,695391 [INFOR] [userlog] 当前:2023-07-05 18:48:26 用户:root 创建固件扫描任务:libcurl_7.17.1-1_arm.ipk, id:263, 并未关联固件库
07-05 18:48:27,917700 [INFOR] [userlog] 当前:2023-07-05 18:48:27 用户:root 开始固件扫描任务:libcurl_7.17.1-1_arm.ipk, id:263
07-05 18:48:27,953759 [INFOR] [userlog] 当前:2023-07-05 18:48:27 用户:root 暂停固件扫描任务:libcurl_7.17.1-1_arm.ipk, id:263
07-05 18:48:27,990178 [INFOR] [userlog] 当前:2023-07-05 18:48:27 用户:root 删除固件扫描任务:libcurl_7.17.1-1_arm.ipk, id:263
07-05 18:48:28,224330 [INFOR] [userlog] 当前:2023-07-05 18:48:28 用户:root 登录成功
07-05 18:48:28,401542 [INFOR] [userlog] 当前:2023-07-05 18:48:28 用户:root 创建固件扫描任务:dsp.ko, id:264, 并未关联固件库
07-05 18:48:28,505210 [INFOR] [userlog] 当前:2023-07-05 18:48:28 用户:root 开始固件扫描任务:dsp.ko, id:264
07-05 18:48:28,564240 [INFOR] [userlog] 当前:2023-07-05 18:48:28 用户:root 删除固件扫描任务:dsp.ko, id:232
07-05 18:48:28,885108 [INFOR] [userlog] 当前:2023-07-05 18:48:28 用户:root 登录成功
07-05 18:48:29,221415 [INFOR] [userlog] 当前:2023-07-05 18:48:29 用户:root 登录成功
07-05 18:48:29,559591 [INFOR] [userlog] 当前:2023-07-05 18:48:29 用户:root 登录成功
07-05 18:48:29,863960 [INFOR] [userlog] 当前:2023-07-05 18:48:29 用户:root 登录成功
07-05 18:48:30,542722 [INFOR] [userlog] 当前:2023-07-05 18:48:30 用户:root 登录成功
07-05 18:48:30,956935 [INFOR] [userlog] 当前:2023-07-05 18:48:30 用户:root 登录成功
07-05 18:48:31,457845 [INFOR] [userlog] 当前:2023-07-05 18:48:31 用户:root 登录成功
07-05 18:48:31,847365 [INFOR] [userlog] 当前:2023-07-05 18:48:31 用户:root 登录成功
07-05 18:48:32,465999 [INFOR] [userlog] 当前:2023-07-05 18:48:32 用户:root 登录成功
07-05 18:48:35,833845 [INFOR] [userlog] 当前:2023-07-05 18:48:35 用户:root 暂停固件扫描任务:zsy.zip, id:261
07-05 18:48:35,871569 [INFOR] [userlog] 当前:2023-07-05 18:48:35 用户:root 删除固件扫描任务:zsy.zip, id:261
07-05 18:48:35,929156 [INFOR] [userlog] 当前:2023-07-05 18:48:34 用户:root 创建固件扫描任务:zsy.zip, id:265, 并未关联固件库
07-05 18:48:36,195645 [INFOR] [userlog] 当前:2023-07-05 18:48:35 用户:root 登录成功
07-05 18:48:38,081505 [INFOR] [userlog] 当前:2023-07-05 18:48:38 用户:root 删除固件扫描任务:zsy.zip, id:265
07-05 18:48:38,120259 [INFOR] [userlog] 当前:2023-07-05 18:48:38 用户:root 创建固件扫描任务:zsy.zip, id:266, 并未关联固件库
07-05 18:48:38,333526 [INFOR] [userlog] 当前:2023-07-05 18:48:38 用户:root 开始固件扫描任务:zsy.zip, id:266
07-05 18:48:38,666821 [INFOR] [userlog] 当前:2023-07-05 18:48:38 用户:root 登录成功
07-05 18:48:41,014131 [INFOR] [userlog] 当前:2023-07-05 18:48:41 用户:root 暂停固件扫描任务:zsy.zip, id:266
07-05 18:48:41,106382 [INFOR] [userlog] 当前:2023-07-05 18:48:41 用户:root 删除固件扫描任务:zsy.zip, id:266
07-05 18:48:41,152589 [INFOR] [userlog] 当前:2023-07-05 18:48:40 用户:root 创建固件扫描任务:zsy.zip, id:267, 并未关联固件库
07-05 18:48:41,381940 [INFOR] [userlog] 当前:2023-07-05 18:48:41 用户:root 开始固件扫描任务:zsy.zip, id:267
07-05 18:49:26,798350 [INFOR] [userlog] 当前:2023-07-05 18:49:26 用户:root 登录成功
07-05 18:49:30,717595 [INFOR] [userlog] 当前:2023-07-05 18:49:30 用户:root 暂停固件扫描任务:zsy.zip, id:267
07-05 18:49:30,836333 [INFOR] [userlog] 当前:2023-07-05 18:49:30 用户:root 删除固件扫描任务:zsy.zip, id:267
07-05 18:49:30,884799 [INFOR] [userlog] 当前:2023-07-05 18:49:29 用户:root 创建固件扫描任务:zsy.zip, id:268, 并未关联固件库
07-05 18:49:31,144844 [INFOR] [userlog] 当前:2023-07-05 18:49:31 用户:root 开始固件扫描任务:zsy.zip, id:268
07-05 18:49:31,176616 [INFOR] [userlog] 当前:2023-07-05 18:49:31 用户:root 暂停固件扫描任务:zsy.zip, id:268
07-05 18:49:31,216212 [INFOR] [userlog] 当前:2023-07-05 18:49:31 用户:root 恢复固件扫描任务:zsy.zip, id:268
07-05 18:49:31,453161 [INFOR] [userlog] 当前:2023-07-05 18:49:31 用户:root 登录成功
07-05 18:49:33,648533 [INFOR] [userlog] 当前:2023-07-05 18:49:33 用户:root 暂停固件扫描任务:zsy.zip, id:268
07-05 18:49:33,670457 [INFOR] [userlog] 当前:2023-07-05 18:49:33 用户:root 删除固件扫描任务:zsy.zip, id:268
07-05 18:49:33,694663 [INFOR] [userlog] 当前:2023-07-05 18:49:33 用户:root 创建固件扫描任务:zsy.zip, id:269, 并未关联固件库
07-05 18:49:33,930823 [INFOR] [userlog] 当前:2023-07-05 18:49:33 用户:root 开始固件扫描任务:zsy.zip, id:269
07-05 18:49:34,280868 [INFOR] [userlog] 当前:2023-07-05 18:49:34 用户:root 登录成功
07-05 18:49:34,617003 [INFOR] [userlog] 当前:2023-07-05 18:49:34 用户:root 删除固件扫描任务:dsp.ko, id:264
07-05 18:49:34,971016 [INFOR] [userlog] 当前:2023-07-05 18:49:34 用户:root 创建固件扫描任务:dsp.ko, id:270, 并未关联固件库
07-05 18:49:35,264909 [INFOR] [userlog] 当前:2023-07-05 18:49:35 用户:root 开始固件扫描任务:dsp.ko, id:270
07-05 18:50:35,571116 [INFOR] [userlog] 当前:2023-07-05 18:50:35 用户:root 登录成功
07-05 18:50:37,378051 [INFOR] [userlog] 当前:2023-07-05 18:50:37 用户:root 创建固件扫描任务:创建一个未开始的任务, id:271, 并未关联固件库
07-05 18:50:37,596407 [INFOR] [userlog] 当前:2023-07-05 18:50:37 用户:root 开始固件扫描任务:创建一个未开始的任务, id:271
07-05 18:50:37,895893 [INFOR] [userlog] 当前:2023-07-05 18:50:37 用户:root 登录成功
07-05 18:50:38,540448 [INFOR] [userlog] 当前:2023-07-05 18:50:38 用户:root 登录成功
07-05 18:50:39,130785 [INFOR] [userlog] 当前:2023-07-05 18:50:38 用户:root 登录成功
07-05 18:50:40,071112 [INFOR] [userlog] 当前:2023-07-05 18:50:40 用户:root 删除固件扫描任务:5PEnfI9eb6Dz2So6Pn4byF8hS9HkbJCP7SFdCdU03TyJ3Ti04fQFWyCGvxWSfEup9uazSHXNlUKv5jif8pC20SHBzVTrG85Ym6I, id:258
07-05 18:50:40,108122 [INFOR] [userlog] 当前:2023-07-05 18:50:40 用户:root 创建固件扫描任务:创建并开始一个新任务, id:272, 并未关联固件库
07-05 18:50:40,284883 [INFOR] [userlog] 当前:2023-07-05 18:50:40 用户:root 开始固件扫描任务:创建并开始一个新任务, id:272
07-05 18:50:40,321422 [INFOR] [userlog] 当前:2023-07-05 18:50:40 用户:root 暂停固件扫描任务:创建并开始一个新任务, id:272
07-05 18:50:40,806055 [INFOR] [userlog] 当前:2023-07-05 18:50:40 用户:root 登录成功
07-05 18:50:41,368453 [INFOR] [userlog] 当前:2023-07-05 18:50:41 用户:root 登录成功
07-05 18:50:41,652400 [INFOR] [userlog] 当前:2023-07-05 18:50:41 用户:root 创建固件扫描任务:创建一个不可用的任务, id:273, 并未关联固件库
07-05 18:50:41,832452 [INFOR] [userlog] 当前:2023-07-05 18:50:41 用户:root 开始固件扫描任务:创建一个不可用的任务, id:273
07-05 18:50:42,314300 [INFOR] [userlog] 当前:2023-07-05 18:50:42 用户:root 登录成功
07-05 18:50:42,937947 [INFOR] [userlog] 当前:2023-07-05 18:50:42 用户:root 登录成功
07-05 18:50:43,358252 [INFOR] [userlog] 当前:2023-07-05 18:50:43 用户:root 登录成功
07-05 18:50:46,985836 [INFOR] [userlog] 当前:2023-07-05 18:50:46 用户:root 暂停固件扫描任务:zsy.zip, id:269
07-05 18:50:47,534928 [INFOR] [userlog] 当前:2023-07-05 18:50:46 用户:root 删除固件扫描任务:zsy.zip, id:269
07-05 18:50:47,579147 [INFOR] [userlog] 当前:2023-07-05 18:50:45 用户:root 创建固件扫描任务:zsy.zip, id:274, 并未关联固件库
07-05 18:50:47,875632 [INFOR] [userlog] 当前:2023-07-05 18:50:47 用户:root 登录成功
07-05 18:50:50,260369 [INFOR] [userlog] 当前:2023-07-05 18:50:50 用户:root 创建固件扫描任务:暂停队列中的固件任务, id:275, 并未关联固件库
07-05 18:50:50,555690 [INFOR] [userlog] 当前:2023-07-05 18:50:50 用户:root 开始固件扫描任务:暂停队列中的固件任务, id:275
07-05 18:50:50,606955 [INFOR] [userlog] 当前:2023-07-05 18:50:50 用户:root 暂停固件扫描任务:暂停队列中的固件任务, id:275
07-05 18:50:50,839048 [INFOR] [userlog] 当前:2023-07-05 18:50:50 用户:root 登录成功
07-05 18:50:52,818480 [INFOR] [userlog] 当前:2023-07-05 18:50:52 用户:root 创建固件扫描任务:暂停运行中的固件任务, id:276, 并未关联固件库
07-05 18:50:53,046424 [INFOR] [userlog] 当前:2023-07-05 18:50:53 用户:root 开始固件扫描任务:暂停运行中的固件任务, id:276
07-05 18:51:24,398552 [INFOR] [userlog] 当前:2023-07-05 18:51:24 用户:root 暂停固件扫描任务:暂停运行中的固件任务, id:276
07-05 18:51:24,619380 [INFOR] [userlog] 当前:2023-07-05 18:51:24 用户:root 登录成功
07-05 18:51:25,036769 [INFOR] [userlog] 当前:2023-07-05 18:51:24 用户:root 登录成功
07-05 18:51:25,470386 [INFOR] [userlog] 当前:2023-07-05 18:51:25 用户:root 登录成功
07-05 18:51:25,820039 [INFOR] [userlog] 当前:2023-07-05 18:51:25 用户:root 登录成功
07-05 18:55:43,141795 [INFOR] [userlog] 当前:2023-07-05 18:55:42 用户:wwh 删除固件扫描任务:暂停运行中的固件任务, id:276
07-05 18:55:43,141814 [INFOR] [userlog] 当前:2023-07-05 18:55:42 用户:wwh 删除固件扫描任务:暂停队列中的固件任务, id:275
07-05 18:55:43,141819 [INFOR] [userlog] 当前:2023-07-05 18:55:42 用户:wwh 删除固件扫描任务:zsy.zip, id:274
07-05 18:55:43,141825 [INFOR] [userlog] 当前:2023-07-05 18:55:42 用户:wwh 删除固件扫描任务:创建一个不可用的任务, id:273
07-05 18:55:43,141830 [INFOR] [userlog] 当前:2023-07-05 18:55:42 用户:wwh 删除固件扫描任务:创建并开始一个新任务, id:272
07-05 18:55:43,141835 [INFOR] [userlog] 当前:2023-07-05 18:55:42 用户:wwh 删除固件扫描任务:dsp.ko, id:270
07-05 18:55:43,141840 [INFOR] [userlog] 当前:2023-07-05 18:55:42 用户:wwh 删除固件扫描任务:创建任务—不勾选software_components插件, id:253
07-05 18:55:43,141846 [INFOR] [userlog] 当前:2023-07-05 18:55:42 用户:wwh 删除固件扫描任务:创建任务—不勾选cve_lookup插件, id:252
07-05 18:55:43,141851 [INFOR] [userlog] 当前:2023-07-05 18:55:42 用户:wwh 删除固件扫描任务:创建任务—不勾选crypto_hints插件, id:251
07-05 18:55:49,410884 [INFOR] [userlog] 当前:2023-07-05 18:55:49 用户:wwh 删除固件扫描任务:创建任务—不勾选elf_analysis插件, id:250
07-05 18:55:49,410902 [INFOR] [userlog] 当前:2023-07-05 18:55:49 用户:wwh 删除固件扫描任务:创建任务—不勾选ip_and_uri_finder插件, id:249
07-05 18:55:49,410907 [INFOR] [userlog] 当前:2023-07-05 18:55:49 用户:wwh 删除固件扫描任务:创建任务—不勾选users_and_passwords插件, id:248
07-05 18:55:49,410913 [INFOR] [userlog] 当前:2023-07-05 18:55:49 用户:wwh 删除固件扫描任务:创建任务—不勾选elf_checksec插件, id:247
07-05 18:55:49,410918 [INFOR] [userlog] 当前:2023-07-05 18:55:49 用户:wwh 删除固件扫描任务:创建任务—只勾选elf_checksec插件, id:246
07-05 18:55:49,410923 [INFOR] [userlog] 当前:2023-07-05 18:55:49 用户:wwh 删除固件扫描任务:创建任务—只勾选users_and_passwords插件, id:245
07-05 18:55:49,410929 [INFOR] [userlog] 当前:2023-07-05 18:55:49 用户:wwh 删除固件扫描任务:创建任务—只勾选ip_and_uri_finder插件, id:244
07-05 18:55:49,410934 [INFOR] [userlog] 当前:2023-07-05 18:55:49 用户:wwh 删除固件扫描任务:创建任务—只勾选elf_analysis插件, id:243
07-05 18:55:49,410939 [INFOR] [userlog] 当前:2023-07-05 18:55:49 用户:wwh 删除固件扫描任务:创建任务—只勾选crypto_hints插件, id:242
07-05 18:55:55,774054 [INFOR] [userlog] 当前:2023-07-05 18:55:55 用户:wwh 删除固件扫描任务:创建任务—只勾选cwe_checker插件, id:239
07-05 18:55:55,774083 [INFOR] [userlog] 当前:2023-07-05 18:55:55 用户:wwh 删除固件扫描任务:创建任务—只勾选software_components插件, id:240
07-05 18:55:55,774092 [INFOR] [userlog] 当前:2023-07-05 18:55:55 用户:wwh 删除固件扫描任务:创建任务—只勾选cve_lookup插件, id:241
07-05 18:55:58,658086 [INFOR] [userlog] 当前:2023-07-05 18:55:58 用户:wwh 暂停固件扫描任务:创建一个未开始的任务, id:271
07-05 18:55:59,763062 [INFOR] [userlog] 当前:2023-07-05 18:55:59 用户:wwh 删除固件扫描任务:创建一个未开始的任务, id:271
07-05 18:56:06,804681 [INFOR] [userlog] 当前:2023-07-05 18:56:06 用户:root 修改密码成功
07-05 18:56:07,150652 [INFOR] [userlog] 当前:2023-07-05 18:56:06 用户:root 登录成功
07-05 18:56:07,704454 [INFOR] [userlog] 当前:2023-07-05 18:56:07 用户:root 创建报告对比任务:app.bin对比smb_pass, id:7
07-05 18:56:07,969539 [INFOR] [userlog] 当前:2023-07-05 18:56:07 用户:root 登录成功
07-05 18:56:08,534455 [INFOR] [userlog] 当前:2023-07-05 18:56:08 用户:root 登录成功
07-05 18:56:09,080285 [INFOR] [userlog] 当前:2023-07-05 18:56:08 用户:root 登录成功
07-05 18:56:09,576777 [INFOR] [userlog] 当前:2023-07-05 18:56:09 用户:root 登录成功
07-05 18:56:11,336606 [INFOR] [userlog] 当前:2023-07-05 18:56:11 用户:root 创建固件扫描任务:暂停运行中的固件任务, id:277, 并未关联固件库
07-05 18:56:11,538705 [INFOR] [userlog] 当前:2023-07-05 18:56:11 用户:root 开始固件扫描任务:暂停运行中的固件任务, id:277
07-05 18:56:27,028554 [INFOR] [userlog] 当前:2023-07-05 18:56:26 用户:root 登录成功
07-05 18:56:32,232349 [INFOR] [userlog] 当前:2023-07-05 18:56:32 用户:root 暂停固件扫描任务:暂停运行中的固件任务, id:277
07-05 18:56:32,261984 [INFOR] [userlog] 当前:2023-07-05 18:56:32 用户:root 删除固件扫描任务:暂停运行中的固件任务, id:277
07-05 18:56:32,280682 [INFOR] [userlog] 当前:2023-07-05 18:56:30 用户:root 创建固件扫描任务:暂停运行中的固件任务, id:278, 并未关联固件库
07-05 18:56:32,456553 [INFOR] [userlog] 当前:2023-07-05 18:56:32 用户:root 开始固件扫描任务:暂停运行中的固件任务, id:278
07-05 18:57:23,920109 [INFOR] [userlog] 当前:2023-07-05 18:57:23 用户:root 暂停固件扫描任务:暂停运行中的固件任务, id:278
07-05 18:57:24,680124 [INFOR] [userlog] 当前:2023-07-05 18:57:24 用户:root 登录成功
07-05 18:57:26,332899 [INFOR] [userlog] 当前:2023-07-05 18:57:26 用户:root 删除固件扫描任务:暂停运行中的固件任务, id:278
07-05 18:57:26,545783 [INFOR] [userlog] 当前:2023-07-05 18:57:26 用户:root 创建固件扫描任务:zsy.zip, id:279, 并未关联固件库
07-05 18:57:27,012802 [INFOR] [userlog] 当前:2023-07-05 18:57:26 用户:root 登录成功
07-05 18:57:27,512542 [INFOR] [userlog] 当前:2023-07-05 18:57:27 用户:root 创建固件扫描任务:dsp.ko, id:280, 并未关联固件库
07-05 18:57:27,721759 [INFOR] [userlog] 当前:2023-07-05 18:57:27 用户:root 开始固件扫描任务:dsp.ko, id:280
07-05 19:02:13,289126 [INFOR] [userlog] 当前:2023-07-05 19:02:13 用户:wwh 暂停固件扫描任务:dsp.ko, id:280
07-05 19:02:14,051609 [INFOR] [userlog] 当前:2023-07-05 19:02:14 用户:wwh 恢复固件扫描任务:dsp.ko, id:280至任务队列中
07-05 19:02:28,417616 [INFOR] [userlog] 当前:2023-07-05 19:02:28 用户:root 登录成功
07-05 19:02:29,481285 [INFOR] [userlog] 当前:2023-07-05 19:02:29 用户:root 创建固件扫描任务:全选插件创建任务, id:281, 并未关联固件库
07-05 19:02:29,563909 [INFOR] [userlog] 当前:2023-07-05 19:02:29 用户:wwh 创建固件扫描任务:dsp.ko, id:282, 并未关联固件库
07-05 19:02:30,015064 [INFOR] [userlog] 当前:2023-07-05 19:02:29 用户:root 登录成功
07-05 19:02:30,332919 [INFOR] [userlog] 当前:2023-07-05 19:02:30 用户:root 删除固件扫描任务:1, id:235
07-05 19:02:30,355693 [INFOR] [userlog] 当前:2023-07-05 19:02:30 用户:root 创建固件扫描任务:全选插件关联固件库, id:283, 并关联固件库
07-05 19:02:30,579764 [INFOR] [userlog] 当前:2023-07-05 19:02:30 用户:root 登录成功
07-05 19:02:31,092482 [INFOR] [userlog] 当前:2023-07-05 19:02:30 用户:root 登录成功
07-05 19:02:31,658745 [INFOR] [userlog] 当前:2023-07-05 19:02:31 用户:root 登录成功
07-05 19:02:32,204805 [INFOR] [userlog] 当前:2023-07-05 19:02:31 用户:root 登录成功
07-05 19:02:32,764932 [INFOR] [userlog] 当前:2023-07-05 19:02:32 用户:root 登录成功
07-05 19:02:33,160213 [INFOR] [userlog] 当前:2023-07-05 19:02:33 用户:root 删除固件扫描任务:全选插件关联固件库, id:283
07-05 19:02:33,196821 [INFOR] [userlog] 当前:2023-07-05 19:02:33 用户:root 创建固件扫描任务:1, id:284, 并关联固件库
07-05 19:02:33,434284 [INFOR] [userlog] 当前:2023-07-05 19:02:33 用户:root 登录成功
07-05 19:02:33,770632 [INFOR] [userlog] 当前:2023-07-05 19:02:33 用户:root 创建固件扫描任务:a, id:285, 并未关联固件库
07-05 19:02:33,987214 [INFOR] [userlog] 当前:2023-07-05 19:02:33 用户:root 登录成功
07-05 19:02:34,363990 [INFOR] [userlog] 当前:2023-07-05 19:02:34 用户:root 删除固件扫描任务:a, id:285
07-05 19:02:34,567841 [INFOR] [userlog] 当前:2023-07-05 19:02:34 用户:root 创建固件扫描任务:*, id:286, 并未关联固件库
07-05 19:02:34,840491 [INFOR] [userlog] 当前:2023-07-05 19:02:34 用户:root 登录成功
07-05 19:02:35,157027 [INFOR] [userlog] 当前:2023-07-05 19:02:35 用户:root 删除固件扫描任务:a1wO69DqMV4fyGXHbywUrPT3Ke3aqzh6pMWQB7DszaKKw82JSc8iO3skT0bkONWY9fpJH8oXDd7Ah43C2MbGxUcZoBksUZSQY5i, id:238
07-05 19:02:35,179733 [INFOR] [userlog] 当前:2023-07-05 19:02:35 用户:root 创建固件扫描任务:UNdXkshEhUJXy7EAPRvDBy2nkXhQWCqYjZtublXZXkODsKdNus9pte7emdEXlz0QkIEYX1pNsFnFns09YNIFictqlRjVEgpliv2, id:287, 并未关联固件库
07-05 19:02:35,424557 [INFOR] [userlog] 当前:2023-07-05 19:02:35 用户:root 登录成功
07-05 19:02:36,230174 [INFOR] [userlog] 当前:2023-07-05 19:02:35 用户:root 登录成功
07-05 19:02:36,792080 [INFOR] [userlog] 当前:2023-07-05 19:02:36 用户:root 登录成功
07-05 19:02:37,387153 [INFOR] [userlog] 当前:2023-07-05 19:02:37 用户:root 登录成功
07-05 19:02:38,001763 [INFOR] [userlog] 当前:2023-07-05 19:02:37 用户:root 登录成功
07-05 19:02:38,523144 [INFOR] [userlog] 当前:2023-07-05 19:02:38 用户:root 登录成功
07-05 19:02:39,131083 [INFOR] [userlog] 当前:2023-07-05 19:02:38 用户:root 登录成功
07-05 19:02:39,726317 [INFOR] [userlog] 当前:2023-07-05 19:02:39 用户:root 登录成功
07-05 19:02:40,279991 [INFOR] [userlog] 当前:2023-07-05 19:02:40 用户:root 登录成功
07-05 19:02:40,802165 [INFOR] [userlog] 当前:2023-07-05 19:02:40 用户:root 登录成功
07-05 19:02:41,385503 [INFOR] [userlog] 当前:2023-07-05 19:02:41 用户:root 登录成功
07-05 19:02:42,091218 [INFOR] [userlog] 当前:2023-07-05 19:02:41 用户:root 登录成功
07-05 19:02:42,627573 [INFOR] [userlog] 当前:2023-07-05 19:02:42 用户:root 登录成功
07-05 19:02:43,053782 [INFOR] [userlog] 当前:2023-07-05 19:02:43 用户:root 创建固件扫描任务:创建任务—只勾选cwe_checker插件, id:288, 并未关联固件库
07-05 19:02:43,285926 [INFOR] [userlog] 当前:2023-07-05 19:02:43 用户:root 登录成功
07-05 19:02:43,621876 [INFOR] [userlog] 当前:2023-07-05 19:02:43 用户:root 创建固件扫描任务:创建任务—只勾选software_components插件, id:289, 并未关联固件库
07-05 19:02:43,941913 [INFOR] [userlog] 当前:2023-07-05 19:02:43 用户:root 登录成功
07-05 19:02:44,293359 [INFOR] [userlog] 当前:2023-07-05 19:02:44 用户:root 创建固件扫描任务:创建任务—只勾选cve_lookup插件, id:290, 并未关联固件库
07-05 19:02:44,571098 [INFOR] [userlog] 当前:2023-07-05 19:02:44 用户:root 登录成功
07-05 19:02:45,067598 [INFOR] [userlog] 当前:2023-07-05 19:02:44 用户:root 登录成功
07-05 19:02:45,362982 [INFOR] [userlog] 当前:2023-07-05 19:02:45 用户:root 创建固件扫描任务:创建任务—只勾选crypto_hints插件, id:291, 并未关联固件库
07-05 19:02:45,580290 [INFOR] [userlog] 当前:2023-07-05 19:02:45 用户:root 登录成功
07-05 19:02:46,402682 [INFOR] [userlog] 当前:2023-07-05 19:02:46 用户:root 创建固件扫描任务:创建任务—只勾选elf_analysis插件, id:292, 并未关联固件库
07-05 19:02:46,653870 [INFOR] [userlog] 当前:2023-07-05 19:02:46 用户:root 登录成功
07-05 19:02:47,028525 [INFOR] [userlog] 当前:2023-07-05 19:02:47 用户:root 创建固件扫描任务:创建任务—只勾选ip_and_uri_finder插件, id:293, 并未关联固件库
07-05 19:02:47,284938 [INFOR] [userlog] 当前:2023-07-05 19:02:47 用户:root 登录成功
07-05 19:02:47,637996 [INFOR] [userlog] 当前:2023-07-05 19:02:47 用户:root 创建固件扫描任务:创建任务—只勾选users_and_passwords插件, id:294, 并未关联固件库
07-05 19:02:47,864646 [INFOR] [userlog] 当前:2023-07-05 19:02:47 用户:root 登录成功
07-05 19:02:48,472119 [INFOR] [userlog] 当前:2023-07-05 19:02:48 用户:root 创建固件扫描任务:创建任务—只勾选elf_checksec插件, id:295, 并未关联固件库
07-05 19:02:48,769973 [INFOR] [userlog] 当前:2023-07-05 19:02:48 用户:root 登录成功
07-05 19:02:49,113444 [INFOR] [userlog] 当前:2023-07-05 19:02:49 用户:root 创建固件扫描任务:创建任务—不勾选elf_checksec插件, id:296, 并未关联固件库
07-05 19:02:49,356745 [INFOR] [userlog] 当前:2023-07-05 19:02:49 用户:root 登录成功
07-05 19:02:49,707458 [INFOR] [userlog] 当前:2023-07-05 19:02:49 用户:root 创建固件扫描任务:创建任务—不勾选users_and_passwords插件, id:297, 并未关联固件库
07-05 19:02:49,934417 [INFOR] [userlog] 当前:2023-07-05 19:02:49 用户:root 登录成功
07-05 19:02:50,310626 [INFOR] [userlog] 当前:2023-07-05 19:02:50 用户:root 创建固件扫描任务:创建任务—不勾选ip_and_uri_finder插件, id:298, 并未关联固件库
07-05 19:02:50,552770 [INFOR] [userlog] 当前:2023-07-05 19:02:50 用户:root 登录成功
07-05 19:02:50,901555 [INFOR] [userlog] 当前:2023-07-05 19:02:50 用户:root 创建固件扫描任务:创建任务—不勾选elf_analysis插件, id:299, 并未关联固件库
07-05 19:02:51,125286 [INFOR] [userlog] 当前:2023-07-05 19:02:50 用户:root 登录成功
07-05 19:02:51,603539 [INFOR] [userlog] 当前:2023-07-05 19:02:51 用户:root 创建固件扫描任务:创建任务—不勾选crypto_hints插件, id:300, 并未关联固件库
07-05 19:02:51,855931 [INFOR] [userlog] 当前:2023-07-05 19:02:51 用户:root 登录成功
07-05 19:02:52,247367 [INFOR] [userlog] 当前:2023-07-05 19:02:52 用户:root 创建固件扫描任务:创建任务—不勾选cve_lookup插件, id:301, 并未关联固件库
07-05 19:02:52,480426 [INFOR] [userlog] 当前:2023-07-05 19:02:52 用户:root 登录成功
07-05 19:02:53,021942 [INFOR] [userlog] 当前:2023-07-05 19:02:52 用户:root 创建固件扫描任务:创建任务—不勾选software_components插件, id:302, 并未关联固件库
07-05 19:02:53,254308 [INFOR] [userlog] 当前:2023-07-05 19:02:53 用户:root 登录成功
07-05 19:02:54,435029 [INFOR] [userlog] 当前:2023-07-05 19:02:54 用户:root 删除固件扫描任务:全选插件创建任务, id:281
07-05 19:02:54,466326 [INFOR] [userlog] 当前:2023-07-05 19:02:54 用户:root 创建固件扫描任务:1, id:303, 并关联固件库
07-05 19:02:54,699755 [INFOR] [userlog] 当前:2023-07-05 19:02:54 用户:root 登录成功
07-05 19:02:56,068581 [INFOR] [userlog] 当前:2023-07-05 19:02:55 用户:root 登录成功
07-05 19:02:57,180052 [INFOR] [userlog] 当前:2023-07-05 19:02:57 用户:root 删除固件扫描任务:1, id:303
07-05 19:02:57,205418 [INFOR] [userlog] 当前:2023-07-05 19:02:57 用户:root 创建固件扫描任务:a, id:304, 并关联固件库
07-05 19:02:57,468474 [INFOR] [userlog] 当前:2023-07-05 19:02:57 用户:root 登录成功
07-05 19:02:58,592690 [INFOR] [userlog] 当前:2023-07-05 19:02:58 用户:root 删除固件扫描任务:a, id:304
07-05 19:02:58,643999 [INFOR] [userlog] 当前:2023-07-05 19:02:58 用户:root 创建固件扫描任务:*, id:305, 并关联固件库
07-05 19:02:58,898061 [INFOR] [userlog] 当前:2023-07-05 19:02:58 用户:root 登录成功
07-05 19:03:00,001826 [INFOR] [userlog] 当前:2023-07-05 19:02:59 用户:root 删除固件扫描任务:*, id:305
07-05 19:03:00,059797 [INFOR] [userlog] 当前:2023-07-05 19:02:59 用户:root 创建固件扫描任务:pJBZwW8PTyCiByKdBmyopMbMo9CgGwkiQQxVflEY0tc9Zf7I5VpETLirydGSwidYJbR1mY532LMYrL7adUQp9r40RIhTgeVCDfm, id:306, 并关联固件库
07-05 19:03:00,307059 [INFOR] [userlog] 当前:2023-07-05 19:03:00 用户:root 登录成功
07-05 19:03:01,347741 [INFOR] [userlog] 当前:2023-07-05 19:03:01 用户:root 删除固件扫描任务:pJBZwW8PTyCiByKdBmyopMbMo9CgGwkiQQxVflEY0tc9Zf7I5VpETLirydGSwidYJbR1mY532LMYrL7adUQp9r40RIhTgeVCDfm, id:306
07-05 19:03:01,384991 [INFOR] [userlog] 当前:2023-07-05 19:03:01 用户:root 创建固件扫描任务:1hX15Zz7hxyEztiy8KZ6yZfVJeaKpqd7Ig8JaBjpisdZplnCBXJiy7SP5ZxHop6vaf2lNfeM1IyIssjKlWnGNHG4FeygtN8xZTX, id:307, 并关联固件库
07-05 19:03:01,654370 [INFOR] [userlog] 当前:2023-07-05 19:03:01 用户:root 登录成功
07-05 19:03:02,895260 [INFOR] [userlog] 当前:2023-07-05 19:03:02 用户:root 登录成功
07-05 19:03:04,107826 [INFOR] [userlog] 当前:2023-07-05 19:03:03 用户:root 登录成功
07-05 19:03:05,202867 [INFOR] [userlog] 当前:2023-07-05 19:03:04 用户:root 登录成功
07-05 19:03:06,762012 [INFOR] [userlog] 当前:2023-07-05 19:03:06 用户:root 登录成功
07-05 19:03:07,972230 [INFOR] [userlog] 当前:2023-07-05 19:03:07 用户:root 登录成功
07-05 19:03:09,153203 [INFOR] [userlog] 当前:2023-07-05 19:03:08 用户:root 登录成功
07-05 19:03:10,231874 [INFOR] [userlog] 当前:2023-07-05 19:03:10 用户:root 登录成功
07-05 19:03:11,434586 [INFOR] [userlog] 当前:2023-07-05 19:03:11 用户:root 登录成功
07-05 19:03:12,669259 [INFOR] [userlog] 当前:2023-07-05 19:03:12 用户:root 登录成功
07-05 19:03:13,147158 [INFOR] [userlog] 当前:2023-07-05 19:03:12 用户:root 登录成功
07-05 19:03:14,284878 [INFOR] [userlog] 当前:2023-07-05 19:03:14 用户:root 登录成功
07-05 19:03:15,481931 [INFOR] [userlog] 当前:2023-07-05 19:03:15 用户:root 登录成功
07-05 19:03:16,915139 [INFOR] [userlog] 当前:2023-07-05 19:03:16 用户:root 登录成功
07-05 19:03:18,122657 [INFOR] [userlog] 当前:2023-07-05 19:03:17 用户:root 登录成功
07-05 19:03:19,310972 [INFOR] [userlog] 当前:2023-07-05 19:03:19 用户:root 登录成功
07-05 19:03:20,429297 [INFOR] [userlog] 当前:2023-07-05 19:03:20 用户:root 登录成功
07-05 19:03:21,474433 [INFOR] [userlog] 当前:2023-07-05 19:03:21 用户:root 登录成功
07-05 19:03:22,583761 [INFOR] [userlog] 当前:2023-07-05 19:03:22 用户:root 登录成功
07-05 19:03:23,800053 [INFOR] [userlog] 当前:2023-07-05 19:03:23 用户:root 登录成功
07-05 19:03:24,895785 [INFOR] [userlog] 当前:2023-07-05 19:03:24 用户:root 登录成功
07-05 19:03:26,205420 [INFOR] [userlog] 当前:2023-07-05 19:03:25 用户:root 登录成功
07-05 19:03:27,307637 [INFOR] [userlog] 当前:2023-07-05 19:03:27 用户:root 登录成功
07-05 19:03:27,532828 [INFOR] [userlog] 当前:2023-07-05 19:03:27 用户:root 删除报告对比任务:app.bin对比smb_pass, id:7
07-05 19:03:27,751585 [INFOR] [userlog] 当前:2023-07-05 19:03:27 用户:root 登录成功
07-05 19:03:28,247276 [INFOR] [userlog] 当前:2023-07-05 19:03:28 用户:root 创建报告对比任务:app.bin对比smb_pass, id:8
07-05 19:03:28,470562 [INFOR] [userlog] 当前:2023-07-05 19:03:28 用户:root 创建报告对比任务:app.bin对比smb_pass, id:9
07-05 19:03:28,600655 [INFOR] [userlog] 当前:2023-07-05 19:03:28 用户:root 删除报告对比任务:app.bin对比smb_pass, id:8
07-05 19:03:28,825257 [INFOR] [userlog] 当前:2023-07-05 19:03:28 用户:root 登录成功
07-05 19:03:29,335694 [INFOR] [userlog] 当前:2023-07-05 19:03:29 用户:root 登录成功
07-05 19:03:29,727941 [INFOR] [userlog] 当前:2023-07-05 19:03:29 用户:root 登录成功
07-05 19:03:31,039452 [INFOR] [userlog] 当前:2023-07-05 19:03:30 用户:root 创建固件扫描任务:zsy.zip, id:308, 并关联固件库
07-05 19:03:32,113249 [INFOR] [userlog] 当前:2023-07-05 19:03:31 用户:root 登录成功
07-05 19:03:33,446687 [INFOR] [userlog] 当前:2023-07-05 19:03:33 用户:root 删除固件扫描任务:zsy.zip, id:279
07-05 19:03:33,468651 [INFOR] [userlog] 当前:2023-07-05 19:03:33 用户:root 创建固件扫描任务:zsy.zip, id:309, 并未关联固件库
07-05 19:03:33,527973 [INFOR] [userlog] 当前:2023-07-05 19:03:33 用户:root 删除固件扫描任务:zsy.zip, id:308
07-05 19:03:33,527986 [INFOR] [userlog] 当前:2023-07-05 19:03:33 用户:root 删除固件扫描任务:zsy.zip, id:309
07-05 19:03:33,800494 [INFOR] [userlog] 当前:2023-07-05 19:03:33 用户:root 登录成功
07-05 19:03:34,320356 [INFOR] [userlog] 当前:2023-07-05 19:03:34 用户:root 登录成功
07-05 19:03:34,905906 [INFOR] [userlog] 当前:2023-07-05 19:03:34 用户:root 登录成功
07-05 19:03:35,290687 [INFOR] [userlog] 当前:2023-07-05 19:03:35 用户:root 登录成功
07-05 19:03:37,003304 [INFOR] [userlog] 当前:2023-07-05 19:03:36 用户:root 创建固件扫描任务:zsy.zip, id:310, 并未关联固件库
07-05 19:03:37,222361 [INFOR] [userlog] 当前:2023-07-05 19:03:37 用户:root 开始固件扫描任务:zsy.zip, id:310
07-05 19:03:37,476077 [INFOR] [userlog] 当前:2023-07-05 19:03:37 用户:root 登录成功
07-05 19:03:37,805207 [INFOR] [userlog] 当前:2023-07-05 19:03:37 用户:root 删除固件扫描任务:*, id:286
07-05 19:03:38,470045 [INFOR] [userlog] 当前:2023-07-05 19:03:37 用户:root 创建固件扫描任务:libcurl_7.17.1-1_arm.ipk, id:311, 并未关联固件库
07-05 19:03:38,698370 [INFOR] [userlog] 当前:2023-07-05 19:03:38 用户:root 开始固件扫描任务:libcurl_7.17.1-1_arm.ipk, id:311
07-05 19:04:24,228058 [INFOR] [userlog] 当前:2023-07-05 19:04:23 用户:root 登录成功
07-05 19:04:25,843212 [INFOR] [userlog] 当前:2023-07-05 19:04:25 用户:root 暂停固件扫描任务:libcurl_7.17.1-1_arm.ipk, id:311
07-05 19:04:25,886348 [INFOR] [userlog] 当前:2023-07-05 19:04:25 用户:root 删除固件扫描任务:libcurl_7.17.1-1_arm.ipk, id:311
07-05 19:04:25,913296 [INFOR] [userlog] 当前:2023-07-05 19:04:24 用户:root 创建固件扫描任务:libcurl_7.17.1-1_arm.ipk, id:312, 并未关联固件库
07-05 19:04:26,122241 [INFOR] [userlog] 当前:2023-07-05 19:04:26 用户:root 开始固件扫描任务:libcurl_7.17.1-1_arm.ipk, id:312
07-05 19:04:26,178487 [INFOR] [userlog] 当前:2023-07-05 19:04:26 用户:root 暂停固件扫描任务:libcurl_7.17.1-1_arm.ipk, id:312
07-05 19:04:26,232900 [INFOR] [userlog] 当前:2023-07-05 19:04:26 用户:root 删除固件扫描任务:libcurl_7.17.1-1_arm.ipk, id:312
07-05 19:04:26,484813 [INFOR] [userlog] 当前:2023-07-05 19:04:26 用户:root 登录成功
07-05 19:04:26,676288 [INFOR] [userlog] 当前:2023-07-05 19:04:26 用户:root 删除固件扫描任务:dsp.ko, id:280
07-05 19:04:26,688813 [INFOR] [userlog] 当前:2023-07-05 19:04:26 用户:root 创建固件扫描任务:dsp.ko, id:313, 并未关联固件库
07-05 19:04:26,817438 [INFOR] [userlog] 当前:2023-07-05 19:04:26 用户:root 开始固件扫描任务:dsp.ko, id:313
07-05 19:05:27,060203 [INFOR] [userlog] 当前:2023-07-05 19:05:26 用户:root 删除固件扫描任务:dsp.ko, id:313
07-05 19:05:27,295534 [INFOR] [userlog] 当前:2023-07-05 19:05:27 用户:root 登录成功
07-05 19:05:27,659600 [INFOR] [userlog] 当前:2023-07-05 19:05:27 用户:root 登录成功
07-05 19:05:28,093203 [INFOR] [userlog] 当前:2023-07-05 19:05:27 用户:root 登录成功
07-05 19:05:28,534117 [INFOR] [userlog] 当前:2023-07-05 19:05:28 用户:root 登录成功
07-05 19:05:29,363174 [INFOR] [userlog] 当前:2023-07-05 19:05:29 用户:root 登录成功
07-05 19:05:29,713245 [INFOR] [userlog] 当前:2023-07-05 19:05:29 用户:root 登录成功
