07-26 09:44:13,328112 [INFOR] [userlog] 当前:2023-07-26 09:44:13 用户:cxh 登录成功
07-26 09:56:56,825970 [INFOR] [userlog] 当前:2023-07-26 09:56:56 用户:wt 删除固件扫描任务:zsy.zip, id:2888
07-26 09:58:15,289867 [INFOR] [userlog] 当前:2023-07-26 09:58:15 用户:cxh 创建固件扫描任务:app.bin, id:2928, 并关联固件库
07-26 09:58:22,298794 [INFOR] [userlog] 当前:2023-07-26 09:58:22 用户:cxh 创建固件扫描任务:DSL-3782_A1_EU_1.01_07282016.bin, id:2929, 并关联固件库
07-26 09:58:28,576083 [INFOR] [userlog] 当前:2023-07-26 09:58:28 用户:cxh 创建固件扫描任务:dsp.ko, id:2930, 并关联固件库
07-26 09:58:36,337771 [INFOR] [userlog] 当前:2023-07-26 09:58:36 用户:cxh 创建固件扫描任务:boot.img, id:2931, 并关联固件库
07-26 09:58:53,224312 [INFOR] [userlog] 当前:2023-07-26 09:58:53 用户:cxh 创建固件扫描任务:340g.bin, id:2932, 并关联固件库
07-26 09:59:00,900685 [INFOR] [userlog] 当前:2023-07-26 09:59:00 用户:cxh 创建固件扫描任务:libcurl_7.17.1-1_arm.ipk, id:2933, 并关联固件库
07-26 10:20:14,699818 [INFOR] [userlog] 当前:2023-07-26 10:20:14 用户:cxh 开始固件扫描任务:libcurl_7.17.1-1_arm.ipk, id:2933
07-26 10:20:40,518965 [INFOR] [userlog] 当前:2023-07-26 10:20:40 用户:wx 登录成功
07-26 10:26:19,582727 [INFOR] [userlog] 当前:2023-07-26 10:26:19 用户:cxh 删除固件扫描任务:337557852378103808.zip, id:2902
07-26 10:32:00,878345 [INFOR] [userlog] 当前:2023-07-26 10:32:00 用户:cxh 退出登录
07-26 10:32:08,009084 [INFOR] [userlog] 当前:2023-07-26 10:32:05 用户:wwh 登录成功
07-26 11:44:34,055325 [INFOR] [userlog] 当前:2023-07-26 11:44:34 用户:wwh 创建固件扫描任务:LEADPFASoftware, id:2934, 并未关联固件库
07-26 11:44:36,950978 [INFOR] [userlog] 当前:2023-07-26 11:44:36 用户:wwh 开始固件扫描任务:LEADPFASoftware, id:2934
07-26 11:45:25,691484 [INFOR] [userlog] 当前:2023-07-26 11:45:25 用户:wwh 开始生成任务:sf6PDF报告
07-26 11:46:08,334942 [INFOR] [userlog] 当前:2023-07-26 11:46:08 用户:wwh 下载了任务:sf6PDF报告
07-26 11:46:20,475861 [INFOR] [userlog] 当前:2023-07-26 11:46:20 用户:wwh 暂停固件扫描任务:LEADPFASoftware, id:2934
07-26 11:46:53,934973 [INFOR] [userlog] 当前:2023-07-26 11:46:53 用户:wwh 删除固件扫描任务:LEADPFASoftware, id:2934
07-26 11:49:37,852833 [INFOR] [userlog] 当前:2023-07-26 11:49:37 用户:wwh 创建报告对比任务:远传带电指示器.hex对比M-20140708.hex, id:316
07-26 11:58:29,154416 [INFOR] [userlog] 当前:2023-07-26 11:58:29 用户:wwh 退出登录
07-26 11:58:41,783220 [INFOR] [userlog] 当前:2023-07-26 11:58:41 用户:config 登录成功
07-26 11:58:45,865412 [INFOR] [userlog] 当前:2023-07-26 11:58:45 用户:config 退出登录
07-26 11:59:01,210483 [INFOR] [userlog] 当前:2023-07-26 11:59:01 用户:config 登录成功
07-26 11:59:06,252851 [INFOR] [userlog] 当前:2023-07-26 11:59:06 用户:config 退出登录
07-26 11:59:12,878002 [INFOR] [userlog] 当前:2023-07-26 11:59:12 用户:cxh 登录成功
07-26 11:59:48,122273 [INFOR] [userlog] 当前:2023-07-26 11:59:48 用户:cxh 退出登录
07-26 12:02:47,453281 [INFOR] [userlog] 当前:2023-07-26 12:02:46 用户:cxh 登录成功
07-26 12:03:05,557507 [INFOR] [userlog] 当前:2023-07-26 12:03:05 用户:cxh 退出登录
07-26 12:03:09,426594 [INFOR] [userlog] 当前:2023-07-26 12:03:09 用户:wwh 登录成功
07-26 12:27:36,240682 [INFOR] [userlog] 当前:2023-07-26 12:27:36 用户:wwh 下载了任务:sf6PDF报告
07-26 13:57:10,184447 [INFOR] [userlog] 当前:2023-07-26 13:57:10 用户:wwh 退出登录
07-26 13:57:19,408207 [INFOR] [userlog] 当前:2023-07-26 13:57:19 用户:wwh 登录成功
07-26 13:58:41,342556 [INFOR] [userlog] 当前:2023-07-26 13:58:41 用户:wx 退出登录
07-26 13:58:45,702248 [INFOR] [userlog] 当前:2023-07-26 13:58:45 用户:wx 登录成功
07-26 14:27:18,936556 [INFOR] [userlog] 当前:2023-07-26 14:27:18 用户:wwh 登录成功
07-26 14:27:24,411911 [INFOR] [userlog] 当前:2023-07-26 14:27:24 用户:wx 登录成功
07-26 14:27:29,283938 [INFOR] [userlog] 当前:2023-07-26 14:27:29 用户:wx 开始生成任务:远传带电指示器.hexPDF报告
07-26 14:27:35,665417 [INFOR] [userlog] 当前:2023-07-26 14:27:35 用户:cxh 登录成功
07-26 14:27:44,463914 [INFOR] [userlog] 当前:2023-07-26 14:27:44 用户:wx 下载了任务:远传带电指示器.hexPDF报告
07-26 14:28:32,897987 [INFOR] [userlog] 当前:2023-07-26 14:28:32 用户:wwh 下载固件扫描任务漏洞库文件:VDR-308_Ramdisk.zip, id:2897
07-26 14:31:07,424851 [INFOR] [userlog] 当前:2023-07-26 14:31:07 用户:wwh 退出登录
07-26 14:31:50,840980 [INFOR] [userlog] 当前:2023-07-26 14:31:50 用户:config 登录成功
07-26 14:32:20,523598 [INFOR] [userlog] 当前:2023-07-26 14:32:20 用户:config 退出登录
07-26 14:32:27,460705 [INFOR] [userlog] 当前:2023-07-26 14:32:27 用户:wwh 登录成功
07-26 14:32:31,572697 [INFOR] [userlog] 当前:2023-07-26 14:32:31 用户:wwh 开始生成任务:CC2530_Card.hexPDF报告
07-26 14:32:52,437169 [INFOR] [userlog] 当前:2023-07-26 14:32:52 用户:wwh 退出登录
07-26 14:32:57,860829 [INFOR] [userlog] 当前:2023-07-26 14:32:57 用户:cxh 登录成功
07-26 14:33:20,342232 [INFOR] [userlog] 当前:2023-07-26 14:33:20 用户:cxh 开始生成任务:libcurl_7.17.1-1_arm.ipkPDF报告
07-26 14:33:44,508553 [INFOR] [userlog] 当前:2023-07-26 14:33:44 用户:cxh 下载了任务:libcurl_7.17.1-1_arm.ipkPDF报告
07-26 14:38:14,859658 [INFOR] [userlog] 当前:2023-07-26 14:38:14 用户:cxh 退出登录
07-26 14:39:22,207164 [INFOR] [userlog] 当前:2023-07-26 14:39:22 用户:wwh 登录成功
07-26 14:41:37,463332 [INFOR] [userlog] 当前:2023-07-26 14:41:37 用户:wwh 退出登录
07-26 14:42:30,939773 [INFOR] [userlog] 当前:2023-07-26 14:42:30 用户:wwh 登录成功
07-26 14:43:12,330412 [INFOR] [userlog] 当前:2023-07-26 14:43:12 用户:wwh 退出登录
07-26 14:44:02,346813 [INFOR] [userlog] 当前:2023-07-26 14:44:02 用户:config 登录成功
07-26 14:44:10,854068 [INFOR] [userlog] 当前:2023-07-26 14:44:10 用户:config 退出登录
07-26 14:44:12,962827 [INFOR] [userlog] 当前:2023-07-26 14:44:12 用户:cxh 登录成功
07-26 14:44:21,045017 [INFOR] [userlog] 当前:2023-07-26 14:44:21 用户:cxh 开始生成任务:SCM6JIZHONG.hexPDF报告
07-26 14:44:45,147800 [INFOR] [userlog] 当前:2023-07-26 14:44:45 用户:cxh 下载了任务:SCM6JIZHONG.hexPDF报告
07-26 14:46:02,471127 [INFOR] [userlog] 当前:2023-07-26 14:46:02 用户:cxh 退出登录
07-26 14:46:05,425027 [INFOR] [userlog] 当前:2023-07-26 14:46:05 用户:config 登录成功
07-26 14:46:46,785508 [INFOR] [userlog] 当前:2023-07-26 14:46:46 用户:cxh 登录成功
07-26 14:49:50,601332 [INFOR] [userlog] 当前:2023-07-26 14:49:50 用户:config 退出登录
07-26 14:49:56,448199 [INFOR] [userlog] 当前:2023-07-26 14:49:56 用户:cxh 登录成功
07-26 14:50:04,100330 [INFOR] [userlog] 当前:2023-07-26 14:50:04 用户:cxh 退出登录
07-26 14:53:01,550651 [INFOR] [userlog] 当前:2023-07-26 14:53:01 用户:cxh 登录成功
07-26 14:53:23,611780 [INFOR] [userlog] 当前:2023-07-26 14:53:23 用户:wwh 登录成功
07-26 16:58:24,426527 [INFOR] [userlog] 当前:2023-07-26 16:58:24 用户:wwh 登录成功
07-26 16:58:29,320829 [INFOR] [userlog] 当前:2023-07-26 16:58:29 用户:wwh 创建固件扫描任务:vxWorks.symtab, id:2935, 并未关联固件库
07-26 16:58:29,674022 [INFOR] [userlog] 当前:2023-07-26 16:58:29 用户:wwh 开始固件扫描任务:vxWorks.symtab, id:2935
07-26 16:58:30,417456 [INFOR] [userlog] 当前:2023-07-26 16:58:30 用户:wwh 创建固件扫描任务:vxWorks_v5_mips_bigendian.bin, id:2936, 并未关联固件库
07-26 16:58:30,820115 [INFOR] [userlog] 当前:2023-07-26 16:58:30 用户:wwh 开始固件扫描任务:vxWorks_v5_mips_bigendian.bin, id:2936
07-26 16:58:31,265215 [INFOR] [userlog] 当前:2023-07-26 16:58:31 用户:wwh 创建固件扫描任务:vxWorks.bin.symtab, id:2937, 并未关联固件库
07-26 16:58:31,630787 [INFOR] [userlog] 当前:2023-07-26 16:58:31 用户:wwh 开始固件扫描任务:vxWorks.bin.symtab, id:2937
07-26 16:58:33,407909 [INFOR] [userlog] 当前:2023-07-26 16:58:33 用户:wwh 创建固件扫描任务:vxWorks_v5_mips_little-endian.bin, id:2938, 并未关联固件库
07-26 16:58:33,804939 [INFOR] [userlog] 当前:2023-07-26 16:58:33 用户:wwh 开始固件扫描任务:vxWorks_v5_mips_little-endian.bin, id:2938
07-26 16:58:34,814242 [INFOR] [userlog] 当前:2023-07-26 16:58:34 用户:wwh 创建固件扫描任务:vxWorks.elf, id:2939, 并未关联固件库
07-26 16:58:35,242633 [INFOR] [userlog] 当前:2023-07-26 16:58:34 用户:wwh 开始固件扫描任务:vxWorks.elf, id:2939
07-26 16:58:36,035382 [INFOR] [userlog] 当前:2023-07-26 16:58:36 用户:wwh 创建固件扫描任务:vxWorks_v6_mk68_bigendian.bin, id:2940, 并未关联固件库
07-26 16:58:36,436036 [INFOR] [userlog] 当前:2023-07-26 16:58:36 用户:wwh 开始固件扫描任务:vxWorks_v6_mk68_bigendian.bin, id:2940
07-26 16:58:38,908228 [INFOR] [userlog] 当前:2023-07-26 16:58:38 用户:wwh 创建固件扫描任务:uVxWorks, id:2941, 并未关联固件库
07-26 16:58:39,282182 [INFOR] [userlog] 当前:2023-07-26 16:58:38 用户:wwh 开始固件扫描任务:uVxWorks, id:2941
07-26 16:58:41,772366 [INFOR] [userlog] 当前:2023-07-26 16:58:41 用户:wwh 创建固件扫描任务:vxWorks_v7_arm_little-endian_nxp_lmx8.bin, id:2942, 并未关联固件库
07-26 16:58:42,131270 [INFOR] [userlog] 当前:2023-07-26 16:58:41 用户:wwh 开始固件扫描任务:vxWorks_v7_arm_little-endian_nxp_lmx8.bin, id:2942
07-26 16:58:47,163256 [INFOR] [userlog] 当前:2023-07-26 16:58:47 用户:wwh 创建固件扫描任务:vxWorks_v7_arm_little-endian_nxp_lmx8.elf, id:2943, 并未关联固件库
07-26 16:58:47,517019 [INFOR] [userlog] 当前:2023-07-26 16:58:47 用户:wwh 开始固件扫描任务:vxWorks_v7_arm_little-endian_nxp_lmx8.elf, id:2943
07-26 16:58:50,017898 [INFOR] [userlog] 当前:2023-07-26 16:58:50 用户:wwh 创建固件扫描任务:vxWorks_v7_arm_little-endian_nxp_raspberrypi4b.bin, id:2944, 并未关联固件库
07-26 16:58:50,374300 [INFOR] [userlog] 当前:2023-07-26 16:58:50 用户:wwh 开始固件扫描任务:vxWorks_v7_arm_little-endian_nxp_raspberrypi4b.bin, id:2944
07-26 16:58:53,594109 [INFOR] [userlog] 当前:2023-07-26 16:58:53 用户:wwh 创建固件扫描任务:uVxWorks, id:2945, 并未关联固件库
07-26 16:58:53,938661 [INFOR] [userlog] 当前:2023-07-26 16:58:53 用户:wwh 开始固件扫描任务:uVxWorks, id:2945
07-26 16:58:58,775830 [INFOR] [userlog] 当前:2023-07-26 16:58:58 用户:wwh 登录成功
07-26 17:37:00,597446 [INFOR] [userlog] 当前:2023-07-26 17:37:00 用户:root 登录成功
07-26 17:37:01,095242 [INFOR] [userlog] 当前:2023-07-26 17:37:01 用户:root 创建固件扫描任务:vxWorks.symtab, id:2946, 并未关联固件库
07-26 17:37:01,480373 [INFOR] [userlog] 当前:2023-07-26 17:37:01 用户:root 开始固件扫描任务:vxWorks.symtab, id:2946
07-26 17:37:02,147121 [INFOR] [userlog] 当前:2023-07-26 17:37:02 用户:root 创建固件扫描任务:vxWorks_v5_mips_bigendian.bin, id:2947, 并未关联固件库
07-26 17:37:02,541683 [INFOR] [userlog] 当前:2023-07-26 17:37:02 用户:root 开始固件扫描任务:vxWorks_v5_mips_bigendian.bin, id:2947
07-26 17:37:02,917801 [INFOR] [userlog] 当前:2023-07-26 17:37:02 用户:root 创建固件扫描任务:vxWorks.bin.symtab, id:2948, 并未关联固件库
07-26 17:37:03,284082 [INFOR] [userlog] 当前:2023-07-26 17:37:03 用户:root 开始固件扫描任务:vxWorks.bin.symtab, id:2948
07-26 17:37:04,478147 [INFOR] [userlog] 当前:2023-07-26 17:37:04 用户:root 创建固件扫描任务:vxWorks_v5_mips_little-endian.bin, id:2949, 并未关联固件库
07-26 17:37:04,858594 [INFOR] [userlog] 当前:2023-07-26 17:37:04 用户:root 开始固件扫描任务:vxWorks_v5_mips_little-endian.bin, id:2949
07-26 17:37:05,999885 [INFOR] [userlog] 当前:2023-07-26 17:37:05 用户:root 创建固件扫描任务:vxWorks.elf, id:2950, 并未关联固件库
07-26 17:37:06,395729 [INFOR] [userlog] 当前:2023-07-26 17:37:06 用户:root 开始固件扫描任务:vxWorks.elf, id:2950
07-26 17:37:07,147753 [INFOR] [userlog] 当前:2023-07-26 17:37:07 用户:root 创建固件扫描任务:vxWorks_v6_mk68_bigendian.bin, id:2951, 并未关联固件库
07-26 17:37:07,543435 [INFOR] [userlog] 当前:2023-07-26 17:37:07 用户:root 开始固件扫描任务:vxWorks_v6_mk68_bigendian.bin, id:2951
07-26 17:37:09,044219 [INFOR] [userlog] 当前:2023-07-26 17:37:09 用户:root 创建固件扫描任务:uVxWorks, id:2952, 并未关联固件库
07-26 17:37:09,384857 [INFOR] [userlog] 当前:2023-07-26 17:37:09 用户:root 开始固件扫描任务:uVxWorks, id:2952
07-26 17:37:10,847094 [INFOR] [userlog] 当前:2023-07-26 17:37:10 用户:root 创建固件扫描任务:vxWorks_v7_arm_little-endian_nxp_lmx8.bin, id:2953, 并未关联固件库
07-26 17:37:11,231635 [INFOR] [userlog] 当前:2023-07-26 17:37:10 用户:root 开始固件扫描任务:vxWorks_v7_arm_little-endian_nxp_lmx8.bin, id:2953
07-26 17:37:15,039223 [INFOR] [userlog] 当前:2023-07-26 17:37:15 用户:root 创建固件扫描任务:vxWorks_v7_arm_little-endian_nxp_lmx8.elf, id:2954, 并未关联固件库
07-26 17:37:15,433459 [INFOR] [userlog] 当前:2023-07-26 17:37:15 用户:root 开始固件扫描任务:vxWorks_v7_arm_little-endian_nxp_lmx8.elf, id:2954
07-26 17:37:17,204008 [INFOR] [userlog] 当前:2023-07-26 17:37:17 用户:root 创建固件扫描任务:vxWorks_v7_arm_little-endian_nxp_raspberrypi4b.bin, id:2955, 并未关联固件库
07-26 17:37:17,571581 [INFOR] [userlog] 当前:2023-07-26 17:37:17 用户:root 开始固件扫描任务:vxWorks_v7_arm_little-endian_nxp_raspberrypi4b.bin, id:2955
07-26 17:37:20,313671 [INFOR] [userlog] 当前:2023-07-26 17:37:20 用户:root 创建固件扫描任务:uVxWorks, id:2956, 并未关联固件库
07-26 17:37:20,695181 [INFOR] [userlog] 当前:2023-07-26 17:37:20 用户:root 开始固件扫描任务:uVxWorks, id:2956
07-26 17:37:26,011839 [INFOR] [userlog] 当前:2023-07-26 17:37:26 用户:root 创建固件扫描任务:vxWorks_v7_arm_little-endian_nxp_raspberrypi4b.elf, id:2957, 并未关联固件库
07-26 17:37:26,428507 [INFOR] [userlog] 当前:2023-07-26 17:37:26 用户:root 开始固件扫描任务:vxWorks_v7_arm_little-endian_nxp_raspberrypi4b.elf, id:2957
07-26 17:37:32,940599 [INFOR] [userlog] 当前:2023-07-26 17:37:32 用户:root 创建固件扫描任务:vxWorks_v7_riscv_little_endian.bin, id:2958, 并未关联固件库
07-26 17:37:33,324565 [INFOR] [userlog] 当前:2023-07-26 17:37:33 用户:root 开始固件扫描任务:vxWorks_v7_riscv_little_endian.bin, id:2958
07-26 17:37:35,457950 [INFOR] [userlog] 当前:2023-07-26 17:37:35 用户:root 创建固件扫描任务:uVxWorks, id:2959, 并未关联固件库
07-26 17:37:35,844330 [INFOR] [userlog] 当前:2023-07-26 17:37:35 用户:root 开始固件扫描任务:uVxWorks, id:2959
07-26 17:37:48,689372 [INFOR] [userlog] 当前:2023-07-26 17:37:48 用户:root 创建固件扫描任务:vxWorks_v7_riscv_little_endian.elf, id:2960, 并未关联固件库
07-26 17:37:49,073315 [INFOR] [userlog] 当前:2023-07-26 17:37:48 用户:root 开始固件扫描任务:vxWorks_v7_riscv_little_endian.elf, id:2960
07-26 17:38:08,589116 [INFOR] [userlog] 当前:2023-07-26 17:38:08 用户:root 创建固件扫描任务:vxWorks, id:2961, 并未关联固件库
07-26 17:38:09,006197 [INFOR] [userlog] 当前:2023-07-26 17:38:08 用户:root 开始固件扫描任务:vxWorks, id:2961
07-26 17:38:26,942910 [INFOR] [userlog] 当前:2023-07-26 17:38:26 用户:root 创建固件扫描任务:vxWorks_v7_x86_qemu.bin, id:2962, 并未关联固件库
07-26 17:38:27,405261 [INFOR] [userlog] 当前:2023-07-26 17:38:27 用户:root 开始固件扫描任务:vxWorks_v7_x86_qemu.bin, id:2962
07-26 17:38:52,089542 [INFOR] [userlog] 当前:2023-07-26 17:38:52 用户:root 创建固件扫描任务:vxWorks_v7_x86_qemu.elf, id:2963, 并未关联固件库
07-26 17:38:52,546439 [INFOR] [userlog] 当前:2023-07-26 17:38:52 用户:root 开始固件扫描任务:vxWorks_v7_x86_qemu.elf, id:2963
07-26 17:39:17,778265 [INFOR] [userlog] 当前:2023-07-26 17:39:17 用户:root 创建固件扫描任务:vxWorks_v7_x86_up2.bin, id:2964, 并未关联固件库
07-26 17:39:18,208005 [INFOR] [userlog] 当前:2023-07-26 17:39:17 用户:root 开始固件扫描任务:vxWorks_v7_x86_up2.bin, id:2964
07-26 17:39:38,801177 [INFOR] [userlog] 当前:2023-07-26 17:39:38 用户:root 创建固件扫描任务:vxWorks_v7_x86_up2.elf, id:2965, 并未关联固件库
07-26 17:39:39,202555 [INFOR] [userlog] 当前:2023-07-26 17:39:38 用户:root 开始固件扫描任务:vxWorks_v7_x86_up2.elf, id:2965
07-26 17:40:01,334390 [INFOR] [userlog] 当前:2023-07-26 17:39:59 用户:root 创建固件扫描任务:vxWorks-qemu.img, id:2966, 并未关联固件库
07-26 17:40:27,057659 [INFOR] [userlog] 当前:2023-07-26 17:40:10 用户:root 开始固件扫描任务:vxWorks-qemu.img, id:2966
07-26 17:48:11,562239 [INFOR] [userlog] 当前:2023-07-26 17:48:11 用户:wwh 退出登录
07-26 17:48:15,925755 [INFOR] [userlog] 当前:2023-07-26 17:48:15 用户:wwh 登录成功
07-26 17:48:42,139183 [INFOR] [userlog] 当前:2023-07-26 17:48:42 用户:wwh 退出登录
07-26 17:48:49,634081 [INFOR] [userlog] 当前:2023-07-26 17:48:49 用户:cxh 登录成功
07-26 17:49:16,949095 [INFOR] [userlog] 当前:2023-07-26 17:49:16 用户:cxh 退出登录
07-26 17:49:20,929869 [INFOR] [userlog] 当前:2023-07-26 17:49:20 用户:wwh 登录成功
07-26 17:49:26,474938 [INFOR] [userlog] 当前:2023-07-26 17:49:26 用户:wwh 退出登录
07-26 17:49:32,320679 [INFOR] [userlog] 当前:2023-07-26 17:49:30 用户:wwh 登录成功
07-26 17:50:13,479776 [INFOR] [userlog] 当前:2023-07-26 17:50:13 用户:wx 退出登录
07-26 17:50:22,939535 [INFOR] [userlog] 当前:2023-07-26 17:50:22 用户:wx 登录成功
07-26 17:50:42,450258 [INFOR] [userlog] 当前:2023-07-26 17:50:42 用户:wwh 退出登录
07-26 17:50:47,040658 [INFOR] [userlog] 当前:2023-07-26 17:50:46 用户:cxh 登录成功
07-26 17:52:11,730967 [INFOR] [userlog] 当前:2023-07-26 17:52:11 用户:admin 登录成功
07-26 17:57:44,616811 [INFOR] [userlog] 当前:2023-07-26 17:57:44 用户:wx 退出登录
07-26 18:02:34,956440 [INFOR] [userlog] 当前:2023-07-26 18:02:34 用户:admin 登录成功
07-26 18:04:34,658147 [INFOR] [userlog] 当前:2023-07-26 18:04:34 用户:cxh 退出登录
07-26 18:04:37,817363 [INFOR] [userlog] 当前:2023-07-26 18:04:37 用户:wwh 登录成功
07-26 18:06:03,499796 [INFOR] [userlog] 当前:2023-07-26 18:06:03 用户:admin 登录成功
07-26 18:09:55,113783 [INFOR] [userlog] 当前:2023-07-26 18:09:55 用户:wwh 退出登录
07-26 18:12:01,966156 [INFOR] [userlog] 当前:2023-07-26 18:12:01 用户:wwh 登录成功
07-26 18:12:31,125527 [INFOR] [userlog] 当前:2023-07-26 18:12:31 用户:wwh 退出登录
07-26 18:12:36,245584 [INFOR] [userlog] 当前:2023-07-26 18:12:36 用户:wwh 登录成功
07-26 18:12:42,251508 [INFOR] [userlog] 当前:2023-07-26 18:12:42 用户:wwh 退出登录
07-26 18:12:49,796220 [INFOR] [userlog] 当前:2023-07-26 18:12:49 用户:wwh 登录成功
07-26 18:14:05,017439 [INFOR] [userlog] 当前:2023-07-26 18:14:05 用户:wwh 删除固件扫描任务:empty, id:2805
07-26 18:14:48,412004 [INFOR] [userlog] 当前:2023-07-26 18:14:48 用户:wwh 退出登录
07-26 18:14:51,024741 [INFOR] [userlog] 当前:2023-07-26 18:14:50 用户:cxh 登录成功
07-26 18:15:30,920997 [INFOR] [userlog] 当前:2023-07-26 18:15:30 用户:cxh 删除固件扫描任务:zsy.zip, id:2891
07-26 18:15:30,921009 [INFOR] [userlog] 当前:2023-07-26 18:15:30 用户:cxh 删除固件扫描任务:zsy.zip, id:2883
07-26 18:18:33,807490 [INFOR] [userlog] 当前:2023-07-26 18:18:33 用户:cxh 删除固件扫描任务:zsy.zip, id:2880
07-26 18:18:33,807509 [INFOR] [userlog] 当前:2023-07-26 18:18:33 用户:cxh 删除固件扫描任务:zsy.zip, id:2882
07-26 18:26:35,226662 [INFOR] [userlog] 当前:2023-07-26 18:26:35 用户:cxh 下载了任务:sf6PDF报告
07-26 18:28:13,281215 [INFOR] [userlog] 当前:2023-07-26 18:28:13 用户:admin 登录成功
07-26 18:36:18,557538 [INFOR] [userlog] 当前:2023-07-26 18:36:18 用户:cxh 退出登录
07-26 18:36:21,812446 [INFOR] [userlog] 当前:2023-07-26 18:36:21 用户:wwh 登录成功
07-26 18:36:47,626406 [INFOR] [userlog] 当前:2023-07-26 18:36:47 用户:wwh 开始生成任务:bileiqi_monitorPDF报告
07-26 18:36:53,230673 [INFOR] [userlog] 当前:2023-07-26 18:36:53 用户:wwh 下载扫描任务:bileiqi_monitorExcel报告, id:2918
07-26 18:37:45,451376 [INFOR] [userlog] 当前:2023-07-26 18:37:45 用户:wwh 下载了任务:bileiqi_monitorPDF报告
07-26 18:42:05,439000 [INFOR] [userlog] 当前:2023-07-26 18:42:05 用户:wx 登录成功
07-26 18:58:19,469128 [INFOR] [userlog] 当前:2023-07-26 18:58:19 用户:wwh 退出登录
07-26 18:58:22,247191 [INFOR] [userlog] 当前:2023-07-26 18:58:22 用户:cxh 登录成功
07-26 19:06:22,238360 [INFOR] [userlog] 当前:2023-07-26 19:06:22 用户:cxh 创建固件扫描任务:zsy.zip, id:2967, 并未关联固件库
07-26 19:06:23,722508 [INFOR] [userlog] 当前:2023-07-26 19:06:23 用户:cxh 开始固件扫描任务:zsy.zip, id:2967
07-26 19:11:45,324347 [INFOR] [userlog] 当前:2023-07-26 19:11:45 用户:cxh 暂停固件扫描任务:zsy.zip, id:2967
07-26 19:11:46,915394 [INFOR] [userlog] 当前:2023-07-26 19:11:46 用户:cxh 恢复固件扫描任务:zsy.zip, id:2967至任务队列中
07-26 19:11:52,283010 [INFOR] [userlog] 当前:2023-07-26 19:11:52 用户:cxh 暂停固件扫描任务:zsy.zip, id:2967
07-26 19:12:20,710338 [INFOR] [userlog] 当前:2023-07-26 19:12:20 用户:cxh 创建固件扫描任务:kernel.img, id:2968, 并关联固件库
07-26 19:12:29,229483 [INFOR] [userlog] 当前:2023-07-26 19:12:29 用户:cxh 恢复固件扫描任务:zsy.zip, id:2967至任务队列中
07-26 19:12:32,117356 [INFOR] [userlog] 当前:2023-07-26 19:12:32 用户:cxh 暂停固件扫描任务:zsy.zip, id:2967
07-26 19:12:34,827236 [INFOR] [userlog] 当前:2023-07-26 19:12:34 用户:cxh 开始固件扫描任务:kernel.img, id:2968
07-26 19:12:35,713254 [INFOR] [userlog] 当前:2023-07-26 19:12:35 用户:cxh 暂停固件扫描任务:kernel.img, id:2968
07-26 19:22:59,672870 [INFOR] [userlog] 当前:2023-07-26 19:22:59 用户:cxh 退出登录
07-26 19:23:02,898050 [INFOR] [userlog] 当前:2023-07-26 19:23:02 用户:admin 登录成功
07-26 19:23:16,856444 [INFOR] [userlog] 当前:2023-07-26 19:23:16 用户:admin 恢复固件扫描任务:zsy.zip, id:2967至任务队列中
07-26 19:25:08,611189 [INFOR] [userlog] 当前:2023-07-26 19:25:08 用户:admin 恢复固件扫描任务:kernel.img, id:2968
07-26 19:27:21,282946 [INFOR] [userlog] 当前:2023-07-26 19:27:21 用户:admin 创建固件扫描任务:337557852378103808.zip, id:2969, 并未关联固件库
07-26 19:27:22,841832 [INFOR] [userlog] 当前:2023-07-26 19:27:22 用户:admin 开始固件扫描任务:337557852378103808.zip, id:2969
07-26 20:12:10,346524 [INFOR] [userlog] 当前:2023-07-26 20:12:10 用户:admin 创建报告对比任务:337557852378103808.zip对比kernel.img, id:317
07-26 20:12:23,761942 [INFOR] [userlog] 当前:2023-07-26 20:12:23 用户:admin 创建报告对比任务:337557852378103808.zip对比kernel.img, id:318
07-26 20:12:31,089897 [INFOR] [userlog] 当前:2023-07-26 20:12:31 用户:admin 删除报告对比任务:337557852378103808.zip对比kernel.img, id:318
07-26 20:12:31,105788 [INFOR] [userlog] 当前:2023-07-26 20:12:31 用户:admin 删除报告对比任务:337557852378103808.zip对比kernel.img, id:317
07-26 20:12:31,120412 [INFOR] [userlog] 当前:2023-07-26 20:12:31 用户:admin 删除报告对比任务:远传带电指示器.hex对比M-20140708.hex, id:316
07-26 20:12:31,135151 [INFOR] [userlog] 当前:2023-07-26 20:12:31 用户:admin 删除报告对比任务:zsy.zip对比zsy.zip, id:315
07-26 20:12:31,150311 [INFOR] [userlog] 当前:2023-07-26 20:12:31 用户:admin 删除报告对比任务:zsy.zip对比zsy.zip, id:314
07-26 20:12:31,169906 [INFOR] [userlog] 当前:2023-07-26 20:12:31 用户:admin 删除报告对比任务:yaffs2_le.img对比yaffs2_be.img, id:313
07-26 20:12:31,185327 [INFOR] [userlog] 当前:2023-07-26 20:12:31 用户:admin 删除报告对比任务:libcrypto.so.0.9.8对比WE1N2_1000.bin, id:312
07-26 20:12:31,199574 [INFOR] [userlog] 当前:2023-07-26 20:12:31 用户:admin 删除报告对比任务:jq-test(jquary组件识别).zip对比Fx_Dual_Instance.bin, id:311
07-26 20:12:31,213964 [INFOR] [userlog] 当前:2023-07-26 20:12:31 用户:admin 删除报告对比任务:提升品型的权威机携手飒飒开展识传播11的公益!合-展知识播公益展#识传播的公益展知发知识传播的公益展知识传播的公益展知发.ipk对比13e2d4c4f689_172.18.0.5_bind_20230417.c2d, id:153
07-26 20:12:31,227647 [INFOR] [userlog] 当前:2023-07-26 20:12:31 用户:admin 删除报告对比任务:提升品型的权威机携手飒飒开展识传播11的公益!合-展知识播公益展#识传播的公益展知发知识传播的公益展知识传播的公益展知发.ipk对比13e2d4c4f689_172.18.0.5_bind_20230417.c2d, id:151
07-26 20:12:56,908410 [INFOR] [userlog] 当前:2023-07-26 20:12:56 用户:admin 开始生成任务:zsy.zipPDF报告
07-26 20:13:44,490541 [INFOR] [userlog] 当前:2023-07-26 20:13:44 用户:admin 下载了任务:zsy.zipPDF报告
07-26 20:14:30,948683 [INFOR] [userlog] 当前:2023-07-26 20:14:30 用户:admin 退出登录
07-26 20:15:29,356627 [INFOR] [userlog] 当前:2023-07-26 20:15:29 用户:admin 修改密码成功
07-26 20:15:32,207805 [INFOR] [userlog] 当前:2023-07-26 20:15:32 用户:admin 登录成功
07-26 20:15:34,403101 [INFOR] [userlog] 当前:2023-07-26 20:15:34 用户:admin 退出登录
07-26 20:15:37,962106 [INFOR] [userlog] 当前:2023-07-26 20:15:37 用户:cxh 登录成功
07-26 20:15:40,434511 [INFOR] [userlog] 当前:2023-07-26 20:15:40 用户:cxh 退出登录
07-26 20:15:48,160444 [INFOR] [userlog] 当前:2023-07-26 20:15:48 用户:cxh 修改密码成功
07-26 20:16:08,035784 [INFOR] [userlog] 当前:2023-07-26 20:16:07 用户:cxh 修改密码成功
07-26 20:16:12,465060 [INFOR] [userlog] 当前:2023-07-26 20:16:12 用户:cxh 登录成功
07-26 20:16:58,809638 [INFOR] [userlog] 当前:2023-07-26 20:16:58 用户:wwh 登录成功
07-26 20:17:54,335006 [INFOR] [userlog] 当前:2023-07-26 20:17:54 用户:wwh 退出登录
07-26 20:17:58,037123 [INFOR] [userlog] 当前:2023-07-26 20:17:57 用户:wwh 登录成功
07-26 20:19:37,690334 [INFOR] [userlog] 当前:2023-07-26 20:19:37 用户:wwh 创建报告对比任务:uVxWorks对比vxWorks_v7_arm_little-endian_nxp_raspberrypi4b.bin, id:319
07-26 20:19:51,501006 [INFOR] [userlog] 当前:2023-07-26 20:19:51 用户:wwh 退出登录
07-26 20:19:54,426381 [INFOR] [userlog] 当前:2023-07-26 20:19:54 用户:wwh 登录成功
07-26 20:20:04,700667 [INFOR] [userlog] 当前:2023-07-26 20:20:04 用户:wwh 删除报告对比任务:uVxWorks对比vxWorks_v7_arm_little-endian_nxp_raspberrypi4b.bin, id:319
07-26 20:20:27,211200 [INFOR] [userlog] 当前:2023-07-26 20:20:27 用户:wwh 创建固件扫描任务:DSL-3782_A1_EU_1.01_07282016.bin, id:2970, 并关联固件库
07-26 20:20:59,970044 [INFOR] [userlog] 当前:2023-07-26 20:20:59 用户:wwh 删除固件扫描任务:DSL-3782_A1_EU_1.01_07282016.bin, id:2970
07-26 20:21:00,152303 [INFOR] [userlog] 当前:2023-07-26 20:20:59 用户:wwh 删除固件扫描任务:uVxWorks, id:2945
07-26 20:21:00,152322 [INFOR] [userlog] 当前:2023-07-26 20:20:59 用户:wwh 删除固件扫描任务:vxWorks_v7_arm_little-endian_nxp_raspberrypi4b.bin, id:2944
07-26 20:21:00,152327 [INFOR] [userlog] 当前:2023-07-26 20:20:59 用户:wwh 删除固件扫描任务:vxWorks_v7_arm_little-endian_nxp_lmx8.elf, id:2943
07-26 20:21:00,152332 [INFOR] [userlog] 当前:2023-07-26 20:20:59 用户:wwh 删除固件扫描任务:vxWorks_v7_arm_little-endian_nxp_lmx8.bin, id:2942
07-26 20:21:00,152337 [INFOR] [userlog] 当前:2023-07-26 20:20:59 用户:wwh 删除固件扫描任务:uVxWorks, id:2941
07-26 20:21:00,152343 [INFOR] [userlog] 当前:2023-07-26 20:20:59 用户:wwh 删除固件扫描任务:vxWorks_v6_mk68_bigendian.bin, id:2940
07-26 20:21:00,152348 [INFOR] [userlog] 当前:2023-07-26 20:20:59 用户:wwh 删除固件扫描任务:vxWorks.elf, id:2939
07-26 20:21:00,152354 [INFOR] [userlog] 当前:2023-07-26 20:20:59 用户:wwh 删除固件扫描任务:vxWorks_v5_mips_little-endian.bin, id:2938
07-26 20:21:00,152359 [INFOR] [userlog] 当前:2023-07-26 20:20:59 用户:wwh 删除固件扫描任务:vxWorks.bin.symtab, id:2937
07-26 20:21:00,152364 [INFOR] [userlog] 当前:2023-07-26 20:20:59 用户:wwh 删除固件扫描任务:vxWorks_v5_mips_bigendian.bin, id:2936
07-26 20:21:46,032736 [INFOR] [userlog] 当前:2023-07-26 20:21:46 用户:wwh 创建报告对比任务:vxWorks.symtab对比远传带电指示器.hex, id:320
07-26 20:21:53,041240 [INFOR] [userlog] 当前:2023-07-26 20:21:53 用户:wwh 删除报告对比任务:vxWorks.symtab对比远传带电指示器.hex, id:320
07-26 20:25:26,955074 [INFOR] [userlog] 当前:2023-07-26 20:25:26 用户:root 登录成功
07-26 20:25:34,563639 [INFOR] [userlog] 当前:2023-07-26 20:25:34 用户:root 登录成功
07-26 20:25:34,992763 [INFOR] [userlog] 当前:2023-07-26 20:25:34 用户:root 删除固件扫描任务:vxWorks.symtab, id:2946
07-26 20:25:35,005995 [INFOR] [userlog] 当前:2023-07-26 20:25:34 用户:root 创建固件扫描任务:vxWorks.symtab, id:2971, 并未关联固件库
07-26 20:25:35,392850 [INFOR] [userlog] 当前:2023-07-26 20:25:35 用户:root 开始固件扫描任务:vxWorks.symtab, id:2971
07-26 20:25:36,108096 [INFOR] [userlog] 当前:2023-07-26 20:25:36 用户:root 删除固件扫描任务:vxWorks_v5_mips_bigendian.bin, id:2947
07-26 20:25:36,123257 [INFOR] [userlog] 当前:2023-07-26 20:25:36 用户:root 创建固件扫描任务:vxWorks_v5_mips_bigendian.bin, id:2972, 并未关联固件库
07-26 20:25:36,488936 [INFOR] [userlog] 当前:2023-07-26 20:25:36 用户:root 开始固件扫描任务:vxWorks_v5_mips_bigendian.bin, id:2972
07-26 20:25:36,910296 [INFOR] [userlog] 当前:2023-07-26 20:25:36 用户:root 删除固件扫描任务:vxWorks.bin.symtab, id:2948
07-26 20:25:36,926015 [INFOR] [userlog] 当前:2023-07-26 20:25:36 用户:root 创建固件扫描任务:vxWorks.bin.symtab, id:2973, 并未关联固件库
07-26 20:25:37,260091 [INFOR] [userlog] 当前:2023-07-26 20:25:37 用户:root 开始固件扫描任务:vxWorks.bin.symtab, id:2973
07-26 20:25:38,256536 [INFOR] [userlog] 当前:2023-07-26 20:25:38 用户:root 删除固件扫描任务:vxWorks_v5_mips_little-endian.bin, id:2949
07-26 20:25:38,268042 [INFOR] [userlog] 当前:2023-07-26 20:25:38 用户:root 创建固件扫描任务:vxWorks_v5_mips_little-endian.bin, id:2974, 并未关联固件库
07-26 20:25:38,627343 [INFOR] [userlog] 当前:2023-07-26 20:25:38 用户:root 开始固件扫描任务:vxWorks_v5_mips_little-endian.bin, id:2974
07-26 20:25:39,299973 [INFOR] [userlog] 当前:2023-07-26 20:25:39 用户:root 删除固件扫描任务:vxWorks.elf, id:2950
07-26 20:25:39,311681 [INFOR] [userlog] 当前:2023-07-26 20:25:39 用户:root 创建固件扫描任务:vxWorks.elf, id:2975, 并未关联固件库
07-26 20:25:39,661279 [INFOR] [userlog] 当前:2023-07-26 20:25:39 用户:root 开始固件扫描任务:vxWorks.elf, id:2975
07-26 20:25:40,237115 [INFOR] [userlog] 当前:2023-07-26 20:25:40 用户:root 删除固件扫描任务:vxWorks_v6_mk68_bigendian.bin, id:2951
07-26 20:25:40,249153 [INFOR] [userlog] 当前:2023-07-26 20:25:40 用户:root 创建固件扫描任务:vxWorks_v6_mk68_bigendian.bin, id:2976, 并未关联固件库
07-26 20:25:40,617112 [INFOR] [userlog] 当前:2023-07-26 20:25:40 用户:root 开始固件扫描任务:vxWorks_v6_mk68_bigendian.bin, id:2976
07-26 20:25:42,170768 [INFOR] [userlog] 当前:2023-07-26 20:25:42 用户:root 删除固件扫描任务:uVxWorks, id:2952
07-26 20:25:42,184945 [INFOR] [userlog] 当前:2023-07-26 20:25:42 用户:root 创建固件扫描任务:uVxWorks, id:2977, 并未关联固件库
07-26 20:25:42,536627 [INFOR] [userlog] 当前:2023-07-26 20:25:42 用户:root 开始固件扫描任务:uVxWorks, id:2977
07-26 20:25:44,151805 [INFOR] [userlog] 当前:2023-07-26 20:25:44 用户:root 删除固件扫描任务:vxWorks_v7_arm_little-endian_nxp_lmx8.bin, id:2953
07-26 20:25:44,164399 [INFOR] [userlog] 当前:2023-07-26 20:25:44 用户:root 创建固件扫描任务:vxWorks_v7_arm_little-endian_nxp_lmx8.bin, id:2978, 并未关联固件库
07-26 20:25:44,498747 [INFOR] [userlog] 当前:2023-07-26 20:25:44 用户:root 开始固件扫描任务:vxWorks_v7_arm_little-endian_nxp_lmx8.bin, id:2978
07-26 20:25:48,579054 [INFOR] [userlog] 当前:2023-07-26 20:25:48 用户:root 删除固件扫描任务:vxWorks_v7_arm_little-endian_nxp_lmx8.elf, id:2954
07-26 20:25:48,592454 [INFOR] [userlog] 当前:2023-07-26 20:25:48 用户:root 创建固件扫描任务:vxWorks_v7_arm_little-endian_nxp_lmx8.elf, id:2979, 并未关联固件库
07-26 20:25:48,922540 [INFOR] [userlog] 当前:2023-07-26 20:25:48 用户:root 开始固件扫描任务:vxWorks_v7_arm_little-endian_nxp_lmx8.elf, id:2979
07-26 20:25:50,981163 [INFOR] [userlog] 当前:2023-07-26 20:25:50 用户:root 删除固件扫描任务:vxWorks_v7_arm_little-endian_nxp_raspberrypi4b.bin, id:2955
07-26 20:25:51,006990 [INFOR] [userlog] 当前:2023-07-26 20:25:50 用户:root 创建固件扫描任务:vxWorks_v7_arm_little-endian_nxp_raspberrypi4b.bin, id:2980, 并未关联固件库
07-26 20:25:51,377752 [INFOR] [userlog] 当前:2023-07-26 20:25:51 用户:root 开始固件扫描任务:vxWorks_v7_arm_little-endian_nxp_raspberrypi4b.bin, id:2980
07-26 20:25:53,259476 [INFOR] [userlog] 当前:2023-07-26 20:25:53 用户:root 删除固件扫描任务:uVxWorks, id:2956
07-26 20:25:53,272769 [INFOR] [userlog] 当前:2023-07-26 20:25:53 用户:root 创建固件扫描任务:uVxWorks, id:2981, 并未关联固件库
07-26 20:25:53,615976 [INFOR] [userlog] 当前:2023-07-26 20:25:53 用户:root 开始固件扫描任务:uVxWorks, id:2981
07-26 20:26:00,781787 [INFOR] [userlog] 当前:2023-07-26 20:26:00 用户:root 删除固件扫描任务:vxWorks_v7_arm_little-endian_nxp_raspberrypi4b.elf, id:2957
07-26 20:26:00,800467 [INFOR] [userlog] 当前:2023-07-26 20:26:00 用户:root 创建固件扫描任务:vxWorks_v7_arm_little-endian_nxp_raspberrypi4b.elf, id:2982, 并未关联固件库
07-26 20:26:01,147051 [INFOR] [userlog] 当前:2023-07-26 20:26:00 用户:root 开始固件扫描任务:vxWorks_v7_arm_little-endian_nxp_raspberrypi4b.elf, id:2982
07-26 20:26:03,402649 [INFOR] [userlog] 当前:2023-07-26 20:26:03 用户:root 删除固件扫描任务:vxWorks_v7_riscv_little_endian.bin, id:2958
07-26 20:26:03,415923 [INFOR] [userlog] 当前:2023-07-26 20:26:03 用户:root 创建固件扫描任务:vxWorks_v7_riscv_little_endian.bin, id:2983, 并未关联固件库
07-26 20:26:03,747420 [INFOR] [userlog] 当前:2023-07-26 20:26:03 用户:root 开始固件扫描任务:vxWorks_v7_riscv_little_endian.bin, id:2983
07-26 20:26:05,462935 [INFOR] [userlog] 当前:2023-07-26 20:26:05 用户:root 暂停固件扫描任务:uVxWorks, id:2959
07-26 20:26:05,481886 [INFOR] [userlog] 当前:2023-07-26 20:26:05 用户:root 删除固件扫描任务:uVxWorks, id:2959
07-26 20:26:05,496718 [INFOR] [userlog] 当前:2023-07-26 20:26:05 用户:root 创建固件扫描任务:uVxWorks, id:2984, 并未关联固件库
07-26 20:26:05,871396 [INFOR] [userlog] 当前:2023-07-26 20:26:05 用户:root 开始固件扫描任务:uVxWorks, id:2984
07-26 20:26:14,608213 [INFOR] [userlog] 当前:2023-07-26 20:26:14 用户:root 删除固件扫描任务:vxWorks_v7_riscv_little_endian.elf, id:2960
07-26 20:26:14,623389 [INFOR] [userlog] 当前:2023-07-26 20:26:14 用户:root 创建固件扫描任务:vxWorks_v7_riscv_little_endian.elf, id:2985, 并未关联固件库
07-26 20:26:14,977739 [INFOR] [userlog] 当前:2023-07-26 20:26:14 用户:root 开始固件扫描任务:vxWorks_v7_riscv_little_endian.elf, id:2985
07-26 20:26:30,637818 [INFOR] [userlog] 当前:2023-07-26 20:26:30 用户:root 删除固件扫描任务:vxWorks, id:2961
07-26 20:26:30,660026 [INFOR] [userlog] 当前:2023-07-26 20:26:30 用户:root 创建固件扫描任务:vxWorks, id:2986, 并未关联固件库
07-26 20:26:31,057879 [INFOR] [userlog] 当前:2023-07-26 20:26:30 用户:root 开始固件扫描任务:vxWorks, id:2986
07-26 20:26:42,487555 [INFOR] [userlog] 当前:2023-07-26 20:26:42 用户:root 删除固件扫描任务:vxWorks_v7_x86_qemu.bin, id:2962
07-26 20:26:42,509124 [INFOR] [userlog] 当前:2023-07-26 20:26:42 用户:root 创建固件扫描任务:vxWorks_v7_x86_qemu.bin, id:2987, 并未关联固件库
07-26 20:26:42,899470 [INFOR] [userlog] 当前:2023-07-26 20:26:42 用户:root 开始固件扫描任务:vxWorks_v7_x86_qemu.bin, id:2987
07-26 20:26:54,778338 [INFOR] [userlog] 当前:2023-07-26 20:26:54 用户:root 删除固件扫描任务:vxWorks_v7_x86_qemu.elf, id:2963
07-26 20:26:54,800029 [INFOR] [userlog] 当前:2023-07-26 20:26:54 用户:root 创建固件扫描任务:vxWorks_v7_x86_qemu.elf, id:2988, 并未关联固件库
07-26 20:26:55,170987 [INFOR] [userlog] 当前:2023-07-26 20:26:54 用户:root 开始固件扫描任务:vxWorks_v7_x86_qemu.elf, id:2988
07-26 20:27:05,890186 [INFOR] [userlog] 当前:2023-07-26 20:27:05 用户:root 删除固件扫描任务:vxWorks_v7_x86_up2.bin, id:2964
07-26 20:27:05,912757 [INFOR] [userlog] 当前:2023-07-26 20:27:05 用户:root 创建固件扫描任务:vxWorks_v7_x86_up2.bin, id:2989, 并未关联固件库
07-26 20:27:06,325260 [INFOR] [userlog] 当前:2023-07-26 20:27:06 用户:root 开始固件扫描任务:vxWorks_v7_x86_up2.bin, id:2989
07-26 20:27:24,062174 [INFOR] [userlog] 当前:2023-07-26 20:27:24 用户:root 删除固件扫描任务:vxWorks_v7_x86_up2.elf, id:2965
07-26 20:27:24,177074 [INFOR] [userlog] 当前:2023-07-26 20:27:24 用户:root 创建固件扫描任务:vxWorks_v7_x86_up2.elf, id:2990, 并未关联固件库
07-26 20:27:24,551685 [INFOR] [userlog] 当前:2023-07-26 20:27:24 用户:root 开始固件扫描任务:vxWorks_v7_x86_up2.elf, id:2990
07-26 20:27:34,467016 [INFOR] [userlog] 当前:2023-07-26 20:27:34 用户:root 删除固件扫描任务:vxWorks-qemu.img, id:2966
07-26 20:27:41,793072 [INFOR] [userlog] 当前:2023-07-26 20:27:34 用户:root 创建固件扫描任务:vxWorks-qemu.img, id:2991, 并未关联固件库
07-26 20:28:01,272475 [INFOR] [userlog] 当前:2023-07-26 20:27:51 用户:root 开始固件扫描任务:vxWorks-qemu.img, id:2991
07-26 20:30:07,498053 [INFOR] [userlog] 当前:2023-07-26 20:30:07 用户:cxh 删除固件扫描任务:zsy.zip, id:2967
07-26 20:30:07,513756 [INFOR] [userlog] 当前:2023-07-26 20:30:07 用户:cxh 创建固件扫描任务:提升品型的权威机携手飒飒开展识传播1的1公益!合-展知识播公益展#识传播的公益展知发知识传播的公益展知识传播的公益展知发.zip, id:2992, 并关联固件库
07-26 20:30:08,729936 [INFOR] [userlog] 当前:2023-07-26 20:30:08 用户:cxh 开始固件扫描任务:提升品型的权威机携手飒飒开展识传播1的1公益!合-展知识播公益展#识传播的公益展知发知识传播的公益展知识传播的公益展知发.zip, id:2992
07-26 20:31:01,821332 [INFOR] [userlog] 当前:2023-07-26 20:31:01 用户:cxh 退出登录
07-26 20:31:04,602827 [INFOR] [userlog] 当前:2023-07-26 20:31:04 用户:admin 登录成功
07-26 20:31:21,983832 [INFOR] [userlog] 当前:2023-07-26 20:31:21 用户:admin 退出登录
07-26 20:31:25,012150 [INFOR] [userlog] 当前:2023-07-26 20:31:24 用户:cxh 登录成功
07-26 20:31:42,644773 [INFOR] [userlog] 当前:2023-07-26 20:31:42 用户:cxh 暂停固件扫描任务:vxWorks-qemu.img, id:2991
07-26 20:31:44,008671 [INFOR] [userlog] 当前:2023-07-26 20:31:44 用户:cxh 暂停固件扫描任务:vxWorks_v7_x86_up2.elf, id:2990
07-26 20:31:44,657942 [INFOR] [userlog] 当前:2023-07-26 20:31:44 用户:cxh 暂停固件扫描任务:vxWorks_v7_x86_up2.bin, id:2989
07-26 20:31:48,915878 [INFOR] [userlog] 当前:2023-07-26 20:31:48 用户:cxh 暂停固件扫描任务:vxWorks_v7_x86_qemu.elf, id:2988
07-26 20:31:50,629974 [INFOR] [userlog] 当前:2023-07-26 20:31:50 用户:cxh 暂停固件扫描任务:vxWorks_v7_x86_qemu.bin, id:2987
07-26 20:31:52,431267 [INFOR] [userlog] 当前:2023-07-26 20:31:52 用户:cxh 暂停固件扫描任务:vxWorks, id:2986
07-26 20:34:16,781196 [INFOR] [userlog] 当前:2023-07-26 20:34:16 用户:cxh 暂停固件扫描任务:vxWorks_v7_riscv_little_endian.elf, id:2985
07-26 20:34:17,551390 [INFOR] [userlog] 当前:2023-07-26 20:34:17 用户:cxh 暂停固件扫描任务:uVxWorks, id:2984
07-26 20:34:19,230312 [INFOR] [userlog] 当前:2023-07-26 20:34:19 用户:cxh 暂停固件扫描任务:vxWorks_v7_arm_little-endian_nxp_raspberrypi4b.elf, id:2982
07-26 20:43:52,282470 [INFOR] [userlog] 当前:2023-07-26 20:43:52 用户:cxh 开始生成任务:vxWorks_v7_riscv_little_endian.binPDF报告
07-26 20:44:44,602756 [INFOR] [userlog] 当前:2023-07-26 20:44:44 用户:cxh 下载了任务:vxWorks_v7_riscv_little_endian.binPDF报告
07-26 21:02:42,028550 [INFOR] [userlog] 当前:2023-07-26 21:02:41 用户:wwh 登录成功
07-26 21:02:42,536503 [INFOR] [userlog] 当前:2023-07-26 21:02:42 用户:wwh 删除固件扫描任务:libcurl_7.17.1-1_arm.ipk, id:2892
07-26 21:02:42,550991 [INFOR] [userlog] 当前:2023-07-26 21:02:42 用户:wwh 创建固件扫描任务:libcurl_7.17.1-1_arm.ipk, id:2993, 并未关联固件库
07-26 21:02:43,019009 [INFOR] [userlog] 当前:2023-07-26 21:02:42 用户:wwh 开始固件扫描任务:libcurl_7.17.1-1_arm.ipk, id:2993
07-26 21:02:43,049245 [INFOR] [userlog] 当前:2023-07-26 21:02:43 用户:wwh 退出登录
07-26 21:02:43,152710 [INFOR] [userlog] 当前:2023-07-26 21:02:43 用户:wwh 登录成功
07-26 21:02:43,704646 [INFOR] [userlog] 当前:2023-07-26 21:02:43 用户:wwh 删除固件扫描任务:WE1N2_1000.bin, id:2893
07-26 21:02:43,721264 [INFOR] [userlog] 当前:2023-07-26 21:02:43 用户:wwh 创建固件扫描任务:WE1N2_1000.bin, id:2994, 并未关联固件库
07-26 21:02:44,181878 [INFOR] [userlog] 当前:2023-07-26 21:02:43 用户:wwh 开始固件扫描任务:WE1N2_1000.bin, id:2994
07-26 21:02:44,211413 [INFOR] [userlog] 当前:2023-07-26 21:02:44 用户:wwh 退出登录
07-26 21:02:44,300954 [INFOR] [userlog] 当前:2023-07-26 21:02:44 用户:wwh 登录成功
07-26 21:02:44,699829 [INFOR] [userlog] 当前:2023-07-26 21:02:44 用户:wwh 删除固件扫描任务:V204TA.GZ, id:2894
07-26 21:02:44,713029 [INFOR] [userlog] 当前:2023-07-26 21:02:44 用户:wwh 创建固件扫描任务:V204TA.GZ, id:2995, 并未关联固件库
07-26 21:02:45,126618 [INFOR] [userlog] 当前:2023-07-26 21:02:44 用户:wwh 开始固件扫描任务:V204TA.GZ, id:2995
07-26 21:02:45,146079 [INFOR] [userlog] 当前:2023-07-26 21:02:45 用户:wwh 退出登录
07-26 21:02:45,257213 [INFOR] [userlog] 当前:2023-07-26 21:02:45 用户:wwh 登录成功
07-26 21:02:47,389990 [INFOR] [userlog] 当前:2023-07-26 21:02:47 用户:wwh 删除固件扫描任务:51110.2.1800.96.bin, id:2895
07-26 21:02:47,418052 [INFOR] [userlog] 当前:2023-07-26 21:02:47 用户:wwh 创建固件扫描任务:51110.2.1800.96.bin, id:2996, 并未关联固件库
07-26 21:02:47,837667 [INFOR] [userlog] 当前:2023-07-26 21:02:47 用户:wwh 开始固件扫描任务:51110.2.1800.96.bin, id:2996
07-26 21:02:47,859946 [INFOR] [userlog] 当前:2023-07-26 21:02:47 用户:wwh 退出登录
07-26 21:02:47,985767 [INFOR] [userlog] 当前:2023-07-26 21:02:47 用户:wwh 登录成功
07-26 21:02:48,776658 [INFOR] [userlog] 当前:2023-07-26 21:02:48 用户:wwh 删除固件扫描任务:Auto_Vigor2910_V3.0.6_tw.zip, id:2896
07-26 21:02:48,791911 [INFOR] [userlog] 当前:2023-07-26 21:02:48 用户:wwh 创建固件扫描任务:Auto_Vigor2910_V3.0.6_tw.zip, id:2997, 并未关联固件库
07-26 21:02:49,233973 [INFOR] [userlog] 当前:2023-07-26 21:02:48 用户:wwh 开始固件扫描任务:Auto_Vigor2910_V3.0.6_tw.zip, id:2997
07-26 21:02:49,251853 [INFOR] [userlog] 当前:2023-07-26 21:02:49 用户:wwh 退出登录
07-26 21:02:49,350051 [INFOR] [userlog] 当前:2023-07-26 21:02:49 用户:wwh 登录成功
07-26 21:02:50,897705 [INFOR] [userlog] 当前:2023-07-26 21:02:50 用户:wwh 删除固件扫描任务:VDR-308_Ramdisk.zip, id:2897
07-26 21:02:50,916438 [INFOR] [userlog] 当前:2023-07-26 21:02:50 用户:wwh 创建固件扫描任务:VDR-308_Ramdisk.zip, id:2998, 并未关联固件库
07-26 21:02:51,369950 [INFOR] [userlog] 当前:2023-07-26 21:02:51 用户:wwh 开始固件扫描任务:VDR-308_Ramdisk.zip, id:2998
07-26 21:02:51,394301 [INFOR] [userlog] 当前:2023-07-26 21:02:51 用户:wwh 退出登录
07-26 21:02:51,517003 [INFOR] [userlog] 当前:2023-07-26 21:02:51 用户:wwh 登录成功
07-26 21:02:51,916214 [INFOR] [userlog] 当前:2023-07-26 21:02:51 用户:wwh 删除固件扫描任务:transmission-web_2.13-1_arm.ipk, id:2898
07-26 21:02:51,929709 [INFOR] [userlog] 当前:2023-07-26 21:02:51 用户:wwh 创建固件扫描任务:transmission-web_2.13-1_arm.ipk, id:2999, 并未关联固件库
07-26 21:02:52,380063 [INFOR] [userlog] 当前:2023-07-26 21:02:52 用户:wwh 开始固件扫描任务:transmission-web_2.13-1_arm.ipk, id:2999
07-26 21:02:52,398933 [INFOR] [userlog] 当前:2023-07-26 21:02:52 用户:wwh 退出登录
07-26 21:02:52,505131 [INFOR] [userlog] 当前:2023-07-26 21:02:52 用户:wwh 登录成功
07-26 21:02:53,088618 [INFOR] [userlog] 当前:2023-07-26 21:02:53 用户:wwh 删除固件扫描任务:MA100-tftp.103j.bin, id:2899
07-26 21:02:53,102265 [INFOR] [userlog] 当前:2023-07-26 21:02:53 用户:wwh 创建固件扫描任务:MA100-tftp.103j.bin, id:3000, 并未关联固件库
07-26 21:02:53,535006 [INFOR] [userlog] 当前:2023-07-26 21:02:53 用户:wwh 开始固件扫描任务:MA100-tftp.103j.bin, id:3000
07-26 21:02:53,557647 [INFOR] [userlog] 当前:2023-07-26 21:02:53 用户:wwh 退出登录
07-26 21:02:53,654909 [INFOR] [userlog] 当前:2023-07-26 21:02:53 用户:wwh 登录成功
07-26 21:02:54,170742 [INFOR] [userlog] 当前:2023-07-26 21:02:54 用户:wwh 删除固件扫描任务:AFL-2.57b.zip, id:2900
07-26 21:02:54,186221 [INFOR] [userlog] 当前:2023-07-26 21:02:54 用户:wwh 创建固件扫描任务:AFL-2.57b.zip, id:3001, 并未关联固件库
07-26 21:02:54,632186 [INFOR] [userlog] 当前:2023-07-26 21:02:54 用户:wwh 开始固件扫描任务:AFL-2.57b.zip, id:3001
07-26 21:02:54,656706 [INFOR] [userlog] 当前:2023-07-26 21:02:54 用户:wwh 退出登录
07-26 21:02:54,762302 [INFOR] [userlog] 当前:2023-07-26 21:02:54 用户:wwh 登录成功
07-26 21:02:56,027569 [INFOR] [userlog] 当前:2023-07-26 21:02:56 用户:wwh 删除固件扫描任务:miwifi_r1cl_firmware_1b415_2.12.9.bin, id:2901
07-26 21:02:56,040653 [INFOR] [userlog] 当前:2023-07-26 21:02:56 用户:wwh 创建固件扫描任务:miwifi_r1cl_firmware_1b415_2.12.9.bin, id:3002, 并未关联固件库
07-26 21:02:56,557808 [INFOR] [userlog] 当前:2023-07-26 21:02:56 用户:wwh 开始固件扫描任务:miwifi_r1cl_firmware_1b415_2.12.9.bin, id:3002
07-26 21:02:56,584902 [INFOR] [userlog] 当前:2023-07-26 21:02:56 用户:wwh 退出登录
07-26 21:02:56,721526 [INFOR] [userlog] 当前:2023-07-26 21:02:56 用户:wwh 登录成功
07-26 21:03:00,589450 [INFOR] [userlog] 当前:2023-07-26 21:03:00 用户:wwh 创建固件扫描任务:337557852378103808.zip, id:3003, 并未关联固件库
07-26 21:03:01,054876 [INFOR] [userlog] 当前:2023-07-26 21:03:00 用户:wwh 开始固件扫描任务:337557852378103808.zip, id:3003
07-26 21:03:01,079370 [INFOR] [userlog] 当前:2023-07-26 21:03:01 用户:wwh 退出登录
07-26 21:03:01,186519 [INFOR] [userlog] 当前:2023-07-26 21:03:01 用户:wwh 登录成功
07-26 21:03:02,274496 [INFOR] [userlog] 当前:2023-07-26 21:03:02 用户:wwh 删除固件扫描任务:NBD6804T-F.bin, id:2903
07-26 21:03:02,290442 [INFOR] [userlog] 当前:2023-07-26 21:03:02 用户:wwh 创建固件扫描任务:NBD6804T-F.bin, id:3004, 并未关联固件库
07-26 21:03:02,729363 [INFOR] [userlog] 当前:2023-07-26 21:03:02 用户:wwh 开始固件扫描任务:NBD6804T-F.bin, id:3004
07-26 21:03:02,753357 [INFOR] [userlog] 当前:2023-07-26 21:03:02 用户:wwh 退出登录
07-26 21:03:02,850306 [INFOR] [userlog] 当前:2023-07-26 21:03:02 用户:wwh 登录成功
07-26 21:03:03,634050 [INFOR] [userlog] 当前:2023-07-26 21:03:03 用户:wwh 删除固件扫描任务:factory-to-ddwrt(2).bin, id:2904
07-26 21:03:03,657533 [INFOR] [userlog] 当前:2023-07-26 21:03:03 用户:wwh 创建固件扫描任务:factory-to-ddwrt(2).bin, id:3005, 并未关联固件库
07-26 21:03:04,129755 [INFOR] [userlog] 当前:2023-07-26 21:03:03 用户:wwh 开始固件扫描任务:factory-to-ddwrt(2).bin, id:3005
07-26 21:03:04,153253 [INFOR] [userlog] 当前:2023-07-26 21:03:04 用户:wwh 退出登录
07-26 21:03:04,250865 [INFOR] [userlog] 当前:2023-07-26 21:03:04 用户:wwh 登录成功
07-26 21:03:04,889584 [INFOR] [userlog] 当前:2023-07-26 21:03:04 用户:wwh 删除固件扫描任务:A2Kv206.out, id:2905
07-26 21:03:04,904145 [INFOR] [userlog] 当前:2023-07-26 21:03:04 用户:wwh 创建固件扫描任务:A2Kv206.out, id:3006, 并未关联固件库
07-26 21:03:05,077983 [INFOR] [userlog] 当前:2023-07-26 21:03:05 用户:cxh 恢复固件扫描任务:vxWorks-qemu.img, id:2991
07-26 21:03:05,339290 [INFOR] [userlog] 当前:2023-07-26 21:03:05 用户:wwh 开始固件扫描任务:A2Kv206.out, id:3006
07-26 21:03:05,360323 [INFOR] [userlog] 当前:2023-07-26 21:03:05 用户:wwh 退出登录
07-26 21:03:05,457826 [INFOR] [userlog] 当前:2023-07-26 21:03:05 用户:wwh 登录成功
07-26 21:03:05,844959 [INFOR] [userlog] 当前:2023-07-26 21:03:05 用户:cxh 恢复固件扫描任务:vxWorks_v7_x86_up2.elf, id:2990
07-26 21:03:06,512919 [INFOR] [userlog] 当前:2023-07-26 21:03:06 用户:cxh 恢复固件扫描任务:vxWorks_v7_x86_up2.bin, id:2989
07-26 21:03:06,661687 [INFOR] [userlog] 当前:2023-07-26 21:03:06 用户:wwh 删除固件扫描任务:lj4300fw_04.019.1.rfu, id:2906
07-26 21:03:06,678221 [INFOR] [userlog] 当前:2023-07-26 21:03:06 用户:wwh 创建固件扫描任务:lj4300fw_04.019.1.rfu, id:3007, 并未关联固件库
07-26 21:03:06,738211 [INFOR] [userlog] 当前:2023-07-26 21:03:06 用户:cxh 恢复固件扫描任务:vxWorks_v7_x86_qemu.elf, id:2988至任务队列中
07-26 21:03:07,070572 [INFOR] [userlog] 当前:2023-07-26 21:03:07 用户:cxh 恢复固件扫描任务:vxWorks_v7_x86_qemu.bin, id:2987至任务队列中
07-26 21:03:07,152274 [INFOR] [userlog] 当前:2023-07-26 21:03:06 用户:wwh 开始固件扫描任务:lj4300fw_04.019.1.rfu, id:3007
07-26 21:03:07,174318 [INFOR] [userlog] 当前:2023-07-26 21:03:07 用户:wwh 退出登录
07-26 21:03:07,282162 [INFOR] [userlog] 当前:2023-07-26 21:03:07 用户:wwh 登录成功
07-26 21:03:07,663873 [INFOR] [userlog] 当前:2023-07-26 21:03:07 用户:wwh 删除固件扫描任务:annex_log.tgz, id:2907
07-26 21:03:07,672356 [INFOR] [userlog] 当前:2023-07-26 21:03:07 用户:cxh 恢复固件扫描任务:vxWorks, id:2986至任务队列中
07-26 21:03:07,682850 [INFOR] [userlog] 当前:2023-07-26 21:03:07 用户:wwh 创建固件扫描任务:annex_log.tgz, id:3008, 并未关联固件库
07-26 21:03:08,089891 [INFOR] [userlog] 当前:2023-07-26 21:03:08 用户:cxh 恢复固件扫描任务:vxWorks_v7_riscv_little_endian.elf, id:2985至任务队列中
07-26 21:03:08,122024 [INFOR] [userlog] 当前:2023-07-26 21:03:07 用户:wwh 开始固件扫描任务:annex_log.tgz, id:3008
07-26 21:03:08,141919 [INFOR] [userlog] 当前:2023-07-26 21:03:08 用户:wwh 退出登录
07-26 21:03:08,248415 [INFOR] [userlog] 当前:2023-07-26 21:03:08 用户:wwh 登录成功
07-26 21:03:08,604863 [INFOR] [userlog] 当前:2023-07-26 21:03:08 用户:cxh 恢复固件扫描任务:uVxWorks, id:2984至任务队列中
07-26 21:03:09,307197 [INFOR] [userlog] 当前:2023-07-26 21:03:09 用户:cxh 恢复固件扫描任务:vxWorks_v7_arm_little-endian_nxp_raspberrypi4b.elf, id:2982至任务队列中
07-26 21:03:09,409974 [INFOR] [userlog] 当前:2023-07-26 21:03:09 用户:wwh 删除固件扫描任务:WJ-HD300A_3.13.zip, id:2908
07-26 21:03:09,427333 [INFOR] [userlog] 当前:2023-07-26 21:03:09 用户:wwh 创建固件扫描任务:WJ-HD300A_3.13.zip, id:3009, 并未关联固件库
07-26 21:03:09,881881 [INFOR] [userlog] 当前:2023-07-26 21:03:09 用户:wwh 开始固件扫描任务:WJ-HD300A_3.13.zip, id:3009
07-26 21:03:09,903284 [INFOR] [userlog] 当前:2023-07-26 21:03:09 用户:wwh 退出登录
07-26 21:03:09,997230 [INFOR] [userlog] 当前:2023-07-26 21:03:09 用户:wwh 登录成功
07-26 21:03:10,899762 [INFOR] [userlog] 当前:2023-07-26 21:03:10 用户:wwh 删除固件扫描任务:mtd1_rootfs.zip, id:2909
07-26 21:03:10,918507 [INFOR] [userlog] 当前:2023-07-26 21:03:10 用户:wwh 创建固件扫描任务:mtd1_rootfs.zip, id:3010, 并未关联固件库
07-26 21:03:11,386899 [INFOR] [userlog] 当前:2023-07-26 21:03:11 用户:wwh 开始固件扫描任务:mtd1_rootfs.zip, id:3010
07-26 21:03:11,406818 [INFOR] [userlog] 当前:2023-07-26 21:03:11 用户:wwh 退出登录
07-26 21:03:11,523326 [INFOR] [userlog] 当前:2023-07-26 21:03:11 用户:wwh 登录成功
07-26 21:03:11,919991 [INFOR] [userlog] 当前:2023-07-26 21:03:11 用户:wwh 删除固件扫描任务:ES002200.bin, id:2910
07-26 21:03:11,943840 [INFOR] [userlog] 当前:2023-07-26 21:03:11 用户:wwh 创建固件扫描任务:ES002200.bin, id:3011, 并未关联固件库
07-26 21:03:12,417344 [INFOR] [userlog] 当前:2023-07-26 21:03:12 用户:wwh 开始固件扫描任务:ES002200.bin, id:3011
07-26 21:03:12,439176 [INFOR] [userlog] 当前:2023-07-26 21:03:12 用户:wwh 退出登录
07-26 21:03:12,536336 [INFOR] [userlog] 当前:2023-07-26 21:03:12 用户:wwh 登录成功
07-26 21:03:13,439539 [INFOR] [userlog] 当前:2023-07-26 21:03:13 用户:wwh 删除固件扫描任务:samplejet_7b20130320_i386.deb, id:2911
07-26 21:03:13,455034 [INFOR] [userlog] 当前:2023-07-26 21:03:13 用户:wwh 创建固件扫描任务:samplejet_7b20130320_i386.deb, id:3012, 并未关联固件库
07-26 21:03:13,919394 [INFOR] [userlog] 当前:2023-07-26 21:03:13 用户:wwh 开始固件扫描任务:samplejet_7b20130320_i386.deb, id:3012
07-26 21:03:13,939581 [INFOR] [userlog] 当前:2023-07-26 21:03:13 用户:wwh 退出登录
07-26 21:03:14,048512 [INFOR] [userlog] 当前:2023-07-26 21:03:13 用户:wwh 登录成功
07-26 21:03:14,480794 [INFOR] [userlog] 当前:2023-07-26 21:03:14 用户:wwh 删除固件扫描任务:mtlan1.sys, id:2912
07-26 21:03:14,498297 [INFOR] [userlog] 当前:2023-07-26 21:03:14 用户:wwh 创建固件扫描任务:mtlan1.sys, id:3013, 并未关联固件库
07-26 21:03:14,984723 [INFOR] [userlog] 当前:2023-07-26 21:03:14 用户:wwh 开始固件扫描任务:mtlan1.sys, id:3013
07-26 21:03:15,006072 [INFOR] [userlog] 当前:2023-07-26 21:03:15 用户:wwh 退出登录
07-26 21:03:15,110261 [INFOR] [userlog] 当前:2023-07-26 21:03:15 用户:wwh 登录成功
07-26 21:03:23,893570 [INFOR] [userlog] 当前:2023-07-26 21:03:23 用户:wwh 删除固件扫描任务:DH_IPC-HX5XXX-Volt_Chn_PN_Stream3_V2.840.0000000.13.R.220110.bin, id:2913
07-26 21:03:23,911441 [INFOR] [userlog] 当前:2023-07-26 21:03:23 用户:wwh 创建固件扫描任务:DH_IPC-HX5XXX-Volt_Chn_PN_Stream3_V2.840.0000000.13.R.220110.bin, id:3014, 并未关联固件库
07-26 21:03:24,439502 [INFOR] [userlog] 当前:2023-07-26 21:03:24 用户:wwh 开始固件扫描任务:DH_IPC-HX5XXX-Volt_Chn_PN_Stream3_V2.840.0000000.13.R.220110.bin, id:3014
07-26 21:03:24,471135 [INFOR] [userlog] 当前:2023-07-26 21:03:24 用户:wwh 退出登录
07-26 21:03:24,588793 [INFOR] [userlog] 当前:2023-07-26 21:03:24 用户:wwh 登录成功
07-26 21:03:25,664875 [INFOR] [userlog] 当前:2023-07-26 21:03:25 用户:wwh 删除固件扫描任务:general.bin, id:2914
07-26 21:03:25,686036 [INFOR] [userlog] 当前:2023-07-26 21:03:25 用户:wwh 创建固件扫描任务:general.bin, id:3015, 并未关联固件库
07-26 21:03:26,240565 [INFOR] [userlog] 当前:2023-07-26 21:03:25 用户:wwh 开始固件扫描任务:general.bin, id:3015
07-26 21:03:26,277406 [INFOR] [userlog] 当前:2023-07-26 21:03:26 用户:wwh 退出登录
07-26 21:03:26,379828 [INFOR] [userlog] 当前:2023-07-26 21:03:26 用户:wwh 登录成功
07-26 21:03:27,045953 [INFOR] [userlog] 当前:2023-07-26 21:03:27 用户:wwh 删除固件扫描任务:ReadySHARE_USB_Printer_MAC_V2.36.dmg, id:2915
07-26 21:03:27,067102 [INFOR] [userlog] 当前:2023-07-26 21:03:27 用户:wwh 创建固件扫描任务:ReadySHARE_USB_Printer_MAC_V2.36.dmg, id:3016, 并未关联固件库
07-26 21:03:28,110595 [INFOR] [userlog] 当前:2023-07-26 21:03:27 用户:wwh 开始固件扫描任务:ReadySHARE_USB_Printer_MAC_V2.36.dmg, id:3016
07-26 21:03:28,158989 [INFOR] [userlog] 当前:2023-07-26 21:03:28 用户:wwh 退出登录
07-26 21:03:28,323559 [INFOR] [userlog] 当前:2023-07-26 21:03:28 用户:wwh 登录成功
07-26 21:03:29,109178 [INFOR] [userlog] 当前:2023-07-26 21:03:29 用户:wwh 删除固件扫描任务:Aceex-NR22-webflash.bin, id:2916
07-26 21:03:29,132821 [INFOR] [userlog] 当前:2023-07-26 21:03:29 用户:wwh 创建固件扫描任务:Aceex-NR22-webflash.bin, id:3017, 并未关联固件库
07-26 21:03:29,719189 [INFOR] [userlog] 当前:2023-07-26 21:03:29 用户:wwh 开始固件扫描任务:Aceex-NR22-webflash.bin, id:3017
07-26 21:03:29,754603 [INFOR] [userlog] 当前:2023-07-26 21:03:29 用户:wwh 退出登录
07-26 21:06:34,131454 [INFOR] [userlog] 当前:2023-07-26 21:06:33 用户:admin 登录成功

