07-27 09:30:58,519953 [INFOR] [userlog] 当前:2023-07-27 09:30:58 用户:cxh 登录成功
07-27 09:33:44,948754 [INFOR] [userlog] 当前:2023-07-27 09:33:44 用户:admin 登录成功
07-27 09:35:54,314145 [INFOR] [userlog] 当前:2023-07-27 09:35:54 用户:admin 下载了任务:Auto_Vigor2910_V3.0.6_tw.zipPDF报告
07-27 09:36:09,345822 [INFOR] [userlog] 当前:2023-07-27 09:36:09 用户:admin 下载了任务:transmission-web_2.13-1_arm.ipkPDF报告
07-27 09:36:15,099137 [INFOR] [userlog] 当前:2023-07-27 09:36:15 用户:admin 开始生成任务:MA100-tftp.103j.binPDF报告
07-27 09:36:44,558264 [INFOR] [userlog] 当前:2023-07-27 09:36:44 用户:admin 下载了任务:MA100-tftp.103j.binPDF报告
07-27 09:39:42,628965 [INFOR] [userlog] 当前:2023-07-27 09:39:42 用户:cxh 开始生成任务:Auto_Vigor2910_V3.0.6_tw.zipPDF报告
07-27 09:40:36,885661 [INFOR] [userlog] 当前:2023-07-27 09:40:36 用户:cxh 下载了任务:Auto_Vigor2910_V3.0.6_tw.zipPDF报告
07-27 09:42:23,117047 [INFOR] [userlog] 当前:2023-07-27 09:42:23 用户:cxh 删除固件扫描任务:testfile.srec, id:2854
07-27 09:55:08,685441 [INFOR] [userlog] 当前:2023-07-27 09:55:08 用户:cxh 创建固件扫描任务:atm%aserver, id:3018, 并未关联固件库
07-27 09:55:10,497753 [INFOR] [userlog] 当前:2023-07-27 09:55:10 用户:cxh 开始固件扫描任务:atm%aserver, id:3018
07-27 10:08:30,730712 [INFOR] [userlog] 当前:2023-07-27 10:08:30 用户:cxh 创建固件扫描任务:boot_Hi3798MV300H(10M).img, id:3019, 并未关联固件库
07-27 10:08:31,775417 [INFOR] [userlog] 当前:2023-07-27 10:08:31 用户:cxh 开始固件扫描任务:boot_Hi3798MV300H(10M).img, id:3019
07-27 10:13:09,581993 [INFOR] [userlog] 当前:2023-07-27 10:13:09 用户:wwh 登录成功
07-27 10:16:41,445500 [INFOR] [userlog] 当前:2023-07-27 10:16:41 用户:wx 登录成功
07-27 10:16:49,175980 [INFOR] [userlog] 当前:2023-07-27 10:16:49 用户:wx 开始生成任务:atm%aserverPDF报告
07-27 10:17:36,892088 [INFOR] [userlog] 当前:2023-07-27 10:17:36 用户:wx 下载了任务:atm%aserverPDF报告
07-27 10:19:05,571032 [INFOR] [userlog] 当前:2023-07-27 10:19:05 用户:wx 退出登录
07-27 10:21:10,817445 [INFOR] [userlog] 当前:2023-07-27 10:21:10 用户:cxh 删除固件扫描任务:dsp.ko, id:2930
07-27 10:21:10,820404 [INFOR] [userlog] 当前:2023-07-27 10:21:10 用户:cxh 删除固件扫描任务:mtlan1.sys, id:3013
07-27 10:22:07,965440 [INFOR] [userlog] 当前:2023-07-27 10:22:07 用户:cxh 删除固件扫描任务:test.ubifs, id:2849
07-27 10:22:32,040681 [INFOR] [userlog] 当前:2023-07-27 10:22:32 用户:cxh 删除报告对比任务:atmaserver对比提升品型的权威机携手飒飒开展识传播11的公益!合-展知识播公益展#识传播的公益展知发知识传播的公益展知识传播的公益展知发.ipk, id:146
07-27 10:24:02,205023 [INFOR] [userlog] 当前:2023-07-27 10:24:02 用户:cxh 退出登录
07-27 10:24:04,486700 [INFOR] [userlog] 当前:2023-07-27 10:24:04 用户:cxh 登录成功
07-27 10:24:10,313791 [INFOR] [userlog] 当前:2023-07-27 10:24:10 用户:cxh 退出登录
07-27 10:25:23,887287 [INFOR] [userlog] 当前:2023-07-27 10:25:23 用户:cxh 登录成功
07-27 10:25:31,122094 [INFOR] [userlog] 当前:2023-07-27 10:25:31 用户:cxh 创建报告对比任务:boot_Hi3798MV300H(10M).img对比atm%aserver, id:321
07-27 10:33:50,847645 [INFOR] [userlog] 当前:2023-07-27 10:33:50 用户:cxh 开始生成任务:提升品型的权威机携手飒飒开展识传播1的1公益!合-展知识播公益展#识传播的公益展知发知识传播的公益展知识传播的公益展知发.zipPDF报告
07-27 10:34:22,702078 [INFOR] [userlog] 当前:2023-07-27 10:34:22 用户:cxh 下载了任务:提升品型的权威机携手飒飒开展识传播1的1公益!合-展知识播公益展#识传播的公益展知发知识传播的公益展知识传播的公益展知发.zipPDF报告
07-27 10:34:38,780021 [INFOR] [userlog] 当前:2023-07-27 10:34:38 用户:cxh 下载固件扫描任务漏洞库文件:提升品型的权威机携手飒飒开展识传播1的1公益!合-展知识播公益展#识传播的公益展知发知识传播的公益展知识传播的公益展知发.zip, id:2992
07-27 10:34:41,148533 [INFOR] [userlog] 当前:2023-07-27 10:34:41 用户:cxh 下载扫描任务:提升品型的权威机携手飒飒开展识传播1的1公益!合-展知识播公益展#识传播的公益展知发知识传播的公益展知识传播的公益展知发.zipExcel报告, id:2992
07-27 10:37:32,546807 [INFOR] [userlog] 当前:2023-07-27 10:37:32 用户:wt 登录成功
07-27 10:37:51,277485 [INFOR] [userlog] 当前:2023-07-27 10:37:51 用户:wt 创建固件扫描任务:libcurl_7.17.1-1_arm.ipk, id:3020, 并未关联固件库
07-27 10:37:53,457710 [INFOR] [userlog] 当前:2023-07-27 10:37:53 用户:wt 开始固件扫描任务:libcurl_7.17.1-1_arm.ipk, id:3020
07-27 10:42:28,854383 [INFOR] [userlog] 当前:2023-07-27 10:42:28 用户:root 登录成功
07-27 10:43:14,023405 [INFOR] [userlog] 当前:2023-07-27 10:43:14 用户:wt 创建固件扫描任务:bios_disk(1).img, id:3021, 并未关联固件库
07-27 10:43:38,651468 [INFOR] [userlog] 当前:2023-07-27 10:43:38 用户:wt 开始固件扫描任务:bios_disk(1).img, id:3021
07-27 10:45:11,970402 [INFOR] [userlog] 当前:2023-07-27 10:45:11 用户:wt 退出登录
07-27 10:45:19,717046 [INFOR] [userlog] 当前:2023-07-27 10:45:19 用户:wt 登录成功
07-27 10:46:31,281424 [INFOR] [userlog] 当前:2023-07-27 10:46:31 用户:root 登录成功
07-27 10:47:13,826397 [INFOR] [userlog] 当前:2023-07-27 10:47:13 用户:wt 删除固件扫描任务:bios_disk(1).img, id:3021
07-27 10:47:37,585494 [INFOR] [userlog] 当前:2023-07-27 10:47:37 用户:wt 创建固件扫描任务:acos_service, id:3022, 并未关联固件库
07-27 10:47:39,597807 [INFOR] [userlog] 当前:2023-07-27 10:47:39 用户:wt 开始固件扫描任务:acos_service, id:3022
07-27 10:51:10,247451 [INFOR] [userlog] 当前:2023-07-27 10:51:10 用户:wt 删除固件扫描任务:zsy.zip, id:2729
07-27 10:51:33,177950 [INFOR] [userlog] 当前:2023-07-27 10:51:33 用户:wt 创建固件扫描任务:zsy.zip, id:3023, 并未关联固件库
07-27 10:51:34,875169 [INFOR] [userlog] 当前:2023-07-27 10:51:34 用户:wt 开始固件扫描任务:zsy.zip, id:3023
07-27 10:54:10,942613 [INFOR] [userlog] 当前:2023-07-27 10:54:10 用户:root 登录成功
07-27 10:54:35,630601 [INFOR] [userlog] 当前:2023-07-27 10:54:35 用户:wwh 退出登录
07-27 10:54:38,594341 [INFOR] [userlog] 当前:2023-07-27 10:54:38 用户:wwh 登录成功
07-27 11:09:26,696759 [INFOR] [userlog] 当前:2023-07-27 11:09:26 用户:cxh 退出登录
07-27 11:10:15,532257 [INFOR] [userlog] 当前:2023-07-27 11:10:15 用户:cxh 登录成功
07-27 11:25:14,301438 [INFOR] [userlog] 当前:2023-07-27 11:25:14 用户:cxh 退出登录
07-27 11:25:24,285440 [INFOR] [userlog] 当前:2023-07-27 11:25:24 用户:lxy 登录成功
07-27 11:25:29,792811 [INFOR] [userlog] 当前:2023-07-27 11:25:29 用户:lxy 退出登录
07-27 11:25:43,451705 [INFOR] [userlog] 当前:2023-07-27 11:25:43 用户:wwh 登录成功
07-27 11:25:46,176745 [INFOR] [userlog] 当前:2023-07-27 11:25:46 用户:admin 退出登录
07-27 11:25:56,302980 [INFOR] [userlog] 当前:2023-07-27 11:25:56 用户:lxy 登录成功
07-27 11:26:21,672096 [INFOR] [userlog] 当前:2023-07-27 11:26:21 用户:lxy 退出登录
07-27 11:26:52,937763 [INFOR] [userlog] 当前:2023-07-27 11:26:52 用户:wwh 创建固件扫描任务:提升品型的权威机携手飒飒开展识传播1的1公益!合-展知识播公益展#识传播的公益展知发知识传播的公益展知识传播的公益展知发.zip, id:3024, 并未关联固件库
07-27 11:26:54,408860 [INFOR] [userlog] 当前:2023-07-27 11:26:54 用户:wwh 开始固件扫描任务:提升品型的权威机携手飒飒开展识传播1的1公益!合-展知识播公益展#识传播的公益展知发知识传播的公益展知识传播的公益展知发.zip, id:3024
07-27 11:27:10,734270 [INFOR] [userlog] 当前:2023-07-27 11:27:10 用户:wwh 创建报告对比任务:Aceex-NR22-webflash.bin对比ReadySHARE_USB_Printer_MAC_V2.36.dmg, id:322
07-27 11:27:20,055141 [INFOR] [userlog] 当前:2023-07-27 11:27:20 用户:wwh 创建报告对比任务:general.bin对比DH_IPC-HX5XXX-Volt_Chn_PN_Stream3_V2.840.0000000.13.R.220110.bin, id:323
07-27 11:29:07,092981 [INFOR] [userlog] 当前:2023-07-27 11:29:07 用户:wwh 开始生成任务:提升品型的权威机携手飒飒开展识传播1的1公益!合-展知识播公益展#识传播的公益展知发知识传播的公益展知识传播的公益展知发.zipPDF报告
07-27 11:29:22,685986 [INFOR] [userlog] 当前:2023-07-27 11:29:22 用户:wwh 下载了任务:提升品型的权威机携手飒飒开展识传播1的1公益!合-展知识播公益展#识传播的公益展知发知识传播的公益展知识传播的公益展知发.zipPDF报告
07-27 11:29:53,696065 [INFOR] [userlog] 当前:2023-07-27 11:29:53 用户:wwh 下载了任务:提升品型的权威机携手飒飒开展识传播1的1公益!合-展知识播公益展#识传播的公益展知发知识传播的公益展知识传播的公益展知发.zipPDF报告
07-27 11:30:13,006616 [INFOR] [userlog] 当前:2023-07-27 11:30:12 用户:wwh 创建固件扫描任务:提升品型的权威机携手飒飒开展识传播1的1公益!合-展知识播公益展#识传播的公益展知发知识传播的公益展知识传播的公益展知发.zip, id:3025, 并未关联固件库
07-27 11:30:14,147230 [INFOR] [userlog] 当前:2023-07-27 11:30:13 用户:wwh 开始固件扫描任务:提升品型的权威机携手飒飒开展识传播1的1公益!合-展知识播公益展#识传播的公益展知发知识传播的公益展知识传播的公益展知发.zip, id:3025
07-27 11:30:34,837550 [INFOR] [userlog] 当前:2023-07-27 11:30:34 用户:wwh 下载了任务:提升品型的权威机携手飒飒开展识传播1的1公益!合-展知识播公益展#识传播的公益展知发知识传播的公益展知识传播的公益展知发.zipPDF报告
07-27 11:31:28,994657 [INFOR] [userlog] 当前:2023-07-27 11:31:28 用户:wwh 开始生成任务:提升品型的权威机携手飒飒开展识传播1的1公益!合-展知识播公益展#识传播的公益展知发知识传播的公益展知识传播的公益展知发.zipPDF报告
07-27 11:31:32,741703 [INFOR] [userlog] 当前:2023-07-27 11:31:32 用户:lxy 登录成功
07-27 11:31:36,633744 [INFOR] [userlog] 当前:2023-07-27 11:31:36 用户:lxy 退出登录
07-27 11:31:40,973902 [INFOR] [userlog] 当前:2023-07-27 11:31:40 用户:admin 登录成功
07-27 11:32:22,670793 [INFOR] [userlog] 当前:2023-07-27 11:32:22 用户:wwh 下载了任务:提升品型的权威机携手飒飒开展识传播1的1公益!合-展知识播公益展#识传播的公益展知发知识传播的公益展知识传播的公益展知发.zipPDF报告
07-27 11:32:30,739642 [INFOR] [userlog] 当前:2023-07-27 11:32:30 用户:wwh 创建固件扫描任务:1, id:3026, 并关联固件库
07-27 11:32:38,677549 [INFOR] [userlog] 当前:2023-07-27 11:32:38 用户:wwh 修改固件扫描任务:2, id:3026, 并关联固件库
07-27 11:32:40,028447 [INFOR] [userlog] 当前:2023-07-27 11:32:39 用户:wwh 开始固件扫描任务:2, id:3026
07-27 11:33:58,425999 [INFOR] [userlog] 当前:2023-07-27 11:33:58 用户:wwh 创建固件扫描任务:a, id:3027, 并关联固件库
07-27 11:34:10,485321 [INFOR] [userlog] 当前:2023-07-27 11:34:10 用户:wwh 修改固件扫描任务:a, id:3027, 并关联固件库
07-27 11:34:29,906203 [INFOR] [userlog] 当前:2023-07-27 11:34:29 用户:wwh 创建固件扫描任务:example(1.06M).bin, id:3028, 并关联固件库
07-27 11:36:31,815876 [INFOR] [userlog] 当前:2023-07-27 11:36:31 用户:wwh 创建固件扫描任务:28.ext, id:3029, 并关联固件库
07-27 11:37:08,441483 [INFOR] [userlog] 当前:2023-07-27 11:37:08 用户:wwh 退出登录
07-27 11:37:21,508500 [INFOR] [userlog] 当前:2023-07-27 11:37:21 用户:wwh 登录成功
07-27 11:37:35,598352 [INFOR] [userlog] 当前:2023-07-27 11:37:35 用户:wwh 修改固件扫描任务:28.ext, id:3029, 并关联固件库
07-27 11:37:39,516801 [INFOR] [userlog] 当前:2023-07-27 11:37:39 用户:wwh 修改固件扫描任务:28.ext, id:3029, 并关联固件库
07-27 11:37:43,927930 [INFOR] [userlog] 当前:2023-07-27 11:37:43 用户:wwh 修改固件扫描任务:28.ext, id:3029, 并关联固件库
07-27 11:37:45,723719 [INFOR] [userlog] 当前:2023-07-27 11:37:45 用户:wwh 开始固件扫描任务:28.ext, id:3029
07-27 11:38:22,330165 [INFOR] [userlog] 当前:2023-07-27 11:38:22 用户:wwh 开始生成任务:2PDF报告
07-27 11:39:22,689857 [INFOR] [userlog] 当前:2023-07-27 11:39:22 用户:wwh 下载了任务:2PDF报告
07-27 11:39:22,698694 [INFOR] [userlog] 当前:2023-07-27 11:39:22 用户:wwh 下载扫描任务:提升品型的权威机携手飒飒开展识传播1的1公益!合-展知识播公益展#识传播的公益展知发知识传播的公益展知识传播的公益展知发.zipExcel报告, id:3026
07-27 11:39:33,372822 [INFOR] [userlog] 当前:2023-07-27 11:39:33 用户:wwh 下载扫描任务:提升品型的权威机携手飒飒开展识传播1的1公益!合-展知识播公益展#识传播的公益展知发知识传播的公益展知识传播的公益展知发.zipExcel报告, id:3026
07-27 11:43:12,834418 [INFOR] [userlog] 当前:2023-07-27 11:43:12 用户:wwh 登录成功
07-27 11:43:33,515063 [INFOR] [userlog] 当前:2023-07-27 11:43:33 用户:wwh 开始生成任务:28.extPDF报告
07-27 11:44:23,073411 [INFOR] [userlog] 当前:2023-07-27 11:44:23 用户:wwh 下载了任务:28.extPDF报告
07-27 11:44:58,134156 [INFOR] [userlog] 当前:2023-07-27 11:44:58 用户:wwh 开始生成任务:Aceex-NR22-webflash.binPDF报告
07-27 11:45:14,194554 [INFOR] [userlog] 当前:2023-07-27 11:45:14 用户:wwh 开始生成任务:ReadySHARE_USB_Printer_MAC_V2.36.dmgPDF报告
07-27 11:46:11,066970 [INFOR] [userlog] 当前:2023-07-27 11:46:11 用户:admin 开始生成任务:zsy.zipPDF报告
07-27 11:46:24,768218 [INFOR] [userlog] 当前:2023-07-27 11:46:24 用户:wwh 下载了任务:ReadySHARE_USB_Printer_MAC_V2.36.dmgPDF报告
07-27 11:46:24,970139 [INFOR] [userlog] 当前:2023-07-27 11:46:24 用户:wwh 下载了任务:Aceex-NR22-webflash.binPDF报告
07-27 11:47:23,259142 [INFOR] [userlog] 当前:2023-07-27 11:47:23 用户:admin 下载了任务:zsy.zipPDF报告
07-27 11:48:15,208166 [INFOR] [userlog] 当前:2023-07-27 11:48:15 用户:admin 下载了任务:28.extPDF报告
07-27 11:48:17,528852 [INFOR] [userlog] 当前:2023-07-27 11:48:17 用户:wwh 开始固件扫描任务:a, id:3027
07-27 11:49:01,155803 [INFOR] [userlog] 当前:2023-07-27 11:49:01 用户:admin 开始生成任务:boot_Hi3798MV300H(10M).imgPDF报告
07-27 11:50:22,835852 [INFOR] [userlog] 当前:2023-07-27 11:50:22 用户:admin 下载了任务:boot_Hi3798MV300H(10M).imgPDF报告
07-27 11:54:07,099726 [INFOR] [userlog] 当前:2023-07-27 11:54:07 用户:wwh 暂停固件扫描任务:a, id:3027
07-27 11:54:07,783883 [INFOR] [userlog] 当前:2023-07-27 11:54:07 用户:wwh 恢复固件扫描任务:a, id:3027至任务队列中
07-27 11:55:15,468441 [INFOR] [userlog] 当前:2023-07-27 11:55:15 用户:wwh 下载了任务:28.extPDF报告
07-27 11:55:22,843722 [INFOR] [userlog] 当前:2023-07-27 11:55:22 用户:wwh 下载扫描任务:28.extExcel报告, id:3029
07-27 11:55:37,253777 [INFOR] [userlog] 当前:2023-07-27 11:55:36 用户:wwh 开始固件扫描任务:example(1.06M).bin, id:3028
07-27 11:56:22,318190 [INFOR] [userlog] 当前:2023-07-27 11:56:22 用户:wwh 创建固件扫描任务:libcrypto.so.0.9.8, id:3030, 并关联固件库
07-27 11:56:23,474831 [INFOR] [userlog] 当前:2023-07-27 11:56:23 用户:wwh 开始固件扫描任务:libcrypto.so.0.9.8, id:3030
07-27 11:57:38,604477 [INFOR] [userlog] 当前:2023-07-27 11:57:38 用户:wwh 退出登录
07-27 11:57:46,430044 [INFOR] [userlog] 当前:2023-07-27 11:57:46 用户:lmn 登录成功
07-27 11:58:08,521410 [INFOR] [userlog] 当前:2023-07-27 11:58:08 用户:lmn 创建固件扫描任务:mtd1_rootfs.zip, id:3031, 并关联固件库
07-27 11:58:10,026601 [INFOR] [userlog] 当前:2023-07-27 11:58:09 用户:lmn 开始固件扫描任务:mtd1_rootfs.zip, id:3031
07-27 11:58:14,320240 [INFOR] [userlog] 当前:2023-07-27 11:58:14 用户:lmn 暂停固件扫描任务:mtd1_rootfs.zip, id:3031
07-27 11:58:15,085982 [INFOR] [userlog] 当前:2023-07-27 11:58:15 用户:lmn 恢复固件扫描任务:mtd1_rootfs.zip, id:3031
07-27 11:58:19,754626 [INFOR] [userlog] 当前:2023-07-27 11:58:19 用户:lmn 退出登录
07-27 11:58:23,071210 [INFOR] [userlog] 当前:2023-07-27 11:58:22 用户:cxh 登录成功
07-27 12:34:22,000410 [INFOR] [userlog] 当前:2023-07-27 12:34:21 用户:cxh 创建固件扫描任务:1602181743027429376-cbc02d01-2535-4701-834a-1c849b5bd580.zip, id:3032, 并未关联固件库
07-27 12:34:26,397427 [INFOR] [userlog] 当前:2023-07-27 12:34:26 用户:cxh 开始固件扫描任务:1602181743027429376-cbc02d01-2535-4701-834a-1c849b5bd580.zip, id:3032
07-27 12:36:12,179600 [INFOR] [userlog] 当前:2023-07-27 12:36:12 用户:cxh 暂停固件扫描任务:1602181743027429376-cbc02d01-2535-4701-834a-1c849b5bd580.zip, id:3032
07-27 12:36:13,672828 [INFOR] [userlog] 当前:2023-07-27 12:36:13 用户:cxh 恢复固件扫描任务:1602181743027429376-cbc02d01-2535-4701-834a-1c849b5bd580.zip, id:3032至任务队列中
07-27 12:36:57,583586 [INFOR] [userlog] 当前:2023-07-27 12:36:57 用户:cxh 暂停固件扫描任务:1602181743027429376-cbc02d01-2535-4701-834a-1c849b5bd580.zip, id:3032
07-27 12:37:20,882298 [INFOR] [userlog] 当前:2023-07-27 12:37:20 用户:cxh 恢复固件扫描任务:1602181743027429376-cbc02d01-2535-4701-834a-1c849b5bd580.zip, id:3032至任务队列中
07-27 12:37:57,723062 [INFOR] [userlog] 当前:2023-07-27 12:37:57 用户:cxh 创建固件扫描任务:jac-pcu_20130313.deb, id:3033, 并未关联固件库
07-27 12:37:59,023604 [INFOR] [userlog] 当前:2023-07-27 12:37:58 用户:cxh 开始固件扫描任务:jac-pcu_20130313.deb, id:3033
07-27 12:38:50,365429 [INFOR] [userlog] 当前:2023-07-27 12:38:50 用户:cxh 暂停固件扫描任务:jac-pcu_20130313.deb, id:3033
07-27 12:40:58,662678 [INFOR] [userlog] 当前:2023-07-27 12:40:58 用户:cxh 恢复固件扫描任务:jac-pcu_20130313.deb, id:3033至任务队列中
07-27 13:33:20,106842 [INFOR] [userlog] 当前:2023-07-27 13:33:20 用户:cxh 暂停固件扫描任务:jac-pcu_20130313.deb, id:3033
07-27 13:33:25,477691 [INFOR] [userlog] 当前:2023-07-27 13:33:25 用户:cxh 退出登录
07-27 13:34:28,728317 [INFOR] [userlog] 当前:2023-07-27 13:34:28 用户:cxh 登录成功
07-27 13:35:27,948613 [INFOR] [userlog] 当前:2023-07-27 13:35:27 用户:cxh 开始生成任务:1602181743027429376-cbc02d01-2535-4701-834a-1c849b5bd580.zipPDF报告
07-27 13:35:52,074424 [INFOR] [userlog] 当前:2023-07-27 13:35:52 用户:cxh 退出登录
07-27 13:35:55,545218 [INFOR] [userlog] 当前:2023-07-27 13:35:55 用户:config 登录成功
07-27 13:36:32,401638 [INFOR] [userlog] 当前:2023-07-27 13:36:32 用户:config 退出登录
07-27 13:36:41,318840 [INFOR] [userlog] 当前:2023-07-27 13:36:41 用户:cxh 登录成功
07-27 13:36:47,880198 [INFOR] [userlog] 当前:2023-07-27 13:36:47 用户:cxh 开始生成任务:mtd1_rootfs.zipPDF报告
07-27 13:37:10,494008 [INFOR] [userlog] 当前:2023-07-27 13:37:10 用户:cxh 开始生成任务:libcrypto.so.0.9.8PDF报告
07-27 13:37:22,738949 [INFOR] [userlog] 当前:2023-07-27 13:37:22 用户:cxh 下载了任务:mtd1_rootfs.zipPDF报告
07-27 13:39:09,721978 [INFOR] [userlog] 当前:2023-07-27 13:39:09 用户:admin 下载了任务:mtd1_rootfs.zipPDF报告
07-27 13:40:27,811994 [INFOR] [userlog] 当前:2023-07-27 13:40:27 用户:admin 下载了任务:zsy.zipPDF报告
07-27 13:40:45,900458 [INFOR] [userlog] 当前:2023-07-27 13:40:45 用户:admin 开始生成任务:vxWorks.symtabPDF报告
07-27 13:41:22,715985 [INFOR] [userlog] 当前:2023-07-27 13:41:22 用户:admin 下载了任务:vxWorks.symtabPDF报告
07-27 13:42:06,183422 [INFOR] [userlog] 当前:2023-07-27 13:42:06 用户:wt 删除固件扫描任务:WE1N2_1000.bin, id:2994
07-27 13:42:21,624421 [INFOR] [userlog] 当前:2023-07-27 13:42:21 用户:wt 创建固件扫描任务:WE1N2_1000.bin, id:3034, 并未关联固件库
07-27 13:42:23,836822 [INFOR] [userlog] 当前:2023-07-27 13:42:23 用户:wt 开始固件扫描任务:WE1N2_1000.bin, id:3034
07-27 13:44:50,229709 [INFOR] [userlog] 当前:2023-07-27 13:44:50 用户:admin 登录成功
07-27 13:44:57,047052 [INFOR] [userlog] 当前:2023-07-27 13:44:57 用户:admin 下载了任务:28.extPDF报告
07-27 13:45:24,724730 [INFOR] [userlog] 当前:2023-07-27 13:45:24 用户:admin 下载了任务:transmission-web_2.13-1_arm.ipkPDF报告
07-27 13:45:28,014374 [INFOR] [userlog] 当前:2023-07-27 13:45:28 用户:admin 下载了任务:MA100-tftp.103j.binPDF报告
07-27 13:45:30,839822 [INFOR] [userlog] 当前:2023-07-27 13:45:30 用户:admin 下载了任务:libcurl_7.17.1-1_arm.ipkPDF报告
07-27 13:45:33,076674 [INFOR] [userlog] 当前:2023-07-27 13:45:33 用户:admin 下载了任务:Auto_Vigor2910_V3.0.6_tw.zipPDF报告
07-27 13:45:38,523592 [INFOR] [userlog] 当前:2023-07-27 13:45:38 用户:admin 下载了任务:zsy.zipPDF报告
07-27 13:45:43,037330 [INFOR] [userlog] 当前:2023-07-27 13:45:43 用户:admin 下载了任务:zsy.zipPDF报告
07-27 13:45:44,784630 [INFOR] [userlog] 当前:2023-07-27 13:45:44 用户:admin 下载了任务:zsy.zipPDF报告
07-27 13:45:46,515248 [INFOR] [userlog] 当前:2023-07-27 13:45:46 用户:admin 开始生成任务:zsy.zipPDF报告
07-27 13:46:22,670369 [INFOR] [userlog] 当前:2023-07-27 13:46:22 用户:admin 下载了任务:zsy.zipPDF报告
07-27 13:46:59,246413 [INFOR] [userlog] 当前:2023-07-27 13:46:59 用户:admin 开始生成任务:Finder.rarPDF报告
07-27 13:47:29,668439 [INFOR] [userlog] 当前:2023-07-27 13:47:29 用户:admin 下载了任务:Finder.rarPDF报告
07-27 13:47:52,821373 [INFOR] [userlog] 当前:2023-07-27 13:47:52 用户:admin 开始生成任务:factory-to-ddwrt(2).binPDF报告
07-27 13:49:22,730816 [INFOR] [userlog] 当前:2023-07-27 13:49:22 用户:admin 下载了任务:factory-to-ddwrt(2).binPDF报告
07-27 13:50:31,516431 [INFOR] [userlog] 当前:2023-07-27 13:50:31 用户:admin 登录成功
07-27 13:51:04,875915 [INFOR] [userlog] 当前:2023-07-27 13:51:04 用户:admin 开始生成任务:aPDF报告
07-27 13:52:22,790205 [INFOR] [userlog] 当前:2023-07-27 13:52:22 用户:admin 下载了任务:aPDF报告
07-27 13:59:03,799440 [INFOR] [userlog] 当前:2023-07-27 13:59:03 用户:admin 开始生成任务:WE1N2_1000.binPDF报告
07-27 13:59:30,311619 [INFOR] [userlog] 当前:2023-07-27 13:59:30 用户:cxh 退出登录
07-27 13:59:32,963173 [INFOR] [userlog] 当前:2023-07-27 13:59:32 用户:wwh 登录成功
07-27 14:00:07,925581 [INFOR] [userlog] 当前:2023-07-27 14:00:07 用户:wwh 退出登录
07-27 14:00:11,077816 [INFOR] [userlog] 当前:2023-07-27 14:00:10 用户:cxh 登录成功
07-27 14:00:22,759789 [INFOR] [userlog] 当前:2023-07-27 14:00:22 用户:admin 下载了任务:WE1N2_1000.binPDF报告
07-27 14:00:37,344990 [INFOR] [userlog] 当前:2023-07-27 14:00:37 用户:cxh 下载了任务:WE1N2_1000.binPDF报告
07-27 14:02:04,750485 [INFOR] [userlog] 当前:2023-07-27 14:02:04 用户:cxh 创建报告对比任务:WE1N2_1000.bin对比1602181743027429376-cbc02d01-2535-4701-834a-1c849b5bd580.zip, id:324
07-27 14:02:27,494848 [INFOR] [userlog] 当前:2023-07-27 14:02:27 用户:cxh 下载了任务:1602181743027429376-cbc02d01-2535-4701-834a-1c849b5bd580.zipPDF报告
07-27 14:03:28,482720 [INFOR] [userlog] 当前:2023-07-27 14:03:28 用户:wwh 登录成功
07-27 14:05:40,633239 [INFOR] [userlog] 当前:2023-07-27 14:05:40 用户:wwh 退出登录
07-27 14:05:43,896430 [INFOR] [userlog] 当前:2023-07-27 14:05:43 用户:config 登录成功
07-27 14:06:00,173757 [INFOR] [userlog] 当前:2023-07-27 14:06:00 用户:config 退出登录
07-27 14:06:05,669653 [INFOR] [userlog] 当前:2023-07-27 14:06:05 用户:cxh 登录成功
07-27 14:06:17,493412 [INFOR] [userlog] 当前:2023-07-27 14:06:17 用户:cxh 创建固件扫描任务:提升品型的权威机携手飒飒开展识传播1的1公益!合-展知识播公益展#识传播的公益展知发知识传播的公益展知识传播的公益展知发.zip, id:3035, 并未关联固件库
07-27 14:06:18,689545 [INFOR] [userlog] 当前:2023-07-27 14:06:18 用户:cxh 开始固件扫描任务:提升品型的权威机携手飒飒开展识传播1的1公益!合-展知识播公益展#识传播的公益展知发知识传播的公益展知识传播的公益展知发.zip, id:3035
07-27 14:06:28,941868 [INFOR] [userlog] 当前:2023-07-27 14:06:28 用户:cxh 下载了任务:zsy.zipPDF报告
07-27 14:06:42,586371 [INFOR] [userlog] 当前:2023-07-27 14:06:42 用户:cxh 开始生成任务:general.binPDF报告
07-27 14:07:37,257748 [INFOR] [userlog] 当前:2023-07-27 14:07:37 用户:admin 开始生成任务:acos_servicePDF报告
07-27 14:08:22,763161 [INFOR] [userlog] 当前:2023-07-27 14:08:22 用户:cxh 下载了任务:general.binPDF报告
07-27 14:08:22,817150 [INFOR] [userlog] 当前:2023-07-27 14:08:22 用户:admin 下载了任务:acos_servicePDF报告
07-27 14:10:20,114233 [INFOR] [userlog] 当前:2023-07-27 14:10:20 用户:cxh 退出登录
07-27 14:10:25,138506 [INFOR] [userlog] 当前:2023-07-27 14:10:25 用户:config 登录成功
07-27 14:14:15,522396 [INFOR] [userlog] 当前:2023-07-27 14:14:15 用户:config 退出登录
07-27 14:14:19,606926 [INFOR] [userlog] 当前:2023-07-27 14:14:19 用户:cxh 登录成功
07-27 14:14:26,874183 [INFOR] [userlog] 当前:2023-07-27 14:14:26 用户:cxh 开始生成任务:ES002200.binPDF报告
07-27 14:14:36,536790 [INFOR] [userlog] 当前:2023-07-27 14:14:36 用户:cxh 创建报告对比任务:提升品型的权威机携手飒飒开展识传播1的1公益!合-展知识播公益展#识传播的公益展知发知识传播的公益展知识传播的公益展知发.zip对比WE1N2_1000.bin, id:325
07-27 14:15:22,661181 [INFOR] [userlog] 当前:2023-07-27 14:15:22 用户:cxh 下载了任务:ES002200.binPDF报告
07-27 14:16:21,011582 [INFOR] [userlog] 当前:2023-07-27 14:16:21 用户:admin 开始生成任务:vxWorks-qemu.imgPDF报告
07-27 14:16:56,276322 [INFOR] [userlog] 当前:2023-07-27 14:16:56 用户:cxh 开始生成任务:example(1.06M).binPDF报告
07-27 14:17:05,619330 [INFOR] [userlog] 当前:2023-07-27 14:17:05 用户:cxh 下载扫描任务:example(1.06M).binExcel报告, id:3028
07-27 14:17:16,177072 [INFOR] [userlog] 当前:2023-07-27 14:17:16 用户:cxh 下载扫描任务:ES002200.binExcel报告, id:3011
07-27 14:17:22,691294 [INFOR] [userlog] 当前:2023-07-27 14:17:22 用户:admin 下载了任务:vxWorks-qemu.imgPDF报告
07-27 14:17:22,708639 [INFOR] [userlog] 当前:2023-07-27 14:17:22 用户:cxh 下载了任务:example(1.06M).binPDF报告
07-27 14:17:37,835073 [INFOR] [userlog] 当前:2023-07-27 14:17:37 用户:admin 开始生成任务:vxWorks_v5_mips_bigendian.binPDF报告
07-27 14:18:22,688150 [INFOR] [userlog] 当前:2023-07-27 14:18:22 用户:admin 下载了任务:vxWorks_v5_mips_bigendian.binPDF报告
07-27 14:20:20,167309 [INFOR] [userlog] 当前:2023-07-27 14:20:20 用户:cxh 删除固件扫描任务:WE1N2_1000.bin, id:3034
07-27 14:20:36,239117 [INFOR] [userlog] 当前:2023-07-27 14:20:36 用户:cxh 创建固件扫描任务:WE1N2_1000.bin, id:3036, 并未关联固件库
07-27 14:20:38,409909 [INFOR] [userlog] 当前:2023-07-27 14:20:37 用户:cxh 开始固件扫描任务:WE1N2_1000.bin, id:3036
07-27 14:22:28,008704 [INFOR] [userlog] 当前:2023-07-27 14:22:27 用户:wwh 登录成功
07-27 14:22:29,023132 [INFOR] [userlog] 当前:2023-07-27 14:22:29 用户:wwh 创建固件扫描任务:SCM6JIZHONG.hex, id:3037, 并未关联固件库
07-27 14:22:29,353962 [INFOR] [userlog] 当前:2023-07-27 14:22:29 用户:wwh 开始固件扫描任务:SCM6JIZHONG.hex, id:3037
07-27 14:22:30,317200 [INFOR] [userlog] 当前:2023-07-27 14:22:30 用户:wwh 创建固件扫描任务:SCM6JIZHONG.hex, id:3038, 并未关联固件库
07-27 14:23:14,865582 [INFOR] [userlog] 当前:2023-07-27 14:23:14 用户:wwh 登录成功
07-27 14:23:15,614331 [INFOR] [userlog] 当前:2023-07-27 14:23:15 用户:wwh 删除固件扫描任务:SCM6JIZHONG.hex, id:2922
07-27 14:23:15,744994 [INFOR] [userlog] 当前:2023-07-27 14:23:15 用户:wwh 创建固件扫描任务:SCM6JIZHONG.hex, id:3039, 并未关联固件库
07-27 14:23:16,122417 [INFOR] [userlog] 当前:2023-07-27 14:23:15 用户:wwh 开始固件扫描任务:SCM6JIZHONG.hex, id:3039
07-27 14:23:16,527475 [INFOR] [userlog] 当前:2023-07-27 14:23:16 用户:wwh 创建固件扫描任务:SCM6JIZHONG.hex, id:3040, 并未关联固件库
07-27 14:23:16,872490 [INFOR] [userlog] 当前:2023-07-27 14:23:16 用户:wwh 开始固件扫描任务:SCM6JIZHONG.hex, id:3040
07-27 14:23:17,329815 [INFOR] [userlog] 当前:2023-07-27 14:23:17 用户:wwh 暂停固件扫描任务:SCM6JIZHONG.hex, id:3037
07-27 14:23:17,460465 [INFOR] [userlog] 当前:2023-07-27 14:23:17 用户:wwh 删除固件扫描任务:SCM6JIZHONG.hex, id:3037
07-27 14:23:17,476652 [INFOR] [userlog] 当前:2023-07-27 14:23:17 用户:wwh 创建固件扫描任务:SCM6JIZHONG.hex, id:3041, 并未关联固件库
07-27 14:23:17,847542 [INFOR] [userlog] 当前:2023-07-27 14:23:17 用户:wwh 开始固件扫描任务:SCM6JIZHONG.hex, id:3041
07-27 14:23:18,306994 [INFOR] [userlog] 当前:2023-07-27 14:23:18 用户:wwh 创建固件扫描任务:SCM6JIZHONG.hex, id:3042, 并未关联固件库
07-27 14:23:19,018143 [INFOR] [userlog] 当前:2023-07-27 14:23:18 用户:wwh 开始固件扫描任务:SCM6JIZHONG.hex, id:3042
07-27 14:23:19,362921 [INFOR] [userlog] 当前:2023-07-27 14:23:19 用户:wwh 创建固件扫描任务:SCM6JIZHONG.hex, id:3043, 并未关联固件库
07-27 14:23:19,698391 [INFOR] [userlog] 当前:2023-07-27 14:23:19 用户:wwh 开始固件扫描任务:SCM6JIZHONG.hex, id:3043
07-27 14:23:20,016030 [INFOR] [userlog] 当前:2023-07-27 14:23:20 用户:wwh 删除固件扫描任务:SCM6JIZHONG.hex, id:3038
07-27 14:23:20,029360 [INFOR] [userlog] 当前:2023-07-27 14:23:19 用户:wwh 创建固件扫描任务:SCM6JIZHONG.hex, id:3044, 并未关联固件库
07-27 14:23:20,368816 [INFOR] [userlog] 当前:2023-07-27 14:23:20 用户:wwh 开始固件扫描任务:SCM6JIZHONG.hex, id:3044
07-27 14:23:20,692680 [INFOR] [userlog] 当前:2023-07-27 14:23:20 用户:wwh 创建固件扫描任务:SCM6JIZHONG.hex, id:3045, 并未关联固件库
07-27 14:23:21,014071 [INFOR] [userlog] 当前:2023-07-27 14:23:20 用户:wwh 开始固件扫描任务:SCM6JIZHONG.hex, id:3045
07-27 14:23:21,324702 [INFOR] [userlog] 当前:2023-07-27 14:23:21 用户:wwh 创建固件扫描任务:SCM6JIZHONG.hex, id:3046, 并未关联固件库
07-27 14:23:21,640066 [INFOR] [userlog] 当前:2023-07-27 14:23:21 用户:wwh 开始固件扫描任务:SCM6JIZHONG.hex, id:3046
07-27 14:23:22,016643 [INFOR] [userlog] 当前:2023-07-27 14:23:21 用户:wwh 创建固件扫描任务:SCM6JIZHONG.hex, id:3047, 并未关联固件库
07-27 14:23:22,416519 [INFOR] [userlog] 当前:2023-07-27 14:23:22 用户:wwh 开始固件扫描任务:SCM6JIZHONG.hex, id:3047
07-27 14:23:22,803656 [INFOR] [userlog] 当前:2023-07-27 14:23:22 用户:wwh 创建固件扫描任务:SCM6JIZHONG.hex, id:3048, 并未关联固件库
07-27 14:23:23,229304 [INFOR] [userlog] 当前:2023-07-27 14:23:22 用户:wwh 开始固件扫描任务:SCM6JIZHONG.hex, id:3048
07-27 14:23:23,679324 [INFOR] [userlog] 当前:2023-07-27 14:23:23 用户:wwh 创建固件扫描任务:SCM6JIZHONG.hex, id:3049, 并未关联固件库
07-27 14:23:24,015774 [INFOR] [userlog] 当前:2023-07-27 14:23:23 用户:wwh 开始固件扫描任务:SCM6JIZHONG.hex, id:3049
07-27 14:23:24,424226 [INFOR] [userlog] 当前:2023-07-27 14:23:24 用户:wwh 创建固件扫描任务:SCM6JIZHONG.hex, id:3050, 并未关联固件库
07-27 14:23:24,762809 [INFOR] [userlog] 当前:2023-07-27 14:23:24 用户:wwh 开始固件扫描任务:SCM6JIZHONG.hex, id:3050
07-27 14:23:25,168250 [INFOR] [userlog] 当前:2023-07-27 14:23:25 用户:wwh 创建固件扫描任务:SCM6JIZHONG.hex, id:3051, 并未关联固件库
07-27 14:23:25,518962 [INFOR] [userlog] 当前:2023-07-27 14:23:25 用户:wwh 开始固件扫描任务:SCM6JIZHONG.hex, id:3051
07-27 14:23:25,944987 [INFOR] [userlog] 当前:2023-07-27 14:23:25 用户:wwh 创建固件扫描任务:SCM6JIZHONG.hex, id:3052, 并未关联固件库
07-27 14:23:26,289359 [INFOR] [userlog] 当前:2023-07-27 14:23:26 用户:wwh 开始固件扫描任务:SCM6JIZHONG.hex, id:3052
07-27 14:23:26,719975 [INFOR] [userlog] 当前:2023-07-27 14:23:26 用户:wwh 创建固件扫描任务:SCM6JIZHONG.hex, id:3053, 并未关联固件库
07-27 14:23:27,069617 [INFOR] [userlog] 当前:2023-07-27 14:23:26 用户:wwh 开始固件扫描任务:SCM6JIZHONG.hex, id:3053
07-27 14:23:27,530608 [INFOR] [userlog] 当前:2023-07-27 14:23:27 用户:wwh 创建固件扫描任务:SCM6JIZHONG.hex, id:3054, 并未关联固件库
07-27 14:23:27,896097 [INFOR] [userlog] 当前:2023-07-27 14:23:27 用户:wwh 开始固件扫描任务:SCM6JIZHONG.hex, id:3054
07-27 14:23:28,346976 [INFOR] [userlog] 当前:2023-07-27 14:23:28 用户:wwh 创建固件扫描任务:SCM6JIZHONG.hex, id:3055, 并未关联固件库
07-27 14:23:28,730856 [INFOR] [userlog] 当前:2023-07-27 14:23:28 用户:wwh 开始固件扫描任务:SCM6JIZHONG.hex, id:3055
07-27 14:23:28,760863 [INFOR] [userlog] 当前:2023-07-27 14:23:28 用户:wwh 退出登录
07-27 14:24:22,694361 [INFOR] [userlog] 当前:2023-07-27 14:24:22 用户:cxh 退出登录
07-27 14:24:26,138429 [INFOR] [userlog] 当前:2023-07-27 14:24:25 用户:config 登录成功
07-27 14:26:08,692025 [INFOR] [userlog] 当前:2023-07-27 14:26:08 用户:config 退出登录
07-27 14:26:12,831829 [INFOR] [userlog] 当前:2023-07-27 14:26:12 用户:cxh 登录成功
07-27 14:26:56,399156 [INFOR] [userlog] 当前:2023-07-27 14:26:56 用户:cxh 开始生成任务:WE1N2_1000.binPDF报告
07-27 14:28:26,040979 [INFOR] [userlog] 当前:2023-07-27 14:28:26 用户:cxh 下载了任务:WE1N2_1000.binPDF报告
07-27 14:28:52,733664 [INFOR] [userlog] 当前:2023-07-27 14:28:52 用户:cxh 退出登录
07-27 14:28:56,119462 [INFOR] [userlog] 当前:2023-07-27 14:28:55 用户:config 登录成功
07-27 14:29:19,025418 [INFOR] [userlog] 当前:2023-07-27 14:29:19 用户:config 退出登录
07-27 14:29:21,578225 [INFOR] [userlog] 当前:2023-07-27 14:29:21 用户:cxh 登录成功
07-27 14:29:26,000634 [INFOR] [userlog] 当前:2023-07-27 14:29:25 用户:cxh 开始生成任务:SCM6JIZHONG.hexPDF报告
07-27 14:29:30,090797 [INFOR] [userlog] 当前:2023-07-27 14:29:30 用户:cxh 开始生成任务:SCM6JIZHONG.hexPDF报告
07-27 14:30:22,735853 [INFOR] [userlog] 当前:2023-07-27 14:30:22 用户:cxh 下载了任务:SCM6JIZHONG.hexPDF报告
07-27 14:30:22,835763 [INFOR] [userlog] 当前:2023-07-27 14:30:22 用户:cxh 下载了任务:SCM6JIZHONG.hexPDF报告
07-27 14:32:25,825125 [INFOR] [userlog] 当前:2023-07-27 14:32:25 用户:cxh 退出登录
07-27 14:34:21,239029 [INFOR] [userlog] 当前:2023-07-27 14:34:21 用户:config 登录成功
07-27 14:35:19,778018 [INFOR] [userlog] 当前:2023-07-27 14:35:19 用户:config 退出登录
07-27 14:35:24,158576 [INFOR] [userlog] 当前:2023-07-27 14:35:24 用户:cxh 登录成功
07-27 14:35:28,934269 [INFOR] [userlog] 当前:2023-07-27 14:35:28 用户:cxh 下载了任务:SCM6JIZHONG.hexPDF报告
07-27 14:35:33,120231 [INFOR] [userlog] 当前:2023-07-27 14:35:33 用户:cxh 开始生成任务:SCM6JIZHONG.hexPDF报告
07-27 14:36:20,977357 [INFOR] [userlog] 当前:2023-07-27 14:36:20 用户:admin 登录成功
07-27 14:36:22,734390 [INFOR] [userlog] 当前:2023-07-27 14:36:22 用户:cxh 下载了任务:SCM6JIZHONG.hexPDF报告
07-27 14:36:47,748892 [INFOR] [userlog] 当前:2023-07-27 14:36:47 用户:cxh 退出登录
07-27 14:38:20,211542 [INFOR] [userlog] 当前:2023-07-27 14:38:20 用户:config 登录成功
07-27 14:38:35,059173 [INFOR] [userlog] 当前:2023-07-27 14:38:35 用户:config 退出登录
07-27 14:38:39,574849 [INFOR] [userlog] 当前:2023-07-27 14:38:39 用户:cxh 登录成功
07-27 14:38:44,435583 [INFOR] [userlog] 当前:2023-07-27 14:38:44 用户:cxh 退出登录
07-27 14:38:48,694519 [INFOR] [userlog] 当前:2023-07-27 14:38:48 用户:wwh 登录成功
07-27 14:39:20,372063 [INFOR] [userlog] 当前:2023-07-27 14:39:20 用户:admin 登录成功
07-27 14:40:51,151302 [INFOR] [userlog] 当前:2023-07-27 14:40:51 用户:wwh 退出登录
07-27 14:40:54,975410 [INFOR] [userlog] 当前:2023-07-27 14:40:54 用户:config 登录成功
07-27 14:41:22,898278 [INFOR] [userlog] 当前:2023-07-27 14:41:22 用户:config 退出登录
07-27 14:41:28,663057 [INFOR] [userlog] 当前:2023-07-27 14:41:28 用户:cxh 登录成功
07-27 14:41:50,533079 [INFOR] [userlog] 当前:2023-07-27 14:41:50 用户:cxh 退出登录
07-27 14:41:53,799424 [INFOR] [userlog] 当前:2023-07-27 14:41:53 用户:config 登录成功
07-27 14:42:11,594740 [INFOR] [userlog] 当前:2023-07-27 14:42:11 用户:config 退出登录
07-27 14:42:16,555849 [INFOR] [userlog] 当前:2023-07-27 14:42:16 用户:wwh 登录成功
07-27 14:43:24,610344 [INFOR] [userlog] 当前:2023-07-27 14:43:24 用户:wwh 退出登录
07-27 14:43:27,925186 [INFOR] [userlog] 当前:2023-07-27 14:43:27 用户:config 登录成功
07-27 14:43:35,761026 [INFOR] [userlog] 当前:2023-07-27 14:43:35 用户:config 退出登录
07-27 14:43:39,940113 [INFOR] [userlog] 当前:2023-07-27 14:43:39 用户:wwh 登录成功
07-27 14:43:58,776069 [INFOR] [userlog] 当前:2023-07-27 14:43:58 用户:wwh 退出登录
07-27 14:44:01,786901 [INFOR] [userlog] 当前:2023-07-27 14:44:01 用户:config 登录成功
07-27 14:44:49,311932 [INFOR] [userlog] 当前:2023-07-27 14:44:49 用户:config 退出登录
07-27 14:44:53,591838 [INFOR] [userlog] 当前:2023-07-27 14:44:53 用户:cxh 登录成功
07-27 14:45:02,214120 [INFOR] [userlog] 当前:2023-07-27 14:45:02 用户:cxh 退出登录
07-27 14:45:04,829535 [INFOR] [userlog] 当前:2023-07-27 14:45:04 用户:config 登录成功
07-27 14:45:12,780133 [INFOR] [userlog] 当前:2023-07-27 14:45:12 用户:config 退出登录
07-27 14:45:16,625478 [INFOR] [userlog] 当前:2023-07-27 14:45:16 用户:wwh 登录成功
07-27 14:48:47,537478 [INFOR] [userlog] 当前:2023-07-27 14:48:47 用户:wx 登录成功
07-27 14:48:59,973599 [INFOR] [userlog] 当前:2023-07-27 14:48:59 用户:wwh 退出登录
07-27 14:49:02,936900 [INFOR] [userlog] 当前:2023-07-27 14:49:02 用户:config 登录成功
07-27 14:50:24,724905 [INFOR] [userlog] 当前:2023-07-27 14:50:24 用户:config 退出登录
07-27 14:50:29,161164 [INFOR] [userlog] 当前:2023-07-27 14:50:29 用户:cxh 登录成功
07-27 14:50:32,243146 [INFOR] [userlog] 当前:2023-07-27 14:50:32 用户:cxh 开始生成任务:SCM6JIZHONG.hexPDF报告
07-27 14:50:52,179274 [INFOR] [userlog] 当前:2023-07-27 14:50:52 用户:cxh 开始生成任务:kernel.imgPDF报告
07-27 14:51:22,706317 [INFOR] [userlog] 当前:2023-07-27 14:51:22 用户:cxh 下载了任务:kernel.imgPDF报告
07-27 14:51:22,716411 [INFOR] [userlog] 当前:2023-07-27 14:51:22 用户:cxh 下载了任务:SCM6JIZHONG.hexPDF报告
07-27 14:55:33,396907 [INFOR] [userlog] 当前:2023-07-27 14:55:33 用户:cxh 退出登录
07-27 14:56:01,697578 [INFOR] [userlog] 当前:2023-07-27 14:56:01 用户:cxh 登录成功
07-27 14:58:13,695265 [INFOR] [userlog] 当前:2023-07-27 14:58:13 用户:cxh 开始生成任务:SCM6JIZHONG.hexPDF报告
07-27 14:58:19,478152 [INFOR] [userlog] 当前:2023-07-27 14:58:19 用户:cxh 开始生成任务:SCM6JIZHONG.hexPDF报告
07-27 14:58:38,518396 [INFOR] [userlog] 当前:2023-07-27 14:58:38 用户:cxh 创建固件扫描任务:WE1N2_1000.bin, id:3056, 并未关联固件库
07-27 14:58:40,295632 [INFOR] [userlog] 当前:2023-07-27 14:58:40 用户:cxh 开始固件扫描任务:WE1N2_1000.bin, id:3056
07-27 14:59:22,785794 [INFOR] [userlog] 当前:2023-07-27 14:59:22 用户:cxh 下载了任务:SCM6JIZHONG.hexPDF报告
07-27 14:59:58,182508 [INFOR] [userlog] 当前:2023-07-27 14:59:58 用户:cxh 创建固件扫描任务:zsy.zip, id:3057, 并未关联固件库
07-27 15:00:02,536036 [INFOR] [userlog] 当前:2023-07-27 15:00:02 用户:cxh 开始固件扫描任务:zsy.zip, id:3057
07-27 15:04:12,456606 [INFOR] [userlog] 当前:2023-07-27 15:04:12 用户:wwh 登录成功
07-27 15:04:13,906654 [INFOR] [userlog] 当前:2023-07-27 15:04:13 用户:wwh 删除固件扫描任务:2, id:3026
07-27 15:04:14,085488 [INFOR] [userlog] 当前:2023-07-27 15:04:13 用户:wwh 创建固件扫描任务:zsy.zip, id:3058, 并未关联固件库
07-27 15:04:14,479289 [INFOR] [userlog] 当前:2023-07-27 15:04:14 用户:wwh 开始固件扫描任务:zsy.zip, id:3058
07-27 15:04:15,625820 [INFOR] [userlog] 当前:2023-07-27 15:04:15 用户:wwh 创建固件扫描任务:zsy.zip, id:3059, 并未关联固件库
07-27 15:04:16,036029 [INFOR] [userlog] 当前:2023-07-27 15:04:15 用户:wwh 开始固件扫描任务:zsy.zip, id:3059
07-27 15:04:20,961969 [INFOR] [userlog] 当前:2023-07-27 15:04:17 用户:wwh 创建固件扫描任务:zsy.zip, id:3060, 并未关联固件库
07-27 15:04:22,284315 [INFOR] [userlog] 当前:2023-07-27 15:04:21 用户:wwh 开始固件扫描任务:zsy.zip, id:3060
07-27 15:04:23,596168 [INFOR] [userlog] 当前:2023-07-27 15:04:23 用户:wwh 创建固件扫描任务:zsy.zip, id:3061, 并未关联固件库
07-27 15:04:23,942620 [INFOR] [userlog] 当前:2023-07-27 15:04:23 用户:wwh 开始固件扫描任务:zsy.zip, id:3061
07-27 15:04:24,967971 [INFOR] [userlog] 当前:2023-07-27 15:04:24 用户:wwh 创建固件扫描任务:zsy.zip, id:3062, 并未关联固件库
07-27 15:04:25,548444 [INFOR] [userlog] 当前:2023-07-27 15:04:25 用户:wwh 开始固件扫描任务:zsy.zip, id:3062
07-27 15:04:26,764909 [INFOR] [userlog] 当前:2023-07-27 15:04:26 用户:wwh 创建固件扫描任务:zsy.zip, id:3063, 并未关联固件库
07-27 15:04:26,932166 [INFOR] [userlog] 当前:2023-07-27 15:04:26 用户:cxh 创建报告对比任务:zsy.zip对比SCM6JIZHONG.hex, id:326
07-27 15:04:27,177039 [INFOR] [userlog] 当前:2023-07-27 15:04:26 用户:wwh 开始固件扫描任务:zsy.zip, id:3063
07-27 15:04:29,596965 [INFOR] [userlog] 当前:2023-07-27 15:04:28 用户:wwh 创建固件扫描任务:zsy.zip, id:3064, 并未关联固件库
07-27 15:04:33,501878 [INFOR] [userlog] 当前:2023-07-27 15:04:32 用户:wwh 开始固件扫描任务:zsy.zip, id:3064
07-27 15:04:35,733723 [INFOR] [userlog] 当前:2023-07-27 15:04:35 用户:cxh 创建报告对比任务:zsy.zip对比SCM6JIZHONG.hex, id:327
07-27 15:04:35,738597 [INFOR] [userlog] 当前:2023-07-27 15:04:35 用户:wwh 创建固件扫描任务:zsy.zip, id:3065, 并未关联固件库
07-27 15:04:36,139332 [INFOR] [userlog] 当前:2023-07-27 15:04:35 用户:wwh 开始固件扫描任务:zsy.zip, id:3065
07-27 15:04:38,111263 [INFOR] [userlog] 当前:2023-07-27 15:04:38 用户:wwh 删除固件扫描任务:提升品型的权威机携手飒飒开展识传播1的1公益!合-展知识播公益展#识传播的公益展知发知识传播的公益展知识传播的公益展知发.zip, id:3025
07-27 15:04:38,202900 [INFOR] [userlog] 当前:2023-07-27 15:04:38 用户:wwh 创建固件扫描任务:zsy.zip, id:3066, 并未关联固件库
07-27 15:04:38,592193 [INFOR] [userlog] 当前:2023-07-27 15:04:38 用户:wwh 开始固件扫描任务:zsy.zip, id:3066
07-27 15:04:40,025760 [INFOR] [userlog] 当前:2023-07-27 15:04:39 用户:wwh 创建固件扫描任务:zsy.zip, id:3067, 并未关联固件库
07-27 15:04:41,322128 [INFOR] [userlog] 当前:2023-07-27 15:04:40 用户:wwh 开始固件扫描任务:zsy.zip, id:3067
07-27 15:04:42,705649 [INFOR] [userlog] 当前:2023-07-27 15:04:42 用户:wwh 创建固件扫描任务:zsy.zip, id:3068, 并未关联固件库
07-27 15:04:43,073778 [INFOR] [userlog] 当前:2023-07-27 15:04:42 用户:wwh 开始固件扫描任务:zsy.zip, id:3068
07-27 15:04:44,313001 [INFOR] [userlog] 当前:2023-07-27 15:04:44 用户:wwh 创建固件扫描任务:zsy.zip, id:3069, 并未关联固件库
07-27 15:04:44,705430 [INFOR] [userlog] 当前:2023-07-27 15:04:44 用户:wwh 开始固件扫描任务:zsy.zip, id:3069
07-27 15:04:46,310973 [INFOR] [userlog] 当前:2023-07-27 15:04:46 用户:wwh 创建固件扫描任务:zsy.zip, id:3070, 并未关联固件库
07-27 15:04:46,766007 [INFOR] [userlog] 当前:2023-07-27 15:04:46 用户:wwh 开始固件扫描任务:zsy.zip, id:3070
07-27 15:04:48,103290 [INFOR] [userlog] 当前:2023-07-27 15:04:48 用户:wwh 创建固件扫描任务:zsy.zip, id:3071, 并未关联固件库
07-27 15:04:48,992543 [INFOR] [userlog] 当前:2023-07-27 15:04:48 用户:wwh 开始固件扫描任务:zsy.zip, id:3071
07-27 15:04:52,125778 [INFOR] [userlog] 当前:2023-07-27 15:04:50 用户:wwh 创建固件扫描任务:zsy.zip, id:3072, 并未关联固件库
07-27 15:04:53,594583 [INFOR] [userlog] 当前:2023-07-27 15:04:53 用户:wwh 开始固件扫描任务:zsy.zip, id:3072
07-27 15:04:55,525369 [INFOR] [userlog] 当前:2023-07-27 15:04:55 用户:wwh 创建固件扫描任务:zsy.zip, id:3073, 并未关联固件库
07-27 15:04:55,548148 [INFOR] [userlog] 当前:2023-07-27 15:04:55 用户:cxh 创建报告对比任务:SCM6JIZHONG.hex对比WE1N2_1000.bin, id:328
07-27 15:04:56,087513 [INFOR] [userlog] 当前:2023-07-27 15:04:55 用户:wwh 开始固件扫描任务:zsy.zip, id:3073
07-27 15:04:57,426301 [INFOR] [userlog] 当前:2023-07-27 15:04:57 用户:wwh 创建固件扫描任务:zsy.zip, id:3074, 并未关联固件库
07-27 15:04:57,967477 [INFOR] [userlog] 当前:2023-07-27 15:04:57 用户:wwh 开始固件扫描任务:zsy.zip, id:3074
07-27 15:04:58,013166 [INFOR] [userlog] 当前:2023-07-27 15:04:58 用户:wwh 退出登录
07-27 15:05:30,866877 [INFOR] [userlog] 当前:2023-07-27 15:05:30 用户:cxh 开始生成任务:SCM6JIZHONG.hexPDF报告
07-27 15:05:32,842881 [INFOR] [userlog] 当前:2023-07-27 15:05:32 用户:cxh 开始生成任务:SCM6JIZHONG.hexPDF报告
07-27 15:05:34,064889 [INFOR] [userlog] 当前:2023-07-27 15:05:34 用户:cxh 开始生成任务:SCM6JIZHONG.hexPDF报告
07-27 15:05:35,192889 [INFOR] [userlog] 当前:2023-07-27 15:05:35 用户:cxh 开始生成任务:SCM6JIZHONG.hexPDF报告
07-27 15:05:37,691050 [INFOR] [userlog] 当前:2023-07-27 15:05:37 用户:cxh 开始生成任务:SCM6JIZHONG.hexPDF报告
07-27 15:05:39,486704 [INFOR] [userlog] 当前:2023-07-27 15:05:39 用户:cxh 开始生成任务:SCM6JIZHONG.hexPDF报告
07-27 15:05:43,979319 [INFOR] [userlog] 当前:2023-07-27 15:05:43 用户:cxh 开始生成任务:SCM6JIZHONG.hexPDF报告
07-27 15:05:45,139803 [INFOR] [userlog] 当前:2023-07-27 15:05:45 用户:cxh 下载了任务:SCM6JIZHONG.hexPDF报告
07-27 15:05:46,411518 [INFOR] [userlog] 当前:2023-07-27 15:05:46 用户:cxh 下载了任务:SCM6JIZHONG.hexPDF报告
07-27 15:05:51,017757 [INFOR] [userlog] 当前:2023-07-27 15:05:51 用户:cxh 下载了任务:SCM6JIZHONG.hexPDF报告
07-27 15:05:54,558826 [INFOR] [userlog] 当前:2023-07-27 15:05:54 用户:cxh 下载了任务:SCM6JIZHONG.hexPDF报告
07-27 15:05:56,086488 [INFOR] [userlog] 当前:2023-07-27 15:05:56 用户:cxh 开始生成任务:SCM6JIZHONG.hexPDF报告
07-27 15:06:12,145567 [INFOR] [userlog] 当前:2023-07-27 15:06:12 用户:cxh 下载了任务:SCM6JIZHONG.hexPDF报告
07-27 15:06:13,920750 [INFOR] [userlog] 当前:2023-07-27 15:06:13 用户:cxh 下载了任务:SCM6JIZHONG.hexPDF报告
07-27 15:06:15,932738 [INFOR] [userlog] 当前:2023-07-27 15:06:15 用户:cxh 下载了任务:SCM6JIZHONG.hexPDF报告
07-27 15:06:22,728205 [INFOR] [userlog] 当前:2023-07-27 15:06:22 用户:cxh 下载了任务:SCM6JIZHONG.hexPDF报告
07-27 15:06:22,833004 [INFOR] [userlog] 当前:2023-07-27 15:06:22 用户:cxh 下载了任务:SCM6JIZHONG.hexPDF报告
07-27 15:06:23,027670 [INFOR] [userlog] 当前:2023-07-27 15:06:23 用户:cxh 下载了任务:SCM6JIZHONG.hexPDF报告
07-27 15:06:23,103064 [INFOR] [userlog] 当前:2023-07-27 15:06:23 用户:cxh 下载了任务:SCM6JIZHONG.hexPDF报告
07-27 15:06:23,271693 [INFOR] [userlog] 当前:2023-07-27 15:06:23 用户:cxh 下载了任务:SCM6JIZHONG.hexPDF报告
07-27 15:06:23,307159 [INFOR] [userlog] 当前:2023-07-27 15:06:23 用户:cxh 下载了任务:SCM6JIZHONG.hexPDF报告
07-27 15:06:29,770797 [INFOR] [userlog] 当前:2023-07-27 15:06:29 用户:cxh 开始生成任务:SCM6JIZHONG.hexPDF报告
07-27 15:06:31,280158 [INFOR] [userlog] 当前:2023-07-27 15:06:31 用户:cxh 开始生成任务:SCM6JIZHONG.hexPDF报告
07-27 15:06:32,649007 [INFOR] [userlog] 当前:2023-07-27 15:06:32 用户:cxh 开始生成任务:SCM6JIZHONG.hexPDF报告
07-27 15:06:33,921642 [INFOR] [userlog] 当前:2023-07-27 15:06:33 用户:cxh 下载了任务:SCM6JIZHONG.hexPDF报告
07-27 15:06:35,963552 [INFOR] [userlog] 当前:2023-07-27 15:06:35 用户:cxh 下载了任务:SCM6JIZHONG.hexPDF报告
07-27 15:06:38,292591 [INFOR] [userlog] 当前:2023-07-27 15:06:38 用户:cxh 下载了任务:SCM6JIZHONG.hexPDF报告
07-27 15:06:42,904927 [INFOR] [userlog] 当前:2023-07-27 15:06:42 用户:cxh 下载了任务:SCM6JIZHONG.hexPDF报告
07-27 15:06:44,444619 [INFOR] [userlog] 当前:2023-07-27 15:06:44 用户:cxh 下载了任务:SCM6JIZHONG.hexPDF报告
07-27 15:06:48,382563 [INFOR] [userlog] 当前:2023-07-27 15:06:48 用户:cxh 下载了任务:SCM6JIZHONG.hexPDF报告
07-27 15:06:50,344853 [INFOR] [userlog] 当前:2023-07-27 15:06:50 用户:cxh 开始生成任务:WE1N2_1000.binPDF报告
07-27 15:06:51,374952 [INFOR] [userlog] 当前:2023-07-27 15:06:51 用户:cxh 开始生成任务:zsy.zipPDF报告
07-27 15:06:53,040214 [INFOR] [userlog] 当前:2023-07-27 15:06:53 用户:cxh 开始生成任务:zsy.zipPDF报告
07-27 15:06:56,961408 [INFOR] [userlog] 当前:2023-07-27 15:06:56 用户:cxh 下载了任务:SCM6JIZHONG.hexPDF报告
07-27 15:07:05,064040 [INFOR] [userlog] 当前:2023-07-27 15:07:05 用户:cxh 下载了任务:SCM6JIZHONG.hexPDF报告
07-27 15:07:16,263321 [INFOR] [userlog] 当前:2023-07-27 15:07:16 用户:cxh 下载了任务:SCM6JIZHONG.hexPDF报告
07-27 15:07:23,479167 [INFOR] [userlog] 当前:2023-07-27 15:07:23 用户:cxh 下载了任务:SCM6JIZHONG.hexPDF报告
07-27 15:07:23,492055 [INFOR] [userlog] 当前:2023-07-27 15:07:23 用户:cxh 下载了任务:zsy.zipPDF报告
07-27 15:08:23,030220 [INFOR] [userlog] 当前:2023-07-27 15:08:23 用户:cxh 下载了任务:zsy.zipPDF报告
07-27 15:18:02,201687 [INFOR] [userlog] 当前:2023-07-27 15:18:02 用户:cxh 下载了任务:SCM6JIZHONG.hexPDF报告
07-27 15:18:07,544653 [INFOR] [userlog] 当前:2023-07-27 15:18:07 用户:cxh 下载了任务:SCM6JIZHONG.hexPDF报告
07-27 15:18:17,179344 [INFOR] [userlog] 当前:2023-07-27 15:18:17 用户:cxh 下载了任务:SCM6JIZHONG.hexPDF报告
07-27 15:25:26,521697 [INFOR] [userlog] 当前:2023-07-27 15:25:26 用户:cxh 开始生成任务:zsy.zipPDF报告
07-27 15:26:22,712458 [INFOR] [userlog] 当前:2023-07-27 15:26:22 用户:cxh 下载了任务:zsy.zipPDF报告
07-27 15:28:53,271342 [INFOR] [userlog] 当前:2023-07-27 15:28:53 用户:cxh 退出登录
07-27 15:28:56,588341 [INFOR] [userlog] 当前:2023-07-27 15:28:56 用户:config 登录成功
07-27 15:29:18,329136 [INFOR] [userlog] 当前:2023-07-27 15:29:18 用户:config 退出登录
07-27 15:29:23,164017 [INFOR] [userlog] 当前:2023-07-27 15:29:23 用户:cxh 登录成功
07-27 15:29:27,377311 [INFOR] [userlog] 当前:2023-07-27 15:29:27 用户:cxh 开始生成任务:zsy.zipPDF报告
07-27 15:30:22,683051 [INFOR] [userlog] 当前:2023-07-27 15:30:22 用户:cxh 下载了任务:zsy.zipPDF报告
07-27 15:34:02,076025 [INFOR] [userlog] 当前:2023-07-27 15:34:02 用户:cxh 创建固件扫描任务:zsy.zip, id:3075, 并未关联固件库
07-27 15:34:04,040215 [INFOR] [userlog] 当前:2023-07-27 15:34:03 用户:cxh 开始固件扫描任务:zsy.zip, id:3075
07-27 15:42:51,045025 [INFOR] [userlog] 当前:2023-07-27 15:42:51 用户:wx 创建固件扫描任务:dist(44).zip, id:3076, 并未关联固件库
07-27 15:42:52,658930 [INFOR] [userlog] 当前:2023-07-27 15:42:52 用户:wx 开始固件扫描任务:dist(44).zip, id:3076
07-27 15:43:23,506419 [INFOR] [userlog] 当前:2023-07-27 15:43:23 用户:cxh 下载固件扫描任务漏洞库文件:zsy.zip, id:3075
07-27 15:45:25,601202 [INFOR] [userlog] 当前:2023-07-27 15:45:25 用户:cxh 删除固件扫描任务:337557852378103808.zip, id:3003
07-27 15:45:25,601215 [INFOR] [userlog] 当前:2023-07-27 15:45:25 用户:cxh 删除固件扫描任务:337557852378103808.zip, id:2969
07-27 15:45:45,793931 [INFOR] [userlog] 当前:2023-07-27 15:45:45 用户:wx 创建固件扫描任务:zsy.zip, id:3077, 并未关联固件库
07-27 15:45:48,351254 [INFOR] [userlog] 当前:2023-07-27 15:45:48 用户:wx 开始固件扫描任务:zsy.zip, id:3077
07-27 15:45:55,765559 [INFOR] [userlog] 当前:2023-07-27 15:45:55 用户:cxh 创建固件扫描任务:337557852378103808.zip, id:3078, 并关联固件库
07-27 15:46:04,444238 [INFOR] [userlog] 当前:2023-07-27 15:46:04 用户:cxh 开始固件扫描任务:337557852378103808.zip, id:3078
07-27 15:47:10,609380 [INFOR] [userlog] 当前:2023-07-27 15:47:10 用户:wx 暂停固件扫描任务:337557852378103808.zip, id:3078
07-27 15:47:16,996846 [INFOR] [userlog] 当前:2023-07-27 15:47:16 用户:wx 恢复固件扫描任务:337557852378103808.zip, id:3078至任务队列中
07-27 15:50:19,780317 [INFOR] [userlog] 当前:2023-07-27 15:50:19 用户:cxh 创建固件扫描任务:DIR-815 FW 1.01b14_1.01b14.bin, id:3079, 并未关联固件库
07-27 15:50:21,821892 [INFOR] [userlog] 当前:2023-07-27 15:50:21 用户:cxh 开始固件扫描任务:DIR-815 FW 1.01b14_1.01b14.bin, id:3079
07-27 15:51:57,372068 [INFOR] [userlog] 当前:2023-07-27 15:51:57 用户:wx 创建固件扫描任务:zsy.zip, id:3080, 并未关联固件库
07-27 15:52:54,330923 [INFOR] [userlog] 当前:2023-07-27 15:52:54 用户:wx 开始固件扫描任务:zsy.zip, id:3080
07-27 15:56:05,344272 [INFOR] [userlog] 当前:2023-07-27 15:56:05 用户:cxh 登录成功
07-27 15:59:56,321635 [INFOR] [userlog] 当前:2023-07-27 15:59:56 用户:cxh 删除固件扫描任务:WE1N2_1000.bin, id:3056
07-27 15:59:56,321648 [INFOR] [userlog] 当前:2023-07-27 15:59:56 用户:cxh 删除固件扫描任务:WE1N2_1000.bin, id:3036
07-27 16:01:16,659637 [INFOR] [userlog] 当前:2023-07-27 16:01:16 用户:cxh 创建固件扫描任务:WE1N2_1000.bin, id:3081, 并未关联固件库
07-27 16:01:17,953998 [INFOR] [userlog] 当前:2023-07-27 16:01:17 用户:cxh 开始固件扫描任务:WE1N2_1000.bin, id:3081
07-27 16:01:35,225082 [INFOR] [userlog] 当前:2023-07-27 16:01:35 用户:cxh 创建固件扫描任务:zsy.zip, id:3082, 并未关联固件库
07-27 16:01:37,014111 [INFOR] [userlog] 当前:2023-07-27 16:01:36 用户:cxh 开始固件扫描任务:zsy.zip, id:3082
07-27 16:04:48,294539 [INFOR] [userlog] 当前:2023-07-27 16:04:48 用户:cxh 重新开始固件库扫描任务:libcrypto.so.0.9.8, id:2320
07-27 16:04:51,626221 [INFOR] [userlog] 当前:2023-07-27 16:04:51 用户:cxh 暂停固件扫描任务:libcrypto.so.0.9.8, id:2320
07-27 16:04:52,462401 [INFOR] [userlog] 当前:2023-07-27 16:04:52 用户:cxh 恢复固件扫描任务:libcrypto.so.0.9.8, id:2320
07-27 16:05:14,455776 [INFOR] [userlog] 当前:2023-07-27 16:05:14 用户:cxh 暂停固件扫描任务:libcrypto.so.0.9.8, id:2320
07-27 16:05:21,020696 [INFOR] [userlog] 当前:2023-07-27 16:05:21 用户:cxh 重新开始固件库扫描任务:libcurl_7.17.1-1_arm.ipk, id:2318
07-27 16:08:43,221193 [INFOR] [userlog] 当前:2023-07-27 16:08:43 用户:wx 创建固件扫描任务:zsy.zip, id:3084, 并未关联固件库
07-27 16:08:47,098931 [INFOR] [userlog] 当前:2023-07-27 16:08:47 用户:wx 删除固件扫描任务:zsy.zip, id:3084
07-27 16:12:29,446782 [INFOR] [userlog] 当前:2023-07-27 16:12:29 用户:wx 删除固件扫描任务:zsy.zip, id:3080
07-27 16:12:41,627764 [INFOR] [userlog] 当前:2023-07-27 16:12:41 用户:wx 创建固件扫描任务:zsy.zip, id:3085, 并未关联固件库
07-27 16:17:40,508335 [INFOR] [userlog] 当前:2023-07-27 16:17:40 用户:wx 删除固件扫描任务:zsy.zip, id:3085
07-27 16:18:00,730616 [INFOR] [userlog] 当前:2023-07-27 16:18:00 用户:wx 创建固件扫描任务:zsy.zip, id:3086, 并未关联固件库
07-27 16:21:36,391401 [INFOR] [userlog] 当前:2023-07-27 16:21:36 用户:cxh 退出登录
07-27 16:21:40,569477 [INFOR] [userlog] 当前:2023-07-27 16:21:40 用户:wwh 登录成功
07-27 16:21:55,612975 [INFOR] [userlog] 当前:2023-07-27 16:21:55 用户:wwh 退出登录
07-27 16:21:58,712501 [INFOR] [userlog] 当前:2023-07-27 16:21:58 用户:config 登录成功
07-27 16:22:03,004248 [INFOR] [userlog] 当前:2023-07-27 16:22:03 用户:config 退出登录
07-27 16:22:07,325488 [INFOR] [userlog] 当前:2023-07-27 16:22:07 用户:admin 登录成功
07-27 16:22:12,397325 [INFOR] [userlog] 当前:2023-07-27 16:22:12 用户:wx 删除固件扫描任务:zsy.zip, id:3086
07-27 16:23:18,003135 [INFOR] [userlog] 当前:2023-07-27 16:23:17 用户:admin 暂停固件扫描任务:libcurl_7.17.1-1_arm.ipk, id:3083
07-27 16:23:33,473356 [INFOR] [userlog] 当前:2023-07-27 16:23:33 用户:admin 删除固件扫描任务:zsy.zip, id:3071
07-27 16:24:01,718806 [INFOR] [userlog] 当前:2023-07-27 16:24:01 用户:wwh 登录成功
07-27 16:24:03,472779 [INFOR] [userlog] 当前:2023-07-27 16:24:03 用户:wwh 删除固件扫描任务:zsy.zip, id:3058
07-27 16:24:03,487558 [INFOR] [userlog] 当前:2023-07-27 16:24:03 用户:wwh 创建固件扫描任务:zsy.zip, id:3087, 并未关联固件库
07-27 16:24:03,849055 [INFOR] [userlog] 当前:2023-07-27 16:24:03 用户:wwh 开始固件扫描任务:zsy.zip, id:3087
07-27 16:24:05,232595 [INFOR] [userlog] 当前:2023-07-27 16:24:05 用户:wwh 创建固件扫描任务:zsy.zip, id:3088, 并未关联固件库
07-27 16:24:05,576221 [INFOR] [userlog] 当前:2023-07-27 16:24:05 用户:wwh 开始固件扫描任务:zsy.zip, id:3088
07-27 16:24:05,774351 [INFOR] [userlog] 当前:2023-07-27 16:24:05 用户:wwh 退出登录
07-27 16:24:45,422943 [INFOR] [userlog] 当前:2023-07-27 16:24:45 用户:wt 退出登录
07-27 16:24:51,290156 [INFOR] [userlog] 当前:2023-07-27 16:24:51 用户:wt 登录成功
07-27 16:25:25,955534 [INFOR] [userlog] 当前:2023-07-27 16:25:25 用户:admin 登录成功
07-27 16:25:37,072191 [INFOR] [userlog] 当前:2023-07-27 16:25:36 用户:cxh 登录成功
07-27 16:32:56,011173 [INFOR] [userlog] 当前:2023-07-27 16:32:55 用户:cxh 删除固件扫描任务:337557852378103808.zip, id:3078
07-27 16:33:35,753662 [INFOR] [userlog] 当前:2023-07-27 16:33:35 用户:cxh 创建固件扫描任务:337557852378103808.zip, id:3089, 并关联固件库
07-27 16:33:37,546850 [INFOR] [userlog] 当前:2023-07-27 16:33:37 用户:cxh 开始固件扫描任务:337557852378103808.zip, id:3089
07-27 16:33:43,221630 [INFOR] [userlog] 当前:2023-07-27 16:33:43 用户:cxh 恢复固件扫描任务:libcurl_7.17.1-1_arm.ipk, id:3083至任务队列中
07-27 16:44:39,418669 [INFOR] [userlog] 当前:2023-07-27 16:44:39 用户:wx 删除固件扫描任务:337557852378103808.zip, id:3089
07-27 16:46:57,594310 [INFOR] [userlog] 当前:2023-07-27 16:46:57 用户:cxh 创建固件扫描任务:337557852378103808.zip, id:3090, 并未关联固件库
07-27 16:47:00,811632 [INFOR] [userlog] 当前:2023-07-27 16:47:00 用户:cxh 开始固件扫描任务:337557852378103808.zip, id:3090
07-27 16:47:29,470579 [INFOR] [userlog] 当前:2023-07-27 16:47:29 用户:cxh 开始生成任务:DIR-815 FW 1.01b14_1.01b14.binPDF报告
07-27 16:50:23,602330 [INFOR] [userlog] 当前:2023-07-27 16:50:23 用户:cxh 下载了任务:DIR-815 FW 1.01b14_1.01b14.binPDF报告
07-27 17:03:57,214294 [INFOR] [userlog] 当前:2023-07-27 17:03:57 用户:cxh 暂停固件扫描任务:libcurl_7.17.1-1_arm.ipk, id:3083
07-27 17:07:52,716217 [INFOR] [userlog] 当前:2023-07-27 17:07:52 用户:wx 删除固件扫描任务:337557852378103808.zip, id:3090
07-27 17:09:07,761733 [INFOR] [userlog] 当前:2023-07-27 17:09:07 用户:cxh 创建固件扫描任务:337557852378103808.zip, id:3091, 并未关联固件库
07-27 17:09:09,874262 [INFOR] [userlog] 当前:2023-07-27 17:09:09 用户:cxh 开始固件扫描任务:337557852378103808.zip, id:3091
07-27 17:09:50,962100 [INFOR] [userlog] 当前:2023-07-27 17:09:50 用户:cxh 开始生成任务:zsy.zipPDF报告
07-27 17:10:17,451963 [INFOR] [userlog] 当前:2023-07-27 17:10:17 用户:cxh 退出登录
07-27 17:10:22,608491 [INFOR] [userlog] 当前:2023-07-27 17:10:22 用户:wwh 登录成功
07-27 17:10:38,946064 [INFOR] [userlog] 当前:2023-07-27 17:10:38 用户:wwh 开始生成任务:zsy.zipPDF报告
07-27 17:11:39,525457 [INFOR] [userlog] 当前:2023-07-27 17:11:39 用户:wwh 退出登录
07-27 17:11:47,948465 [INFOR] [userlog] 当前:2023-07-27 17:11:45 用户:cxh 登录成功
07-27 17:11:52,540043 [INFOR] [userlog] 当前:2023-07-27 17:11:52 用户:cxh 退出登录
07-27 17:11:59,580582 [INFOR] [userlog] 当前:2023-07-27 17:11:56 用户:cxh 登录成功
07-27 17:12:31,936428 [INFOR] [userlog] 当前:2023-07-27 17:12:31 用户:cxh 退出登录
07-27 17:12:37,854669 [INFOR] [userlog] 当前:2023-07-27 17:12:37 用户:cxh 登录成功
07-27 17:12:40,020802 [INFOR] [userlog] 当前:2023-07-27 17:12:40 用户:cxh 退出登录
07-27 17:12:48,661396 [INFOR] [userlog] 当前:2023-07-27 17:12:48 用户:cxh 登录成功
07-27 17:12:53,671945 [INFOR] [userlog] 当前:2023-07-27 17:12:53 用户:cxh 退出登录
07-27 17:13:02,533392 [INFOR] [userlog] 当前:2023-07-27 17:13:02 用户:cxh 登录成功
07-27 17:13:13,212888 [INFOR] [userlog] 当前:2023-07-27 17:13:13 用户:cxh 退出登录
07-27 17:13:15,942350 [INFOR] [userlog] 当前:2023-07-27 17:13:15 用户:cxh 登录成功
07-27 17:13:18,555397 [INFOR] [userlog] 当前:2023-07-27 17:13:18 用户:cxh 退出登录
07-27 17:13:25,112604 [INFOR] [userlog] 当前:2023-07-27 17:13:25 用户:cxh 登录成功
07-27 17:13:59,230437 [INFOR] [userlog] 当前:2023-07-27 17:13:59 用户:admin 登录成功
07-27 17:14:36,969379 [INFOR] [userlog] 当前:2023-07-27 17:14:36 用户:admin 退出登录
07-27 17:16:24,649515 [INFOR] [userlog] 当前:2023-07-27 17:16:24 用户:cxh 开始生成任务:libcurl_7.17.1-1_arm.ipkPDF报告
07-27 17:16:52,763776 [INFOR] [userlog] 当前:2023-07-27 17:16:52 用户:cxh 下载了任务:libcurl_7.17.1-1_arm.ipkPDF报告
07-27 17:23:20,383882 [INFOR] [userlog] 当前:2023-07-27 17:23:20 用户:admin 登录成功
07-27 17:24:29,838313 [INFOR] [userlog] 当前:2023-07-27 17:24:29 用户:cxh 重新开始固件库扫描任务:app.bin, id:2319
07-27 17:24:37,046315 [INFOR] [userlog] 当前:2023-07-27 17:24:37 用户:cxh 暂停固件扫描任务:app.bin, id:2319
07-27 17:27:31,248507 [INFOR] [userlog] 当前:2023-07-27 17:27:31 用户:wx 删除固件扫描任务:337557852378103808.zip, id:3091
07-27 17:28:18,267617 [INFOR] [userlog] 当前:2023-07-27 17:28:18 用户:admin 开始生成任务:zsy.zipPDF报告
07-27 17:28:34,777987 [INFOR] [userlog] 当前:2023-07-27 17:28:34 用户:admin 登录成功
07-27 17:28:46,214461 [INFOR] [userlog] 当前:2023-07-27 17:28:46 用户:lxy 登录成功
07-27 17:28:52,800773 [INFOR] [userlog] 当前:2023-07-27 17:28:52 用户:lxy 下载了任务:zsy.zipPDF报告
07-27 17:28:55,201426 [INFOR] [userlog] 当前:2023-07-27 17:28:55 用户:lxy 退出登录
07-27 17:29:01,135352 [INFOR] [userlog] 当前:2023-07-27 17:29:01 用户:wwh 登录成功
07-27 17:29:09,328514 [INFOR] [userlog] 当前:2023-07-27 17:29:09 用户:wwh 下载了任务:zsy.zipPDF报告
07-27 17:29:30,453333 [INFOR] [userlog] 当前:2023-07-27 17:29:30 用户:wwh 开始生成任务:zsy.zipPDF报告
07-27 17:29:52,766037 [INFOR] [userlog] 当前:2023-07-27 17:29:52 用户:wwh 下载了任务:zsy.zipPDF报告
07-27 17:30:04,408422 [INFOR] [userlog] 当前:2023-07-27 17:30:04 用户:cxh 退出登录
07-27 17:30:08,792974 [INFOR] [userlog] 当前:2023-07-27 17:30:08 用户:wwh 登录成功
07-27 17:30:25,517627 [INFOR] [userlog] 当前:2023-07-27 17:30:25 用户:admin 登录成功
07-27 17:30:42,918369 [INFOR] [userlog] 当前:2023-07-27 17:30:42 用户:wwh 下载了任务:zsy.zipPDF报告
07-27 17:30:49,906722 [INFOR] [userlog] 当前:2023-07-27 17:30:49 用户:wwh 下载了任务:zsy.zipPDF报告
07-27 17:30:54,837399 [INFOR] [userlog] 当前:2023-07-27 17:30:54 用户:wwh 开始生成任务:zsy.zipPDF报告
07-27 17:31:16,898517 [INFOR] [userlog] 当前:2023-07-27 17:31:16 用户:wwh 开始生成任务:NBD6804T-F.binPDF报告
07-27 17:31:53,903325 [INFOR] [userlog] 当前:2023-07-27 17:31:53 用户:wwh 下载了任务:zsy.zipPDF报告
07-27 17:32:53,137299 [INFOR] [userlog] 当前:2023-07-27 17:32:53 用户:wwh 下载了任务:NBD6804T-F.binPDF报告
07-27 17:35:38,081464 [INFOR] [userlog] 当前:2023-07-27 17:35:38 用户:wwh 开始生成任务:miwifi_r1cl_firmware_1b415_2.12.9.binPDF报告
07-27 17:36:05,383581 [INFOR] [userlog] 当前:2023-07-27 17:36:05 用户:wwh 开始生成任务:transmission-web_2.13-1_arm.ipkPDF报告
07-27 17:36:54,808116 [INFOR] [userlog] 当前:2023-07-27 17:36:54 用户:wwh 下载了任务:transmission-web_2.13-1_arm.ipkPDF报告
07-27 17:38:53,880371 [INFOR] [userlog] 当前:2023-07-27 17:38:53 用户:wwh 下载了任务:miwifi_r1cl_firmware_1b415_2.12.9.binPDF报告
07-27 17:39:07,411236 [INFOR] [userlog] 当前:2023-07-27 17:39:07 用户:wwh 退出登录
07-27 17:39:10,544151 [INFOR] [userlog] 当前:2023-07-27 17:39:10 用户:wwh 登录成功
07-27 17:39:12,241730 [INFOR] [userlog] 当前:2023-07-27 17:39:12 用户:wwh 退出登录
07-27 17:39:22,556377 [INFOR] [userlog] 当前:2023-07-27 17:39:22 用户:wwh 登录成功
07-27 17:39:54,364271 [INFOR] [userlog] 当前:2023-07-27 17:39:54 用户:wx 登录成功
07-27 17:40:24,736315 [INFOR] [userlog] 当前:2023-07-27 17:40:24 用户:admin 登录成功
07-27 17:51:19,636188 [INFOR] [userlog] 当前:2023-07-27 17:51:19 用户:wwh 退出登录
07-27 17:51:22,904897 [INFOR] [userlog] 当前:2023-07-27 17:51:22 用户:cxh 登录成功
07-27 17:51:44,477986 [INFOR] [userlog] 当前:2023-07-27 17:51:44 用户:cxh 创建固件扫描任务:337557852378103808.zip, id:3092, 并未关联固件库
07-27 17:51:46,703294 [INFOR] [userlog] 当前:2023-07-27 17:51:46 用户:cxh 开始固件扫描任务:337557852378103808.zip, id:3092
07-27 17:58:44,142220 [INFOR] [userlog] 当前:2023-07-27 17:58:44 用户:admin 登录成功
07-27 18:02:29,482693 [INFOR] [userlog] 当前:2023-07-27 18:02:29 用户:cxh 删除固件扫描任务:WE1N2_1000.bin, id:3081
07-27 18:02:44,616070 [INFOR] [userlog] 当前:2023-07-27 18:02:44 用户:cxh 创建固件扫描任务:WE1N2_1000.bin, id:3093, 并未关联固件库
07-27 18:02:46,168435 [INFOR] [userlog] 当前:2023-07-27 18:02:45 用户:cxh 开始固件扫描任务:WE1N2_1000.bin, id:3093
07-27 18:03:40,125960 [INFOR] [userlog] 当前:2023-07-27 18:03:40 用户:cxh 退出登录
07-27 18:03:44,177432 [INFOR] [userlog] 当前:2023-07-27 18:03:43 用户:wwh 登录成功
07-27 18:04:37,570520 [INFOR] [userlog] 当前:2023-07-27 18:04:37 用户:wwh 退出登录
07-27 18:04:41,286585 [INFOR] [userlog] 当前:2023-07-27 18:04:41 用户:wwh 登录成功
07-27 18:04:58,199824 [INFOR] [userlog] 当前:2023-07-27 18:04:58 用户:wwh 开始生成任务:51110.2.1800.96.binPDF报告
07-27 18:06:52,909332 [INFOR] [userlog] 当前:2023-07-27 18:06:52 用户:wwh 下载了任务:51110.2.1800.96.binPDF报告
07-27 18:08:27,342453 [INFOR] [userlog] 当前:2023-07-27 18:08:27 用户:wwh 下载固件扫描任务漏洞库文件:51110.2.1800.96.bin, id:2996
07-27 18:08:35,634712 [INFOR] [userlog] 当前:2023-07-27 18:08:35 用户:wwh 下载扫描任务:51110.2.1800.96.binExcel报告, id:2996
07-27 18:09:16,660867 [INFOR] [userlog] 当前:2023-07-27 18:09:16 用户:wwh 下载了任务:51110.2.1800.96.binPDF报告
07-27 18:10:02,613515 [INFOR] [userlog] 当前:2023-07-27 18:10:02 用户:wwh 下载了任务:factory-to-ddwrt(2).binPDF报告
07-27 18:10:10,221656 [INFOR] [userlog] 当前:2023-07-27 18:10:10 用户:wwh 下载了任务:factory-to-ddwrt(2).binPDF报告
07-27 18:10:17,592166 [INFOR] [userlog] 当前:2023-07-27 18:10:17 用户:wwh 下载固件扫描任务漏洞库文件:factory-to-ddwrt(2).bin, id:3005
07-27 18:10:20,878140 [INFOR] [userlog] 当前:2023-07-27 18:10:20 用户:wwh 下载扫描任务:factory-to-ddwrt(2).binExcel报告, id:3005
07-27 18:10:25,849587 [INFOR] [userlog] 当前:2023-07-27 18:10:25 用户:wwh 下载固件扫描任务漏洞库文件:factory-to-ddwrt(2).bin, id:3005
07-27 18:10:37,273443 [INFOR] [userlog] 当前:2023-07-27 18:10:37 用户:wwh 下载扫描任务:factory-to-ddwrt(2).binExcel报告, id:3005
07-27 18:10:41,708272 [INFOR] [userlog] 当前:2023-07-27 18:10:41 用户:wwh 下载了任务:factory-to-ddwrt(2).binPDF报告
07-27 18:14:45,504212 [INFOR] [userlog] 当前:2023-07-27 18:14:45 用户:wwh 退出登录
07-27 18:14:49,317915 [INFOR] [userlog] 当前:2023-07-27 18:14:49 用户:cxh 登录成功
07-27 18:19:49,200826 [INFOR] [userlog] 当前:2023-07-27 18:19:49 用户:admin 登录成功
07-27 18:29:33,845228 [INFOR] [userlog] 当前:2023-07-27 18:29:33 用户:admin 登录成功
07-27 18:30:40,169308 [INFOR] [userlog] 当前:2023-07-27 18:30:40 用户:cxh 退出登录
07-27 18:30:44,029685 [INFOR] [userlog] 当前:2023-07-27 18:30:43 用户:config 登录成功
07-27 18:30:53,371438 [INFOR] [userlog] 当前:2023-07-27 18:30:53 用户:config 退出登录
07-27 18:30:55,902771 [INFOR] [userlog] 当前:2023-07-27 18:30:55 用户:cxh 登录成功
07-27 18:31:00,665783 [INFOR] [userlog] 当前:2023-07-27 18:31:00 用户:cxh 开始生成任务:WE1N2_1000.binPDF报告
07-27 18:31:33,076184 [INFOR] [userlog] 当前:2023-07-27 18:31:32 用户:cxh 删除固件扫描任务:zsy.zip, id:3088
07-27 18:31:33,076198 [INFOR] [userlog] 当前:2023-07-27 18:31:32 用户:cxh 删除固件扫描任务:zsy.zip, id:3087
07-27 18:31:33,076204 [INFOR] [userlog] 当前:2023-07-27 18:31:32 用户:cxh 删除固件扫描任务:zsy.zip, id:3082
07-27 18:31:33,076210 [INFOR] [userlog] 当前:2023-07-27 18:31:32 用户:cxh 删除固件扫描任务:zsy.zip, id:3077
07-27 18:31:33,076215 [INFOR] [userlog] 当前:2023-07-27 18:31:32 用户:cxh 删除固件扫描任务:zsy.zip, id:3075
07-27 18:31:33,076220 [INFOR] [userlog] 当前:2023-07-27 18:31:32 用户:cxh 删除固件扫描任务:zsy.zip, id:3074
07-27 18:31:33,076226 [INFOR] [userlog] 当前:2023-07-27 18:31:32 用户:cxh 删除固件扫描任务:zsy.zip, id:3073
07-27 18:31:33,076231 [INFOR] [userlog] 当前:2023-07-27 18:31:32 用户:cxh 删除固件扫描任务:zsy.zip, id:3072
07-27 18:31:33,076237 [INFOR] [userlog] 当前:2023-07-27 18:31:32 用户:cxh 删除固件扫描任务:zsy.zip, id:3070
07-27 18:31:33,076242 [INFOR] [userlog] 当前:2023-07-27 18:31:32 用户:cxh 删除固件扫描任务:zsy.zip, id:3069
07-27 18:31:39,826635 [INFOR] [userlog] 当前:2023-07-27 18:31:39 用户:cxh 删除固件扫描任务:zsy.zip, id:3068
07-27 18:31:39,826651 [INFOR] [userlog] 当前:2023-07-27 18:31:39 用户:cxh 删除固件扫描任务:zsy.zip, id:3067
07-27 18:31:39,826656 [INFOR] [userlog] 当前:2023-07-27 18:31:39 用户:cxh 删除固件扫描任务:zsy.zip, id:3066
07-27 18:31:39,826662 [INFOR] [userlog] 当前:2023-07-27 18:31:39 用户:cxh 删除固件扫描任务:zsy.zip, id:3065
07-27 18:31:39,826667 [INFOR] [userlog] 当前:2023-07-27 18:31:39 用户:cxh 删除固件扫描任务:zsy.zip, id:3064
07-27 18:31:39,826673 [INFOR] [userlog] 当前:2023-07-27 18:31:39 用户:cxh 删除固件扫描任务:zsy.zip, id:3063
07-27 18:31:39,826678 [INFOR] [userlog] 当前:2023-07-27 18:31:39 用户:cxh 删除固件扫描任务:zsy.zip, id:3062
07-27 18:31:39,826683 [INFOR] [userlog] 当前:2023-07-27 18:31:39 用户:cxh 删除固件扫描任务:zsy.zip, id:3061
07-27 18:31:39,826689 [INFOR] [userlog] 当前:2023-07-27 18:31:39 用户:cxh 删除固件扫描任务:zsy.zip, id:3060
07-27 18:31:39,826695 [INFOR] [userlog] 当前:2023-07-27 18:31:39 用户:cxh 删除固件扫描任务:zsy.zip, id:3059
07-27 18:31:48,363615 [INFOR] [userlog] 当前:2023-07-27 18:31:47 用户:cxh 删除固件扫描任务:zsy.zip, id:3057
07-27 18:31:48,363675 [INFOR] [userlog] 当前:2023-07-27 18:31:47 用户:cxh 删除固件扫描任务:zsy.zip, id:3023
07-27 18:31:53,113431 [INFOR] [userlog] 当前:2023-07-27 18:31:53 用户:cxh 下载了任务:WE1N2_1000.binPDF报告
07-27 18:32:16,008462 [INFOR] [userlog] 当前:2023-07-27 18:32:15 用户:wwh 登录成功
07-27 18:32:17,348691 [INFOR] [userlog] 当前:2023-07-27 18:32:17 用户:wwh 创建固件扫描任务:zsy.zip, id:3094, 并未关联固件库
07-27 18:32:17,749809 [INFOR] [userlog] 当前:2023-07-27 18:32:17 用户:wwh 开始固件扫描任务:zsy.zip, id:3094
07-27 18:32:18,670317 [INFOR] [userlog] 当前:2023-07-27 18:32:18 用户:wwh 创建固件扫描任务:zsy.zip, id:3095, 并未关联固件库
07-27 18:32:19,032480 [INFOR] [userlog] 当前:2023-07-27 18:32:18 用户:wwh 开始固件扫描任务:zsy.zip, id:3095
07-27 18:32:20,491302 [INFOR] [userlog] 当前:2023-07-27 18:32:20 用户:wwh 创建固件扫描任务:zsy.zip, id:3096, 并未关联固件库
07-27 18:32:20,838040 [INFOR] [userlog] 当前:2023-07-27 18:32:20 用户:wwh 开始固件扫描任务:zsy.zip, id:3096
07-27 18:32:21,657901 [INFOR] [userlog] 当前:2023-07-27 18:32:21 用户:wwh 创建固件扫描任务:zsy.zip, id:3097, 并未关联固件库
07-27 18:32:21,990818 [INFOR] [userlog] 当前:2023-07-27 18:32:21 用户:wwh 开始固件扫描任务:zsy.zip, id:3097
07-27 18:32:22,889871 [INFOR] [userlog] 当前:2023-07-27 18:32:22 用户:wwh 创建固件扫描任务:zsy.zip, id:3098, 并未关联固件库
07-27 18:32:23,449461 [INFOR] [userlog] 当前:2023-07-27 18:32:22 用户:wwh 开始固件扫描任务:zsy.zip, id:3098
07-27 18:32:24,338198 [INFOR] [userlog] 当前:2023-07-27 18:32:24 用户:wwh 创建固件扫描任务:zsy.zip, id:3099, 并未关联固件库
07-27 18:32:24,655703 [INFOR] [userlog] 当前:2023-07-27 18:32:24 用户:wwh 开始固件扫描任务:zsy.zip, id:3099
07-27 18:32:25,522258 [INFOR] [userlog] 当前:2023-07-27 18:32:25 用户:wwh 创建固件扫描任务:zsy.zip, id:3100, 并未关联固件库
07-27 18:32:26,709115 [INFOR] [userlog] 当前:2023-07-27 18:32:25 用户:wwh 开始固件扫描任务:zsy.zip, id:3100
07-27 18:32:27,809472 [INFOR] [userlog] 当前:2023-07-27 18:32:27 用户:wwh 创建固件扫描任务:zsy.zip, id:3101, 并未关联固件库
07-27 18:32:28,197105 [INFOR] [userlog] 当前:2023-07-27 18:32:27 用户:wwh 开始固件扫描任务:zsy.zip, id:3101
07-27 18:32:28,946576 [INFOR] [userlog] 当前:2023-07-27 18:32:28 用户:wwh 创建固件扫描任务:zsy.zip, id:3102, 并未关联固件库
07-27 18:32:29,301538 [INFOR] [userlog] 当前:2023-07-27 18:32:29 用户:wwh 开始固件扫描任务:zsy.zip, id:3102
07-27 18:32:30,017825 [INFOR] [userlog] 当前:2023-07-27 18:32:30 用户:wwh 创建固件扫描任务:zsy.zip, id:3103, 并未关联固件库
07-27 18:32:30,392186 [INFOR] [userlog] 当前:2023-07-27 18:32:30 用户:wwh 开始固件扫描任务:zsy.zip, id:3103
07-27 18:32:31,198740 [INFOR] [userlog] 当前:2023-07-27 18:32:31 用户:wwh 创建固件扫描任务:zsy.zip, id:3104, 并未关联固件库
07-27 18:32:31,545447 [INFOR] [userlog] 当前:2023-07-27 18:32:31 用户:wwh 开始固件扫描任务:zsy.zip, id:3104
07-27 18:32:32,461174 [INFOR] [userlog] 当前:2023-07-27 18:32:32 用户:wwh 创建固件扫描任务:zsy.zip, id:3105, 并未关联固件库
07-27 18:32:32,803750 [INFOR] [userlog] 当前:2023-07-27 18:32:32 用户:wwh 开始固件扫描任务:zsy.zip, id:3105
07-27 18:32:33,739977 [INFOR] [userlog] 当前:2023-07-27 18:32:33 用户:wwh 创建固件扫描任务:zsy.zip, id:3106, 并未关联固件库
07-27 18:32:34,382596 [INFOR] [userlog] 当前:2023-07-27 18:32:34 用户:wwh 开始固件扫描任务:zsy.zip, id:3106
07-27 18:32:35,314707 [INFOR] [userlog] 当前:2023-07-27 18:32:35 用户:wwh 创建固件扫描任务:zsy.zip, id:3107, 并未关联固件库
07-27 18:32:35,706778 [INFOR] [userlog] 当前:2023-07-27 18:32:35 用户:wwh 开始固件扫描任务:zsy.zip, id:3107
07-27 18:32:36,580080 [INFOR] [userlog] 当前:2023-07-27 18:32:36 用户:wwh 创建固件扫描任务:zsy.zip, id:3108, 并未关联固件库
07-27 18:32:36,929715 [INFOR] [userlog] 当前:2023-07-27 18:32:36 用户:wwh 开始固件扫描任务:zsy.zip, id:3108
07-27 18:32:38,105167 [INFOR] [userlog] 当前:2023-07-27 18:32:38 用户:wwh 创建固件扫描任务:zsy.zip, id:3109, 并未关联固件库
07-27 18:32:38,450517 [INFOR] [userlog] 当前:2023-07-27 18:32:38 用户:wwh 开始固件扫描任务:zsy.zip, id:3109
07-27 18:32:39,408391 [INFOR] [userlog] 当前:2023-07-27 18:32:39 用户:wwh 创建固件扫描任务:zsy.zip, id:3110, 并未关联固件库
07-27 18:32:39,760295 [INFOR] [userlog] 当前:2023-07-27 18:32:39 用户:wwh 开始固件扫描任务:zsy.zip, id:3110
07-27 18:32:39,783486 [INFOR] [userlog] 当前:2023-07-27 18:32:39 用户:wwh 退出登录
07-27 18:33:20,116249 [INFOR] [userlog] 当前:2023-07-27 18:33:20 用户:cxh 退出登录
07-27 18:33:24,301619 [INFOR] [userlog] 当前:2023-07-27 18:33:24 用户:wwh 登录成功
07-27 18:36:53,763137 [INFOR] [userlog] 当前:2023-07-27 18:36:53 用户:wwh 登录成功
07-27 18:39:04,657911 [INFOR] [userlog] 当前:2023-07-27 18:39:04 用户:wwh 登录成功
07-27 18:40:02,055827 [INFOR] [userlog] 当前:2023-07-27 18:40:01 用户:admin 登录成功
07-27 18:41:53,018128 [INFOR] [userlog] 当前:2023-07-27 18:41:52 用户:cxh 登录成功
07-27 19:18:25,175389 [INFOR] [userlog] 当前:2023-07-27 19:18:25 用户:cxh 开始生成任务:zsy.zipPDF报告
07-27 19:18:52,779146 [INFOR] [userlog] 当前:2023-07-27 19:18:52 用户:cxh 下载了任务:zsy.zipPDF报告
07-27 19:23:33,438643 [INFOR] [userlog] 当前:2023-07-27 19:23:33 用户:cxh 创建固件扫描任务:LEADPFASoftware, id:3111, 并关联固件库
07-27 19:23:35,091736 [INFOR] [userlog] 当前:2023-07-27 19:23:34 用户:cxh 开始固件扫描任务:LEADPFASoftware, id:3111
07-27 19:24:55,587269 [INFOR] [userlog] 当前:2023-07-27 19:24:55 用户:cxh 创建固件扫描任务:bzImage_lzma, id:3112, 并未关联固件库
07-27 19:24:56,958905 [INFOR] [userlog] 当前:2023-07-27 19:24:56 用户:cxh 开始固件扫描任务:bzImage_lzma, id:3112
07-27 19:29:14,015046 [INFOR] [userlog] 当前:2023-07-27 19:29:14 用户:cxh 开始生成任务:bzImage_lzmaPDF报告
07-27 19:29:52,768308 [INFOR] [userlog] 当前:2023-07-27 19:29:52 用户:cxh 下载了任务:bzImage_lzmaPDF报告
07-27 19:39:15,851306 [INFOR] [userlog] 当前:2023-07-27 19:39:15 用户:cxh 开始生成任务:LEADPFASoftwarePDF报告
07-27 19:39:53,872471 [INFOR] [userlog] 当前:2023-07-27 19:39:53 用户:cxh 下载了任务:LEADPFASoftwarePDF报告
07-27 19:45:50,987663 [INFOR] [userlog] 当前:2023-07-27 19:45:50 用户:cxh 创建固件扫描任务:jq-test(jquary组件识别).zip, id:3113, 并未关联固件库
07-27 19:45:52,963278 [INFOR] [userlog] 当前:2023-07-27 19:45:52 用户:cxh 开始固件扫描任务:jq-test(jquary组件识别).zip, id:3113
07-27 19:45:59,812896 [INFOR] [userlog] 当前:2023-07-27 19:45:59 用户:cxh 创建固件扫描任务:vin_gps_phone_number_test, id:3114, 并未关联固件库
07-27 19:46:01,204732 [INFOR] [userlog] 当前:2023-07-27 19:46:00 用户:cxh 开始固件扫描任务:vin_gps_phone_number_test, id:3114
07-27 19:46:11,359042 [INFOR] [userlog] 当前:2023-07-27 19:46:11 用户:cxh 创建固件扫描任务:testtar.tar, id:3115, 并未关联固件库
07-27 19:46:12,842130 [INFOR] [userlog] 当前:2023-07-27 19:46:12 用户:cxh 开始固件扫描任务:testtar.tar, id:3115
07-27 19:46:18,001194 [INFOR] [userlog] 当前:2023-07-27 19:46:17 用户:cxh 创建固件扫描任务:elf乱码文件.so, id:3116, 并未关联固件库
07-27 19:46:19,137121 [INFOR] [userlog] 当前:2023-07-27 19:46:18 用户:cxh 开始固件扫描任务:elf乱码文件.so, id:3116
07-27 19:46:58,270616 [INFOR] [userlog] 当前:2023-07-27 19:46:58 用户:cxh 创建固件扫描任务:F5D0, id:3117, 并未关联固件库
07-27 19:47:03,712329 [INFOR] [userlog] 当前:2023-07-27 19:47:03 用户:cxh 开始固件扫描任务:F5D0, id:3117
07-27 20:02:08,460833 [INFOR] [userlog] 当前:2023-07-27 20:02:08 用户:cxh 开始生成任务:VDR-308_Ramdisk.zipPDF报告
07-27 20:02:52,824159 [INFOR] [userlog] 当前:2023-07-27 20:02:52 用户:cxh 下载了任务:VDR-308_Ramdisk.zipPDF报告
07-27 20:15:23,758473 [INFOR] [userlog] 当前:2023-07-27 20:15:23 用户:cxh 下载了任务:ReadySHARE_USB_Printer_MAC_V2.36.dmgPDF报告
07-27 20:16:50,096094 [INFOR] [userlog] 当前:2023-07-27 20:16:50 用户:cxh 删除固件扫描任务:mtlan1.sys, id:2785
07-27 20:17:04,451374 [INFOR] [userlog] 当前:2023-07-27 20:17:04 用户:cxh 创建固件扫描任务:mtlan1.sys, id:3118, 并未关联固件库
07-27 20:17:21,565886 [INFOR] [userlog] 当前:2023-07-27 20:17:21 用户:cxh 开始固件扫描任务:mtlan1.sys, id:3118
07-27 20:17:35,407114 [INFOR] [userlog] 当前:2023-07-27 20:17:35 用户:cxh 暂停固件扫描任务:uVxWorks, id:2984
07-27 20:18:47,081300 [INFOR] [userlog] 当前:2023-07-27 20:18:47 用户:cxh 创建固件扫描任务:uVxWorks, id:3119, 并未关联固件库
07-27 20:18:48,269457 [INFOR] [userlog] 当前:2023-07-27 20:18:48 用户:cxh 开始固件扫描任务:uVxWorks, id:3119
07-27 20:19:18,403307 [INFOR] [userlog] 当前:2023-07-27 20:19:18 用户:cxh 创建固件扫描任务:uVxWorks, id:3120, 并未关联固件库
07-27 20:19:19,891239 [INFOR] [userlog] 当前:2023-07-27 20:19:19 用户:cxh 开始固件扫描任务:uVxWorks, id:3120
07-27 20:19:34,465694 [INFOR] [userlog] 当前:2023-07-27 20:19:34 用户:cxh 创建固件扫描任务:uVxWorks, id:3121, 并未关联固件库
07-27 20:19:36,436353 [INFOR] [userlog] 当前:2023-07-27 20:19:36 用户:cxh 开始固件扫描任务:uVxWorks, id:3121
07-27 20:27:50,411201 [INFOR] [userlog] 当前:2023-07-27 20:27:50 用户:cxh 开始生成任务:MA100-tftp.103j.binPDF报告
07-27 20:28:00,092382 [INFOR] [userlog] 当前:2023-07-27 20:28:00 用户:cxh 开始生成任务:V204TA.GZPDF报告
07-27 20:28:17,565486 [INFOR] [userlog] 当前:2023-07-27 20:28:17 用户:cxh 下载了任务:miwifi_r1cl_firmware_1b415_2.12.9.binPDF报告
07-27 20:28:46,306317 [INFOR] [userlog] 当前:2023-07-27 20:28:46 用户:cxh 下载了任务:factory-to-ddwrt(2).binPDF报告
07-27 20:28:52,770139 [INFOR] [userlog] 当前:2023-07-27 20:28:52 用户:cxh 下载了任务:V204TA.GZPDF报告
07-27 20:28:52,872702 [INFOR] [userlog] 当前:2023-07-27 20:28:52 用户:cxh 下载了任务:MA100-tftp.103j.binPDF报告
07-27 20:28:59,543063 [INFOR] [userlog] 当前:2023-07-27 20:28:59 用户:cxh 开始生成任务:WJ-HD300A_3.13.zipPDF报告
07-27 20:29:18,799580 [INFOR] [userlog] 当前:2023-07-27 20:29:18 用户:cxh 删除固件扫描任务:ReadySHARE_USB_Printer_MAC_V2.36.dmg, id:3016
07-27 20:29:22,117451 [INFOR] [userlog] 当前:2023-07-27 20:29:22 用户:cxh 删除固件扫描任务:ReadySHARE_USB_Printer_MAC_V2.36.dmg, id:2786
07-27 20:29:52,763234 [INFOR] [userlog] 当前:2023-07-27 20:29:52 用户:cxh 下载了任务:WJ-HD300A_3.13.zipPDF报告
07-27 20:29:58,369134 [INFOR] [userlog] 当前:2023-07-27 20:29:58 用户:cxh 删除固件扫描任务:factory-to-ddwrt(2).bin, id:3005
07-27 20:29:58,369145 [INFOR] [userlog] 当前:2023-07-27 20:29:58 用户:cxh 删除固件扫描任务:factory-to-ddwrt(2).bin, id:2780
07-27 20:30:09,391760 [INFOR] [userlog] 当前:2023-07-27 20:30:09 用户:cxh 删除固件扫描任务:WJ-HD300A_3.13.zip, id:3009
07-27 20:30:09,391787 [INFOR] [userlog] 当前:2023-07-27 20:30:09 用户:cxh 删除固件扫描任务:WJ-HD300A_3.13.zip, id:2788
07-27 20:30:28,571238 [INFOR] [userlog] 当前:2023-07-27 20:30:28 用户:cxh 删除固件扫描任务:miwifi_r1cl_firmware_1b415_2.12.9.bin, id:3002
07-27 20:30:28,571252 [INFOR] [userlog] 当前:2023-07-27 20:30:28 用户:cxh 删除固件扫描任务:miwifi_r1cl_firmware_1b415_2.12.9.bin, id:2784
07-27 20:30:42,032821 [INFOR] [userlog] 当前:2023-07-27 20:30:42 用户:cxh 删除固件扫描任务:V204TA.GZ, id:2995
07-27 20:30:58,925236 [INFOR] [userlog] 当前:2023-07-27 20:30:58 用户:cxh 删除固件扫描任务:MA100-tftp.103j.bin, id:3000
07-27 20:31:11,123086 [INFOR] [userlog] 当前:2023-07-27 20:31:11 用户:cxh 删除固件扫描任务:VDR-308_Ramdisk.zip, id:2998
07-27 20:31:11,123096 [INFOR] [userlog] 当前:2023-07-27 20:31:11 用户:cxh 删除固件扫描任务:VDR-308_Ramdisk.zip, id:2728
07-27 20:31:26,059688 [INFOR] [userlog] 当前:2023-07-27 20:31:26 用户:cxh 创建固件扫描任务:VDR-308_Ramdisk .zip, id:3122, 并未关联固件库
07-27 20:31:44,291141 [INFOR] [userlog] 当前:2023-07-27 20:31:44 用户:cxh 创建固件扫描任务:MA100-tftp.103j.bin, id:3123, 并未关联固件库
07-27 20:32:00,150661 [INFOR] [userlog] 当前:2023-07-27 20:32:00 用户:cxh 创建固件扫描任务:V204TA.GZ, id:3124, 并未关联固件库
07-27 20:32:14,734548 [INFOR] [userlog] 当前:2023-07-27 20:32:14 用户:cxh 创建固件扫描任务:miwifi_r1cl_firmware_1b415_2.12.9.bin, id:3125, 并未关联固件库
07-27 20:32:33,773089 [INFOR] [userlog] 当前:2023-07-27 20:32:33 用户:cxh 创建固件扫描任务:factory-to-ddwrt(2).bin, id:3126, 并未关联固件库
07-27 20:32:52,280326 [INFOR] [userlog] 当前:2023-07-27 20:32:52 用户:cxh 创建固件扫描任务:WJ-HD300A_3.13.zip, id:3127, 并未关联固件库
07-27 20:33:03,432118 [INFOR] [userlog] 当前:2023-07-27 20:33:03 用户:cxh 创建固件扫描任务:ReadySHARE_USB_Printer_MAC_V2.36.dmg, id:3128, 并未关联固件库
07-27 20:33:11,837499 [INFOR] [userlog] 当前:2023-07-27 20:33:11 用户:cxh 开始固件扫描任务:ReadySHARE_USB_Printer_MAC_V2.36.dmg, id:3128
07-27 20:33:12,573115 [INFOR] [userlog] 当前:2023-07-27 20:33:12 用户:cxh 开始固件扫描任务:WJ-HD300A_3.13.zip, id:3127
07-27 20:33:13,572745 [INFOR] [userlog] 当前:2023-07-27 20:33:12 用户:cxh 开始固件扫描任务:factory-to-ddwrt(2).bin, id:3126
07-27 20:33:13,762408 [INFOR] [userlog] 当前:2023-07-27 20:33:13 用户:cxh 开始固件扫描任务:miwifi_r1cl_firmware_1b415_2.12.9.bin, id:3125
07-27 20:33:14,539399 [INFOR] [userlog] 当前:2023-07-27 20:33:14 用户:cxh 开始固件扫描任务:V204TA.GZ, id:3124
07-27 20:33:15,138267 [INFOR] [userlog] 当前:2023-07-27 20:33:14 用户:cxh 开始固件扫描任务:MA100-tftp.103j.bin, id:3123
07-27 20:33:15,761847 [INFOR] [userlog] 当前:2023-07-27 20:33:15 用户:cxh 开始固件扫描任务:VDR-308_Ramdisk .zip, id:3122

