07-25 09:29:21,389897 [INFOR] [userlog] 当前:2023-07-25 09:29:21 用户:cxh 登录成功
07-25 09:29:28,014010 [INFOR] [userlog] 当前:2023-07-25 09:29:28 用户:cxh 暂停固件扫描任务:wr.fw, id:2874
07-25 09:53:28,064462 [INFOR] [userlog] 当前:2023-07-25 09:53:28 用户:cxh 下载了任务:zsy.zipPDF报告
07-25 11:04:10,891515 [INFOR] [userlog] 当前:2023-07-25 11:04:10 用户:cxh 创建固件扫描任务:lj4300fw_04.019.1.rfu, id:2879, 并未关联固件库
07-25 11:04:12,539357 [INFOR] [userlog] 当前:2023-07-25 11:04:12 用户:cxh 开始固件扫描任务:lj4300fw_04.019.1.rfu, id:2879
07-25 11:43:59,754900 [INFOR] [userlog] 当前:2023-07-25 11:43:59 用户:cxh 退出登录
07-25 11:44:03,878074 [INFOR] [userlog] 当前:2023-07-25 11:44:03 用户:config 登录成功
07-25 11:44:34,122869 [INFOR] [userlog] 当前:2023-07-25 11:44:34 用户:config 登录成功
07-25 11:48:27,875067 [INFOR] [userlog] 当前:2023-07-25 11:48:27 用户:cxh 登录成功
07-25 11:57:22,680933 [INFOR] [userlog] 当前:2023-07-25 11:57:22 用户:wx 登录成功
07-25 11:57:28,408078 [INFOR] [userlog] 当前:2023-07-25 11:57:28 用户:wx 退出登录
07-25 13:44:39,156876 [INFOR] [userlog] 当前:2023-07-25 13:44:39 用户:cxh 下载扫描任务:lj4300fw_04.019.1.rfuExcel报告, id:2879
07-25 13:45:19,928761 [INFOR] [userlog] 当前:2023-07-25 13:45:19 用户:cxh 开始生成任务:lj4300fw_04.019.1.rfuPDF报告
07-25 13:45:42,234398 [INFOR] [userlog] 当前:2023-07-25 13:45:42 用户:cxh 开始生成任务:yaffs2_le.imgPDF报告
07-25 13:46:18,691264 [INFOR] [userlog] 当前:2023-07-25 13:46:18 用户:cxh 下载了任务:lj4300fw_04.019.1.rfuPDF报告
07-25 14:14:17,962051 [INFOR] [userlog] 当前:2023-07-25 14:14:17 用户:cxh 退出登录
07-25 14:14:20,923214 [INFOR] [userlog] 当前:2023-07-25 14:14:20 用户:config 登录成功
07-25 14:15:11,455319 [INFOR] [userlog] 当前:2023-07-25 14:15:11 用户:config 退出登录
07-25 14:15:20,018850 [INFOR] [userlog] 当前:2023-07-25 14:15:19 用户:cxh 登录成功
07-25 14:15:31,633859 [INFOR] [userlog] 当前:2023-07-25 14:15:31 用户:cxh 开始生成任务:yaffs2_be.imgPDF报告
07-25 14:16:19,037082 [INFOR] [userlog] 当前:2023-07-25 14:16:19 用户:cxh 下载了任务:yaffs2_be.imgPDF报告
07-25 14:35:13,522728 [INFOR] [userlog] 当前:2023-07-25 14:35:13 用户:cxh 创建固件扫描任务:zsy.zip, id:2880, 并关联固件库
07-25 14:35:15,245692 [INFOR] [userlog] 当前:2023-07-25 14:35:14 用户:cxh 开始固件扫描任务:zsy.zip, id:2880
07-25 15:28:23,227137 [INFOR] [userlog] 当前:2023-07-25 15:28:23 用户:wwh 登录成功
07-25 15:28:27,808204 [INFOR] [userlog] 当前:2023-07-25 15:28:27 用户:wwh 开始生成任务:xerox.psPDF报告
07-25 15:29:02,138993 [INFOR] [userlog] 当前:2023-07-25 15:29:02 用户:wwh 下载了任务:xerox.psPDF报告
07-25 15:29:37,672668 [INFOR] [userlog] 当前:2023-07-25 15:29:37 用户:wwh 退出登录
07-25 15:29:44,930704 [INFOR] [userlog] 当前:2023-07-25 15:29:44 用户:config 登录成功
07-25 15:29:51,778880 [INFOR] [userlog] 当前:2023-07-25 15:29:51 用户:config 退出登录
07-25 15:29:56,586725 [INFOR] [userlog] 当前:2023-07-25 15:29:56 用户:wwh 登录成功
07-25 15:30:01,922795 [INFOR] [userlog] 当前:2023-07-25 15:30:01 用户:wwh 开始生成任务:update_stream.binPDF报告
07-25 15:30:11,924126 [INFOR] [userlog] 当前:2023-07-25 15:30:11 用户:wwh 创建报告对比任务:yaffs2_le.img对比yaffs2_be.img, id:313
07-25 15:30:21,636924 [INFOR] [userlog] 当前:2023-07-25 15:30:21 用户:wwh 退出登录
07-25 15:30:32,358506 [INFOR] [userlog] 当前:2023-07-25 15:30:32 用户:wwh 登录成功
07-25 15:30:45,111114 [INFOR] [userlog] 当前:2023-07-25 15:30:45 用户:wwh 创建固件扫描任务:zsy.zip, id:2881, 并未关联固件库
07-25 15:30:46,331637 [INFOR] [userlog] 当前:2023-07-25 15:30:46 用户:wwh 开始固件扫描任务:zsy.zip, id:2881
07-25 15:30:52,751305 [INFOR] [userlog] 当前:2023-07-25 15:30:52 用户:wwh 下载扫描任务:update_stream.binExcel报告, id:2873
07-25 15:31:02,103897 [INFOR] [userlog] 当前:2023-07-25 15:31:02 用户:wwh 下载了任务:update_stream.binPDF报告
07-25 15:31:36,827544 [INFOR] [userlog] 当前:2023-07-25 15:31:36 用户:wwh 退出登录
07-25 15:31:57,970973 [INFOR] [userlog] 当前:2023-07-25 15:31:57 用户:config 登录成功
07-25 15:32:04,558282 [INFOR] [userlog] 当前:2023-07-25 15:32:04 用户:config 退出登录
07-25 15:32:08,073357 [INFOR] [userlog] 当前:2023-07-25 15:32:07 用户:wwh 登录成功
07-25 15:32:11,530726 [INFOR] [userlog] 当前:2023-07-25 15:32:11 用户:wwh 开始生成任务:zsy.zipPDF报告
07-25 15:33:02,172328 [INFOR] [userlog] 当前:2023-07-25 15:33:02 用户:wwh 下载了任务:zsy.zipPDF报告
07-25 15:33:56,474345 [INFOR] [userlog] 当前:2023-07-25 15:33:56 用户:wwh 删除固件扫描任务:zsy.zip, id:2881
07-25 15:35:05,216540 [INFOR] [userlog] 当前:2023-07-25 15:35:05 用户:wwh 开始生成任务:zsy.zipPDF报告
07-25 15:35:29,746771 [INFOR] [userlog] 当前:2023-07-25 15:35:29 用户:wwh 退出登录
07-25 15:35:32,179194 [INFOR] [userlog] 当前:2023-07-25 15:35:32 用户:config 登录成功
07-25 15:36:07,472979 [INFOR] [userlog] 当前:2023-07-25 15:36:07 用户:config 退出登录
07-25 15:36:15,460539 [INFOR] [userlog] 当前:2023-07-25 15:36:15 用户:config 登录成功
07-25 15:36:28,616855 [INFOR] [userlog] 当前:2023-07-25 15:36:28 用户:config 退出登录
07-25 15:36:32,841375 [INFOR] [userlog] 当前:2023-07-25 15:36:32 用户:config 登录成功
07-25 15:36:35,018912 [INFOR] [userlog] 当前:2023-07-25 15:36:35 用户:config 退出登录
07-25 15:36:38,081764 [INFOR] [userlog] 当前:2023-07-25 15:36:38 用户:admin 登录成功
07-25 15:38:14,779243 [INFOR] [userlog] 当前:2023-07-25 15:38:14 用户:config 登录成功
07-25 15:38:51,339802 [INFOR] [userlog] 当前:2023-07-25 15:38:51 用户:config 登录成功
07-25 15:39:15,567101 [INFOR] [userlog] 当前:2023-07-25 15:39:15 用户:config 退出登录
07-25 15:41:44,662856 [INFOR] [userlog] 当前:2023-07-25 15:41:44 用户:admin 下载扫描任务:zsy.zipExcel报告, id:2880
07-25 15:42:39,669866 [INFOR] [userlog] 当前:2023-07-25 15:42:39 用户:admin 开始生成任务:zsy.zipPDF报告
07-25 15:42:54,226590 [INFOR] [userlog] 当前:2023-07-25 15:42:54 用户:admin 下载了任务:zsy.zipPDF报告
07-25 15:48:13,542158 [INFOR] [userlog] 当前:2023-07-25 15:48:13 用户:admin 创建固件扫描任务:zsy.zip, id:2882, 并未关联固件库
07-25 15:48:15,085375 [INFOR] [userlog] 当前:2023-07-25 15:48:14 用户:admin 开始固件扫描任务:zsy.zip, id:2882
07-25 15:55:54,778315 [INFOR] [userlog] 当前:2023-07-25 15:55:54 用户:admin 退出登录
07-25 15:55:57,474131 [INFOR] [userlog] 当前:2023-07-25 15:55:57 用户:config 登录成功
07-25 15:56:24,231135 [INFOR] [userlog] 当前:2023-07-25 15:56:24 用户:config 退出登录
07-25 15:56:30,650270 [INFOR] [userlog] 当前:2023-07-25 15:56:30 用户:cxh 登录成功
07-25 15:56:37,289283 [INFOR] [userlog] 当前:2023-07-25 15:56:37 用户:cxh 下载了任务:zsy.zipPDF报告
07-25 15:57:54,440449 [INFOR] [userlog] 当前:2023-07-25 15:57:54 用户:cxh 开始生成任务:zsy.zipPDF报告
07-25 15:58:54,428110 [INFOR] [userlog] 当前:2023-07-25 15:58:54 用户:cxh 下载了任务:zsy.zipPDF报告
07-25 16:00:33,235648 [INFOR] [userlog] 当前:2023-07-25 16:00:33 用户:cxh 退出登录
07-25 16:00:36,567631 [INFOR] [userlog] 当前:2023-07-25 16:00:36 用户:config 登录成功
07-25 16:00:52,214746 [INFOR] [userlog] 当前:2023-07-25 16:00:52 用户:config 退出登录
07-25 16:00:57,776109 [INFOR] [userlog] 当前:2023-07-25 16:00:57 用户:cxh 登录成功
07-25 16:01:13,280471 [INFOR] [userlog] 当前:2023-07-25 16:01:13 用户:cxh 创建固件扫描任务:zsy.zip, id:2883, 并未关联固件库
07-25 16:01:14,814398 [INFOR] [userlog] 当前:2023-07-25 16:01:14 用户:cxh 开始固件扫描任务:zsy.zip, id:2883
07-25 16:01:22,447845 [INFOR] [userlog] 当前:2023-07-25 16:01:22 用户:cxh 开始生成任务:xfs.img.xzPDF报告
07-25 16:01:33,554040 [INFOR] [userlog] 当前:2023-07-25 16:01:33 用户:cxh 创建报告对比任务:zsy.zip对比zsy.zip, id:314
07-25 16:01:54,166893 [INFOR] [userlog] 当前:2023-07-25 16:01:54 用户:cxh 下载了任务:xfs.img.xzPDF报告
07-25 16:05:54,658717 [INFOR] [userlog] 当前:2023-07-25 16:05:54 用户:cxh 退出登录
07-25 16:05:57,414210 [INFOR] [userlog] 当前:2023-07-25 16:05:57 用户:config 登录成功
07-25 16:07:41,792612 [INFOR] [userlog] 当前:2023-07-25 16:07:41 用户:config 退出登录
07-25 16:07:49,424988 [INFOR] [userlog] 当前:2023-07-25 16:07:49 用户:cxh 登录成功
07-25 16:07:57,108386 [INFOR] [userlog] 当前:2023-07-25 16:07:57 用户:cxh 开始生成任务:zsy.zipPDF报告
07-25 16:08:19,540823 [INFOR] [userlog] 当前:2023-07-25 16:08:19 用户:cxh 创建报告对比任务:zsy.zip对比zsy.zip, id:315
07-25 16:08:54,194194 [INFOR] [userlog] 当前:2023-07-25 16:08:54 用户:cxh 下载了任务:zsy.zipPDF报告
07-25 16:09:23,686420 [INFOR] [userlog] 当前:2023-07-25 16:09:23 用户:cxh 退出登录
07-25 16:09:27,015373 [INFOR] [userlog] 当前:2023-07-25 16:09:26 用户:config 登录成功
07-25 16:09:44,647866 [INFOR] [userlog] 当前:2023-07-25 16:09:44 用户:config 退出登录
07-25 16:09:47,748417 [INFOR] [userlog] 当前:2023-07-25 16:09:47 用户:cxh 登录成功
07-25 16:09:51,283679 [INFOR] [userlog] 当前:2023-07-25 16:09:51 用户:cxh 下载了任务:xerox.psPDF报告
07-25 16:10:16,756206 [INFOR] [userlog] 当前:2023-07-25 16:10:16 用户:cxh 开始生成任务:udf.img.xzPDF报告
07-25 16:10:32,174770 [INFOR] [userlog] 当前:2023-07-25 16:10:32 用户:cxh 开始生成任务:UEFI.CAPPDF报告
07-25 16:10:42,883153 [INFOR] [userlog] 当前:2023-07-25 16:10:42 用户:cxh 开始生成任务:uboot.image_with_headerPDF报告
07-25 16:10:54,178088 [INFOR] [userlog] 当前:2023-07-25 16:10:54 用户:cxh 下载了任务:uboot.image_with_headerPDF报告
07-25 16:10:54,186294 [INFOR] [userlog] 当前:2023-07-25 16:10:54 用户:cxh 下载了任务:udf.img.xzPDF报告
07-25 16:10:54,221581 [INFOR] [userlog] 当前:2023-07-25 16:10:54 用户:cxh 下载了任务:UEFI.CAPPDF报告
07-25 16:11:31,166305 [INFOR] [userlog] 当前:2023-07-25 16:11:31 用户:cxh 退出登录
07-25 16:11:33,850200 [INFOR] [userlog] 当前:2023-07-25 16:11:33 用户:config 登录成功
07-25 16:12:01,277377 [INFOR] [userlog] 当前:2023-07-25 16:12:01 用户:config 退出登录
07-25 16:12:05,018753 [INFOR] [userlog] 当前:2023-07-25 16:12:04 用户:cxh 登录成功
07-25 16:16:40,052493 [INFOR] [userlog] 当前:2023-07-25 16:16:39 用户:lmn 登录成功
07-25 16:16:55,519046 [INFOR] [userlog] 当前:2023-07-25 16:16:55 用户:cxh 开始生成任务:uboot.dtbPDF报告
07-25 16:17:05,194195 [INFOR] [userlog] 当前:2023-07-25 16:17:05 用户:cxh 开始生成任务:ubi.imgPDF报告
07-25 16:17:24,304064 [INFOR] [userlog] 当前:2023-07-25 16:17:24 用户:lmn 创建固件扫描任务:dsp.ko, id:2884, 并未关联固件库
07-25 16:17:25,592554 [INFOR] [userlog] 当前:2023-07-25 16:17:25 用户:lmn 开始固件扫描任务:dsp.ko, id:2884
07-25 16:17:54,205082 [INFOR] [userlog] 当前:2023-07-25 16:17:54 用户:cxh 下载了任务:ubi.imgPDF报告
07-25 16:17:54,226465 [INFOR] [userlog] 当前:2023-07-25 16:17:54 用户:cxh 下载了任务:uboot.dtbPDF报告
07-25 16:18:24,870371 [INFOR] [userlog] 当前:2023-07-25 16:18:24 用户:cxh 退出登录
07-25 16:18:27,492447 [INFOR] [userlog] 当前:2023-07-25 16:18:27 用户:config 登录成功
07-25 16:18:33,051016 [INFOR] [userlog] 当前:2023-07-25 16:18:33 用户:config 退出登录
07-25 16:18:36,878865 [INFOR] [userlog] 当前:2023-07-25 16:18:36 用户:cxh 登录成功
07-25 16:18:43,153891 [INFOR] [userlog] 当前:2023-07-25 16:18:43 用户:cxh 下载了任务:uboot.dtbPDF报告
07-25 16:18:50,361054 [INFOR] [userlog] 当前:2023-07-25 16:18:50 用户:cxh 下载了任务:ubi.imgPDF报告
07-25 16:18:54,897230 [INFOR] [userlog] 当前:2023-07-25 16:18:54 用户:cxh 开始生成任务:trx.imgPDF报告
07-25 16:19:54,160443 [INFOR] [userlog] 当前:2023-07-25 16:19:54 用户:cxh 下载了任务:trx.imgPDF报告
07-25 16:20:34,826243 [INFOR] [userlog] 当前:2023-07-25 16:20:34 用户:cxh 退出登录
07-25 16:20:37,958312 [INFOR] [userlog] 当前:2023-07-25 16:20:37 用户:config 登录成功
07-25 16:21:00,453739 [INFOR] [userlog] 当前:2023-07-25 16:21:00 用户:config 退出登录
07-25 16:21:04,904354 [INFOR] [userlog] 当前:2023-07-25 16:21:04 用户:cxh 登录成功
07-25 16:21:09,728567 [INFOR] [userlog] 当前:2023-07-25 16:21:09 用户:cxh 开始生成任务:test_rsrcPDF报告
07-25 16:21:26,566409 [INFOR] [userlog] 当前:2023-07-25 16:21:26 用户:wt 退出登录
07-25 16:21:54,176571 [INFOR] [userlog] 当前:2023-07-25 16:21:54 用户:cxh 下载了任务:test_rsrcPDF报告
07-25 16:22:12,358551 [INFOR] [userlog] 当前:2023-07-25 16:22:12 用户:cxh 退出登录
07-25 16:22:15,444812 [INFOR] [userlog] 当前:2023-07-25 16:22:15 用户:config 登录成功
07-25 16:23:30,927673 [INFOR] [userlog] 当前:2023-07-25 16:23:30 用户:config 退出登录
07-25 16:23:35,865775 [INFOR] [userlog] 当前:2023-07-25 16:23:35 用户:wwh 登录成功
07-25 16:24:01,887037 [INFOR] [userlog] 当前:2023-07-25 16:24:01 用户:wwh 开始生成任务:V204TA.GZPDF报告
07-25 16:24:15,064851 [INFOR] [userlog] 当前:2023-07-25 16:24:15 用户:wwh 退出登录
07-25 16:24:17,479345 [INFOR] [userlog] 当前:2023-07-25 16:24:17 用户:cxh 登录成功
07-25 16:24:40,047080 [INFOR] [userlog] 当前:2023-07-25 16:24:40 用户:cxh 开始生成任务:zsy.zipPDF报告
07-25 16:25:14,175085 [INFOR] [userlog] 当前:2023-07-25 16:25:14 用户:cxh 下载了任务:zsy.zipPDF报告
07-25 16:25:32,209021 [INFOR] [userlog] 当前:2023-07-25 16:25:32 用户:cxh 开始生成任务:test_bashPDF报告
07-25 16:25:43,586510 [INFOR] [userlog] 当前:2023-07-25 16:25:43 用户:cxh 下载了任务:libcurl_7.17.1-1_arm.ipkPDF报告
07-25 16:25:54,194989 [INFOR] [userlog] 当前:2023-07-25 16:25:54 用户:cxh 下载了任务:zsy.zipPDF报告
07-25 16:25:54,224281 [INFOR] [userlog] 当前:2023-07-25 16:25:54 用户:cxh 下载了任务:test_bashPDF报告
07-25 16:40:18,645628 [INFOR] [userlog] 当前:2023-07-25 16:40:18 用户:cxh 退出登录
07-25 16:40:34,418684 [INFOR] [userlog] 当前:2023-07-25 16:40:34 用户:cxh 登录成功
07-25 16:42:31,079010 [INFOR] [userlog] 当前:2023-07-25 16:42:30 用户:config 登录成功
07-25 16:43:31,272552 [INFOR] [userlog] 当前:2023-07-25 16:43:31 用户:lmn 退出登录
07-25 16:43:35,398239 [INFOR] [userlog] 当前:2023-07-25 16:43:35 用户:wwh 登录成功
07-25 16:43:39,169218 [INFOR] [userlog] 当前:2023-07-25 16:43:39 用户:wwh 退出登录
07-25 16:43:50,542458 [INFOR] [userlog] 当前:2023-07-25 16:43:50 用户:cxh 登录成功
07-25 16:46:29,263221 [INFOR] [userlog] 当前:2023-07-25 16:46:29 用户:config 退出登录
07-25 16:46:36,169061 [INFOR] [userlog] 当前:2023-07-25 16:46:36 用户:config 登录成功
07-25 16:47:15,954744 [INFOR] [userlog] 当前:2023-07-25 16:47:15 用户:config 退出登录
07-25 18:16:04,750270 [INFOR] [userlog] 当前:2023-07-25 18:16:04 用户:cxh 登录成功
07-25 18:16:34,690439 [INFOR] [userlog] 当前:2023-07-25 18:16:34 用户:cxh 创建固件扫描任务:WE1N2_1000.bin, id:2885, 并未关联固件库
07-25 18:16:36,395444 [INFOR] [userlog] 当前:2023-07-25 18:16:36 用户:cxh 开始固件扫描任务:WE1N2_1000.bin, id:2885
07-25 18:19:59,068245 [INFOR] [userlog] 当前:2023-07-25 18:19:58 用户:cxh 登录成功
07-25 18:21:46,803220 [INFOR] [userlog] 当前:2023-07-25 18:21:46 用户:wt 登录成功
07-25 18:22:10,459691 [INFOR] [userlog] 当前:2023-07-25 18:22:10 用户:wt 创建固件扫描任务:zsy.zip, id:2886, 并未关联固件库
07-25 18:22:12,882039 [INFOR] [userlog] 当前:2023-07-25 18:22:12 用户:wt 开始固件扫描任务:zsy.zip, id:2886
07-25 18:29:52,555162 [INFOR] [userlog] 当前:2023-07-25 18:29:52 用户:cxh 创建固件扫描任务:MA100-tftp.103j.bin, id:2887, 并未关联固件库
07-25 18:29:56,451645 [INFOR] [userlog] 当前:2023-07-25 18:29:56 用户:cxh 开始固件扫描任务:MA100-tftp.103j.bin, id:2887
07-25 19:23:45,661912 [INFOR] [userlog] 当前:2023-07-25 19:23:45 用户:wt 删除固件扫描任务:zsy.zip, id:2886
07-25 19:24:02,787405 [INFOR] [userlog] 当前:2023-07-25 19:24:02 用户:wt 创建固件扫描任务:zsy.zip, id:2888, 并未关联固件库
07-25 19:24:05,081527 [INFOR] [userlog] 当前:2023-07-25 19:24:04 用户:wt 开始固件扫描任务:zsy.zip, id:2888
07-25 19:28:49,589040 [INFOR] [userlog] 当前:2023-07-25 19:28:49 用户:wt 登录成功
07-25 19:48:18,989904 [INFOR] [userlog] 当前:2023-07-25 19:48:18 用户:wt 创建固件扫描任务:MA100-tftp.103j.bin, id:2889, 并未关联固件库
07-25 19:48:26,152917 [INFOR] [userlog] 当前:2023-07-25 19:48:25 用户:wt 开始固件扫描任务:MA100-tftp.103j.bin, id:2889
07-25 20:05:09,442058 [INFOR] [userlog] 当前:2023-07-25 20:05:09 用户:cxh 开始生成任务:Aceex-NR22-webflash.binPDF报告
07-25 20:06:34,632724 [INFOR] [userlog] 当前:2023-07-25 20:06:34 用户:cxh 下载了任务:Aceex-NR22-webflash.binPDF报告
07-25 20:12:57,428118 [INFOR] [userlog] 当前:2023-07-25 20:12:57 用户:admin 登录成功
07-25 20:13:05,571857 [INFOR] [userlog] 当前:2023-07-25 20:13:05 用户:admin 退出登录
07-25 20:13:14,627568 [INFOR] [userlog] 当前:2023-07-25 20:13:14 用户:admin 登录成功
07-25 20:13:17,974925 [INFOR] [userlog] 当前:2023-07-25 20:13:17 用户:admin 开始生成任务:MA100-tftp.103j.binPDF报告
07-25 20:13:34,362557 [INFOR] [userlog] 当前:2023-07-25 20:13:34 用户:admin 退出登录
07-25 20:13:40,086777 [INFOR] [userlog] 当前:2023-07-25 20:13:40 用户:config 登录成功
07-25 20:14:46,797130 [INFOR] [userlog] 当前:2023-07-25 20:14:46 用户:config 退出登录
07-25 20:14:49,450727 [INFOR] [userlog] 当前:2023-07-25 20:14:49 用户:wwh 登录成功
07-25 20:15:32,070367 [INFOR] [userlog] 当前:2023-07-25 20:15:32 用户:wwh 创建固件扫描任务:mtd1_rootfs.zip, id:2890, 并未关联固件库
07-25 20:15:33,678204 [INFOR] [userlog] 当前:2023-07-25 20:15:33 用户:wwh 开始固件扫描任务:mtd1_rootfs.zip, id:2890
07-25 20:17:22,237056 [INFOR] [userlog] 当前:2023-07-25 20:17:22 用户:cxh 重新开始固件库扫描任务:zsy.zip, id:2321
07-25 20:41:13,726185 [INFOR] [userlog] 当前:2023-07-25 20:41:13 用户:wt 暂停固件扫描任务:zsy.zip, id:2891
07-25 20:41:20,656912 [INFOR] [userlog] 当前:2023-07-25 20:41:20 用户:wt 恢复固件扫描任务:zsy.zip, id:2891至任务队列中
07-25 20:45:00,587521 [INFOR] [userlog] 当前:2023-07-25 20:45:00 用户:admin 登录成功
07-25 20:53:40,788566 [INFOR] [userlog] 当前:2023-07-25 20:53:40 用户:cxh 删除固件扫描任务:mtd1_rootfs.zip, id:2890
07-25 20:53:42,092973 [INFOR] [userlog] 当前:2023-07-25 20:53:42 用户:cxh 删除固件扫描任务:MA100-tftp.103j.bin, id:2889
07-25 20:53:52,341842 [INFOR] [userlog] 当前:2023-07-25 20:53:52 用户:cxh 删除固件扫描任务:MA100-tftp.103j.bin, id:2887
07-25 20:53:52,341858 [INFOR] [userlog] 当前:2023-07-25 20:53:52 用户:cxh 删除固件扫描任务:WE1N2_1000.bin, id:2885
07-25 20:53:57,507468 [INFOR] [userlog] 当前:2023-07-25 20:53:57 用户:cxh 删除固件扫描任务:lj4300fw_04.019.1.rfu, id:2879
07-25 20:54:36,471159 [INFOR] [userlog] 当前:2023-07-25 20:54:35 用户:cxh 删除固件扫描任务:AFL-2.57b.zip, id:2744
07-25 20:54:36,471173 [INFOR] [userlog] 当前:2023-07-25 20:54:35 用户:cxh 删除固件扫描任务:MA100-tftp.103j.bin, id:2743
07-25 20:54:36,471176 [INFOR] [userlog] 当前:2023-07-25 20:54:35 用户:cxh 删除固件扫描任务:transmission-web_2.13-1_arm.ipk, id:2742
07-25 20:54:36,471180 [INFOR] [userlog] 当前:2023-07-25 20:54:35 用户:cxh 删除固件扫描任务:VDR-308_Ramdisk.zip, id:2741
07-25 20:54:36,471184 [INFOR] [userlog] 当前:2023-07-25 20:54:35 用户:cxh 删除固件扫描任务:Auto_Vigor2910_V3.0.6_tw.zip, id:2740
07-25 20:54:36,471187 [INFOR] [userlog] 当前:2023-07-25 20:54:35 用户:cxh 删除固件扫描任务:51110.2.1800.96.bin, id:2739
07-25 20:54:36,471191 [INFOR] [userlog] 当前:2023-07-25 20:54:35 用户:cxh 删除固件扫描任务:V204TA.GZ, id:2738
07-25 20:54:36,471195 [INFOR] [userlog] 当前:2023-07-25 20:54:35 用户:cxh 删除固件扫描任务:WE1N2_1000.bin, id:2737
07-25 20:54:36,471198 [INFOR] [userlog] 当前:2023-07-25 20:54:35 用户:cxh 删除固件扫描任务:libcurl_7.17.1-1_arm.ipk, id:2736
07-25 20:54:43,574408 [INFOR] [userlog] 当前:2023-07-25 20:54:43 用户:cxh 删除固件扫描任务:ES002200.bin, id:2754
07-25 20:54:43,574424 [INFOR] [userlog] 当前:2023-07-25 20:54:43 用户:cxh 删除固件扫描任务:mtd1_rootfs.zip, id:2753
07-25 20:54:43,574427 [INFOR] [userlog] 当前:2023-07-25 20:54:43 用户:cxh 删除固件扫描任务:WJ-HD300A_3.13.zip, id:2752
07-25 20:54:43,574431 [INFOR] [userlog] 当前:2023-07-25 20:54:43 用户:cxh 删除固件扫描任务:annex_log.tgz, id:2751
07-25 20:54:43,574435 [INFOR] [userlog] 当前:2023-07-25 20:54:43 用户:cxh 删除固件扫描任务:lj4300fw_04.019.1.rfu, id:2750
07-25 20:54:43,574438 [INFOR] [userlog] 当前:2023-07-25 20:54:43 用户:cxh 删除固件扫描任务:A2Kv206.out, id:2749
07-25 20:54:43,574442 [INFOR] [userlog] 当前:2023-07-25 20:54:43 用户:cxh 删除固件扫描任务:factory-to-ddwrt(2).bin, id:2748
07-25 20:54:43,574445 [INFOR] [userlog] 当前:2023-07-25 20:54:43 用户:cxh 删除固件扫描任务:NBD6804T-F.bin, id:2747
07-25 20:54:43,574449 [INFOR] [userlog] 当前:2023-07-25 20:54:43 用户:cxh 删除固件扫描任务:337557852378103808.zip, id:2746
07-25 20:54:43,574453 [INFOR] [userlog] 当前:2023-07-25 20:54:43 用户:cxh 删除固件扫描任务:miwifi_r1cl_firmware_1b415_2.12.9.bin, id:2745
07-25 20:54:49,384917 [INFOR] [userlog] 当前:2023-07-25 20:54:49 用户:cxh 删除固件扫描任务:AFL-2.57b.zip, id:2764
07-25 20:54:49,384937 [INFOR] [userlog] 当前:2023-07-25 20:54:49 用户:cxh 删除固件扫描任务:Acti.lib, id:2763
07-25 20:54:49,384943 [INFOR] [userlog] 当前:2023-07-25 20:54:49 用户:cxh 删除固件扫描任务:libcrypto.so.0.9.8, id:2762
07-25 20:54:49,384949 [INFOR] [userlog] 当前:2023-07-25 20:54:49 用户:cxh 删除固件扫描任务:LEADPFASoftware, id:2761
07-25 20:54:49,384953 [INFOR] [userlog] 当前:2023-07-25 20:54:49 用户:cxh 删除固件扫描任务:Aceex-NR22-webflash.bin, id:2760
07-25 20:54:49,384958 [INFOR] [userlog] 当前:2023-07-25 20:54:49 用户:cxh 删除固件扫描任务:ReadySHARE_USB_Printer_MAC_V2.36.dmg, id:2759
07-25 20:54:49,384962 [INFOR] [userlog] 当前:2023-07-25 20:54:49 用户:cxh 删除固件扫描任务:general.bin, id:2758
07-25 20:54:49,384967 [INFOR] [userlog] 当前:2023-07-25 20:54:49 用户:cxh 删除固件扫描任务:DH_IPC-HX5XXX-Volt_Chn_PN_Stream3_V2.840.0000000.13.R.220110.bin, id:2757
07-25 20:54:49,384971 [INFOR] [userlog] 当前:2023-07-25 20:54:49 用户:cxh 删除固件扫描任务:mtlan1.sys, id:2756
07-25 20:54:49,384975 [INFOR] [userlog] 当前:2023-07-25 20:54:49 用户:cxh 删除固件扫描任务:samplejet_7b20130320_i386.deb, id:2755
07-25 20:55:43,174886 [INFOR] [userlog] 当前:2023-07-25 20:55:43 用户:cxh 删除固件扫描任务:jq-test(jquary组件识别).zip, id:2735
07-25 20:55:43,174899 [INFOR] [userlog] 当前:2023-07-25 20:55:43 用户:cxh 删除固件扫描任务:Fx_Dual_Instance.bin, id:2734
07-25 20:55:43,174904 [INFOR] [userlog] 当前:2023-07-25 20:55:43 用户:cxh 删除固件扫描任务:sf6, id:2733
07-25 20:55:43,174908 [INFOR] [userlog] 当前:2023-07-25 20:55:43 用户:cxh 删除固件扫描任务:SCM6JIZHONG.hex, id:2732
07-25 20:55:43,174911 [INFOR] [userlog] 当前:2023-07-25 20:55:43 用户:cxh 删除固件扫描任务:ArresterOnLine.hex, id:2731
07-25 20:56:13,882246 [INFOR] [userlog] 当前:2023-07-25 20:56:13 用户:wwh 登录成功
07-25 20:56:14,370174 [INFOR] [userlog] 当前:2023-07-25 20:56:14 用户:wwh 创建固件扫描任务:libcurl_7.17.1-1_arm.ipk, id:2892, 并未关联固件库
07-25 20:56:14,834932 [INFOR] [userlog] 当前:2023-07-25 20:56:14 用户:wwh 开始固件扫描任务:libcurl_7.17.1-1_arm.ipk, id:2892
07-25 20:56:14,863536 [INFOR] [userlog] 当前:2023-07-25 20:56:14 用户:wwh 退出登录
07-25 20:56:14,970954 [INFOR] [userlog] 当前:2023-07-25 20:56:14 用户:wwh 登录成功
07-25 20:56:15,435435 [INFOR] [userlog] 当前:2023-07-25 20:56:15 用户:wwh 创建固件扫描任务:WE1N2_1000.bin, id:2893, 并未关联固件库
07-25 20:56:15,913691 [INFOR] [userlog] 当前:2023-07-25 20:56:15 用户:wwh 开始固件扫描任务:WE1N2_1000.bin, id:2893
07-25 20:56:15,938325 [INFOR] [userlog] 当前:2023-07-25 20:56:15 用户:wwh 退出登录
07-25 20:56:16,035066 [INFOR] [userlog] 当前:2023-07-25 20:56:15 用户:wwh 登录成功
07-25 20:56:16,459005 [INFOR] [userlog] 当前:2023-07-25 20:56:16 用户:wwh 创建固件扫描任务:V204TA.GZ, id:2894, 并未关联固件库
07-25 20:56:16,930911 [INFOR] [userlog] 当前:2023-07-25 20:56:16 用户:wwh 开始固件扫描任务:V204TA.GZ, id:2894
07-25 20:56:16,957889 [INFOR] [userlog] 当前:2023-07-25 20:56:16 用户:wwh 退出登录
07-25 20:56:17,055319 [INFOR] [userlog] 当前:2023-07-25 20:56:16 用户:wwh 登录成功
07-25 20:56:18,507097 [INFOR] [userlog] 当前:2023-07-25 20:56:18 用户:wwh 创建固件扫描任务:51110.2.1800.96.bin, id:2895, 并未关联固件库
07-25 20:56:19,015281 [INFOR] [userlog] 当前:2023-07-25 20:56:18 用户:wwh 开始固件扫描任务:51110.2.1800.96.bin, id:2895
07-25 20:56:19,041370 [INFOR] [userlog] 当前:2023-07-25 20:56:19 用户:wwh 退出登录
07-25 20:56:19,132150 [INFOR] [userlog] 当前:2023-07-25 20:56:19 用户:wwh 登录成功
07-25 20:56:19,755571 [INFOR] [userlog] 当前:2023-07-25 20:56:19 用户:wwh 创建固件扫描任务:Auto_Vigor2910_V3.0.6_tw.zip, id:2896, 并未关联固件库
07-25 20:56:20,283282 [INFOR] [userlog] 当前:2023-07-25 20:56:20 用户:wwh 开始固件扫描任务:Auto_Vigor2910_V3.0.6_tw.zip, id:2896
07-25 20:56:20,306156 [INFOR] [userlog] 当前:2023-07-25 20:56:20 用户:wwh 退出登录
07-25 20:56:20,417649 [INFOR] [userlog] 当前:2023-07-25 20:56:20 用户:wwh 登录成功
07-25 20:56:21,410098 [INFOR] [userlog] 当前:2023-07-25 20:56:21 用户:wwh 创建固件扫描任务:VDR-308_Ramdisk.zip, id:2897, 并未关联固件库
07-25 20:56:21,879459 [INFOR] [userlog] 当前:2023-07-25 20:56:21 用户:wwh 开始固件扫描任务:VDR-308_Ramdisk.zip, id:2897
07-25 20:56:21,911700 [INFOR] [userlog] 当前:2023-07-25 20:56:21 用户:wwh 退出登录
07-25 20:56:22,013183 [INFOR] [userlog] 当前:2023-07-25 20:56:21 用户:wwh 登录成功
07-25 20:56:22,438791 [INFOR] [userlog] 当前:2023-07-25 20:56:22 用户:wwh 创建固件扫描任务:transmission-web_2.13-1_arm.ipk, id:2898, 并未关联固件库
07-25 20:56:22,882062 [INFOR] [userlog] 当前:2023-07-25 20:56:22 用户:wwh 开始固件扫描任务:transmission-web_2.13-1_arm.ipk, id:2898
07-25 20:56:22,904404 [INFOR] [userlog] 当前:2023-07-25 20:56:22 用户:wwh 退出登录
07-25 20:56:22,998545 [INFOR] [userlog] 当前:2023-07-25 20:56:22 用户:wwh 登录成功
07-25 20:56:23,514691 [INFOR] [userlog] 当前:2023-07-25 20:56:23 用户:wwh 创建固件扫描任务:MA100-tftp.103j.bin, id:2899, 并未关联固件库
07-25 20:56:23,953290 [INFOR] [userlog] 当前:2023-07-25 20:56:23 用户:wwh 开始固件扫描任务:MA100-tftp.103j.bin, id:2899
07-25 20:56:23,985739 [INFOR] [userlog] 当前:2023-07-25 20:56:23 用户:wwh 退出登录
07-25 20:56:24,081121 [INFOR] [userlog] 当前:2023-07-25 20:56:24 用户:wwh 登录成功
07-25 20:56:24,572203 [INFOR] [userlog] 当前:2023-07-25 20:56:24 用户:wwh 创建固件扫描任务:AFL-2.57b.zip, id:2900, 并未关联固件库
07-25 20:56:24,992468 [INFOR] [userlog] 当前:2023-07-25 20:56:24 用户:wwh 开始固件扫描任务:AFL-2.57b.zip, id:2900
07-25 20:56:25,021156 [INFOR] [userlog] 当前:2023-07-25 20:56:25 用户:wwh 退出登录
07-25 20:56:25,118963 [INFOR] [userlog] 当前:2023-07-25 20:56:25 用户:wwh 登录成功
07-25 20:56:25,936126 [INFOR] [userlog] 当前:2023-07-25 20:56:25 用户:wwh 创建固件扫描任务:miwifi_r1cl_firmware_1b415_2.12.9.bin, id:2901, 并未关联固件库
07-25 20:56:26,387168 [INFOR] [userlog] 当前:2023-07-25 20:56:26 用户:wwh 开始固件扫描任务:miwifi_r1cl_firmware_1b415_2.12.9.bin, id:2901
07-25 20:56:26,417794 [INFOR] [userlog] 当前:2023-07-25 20:56:26 用户:wwh 退出登录
07-25 20:56:26,524714 [INFOR] [userlog] 当前:2023-07-25 20:56:26 用户:wwh 登录成功
07-25 20:56:28,713604 [INFOR] [userlog] 当前:2023-07-25 20:56:28 用户:wwh 创建固件扫描任务:337557852378103808.zip, id:2902, 并未关联固件库
07-25 20:56:29,179783 [INFOR] [userlog] 当前:2023-07-25 20:56:28 用户:wwh 开始固件扫描任务:337557852378103808.zip, id:2902
07-25 20:56:29,202832 [INFOR] [userlog] 当前:2023-07-25 20:56:29 用户:wwh 退出登录
07-25 20:56:29,293840 [INFOR] [userlog] 当前:2023-07-25 20:56:29 用户:wwh 登录成功
07-25 20:56:29,999812 [INFOR] [userlog] 当前:2023-07-25 20:56:29 用户:wwh 创建固件扫描任务:NBD6804T-F.bin, id:2903, 并未关联固件库
07-25 20:56:30,445626 [INFOR] [userlog] 当前:2023-07-25 20:56:30 用户:wwh 开始固件扫描任务:NBD6804T-F.bin, id:2903
07-25 20:56:30,473125 [INFOR] [userlog] 当前:2023-07-25 20:56:30 用户:wwh 退出登录
07-25 20:56:30,577982 [INFOR] [userlog] 当前:2023-07-25 20:56:30 用户:wwh 登录成功
07-25 20:56:31,164229 [INFOR] [userlog] 当前:2023-07-25 20:56:31 用户:wwh 创建固件扫描任务:factory-to-ddwrt(2).bin, id:2904, 并未关联固件库
07-25 20:56:31,598853 [INFOR] [userlog] 当前:2023-07-25 20:56:31 用户:wwh 开始固件扫描任务:factory-to-ddwrt(2).bin, id:2904
07-25 20:56:31,634762 [INFOR] [userlog] 当前:2023-07-25 20:56:31 用户:wwh 退出登录
07-25 20:56:31,736256 [INFOR] [userlog] 当前:2023-07-25 20:56:31 用户:wwh 登录成功
07-25 20:56:32,290150 [INFOR] [userlog] 当前:2023-07-25 20:56:32 用户:wwh 创建固件扫描任务:A2Kv206.out, id:2905, 并未关联固件库
07-25 20:56:32,719983 [INFOR] [userlog] 当前:2023-07-25 20:56:32 用户:wwh 开始固件扫描任务:A2Kv206.out, id:2905
07-25 20:56:32,747771 [INFOR] [userlog] 当前:2023-07-25 20:56:32 用户:wwh 退出登录
07-25 20:56:32,843375 [INFOR] [userlog] 当前:2023-07-25 20:56:32 用户:wwh 登录成功
07-25 20:56:33,659308 [INFOR] [userlog] 当前:2023-07-25 20:56:33 用户:wwh 创建固件扫描任务:lj4300fw_04.019.1.rfu, id:2906, 并未关联固件库
07-25 20:56:34,145988 [INFOR] [userlog] 当前:2023-07-25 20:56:33 用户:wwh 开始固件扫描任务:lj4300fw_04.019.1.rfu, id:2906
07-25 20:56:34,167790 [INFOR] [userlog] 当前:2023-07-25 20:56:34 用户:wwh 退出登录
07-25 20:56:34,263082 [INFOR] [userlog] 当前:2023-07-25 20:56:34 用户:wwh 登录成功
07-25 20:56:34,684067 [INFOR] [userlog] 当前:2023-07-25 20:56:34 用户:wwh 创建固件扫描任务:annex_log.tgz, id:2907, 并未关联固件库
07-25 20:56:35,135098 [INFOR] [userlog] 当前:2023-07-25 20:56:34 用户:wwh 开始固件扫描任务:annex_log.tgz, id:2907
07-25 20:56:35,174272 [INFOR] [userlog] 当前:2023-07-25 20:56:35 用户:wwh 退出登录
07-25 20:56:35,283316 [INFOR] [userlog] 当前:2023-07-25 20:56:35 用户:wwh 登录成功
07-25 20:56:36,131191 [INFOR] [userlog] 当前:2023-07-25 20:56:36 用户:wwh 创建固件扫描任务:WJ-HD300A_3.13.zip, id:2908, 并未关联固件库
07-25 20:56:36,584000 [INFOR] [userlog] 当前:2023-07-25 20:56:36 用户:wwh 开始固件扫描任务:WJ-HD300A_3.13.zip, id:2908
07-25 20:56:36,613506 [INFOR] [userlog] 当前:2023-07-25 20:56:36 用户:wwh 退出登录
07-25 20:56:36,723077 [INFOR] [userlog] 当前:2023-07-25 20:56:36 用户:wwh 登录成功
07-25 20:56:37,385719 [INFOR] [userlog] 当前:2023-07-25 20:56:37 用户:wwh 创建固件扫描任务:mtd1_rootfs.zip, id:2909, 并未关联固件库
07-25 20:56:37,847560 [INFOR] [userlog] 当前:2023-07-25 20:56:37 用户:wwh 开始固件扫描任务:mtd1_rootfs.zip, id:2909
07-25 20:56:37,877684 [INFOR] [userlog] 当前:2023-07-25 20:56:37 用户:wwh 退出登录
07-25 20:56:37,984819 [INFOR] [userlog] 当前:2023-07-25 20:56:37 用户:wwh 登录成功
07-25 20:56:38,393130 [INFOR] [userlog] 当前:2023-07-25 20:56:38 用户:wwh 创建固件扫描任务:ES002200.bin, id:2910, 并未关联固件库
07-25 20:56:38,837398 [INFOR] [userlog] 当前:2023-07-25 20:56:38 用户:wwh 开始固件扫描任务:ES002200.bin, id:2910
07-25 20:56:38,862284 [INFOR] [userlog] 当前:2023-07-25 20:56:38 用户:wwh 退出登录
07-25 20:56:38,969313 [INFOR] [userlog] 当前:2023-07-25 20:56:38 用户:wwh 登录成功
07-25 20:56:39,635799 [INFOR] [userlog] 当前:2023-07-25 20:56:39 用户:wwh 创建固件扫描任务:samplejet_7b20130320_i386.deb, id:2911, 并未关联固件库
07-25 20:56:40,125088 [INFOR] [userlog] 当前:2023-07-25 20:56:39 用户:wwh 开始固件扫描任务:samplejet_7b20130320_i386.deb, id:2911
07-25 20:56:40,153573 [INFOR] [userlog] 当前:2023-07-25 20:56:40 用户:wwh 退出登录
07-25 20:56:40,249297 [INFOR] [userlog] 当前:2023-07-25 20:56:40 用户:wwh 登录成功
07-25 20:56:40,664431 [INFOR] [userlog] 当前:2023-07-25 20:56:40 用户:wwh 创建固件扫描任务:mtlan1.sys, id:2912, 并未关联固件库
07-25 20:56:41,124053 [INFOR] [userlog] 当前:2023-07-25 20:56:40 用户:wwh 开始固件扫描任务:mtlan1.sys, id:2912
07-25 20:56:41,150762 [INFOR] [userlog] 当前:2023-07-25 20:56:41 用户:wwh 退出登录
07-25 20:56:41,245705 [INFOR] [userlog] 当前:2023-07-25 20:56:41 用户:wwh 登录成功
07-25 20:56:45,657823 [INFOR] [userlog] 当前:2023-07-25 20:56:45 用户:wwh 创建固件扫描任务:DH_IPC-HX5XXX-Volt_Chn_PN_Stream3_V2.840.0000000.13.R.220110.bin, id:2913, 并未关联固件库
07-25 20:56:46,135145 [INFOR] [userlog] 当前:2023-07-25 20:56:45 用户:wwh 开始固件扫描任务:DH_IPC-HX5XXX-Volt_Chn_PN_Stream3_V2.840.0000000.13.R.220110.bin, id:2913
07-25 20:56:46,156428 [INFOR] [userlog] 当前:2023-07-25 20:56:46 用户:wwh 退出登录
07-25 20:56:46,258169 [INFOR] [userlog] 当前:2023-07-25 20:56:46 用户:wwh 登录成功
07-25 20:56:46,972091 [INFOR] [userlog] 当前:2023-07-25 20:56:46 用户:wwh 创建固件扫描任务:general.bin, id:2914, 并未关联固件库
07-25 20:56:47,509398 [INFOR] [userlog] 当前:2023-07-25 20:56:47 用户:wwh 开始固件扫描任务:general.bin, id:2914
07-25 20:56:47,537869 [INFOR] [userlog] 当前:2023-07-25 20:56:47 用户:wwh 退出登录
07-25 20:56:47,656684 [INFOR] [userlog] 当前:2023-07-25 20:56:47 用户:wwh 登录成功
07-25 20:56:48,182078 [INFOR] [userlog] 当前:2023-07-25 20:56:48 用户:wwh 创建固件扫描任务:ReadySHARE_USB_Printer_MAC_V2.36.dmg, id:2915, 并未关联固件库
07-25 20:56:48,646778 [INFOR] [userlog] 当前:2023-07-25 20:56:48 用户:wwh 开始固件扫描任务:ReadySHARE_USB_Printer_MAC_V2.36.dmg, id:2915
07-25 20:56:48,671803 [INFOR] [userlog] 当前:2023-07-25 20:56:48 用户:wwh 退出登录
07-25 20:56:48,784140 [INFOR] [userlog] 当前:2023-07-25 20:56:48 用户:wwh 登录成功
07-25 20:56:49,383244 [INFOR] [userlog] 当前:2023-07-25 20:56:49 用户:wwh 创建固件扫描任务:Aceex-NR22-webflash.bin, id:2916, 并未关联固件库
07-25 20:56:49,880718 [INFOR] [userlog] 当前:2023-07-25 20:56:49 用户:wwh 开始固件扫描任务:Aceex-NR22-webflash.bin, id:2916
07-25 20:56:49,905480 [INFOR] [userlog] 当前:2023-07-25 20:56:49 用户:wwh 退出登录
07-25 20:59:55,816118 [INFOR] [userlog] 当前:2023-07-25 20:59:54 用户:wwh 登录成功
07-25 20:59:59,101764 [INFOR] [userlog] 当前:2023-07-25 20:59:58 用户:wwh 创建固件扫描任务:sf6, id:2917, 并未关联固件库
07-25 21:00:02,574311 [INFOR] [userlog] 当前:2023-07-25 20:59:59 用户:wwh 开始固件扫描任务:sf6, id:2917
07-25 21:00:11,708167 [INFOR] [userlog] 当前:2023-07-25 21:00:09 用户:wwh 创建固件扫描任务:bileiqi_monitor, id:2918, 并未关联固件库
07-25 21:00:20,617636 [INFOR] [userlog] 当前:2023-07-25 21:00:14 用户:wwh 开始固件扫描任务:bileiqi_monitor, id:2918
07-25 21:00:21,479019 [INFOR] [userlog] 当前:2023-07-25 21:00:21 用户:wwh 创建固件扫描任务:ArresterOnLine.hex, id:2919, 并未关联固件库
07-25 21:00:22,489678 [INFOR] [userlog] 当前:2023-07-25 21:00:22 用户:wwh 开始固件扫描任务:ArresterOnLine.hex, id:2919
07-25 21:00:23,117286 [INFOR] [userlog] 当前:2023-07-25 21:00:22 用户:wwh 创建固件扫描任务:标准数据集中器.hex, id:2920, 并未关联固件库
07-25 21:00:23,639441 [INFOR] [userlog] 当前:2023-07-25 21:00:23 用户:wwh 开始固件扫描任务:标准数据集中器.hex, id:2920
07-25 21:00:24,270943 [INFOR] [userlog] 当前:2023-07-25 21:00:24 用户:wwh 创建固件扫描任务:防爆盒固件-cable_proof_app_V206.hex, id:2921, 并未关联固件库
07-25 21:00:24,951705 [INFOR] [userlog] 当前:2023-07-25 21:00:24 用户:wwh 开始固件扫描任务:防爆盒固件-cable_proof_app_V206.hex, id:2921
07-25 21:00:25,711791 [INFOR] [userlog] 当前:2023-07-25 21:00:25 用户:wwh 创建固件扫描任务:SCM6JIZHONG.hex, id:2922, 并未关联固件库
07-25 21:00:26,183709 [INFOR] [userlog] 当前:2023-07-25 21:00:25 用户:wwh 开始固件扫描任务:SCM6JIZHONG.hex, id:2922
07-25 21:00:26,701082 [INFOR] [userlog] 当前:2023-07-25 21:00:26 用户:wwh 创建固件扫描任务:机械特性采集器.hex, id:2923, 并未关联固件库
07-25 21:00:27,515151 [INFOR] [userlog] 当前:2023-07-25 21:00:26 用户:wwh 开始固件扫描任务:机械特性采集器.hex, id:2923
07-25 21:00:28,018987 [INFOR] [userlog] 当前:2023-07-25 21:00:27 用户:wwh 创建固件扫描任务:机械特性采集程序, id:2924, 并未关联固件库
07-25 21:00:28,996264 [INFOR] [userlog] 当前:2023-07-25 21:00:28 用户:wwh 开始固件扫描任务:机械特性采集程序, id:2924
07-25 21:00:29,580789 [INFOR] [userlog] 当前:2023-07-25 21:00:29 用户:wwh 创建固件扫描任务:CC2530_Card.hex, id:2925, 并未关联固件库
07-25 21:00:30,494513 [INFOR] [userlog] 当前:2023-07-25 21:00:29 用户:wwh 开始固件扫描任务:CC2530_Card.hex, id:2925
07-25 21:00:30,921003 [INFOR] [userlog] 当前:2023-07-25 21:00:30 用户:wwh 创建固件扫描任务:M-20140708.hex, id:2926, 并未关联固件库
07-25 21:00:31,777613 [INFOR] [userlog] 当前:2023-07-25 21:00:31 用户:wwh 开始固件扫描任务:M-20140708.hex, id:2926
07-25 21:00:32,289475 [INFOR] [userlog] 当前:2023-07-25 21:00:32 用户:wwh 创建固件扫描任务:远传带电指示器.hex, id:2927, 并未关联固件库
07-25 21:00:33,615263 [INFOR] [userlog] 当前:2023-07-25 21:00:32 用户:wwh 开始固件扫描任务:远传带电指示器.hex, id:2927

