07-24 12:00:12,368025 [INFOR] [userlog] 当前:2023-07-24 12:00:12 用户:wt 登录成功
07-24 17:11:14,921933 [INFOR] [userlog] 当前:2023-07-24 17:11:14 用户:cxh 登录成功
07-24 17:12:32,611173 [INFOR] [userlog] 当前:2023-07-24 17:12:32 用户:cxh 删除报告对比任务:37A9C5F759AF438B87B9C410231EEEBE.zip对比C533151ADE4C4558A25318C6B4FE872B.zip, id:310
07-24 17:12:32,652716 [INFOR] [userlog] 当前:2023-07-24 17:12:32 用户:cxh 删除报告对比任务:C36AA80B908A424F90BDEC1AA268CB89.zip对比599E9F769F1E4B92B4E417BB557A8CE9.zip, id:309
07-24 17:12:32,691223 [INFOR] [userlog] 当前:2023-07-24 17:12:32 用户:cxh 删除报告对比任务:C36AA80B908A424F90BDEC1AA268CB89.zip对比599E9F769F1E4B92B4E417BB557A8CE9.zip, id:308
07-24 17:12:32,705103 [INFOR] [userlog] 当前:2023-07-24 17:12:32 用户:cxh 删除报告对比任务:SCM6JIZHONG.hex对比SCM6JIZHONG.hex, id:307
07-24 17:12:32,717509 [INFOR] [userlog] 当前:2023-07-24 17:12:32 用户:cxh 删除报告对比任务:zsy.zip对比zsy.zip, id:305
07-24 17:12:32,728971 [INFOR] [userlog] 当前:2023-07-24 17:12:32 用户:cxh 删除报告对比任务:SCM6JIZHONG.hex对比libcurl_7.17.1-1_arm.ipk, id:291
07-24 17:12:32,774915 [INFOR] [userlog] 当前:2023-07-24 17:12:32 用户:cxh 删除报告对比任务:SCM6JIZHONG.hex对比SCM6JIZHONG.hex, id:290
07-24 17:12:32,788294 [INFOR] [userlog] 当前:2023-07-24 17:12:32 用户:cxh 删除报告对比任务:M-20140708.hex对比CC2530_Card.hex, id:289
07-24 17:12:32,815181 [INFOR] [userlog] 当前:2023-07-24 17:12:32 用户:cxh 删除报告对比任务:GL300K_v1040_20191224.zip对比Dell-1510x-projector-firmware-2014-11-25.zip, id:288
07-24 17:12:32,837466 [INFOR] [userlog] 当前:2023-07-24 17:12:32 用户:cxh 删除报告对比任务:integration.zip对比GL300K_v1040_20191224.zip, id:287
07-24 17:12:32,850700 [INFOR] [userlog] 当前:2023-07-24 17:12:32 用户:cxh 删除报告对比任务:1602181743027429376-cbc02d01-2535-4701-834a-1c849b5bd580.zip对比汽车VIN码测试.zip, id:286
07-24 17:12:32,864085 [INFOR] [userlog] 当前:2023-07-24 17:12:32 用户:cxh 删除报告对比任务:ArresterOnLine.hex对比F5D0, id:285
07-24 17:12:32,916160 [INFOR] [userlog] 当前:2023-07-24 17:12:32 用户:cxh 删除报告对比任务:atmaserver对比ES002200.bin, id:254
07-24 17:12:32,931782 [INFOR] [userlog] 当前:2023-07-24 17:12:32 用户:cxh 删除报告对比任务:jq-test.zip对比zsy.zip, id:253
07-24 17:12:32,944964 [INFOR] [userlog] 当前:2023-07-24 17:12:32 用户:cxh 删除报告对比任务:atmaserver对比libpcap.so.0.9.8, id:252
07-24 17:12:32,963127 [INFOR] [userlog] 当前:2023-07-24 17:12:32 用户:cxh 删除报告对比任务:atmaserver对比zsy.zip, id:251
07-24 17:12:32,988146 [INFOR] [userlog] 当前:2023-07-24 17:12:32 用户:cxh 删除报告对比任务:atmaserver对比zsy.zip, id:250
07-24 17:12:32,999131 [INFOR] [userlog] 当前:2023-07-24 17:12:32 用户:cxh 删除报告对比任务:atmaserver对比zsy.zip, id:249
07-24 17:12:33,010688 [INFOR] [userlog] 当前:2023-07-24 17:12:33 用户:cxh 删除报告对比任务:测试.docx对比recovery(11.7M).img, id:242
07-24 17:12:33,022338 [INFOR] [userlog] 当前:2023-07-24 17:12:33 用户:cxh 删除报告对比任务:测试.docx对比recovery(11.7M).img, id:241
07-24 17:12:36,885008 [INFOR] [userlog] 当前:2023-07-24 17:12:36 用户:cxh 删除报告对比任务:recovery(11.7M).img对比zsy.zip, id:240
07-24 17:12:36,899146 [INFOR] [userlog] 当前:2023-07-24 17:12:36 用户:cxh 删除报告对比任务:测试.docx对比recovery(11.7M).img, id:239
07-24 17:12:36,912899 [INFOR] [userlog] 当前:2023-07-24 17:12:36 用户:cxh 删除报告对比任务:测试.docx对比recovery(11.7M).img, id:238
07-24 17:12:36,927509 [INFOR] [userlog] 当前:2023-07-24 17:12:36 用户:cxh 删除报告对比任务:提升品型的权威机携手飒飒开展识传播11的公益!合-展知识播公益展#识传播的公益展知发知识传播的公益展知识传播的公益展知发.ipk对比提升品型的权威机携手飒飒开展识传播11的公益!合-展知识播公益展#识传播的公益展知发知识传播的公益展知识传播的公益展知发.ipk, id:237
07-24 17:12:36,947279 [INFOR] [userlog] 当前:2023-07-24 17:12:36 用户:cxh 删除报告对比任务:提升品型的权威机携手飒飒开展识传播11的公益!合-展知识播公益展#识传播的公益展知发知识传播的公益展知识传播的公益展知发.ipk对比613bede5fbaf156efa012fa54acd18b9%libcrypto.so.1.0.0.strip, id:236
07-24 17:12:36,962522 [INFOR] [userlog] 当前:2023-07-24 17:12:36 用户:cxh 删除报告对比任务:613bede5fbaf156efa012fa54acd18b9%libcrypto.so.1.0.0.strip对比提升品型的权威机携手飒飒开展识传播11的公益!合-展知识播公益展#识传播的公益展知发知识传播的公益展知识传播的公益展知发.ipk, id:235
07-24 17:12:36,979124 [INFOR] [userlog] 当前:2023-07-24 17:12:36 用户:cxh 删除报告对比任务:提升品型的权威机携手飒飒开展识传播1的1公益!合-展知识播公益展#识传播的公益展知发知识传播的公益展知识传播的公益展知发.ipk对比测试.docx, id:230
07-24 17:12:37,017256 [INFOR] [userlog] 当前:2023-07-24 17:12:37 用户:cxh 删除报告对比任务:提升品型的权威机携手飒飒开展识传播1的1公益!合-展知识播公益展#识传播的公益展知发知识传播的公益展知识传播的公益展知发.ipk对比测试.docx, id:229
07-24 17:12:37,033562 [INFOR] [userlog] 当前:2023-07-24 17:12:37 用户:cxh 删除报告对比任务:EMMC_AUTO_1231.7z对比V204TA.GZ, id:202
07-24 17:12:37,049559 [INFOR] [userlog] 当前:2023-07-24 17:12:37 用户:cxh 删除报告对比任务:EMMC_AUTO_1231.7z对比V204TA.GZ, id:201
07-24 17:12:37,065333 [INFOR] [userlog] 当前:2023-07-24 17:12:37 用户:cxh 删除报告对比任务:EMMC_AUTO_1231.7z对比V204TA.GZ, id:200
07-24 17:12:37,079890 [INFOR] [userlog] 当前:2023-07-24 17:12:37 用户:cxh 删除报告对比任务:EMMC_AUTO_1231.7z对比V204TA.GZ, id:179
07-24 17:12:37,095509 [INFOR] [userlog] 当前:2023-07-24 17:12:37 用户:cxh 删除报告对比任务:atmaserver对比AFL-2.57b.zip, id:178
07-24 17:12:37,109561 [INFOR] [userlog] 当前:2023-07-24 17:12:37 用户:cxh 删除报告对比任务:AFL-2.57b.zip对比Data1.cab, id:177
07-24 17:12:37,123678 [INFOR] [userlog] 当前:2023-07-24 17:12:37 用户:cxh 删除报告对比任务:Finder.rar对比Data1.cab, id:176
07-24 17:12:37,139043 [INFOR] [userlog] 当前:2023-07-24 17:12:37 用户:cxh 删除报告对比任务:提升品型的权威机携手飒飒开展识传播11的公益!合-展知识播公益展#识传播的公益展知发知识传播的公益展知识传播的公益展知发.ipk对比VDR-308_Ramdisk.zip, id:175
07-24 17:12:37,154782 [INFOR] [userlog] 当前:2023-07-24 17:12:37 用户:cxh 删除报告对比任务:EMMC_AUTO_1231.7z对比V204TA.GZ, id:174
07-24 17:12:37,169146 [INFOR] [userlog] 当前:2023-07-24 17:12:37 用户:cxh 删除报告对比任务:EMMC_AUTO_1231.7z对比V204TA.GZ, id:173
07-24 17:12:37,183168 [INFOR] [userlog] 当前:2023-07-24 17:12:37 用户:cxh 删除报告对比任务:EMMC_AUTO_1231.7z对比V204TA.GZ, id:165
07-24 17:12:37,207759 [INFOR] [userlog] 当前:2023-07-24 17:12:37 用户:cxh 删除报告对比任务:EMMC_AUTO_1231.7z对比V204TA.GZ, id:164
07-24 17:12:50,855625 [INFOR] [userlog] 当前:2023-07-24 17:12:50 用户:cxh 删除报告对比任务:WE1N2_1000.bin对比libcurl_7.17.1-1_arm.ipk, id:163
07-24 17:12:50,865551 [INFOR] [userlog] 当前:2023-07-24 17:12:50 用户:cxh 删除报告对比任务:EMMC_AUTO_1231.7z对比V204TA.GZ, id:162
07-24 17:12:50,875324 [INFOR] [userlog] 当前:2023-07-24 17:12:50 用户:cxh 删除报告对比任务:EMMC_AUTO_1231.7z对比V204TA.GZ, id:161
07-24 17:12:50,885137 [INFOR] [userlog] 当前:2023-07-24 17:12:50 用户:cxh 删除报告对比任务:提升品型的权威机携手飒飒开展识传播11的公益!合-展知识播公益展#识传播的公益展知发知识传播的公益展知识传播的公益展知发.ipk对比13e2d4c4f689_172.18.0.5_bind_20230417.c2d, id:160
07-24 17:12:50,900996 [INFOR] [userlog] 当前:2023-07-24 17:12:50 用户:cxh 删除报告对比任务:atmaserver对比测试.docx, id:159
07-24 17:12:50,910820 [INFOR] [userlog] 当前:2023-07-24 17:12:50 用户:cxh 删除报告对比任务:测试.docx对比提升品型的权威机携手飒飒开展识传播11的公益!合-展知识播公益展#识传播的公益展知发知识传播的公益展知识传播的公益展知发.ipk, id:158
07-24 17:12:50,921769 [INFOR] [userlog] 当前:2023-07-24 17:12:50 用户:cxh 删除报告对比任务:提升品型的权威机携手飒飒开展识传播11的公益!合-展知识播公益展#识传播的公益展知发知识传播的公益展知识传播的公益展知发.ipk对比13e2d4c4f689_172.18.0.5_bind_20230417.c2d, id:157
07-24 17:12:50,932251 [INFOR] [userlog] 当前:2023-07-24 17:12:50 用户:cxh 删除报告对比任务:atmaserver对比测试.docx, id:156
07-24 17:12:50,942719 [INFOR] [userlog] 当前:2023-07-24 17:12:50 用户:cxh 删除报告对比任务:atmaserver对比测试.docx, id:155
07-24 17:12:50,952948 [INFOR] [userlog] 当前:2023-07-24 17:12:50 用户:cxh 删除报告对比任务:atmaserver对比测试.docx, id:154
07-24 17:13:03,774447 [INFOR] [userlog] 当前:2023-07-24 17:13:03 用户:cxh 删除报告对比任务:测试.docx对比测试.docx, id:143
07-24 17:13:03,785905 [INFOR] [userlog] 当前:2023-07-24 17:13:03 用户:cxh 删除报告对比任务:GL300K_v1040_20191224.zip对比GL300K_v1040_20191224.zip, id:138
07-24 17:13:03,797475 [INFOR] [userlog] 当前:2023-07-24 17:13:03 用户:cxh 删除报告对比任务:GL300K_v1040_20191224.zip对比GL300K_v1040_20191224.zip, id:137
07-24 17:13:03,809141 [INFOR] [userlog] 当前:2023-07-24 17:13:03 用户:cxh 删除报告对比任务:GL300K_v1040_20191224.zip对比GL300K_v1040_20191224.zip, id:136
07-24 17:13:03,822126 [INFOR] [userlog] 当前:2023-07-24 17:13:03 用户:cxh 删除报告对比任务:GL300K_v1040_20191224.zip对比GL300K_v1040_20191224.zip, id:135
07-24 17:13:03,839558 [INFOR] [userlog] 当前:2023-07-24 17:13:03 用户:cxh 删除报告对比任务:GL300K_v1040_20191224.zip对比GL300K_v1040_20191224.zip, id:134
07-24 17:13:27,309550 [INFOR] [userlog] 当前:2023-07-24 17:13:27 用户:cxh 下载了任务:040E31C9309F427D8E9BC2AB15AC6A90.zipPDF报告
07-24 17:13:50,564272 [INFOR] [userlog] 当前:2023-07-24 17:13:50 用户:cxh 删除固件扫描任务:6ES7217-1AG40-0XB0_V04.03.01.zip, id:1488
07-24 17:13:52,122194 [INFOR] [userlog] 当前:2023-07-24 17:13:52 用户:cxh 删除固件扫描任务:Haiwell（海为）A系列PLC温度模块固件升级包-20210308.zip, id:1487
07-24 17:13:54,209112 [INFOR] [userlog] 当前:2023-07-24 17:13:54 用户:cxh 删除固件扫描任务:6ES7211-1AE40-0XB0_V04.01.02.zip, id:1486
07-24 17:14:10,447086 [INFOR] [userlog] 当前:2023-07-24 17:14:10 用户:cxh 下载了任务:62AD248DB13843D69B1334515C75AF67.zipPDF报告
07-24 17:14:12,887369 [INFOR] [userlog] 当前:2023-07-24 17:14:12 用户:cxh 下载了任务:C94A74A8722545D99583EC6D3E450C0D.zipPDF报告
07-24 17:14:15,233152 [INFOR] [userlog] 当前:2023-07-24 17:14:15 用户:cxh 下载了任务:C36AA80B908A424F90BDEC1AA268CB89.zipPDF报告
07-24 17:14:46,959496 [INFOR] [userlog] 当前:2023-07-24 17:14:46 用户:cxh 删除固件扫描任务:62AD248DB13843D69B1334515C75AF67.zip, id:2723
07-24 17:14:48,887814 [INFOR] [userlog] 当前:2023-07-24 17:14:48 用户:cxh 删除固件扫描任务:C94A74A8722545D99583EC6D3E450C0D.zip, id:2722
07-24 17:14:50,936204 [INFOR] [userlog] 当前:2023-07-24 17:14:50 用户:cxh 删除固件扫描任务:040E31C9309F427D8E9BC2AB15AC6A90.zip, id:2721
07-24 17:14:52,674218 [INFOR] [userlog] 当前:2023-07-24 17:14:52 用户:cxh 删除固件扫描任务:C36AA80B908A424F90BDEC1AA268CB89.zip, id:2720
07-24 17:14:58,093309 [INFOR] [userlog] 当前:2023-07-24 17:14:58 用户:cxh 删除固件扫描任务:Kerberos_Patch_QTS_1.0_arm_64.zip, id:2726
07-24 17:15:02,210664 [INFOR] [userlog] 当前:2023-07-24 17:15:02 用户:cxh 删除固件扫描任务:samplejet_7b20130320_i386.deb, id:2727
07-24 19:20:07,526066 [INFOR] [userlog] 当前:2023-07-24 19:20:07 用户:wt 登录成功
07-24 19:39:09,809489 [INFOR] [userlog] 当前:2023-07-24 19:39:09 用户:wt 登录成功
07-24 19:39:44,889870 [INFOR] [userlog] 当前:2023-07-24 19:39:44 用户:wt 登录成功
07-24 19:40:08,174163 [INFOR] [userlog] 当前:2023-07-24 19:40:08 用户:wt 创建固件扫描任务:zsy.zip, id:2729, 并未关联固件库
07-24 19:40:10,479843 [INFOR] [userlog] 当前:2023-07-24 19:40:10 用户:wt 开始固件扫描任务:zsy.zip, id:2729
07-24 19:55:22,992860 [INFOR] [userlog] 当前:2023-07-24 19:55:22 用户:cxh 登录成功
07-24 19:55:53,803915 [INFOR] [userlog] 当前:2023-07-24 19:55:53 用户:cxh 创建固件扫描任务:test_bash, id:2730, 并未关联固件库
07-24 19:55:55,422516 [INFOR] [userlog] 当前:2023-07-24 19:55:55 用户:cxh 开始固件扫描任务:test_bash, id:2730
07-24 19:56:25,292205 [INFOR] [userlog] 当前:2023-07-24 19:56:25 用户:cxh 创建固件扫描任务:ArresterOnLine.hex, id:2731, 并未关联固件库
07-24 19:56:26,663365 [INFOR] [userlog] 当前:2023-07-24 19:56:26 用户:cxh 开始固件扫描任务:ArresterOnLine.hex, id:2731
07-24 19:56:54,693526 [INFOR] [userlog] 当前:2023-07-24 19:56:54 用户:cxh 登录成功
07-24 19:58:10,563867 [INFOR] [userlog] 当前:2023-07-24 19:58:10 用户:cxh 创建固件扫描任务:SCM6JIZHONG.hex, id:2732, 并未关联固件库
07-24 19:58:12,147912 [INFOR] [userlog] 当前:2023-07-24 19:58:11 用户:cxh 开始固件扫描任务:SCM6JIZHONG.hex, id:2732
07-24 19:58:35,180646 [INFOR] [userlog] 当前:2023-07-24 19:58:35 用户:cxh 退出登录
07-24 19:58:51,227667 [INFOR] [userlog] 当前:2023-07-24 19:58:51 用户:cxh 登录成功
07-24 19:59:32,113110 [INFOR] [userlog] 当前:2023-07-24 19:59:32 用户:cxh 创建固件扫描任务:sf6, id:2733, 并未关联固件库
07-24 20:00:02,856777 [INFOR] [userlog] 当前:2023-07-24 20:00:02 用户:cxh 开始固件扫描任务:sf6, id:2733
07-24 20:04:17,964393 [INFOR] [userlog] 当前:2023-07-24 20:04:17 用户:cxh 创建固件扫描任务:Fx_Dual_Instance.bin, id:2734, 并未关联固件库
07-24 20:04:18,927519 [INFOR] [userlog] 当前:2023-07-24 20:04:18 用户:cxh 开始固件扫描任务:Fx_Dual_Instance.bin, id:2734
07-24 20:04:48,074015 [INFOR] [userlog] 当前:2023-07-24 20:04:48 用户:cxh 创建固件扫描任务:jq-test(jquary组件识别).zip, id:2735, 并未关联固件库
07-24 20:04:49,603505 [INFOR] [userlog] 当前:2023-07-24 20:04:49 用户:cxh 开始固件扫描任务:jq-test(jquary组件识别).zip, id:2735
07-24 20:06:49,540363 [INFOR] [userlog] 当前:2023-07-24 20:06:49 用户:config 登录成功
07-24 20:08:40,506049 [INFOR] [userlog] 当前:2023-07-24 20:08:40 用户:config 退出登录
07-24 20:08:48,890799 [INFOR] [userlog] 当前:2023-07-24 20:08:48 用户:cxh 登录成功
07-24 20:11:05,662608 [INFOR] [userlog] 当前:2023-07-24 20:11:05 用户:cxh 创建报告对比任务:jq-test(jquary组件识别).zip对比Fx_Dual_Instance.bin, id:311
07-24 20:14:01,343533 [INFOR] [userlog] 当前:2023-07-24 20:14:01 用户:wwh 登录成功
07-24 20:14:01,819395 [INFOR] [userlog] 当前:2023-07-24 20:14:01 用户:wwh 创建固件扫描任务:libcurl_7.17.1-1_arm.ipk, id:2736, 并未关联固件库
07-24 20:14:02,262013 [INFOR] [userlog] 当前:2023-07-24 20:14:02 用户:wwh 开始固件扫描任务:libcurl_7.17.1-1_arm.ipk, id:2736
07-24 20:14:02,285743 [INFOR] [userlog] 当前:2023-07-24 20:14:02 用户:wwh 退出登录
07-24 20:14:02,379252 [INFOR] [userlog] 当前:2023-07-24 20:14:02 用户:wwh 登录成功
07-24 20:14:03,210056 [INFOR] [userlog] 当前:2023-07-24 20:14:03 用户:wwh 创建固件扫描任务:WE1N2_1000.bin, id:2737, 并未关联固件库
07-24 20:14:04,185098 [INFOR] [userlog] 当前:2023-07-24 20:14:03 用户:wwh 开始固件扫描任务:WE1N2_1000.bin, id:2737
07-24 20:14:04,234948 [INFOR] [userlog] 当前:2023-07-24 20:14:04 用户:wwh 退出登录
07-24 20:14:04,334594 [INFOR] [userlog] 当前:2023-07-24 20:14:04 用户:wwh 登录成功
07-24 20:14:04,810945 [INFOR] [userlog] 当前:2023-07-24 20:14:04 用户:wwh 创建固件扫描任务:V204TA.GZ, id:2738, 并未关联固件库
07-24 20:14:05,275762 [INFOR] [userlog] 当前:2023-07-24 20:14:05 用户:wwh 开始固件扫描任务:V204TA.GZ, id:2738
07-24 20:14:05,306076 [INFOR] [userlog] 当前:2023-07-24 20:14:05 用户:wwh 退出登录
07-24 20:14:05,846433 [INFOR] [userlog] 当前:2023-07-24 20:14:05 用户:wwh 登录成功
07-24 20:14:11,004622 [INFOR] [userlog] 当前:2023-07-24 20:14:10 用户:wwh 创建固件扫描任务:51110.2.1800.96.bin, id:2739, 并未关联固件库
07-24 20:14:11,412019 [INFOR] [userlog] 当前:2023-07-24 20:14:11 用户:wwh 开始固件扫描任务:51110.2.1800.96.bin, id:2739
07-24 20:14:11,438205 [INFOR] [userlog] 当前:2023-07-24 20:14:11 用户:wwh 退出登录
07-24 20:14:11,529700 [INFOR] [userlog] 当前:2023-07-24 20:14:11 用户:wwh 登录成功
07-24 20:14:13,062096 [INFOR] [userlog] 当前:2023-07-24 20:14:13 用户:wwh 创建固件扫描任务:Auto_Vigor2910_V3.0.6_tw.zip, id:2740, 并未关联固件库
07-24 20:14:13,637821 [INFOR] [userlog] 当前:2023-07-24 20:14:13 用户:wwh 开始固件扫描任务:Auto_Vigor2910_V3.0.6_tw.zip, id:2740
07-24 20:14:13,666455 [INFOR] [userlog] 当前:2023-07-24 20:14:13 用户:wwh 退出登录
07-24 20:14:13,760049 [INFOR] [userlog] 当前:2023-07-24 20:14:13 用户:wwh 登录成功
07-24 20:14:17,559857 [INFOR] [userlog] 当前:2023-07-24 20:14:17 用户:wwh 创建固件扫描任务:VDR-308_Ramdisk.zip, id:2741, 并未关联固件库
07-24 20:14:18,051680 [INFOR] [userlog] 当前:2023-07-24 20:14:17 用户:wwh 开始固件扫描任务:VDR-308_Ramdisk.zip, id:2741
07-24 20:14:18,073316 [INFOR] [userlog] 当前:2023-07-24 20:14:18 用户:wwh 退出登录
07-24 20:14:18,258931 [INFOR] [userlog] 当前:2023-07-24 20:14:18 用户:wwh 登录成功
07-24 20:14:18,682252 [INFOR] [userlog] 当前:2023-07-24 20:14:18 用户:wwh 创建固件扫描任务:transmission-web_2.13-1_arm.ipk, id:2742, 并未关联固件库
07-24 20:14:19,202111 [INFOR] [userlog] 当前:2023-07-24 20:14:18 用户:wwh 开始固件扫描任务:transmission-web_2.13-1_arm.ipk, id:2742
07-24 20:14:19,227475 [INFOR] [userlog] 当前:2023-07-24 20:14:19 用户:wwh 退出登录
07-24 20:14:19,330316 [INFOR] [userlog] 当前:2023-07-24 20:14:19 用户:wwh 登录成功
07-24 20:14:20,207213 [INFOR] [userlog] 当前:2023-07-24 20:14:20 用户:wwh 创建固件扫描任务:MA100-tftp.103j.bin, id:2743, 并未关联固件库
07-24 20:14:20,594339 [INFOR] [userlog] 当前:2023-07-24 20:14:20 用户:wwh 开始固件扫描任务:MA100-tftp.103j.bin, id:2743
07-24 20:14:20,627984 [INFOR] [userlog] 当前:2023-07-24 20:14:20 用户:wwh 退出登录
07-24 20:14:20,729280 [INFOR] [userlog] 当前:2023-07-24 20:14:20 用户:wwh 登录成功
07-24 20:14:21,475517 [INFOR] [userlog] 当前:2023-07-24 20:14:21 用户:wwh 创建固件扫描任务:AFL-2.57b.zip, id:2744, 并未关联固件库
07-24 20:14:21,947444 [INFOR] [userlog] 当前:2023-07-24 20:14:21 用户:wwh 开始固件扫描任务:AFL-2.57b.zip, id:2744
07-24 20:14:21,977423 [INFOR] [userlog] 当前:2023-07-24 20:14:21 用户:wwh 退出登录
07-24 20:14:22,079712 [INFOR] [userlog] 当前:2023-07-24 20:14:22 用户:wwh 登录成功
07-24 20:14:24,581569 [INFOR] [userlog] 当前:2023-07-24 20:14:24 用户:wwh 创建固件扫描任务:miwifi_r1cl_firmware_1b415_2.12.9.bin, id:2745, 并未关联固件库
07-24 20:14:25,041180 [INFOR] [userlog] 当前:2023-07-24 20:14:24 用户:wwh 开始固件扫描任务:miwifi_r1cl_firmware_1b415_2.12.9.bin, id:2745
07-24 20:14:25,072627 [INFOR] [userlog] 当前:2023-07-24 20:14:25 用户:wwh 退出登录
07-24 20:14:25,180016 [INFOR] [userlog] 当前:2023-07-24 20:14:25 用户:wwh 登录成功
07-24 20:14:33,773964 [INFOR] [userlog] 当前:2023-07-24 20:14:33 用户:wwh 创建固件扫描任务:337557852378103808.zip, id:2746, 并未关联固件库
07-24 20:14:34,194032 [INFOR] [userlog] 当前:2023-07-24 20:14:33 用户:wwh 开始固件扫描任务:337557852378103808.zip, id:2746
07-24 20:14:34,226409 [INFOR] [userlog] 当前:2023-07-24 20:14:34 用户:wwh 退出登录
07-24 20:14:34,329532 [INFOR] [userlog] 当前:2023-07-24 20:14:34 用户:wwh 登录成功
07-24 20:14:36,522850 [INFOR] [userlog] 当前:2023-07-24 20:14:36 用户:wwh 创建固件扫描任务:NBD6804T-F.bin, id:2747, 并未关联固件库
07-24 20:14:36,915627 [INFOR] [userlog] 当前:2023-07-24 20:14:36 用户:wwh 开始固件扫描任务:NBD6804T-F.bin, id:2747
07-24 20:14:36,944805 [INFOR] [userlog] 当前:2023-07-24 20:14:36 用户:wwh 退出登录
07-24 20:14:37,046621 [INFOR] [userlog] 当前:2023-07-24 20:14:36 用户:wwh 登录成功
07-24 20:14:38,603071 [INFOR] [userlog] 当前:2023-07-24 20:14:38 用户:wwh 创建固件扫描任务:factory-to-ddwrt(2).bin, id:2748, 并未关联固件库
07-24 20:14:39,017643 [INFOR] [userlog] 当前:2023-07-24 20:14:38 用户:wwh 开始固件扫描任务:factory-to-ddwrt(2).bin, id:2748
07-24 20:14:39,049397 [INFOR] [userlog] 当前:2023-07-24 20:14:39 用户:wwh 退出登录
07-24 20:14:39,206403 [INFOR] [userlog] 当前:2023-07-24 20:14:39 用户:wwh 登录成功
07-24 20:14:40,223311 [INFOR] [userlog] 当前:2023-07-24 20:14:40 用户:wwh 创建固件扫描任务:A2Kv206.out, id:2749, 并未关联固件库
07-24 20:14:40,787868 [INFOR] [userlog] 当前:2023-07-24 20:14:40 用户:wwh 开始固件扫描任务:A2Kv206.out, id:2749
07-24 20:14:40,808958 [INFOR] [userlog] 当前:2023-07-24 20:14:40 用户:wwh 退出登录
07-24 20:14:40,945331 [INFOR] [userlog] 当前:2023-07-24 20:14:40 用户:wwh 登录成功
07-24 20:14:43,279874 [INFOR] [userlog] 当前:2023-07-24 20:14:43 用户:wwh 创建固件扫描任务:lj4300fw_04.019.1.rfu, id:2750, 并未关联固件库
07-24 20:14:43,783797 [INFOR] [userlog] 当前:2023-07-24 20:14:43 用户:wwh 开始固件扫描任务:lj4300fw_04.019.1.rfu, id:2750
07-24 20:14:43,809045 [INFOR] [userlog] 当前:2023-07-24 20:14:43 用户:wwh 退出登录
07-24 20:14:43,939786 [INFOR] [userlog] 当前:2023-07-24 20:14:43 用户:wwh 登录成功
07-24 20:14:44,349054 [INFOR] [userlog] 当前:2023-07-24 20:14:44 用户:wwh 创建固件扫描任务:annex_log.tgz, id:2751, 并未关联固件库
07-24 20:14:44,825222 [INFOR] [userlog] 当前:2023-07-24 20:14:44 用户:wwh 开始固件扫描任务:annex_log.tgz, id:2751
07-24 20:14:44,851817 [INFOR] [userlog] 当前:2023-07-24 20:14:44 用户:wwh 退出登录
07-24 20:14:44,996972 [INFOR] [userlog] 当前:2023-07-24 20:14:44 用户:wwh 登录成功
07-24 20:14:47,419112 [INFOR] [userlog] 当前:2023-07-24 20:14:47 用户:wwh 创建固件扫描任务:WJ-HD300A_3.13.zip, id:2752, 并未关联固件库
07-24 20:14:48,013419 [INFOR] [userlog] 当前:2023-07-24 20:14:47 用户:wwh 开始固件扫描任务:WJ-HD300A_3.13.zip, id:2752
07-24 20:14:48,052213 [INFOR] [userlog] 当前:2023-07-24 20:14:48 用户:wwh 退出登录
07-24 20:14:48,201672 [INFOR] [userlog] 当前:2023-07-24 20:14:48 用户:wwh 登录成功
07-24 20:14:49,916266 [INFOR] [userlog] 当前:2023-07-24 20:14:49 用户:wwh 创建固件扫描任务:mtd1_rootfs.zip, id:2753, 并未关联固件库
07-24 20:14:50,642921 [INFOR] [userlog] 当前:2023-07-24 20:14:50 用户:wwh 开始固件扫描任务:mtd1_rootfs.zip, id:2753
07-24 20:14:50,685273 [INFOR] [userlog] 当前:2023-07-24 20:14:50 用户:wwh 退出登录
07-24 20:14:50,825839 [INFOR] [userlog] 当前:2023-07-24 20:14:50 用户:wwh 登录成功
07-24 20:14:51,270155 [INFOR] [userlog] 当前:2023-07-24 20:14:51 用户:wwh 创建固件扫描任务:ES002200.bin, id:2754, 并未关联固件库
07-24 20:14:51,856790 [INFOR] [userlog] 当前:2023-07-24 20:14:51 用户:wwh 开始固件扫描任务:ES002200.bin, id:2754
07-24 20:14:51,910168 [INFOR] [userlog] 当前:2023-07-24 20:14:51 用户:wwh 退出登录
07-24 20:14:52,051004 [INFOR] [userlog] 当前:2023-07-24 20:14:51 用户:wwh 登录成功
07-24 20:14:53,697939 [INFOR] [userlog] 当前:2023-07-24 20:14:53 用户:wwh 创建固件扫描任务:samplejet_7b20130320_i386.deb, id:2755, 并未关联固件库
07-24 20:14:54,235661 [INFOR] [userlog] 当前:2023-07-24 20:14:53 用户:wwh 开始固件扫描任务:samplejet_7b20130320_i386.deb, id:2755
07-24 20:14:54,275464 [INFOR] [userlog] 当前:2023-07-24 20:14:54 用户:wwh 退出登录
07-24 20:14:54,421715 [INFOR] [userlog] 当前:2023-07-24 20:14:54 用户:wwh 登录成功
07-24 20:14:54,959654 [INFOR] [userlog] 当前:2023-07-24 20:14:54 用户:wwh 创建固件扫描任务:mtlan1.sys, id:2756, 并未关联固件库
07-24 20:14:55,485959 [INFOR] [userlog] 当前:2023-07-24 20:14:55 用户:wwh 开始固件扫描任务:mtlan1.sys, id:2756
07-24 20:14:55,511022 [INFOR] [userlog] 当前:2023-07-24 20:14:55 用户:wwh 退出登录
07-24 20:14:55,637673 [INFOR] [userlog] 当前:2023-07-24 20:14:55 用户:wwh 登录成功
07-24 20:15:20,878925 [INFOR] [userlog] 当前:2023-07-24 20:15:20 用户:wwh 创建固件扫描任务:DH_IPC-HX5XXX-Volt_Chn_PN_Stream3_V2.840.0000000.13.R.220110.bin, id:2757, 并未关联固件库
07-24 20:15:21,546970 [INFOR] [userlog] 当前:2023-07-24 20:15:21 用户:wwh 开始固件扫描任务:DH_IPC-HX5XXX-Volt_Chn_PN_Stream3_V2.840.0000000.13.R.220110.bin, id:2757
07-24 20:15:21,577469 [INFOR] [userlog] 当前:2023-07-24 20:15:21 用户:wwh 退出登录
07-24 20:15:21,717881 [INFOR] [userlog] 当前:2023-07-24 20:15:21 用户:wwh 登录成功
07-24 20:15:23,761574 [INFOR] [userlog] 当前:2023-07-24 20:15:23 用户:wwh 创建固件扫描任务:general.bin, id:2758, 并未关联固件库
07-24 20:15:24,375881 [INFOR] [userlog] 当前:2023-07-24 20:15:24 用户:wwh 开始固件扫描任务:general.bin, id:2758
07-24 20:15:24,409152 [INFOR] [userlog] 当前:2023-07-24 20:15:24 用户:wwh 退出登录
07-24 20:15:24,565862 [INFOR] [userlog] 当前:2023-07-24 20:15:24 用户:wwh 登录成功
07-24 20:15:25,693997 [INFOR] [userlog] 当前:2023-07-24 20:15:25 用户:wwh 创建固件扫描任务:ReadySHARE_USB_Printer_MAC_V2.36.dmg, id:2759, 并未关联固件库
07-24 20:15:26,242895 [INFOR] [userlog] 当前:2023-07-24 20:15:25 用户:wwh 开始固件扫描任务:ReadySHARE_USB_Printer_MAC_V2.36.dmg, id:2759
07-24 20:15:26,277102 [INFOR] [userlog] 当前:2023-07-24 20:15:26 用户:wwh 退出登录
07-24 20:15:26,403929 [INFOR] [userlog] 当前:2023-07-24 20:15:26 用户:wwh 登录成功
07-24 20:15:27,673481 [INFOR] [userlog] 当前:2023-07-24 20:15:27 用户:wwh 创建固件扫描任务:Aceex-NR22-webflash.bin, id:2760, 并未关联固件库
07-24 20:15:28,257738 [INFOR] [userlog] 当前:2023-07-24 20:15:27 用户:wwh 开始固件扫描任务:Aceex-NR22-webflash.bin, id:2760
07-24 20:15:28,288488 [INFOR] [userlog] 当前:2023-07-24 20:15:28 用户:wwh 退出登录
07-24 20:17:41,429421 [INFOR] [userlog] 当前:2023-07-24 20:17:41 用户:cxh 退出登录
07-24 20:17:58,633700 [INFOR] [userlog] 当前:2023-07-24 20:17:58 用户:cxh 登录成功
07-24 20:18:03,376991 [INFOR] [userlog] 当前:2023-07-24 20:18:03 用户:cxh 退出登录
07-24 20:18:22,285834 [INFOR] [userlog] 当前:2023-07-24 20:18:22 用户:cxh 登录成功
07-24 20:18:45,538833 [INFOR] [userlog] 当前:2023-07-24 20:18:45 用户:cxh 创建固件扫描任务:LEADPFASoftware, id:2761, 并未关联固件库
07-24 20:18:47,293346 [INFOR] [userlog] 当前:2023-07-24 20:18:47 用户:cxh 开始固件扫描任务:LEADPFASoftware, id:2761
07-24 20:19:40,672066 [INFOR] [userlog] 当前:2023-07-24 20:19:40 用户:cxh 开始生成任务:ArresterOnLine.hexPDF报告
07-24 20:20:36,203643 [INFOR] [userlog] 当前:2023-07-24 20:20:36 用户:cxh 下载了任务:ArresterOnLine.hexPDF报告
07-24 20:21:20,030077 [INFOR] [userlog] 当前:2023-07-24 20:21:20 用户:cxh 退出登录
07-24 20:21:27,028705 [INFOR] [userlog] 当前:2023-07-24 20:21:26 用户:wwh 登录成功
07-24 20:23:07,062975 [INFOR] [userlog] 当前:2023-07-24 20:23:07 用户:wwh 开始生成任务:libcurl_7.17.1-1_arm.ipkPDF报告
07-24 20:23:25,628242 [INFOR] [userlog] 当前:2023-07-24 20:23:25 用户:wwh 暂停固件扫描任务:Aceex-NR22-webflash.bin, id:2760
07-24 20:23:26,136003 [INFOR] [userlog] 当前:2023-07-24 20:23:26 用户:wwh 暂停固件扫描任务:ReadySHARE_USB_Printer_MAC_V2.36.dmg, id:2759
07-24 20:23:26,796602 [INFOR] [userlog] 当前:2023-07-24 20:23:26 用户:wwh 暂停固件扫描任务:general.bin, id:2758
07-24 20:23:27,474357 [INFOR] [userlog] 当前:2023-07-24 20:23:27 用户:wwh 暂停固件扫描任务:DH_IPC-HX5XXX-Volt_Chn_PN_Stream3_V2.840.0000000.13.R.220110.bin, id:2757
07-24 20:23:28,078445 [INFOR] [userlog] 当前:2023-07-24 20:23:28 用户:wwh 暂停固件扫描任务:mtlan1.sys, id:2756
07-24 20:23:29,624147 [INFOR] [userlog] 当前:2023-07-24 20:23:29 用户:wwh 暂停固件扫描任务:samplejet_7b20130320_i386.deb, id:2755
07-24 20:23:30,027719 [INFOR] [userlog] 当前:2023-07-24 20:23:30 用户:wwh 暂停固件扫描任务:ES002200.bin, id:2754
07-24 20:23:31,717696 [INFOR] [userlog] 当前:2023-07-24 20:23:31 用户:wwh 暂停固件扫描任务:lj4300fw_04.019.1.rfu, id:2750
07-24 20:23:32,294370 [INFOR] [userlog] 当前:2023-07-24 20:23:32 用户:wwh 暂停固件扫描任务:A2Kv206.out, id:2749
07-24 20:23:32,869152 [INFOR] [userlog] 当前:2023-07-24 20:23:32 用户:wwh 暂停固件扫描任务:factory-to-ddwrt(2).bin, id:2748
07-24 20:23:33,365358 [INFOR] [userlog] 当前:2023-07-24 20:23:33 用户:wwh 暂停固件扫描任务:NBD6804T-F.bin, id:2747
07-24 20:23:34,049562 [INFOR] [userlog] 当前:2023-07-24 20:23:34 用户:wwh 暂停固件扫描任务:337557852378103808.zip, id:2746
07-24 20:23:34,480298 [INFOR] [userlog] 当前:2023-07-24 20:23:34 用户:wwh 暂停固件扫描任务:miwifi_r1cl_firmware_1b415_2.12.9.bin, id:2745
07-24 20:23:34,970547 [INFOR] [userlog] 当前:2023-07-24 20:23:34 用户:wwh 暂停固件扫描任务:AFL-2.57b.zip, id:2744
07-24 20:23:37,689460 [INFOR] [userlog] 当前:2023-07-24 20:23:37 用户:wwh 暂停固件扫描任务:Auto_Vigor2910_V3.0.6_tw.zip, id:2740
07-24 20:23:40,262117 [INFOR] [userlog] 当前:2023-07-24 20:23:40 用户:wwh 暂停固件扫描任务:51110.2.1800.96.bin, id:2739
07-24 20:23:42,881027 [INFOR] [userlog] 当前:2023-07-24 20:23:42 用户:wwh 暂停固件扫描任务:V204TA.GZ, id:2738
07-24 20:24:02,561514 [INFOR] [userlog] 当前:2023-07-24 20:24:02 用户:wwh 创建固件扫描任务:libcrypto.so.0.9.8, id:2762, 并未关联固件库
07-24 20:24:06,603158 [INFOR] [userlog] 当前:2023-07-24 20:24:06 用户:wwh 开始固件扫描任务:libcrypto.so.0.9.8, id:2762
07-24 20:24:16,216290 [INFOR] [userlog] 当前:2023-07-24 20:24:16 用户:wwh 下载了任务:libcurl_7.17.1-1_arm.ipkPDF报告
07-24 20:24:17,777873 [INFOR] [userlog] 当前:2023-07-24 20:24:17 用户:wwh 暂停固件扫描任务:MA100-tftp.103j.bin, id:2743
07-24 20:24:18,327227 [INFOR] [userlog] 当前:2023-07-24 20:24:18 用户:wwh 暂停固件扫描任务:annex_log.tgz, id:2751
07-24 20:24:18,854357 [INFOR] [userlog] 当前:2023-07-24 20:24:18 用户:wwh 暂停固件扫描任务:WJ-HD300A_3.13.zip, id:2752
07-24 20:24:34,939025 [INFOR] [userlog] 当前:2023-07-24 20:24:34 用户:wwh 退出登录
07-24 20:24:37,890278 [INFOR] [userlog] 当前:2023-07-24 20:24:37 用户:cxh 登录成功
07-24 20:24:40,645550 [INFOR] [userlog] 当前:2023-07-24 20:24:40 用户:cxh 暂停固件扫描任务:LEADPFASoftware, id:2761
07-24 20:24:48,673082 [INFOR] [userlog] 当前:2023-07-24 20:24:48 用户:cxh 暂停固件扫描任务:VDR-308_Ramdisk.zip, id:2741
07-24 20:24:51,140951 [INFOR] [userlog] 当前:2023-07-24 20:24:51 用户:cxh 暂停固件扫描任务:transmission-web_2.13-1_arm.ipk, id:2742
07-24 20:24:51,560013 [INFOR] [userlog] 当前:2023-07-24 20:24:51 用户:cxh 暂停固件扫描任务:mtd1_rootfs.zip, id:2753
07-24 20:27:03,330731 [INFOR] [userlog] 当前:2023-07-24 20:27:03 用户:cxh 开始生成任务:libcrypto.so.0.9.8PDF报告
07-24 20:27:16,073406 [INFOR] [userlog] 当前:2023-07-24 20:27:16 用户:cxh 下载了任务:libcrypto.so.0.9.8PDF报告
07-24 20:27:20,977527 [INFOR] [userlog] 当前:2023-07-24 20:27:20 用户:cxh 创建报告对比任务:libcrypto.so.0.9.8对比WE1N2_1000.bin, id:312
07-24 20:27:48,963618 [INFOR] [userlog] 当前:2023-07-24 20:27:48 用户:cxh 下载扫描任务:libcrypto.so.0.9.8Excel报告, id:2762
07-24 20:27:51,210430 [INFOR] [userlog] 当前:2023-07-24 20:27:51 用户:cxh 下载了任务:libcrypto.so.0.9.8PDF报告
07-24 20:28:09,705327 [INFOR] [userlog] 当前:2023-07-24 20:28:09 用户:cxh 恢复固件扫描任务:V204TA.GZ, id:2738至任务队列中
07-24 20:28:10,433924 [INFOR] [userlog] 当前:2023-07-24 20:28:10 用户:cxh 恢复固件扫描任务:51110.2.1800.96.bin, id:2739至任务队列中
07-24 20:28:10,973363 [INFOR] [userlog] 当前:2023-07-24 20:28:10 用户:cxh 恢复固件扫描任务:Auto_Vigor2910_V3.0.6_tw.zip, id:2740至任务队列中
07-24 20:28:11,682254 [INFOR] [userlog] 当前:2023-07-24 20:28:11 用户:cxh 恢复固件扫描任务:VDR-308_Ramdisk.zip, id:2741至任务队列中
07-24 20:28:12,261099 [INFOR] [userlog] 当前:2023-07-24 20:28:12 用户:cxh 恢复固件扫描任务:transmission-web_2.13-1_arm.ipk, id:2742至任务队列中
07-24 20:28:29,846405 [INFOR] [userlog] 当前:2023-07-24 20:28:29 用户:cxh 恢复固件扫描任务:MA100-tftp.103j.bin, id:2743至任务队列中
07-24 20:28:30,310478 [INFOR] [userlog] 当前:2023-07-24 20:28:30 用户:cxh 恢复固件扫描任务:AFL-2.57b.zip, id:2744
07-24 20:28:30,768789 [INFOR] [userlog] 当前:2023-07-24 20:28:30 用户:cxh 恢复固件扫描任务:miwifi_r1cl_firmware_1b415_2.12.9.bin, id:2745
07-24 20:28:31,441357 [INFOR] [userlog] 当前:2023-07-24 20:28:31 用户:cxh 恢复固件扫描任务:337557852378103808.zip, id:2746
07-24 20:28:31,974981 [INFOR] [userlog] 当前:2023-07-24 20:28:31 用户:cxh 恢复固件扫描任务:NBD6804T-F.bin, id:2747
07-24 20:28:32,806497 [INFOR] [userlog] 当前:2023-07-24 20:28:32 用户:cxh 恢复固件扫描任务:factory-to-ddwrt(2).bin, id:2748
07-24 20:28:33,498618 [INFOR] [userlog] 当前:2023-07-24 20:28:33 用户:cxh 恢复固件扫描任务:A2Kv206.out, id:2749
07-24 20:28:34,115669 [INFOR] [userlog] 当前:2023-07-24 20:28:34 用户:cxh 恢复固件扫描任务:lj4300fw_04.019.1.rfu, id:2750
07-24 20:28:34,631633 [INFOR] [userlog] 当前:2023-07-24 20:28:34 用户:cxh 恢复固件扫描任务:annex_log.tgz, id:2751至任务队列中
07-24 20:28:35,181120 [INFOR] [userlog] 当前:2023-07-24 20:28:35 用户:cxh 恢复固件扫描任务:WJ-HD300A_3.13.zip, id:2752至任务队列中
07-24 20:28:37,781121 [INFOR] [userlog] 当前:2023-07-24 20:28:37 用户:cxh 恢复固件扫描任务:ES002200.bin, id:2754
07-24 20:28:38,471008 [INFOR] [userlog] 当前:2023-07-24 20:28:38 用户:cxh 恢复固件扫描任务:mtd1_rootfs.zip, id:2753至任务队列中
07-24 20:28:39,063474 [INFOR] [userlog] 当前:2023-07-24 20:28:39 用户:cxh 恢复固件扫描任务:samplejet_7b20130320_i386.deb, id:2755
07-24 20:28:39,958155 [INFOR] [userlog] 当前:2023-07-24 20:28:39 用户:cxh 恢复固件扫描任务:mtlan1.sys, id:2756
07-24 20:28:40,801603 [INFOR] [userlog] 当前:2023-07-24 20:28:40 用户:cxh 恢复固件扫描任务:DH_IPC-HX5XXX-Volt_Chn_PN_Stream3_V2.840.0000000.13.R.220110.bin, id:2757
07-24 20:28:41,473779 [INFOR] [userlog] 当前:2023-07-24 20:28:41 用户:cxh 恢复固件扫描任务:general.bin, id:2758
07-24 20:28:42,166695 [INFOR] [userlog] 当前:2023-07-24 20:28:42 用户:cxh 恢复固件扫描任务:ReadySHARE_USB_Printer_MAC_V2.36.dmg, id:2759
07-24 20:28:42,710846 [INFOR] [userlog] 当前:2023-07-24 20:28:42 用户:cxh 恢复固件扫描任务:Aceex-NR22-webflash.bin, id:2760
07-24 20:28:43,419252 [INFOR] [userlog] 当前:2023-07-24 20:28:43 用户:cxh 恢复固件扫描任务:LEADPFASoftware, id:2761
07-24 20:29:09,724639 [INFOR] [userlog] 当前:2023-07-24 20:29:09 用户:wwh 登录成功
07-24 20:29:10,078052 [INFOR] [userlog] 当前:2023-07-24 20:29:10 用户:wwh 创建固件扫描任务:Acti.lib, id:2763, 并未关联固件库
07-24 20:29:10,542100 [INFOR] [userlog] 当前:2023-07-24 20:29:10 用户:wwh 开始固件扫描任务:Acti.lib, id:2763
07-24 20:29:10,567821 [INFOR] [userlog] 当前:2023-07-24 20:29:10 用户:wwh 退出登录
07-24 20:29:10,661444 [INFOR] [userlog] 当前:2023-07-24 20:29:10 用户:wwh 登录成功
07-24 20:29:13,250874 [INFOR] [userlog] 当前:2023-07-24 20:29:13 用户:wwh 创建固件扫描任务:AFL-2.57b.zip, id:2764, 并未关联固件库
07-24 20:29:14,335986 [INFOR] [userlog] 当前:2023-07-24 20:29:13 用户:wwh 开始固件扫描任务:AFL-2.57b.zip, id:2764
07-24 20:29:14,373936 [INFOR] [userlog] 当前:2023-07-24 20:29:14 用户:wwh 退出登录
07-24 20:29:14,740269 [INFOR] [userlog] 当前:2023-07-24 20:29:14 用户:wwh 登录成功
07-24 20:29:16,798504 [INFOR] [userlog] 当前:2023-07-24 20:29:16 用户:wwh 创建固件扫描任务:Data1.cab, id:2765, 并未关联固件库
07-24 20:29:17,367733 [INFOR] [userlog] 当前:2023-07-24 20:29:17 用户:wwh 开始固件扫描任务:Data1.cab, id:2765
07-24 20:29:17,513105 [INFOR] [userlog] 当前:2023-07-24 20:29:17 用户:wwh 退出登录
07-24 20:29:17,682367 [INFOR] [userlog] 当前:2023-07-24 20:29:17 用户:wwh 登录成功
07-24 20:29:18,214077 [INFOR] [userlog] 当前:2023-07-24 20:29:18 用户:wwh 创建固件扫描任务:Finder.rar, id:2766, 并未关联固件库
07-24 20:29:18,912642 [INFOR] [userlog] 当前:2023-07-24 20:29:18 用户:wwh 开始固件扫描任务:Finder.rar, id:2766
07-24 20:29:18,967470 [INFOR] [userlog] 当前:2023-07-24 20:29:18 用户:wwh 退出登录
07-24 20:29:19,183666 [INFOR] [userlog] 当前:2023-07-24 20:29:18 用户:wwh 登录成功
07-24 20:29:22,805379 [INFOR] [userlog] 当前:2023-07-24 20:29:22 用户:wwh 创建固件扫描任务:P-2612HNU-F3F_1.7z, id:2767, 并未关联固件库
07-24 20:29:23,466099 [INFOR] [userlog] 当前:2023-07-24 20:29:23 用户:wwh 开始固件扫描任务:P-2612HNU-F3F_1.7z, id:2767
07-24 20:29:23,491937 [INFOR] [userlog] 当前:2023-07-24 20:29:23 用户:wwh 退出登录
07-24 20:29:23,630123 [INFOR] [userlog] 当前:2023-07-24 20:29:23 用户:wwh 登录成功
07-24 20:29:25,567842 [INFOR] [userlog] 当前:2023-07-24 20:29:25 用户:wwh 创建固件扫描任务:Broadway2T_LIB_V2.7.442_2012-02-01.tar.bz2, id:2768, 并未关联固件库
07-24 20:29:26,208954 [INFOR] [userlog] 当前:2023-07-24 20:29:25 用户:wwh 开始固件扫描任务:Broadway2T_LIB_V2.7.442_2012-02-01.tar.bz2, id:2768
07-24 20:29:26,371183 [INFOR] [userlog] 当前:2023-07-24 20:29:26 用户:wwh 退出登录
07-24 20:29:26,514094 [INFOR] [userlog] 当前:2023-07-24 20:29:26 用户:wwh 登录成功
07-24 20:29:27,049178 [INFOR] [userlog] 当前:2023-07-24 20:29:27 用户:wwh 创建固件扫描任务:ISDNVIGOR_10_2.sit, id:2769, 并未关联固件库
07-24 20:29:27,697322 [INFOR] [userlog] 当前:2023-07-24 20:29:27 用户:wwh 开始固件扫描任务:ISDNVIGOR_10_2.sit, id:2769
07-24 20:29:27,726624 [INFOR] [userlog] 当前:2023-07-24 20:29:27 用户:wwh 退出登录
07-24 20:29:27,897827 [INFOR] [userlog] 当前:2023-07-24 20:29:27 用户:wwh 登录成功
07-24 20:29:35,307329 [INFOR] [userlog] 当前:2023-07-24 20:29:35 用户:wwh 创建固件扫描任务:QNAP Surveillance Client.dmg, id:2770, 并未关联固件库
07-24 20:29:37,171219 [INFOR] [userlog] 当前:2023-07-24 20:29:35 用户:wwh 开始固件扫描任务:QNAP Surveillance Client.dmg, id:2770
07-24 20:29:37,232194 [INFOR] [userlog] 当前:2023-07-24 20:29:37 用户:wwh 退出登录
07-24 20:29:37,530964 [INFOR] [userlog] 当前:2023-07-24 20:29:37 用户:wwh 登录成功
07-24 20:29:38,321751 [INFOR] [userlog] 当前:2023-07-24 20:29:38 用户:wwh 创建固件扫描任务:MooseDT-MX1A-3D4D-DMax22.iso, id:2771, 并未关联固件库
07-24 20:29:38,915216 [INFOR] [userlog] 当前:2023-07-24 20:29:38 用户:wwh 开始固件扫描任务:MooseDT-MX1A-3D4D-DMax22.iso, id:2771
07-24 20:29:38,958871 [INFOR] [userlog] 当前:2023-07-24 20:29:38 用户:wwh 退出登录
07-24 20:29:39,087345 [INFOR] [userlog] 当前:2023-07-24 20:29:38 用户:wwh 登录成功
07-24 20:29:47,868283 [INFOR] [userlog] 当前:2023-07-24 20:29:41 用户:wwh 创建固件扫描任务:jac-pcu_20130313.deb, id:2772, 并未关联固件库
07-24 20:29:53,186797 [INFOR] [userlog] 当前:2023-07-24 20:29:52 用户:wwh 开始固件扫描任务:jac-pcu_20130313.deb, id:2772
07-24 20:29:55,191081 [INFOR] [userlog] 当前:2023-07-24 20:29:55 用户:wwh 退出登录
07-24 20:29:55,543568 [INFOR] [userlog] 当前:2023-07-24 20:29:55 用户:wwh 登录成功
07-24 20:29:56,104774 [INFOR] [userlog] 当前:2023-07-24 20:29:56 用户:wwh 创建固件扫描任务:gambas3-gb-openssl-3.17.3-3-x86_64.pkg.tar.zst, id:2773, 并未关联固件库
07-24 20:29:57,139958 [INFOR] [userlog] 当前:2023-07-24 20:29:56 用户:wwh 开始固件扫描任务:gambas3-gb-openssl-3.17.3-3-x86_64.pkg.tar.zst, id:2773
07-24 20:29:57,878663 [INFOR] [userlog] 当前:2023-07-24 20:29:57 用户:wwh 退出登录
07-24 20:29:58,257986 [INFOR] [userlog] 当前:2023-07-24 20:29:57 用户:wwh 登录成功
07-24 20:29:59,006084 [INFOR] [userlog] 当前:2023-07-24 20:29:58 用户:wwh 创建固件扫描任务:plasma-integration-5.25.5-2.fc37.s390x.rpm, id:2774, 并未关联固件库
07-24 20:30:00,585636 [INFOR] [userlog] 当前:2023-07-24 20:29:59 用户:wwh 开始固件扫描任务:plasma-integration-5.25.5-2.fc37.s390x.rpm, id:2774
07-24 20:30:01,912219 [INFOR] [userlog] 当前:2023-07-24 20:30:01 用户:wwh 退出登录
07-24 20:30:02,864313 [INFOR] [userlog] 当前:2023-07-24 20:30:02 用户:wwh 登录成功
07-24 20:30:04,447877 [INFOR] [userlog] 当前:2023-07-24 20:30:04 用户:wwh 创建固件扫描任务:A2Kv206.out, id:2775, 并未关联固件库
07-24 20:30:06,371459 [INFOR] [userlog] 当前:2023-07-24 20:30:05 用户:wwh 开始固件扫描任务:A2Kv206.out, id:2775
07-24 20:30:06,794695 [INFOR] [userlog] 当前:2023-07-24 20:30:06 用户:wwh 退出登录
07-24 20:30:07,289786 [INFOR] [userlog] 当前:2023-07-24 20:30:06 用户:wwh 登录成功
07-24 20:30:09,066619 [INFOR] [userlog] 当前:2023-07-24 20:30:09 用户:wwh 创建固件扫描任务:Aceex-NR22-webflash.bin, id:2776, 并未关联固件库
07-24 20:30:09,742827 [INFOR] [userlog] 当前:2023-07-24 20:30:09 用户:wwh 开始固件扫描任务:Aceex-NR22-webflash.bin, id:2776
07-24 20:30:09,778228 [INFOR] [userlog] 当前:2023-07-24 20:30:09 用户:wwh 退出登录
07-24 20:30:10,237540 [INFOR] [userlog] 当前:2023-07-24 20:30:09 用户:wwh 登录成功
07-24 20:30:10,558716 [INFOR] [userlog] 当前:2023-07-24 20:30:10 用户:wwh 创建固件扫描任务:annex_log.tgz, id:2777, 并未关联固件库
07-24 20:30:11,255209 [INFOR] [userlog] 当前:2023-07-24 20:30:10 用户:wwh 开始固件扫描任务:annex_log.tgz, id:2777
07-24 20:30:11,285164 [INFOR] [userlog] 当前:2023-07-24 20:30:11 用户:wwh 退出登录
07-24 20:30:11,430824 [INFOR] [userlog] 当前:2023-07-24 20:30:11 用户:wwh 登录成功
07-24 20:30:38,910809 [INFOR] [userlog] 当前:2023-07-24 20:30:35 用户:wwh 创建固件扫描任务:DH_IPC-HX5XXX-Volt_Chn_PN_Stream3_V2.840.0000000.13.R.220110.bin, id:2778, 并未关联固件库
07-24 20:31:01,346935 [INFOR] [userlog] 当前:2023-07-24 20:30:48 用户:wwh 开始固件扫描任务:DH_IPC-HX5XXX-Volt_Chn_PN_Stream3_V2.840.0000000.13.R.220110.bin, id:2778
07-24 20:31:02,565581 [INFOR] [userlog] 当前:2023-07-24 20:31:02 用户:wwh 退出登录
07-24 20:31:02,786883 [INFOR] [userlog] 当前:2023-07-24 20:31:02 用户:wwh 登录成功
07-24 20:31:03,364777 [INFOR] [userlog] 当前:2023-07-24 20:31:03 用户:wwh 创建固件扫描任务:ES002200.bin, id:2779, 并未关联固件库
07-24 20:31:04,370813 [INFOR] [userlog] 当前:2023-07-24 20:31:04 用户:wwh 开始固件扫描任务:ES002200.bin, id:2779
07-24 20:31:04,434907 [INFOR] [userlog] 当前:2023-07-24 20:31:04 用户:wwh 退出登录
07-24 20:31:04,862540 [INFOR] [userlog] 当前:2023-07-24 20:31:04 用户:wwh 登录成功
07-24 20:31:06,374928 [INFOR] [userlog] 当前:2023-07-24 20:31:06 用户:wwh 创建固件扫描任务:factory-to-ddwrt(2).bin, id:2780, 并未关联固件库
07-24 20:31:07,132929 [INFOR] [userlog] 当前:2023-07-24 20:31:06 用户:wwh 开始固件扫描任务:factory-to-ddwrt(2).bin, id:2780
07-24 20:31:07,163170 [INFOR] [userlog] 当前:2023-07-24 20:31:07 用户:wwh 退出登录
07-24 20:31:07,309061 [INFOR] [userlog] 当前:2023-07-24 20:31:07 用户:wwh 登录成功
07-24 20:31:10,597253 [INFOR] [userlog] 当前:2023-07-24 20:31:10 用户:wwh 创建固件扫描任务:general.bin, id:2781, 并未关联固件库
07-24 20:31:11,358898 [INFOR] [userlog] 当前:2023-07-24 20:31:11 用户:wwh 开始固件扫描任务:general.bin, id:2781
07-24 20:31:11,406713 [INFOR] [userlog] 当前:2023-07-24 20:31:11 用户:wwh 退出登录
07-24 20:31:11,559213 [INFOR] [userlog] 当前:2023-07-24 20:31:11 用户:wwh 登录成功
07-24 20:31:14,218972 [INFOR] [userlog] 当前:2023-07-24 20:31:14 用户:wwh 创建固件扫描任务:lj4300fw_04.019.1.rfu, id:2782, 并未关联固件库
07-24 20:31:14,865220 [INFOR] [userlog] 当前:2023-07-24 20:31:14 用户:wwh 开始固件扫描任务:lj4300fw_04.019.1.rfu, id:2782
07-24 20:31:14,896315 [INFOR] [userlog] 当前:2023-07-24 20:31:14 用户:wwh 退出登录
07-24 20:31:15,034834 [INFOR] [userlog] 当前:2023-07-24 20:31:14 用户:wwh 登录成功
07-24 20:31:17,036800 [INFOR] [userlog] 当前:2023-07-24 20:31:17 用户:wwh 创建固件扫描任务:mtd1_rootfs.zip, id:2783, 并未关联固件库
07-24 20:31:17,895057 [INFOR] [userlog] 当前:2023-07-24 20:31:17 用户:wwh 开始固件扫描任务:mtd1_rootfs.zip, id:2783
07-24 20:31:17,919779 [INFOR] [userlog] 当前:2023-07-24 20:31:17 用户:wwh 退出登录
07-24 20:31:18,050812 [INFOR] [userlog] 当前:2023-07-24 20:31:17 用户:wwh 登录成功
07-24 20:31:20,759890 [INFOR] [userlog] 当前:2023-07-24 20:31:20 用户:wwh 创建固件扫描任务:miwifi_r1cl_firmware_1b415_2.12.9.bin, id:2784, 并未关联固件库
07-24 20:31:21,398929 [INFOR] [userlog] 当前:2023-07-24 20:31:21 用户:wwh 开始固件扫描任务:miwifi_r1cl_firmware_1b415_2.12.9.bin, id:2784
07-24 20:31:21,426776 [INFOR] [userlog] 当前:2023-07-24 20:31:21 用户:wwh 退出登录
07-24 20:31:21,530259 [INFOR] [userlog] 当前:2023-07-24 20:31:21 用户:wwh 登录成功
07-24 20:31:21,934197 [INFOR] [userlog] 当前:2023-07-24 20:31:21 用户:wwh 创建固件扫描任务:mtlan1.sys, id:2785, 并未关联固件库
07-24 20:31:22,483094 [INFOR] [userlog] 当前:2023-07-24 20:31:22 用户:wwh 开始固件扫描任务:mtlan1.sys, id:2785
07-24 20:31:22,522213 [INFOR] [userlog] 当前:2023-07-24 20:31:22 用户:wwh 退出登录
07-24 20:31:22,684768 [INFOR] [userlog] 当前:2023-07-24 20:31:22 用户:wwh 登录成功
07-24 20:31:23,673342 [INFOR] [userlog] 当前:2023-07-24 20:31:23 用户:wwh 创建固件扫描任务:ReadySHARE_USB_Printer_MAC_V2.36.dmg, id:2786, 并未关联固件库
07-24 20:31:24,378598 [INFOR] [userlog] 当前:2023-07-24 20:31:24 用户:wwh 开始固件扫描任务:ReadySHARE_USB_Printer_MAC_V2.36.dmg, id:2786
07-24 20:31:24,406063 [INFOR] [userlog] 当前:2023-07-24 20:31:24 用户:wwh 退出登录
07-24 20:31:24,578601 [INFOR] [userlog] 当前:2023-07-24 20:31:24 用户:wwh 登录成功
07-24 20:31:26,138954 [INFOR] [userlog] 当前:2023-07-24 20:31:26 用户:wwh 创建固件扫描任务:samplejet_7b20130320_i386.deb, id:2787, 并未关联固件库
07-24 20:31:26,681025 [INFOR] [userlog] 当前:2023-07-24 20:31:26 用户:wwh 开始固件扫描任务:samplejet_7b20130320_i386.deb, id:2787
07-24 20:31:26,707063 [INFOR] [userlog] 当前:2023-07-24 20:31:26 用户:wwh 退出登录
07-24 20:31:26,817387 [INFOR] [userlog] 当前:2023-07-24 20:31:26 用户:wwh 登录成功
07-24 20:31:27,266093 [INFOR] [userlog] 当前:2023-07-24 20:31:27 用户:wwh 退出登录
07-24 20:31:27,455147 [INFOR] [userlog] 当前:2023-07-24 20:31:27 用户:wwh 登录成功
07-24 20:31:30,150095 [INFOR] [userlog] 当前:2023-07-24 20:31:30 用户:wwh 创建固件扫描任务:WJ-HD300A_3.13.zip, id:2788, 并未关联固件库
07-24 20:31:30,799179 [INFOR] [userlog] 当前:2023-07-24 20:31:30 用户:wwh 开始固件扫描任务:WJ-HD300A_3.13.zip, id:2788
07-24 20:31:30,822832 [INFOR] [userlog] 当前:2023-07-24 20:31:30 用户:wwh 退出登录
07-24 20:32:02,382524 [INFOR] [userlog] 当前:2023-07-24 20:32:02 用户:wwh 登录成功
07-24 20:32:02,678117 [INFOR] [userlog] 当前:2023-07-24 20:32:02 用户:wwh 创建固件扫描任务:additional_data.srec, id:2789, 并未关联固件库
07-24 20:32:03,074903 [INFOR] [userlog] 当前:2023-07-24 20:32:02 用户:wwh 开始固件扫描任务:additional_data.srec, id:2789
07-24 20:32:03,329788 [INFOR] [userlog] 当前:2023-07-24 20:32:03 用户:wwh 创建固件扫描任务:ambarella_rom.fs, id:2790, 并未关联固件库
07-24 20:32:03,724411 [INFOR] [userlog] 当前:2023-07-24 20:32:03 用户:wwh 开始固件扫描任务:ambarella_rom.fs, id:2790
07-24 20:32:03,999862 [INFOR] [userlog] 当前:2023-07-24 20:32:03 用户:wwh 创建固件扫描任务:bad_testfile.srec, id:2791, 并未关联固件库
07-24 20:32:04,431449 [INFOR] [userlog] 当前:2023-07-24 20:32:04 用户:wwh 开始固件扫描任务:bad_testfile.srec, id:2791
07-24 20:32:04,672192 [INFOR] [userlog] 当前:2023-07-24 20:32:04 用户:wwh 创建固件扫描任务:bad_testfile2.srec, id:2792, 并未关联固件库
07-24 20:32:05,036140 [INFOR] [userlog] 当前:2023-07-24 20:32:04 用户:wwh 开始固件扫描任务:bad_testfile2.srec, id:2792
07-24 20:32:05,240447 [INFOR] [userlog] 当前:2023-07-24 20:32:05 用户:wwh 创建固件扫描任务:bogus_image.bin, id:2793, 并未关联固件库
07-24 20:32:05,576036 [INFOR] [userlog] 当前:2023-07-24 20:32:05 用户:wwh 开始固件扫描任务:bogus_image.bin, id:2793
07-24 20:32:05,799618 [INFOR] [userlog] 当前:2023-07-24 20:32:05 用户:wwh 创建固件扫描任务:btrfs.img.xz, id:2794, 并未关联固件库
07-24 20:32:06,244473 [INFOR] [userlog] 当前:2023-07-24 20:32:05 用户:wwh 开始固件扫描任务:btrfs.img.xz, id:2794
07-24 20:32:06,599849 [INFOR] [userlog] 当前:2023-07-24 20:32:06 用户:wwh 创建固件扫描任务:bzImage_bzip2, id:2795, 并未关联固件库
07-24 20:32:06,970360 [INFOR] [userlog] 当前:2023-07-24 20:32:06 用户:wwh 开始固件扫描任务:bzImage_bzip2, id:2795
07-24 20:32:07,323063 [INFOR] [userlog] 当前:2023-07-24 20:32:07 用户:wwh 创建固件扫描任务:bzImage_gzip, id:2796, 并未关联固件库
07-24 20:32:07,696203 [INFOR] [userlog] 当前:2023-07-24 20:32:07 用户:wwh 开始固件扫描任务:bzImage_gzip, id:2796
07-24 20:32:08,082822 [INFOR] [userlog] 当前:2023-07-24 20:32:08 用户:wwh 创建固件扫描任务:bzImage_lz4, id:2797, 并未关联固件库
07-24 20:32:08,480328 [INFOR] [userlog] 当前:2023-07-24 20:32:08 用户:wwh 开始固件扫描任务:bzImage_lz4, id:2797
07-24 20:32:08,820264 [INFOR] [userlog] 当前:2023-07-24 20:32:08 用户:wwh 创建固件扫描任务:bzImage_lzma, id:2798, 并未关联固件库
07-24 20:32:09,189327 [INFOR] [userlog] 当前:2023-07-24 20:32:08 用户:wwh 开始固件扫描任务:bzImage_lzma, id:2798
07-24 20:32:09,540701 [INFOR] [userlog] 当前:2023-07-24 20:32:09 用户:wwh 创建固件扫描任务:bzImage_lzo, id:2799, 并未关联固件库
07-24 20:32:09,934271 [INFOR] [userlog] 当前:2023-07-24 20:32:09 用户:wwh 开始固件扫描任务:bzImage_lzo, id:2799
07-24 20:32:10,302041 [INFOR] [userlog] 当前:2023-07-24 20:32:10 用户:wwh 创建固件扫描任务:bzImage_xz, id:2800, 并未关联固件库
07-24 20:32:10,777303 [INFOR] [userlog] 当前:2023-07-24 20:32:10 用户:wwh 开始固件扫描任务:bzImage_xz, id:2800
07-24 20:32:11,013185 [INFOR] [userlog] 当前:2023-07-24 20:32:10 用户:wwh 创建固件扫描任务:cramfs.img, id:2801, 并未关联固件库
07-24 20:32:11,398128 [INFOR] [userlog] 当前:2023-07-24 20:32:11 用户:wwh 开始固件扫描任务:cramfs.img, id:2801
07-24 20:32:11,618774 [INFOR] [userlog] 当前:2023-07-24 20:32:11 用户:wwh 创建固件扫描任务:dh.bin, id:2802, 并未关联固件库
07-24 20:32:12,034519 [INFOR] [userlog] 当前:2023-07-24 20:32:11 用户:wwh 开始固件扫描任务:dh.bin, id:2802
07-24 20:32:12,298428 [INFOR] [userlog] 当前:2023-07-24 20:32:12 用户:wwh 创建固件扫描任务:dji.img, id:2803, 并未关联固件库
07-24 20:32:12,673172 [INFOR] [userlog] 当前:2023-07-24 20:32:12 用户:wwh 开始固件扫描任务:dji.img, id:2803
07-24 20:32:13,189534 [INFOR] [userlog] 当前:2023-07-24 20:32:13 用户:wwh 创建固件扫描任务:DLM-First_1MB.DLM, id:2804, 并未关联固件库
07-24 20:32:13,609626 [INFOR] [userlog] 当前:2023-07-24 20:32:13 用户:wwh 开始固件扫描任务:DLM-First_1MB.DLM, id:2804
07-24 20:32:13,820145 [INFOR] [userlog] 当前:2023-07-24 20:32:13 用户:wwh 创建固件扫描任务:empty, id:2805, 并未关联固件库
07-24 20:32:14,272060 [INFOR] [userlog] 当前:2023-07-24 20:32:13 用户:wwh 开始固件扫描任务:empty, id:2805
07-24 20:32:14,553327 [INFOR] [userlog] 当前:2023-07-24 20:32:14 用户:wwh 创建固件扫描任务:encoded.bin, id:2806, 并未关联固件库
07-24 20:32:14,922724 [INFOR] [userlog] 当前:2023-07-24 20:32:14 用户:wwh 开始固件扫描任务:encoded.bin, id:2806
07-24 20:32:15,175593 [INFOR] [userlog] 当前:2023-07-24 20:32:15 用户:wwh 创建固件扫描任务:ext2.img.xz, id:2807, 并未关联固件库
07-24 20:32:15,548152 [INFOR] [userlog] 当前:2023-07-24 20:32:15 用户:wwh 开始固件扫描任务:ext2.img.xz, id:2807
07-24 20:32:15,774758 [INFOR] [userlog] 当前:2023-07-24 20:32:15 用户:wwh 创建固件扫描任务:ext3.img.xz, id:2808, 并未关联固件库
07-24 20:32:16,278966 [INFOR] [userlog] 当前:2023-07-24 20:32:15 用户:wwh 开始固件扫描任务:ext3.img.xz, id:2808
07-24 20:32:16,540394 [INFOR] [userlog] 当前:2023-07-24 20:32:16 用户:wwh 创建固件扫描任务:ext4.img.xz, id:2809, 并未关联固件库
07-24 20:32:16,903764 [INFOR] [userlog] 当前:2023-07-24 20:32:16 用户:wwh 开始固件扫描任务:ext4.img.xz, id:2809
07-24 20:32:17,138895 [INFOR] [userlog] 当前:2023-07-24 20:32:17 用户:wwh 创建固件扫描任务:f2fs.img.xz, id:2810, 并未关联固件库
07-24 20:32:17,515382 [INFOR] [userlog] 当前:2023-07-24 20:32:17 用户:wwh 开始固件扫描任务:f2fs.img.xz, id:2810
07-24 20:32:17,758215 [INFOR] [userlog] 当前:2023-07-24 20:32:17 用户:wwh 创建固件扫描任务:fake.sqfs, id:2811, 并未关联固件库
07-24 20:32:18,305914 [INFOR] [userlog] 当前:2023-07-24 20:32:17 用户:wwh 开始固件扫描任务:fake.sqfs, id:2811
07-24 20:32:18,540194 [INFOR] [userlog] 当前:2023-07-24 20:32:18 用户:wwh 创建固件扫描任务:fake_7z.7z, id:2812, 并未关联固件库
07-24 20:32:18,885942 [INFOR] [userlog] 当前:2023-07-24 20:32:18 用户:wwh 开始固件扫描任务:fake_7z.7z, id:2812
07-24 20:32:19,104527 [INFOR] [userlog] 当前:2023-07-24 20:32:19 用户:wwh 创建固件扫描任务:fake_gz.gz, id:2813, 并未关联固件库
07-24 20:32:19,466695 [INFOR] [userlog] 当前:2023-07-24 20:32:19 用户:wwh 开始固件扫描任务:fake_gz.gz, id:2813
07-24 20:32:19,733971 [INFOR] [userlog] 当前:2023-07-24 20:32:19 用户:wwh 创建固件扫描任务:fake_tar.tar, id:2814, 并未关联固件库
07-24 20:32:20,186797 [INFOR] [userlog] 当前:2023-07-24 20:32:19 用户:wwh 开始固件扫描任务:fake_tar.tar, id:2814
07-24 20:32:20,434936 [INFOR] [userlog] 当前:2023-07-24 20:32:20 用户:wwh 创建固件扫描任务:fake_xz.bin, id:2815, 并未关联固件库
07-24 20:32:20,806246 [INFOR] [userlog] 当前:2023-07-24 20:32:20 用户:wwh 开始固件扫描任务:fake_xz.bin, id:2815
07-24 20:32:21,054194 [INFOR] [userlog] 当前:2023-07-24 20:32:21 用户:wwh 创建固件扫描任务:fake_xz.xz, id:2816, 并未关联固件库
07-24 20:32:21,444493 [INFOR] [userlog] 当前:2023-07-24 20:32:21 用户:wwh 开始固件扫描任务:fake_xz.xz, id:2816
07-24 20:32:21,717110 [INFOR] [userlog] 当前:2023-07-24 20:32:21 用户:wwh 创建固件扫描任务:fake_zip.zip, id:2817, 并未关联固件库
07-24 20:32:22,092060 [INFOR] [userlog] 当前:2023-07-24 20:32:21 用户:wwh 开始固件扫描任务:fake_zip.zip, id:2817
07-24 20:32:22,330362 [INFOR] [userlog] 当前:2023-07-24 20:32:22 用户:wwh 创建固件扫描任务:fat.img.xz, id:2818, 并未关联固件库
07-24 20:32:22,741183 [INFOR] [userlog] 当前:2023-07-24 20:32:22 用户:wwh 开始固件扫描任务:fat.img.xz, id:2818
07-24 20:32:22,957442 [INFOR] [userlog] 当前:2023-07-24 20:32:22 用户:wwh 创建固件扫描任务:hfs.img.xz, id:2819, 并未关联固件库
07-24 20:32:23,330565 [INFOR] [userlog] 当前:2023-07-24 20:32:23 用户:wwh 开始固件扫描任务:hfs.img.xz, id:2819
07-24 20:32:23,590397 [INFOR] [userlog] 当前:2023-07-24 20:32:23 用户:wwh 创建固件扫描任务:hp_container.pjl, id:2820, 并未关联固件库
07-24 20:32:24,047240 [INFOR] [userlog] 当前:2023-07-24 20:32:23 用户:wwh 开始固件扫描任务:hp_container.pjl, id:2820
07-24 20:32:24,280934 [INFOR] [userlog] 当前:2023-07-24 20:32:24 用户:wwh 创建固件扫描任务:hp_new_container.pjl, id:2821, 并未关联固件库
07-24 20:32:24,681887 [INFOR] [userlog] 当前:2023-07-24 20:32:24 用户:wwh 开始固件扫描任务:hp_new_container.pjl, id:2821
07-24 20:32:24,901693 [INFOR] [userlog] 当前:2023-07-24 20:32:24 用户:wwh 创建固件扫描任务:invalid_file, id:2822, 并未关联固件库
07-24 20:32:25,247631 [INFOR] [userlog] 当前:2023-07-24 20:32:24 用户:wwh 开始固件扫描任务:invalid_file, id:2822
07-24 20:32:25,526489 [INFOR] [userlog] 当前:2023-07-24 20:32:25 用户:wwh 创建固件扫描任务:jffs2_be.img, id:2823, 并未关联固件库
07-24 20:32:25,958810 [INFOR] [userlog] 当前:2023-07-24 20:32:25 用户:wwh 开始固件扫描任务:jffs2_be.img, id:2823
07-24 20:32:26,241374 [INFOR] [userlog] 当前:2023-07-24 20:32:26 用户:wwh 创建固件扫描任务:jffs2_le.img, id:2824, 并未关联固件库
07-24 20:32:26,585847 [INFOR] [userlog] 当前:2023-07-24 20:32:26 用户:wwh 开始固件扫描任务:jffs2_le.img, id:2824
07-24 20:32:26,797650 [INFOR] [userlog] 当前:2023-07-24 20:32:26 用户:wwh 创建固件扫描任务:jfs.img.xz, id:2825, 并未关联固件库
07-24 20:32:27,173346 [INFOR] [userlog] 当前:2023-07-24 20:32:26 用户:wwh 开始固件扫描任务:jfs.img.xz, id:2825
07-24 20:32:27,429156 [INFOR] [userlog] 当前:2023-07-24 20:32:27 用户:wwh 创建固件扫描任务:mbr.img.xz, id:2826, 并未关联固件库
07-24 20:32:27,816309 [INFOR] [userlog] 当前:2023-07-24 20:32:27 用户:wwh 开始固件扫描任务:mbr.img.xz, id:2826
07-24 20:32:28,072571 [INFOR] [userlog] 当前:2023-07-24 20:32:28 用户:wwh 创建固件扫描任务:minix.img.xz, id:2827, 并未关联固件库
07-24 20:32:28,481438 [INFOR] [userlog] 当前:2023-07-24 20:32:28 用户:wwh 开始固件扫描任务:minix.img.xz, id:2827
07-24 20:32:31,360927 [INFOR] [userlog] 当前:2023-07-24 20:32:31 用户:wwh 创建固件扫描任务:netgear.trx, id:2828, 并未关联固件库
07-24 20:32:31,804493 [INFOR] [userlog] 当前:2023-07-24 20:32:31 用户:wwh 开始固件扫描任务:netgear.trx, id:2828
07-24 20:32:32,048798 [INFOR] [userlog] 当前:2023-07-24 20:32:32 用户:wwh 创建固件扫描任务:nothing.bin, id:2829, 并未关联固件库
07-24 20:32:32,468506 [INFOR] [userlog] 当前:2023-07-24 20:32:32 用户:wwh 开始固件扫描任务:nothing.bin, id:2829
07-24 20:32:32,821914 [INFOR] [userlog] 当前:2023-07-24 20:32:32 用户:wwh 创建固件扫描任务:ntfs.img.xz, id:2830, 并未关联固件库
07-24 20:32:33,223490 [INFOR] [userlog] 当前:2023-07-24 20:32:32 用户:wwh 开始固件扫描任务:ntfs.img.xz, id:2830
07-24 20:32:33,489287 [INFOR] [userlog] 当前:2023-07-24 20:32:33 用户:wwh 创建固件扫描任务:objcopy.xtek, id:2831, 并未关联固件库
07-24 20:32:33,898008 [INFOR] [userlog] 当前:2023-07-24 20:32:33 用户:wwh 开始固件扫描任务:objcopy.xtek, id:2831
07-24 20:32:34,141595 [INFOR] [userlog] 当前:2023-07-24 20:32:34 用户:wwh 创建固件扫描任务:raw.bin, id:2832, 并未关联固件库
07-24 20:32:34,534865 [INFOR] [userlog] 当前:2023-07-24 20:32:34 用户:wwh 开始固件扫描任务:raw.bin, id:2832
07-24 20:32:34,782777 [INFOR] [userlog] 当前:2023-07-24 20:32:34 用户:wwh 创建固件扫描任务:reiserfs.img.xz, id:2833, 并未关联固件库
07-24 20:32:35,164684 [INFOR] [userlog] 当前:2023-07-24 20:32:34 用户:wwh 开始固件扫描任务:reiserfs.img.xz, id:2833
07-24 20:32:35,382280 [INFOR] [userlog] 当前:2023-07-24 20:32:35 用户:wwh 创建固件扫描任务:romfs.img, id:2834, 并未关联固件库
07-24 20:32:35,717501 [INFOR] [userlog] 当前:2023-07-24 20:32:35 用户:wwh 开始固件扫描任务:romfs.img, id:2834
07-24 20:32:36,030520 [INFOR] [userlog] 当前:2023-07-24 20:32:35 用户:wwh 创建固件扫描任务:sqfs.img, id:2835, 并未关联固件库
07-24 20:32:36,499784 [INFOR] [userlog] 当前:2023-07-24 20:32:36 用户:wwh 开始固件扫描任务:sqfs.img, id:2835
07-24 20:32:36,723758 [INFOR] [userlog] 当前:2023-07-24 20:32:36 用户:wwh 创建固件扫描任务:test.7z, id:2836, 并未关联固件库
07-24 20:32:37,072571 [INFOR] [userlog] 当前:2023-07-24 20:32:36 用户:wwh 开始固件扫描任务:test.7z, id:2836
07-24 20:32:37,285125 [INFOR] [userlog] 当前:2023-07-24 20:32:37 用户:wwh 创建固件扫描任务:test.arj, id:2837, 并未关联固件库
07-24 20:32:37,620072 [INFOR] [userlog] 当前:2023-07-24 20:32:37 用户:wwh 开始固件扫描任务:test.arj, id:2837
07-24 20:32:37,823389 [INFOR] [userlog] 当前:2023-07-24 20:32:37 用户:wwh 创建固件扫描任务:test.cab, id:2838, 并未关联固件库
07-24 20:32:38,238988 [INFOR] [userlog] 当前:2023-07-24 20:32:37 用户:wwh 开始固件扫描任务:test.cab, id:2838
07-24 20:32:38,510327 [INFOR] [userlog] 当前:2023-07-24 20:32:38 用户:wwh 创建固件扫描任务:test.deb, id:2839, 并未关联固件库
07-24 20:32:38,988789 [INFOR] [userlog] 当前:2023-07-24 20:32:38 用户:wwh 开始固件扫描任务:test.deb, id:2839
07-24 20:32:39,229690 [INFOR] [userlog] 当前:2023-07-24 20:32:39 用户:wwh 创建固件扫描任务:test.dec, id:2840, 并未关联固件库
07-24 20:32:39,633439 [INFOR] [userlog] 当前:2023-07-24 20:32:39 用户:wwh 开始固件扫描任务:test.dec, id:2840
07-24 20:32:40,049022 [INFOR] [userlog] 当前:2023-07-24 20:32:40 用户:wwh 创建固件扫描任务:test.dsk1, id:2841, 并未关联固件库
07-24 20:32:40,506545 [INFOR] [userlog] 当前:2023-07-24 20:32:40 用户:wwh 开始固件扫描任务:test.dsk1, id:2841
07-24 20:32:40,753270 [INFOR] [userlog] 当前:2023-07-24 20:32:40 用户:wwh 创建固件扫描任务:test.dsk_ext, id:2842, 并未关联固件库
07-24 20:32:41,113462 [INFOR] [userlog] 当前:2023-07-24 20:32:40 用户:wwh 开始固件扫描任务:test.dsk_ext, id:2842
07-24 20:32:41,318094 [INFOR] [userlog] 当前:2023-07-24 20:32:41 用户:wwh 创建固件扫描任务:test.fw, id:2843, 并未关联固件库
07-24 20:32:41,655253 [INFOR] [userlog] 当前:2023-07-24 20:32:41 用户:wwh 开始固件扫描任务:test.fw, id:2843
07-24 20:32:42,762767 [INFOR] [userlog] 当前:2023-07-24 20:32:42 用户:wwh 创建固件扫描任务:test.ros, id:2844, 并未关联固件库
07-24 20:32:43,159182 [INFOR] [userlog] 当前:2023-07-24 20:32:42 用户:wwh 开始固件扫描任务:test.ros, id:2844
07-24 20:32:43,472569 [INFOR] [userlog] 当前:2023-07-24 20:32:43 用户:wwh 创建固件扫描任务:test.sitx, id:2845, 并未关联固件库
07-24 20:32:43,954910 [INFOR] [userlog] 当前:2023-07-24 20:32:43 用户:wwh 开始固件扫描任务:test.sitx, id:2845
07-24 20:32:44,187143 [INFOR] [userlog] 当前:2023-07-24 20:32:44 用户:wwh 创建固件扫描任务:test.tar.bz2, id:2846, 并未关联固件库
07-24 20:32:44,620229 [INFOR] [userlog] 当前:2023-07-24 20:32:44 用户:wwh 开始固件扫描任务:test.tar.bz2, id:2846
07-24 20:32:44,920196 [INFOR] [userlog] 当前:2023-07-24 20:32:44 用户:wwh 创建固件扫描任务:test.tar.zip, id:2847, 并未关联固件库
07-24 20:32:45,332016 [INFOR] [userlog] 当前:2023-07-24 20:32:45 用户:wwh 开始固件扫描任务:test.tar.zip, id:2847
07-24 20:32:46,539878 [INFOR] [userlog] 当前:2023-07-24 20:32:46 用户:wwh 创建固件扫描任务:test.tpl, id:2848, 并未关联固件库
07-24 20:32:46,945663 [INFOR] [userlog] 当前:2023-07-24 20:32:46 用户:wwh 开始固件扫描任务:test.tpl, id:2848
07-24 20:32:47,659467 [INFOR] [userlog] 当前:2023-07-24 20:32:47 用户:wwh 创建固件扫描任务:test.ubifs, id:2849, 并未关联固件库
07-24 20:32:48,175909 [INFOR] [userlog] 当前:2023-07-24 20:32:47 用户:wwh 开始固件扫描任务:test.ubifs, id:2849
07-24 20:32:50,644837 [INFOR] [userlog] 当前:2023-07-24 20:32:50 用户:wwh 创建固件扫描任务:test.zlib, id:2850, 并未关联固件库
07-24 20:32:51,010606 [INFOR] [userlog] 当前:2023-07-24 20:32:50 用户:wwh 开始固件扫描任务:test.zlib, id:2850
07-24 20:32:51,229721 [INFOR] [userlog] 当前:2023-07-24 20:32:51 用户:wwh 创建固件扫描任务:test.zoo, id:2851, 并未关联固件库
07-24 20:32:51,595409 [INFOR] [userlog] 当前:2023-07-24 20:32:51 用户:wwh 开始固件扫描任务:test.zoo, id:2851
07-24 20:32:51,817396 [INFOR] [userlog] 当前:2023-07-24 20:32:51 用户:wwh 创建固件扫描任务:testfile.adobe85, id:2852, 并未关联固件库
07-24 20:32:52,271577 [INFOR] [userlog] 当前:2023-07-24 20:32:51 用户:wwh 开始固件扫描任务:testfile.adobe85, id:2852
07-24 20:32:52,537048 [INFOR] [userlog] 当前:2023-07-24 20:32:52 用户:wwh 创建固件扫描任务:testfile.hex, id:2853, 并未关联固件库
07-24 20:32:52,931032 [INFOR] [userlog] 当前:2023-07-24 20:32:52 用户:wwh 开始固件扫描任务:testfile.hex, id:2853
07-24 20:32:53,167266 [INFOR] [userlog] 当前:2023-07-24 20:32:53 用户:wwh 创建固件扫描任务:testfile.srec, id:2854, 并未关联固件库
07-24 20:32:53,526508 [INFOR] [userlog] 当前:2023-07-24 20:32:53 用户:wwh 开始固件扫描任务:testfile.srec, id:2854
07-24 20:32:53,760314 [INFOR] [userlog] 当前:2023-07-24 20:32:53 用户:wwh 创建固件扫描任务:testfile.tek, id:2855, 并未关联固件库
07-24 20:32:54,224169 [INFOR] [userlog] 当前:2023-07-24 20:32:53 用户:wwh 开始固件扫描任务:testfile.tek, id:2855
07-24 20:32:54,472926 [INFOR] [userlog] 当前:2023-07-24 20:32:54 用户:wwh 创建固件扫描任务:testfile.xtek, id:2856, 并未关联固件库
07-24 20:32:54,810922 [INFOR] [userlog] 当前:2023-07-24 20:32:54 用户:wwh 开始固件扫描任务:testfile.xtek, id:2856
07-24 20:32:55,021016 [INFOR] [userlog] 当前:2023-07-24 20:32:55 用户:wwh 创建固件扫描任务:testfile_crc.tek, id:2857, 并未关联固件库
07-24 20:32:55,390378 [INFOR] [userlog] 当前:2023-07-24 20:32:55 用户:wwh 开始固件扫描任务:testfile_crc.tek, id:2857
07-24 20:32:55,624650 [INFOR] [userlog] 当前:2023-07-24 20:32:55 用户:wwh 创建固件扫描任务:testfile_crc.xtek, id:2858, 并未关联固件库
07-24 20:32:56,014153 [INFOR] [userlog] 当前:2023-07-24 20:32:55 用户:wwh 开始固件扫描任务:testfile_crc.xtek, id:2858
07-24 20:32:56,363755 [INFOR] [userlog] 当前:2023-07-24 20:32:56 用户:wwh 创建固件扫描任务:testfile_failed_slicing.xtek, id:2859, 并未关联固件库
07-24 20:32:56,750481 [INFOR] [userlog] 当前:2023-07-24 20:32:56 用户:wwh 开始固件扫描任务:testfile_failed_slicing.xtek, id:2859
07-24 20:32:56,992505 [INFOR] [userlog] 当前:2023-07-24 20:32:56 用户:wwh 创建固件扫描任务:testfile_noS0.srec, id:2860, 并未关联固件库
07-24 20:32:57,355263 [INFOR] [userlog] 当前:2023-07-24 20:32:57 用户:wwh 开始固件扫描任务:testfile_noS0.srec, id:2860
07-24 20:32:57,575730 [INFOR] [userlog] 当前:2023-07-24 20:32:57 用户:wwh 创建固件扫描任务:testfile_rec_len_mismatch.xtek, id:2861, 并未关联固件库
07-24 20:32:58,032685 [INFOR] [userlog] 当前:2023-07-24 20:32:57 用户:wwh 开始固件扫描任务:testfile_rec_len_mismatch.xtek, id:2861
07-24 20:32:58,360850 [INFOR] [userlog] 当前:2023-07-24 20:32:58 用户:wwh 创建固件扫描任务:test_elf_normal, id:2862, 并未关联固件库
07-24 20:32:58,753363 [INFOR] [userlog] 当前:2023-07-24 20:32:58 用户:wwh 开始固件扫描任务:test_elf_normal, id:2862
07-24 20:32:59,131518 [INFOR] [userlog] 当前:2023-07-24 20:32:59 用户:wwh 创建固件扫描任务:test_elf_sfx, id:2863, 并未关联固件库
07-24 20:32:59,518139 [INFOR] [userlog] 当前:2023-07-24 20:32:59 用户:wwh 开始固件扫描任务:test_elf_sfx, id:2863
07-24 20:32:59,862058 [INFOR] [userlog] 当前:2023-07-24 20:32:59 用户:wwh 创建固件扫描任务:test_password.7z, id:2864, 并未关联固件库
07-24 20:33:00,292903 [INFOR] [userlog] 当前:2023-07-24 20:33:00 用户:wwh 开始固件扫描任务:test_password.7z, id:2864
07-24 20:33:00,554617 [INFOR] [userlog] 当前:2023-07-24 20:33:00 用户:wwh 创建固件扫描任务:test_pe_sfx, id:2865, 并未关联固件库
07-24 20:33:01,007436 [INFOR] [userlog] 当前:2023-07-24 20:33:00 用户:wwh 开始固件扫描任务:test_pe_sfx, id:2865
07-24 20:33:01,252642 [INFOR] [userlog] 当前:2023-07-24 20:33:01 用户:wwh 创建固件扫描任务:test_rsrc, id:2866, 并未关联固件库
07-24 20:33:01,626191 [INFOR] [userlog] 当前:2023-07-24 20:33:01 用户:wwh 开始固件扫描任务:test_rsrc, id:2866
07-24 20:33:01,868304 [INFOR] [userlog] 当前:2023-07-24 20:33:01 用户:wwh 创建固件扫描任务:trx.img, id:2867, 并未关联固件库
07-24 20:33:02,297654 [INFOR] [userlog] 当前:2023-07-24 20:33:01 用户:wwh 开始固件扫描任务:trx.img, id:2867
07-24 20:33:03,065547 [INFOR] [userlog] 当前:2023-07-24 20:33:02 用户:wwh 创建固件扫描任务:ubi.img, id:2868, 并未关联固件库
07-24 20:33:03,431085 [INFOR] [userlog] 当前:2023-07-24 20:33:03 用户:wwh 开始固件扫描任务:ubi.img, id:2868
07-24 20:33:03,654755 [INFOR] [userlog] 当前:2023-07-24 20:33:03 用户:wwh 创建固件扫描任务:uboot.dtb, id:2869, 并未关联固件库
07-24 20:33:04,025738 [INFOR] [userlog] 当前:2023-07-24 20:33:03 用户:wwh 开始固件扫描任务:uboot.dtb, id:2869
07-24 20:33:04,357381 [INFOR] [userlog] 当前:2023-07-24 20:33:04 用户:wwh 创建固件扫描任务:uboot.image_with_header, id:2870, 并未关联固件库
07-24 20:33:04,722432 [INFOR] [userlog] 当前:2023-07-24 20:33:04 用户:wwh 开始固件扫描任务:uboot.image_with_header, id:2870
07-24 20:33:04,959633 [INFOR] [userlog] 当前:2023-07-24 20:33:04 用户:wwh 创建固件扫描任务:udf.img.xz, id:2871, 并未关联固件库
07-24 20:33:05,339643 [INFOR] [userlog] 当前:2023-07-24 20:33:05 用户:wwh 开始固件扫描任务:udf.img.xz, id:2871
07-24 20:33:07,713051 [INFOR] [userlog] 当前:2023-07-24 20:33:07 用户:wwh 创建固件扫描任务:UEFI.CAP, id:2872, 并未关联固件库
07-24 20:33:08,098646 [INFOR] [userlog] 当前:2023-07-24 20:33:07 用户:wwh 开始固件扫描任务:UEFI.CAP, id:2872
07-24 20:33:08,377633 [INFOR] [userlog] 当前:2023-07-24 20:33:08 用户:wwh 创建固件扫描任务:update_stream.bin, id:2873, 并未关联固件库
07-24 20:33:08,744706 [INFOR] [userlog] 当前:2023-07-24 20:33:08 用户:wwh 开始固件扫描任务:update_stream.bin, id:2873
07-24 20:33:09,600570 [INFOR] [userlog] 当前:2023-07-24 20:33:09 用户:wwh 创建固件扫描任务:wr.fw, id:2874, 并未关联固件库
07-24 20:33:09,955323 [INFOR] [userlog] 当前:2023-07-24 20:33:09 用户:wwh 开始固件扫描任务:wr.fw, id:2874
07-24 20:33:10,173071 [INFOR] [userlog] 当前:2023-07-24 20:33:10 用户:wwh 创建固件扫描任务:xerox.ps, id:2875, 并未关联固件库
07-24 20:33:10,554953 [INFOR] [userlog] 当前:2023-07-24 20:33:10 用户:wwh 开始固件扫描任务:xerox.ps, id:2875
07-24 20:33:10,783198 [INFOR] [userlog] 当前:2023-07-24 20:33:10 用户:wwh 创建固件扫描任务:xfs.img.xz, id:2876, 并未关联固件库
07-24 20:33:11,184707 [INFOR] [userlog] 当前:2023-07-24 20:33:10 用户:wwh 开始固件扫描任务:xfs.img.xz, id:2876
07-24 20:33:11,420541 [INFOR] [userlog] 当前:2023-07-24 20:33:11 用户:wwh 创建固件扫描任务:yaffs2_be.img, id:2877, 并未关联固件库
07-24 20:33:11,806273 [INFOR] [userlog] 当前:2023-07-24 20:33:11 用户:wwh 开始固件扫描任务:yaffs2_be.img, id:2877
07-24 20:33:12,115586 [INFOR] [userlog] 当前:2023-07-24 20:33:12 用户:wwh 创建固件扫描任务:yaffs2_le.img, id:2878, 并未关联固件库
07-24 20:33:12,550067 [INFOR] [userlog] 当前:2023-07-24 20:33:12 用户:wwh 开始固件扫描任务:yaffs2_le.img, id:2878
07-24 21:01:19,699042 [INFOR] [userlog] 当前:2023-07-24 21:01:19 用户:cxh 下载固件扫描任务漏洞库文件:libcurl_7.17.1-1_arm.ipk, id:2318
07-24 21:01:38,120659 [INFOR] [userlog] 当前:2023-07-24 21:01:38 用户:cxh 开始生成任务:WE1N2_1000.binPDF报告

