08-01 09:43:30,909049 [INFOR] [userlog] 当前:2023-08-01 09:43:30 用户:config 登录成功
08-01 09:44:21,249258 [INFOR] [userlog] 当前:2023-08-01 09:44:21 用户:config 退出登录
08-01 09:45:00,167472 [INFOR] [userlog] 当前:2023-08-01 09:45:00 用户:config 登录成功
08-01 09:45:49,374026 [INFOR] [userlog] 当前:2023-08-01 09:45:49 用户:config 退出登录
08-01 09:46:02,751011 [INFOR] [userlog] 当前:2023-08-01 09:46:02 用户:wwh 登录成功
08-01 09:49:58,353271 [INFOR] [userlog] 当前:2023-08-01 09:49:58 用户:wt 退出登录
08-01 09:50:49,753069 [INFOR] [userlog] 当前:2023-08-01 09:50:49 用户:aaa 登录成功
08-01 09:52:19,696763 [INFOR] [userlog] 当前:2023-08-01 09:52:19 用户:admin 退出登录
08-01 09:54:55,208562 [INFOR] [userlog] 当前:2023-08-01 09:54:55 用户:aaa 登录成功
08-01 09:58:38,739133 [INFOR] [userlog] 当前:2023-08-01 09:58:38 用户:wwh 暂停固件扫描任务:337557852378103808.zip, id:3277
08-01 09:58:39,211006 [INFOR] [userlog] 当前:2023-08-01 09:58:39 用户:wwh 暂停固件扫描任务:NBD6804T-F.bin, id:3278
08-01 09:58:54,973170 [INFOR] [userlog] 当前:2023-08-01 09:58:54 用户:wwh 暂停固件扫描任务:factory-to-ddwrt(2).bin, id:3279
08-01 09:58:55,614534 [INFOR] [userlog] 当前:2023-08-01 09:58:55 用户:wwh 暂停固件扫描任务:A2Kv206.out, id:3280
08-01 09:58:56,128473 [INFOR] [userlog] 当前:2023-08-01 09:58:56 用户:wwh 暂停固件扫描任务:lj4300fw_04.019.1.rfu, id:3281
08-01 09:58:58,214606 [INFOR] [userlog] 当前:2023-08-01 09:58:58 用户:wwh 暂停固件扫描任务:miwifi_r1cl_firmware_1b415_2.12.9.bin, id:3276
08-01 09:58:58,820273 [INFOR] [userlog] 当前:2023-08-01 09:58:58 用户:wwh 暂停固件扫描任务:AFL-2.57b.zip, id:3275
08-01 09:59:00,936024 [INFOR] [userlog] 当前:2023-08-01 09:59:00 用户:wwh 暂停固件扫描任务:MA100-tftp.103j.bin, id:3274
08-01 09:59:03,073467 [INFOR] [userlog] 当前:2023-08-01 09:59:03 用户:wwh 暂停固件扫描任务:VDR-308_Ramdisk.zip, id:3272
08-01 09:59:08,240485 [INFOR] [userlog] 当前:2023-08-01 09:59:08 用户:wwh 暂停固件扫描任务:Aceex-NR22-webflash.bin, id:3291
08-01 09:59:08,971156 [INFOR] [userlog] 当前:2023-08-01 09:59:08 用户:wwh 暂停固件扫描任务:ReadySHARE_USB_Printer_MAC_V2.36.dmg, id:3290
08-01 09:59:09,517584 [INFOR] [userlog] 当前:2023-08-01 09:59:09 用户:wwh 暂停固件扫描任务:general.bin, id:3289
08-01 09:59:10,049307 [INFOR] [userlog] 当前:2023-08-01 09:59:10 用户:wwh 暂停固件扫描任务:DH_IPC-HX5XXX-Volt_Chn_PN_Stream3_V2.840.0000000.13.R.220110.bin, id:3288
08-01 09:59:10,512596 [INFOR] [userlog] 当前:2023-08-01 09:59:10 用户:wwh 暂停固件扫描任务:mtlan1.sys, id:3287
08-01 09:59:11,057225 [INFOR] [userlog] 当前:2023-08-01 09:59:11 用户:wwh 暂停固件扫描任务:samplejet_7b20130320_i386.deb, id:3286
08-01 09:59:12,053527 [INFOR] [userlog] 当前:2023-08-01 09:59:12 用户:wwh 暂停固件扫描任务:mtd1_rootfs.zip, id:3284
08-01 09:59:12,523059 [INFOR] [userlog] 当前:2023-08-01 09:59:12 用户:wwh 暂停固件扫描任务:WJ-HD300A_3.13.zip, id:3283
08-01 09:59:13,248592 [INFOR] [userlog] 当前:2023-08-01 09:59:13 用户:wwh 暂停固件扫描任务:annex_log.tgz, id:3282
08-01 09:59:53,313218 [INFOR] [userlog] 当前:2023-08-01 09:59:53 用户:wwh 删除固件扫描任务:Aceex-NR22-webflash.bin, id:3291
08-01 09:59:53,313234 [INFOR] [userlog] 当前:2023-08-01 09:59:53 用户:wwh 删除固件扫描任务:ReadySHARE_USB_Printer_MAC_V2.36.dmg, id:3290
08-01 09:59:53,313239 [INFOR] [userlog] 当前:2023-08-01 09:59:53 用户:wwh 删除固件扫描任务:general.bin, id:3289
08-01 09:59:53,313244 [INFOR] [userlog] 当前:2023-08-01 09:59:53 用户:wwh 删除固件扫描任务:DH_IPC-HX5XXX-Volt_Chn_PN_Stream3_V2.840.0000000.13.R.220110.bin, id:3288
08-01 09:59:53,313250 [INFOR] [userlog] 当前:2023-08-01 09:59:53 用户:wwh 删除固件扫描任务:mtlan1.sys, id:3287
08-01 09:59:53,313255 [INFOR] [userlog] 当前:2023-08-01 09:59:53 用户:wwh 删除固件扫描任务:samplejet_7b20130320_i386.deb, id:3286
08-01 09:59:53,313260 [INFOR] [userlog] 当前:2023-08-01 09:59:53 用户:wwh 删除固件扫描任务:mtd1_rootfs.zip, id:3284
08-01 09:59:53,313265 [INFOR] [userlog] 当前:2023-08-01 09:59:53 用户:wwh 删除固件扫描任务:WJ-HD300A_3.13.zip, id:3283
08-01 09:59:53,313270 [INFOR] [userlog] 当前:2023-08-01 09:59:53 用户:wwh 删除固件扫描任务:annex_log.tgz, id:3282
08-01 09:59:58,037544 [INFOR] [userlog] 当前:2023-08-01 09:59:58 用户:wwh 暂停固件扫描任务:ES002200.bin, id:3285
08-01 10:00:02,234308 [INFOR] [userlog] 当前:2023-08-01 10:00:02 用户:wwh 删除固件扫描任务:ES002200.bin, id:3285
08-01 10:00:02,234325 [INFOR] [userlog] 当前:2023-08-01 10:00:02 用户:wwh 删除固件扫描任务:lj4300fw_04.019.1.rfu, id:3281
08-01 10:00:02,234330 [INFOR] [userlog] 当前:2023-08-01 10:00:02 用户:wwh 删除固件扫描任务:A2Kv206.out, id:3280
08-01 10:00:02,234335 [INFOR] [userlog] 当前:2023-08-01 10:00:02 用户:wwh 删除固件扫描任务:factory-to-ddwrt(2).bin, id:3279
08-01 10:00:02,234340 [INFOR] [userlog] 当前:2023-08-01 10:00:02 用户:wwh 删除固件扫描任务:NBD6804T-F.bin, id:3278
08-01 10:00:02,234344 [INFOR] [userlog] 当前:2023-08-01 10:00:02 用户:wwh 删除固件扫描任务:337557852378103808.zip, id:3277
08-01 10:00:02,234349 [INFOR] [userlog] 当前:2023-08-01 10:00:02 用户:wwh 删除固件扫描任务:miwifi_r1cl_firmware_1b415_2.12.9.bin, id:3276
08-01 10:00:02,234354 [INFOR] [userlog] 当前:2023-08-01 10:00:02 用户:wwh 删除固件扫描任务:AFL-2.57b.zip, id:3275
08-01 10:00:02,234359 [INFOR] [userlog] 当前:2023-08-01 10:00:02 用户:wwh 删除固件扫描任务:MA100-tftp.103j.bin, id:3274
08-01 10:00:02,234363 [INFOR] [userlog] 当前:2023-08-01 10:00:02 用户:wwh 删除固件扫描任务:transmission-web_2.13-1_arm.ipk, id:3273
08-01 10:00:08,081558 [INFOR] [userlog] 当前:2023-08-01 10:00:08 用户:wwh 删除固件扫描任务:VDR-308_Ramdisk.zip, id:3272
08-01 10:00:22,090683 [INFOR] [userlog] 当前:2023-08-01 10:00:22 用户:wwh 删除固件扫描任务:Auto_Vigor2910_V3.0.6_tw.zip, id:3271
08-01 10:00:22,090700 [INFOR] [userlog] 当前:2023-08-01 10:00:22 用户:wwh 删除固件扫描任务:51110.2.1800.96.bin, id:3270
08-01 10:00:22,090706 [INFOR] [userlog] 当前:2023-08-01 10:00:22 用户:wwh 删除固件扫描任务:V204TA.GZ, id:3269
08-01 10:00:22,090712 [INFOR] [userlog] 当前:2023-08-01 10:00:22 用户:wwh 删除固件扫描任务:WE1N2_1000.bin, id:3268
08-01 10:00:22,090717 [INFOR] [userlog] 当前:2023-08-01 10:00:22 用户:wwh 删除固件扫描任务:HORA_301W_20230327-2.2.14.025.img, id:3260
08-01 10:00:22,090723 [INFOR] [userlog] 当前:2023-08-01 10:00:22 用户:wwh 删除固件扫描任务:libcurl_7.17.1-1_arm.ipk, id:3267
08-01 10:00:22,090728 [INFOR] [userlog] 当前:2023-08-01 10:00:22 用户:wwh 删除固件扫描任务:libcurl_7.17.1-1_arm.ipk, id:3262
08-01 10:00:27,369593 [INFOR] [userlog] 当前:2023-08-01 10:00:27 用户:wwh 删除固件扫描任务:TS-X16_20230629-5.1.0.2444.zip, id:3261
08-01 10:00:33,931619 [INFOR] [userlog] 当前:2023-08-01 10:00:33 用户:wwh 开始生成任务:gs418_510txp-v7.0.0.31-MIBs.zipPDF报告
08-01 10:01:17,408796 [INFOR] [userlog] 当前:2023-08-01 10:01:17 用户:wwh 删除固件扫描任务:DGND3700v2_V1.1.00.14.img, id:3263
08-01 10:01:36,289013 [INFOR] [userlog] 当前:2023-08-01 10:01:36 用户:wwh 下载了任务:gs418_510txp-v7.0.0.31-MIBs.zipPDF报告
08-01 10:06:44,576186 [INFOR] [userlog] 当前:2023-08-01 10:06:44 用户:admin 登录成功
08-01 10:29:08,444419 [INFOR] [userlog] 当前:2023-08-01 10:29:08 用户:wt 登录成功
08-01 10:30:48,672926 [INFOR] [userlog] 当前:2023-08-01 10:30:48 用户:wt 创建固件扫描任务:IPC038A02_4.3.2_0255.zip, id:3292, 并未关联固件库
08-01 10:30:56,289320 [INFOR] [userlog] 当前:2023-08-01 10:30:56 用户:wt 删除固件扫描任务:IPC038A02_4.3.2_0255.zip, id:3259
08-01 10:30:59,685466 [INFOR] [userlog] 当前:2023-08-01 10:30:59 用户:wt 开始固件扫描任务:IPC038A02_4.3.2_0255.zip, id:3292
08-01 10:33:42,919051 [INFOR] [userlog] 当前:2023-08-01 10:33:42 用户:aaa 退出登录
08-01 10:33:56,845316 [INFOR] [userlog] 当前:2023-08-01 10:33:56 用户:yscp 登录成功
08-01 10:43:20,081917 [INFOR] [userlog] 当前:2023-08-01 10:43:20 用户:wwh 退出登录
08-01 10:45:22,103250 [INFOR] [userlog] 当前:2023-08-01 10:45:21 用户:yscp 登录成功
08-01 10:46:25,557915 [INFOR] [userlog] 当前:2023-08-01 10:46:25 用户:yscp 退出登录
08-01 10:46:36,848671 [INFOR] [userlog] 当前:2023-08-01 10:46:36 用户:yscp 登录成功
08-01 10:47:58,894816 [INFOR] [userlog] 当前:2023-08-01 10:47:58 用户:yscp 登录成功
08-01 10:48:40,827024 [INFOR] [userlog] 当前:2023-08-01 10:48:40 用户:admin 退出登录
08-01 10:49:37,059250 [INFOR] [userlog] 当前:2023-08-01 10:49:36 用户:admin 登录成功
08-01 11:14:58,411372 [INFOR] [userlog] 当前:2023-08-01 11:14:58 用户:admin 登录成功
08-01 11:21:56,061961 [INFOR] [userlog] 当前:2023-08-01 11:21:55 用户:wwh 登录成功
08-01 11:24:06,089227 [INFOR] [userlog] 当前:2023-08-01 11:24:06 用户:wwh 退出登录
08-01 11:27:04,267301 [INFOR] [userlog] 当前:2023-08-01 11:27:04 用户:wwh 登录成功
08-01 11:27:27,379564 [INFOR] [userlog] 当前:2023-08-01 11:27:27 用户:wwh 删除固件扫描任务:libcrypto.so.0.9.8, id:3266
08-01 11:29:13,917738 [INFOR] [userlog] 当前:2023-08-01 11:29:13 用户:wwh 创建固件扫描任务:libcrypto.so.0.9.8, id:3293, 并未关联固件库
08-01 11:29:41,925393 [INFOR] [userlog] 当前:2023-08-01 11:29:41 用户:wwh 开始固件扫描任务:libcrypto.so.0.9.8, id:3293
08-01 11:31:05,994979 [INFOR] [userlog] 当前:2023-08-01 11:31:05 用户:wwh 下载扫描任务:Aceex-NR22-webflash.binExcel报告, id:1943
08-01 11:47:29,351760 [INFOR] [userlog] 当前:2023-08-01 11:47:29 用户:wwh 创建固件扫描任务:libcurl_7.17.1-1_arm.ipk, id:3294, 并未关联固件库
08-01 11:47:35,705067 [INFOR] [userlog] 当前:2023-08-01 11:47:35 用户:wwh 开始固件扫描任务:libcurl_7.17.1-1_arm.ipk, id:3294
08-01 13:39:07,816986 [INFOR] [userlog] 当前:2023-08-01 13:39:07 用户:wwh 创建固件扫描任务:mtd1_rootfs.zip, id:3295, 并未关联固件库
08-01 13:39:11,683266 [INFOR] [userlog] 当前:2023-08-01 13:39:11 用户:wwh 开始固件扫描任务:mtd1_rootfs.zip, id:3295
08-01 13:52:46,768388 [INFOR] [userlog] 当前:2023-08-01 13:52:46 用户:wwh 创建固件扫描任务:test_bash, id:3296, 并未关联固件库
08-01 13:52:48,954419 [INFOR] [userlog] 当前:2023-08-01 13:52:48 用户:wwh 开始固件扫描任务:test_bash, id:3296
08-01 13:54:44,131288 [INFOR] [userlog] 当前:2023-08-01 13:54:43 用户:wwh 创建固件扫描任务:A20_SD_ALL_DRIVER_V1.0.0.13.IMG, id:3297, 并未关联固件库
08-01 13:55:31,024138 [INFOR] [userlog] 当前:2023-08-01 13:55:30 用户:wwh 开始固件扫描任务:A20_SD_ALL_DRIVER_V1.0.0.13.IMG, id:3297
08-01 13:57:47,507457 [INFOR] [userlog] 当前:2023-08-01 13:57:47 用户:wwh 暂停固件扫描任务:A20_SD_ALL_DRIVER_V1.0.0.13.IMG, id:3297
08-01 13:57:47,586515 [INFOR] [userlog] 当前:2023-08-01 13:57:47 用户:wwh 删除固件扫描任务:A20_SD_ALL_DRIVER_V1.0.0.13.IMG, id:3297
08-01 13:57:47,636678 [INFOR] [userlog] 当前:2023-08-01 13:57:46 用户:wwh 创建固件扫描任务:A20_SD_ALL_DRIVER_V1.0.0.13.IMG, id:3298, 并未关联固件库
08-01 14:12:56,255880 [INFOR] [userlog] 当前:2023-08-01 14:12:56 用户:wwh 开始固件扫描任务:A20_SD_ALL_DRIVER_V1.0.0.13.IMG, id:3298
08-01 14:13:27,800364 [INFOR] [userlog] 当前:2023-08-01 14:13:27 用户:wwh 下载扫描任务:VDR-308_Ramdisk.zipExcel报告, id:3154
08-01 14:14:47,001040 [INFOR] [userlog] 当前:2023-08-01 14:14:39 用户:wwh 创建固件扫描任务:VDR-308_Ramdisk.zip, id:3299, 并未关联固件库
08-01 14:14:51,741169 [INFOR] [userlog] 当前:2023-08-01 14:14:51 用户:wwh 开始固件扫描任务:VDR-308_Ramdisk.zip, id:3299
08-01 14:16:45,757062 [INFOR] [userlog] 当前:2023-08-01 14:16:45 用户:wwh 暂停固件扫描任务:VDR-308_Ramdisk.zip, id:3299
08-01 14:16:57,057803 [INFOR] [userlog] 当前:2023-08-01 14:16:57 用户:wwh 创建固件扫描任务:transmission-web_2.13-1_arm.ipk, id:3300, 并未关联固件库
08-01 14:16:59,122057 [INFOR] [userlog] 当前:2023-08-01 14:16:58 用户:wwh 开始固件扫描任务:transmission-web_2.13-1_arm.ipk, id:3300
08-01 14:17:02,152576 [INFOR] [userlog] 当前:2023-08-01 14:17:02 用户:wwh 暂停固件扫描任务:A20_SD_ALL_DRIVER_V1.0.0.13.IMG, id:3298
08-01 14:17:17,923694 [INFOR] [userlog] 当前:2023-08-01 14:17:17 用户:wwh 创建报告对比任务:test_bash对比mtd1_rootfs.zip, id:331
08-01 14:25:26,265367 [INFOR] [userlog] 当前:2023-08-01 14:25:26 用户:yscp 退出登录
08-01 14:25:29,423483 [INFOR] [userlog] 当前:2023-08-01 14:25:29 用户:aaa 登录成功
08-01 14:25:42,565510 [INFOR] [userlog] 当前:2023-08-01 14:25:42 用户:wwh 恢复固件扫描任务:A20_SD_ALL_DRIVER_V1.0.0.13.IMG, id:3298至任务队列中
08-01 14:50:18,847365 [INFOR] [userlog] 当前:2023-08-01 14:50:18 用户:wwh 删除固件扫描任务:libcrypto.so.0.9.8, id:3293
08-01 14:50:18,868917 [INFOR] [userlog] 当前:2023-08-01 14:50:18 用户:wwh 创建固件扫描任务:libcrypto.so.0.9.8, id:3301, 并未关联固件库
08-01 14:50:20,745642 [INFOR] [userlog] 当前:2023-08-01 14:50:20 用户:wwh 开始固件扫描任务:libcrypto.so.0.9.8, id:3301
08-01 14:50:29,613155 [INFOR] [userlog] 当前:2023-08-01 14:50:29 用户:wwh 创建固件扫描任务:libcrypto.so.0.9.8, id:3302, 并未关联固件库
08-01 14:50:30,969492 [INFOR] [userlog] 当前:2023-08-01 14:50:30 用户:wwh 开始固件扫描任务:libcrypto.so.0.9.8, id:3302
08-01 15:14:25,359706 [INFOR] [userlog] 当前:2023-08-01 15:14:24 用户:wx 登录成功
08-01 15:50:38,931669 [INFOR] [userlog] 当前:2023-08-01 15:50:38 用户:aaa 退出登录
08-01 15:50:53,180213 [INFOR] [userlog] 当前:2023-08-01 15:50:53 用户:yscp 登录成功
08-01 15:58:35,897932 [INFOR] [userlog] 当前:2023-08-01 15:58:35 用户:yscp 创建固件扫描任务:2_sgc-acu_VxWorks.sys, id:3303, 并关联固件库
08-01 15:58:38,789215 [INFOR] [userlog] 当前:2023-08-01 15:58:38 用户:yscp 开始固件扫描任务:2_sgc-acu_VxWorks.sys, id:3303
08-01 16:38:03,587640 [INFOR] [userlog] 当前:2023-08-01 16:38:03 用户:yscp 开始生成任务:2_sgc-acu_VxWorks.sysPDF报告
08-01 16:38:36,288199 [INFOR] [userlog] 当前:2023-08-01 16:38:36 用户:yscp 下载了任务:2_sgc-acu_VxWorks.sysPDF报告
08-01 17:42:58,450944 [INFOR] [userlog] 当前:2023-08-01 17:42:58 用户:yscp 创建固件扫描任务:3_Threadx.rar, id:3304, 并关联固件库
08-01 17:43:00,821547 [INFOR] [userlog] 当前:2023-08-01 17:43:00 用户:yscp 开始固件扫描任务:3_Threadx.rar, id:3304
08-01 18:00:25,396880 [INFOR] [userlog] 当前:2023-08-01 18:00:25 用户:yscp 创建报告对比任务:3_Threadx.rar对比2_sgc-acu_VxWorks.sys, id:332
08-01 18:00:40,090572 [INFOR] [userlog] 当前:2023-08-01 18:00:40 用户:yscp 创建报告对比任务:3_Threadx.rar对比2_sgc-acu_VxWorks.sys, id:333
08-01 18:00:47,392405 [INFOR] [userlog] 当前:2023-08-01 18:00:47 用户:yscp 删除报告对比任务:3_Threadx.rar对比2_sgc-acu_VxWorks.sys, id:333
08-01 18:00:47,408195 [INFOR] [userlog] 当前:2023-08-01 18:00:47 用户:yscp 删除报告对比任务:3_Threadx.rar对比2_sgc-acu_VxWorks.sys, id:332
08-01 18:00:52,512490 [INFOR] [userlog] 当前:2023-08-01 18:00:52 用户:yscp 创建报告对比任务:3_Threadx.rar对比2_sgc-acu_VxWorks.sys, id:334
08-01 18:02:26,271737 [INFOR] [userlog] 当前:2023-08-01 18:02:26 用户:yscp 创建固件扫描任务:3_Threadx.rar, id:3305, 并未关联固件库
08-01 18:02:28,977496 [INFOR] [userlog] 当前:2023-08-01 18:02:28 用户:yscp 开始固件扫描任务:3_Threadx.rar, id:3305
08-01 18:03:54,451570 [INFOR] [userlog] 当前:2023-08-01 18:03:54 用户:yscp 创建报告对比任务:3_Threadx.rar对比2_sgc-acu_VxWorks.sys, id:335
08-01 18:42:19,238905 [INFOR] [userlog] 当前:2023-08-01 18:42:19 用户:wwh 登录成功
08-01 18:48:05,107585 [INFOR] [userlog] 当前:2023-08-01 18:48:05 用户:wwh 登录成功
08-01 18:48:05,836231 [INFOR] [userlog] 当前:2023-08-01 18:48:05 用户:wwh 创建报告对比任务:3_Threadx.rar对比3_Threadx.rar, id:336
08-01 18:48:05,945210 [INFOR] [userlog] 当前:2023-08-01 18:48:05 用户:wwh 登录成功
08-01 18:48:06,441931 [INFOR] [userlog] 当前:2023-08-01 18:48:06 用户:wwh 登录成功
08-01 18:48:07,081291 [INFOR] [userlog] 当前:2023-08-01 18:48:06 用户:wwh 登录成功
08-01 18:48:07,665669 [INFOR] [userlog] 当前:2023-08-01 18:48:07 用户:wwh 登录成功
08-01 18:48:08,719336 [INFOR] [userlog] 当前:2023-08-01 18:48:08 用户:wwh 创建固件扫描任务:暂停运行中的固件任务, id:3306, 并未关联固件库
08-01 18:48:09,246853 [INFOR] [userlog] 当前:2023-08-01 18:48:08 用户:wwh 开始固件扫描任务:暂停运行中的固件任务, id:3306
08-01 18:48:31,263458 [INFOR] [userlog] 当前:2023-08-01 18:48:31 用户:root 登录成功
08-01 18:48:39,731618 [INFOR] [userlog] 当前:2023-08-01 18:48:39 用户:wwh 登录成功
08-01 18:48:41,724232 [INFOR] [userlog] 当前:2023-08-01 18:48:41 用户:wwh 暂停固件扫描任务:暂停运行中的固件任务, id:3306
08-01 18:48:41,740090 [INFOR] [userlog] 当前:2023-08-01 18:48:41 用户:wwh 删除固件扫描任务:暂停运行中的固件任务, id:3306
08-01 18:48:41,754641 [INFOR] [userlog] 当前:2023-08-01 18:48:40 用户:wwh 创建固件扫描任务:暂停运行中的固件任务, id:3307, 并未关联固件库
08-01 18:48:42,260212 [INFOR] [userlog] 当前:2023-08-01 18:48:42 用户:wwh 开始固件扫描任务:暂停运行中的固件任务, id:3307
08-01 18:49:38,446823 [INFOR] [userlog] 当前:2023-08-01 18:49:38 用户:wwh 暂停固件扫描任务:暂停运行中的固件任务, id:3307
08-01 18:49:38,850418 [INFOR] [userlog] 当前:2023-08-01 18:49:38 用户:wwh 登录成功
08-01 18:49:39,902407 [INFOR] [userlog] 当前:2023-08-01 18:49:39 用户:wwh 删除固件扫描任务:暂停运行中的固件任务, id:3307
08-01 18:49:39,914920 [INFOR] [userlog] 当前:2023-08-01 18:49:39 用户:wwh 创建固件扫描任务:zsy.zip, id:3308, 并未关联固件库
08-01 18:49:40,302607 [INFOR] [userlog] 当前:2023-08-01 18:49:40 用户:wwh 登录成功
08-01 18:49:41,061310 [INFOR] [userlog] 当前:2023-08-01 18:49:41 用户:wwh 创建固件扫描任务:dsp.ko, id:3309, 并未关联固件库
08-01 18:49:41,721192 [INFOR] [userlog] 当前:2023-08-01 18:49:41 用户:wwh 开始固件扫描任务:dsp.ko, id:3309
08-01 18:49:42,136070 [INFOR] [userlog] 当前:2023-08-01 18:49:42 用户:wwh 登录成功
08-01 18:49:43,120279 [INFOR] [userlog] 当前:2023-08-01 18:49:43 用户:wwh 删除固件扫描任务:libcrypto.so.0.9.8, id:3302
08-01 18:49:43,144802 [INFOR] [userlog] 当前:2023-08-01 18:49:43 用户:wwh 创建固件扫描任务:全选插件创建任务, id:3310, 并未关联固件库
08-01 18:49:43,263638 [INFOR] [userlog] 当前:2023-08-01 18:49:43 用户:wwh 登录成功
08-01 18:49:44,372604 [INFOR] [userlog] 当前:2023-08-01 18:49:44 用户:wwh 删除固件扫描任务:libcurl_7.17.1-1_arm.ipk, id:3294
08-01 18:49:44,386798 [INFOR] [userlog] 当前:2023-08-01 18:49:44 用户:wwh 创建固件扫描任务:全选插件关联固件库, id:3311, 并关联固件库
08-01 18:49:44,503544 [INFOR] [userlog] 当前:2023-08-01 18:49:44 用户:wwh 登录成功
08-01 18:49:44,533094 [INFOR] [userlog] 当前:2023-08-01 18:49:44 用户:root 登录成功
08-01 18:49:45,045892 [INFOR] [userlog] 当前:2023-08-01 18:49:44 用户:wwh 登录成功
08-01 18:49:45,713875 [INFOR] [userlog] 当前:2023-08-01 18:49:45 用户:wwh 登录成功
08-01 18:49:46,403402 [INFOR] [userlog] 当前:2023-08-01 18:49:46 用户:wwh 登录成功
08-01 18:49:47,025422 [INFOR] [userlog] 当前:2023-08-01 18:49:46 用户:wwh 登录成功
08-01 18:49:48,064830 [INFOR] [userlog] 当前:2023-08-01 18:49:48 用户:wwh 删除固件扫描任务:全选插件关联固件库, id:3311
08-01 18:49:48,079818 [INFOR] [userlog] 当前:2023-08-01 18:49:47 用户:wwh 创建固件扫描任务:1, id:3312, 并关联固件库
08-01 18:49:48,186118 [INFOR] [userlog] 当前:2023-08-01 18:49:48 用户:wwh 登录成功
08-01 18:49:48,752168 [INFOR] [userlog] 当前:2023-08-01 18:49:48 用户:wwh 创建固件扫描任务:a, id:3313, 并未关联固件库
08-01 18:49:48,868871 [INFOR] [userlog] 当前:2023-08-01 18:49:48 用户:wwh 登录成功
08-01 18:49:49,553385 [INFOR] [userlog] 当前:2023-08-01 18:49:49 用户:wwh 删除固件扫描任务:a, id:3313
08-01 18:49:49,566061 [INFOR] [userlog] 当前:2023-08-01 18:49:49 用户:wwh 创建固件扫描任务:*, id:3314, 并未关联固件库
08-01 18:49:49,678899 [INFOR] [userlog] 当前:2023-08-01 18:49:49 用户:wwh 登录成功
08-01 18:49:50,308438 [INFOR] [userlog] 当前:2023-08-01 18:49:50 用户:wwh 创建固件扫描任务:drAW3WV2qF3JJw3odhWrrBxY0dua14FVTwZaSoH4Qz81h8NbfVdBzdjWuNrAjhK6No5PeiUHJnSQBZbk8ZtPXSXrwpfhfynwiRM, id:3315, 并未关联固件库
08-01 18:49:50,429662 [INFOR] [userlog] 当前:2023-08-01 18:49:50 用户:wwh 登录成功
08-01 18:49:51,028530 [INFOR] [userlog] 当前:2023-08-01 18:49:50 用户:wwh 登录成功
08-01 18:49:51,629008 [INFOR] [userlog] 当前:2023-08-01 18:49:51 用户:wwh 登录成功
08-01 18:49:52,290685 [INFOR] [userlog] 当前:2023-08-01 18:49:52 用户:wwh 登录成功
08-01 18:49:53,017916 [INFOR] [userlog] 当前:2023-08-01 18:49:52 用户:wwh 登录成功
08-01 18:49:53,816748 [INFOR] [userlog] 当前:2023-08-01 18:49:53 用户:wwh 登录成功
08-01 18:49:54,469879 [INFOR] [userlog] 当前:2023-08-01 18:49:54 用户:wwh 登录成功
08-01 18:49:55,216231 [INFOR] [userlog] 当前:2023-08-01 18:49:55 用户:wwh 登录成功
08-01 18:49:56,052445 [INFOR] [userlog] 当前:2023-08-01 18:49:55 用户:wwh 登录成功
08-01 18:49:56,829468 [INFOR] [userlog] 当前:2023-08-01 18:49:56 用户:wwh 登录成功
08-01 18:49:57,414524 [INFOR] [userlog] 当前:2023-08-01 18:49:57 用户:wwh 登录成功
08-01 18:49:58,057247 [INFOR] [userlog] 当前:2023-08-01 18:49:57 用户:wwh 登录成功
08-01 18:49:58,728141 [INFOR] [userlog] 当前:2023-08-01 18:49:58 用户:wwh 登录成功
08-01 18:49:59,527887 [INFOR] [userlog] 当前:2023-08-01 18:49:59 用户:wwh 创建固件扫描任务:创建任务—只勾选cwe_checker插件, id:3316, 并未关联固件库
08-01 18:49:59,636503 [INFOR] [userlog] 当前:2023-08-01 18:49:59 用户:wwh 登录成功
08-01 18:50:00,243685 [INFOR] [userlog] 当前:2023-08-01 18:50:00 用户:wwh 创建固件扫描任务:创建任务—只勾选software_components插件, id:3317, 并未关联固件库
08-01 18:50:00,370598 [INFOR] [userlog] 当前:2023-08-01 18:50:00 用户:wwh 登录成功
08-01 18:50:00,998276 [INFOR] [userlog] 当前:2023-08-01 18:50:00 用户:wwh 创建固件扫描任务:创建任务—只勾选cve_lookup插件, id:3318, 并未关联固件库
08-01 18:50:01,122013 [INFOR] [userlog] 当前:2023-08-01 18:50:01 用户:wwh 登录成功
08-01 18:50:01,769960 [INFOR] [userlog] 当前:2023-08-01 18:50:01 用户:wwh 登录成功
08-01 18:50:02,518263 [INFOR] [userlog] 当前:2023-08-01 18:50:02 用户:wwh 创建固件扫描任务:创建任务—只勾选crypto_hints插件, id:3319, 并未关联固件库
08-01 18:50:02,636776 [INFOR] [userlog] 当前:2023-08-01 18:50:02 用户:wwh 登录成功
08-01 18:50:03,214074 [INFOR] [userlog] 当前:2023-08-01 18:50:03 用户:wwh 创建固件扫描任务:创建任务—只勾选elf_analysis插件, id:3320, 并未关联固件库
08-01 18:50:03,337549 [INFOR] [userlog] 当前:2023-08-01 18:50:03 用户:wwh 登录成功
08-01 18:50:03,989663 [INFOR] [userlog] 当前:2023-08-01 18:50:03 用户:wwh 创建固件扫描任务:创建任务—只勾选ip_and_uri_finder插件, id:3321, 并未关联固件库
08-01 18:50:04,097297 [INFOR] [userlog] 当前:2023-08-01 18:50:04 用户:wwh 登录成功
08-01 18:50:04,750875 [INFOR] [userlog] 当前:2023-08-01 18:50:04 用户:wwh 创建固件扫描任务:创建任务—只勾选users_and_passwords插件, id:3322, 并未关联固件库
08-01 18:50:04,867020 [INFOR] [userlog] 当前:2023-08-01 18:50:04 用户:wwh 登录成功
08-01 18:50:05,527445 [INFOR] [userlog] 当前:2023-08-01 18:50:05 用户:wwh 创建固件扫描任务:创建任务—只勾选elf_checksec插件, id:3323, 并未关联固件库
08-01 18:50:05,638250 [INFOR] [userlog] 当前:2023-08-01 18:50:05 用户:wwh 登录成功
08-01 18:50:06,483003 [INFOR] [userlog] 当前:2023-08-01 18:50:06 用户:wwh 创建固件扫描任务:创建任务—不勾选elf_checksec插件, id:3324, 并未关联固件库
08-01 18:50:06,600655 [INFOR] [userlog] 当前:2023-08-01 18:50:06 用户:wwh 登录成功
08-01 18:50:07,475061 [INFOR] [userlog] 当前:2023-08-01 18:50:07 用户:wwh 创建固件扫描任务:创建任务—不勾选users_and_passwords插件, id:3325, 并未关联固件库
08-01 18:50:07,592394 [INFOR] [userlog] 当前:2023-08-01 18:50:07 用户:wwh 登录成功
08-01 18:50:08,291407 [INFOR] [userlog] 当前:2023-08-01 18:50:08 用户:wwh 创建固件扫描任务:创建任务—不勾选ip_and_uri_finder插件, id:3326, 并未关联固件库
08-01 18:50:08,400429 [INFOR] [userlog] 当前:2023-08-01 18:50:08 用户:wwh 登录成功
08-01 18:50:09,323042 [INFOR] [userlog] 当前:2023-08-01 18:50:09 用户:wwh 创建固件扫描任务:创建任务—不勾选elf_analysis插件, id:3327, 并未关联固件库
08-01 18:50:09,446974 [INFOR] [userlog] 当前:2023-08-01 18:50:09 用户:wwh 登录成功
08-01 18:50:10,287210 [INFOR] [userlog] 当前:2023-08-01 18:50:10 用户:wwh 创建固件扫描任务:创建任务—不勾选crypto_hints插件, id:3328, 并未关联固件库
08-01 18:50:10,406981 [INFOR] [userlog] 当前:2023-08-01 18:50:10 用户:wwh 登录成功
08-01 18:50:11,125787 [INFOR] [userlog] 当前:2023-08-01 18:50:11 用户:wwh 创建固件扫描任务:创建任务—不勾选cve_lookup插件, id:3329, 并未关联固件库
08-01 18:50:11,281823 [INFOR] [userlog] 当前:2023-08-01 18:50:11 用户:wwh 登录成功
08-01 18:50:12,079694 [INFOR] [userlog] 当前:2023-08-01 18:50:12 用户:wwh 创建固件扫描任务:创建任务—不勾选software_components插件, id:3330, 并未关联固件库
08-01 18:50:12,207617 [INFOR] [userlog] 当前:2023-08-01 18:50:12 用户:wwh 登录成功
08-01 18:50:13,461262 [INFOR] [userlog] 当前:2023-08-01 18:50:13 用户:wwh 删除固件扫描任务:全选插件创建任务, id:3310
08-01 18:50:13,484839 [INFOR] [userlog] 当前:2023-08-01 18:50:13 用户:wwh 创建固件扫描任务:1, id:3331, 并关联固件库
08-01 18:50:13,593323 [INFOR] [userlog] 当前:2023-08-01 18:50:13 用户:wwh 登录成功
08-01 18:50:14,578437 [INFOR] [userlog] 当前:2023-08-01 18:50:14 用户:wwh 登录成功
08-01 18:50:15,872792 [INFOR] [userlog] 当前:2023-08-01 18:50:15 用户:wwh 删除固件扫描任务:1, id:3331
08-01 18:50:15,884373 [INFOR] [userlog] 当前:2023-08-01 18:50:15 用户:wwh 创建固件扫描任务:a, id:3332, 并关联固件库
08-01 18:50:15,994925 [INFOR] [userlog] 当前:2023-08-01 18:50:15 用户:wwh 登录成功
08-01 18:50:17,138850 [INFOR] [userlog] 当前:2023-08-01 18:50:17 用户:wwh 删除固件扫描任务:a, id:3332
08-01 18:50:17,219474 [INFOR] [userlog] 当前:2023-08-01 18:50:17 用户:wwh 创建固件扫描任务:*, id:3333, 并关联固件库
08-01 18:50:17,348564 [INFOR] [userlog] 当前:2023-08-01 18:50:17 用户:wwh 登录成功
08-01 18:50:18,569817 [INFOR] [userlog] 当前:2023-08-01 18:50:18 用户:wwh 删除固件扫描任务:*, id:3333
08-01 18:50:18,586567 [INFOR] [userlog] 当前:2023-08-01 18:50:18 用户:wwh 创建固件扫描任务:bSCJlOivwU8GphJwxJRb9l3PDyfpvay9dTvG8FXWpmd99pjKsIhlXjhyzygH1Jw4nMWrEhUAG9H4hdnm9Is7ZgXVmndkxpo0uqB, id:3334, 并关联固件库
08-01 18:50:18,691340 [INFOR] [userlog] 当前:2023-08-01 18:50:18 用户:wwh 登录成功
08-01 18:50:19,902042 [INFOR] [userlog] 当前:2023-08-01 18:50:19 用户:wwh 删除固件扫描任务:bSCJlOivwU8GphJwxJRb9l3PDyfpvay9dTvG8FXWpmd99pjKsIhlXjhyzygH1Jw4nMWrEhUAG9H4hdnm9Is7ZgXVmndkxpo0uqB, id:3334
08-01 18:50:19,913329 [INFOR] [userlog] 当前:2023-08-01 18:50:19 用户:wwh 创建固件扫描任务:kYWGxCCON8rwZN9bSbzVV7ODEtNdqr9IBedhb7qj401nHJtUxaDIOfiLaa3HQ0lhjmuXBIibU4Huq4eFt4Z3ddB1ItP4Be2FZk7, id:3335, 并关联固件库
08-01 18:50:20,017728 [INFOR] [userlog] 当前:2023-08-01 18:50:19 用户:wwh 登录成功
08-01 18:50:20,840274 [INFOR] [userlog] 当前:2023-08-01 18:50:20 用户:wwh 登录成功
08-01 18:50:21,624370 [INFOR] [userlog] 当前:2023-08-01 18:50:21 用户:wwh 登录成功
08-01 18:50:22,400402 [INFOR] [userlog] 当前:2023-08-01 18:50:22 用户:wwh 登录成功
08-01 18:50:23,208000 [INFOR] [userlog] 当前:2023-08-01 18:50:23 用户:wwh 登录成功
08-01 18:50:23,981232 [INFOR] [userlog] 当前:2023-08-01 18:50:23 用户:wwh 登录成功
08-01 18:50:24,794871 [INFOR] [userlog] 当前:2023-08-01 18:50:24 用户:wwh 登录成功
08-01 18:50:25,657448 [INFOR] [userlog] 当前:2023-08-01 18:50:25 用户:wwh 登录成功
08-01 18:50:26,418501 [INFOR] [userlog] 当前:2023-08-01 18:50:26 用户:wwh 登录成功
08-01 18:50:27,185516 [INFOR] [userlog] 当前:2023-08-01 18:50:27 用户:wwh 登录成功
08-01 18:50:28,098187 [INFOR] [userlog] 当前:2023-08-01 18:50:28 用户:wwh 登录成功
08-01 18:50:29,200391 [INFOR] [userlog] 当前:2023-08-01 18:50:29 用户:wwh 登录成功
08-01 18:50:30,206287 [INFOR] [userlog] 当前:2023-08-01 18:50:30 用户:wwh 登录成功
08-01 18:50:31,060870 [INFOR] [userlog] 当前:2023-08-01 18:50:30 用户:wwh 登录成功
08-01 18:50:31,858349 [INFOR] [userlog] 当前:2023-08-01 18:50:31 用户:wwh 登录成功
08-01 18:50:33,105153 [INFOR] [userlog] 当前:2023-08-01 18:50:33 用户:wwh 登录成功
08-01 18:50:34,450892 [INFOR] [userlog] 当前:2023-08-01 18:50:34 用户:wwh 登录成功
08-01 18:50:35,342873 [INFOR] [userlog] 当前:2023-08-01 18:50:35 用户:wwh 登录成功
08-01 18:50:36,557804 [INFOR] [userlog] 当前:2023-08-01 18:50:36 用户:wwh 登录成功
08-01 18:50:37,765154 [INFOR] [userlog] 当前:2023-08-01 18:50:37 用户:wwh 登录成功
08-01 18:50:38,975836 [INFOR] [userlog] 当前:2023-08-01 18:50:38 用户:wwh 登录成功
08-01 18:50:40,164725 [INFOR] [userlog] 当前:2023-08-01 18:50:40 用户:wwh 登录成功
08-01 18:50:41,505110 [INFOR] [userlog] 当前:2023-08-01 18:50:41 用户:wwh 登录成功
08-01 18:50:41,872446 [INFOR] [userlog] 当前:2023-08-01 18:50:41 用户:wwh 删除报告对比任务:3_Threadx.rar对比3_Threadx.rar, id:336
08-01 18:50:41,992713 [INFOR] [userlog] 当前:2023-08-01 18:50:41 用户:wwh 登录成功
08-01 18:50:42,659102 [INFOR] [userlog] 当前:2023-08-01 18:50:42 用户:wwh 创建报告对比任务:3_Threadx.rar对比3_Threadx.rar, id:337
08-01 18:50:42,962982 [INFOR] [userlog] 当前:2023-08-01 18:50:42 用户:wwh 创建报告对比任务:3_Threadx.rar对比3_Threadx.rar, id:338
08-01 18:50:43,042152 [INFOR] [userlog] 当前:2023-08-01 18:50:43 用户:wwh 删除报告对比任务:3_Threadx.rar对比3_Threadx.rar, id:338
08-01 18:50:43,057073 [INFOR] [userlog] 当前:2023-08-01 18:50:43 用户:wwh 删除报告对比任务:3_Threadx.rar对比3_Threadx.rar, id:337
08-01 18:50:43,180004 [INFOR] [userlog] 当前:2023-08-01 18:50:43 用户:wwh 登录成功
08-01 18:50:43,512623 [INFOR] [userlog] 当前:2023-08-01 18:50:43 用户:wwh 登录成功
08-01 18:50:43,850847 [INFOR] [userlog] 当前:2023-08-01 18:50:43 用户:wwh 登录成功
08-01 18:50:45,274200 [INFOR] [userlog] 当前:2023-08-01 18:50:45 用户:wwh 创建固件扫描任务:zsy.zip, id:3336, 并关联固件库
08-01 18:50:45,442308 [INFOR] [userlog] 当前:2023-08-01 18:50:45 用户:wwh 登录成功
08-01 18:50:46,409010 [INFOR] [userlog] 当前:2023-08-01 18:50:46 用户:wwh 删除固件扫描任务:zsy.zip, id:3308
08-01 18:50:46,423049 [INFOR] [userlog] 当前:2023-08-01 18:50:46 用户:wwh 创建固件扫描任务:zsy.zip, id:3337, 并未关联固件库
08-01 18:50:46,462043 [INFOR] [userlog] 当前:2023-08-01 18:50:46 用户:wwh 删除固件扫描任务:zsy.zip, id:3336
08-01 18:50:46,462059 [INFOR] [userlog] 当前:2023-08-01 18:50:46 用户:wwh 删除固件扫描任务:zsy.zip, id:3337
08-01 18:50:46,579481 [INFOR] [userlog] 当前:2023-08-01 18:50:46 用户:wwh 登录成功
08-01 18:50:46,947620 [INFOR] [userlog] 当前:2023-08-01 18:50:46 用户:wwh 登录成功
08-01 18:50:47,298161 [INFOR] [userlog] 当前:2023-08-01 18:50:47 用户:wwh 登录成功
08-01 18:50:47,656904 [INFOR] [userlog] 当前:2023-08-01 18:50:47 用户:wwh 登录成功
08-01 18:50:48,630990 [INFOR] [userlog] 当前:2023-08-01 18:50:48 用户:wwh 创建固件扫描任务:zsy.zip, id:3338, 并未关联固件库
08-01 18:50:49,140240 [INFOR] [userlog] 当前:2023-08-01 18:50:48 用户:wwh 开始固件扫描任务:zsy.zip, id:3338
08-01 18:50:49,271633 [INFOR] [userlog] 当前:2023-08-01 18:50:49 用户:wwh 登录成功
08-01 18:50:49,866751 [INFOR] [userlog] 当前:2023-08-01 18:50:49 用户:wwh 删除固件扫描任务:*, id:3314
08-01 18:50:49,878714 [INFOR] [userlog] 当前:2023-08-01 18:50:49 用户:wwh 创建固件扫描任务:libcurl_7.17.1-1_arm.ipk, id:3339, 并未关联固件库
08-01 18:50:50,434704 [INFOR] [userlog] 当前:2023-08-01 18:50:50 用户:wwh 开始固件扫描任务:libcurl_7.17.1-1_arm.ipk, id:3339
08-01 18:50:50,597235 [INFOR] [userlog] 当前:2023-08-01 18:50:50 用户:wwh 登录成功
08-01 18:50:51,227099 [INFOR] [userlog] 当前:2023-08-01 18:50:51 用户:wwh 暂停固件扫描任务:libcurl_7.17.1-1_arm.ipk, id:3339
08-01 18:50:51,246022 [INFOR] [userlog] 当前:2023-08-01 18:50:51 用户:wwh 删除固件扫描任务:libcurl_7.17.1-1_arm.ipk, id:3339
08-01 18:50:51,258125 [INFOR] [userlog] 当前:2023-08-01 18:50:51 用户:wwh 创建固件扫描任务:libcurl_7.17.1-1_arm.ipk, id:3340, 并未关联固件库
08-01 18:50:51,882325 [INFOR] [userlog] 当前:2023-08-01 18:50:51 用户:wwh 开始固件扫描任务:libcurl_7.17.1-1_arm.ipk, id:3340
08-01 18:50:51,907957 [INFOR] [userlog] 当前:2023-08-01 18:50:51 用户:wwh 暂停固件扫描任务:libcurl_7.17.1-1_arm.ipk, id:3340
08-01 18:50:51,935068 [INFOR] [userlog] 当前:2023-08-01 18:50:51 用户:wwh 删除固件扫描任务:libcurl_7.17.1-1_arm.ipk, id:3340
08-01 18:50:52,048264 [INFOR] [userlog] 当前:2023-08-01 18:50:51 用户:wwh 登录成功
08-01 18:50:53,736732 [INFOR] [userlog] 当前:2023-08-01 18:50:53 用户:wwh 暂停固件扫描任务:dsp.ko, id:3309
08-01 18:50:53,752317 [INFOR] [userlog] 当前:2023-08-01 18:50:53 用户:wwh 删除固件扫描任务:dsp.ko, id:3309
08-01 18:50:53,764161 [INFOR] [userlog] 当前:2023-08-01 18:50:52 用户:wwh 创建固件扫描任务:dsp.ko, id:3341, 并未关联固件库
08-01 18:50:54,271316 [INFOR] [userlog] 当前:2023-08-01 18:50:54 用户:wwh 开始固件扫描任务:dsp.ko, id:3341
08-01 18:50:54,333531 [INFOR] [userlog] 当前:2023-08-01 18:50:54 用户:wwh 删除固件扫描任务:dsp.ko, id:2884
08-01 18:50:54,456483 [INFOR] [userlog] 当前:2023-08-01 18:50:54 用户:wwh 登录成功
08-01 18:50:54,880562 [INFOR] [userlog] 当前:2023-08-01 18:50:54 用户:wwh 登录成功
08-01 18:50:55,285420 [INFOR] [userlog] 当前:2023-08-01 18:50:55 用户:wwh 登录成功
08-01 18:50:55,672734 [INFOR] [userlog] 当前:2023-08-01 18:50:55 用户:wwh 登录成功
08-01 18:50:56,155816 [INFOR] [userlog] 当前:2023-08-01 18:50:56 用户:wwh 登录成功
08-01 18:50:56,555468 [INFOR] [userlog] 当前:2023-08-01 18:50:56 用户:wwh 登录成功
