07-28 09:32:21,073397 [INFOR] [userlog] 当前:2023-07-28 09:32:20 用户:cxh 登录成功
07-28 09:32:24,224729 [INFOR] [userlog] 当前:2023-07-28 09:32:24 用户:cxh 退出登录
07-28 09:32:27,322501 [INFOR] [userlog] 当前:2023-07-28 09:32:27 用户:config 登录成功
07-28 09:32:48,431880 [INFOR] [userlog] 当前:2023-07-28 09:32:48 用户:config 退出登录
07-28 09:32:54,815325 [INFOR] [userlog] 当前:2023-07-28 09:32:54 用户:wwh 登录成功
07-28 09:33:53,407966 [INFOR] [userlog] 当前:2023-07-28 09:33:52 用户:wwh 删除固件扫描任务:SCM6JIZHONG.hex, id:3052
07-28 09:33:53,407980 [INFOR] [userlog] 当前:2023-07-28 09:33:52 用户:wwh 删除固件扫描任务:SCM6JIZHONG.hex, id:3051
07-28 09:33:53,407984 [INFOR] [userlog] 当前:2023-07-28 09:33:52 用户:wwh 删除固件扫描任务:SCM6JIZHONG.hex, id:3050
07-28 09:33:53,407988 [INFOR] [userlog] 当前:2023-07-28 09:33:52 用户:wwh 删除固件扫描任务:SCM6JIZHONG.hex, id:3049
07-28 09:33:53,407991 [INFOR] [userlog] 当前:2023-07-28 09:33:52 用户:wwh 删除固件扫描任务:SCM6JIZHONG.hex, id:3048
07-28 09:33:53,407995 [INFOR] [userlog] 当前:2023-07-28 09:33:52 用户:wwh 删除固件扫描任务:SCM6JIZHONG.hex, id:3047
07-28 09:33:53,407998 [INFOR] [userlog] 当前:2023-07-28 09:33:52 用户:wwh 删除固件扫描任务:SCM6JIZHONG.hex, id:3046
07-28 09:33:53,408002 [INFOR] [userlog] 当前:2023-07-28 09:33:52 用户:wwh 删除固件扫描任务:SCM6JIZHONG.hex, id:3045
07-28 09:33:53,408006 [INFOR] [userlog] 当前:2023-07-28 09:33:52 用户:wwh 删除固件扫描任务:SCM6JIZHONG.hex, id:3044
07-28 09:33:53,408009 [INFOR] [userlog] 当前:2023-07-28 09:33:52 用户:wwh 删除固件扫描任务:SCM6JIZHONG.hex, id:3043
07-28 09:33:58,849719 [INFOR] [userlog] 当前:2023-07-28 09:33:58 用户:wwh 删除固件扫描任务:SCM6JIZHONG.hex, id:3042
07-28 09:33:58,849732 [INFOR] [userlog] 当前:2023-07-28 09:33:58 用户:wwh 删除固件扫描任务:SCM6JIZHONG.hex, id:3041
07-28 09:33:58,849735 [INFOR] [userlog] 当前:2023-07-28 09:33:58 用户:wwh 删除固件扫描任务:SCM6JIZHONG.hex, id:3040
07-28 09:33:58,849739 [INFOR] [userlog] 当前:2023-07-28 09:33:58 用户:wwh 删除固件扫描任务:SCM6JIZHONG.hex, id:3039
07-28 09:34:43,070549 [INFOR] [userlog] 当前:2023-07-28 09:34:43 用户:wwh 退出登录
07-28 09:34:46,010756 [INFOR] [userlog] 当前:2023-07-28 09:34:45 用户:cxh 登录成功
07-28 09:44:20,404433 [INFOR] [userlog] 当前:2023-07-28 09:44:20 用户:cxh 开始生成任务:WJ-HD300A_3.13.zipPDF报告
07-28 09:44:52,975356 [INFOR] [userlog] 当前:2023-07-28 09:44:52 用户:cxh 下载了任务:WJ-HD300A_3.13.zipPDF报告
07-28 09:46:15,144611 [INFOR] [userlog] 当前:2023-07-28 09:46:15 用户:cxh 开始生成任务:miwifi_r1cl_firmware_1b415_2.12.9.binPDF报告
07-28 09:48:53,053778 [INFOR] [userlog] 当前:2023-07-28 09:48:53 用户:cxh 下载了任务:miwifi_r1cl_firmware_1b415_2.12.9.binPDF报告
07-28 09:51:04,563226 [INFOR] [userlog] 当前:2023-07-28 09:51:04 用户:cxh 开始生成任务:VDR-308_Ramdisk .zipPDF报告
07-28 09:51:52,797081 [INFOR] [userlog] 当前:2023-07-28 09:51:52 用户:cxh 下载了任务:VDR-308_Ramdisk .zipPDF报告
07-28 09:52:26,273885 [INFOR] [userlog] 当前:2023-07-28 09:52:26 用户:admin 登录成功
07-28 09:59:24,915779 [INFOR] [userlog] 当前:2023-07-28 09:59:24 用户:wx 登录成功
07-28 09:59:46,402405 [INFOR] [userlog] 当前:2023-07-28 09:59:46 用户:wx 退出登录
07-28 10:04:14,075953 [INFOR] [userlog] 当前:2023-07-28 10:04:14 用户:wt 创建固件扫描任务:VDR-308_Ramdisk.zip, id:3129, 并未关联固件库
07-28 10:04:15,878593 [INFOR] [userlog] 当前:2023-07-28 10:04:15 用户:wt 开始固件扫描任务:VDR-308_Ramdisk.zip, id:3129
07-28 10:08:54,615752 [INFOR] [userlog] 当前:2023-07-28 10:08:54 用户:wt 退出登录
07-28 10:09:01,672348 [INFOR] [userlog] 当前:2023-07-28 10:09:01 用户:wt 登录成功
07-28 10:09:43,586934 [INFOR] [userlog] 当前:2023-07-28 10:09:43 用户:admin 登录成功
07-28 10:15:36,257155 [INFOR] [userlog] 当前:2023-07-28 10:15:36 用户:wx 登录成功
07-28 10:17:18,387779 [INFOR] [userlog] 当前:2023-07-28 10:17:18 用户:wx 退出登录
07-28 10:21:59,326956 [INFOR] [userlog] 当前:2023-07-28 10:21:59 用户:cxh 暂停固件扫描任务:uVxWorks, id:3121
07-28 10:23:18,056213 [INFOR] [userlog] 当前:2023-07-28 10:23:17 用户:cxh 删除固件扫描任务:远传带电指示器.hex, id:2927
07-28 10:23:18,056231 [INFOR] [userlog] 当前:2023-07-28 10:23:17 用户:cxh 删除固件扫描任务:M-20140708.hex, id:2926
07-28 10:23:18,056236 [INFOR] [userlog] 当前:2023-07-28 10:23:17 用户:cxh 删除固件扫描任务:CC2530_Card.hex, id:2925
07-28 10:23:18,056242 [INFOR] [userlog] 当前:2023-07-28 10:23:17 用户:cxh 删除固件扫描任务:机械特性采集程序, id:2924
07-28 10:23:18,056247 [INFOR] [userlog] 当前:2023-07-28 10:23:17 用户:cxh 删除固件扫描任务:机械特性采集器.hex, id:2923
07-28 10:23:18,056252 [INFOR] [userlog] 当前:2023-07-28 10:23:17 用户:cxh 删除固件扫描任务:防爆盒固件-cable_proof_app_V206.hex, id:2921
07-28 10:23:18,056257 [INFOR] [userlog] 当前:2023-07-28 10:23:17 用户:cxh 删除固件扫描任务:标准数据集中器.hex, id:2920
07-28 10:23:18,056262 [INFOR] [userlog] 当前:2023-07-28 10:23:17 用户:cxh 删除固件扫描任务:ArresterOnLine.hex, id:2919
07-28 10:23:18,056267 [INFOR] [userlog] 当前:2023-07-28 10:23:17 用户:cxh 删除固件扫描任务:bileiqi_monitor, id:2918
07-28 10:23:22,755913 [INFOR] [userlog] 当前:2023-07-28 10:23:22 用户:cxh 删除固件扫描任务:sf6, id:2917
07-28 10:23:38,741798 [INFOR] [userlog] 当前:2023-07-28 10:23:38 用户:cxh 删除固件扫描任务:SCM6JIZHONG.hex, id:3055
07-28 10:23:38,741813 [INFOR] [userlog] 当前:2023-07-28 10:23:38 用户:cxh 删除固件扫描任务:SCM6JIZHONG.hex, id:3054
07-28 10:23:38,741818 [INFOR] [userlog] 当前:2023-07-28 10:23:38 用户:cxh 删除固件扫描任务:SCM6JIZHONG.hex, id:3053
07-28 10:25:18,868423 [INFOR] [userlog] 当前:2023-07-28 10:25:18 用户:root 登录成功
07-28 10:25:30,509484 [INFOR] [userlog] 当前:2023-07-28 10:25:30 用户:root 创建固件扫描任务:sf6, id:3130, 并未关联固件库
07-28 10:25:30,855967 [INFOR] [userlog] 当前:2023-07-28 10:25:30 用户:root 开始固件扫描任务:sf6, id:3130
07-28 10:25:36,479422 [INFOR] [userlog] 当前:2023-07-28 10:25:36 用户:root 创建固件扫描任务:bileiqi_monitor, id:3131, 并未关联固件库
07-28 10:25:36,830156 [INFOR] [userlog] 当前:2023-07-28 10:25:36 用户:root 开始固件扫描任务:bileiqi_monitor, id:3131
07-28 10:25:37,272899 [INFOR] [userlog] 当前:2023-07-28 10:25:37 用户:root 创建固件扫描任务:ArresterOnLine.hex, id:3132, 并未关联固件库
07-28 10:25:37,627418 [INFOR] [userlog] 当前:2023-07-28 10:25:37 用户:root 开始固件扫描任务:ArresterOnLine.hex, id:3132
07-28 10:25:38,115936 [INFOR] [userlog] 当前:2023-07-28 10:25:38 用户:root 创建固件扫描任务:标准数据集中器.hex, id:3133, 并未关联固件库
07-28 10:25:38,460684 [INFOR] [userlog] 当前:2023-07-28 10:25:38 用户:root 开始固件扫描任务:标准数据集中器.hex, id:3133
07-28 10:25:38,882241 [INFOR] [userlog] 当前:2023-07-28 10:25:38 用户:root 创建固件扫描任务:防爆盒固件-cable_proof_app_V206.hex, id:3134, 并未关联固件库
07-28 10:25:39,237527 [INFOR] [userlog] 当前:2023-07-28 10:25:38 用户:root 开始固件扫描任务:防爆盒固件-cable_proof_app_V206.hex, id:3134
07-28 10:25:39,683356 [INFOR] [userlog] 当前:2023-07-28 10:25:39 用户:root 创建固件扫描任务:SCM6JIZHONG.hex, id:3135, 并未关联固件库
07-28 10:25:40,055273 [INFOR] [userlog] 当前:2023-07-28 10:25:39 用户:root 开始固件扫描任务:SCM6JIZHONG.hex, id:3135
07-28 10:25:40,588831 [INFOR] [userlog] 当前:2023-07-28 10:25:40 用户:root 创建固件扫描任务:机械特性采集器.hex, id:3136, 并未关联固件库
07-28 10:25:40,932267 [INFOR] [userlog] 当前:2023-07-28 10:25:40 用户:root 开始固件扫描任务:机械特性采集器.hex, id:3136
07-28 10:25:41,537472 [INFOR] [userlog] 当前:2023-07-28 10:25:41 用户:root 创建固件扫描任务:机械特性采集程序, id:3137, 并未关联固件库
07-28 10:25:41,890846 [INFOR] [userlog] 当前:2023-07-28 10:25:41 用户:root 开始固件扫描任务:机械特性采集程序, id:3137
07-28 10:25:42,238891 [INFOR] [userlog] 当前:2023-07-28 10:25:42 用户:root 创建固件扫描任务:CC2530_Card.hex, id:3138, 并未关联固件库
07-28 10:25:42,610767 [INFOR] [userlog] 当前:2023-07-28 10:25:42 用户:root 开始固件扫描任务:CC2530_Card.hex, id:3138
07-28 10:25:42,958753 [INFOR] [userlog] 当前:2023-07-28 10:25:42 用户:root 创建固件扫描任务:M-20140708.hex, id:3139, 并未关联固件库
07-28 10:25:43,306273 [INFOR] [userlog] 当前:2023-07-28 10:25:43 用户:root 开始固件扫描任务:M-20140708.hex, id:3139
07-28 10:25:43,667499 [INFOR] [userlog] 当前:2023-07-28 10:25:43 用户:root 创建固件扫描任务:远传带电指示器.hex, id:3140, 并未关联固件库
07-28 10:25:44,039055 [INFOR] [userlog] 当前:2023-07-28 10:25:43 用户:root 开始固件扫描任务:远传带电指示器.hex, id:3140
07-28 10:30:38,276120 [INFOR] [userlog] 当前:2023-07-28 10:30:38 用户:root 登录成功
07-28 10:30:38,738302 [INFOR] [userlog] 当前:2023-07-28 10:30:38 用户:root 创建固件扫描任务:Fx_Dual_Instance.bin, id:3141, 并未关联固件库
07-28 10:30:39,079990 [INFOR] [userlog] 当前:2023-07-28 10:30:38 用户:root 开始固件扫描任务:Fx_Dual_Instance.bin, id:3141
07-28 10:30:40,386828 [INFOR] [userlog] 当前:2023-07-28 10:30:40 用户:root 创建固件扫描任务:Fx_Dual_Instance.elf, id:3142, 并未关联固件库
07-28 10:30:40,706450 [INFOR] [userlog] 当前:2023-07-28 10:30:40 用户:root 开始固件扫描任务:Fx_Dual_Instance.elf, id:3142
07-28 10:30:41,073069 [INFOR] [userlog] 当前:2023-07-28 10:30:41 用户:root 创建固件扫描任务:Fx_Dual_Instance.bin, id:3143, 并未关联固件库
07-28 10:30:41,407424 [INFOR] [userlog] 当前:2023-07-28 10:30:41 用户:root 开始固件扫描任务:Fx_Dual_Instance.bin, id:3143
07-28 10:30:42,373371 [INFOR] [userlog] 当前:2023-07-28 10:30:42 用户:root 创建固件扫描任务:Fx_Dual_Instance.elf, id:3144, 并未关联固件库
07-28 10:30:42,703973 [INFOR] [userlog] 当前:2023-07-28 10:30:42 用户:root 开始固件扫描任务:Fx_Dual_Instance.elf, id:3144
07-28 10:30:43,023112 [INFOR] [userlog] 当前:2023-07-28 10:30:43 用户:root 创建固件扫描任务:debug.bin, id:3145, 并未关联固件库
07-28 10:30:43,340412 [INFOR] [userlog] 当前:2023-07-28 10:30:43 用户:root 开始固件扫描任务:debug.bin, id:3145
07-28 10:30:43,714835 [INFOR] [userlog] 当前:2023-07-28 10:30:43 用户:root 创建固件扫描任务:STM324xG_EVAL.bin, id:3146, 并未关联固件库
07-28 10:30:44,037222 [INFOR] [userlog] 当前:2023-07-28 10:30:43 用户:root 开始固件扫描任务:STM324xG_EVAL.bin, id:3146
07-28 10:30:44,989186 [INFOR] [userlog] 当前:2023-07-28 10:30:44 用户:root 创建固件扫描任务:STM324xG_EVAL.elf, id:3147, 并未关联固件库
07-28 10:30:45,320576 [INFOR] [userlog] 当前:2023-07-28 10:30:45 用户:root 开始固件扫描任务:STM324xG_EVAL.elf, id:3147
07-28 10:30:45,666091 [INFOR] [userlog] 当前:2023-07-28 10:30:45 用户:root 暂停固件扫描任务:debug.bin, id:3145
07-28 10:30:45,701285 [INFOR] [userlog] 当前:2023-07-28 10:30:45 用户:root 删除固件扫描任务:debug.bin, id:3145
07-28 10:30:45,718893 [INFOR] [userlog] 当前:2023-07-28 10:30:45 用户:root 创建固件扫描任务:helloworld.bin, id:3148, 并未关联固件库
07-28 10:30:46,063138 [INFOR] [userlog] 当前:2023-07-28 10:30:45 用户:root 开始固件扫描任务:helloworld.bin, id:3148
07-28 10:30:46,414546 [INFOR] [userlog] 当前:2023-07-28 10:30:46 用户:root 创建固件扫描任务:test.bin, id:3149, 并未关联固件库
07-28 10:30:46,766506 [INFOR] [userlog] 当前:2023-07-28 10:30:46 用户:root 开始固件扫描任务:test.bin, id:3149
07-28 10:30:47,128296 [INFOR] [userlog] 当前:2023-07-28 10:30:47 用户:root 创建固件扫描任务:Fx_MultiAccess.bin, id:3150, 并未关联固件库
07-28 10:30:47,478810 [INFOR] [userlog] 当前:2023-07-28 10:30:47 用户:root 开始固件扫描任务:Fx_MultiAccess.bin, id:3150
07-28 10:30:47,852891 [INFOR] [userlog] 当前:2023-07-28 10:30:47 用户:root 创建固件扫描任务:Ux_Device_Video.bin, id:3151, 并未关联固件库
07-28 10:30:48,197210 [INFOR] [userlog] 当前:2023-07-28 10:30:47 用户:root 开始固件扫描任务:Ux_Device_Video.bin, id:3151
07-28 10:30:49,383551 [INFOR] [userlog] 当前:2023-07-28 10:30:49 用户:root 创建固件扫描任务:Ux_Device_Video.elf, id:3152, 并未关联固件库
07-28 10:30:49,707749 [INFOR] [userlog] 当前:2023-07-28 10:30:49 用户:root 开始固件扫描任务:Ux_Device_Video.elf, id:3152
07-28 10:35:01,171324 [INFOR] [userlog] 当前:2023-07-28 10:35:01 用户:wt 恢复固件扫描任务:uVxWorks, id:3121至任务队列中
07-28 10:35:39,401650 [INFOR] [userlog] 当前:2023-07-28 10:35:39 用户:wt 恢复固件扫描任务:uVxWorks, id:2984至任务队列中
07-28 10:36:45,276555 [INFOR] [userlog] 当前:2023-07-28 10:36:45 用户:wx 登录成功
07-28 10:36:59,098825 [INFOR] [userlog] 当前:2023-07-28 10:36:59 用户:wx 退出登录
07-28 10:37:43,284695 [INFOR] [userlog] 当前:2023-07-28 10:37:43 用户:cxh 退出登录
07-28 10:37:47,655582 [INFOR] [userlog] 当前:2023-07-28 10:37:47 用户:wwh 登录成功
07-28 10:37:55,221755 [INFOR] [userlog] 当前:2023-07-28 10:37:55 用户:wwh 退出登录
07-28 10:37:58,316546 [INFOR] [userlog] 当前:2023-07-28 10:37:58 用户:cxh 登录成功
07-28 10:38:45,971824 [INFOR] [userlog] 当前:2023-07-28 10:38:45 用户:cxh 暂停固件扫描任务:uVxWorks, id:3121
07-28 10:51:15,658322 [INFOR] [userlog] 当前:2023-07-28 10:51:15 用户:admin 登录成功
07-28 11:00:42,093080 [INFOR] [userlog] 当前:2023-07-28 11:00:42 用户:cxh 下载扫描任务:WJ-HD300A_3.13.zipExcel报告, id:3127
07-28 11:09:08,686624 [INFOR] [userlog] 当前:2023-07-28 11:09:08 用户:admin 退出登录
07-28 11:10:57,594621 [INFOR] [userlog] 当前:2023-07-28 11:10:57 用户:admin 登录成功
07-28 11:15:09,961269 [INFOR] [userlog] 当前:2023-07-28 11:15:09 用户:cxh 开始生成任务:337557852378103808.zipPDF报告
07-28 11:15:45,356085 [INFOR] [userlog] 当前:2023-07-28 11:15:45 用户:cxh 开始生成任务:lj4300fw_04.019.1.rfuPDF报告
07-28 11:15:50,321332 [INFOR] [userlog] 当前:2023-07-28 11:15:50 用户:cxh 删除固件扫描任务:lj4300fw_04.019.1.rfu, id:2782
07-28 11:15:52,779060 [INFOR] [userlog] 当前:2023-07-28 11:15:52 用户:cxh 下载了任务:337557852378103808.zipPDF报告
07-28 11:16:52,760923 [INFOR] [userlog] 当前:2023-07-28 11:16:52 用户:cxh 下载了任务:lj4300fw_04.019.1.rfuPDF报告
07-28 13:46:26,263967 [INFOR] [userlog] 当前:2023-07-28 13:46:23 用户:cxh 更新漏洞库
07-28 13:53:46,997647 [INFOR] [userlog] 当前:2023-07-28 13:53:46 用户:admin 退出登录
07-28 13:53:51,708773 [INFOR] [userlog] 当前:2023-07-28 13:53:51 用户:admin 登录成功
07-28 13:54:53,798388 [INFOR] [userlog] 当前:2023-07-28 13:54:53 用户:root 登录成功
07-28 13:55:34,415404 [INFOR] [userlog] 当前:2023-07-28 13:55:34 用户:root 下载了任务:WE1N2_1000.binPDF报告
07-28 13:56:47,332249 [INFOR] [userlog] 当前:2023-07-28 13:56:47 用户:wt 创建固件扫描任务:VDR-308_Ramdisk.zip, id:3153, 并未关联固件库
07-28 13:56:50,476402 [INFOR] [userlog] 当前:2023-07-28 13:56:50 用户:wt 开始固件扫描任务:VDR-308_Ramdisk.zip, id:3153
07-28 14:03:06,159280 [INFOR] [userlog] 当前:2023-07-28 14:03:06 用户:cxh 退出登录
07-28 14:03:09,957649 [INFOR] [userlog] 当前:2023-07-28 14:03:09 用户:config 登录成功
07-28 14:05:02,704793 [INFOR] [userlog] 当前:2023-07-28 14:05:02 用户:config 退出登录
07-28 14:08:35,873242 [INFOR] [userlog] 当前:2023-07-28 14:08:35 用户:cxh 登录成功
07-28 14:12:12,640877 [INFOR] [userlog] 当前:2023-07-28 14:12:12 用户:config 登录成功
07-28 14:15:16,230597 [INFOR] [userlog] 当前:2023-07-28 14:15:16 用户:config 退出登录
07-28 14:15:19,558936 [INFOR] [userlog] 当前:2023-07-28 14:15:19 用户:wx 登录成功
07-28 14:17:45,457782 [INFOR] [userlog] 当前:2023-07-28 14:17:45 用户:cxh 退出登录
07-28 14:18:05,086478 [INFOR] [userlog] 当前:2023-07-28 14:17:53 用户:wwh 登录成功
07-28 14:19:31,630503 [INFOR] [userlog] 当前:2023-07-28 14:19:31 用户:wt 暂停固件扫描任务:VDR-308_Ramdisk.zip, id:3153
07-28 14:19:31,659491 [INFOR] [userlog] 当前:2023-07-28 14:19:31 用户:admin 退出登录
07-28 14:19:38,681663 [INFOR] [userlog] 当前:2023-07-28 14:19:38 用户:lxy 登录成功
07-28 14:19:53,066111 [INFOR] [userlog] 当前:2023-07-28 14:19:53 用户:wt 暂停固件扫描任务:uVxWorks, id:2984
07-28 14:20:34,635391 [INFOR] [userlog] 当前:2023-07-28 14:20:34 用户:wt 恢复固件扫描任务:uVxWorks, id:2984至任务队列中
07-28 14:24:23,071617 [INFOR] [userlog] 当前:2023-07-28 14:24:23 用户:wt 暂停固件扫描任务:uVxWorks, id:2984
07-28 14:24:26,672573 [INFOR] [userlog] 当前:2023-07-28 14:24:26 用户:wt 恢复固件扫描任务:uVxWorks, id:2984至任务队列中
07-28 14:39:07,046719 [INFOR] [userlog] 当前:2023-07-28 14:39:07 用户:lxy 退出登录
07-28 14:39:16,498631 [INFOR] [userlog] 当前:2023-07-28 14:39:16 用户:lxy 退出登录
07-28 14:39:16,502386 [INFOR] [userlog] 当前:2023-07-28 14:39:13 用户:lxy 登录成功
07-28 14:39:37,304612 [INFOR] [userlog] 当前:2023-07-28 14:39:21 用户:admin 登录成功
07-28 14:41:36,527462 [INFOR] [userlog] 当前:2023-07-28 14:41:36 用户:admin 登录成功
07-28 14:42:06,458169 [INFOR] [userlog] 当前:2023-07-28 14:42:06 用户:wwh 退出登录
07-28 14:42:10,695890 [INFOR] [userlog] 当前:2023-07-28 14:42:10 用户:wwh 登录成功
07-28 14:42:53,361105 [INFOR] [userlog] 当前:2023-07-28 14:42:45 用户:admin 登录成功
07-28 14:48:19,052266 [INFOR] [userlog] 当前:2023-07-28 14:48:19 用户:root 开始生成任务:VDR-308_Ramdisk.zipPDF报告
07-28 14:51:30,069344 [INFOR] [userlog] 当前:2023-07-28 14:51:30 用户:wwh 退出登录
07-28 14:51:33,073327 [INFOR] [userlog] 当前:2023-07-28 14:51:32 用户:cxh 登录成功
07-28 15:29:26,513659 [INFOR] [userlog] 当前:2023-07-28 15:29:26 用户:cxh 退出登录
07-28 15:29:32,603208 [INFOR] [userlog] 当前:2023-07-28 15:29:32 用户:wwh 登录成功
07-28 15:30:32,753857 [INFOR] [userlog] 当前:2023-07-28 15:30:32 用户:wwh 退出登录
07-28 15:31:11,682716 [INFOR] [userlog] 当前:2023-07-28 15:31:04 用户:wwh 修改密码成功
07-28 15:32:11,297657 [INFOR] [userlog] 当前:2023-07-28 15:32:09 用户:wwh 登录成功
07-28 15:32:17,007935 [INFOR] [userlog] 当前:2023-07-28 15:32:17 用户:wwh 退出登录
07-28 15:32:27,321203 [INFOR] [userlog] 当前:2023-07-28 15:32:22 用户:wwh 修改密码成功
07-28 15:32:41,552424 [INFOR] [userlog] 当前:2023-07-28 15:32:37 用户:wwh 修改密码成功
07-28 15:32:58,665795 [INFOR] [userlog] 当前:2023-07-28 15:32:56 用户:wwh 登录成功
07-28 15:54:25,240860 [INFOR] [userlog] 当前:2023-07-28 15:54:25 用户:wt 恢复固件扫描任务:uVxWorks, id:3121至任务队列中
07-28 15:58:15,231521 [INFOR] [userlog] 当前:2023-07-28 15:58:15 用户:wt 暂停固件扫描任务:uVxWorks, id:3121
07-28 15:58:36,938603 [INFOR] [userlog] 当前:2023-07-28 15:58:36 用户:wt 恢复固件扫描任务:uVxWorks, id:3121至任务队列中
07-28 15:58:50,105146 [INFOR] [userlog] 当前:2023-07-28 15:58:50 用户:wwh 退出登录
07-28 15:58:53,874834 [INFOR] [userlog] 当前:2023-07-28 15:58:53 用户:cxh 登录成功
07-28 16:00:00,108560 [INFOR] [userlog] 当前:2023-07-28 16:00:00 用户:cxh 创建固件扫描任务:VDR-308_Ramdisk.zip, id:3154, 并未关联固件库
07-28 16:00:04,397887 [INFOR] [userlog] 当前:2023-07-28 16:00:04 用户:cxh 开始固件扫描任务:VDR-308_Ramdisk.zip, id:3154
07-28 16:00:27,097082 [INFOR] [userlog] 当前:2023-07-28 16:00:27 用户:cxh 退出登录
07-28 16:03:34,848107 [INFOR] [userlog] 当前:2023-07-28 16:03:34 用户:cxh 登录成功
07-28 16:04:08,059939 [INFOR] [userlog] 当前:2023-07-28 16:04:08 用户:cxh 创建固件扫描任务:uVxWorks, id:3155, 并未关联固件库
07-28 16:04:11,040811 [INFOR] [userlog] 当前:2023-07-28 16:04:10 用户:cxh 开始固件扫描任务:uVxWorks, id:3155
07-28 16:04:30,124551 [INFOR] [userlog] 当前:2023-07-28 16:04:30 用户:cxh 创建固件扫描任务:uVxWorks, id:3156, 并未关联固件库
07-28 16:04:32,185542 [INFOR] [userlog] 当前:2023-07-28 16:04:31 用户:cxh 开始固件扫描任务:uVxWorks, id:3156
07-28 16:08:31,722201 [INFOR] [userlog] 当前:2023-07-28 16:08:31 用户:cxh 创建固件扫描任务:vxWorks, id:3157, 并未关联固件库
07-28 16:09:44,916914 [INFOR] [userlog] 当前:2023-07-28 16:09:44 用户:admin 退出登录
07-28 16:09:51,320733 [INFOR] [userlog] 当前:2023-07-28 16:09:51 用户:wwh 登录成功
07-28 16:09:52,057996 [INFOR] [userlog] 当前:2023-07-28 16:09:51 用户:cxh 开始固件扫描任务:vxWorks, id:3157
07-28 16:12:13,350060 [INFOR] [userlog] 当前:2023-07-28 16:12:13 用户:cxh 退出登录
07-28 16:12:33,207824 [INFOR] [userlog] 当前:2023-07-28 16:12:33 用户:config 登录成功
07-28 16:12:57,330088 [INFOR] [userlog] 当前:2023-07-28 16:12:57 用户:config 退出登录
07-28 16:13:02,110156 [INFOR] [userlog] 当前:2023-07-28 16:13:02 用户:wwh 登录成功
07-28 16:13:05,922160 [INFOR] [userlog] 当前:2023-07-28 16:13:05 用户:wwh 退出登录
07-28 16:13:09,953235 [INFOR] [userlog] 当前:2023-07-28 16:13:09 用户:cxh 登录成功
07-28 16:14:03,497331 [INFOR] [userlog] 当前:2023-07-28 16:14:03 用户:cxh 退出登录
07-28 16:14:07,276932 [INFOR] [userlog] 当前:2023-07-28 16:14:07 用户:cxh 登录成功
07-28 16:14:17,573207 [INFOR] [userlog] 当前:2023-07-28 16:14:17 用户:cxh 开始生成任务:Ux_Device_Video.elfPDF报告
07-28 16:15:17,089690 [INFOR] [userlog] 当前:2023-07-28 16:15:17 用户:cxh 退出登录
07-28 16:15:22,333502 [INFOR] [userlog] 当前:2023-07-28 16:15:22 用户:wwh 登录成功
07-28 16:15:26,189119 [INFOR] [userlog] 当前:2023-07-28 16:15:26 用户:wwh 退出登录
07-28 16:15:34,051501 [INFOR] [userlog] 当前:2023-07-28 16:15:33 用户:config 登录成功
07-28 16:15:43,109937 [INFOR] [userlog] 当前:2023-07-28 16:15:43 用户:config 退出登录
07-28 16:15:46,801734 [INFOR] [userlog] 当前:2023-07-28 16:15:46 用户:cxh 登录成功
07-28 16:15:57,428154 [INFOR] [userlog] 当前:2023-07-28 16:15:57 用户:cxh 下载了任务:Ux_Device_Video.elfPDF报告
07-28 16:16:27,592579 [INFOR] [userlog] 当前:2023-07-28 16:16:27 用户:cxh 退出登录
07-28 16:16:30,683167 [INFOR] [userlog] 当前:2023-07-28 16:16:30 用户:config 登录成功
07-28 16:16:55,827248 [INFOR] [userlog] 当前:2023-07-28 16:16:55 用户:config 退出登录
07-28 16:16:59,193269 [INFOR] [userlog] 当前:2023-07-28 16:16:59 用户:config 登录成功
07-28 16:17:35,867971 [INFOR] [userlog] 当前:2023-07-28 16:17:35 用户:config 退出登录
07-28 16:17:42,536891 [INFOR] [userlog] 当前:2023-07-28 16:17:42 用户:cxh 登录成功
07-28 16:17:50,554593 [INFOR] [userlog] 当前:2023-07-28 16:17:50 用户:cxh 开始生成任务:Ux_Device_Video.binPDF报告
07-28 16:18:20,092083 [INFOR] [userlog] 当前:2023-07-28 16:18:20 用户:cxh 下载了任务:Ux_Device_Video.binPDF报告
07-28 16:18:24,017917 [INFOR] [userlog] 当前:2023-07-28 16:18:23 用户:cxh 创建固件扫描任务:zsy.zip, id:3158, 并关联固件库
07-28 16:18:25,833287 [INFOR] [userlog] 当前:2023-07-28 16:18:25 用户:cxh 开始固件扫描任务:zsy.zip, id:3158
07-28 16:20:59,463549 [INFOR] [userlog] 当前:2023-07-28 16:20:59 用户:wwh 登录成功
07-28 16:32:17,032971 [INFOR] [userlog] 当前:2023-07-28 16:32:17 用户:cxh 创建固件扫描任务:vxWorks.elf, id:3159, 并未关联固件库
07-28 16:32:20,620524 [INFOR] [userlog] 当前:2023-07-28 16:32:20 用户:cxh 开始固件扫描任务:vxWorks.elf, id:3159
07-28 16:47:22,342576 [INFOR] [userlog] 当前:2023-07-28 16:47:22 用户:cxh 创建固件扫描任务:vxWorks_v7_arm_little-endian_nxp_raspberrypi4b.elf, id:3160, 并未关联固件库
07-28 16:47:33,326047 [INFOR] [userlog] 当前:2023-07-28 16:47:33 用户:cxh 开始固件扫描任务:vxWorks_v7_arm_little-endian_nxp_raspberrypi4b.elf, id:3160
07-28 16:48:16,710298 [INFOR] [userlog] 当前:2023-07-28 16:48:16 用户:cxh 创建固件扫描任务:vxWorks_v7_arm_little-endian_nxp_lmx8.elf, id:3161, 并未关联固件库
07-28 16:48:18,350796 [INFOR] [userlog] 当前:2023-07-28 16:48:18 用户:cxh 开始固件扫描任务:vxWorks_v7_arm_little-endian_nxp_lmx8.elf, id:3161
07-28 16:48:40,612209 [INFOR] [userlog] 当前:2023-07-28 16:48:40 用户:cxh 创建固件扫描任务:vxWorks_v7_arm_little-endian_nxp_lmx8.bin, id:3162, 并未关联固件库
07-28 16:49:48,234603 [INFOR] [userlog] 当前:2023-07-28 16:49:47 用户:cxh 开始固件扫描任务:vxWorks_v7_arm_little-endian_nxp_lmx8.bin, id:3162
07-28 16:50:47,254778 [INFOR] [userlog] 当前:2023-07-28 16:50:47 用户:cxh 创建固件扫描任务:vxWorks_v5_mips_bigendian.bin, id:3163, 并未关联固件库
07-28 16:50:49,392581 [INFOR] [userlog] 当前:2023-07-28 16:50:49 用户:cxh 开始固件扫描任务:vxWorks_v5_mips_bigendian.bin, id:3163
07-28 17:06:18,778704 [INFOR] [userlog] 当前:2023-07-28 17:06:18 用户:cxh 创建固件扫描任务:vxWorks_v7_riscv_little_endian.bin, id:3164, 并未关联固件库
07-28 17:06:19,944772 [INFOR] [userlog] 当前:2023-07-28 17:06:19 用户:cxh 开始固件扫描任务:vxWorks_v7_riscv_little_endian.bin, id:3164
07-28 17:06:54,693119 [INFOR] [userlog] 当前:2023-07-28 17:06:54 用户:cxh 创建固件扫描任务:vxWorks_v7_riscv_little_endian.elf, id:3165, 并未关联固件库
07-28 17:06:55,782398 [INFOR] [userlog] 当前:2023-07-28 17:06:55 用户:cxh 开始固件扫描任务:vxWorks_v7_riscv_little_endian.elf, id:3165
07-28 17:07:39,101941 [INFOR] [userlog] 当前:2023-07-28 17:07:39 用户:cxh 创建固件扫描任务:vxWorks_v7_x86_qemu.bin, id:3166, 并未关联固件库
07-28 17:08:29,537246 [INFOR] [userlog] 当前:2023-07-28 17:08:29 用户:cxh 开始固件扫描任务:vxWorks_v7_x86_qemu.bin, id:3166
07-28 17:09:30,463229 [INFOR] [userlog] 当前:2023-07-28 17:09:30 用户:cxh 创建固件扫描任务:vxWorks_v5_mips_little-endian.bin, id:3167, 并未关联固件库
07-28 17:09:52,918728 [INFOR] [userlog] 当前:2023-07-28 17:09:52 用户:cxh 创建固件扫描任务:vxWorks_v6_mk68_bigendian.bin, id:3168, 并未关联固件库
07-28 17:10:37,966022 [INFOR] [userlog] 当前:2023-07-28 17:10:35 用户:cxh 创建固件扫描任务:vxWorks_v7_arm_little-endian_nxp_raspberrypi4b.bin, id:3169, 并未关联固件库
07-28 17:11:10,626543 [INFOR] [userlog] 当前:2023-07-28 17:10:51 用户:cxh 开始固件扫描任务:vxWorks_v6_mk68_bigendian.bin, id:3168
07-28 17:11:16,259511 [INFOR] [userlog] 当前:2023-07-28 17:10:50 用户:cxh 开始固件扫描任务:vxWorks_v7_arm_little-endian_nxp_raspberrypi4b.bin, id:3169
07-28 17:11:16,328887 [INFOR] [userlog] 当前:2023-07-28 17:10:51 用户:cxh 开始固件扫描任务:vxWorks_v5_mips_little-endian.bin, id:3167
07-28 17:15:01,509467 [INFOR] [userlog] 当前:2023-07-28 17:15:01 用户:cxh 创建固件扫描任务:vxWorks_v7_x86_qemu.elf, id:3170, 并未关联固件库
07-28 17:15:03,531889 [INFOR] [userlog] 当前:2023-07-28 17:15:03 用户:cxh 开始固件扫描任务:vxWorks_v7_x86_qemu.elf, id:3170
07-28 17:17:17,324902 [INFOR] [userlog] 当前:2023-07-28 17:17:17 用户:cxh 创建固件扫描任务:vxWorks_v7_x86_up2.elf, id:3171, 并未关联固件库
07-28 17:17:35,554003 [INFOR] [userlog] 当前:2023-07-28 17:17:22 用户:cxh 开始固件扫描任务:vxWorks_v7_x86_up2.elf, id:3171
07-28 17:31:44,018996 [INFOR] [userlog] 当前:2023-07-28 17:31:44 用户:cxh 开始生成任务:vxWorks_v7_x86_qemu.binPDF报告
07-28 17:32:24,689960 [INFOR] [userlog] 当前:2023-07-28 17:32:24 用户:cxh 下载了任务:vxWorks_v7_x86_qemu.binPDF报告
07-28 17:33:22,543346 [INFOR] [userlog] 当前:2023-07-28 17:33:22 用户:cxh 开始生成任务:vxWorks_v7_x86_qemu.elfPDF报告
07-28 17:33:25,580099 [INFOR] [userlog] 当前:2023-07-28 17:33:25 用户:cxh 开始生成任务:vxWorks_v7_x86_qemu.elfPDF报告
07-28 17:34:27,860293 [INFOR] [userlog] 当前:2023-07-28 17:34:27 用户:cxh 下载了任务:vxWorks_v7_x86_qemu.elfPDF报告
07-28 17:34:38,658047 [INFOR] [userlog] 当前:2023-07-28 17:34:38 用户:cxh 创建固件扫描任务:vxWorks_v7_x86_up2.bin, id:3172, 并未关联固件库
07-28 17:35:22,977861 [INFOR] [userlog] 当前:2023-07-28 17:35:22 用户:cxh 开始生成任务:vxWorks_v7_x86_qemu.binPDF报告
07-28 17:36:24,688093 [INFOR] [userlog] 当前:2023-07-28 17:36:24 用户:cxh 下载了任务:vxWorks_v7_x86_qemu.binPDF报告
07-28 17:37:42,973460 [INFOR] [userlog] 当前:2023-07-28 17:37:42 用户:cxh 删除固件扫描任务:vxWorks_v7_x86_qemu.elf, id:3170
07-28 17:37:42,973474 [INFOR] [userlog] 当前:2023-07-28 17:37:42 用户:cxh 删除固件扫描任务:vxWorks_v7_x86_qemu.elf, id:2988
07-28 17:38:21,178481 [INFOR] [userlog] 当前:2023-07-28 17:38:21 用户:cxh 创建固件扫描任务:vxWorks_v7_x86_qemu.elf, id:3173, 并未关联固件库
07-28 17:38:25,263301 [INFOR] [userlog] 当前:2023-07-28 17:38:25 用户:cxh 开始固件扫描任务:vxWorks_v7_x86_up2.bin, id:3172
07-28 17:38:38,244040 [INFOR] [userlog] 当前:2023-07-28 17:38:38 用户:cxh 删除固件扫描任务:vxWorks_v7_x86_qemu.bin, id:3166
07-28 17:38:38,244052 [INFOR] [userlog] 当前:2023-07-28 17:38:38 用户:cxh 删除固件扫描任务:vxWorks_v7_x86_qemu.bin, id:2987
07-28 17:39:13,895662 [INFOR] [userlog] 当前:2023-07-28 17:39:13 用户:cxh 创建固件扫描任务:vxWorks_v7_x86_qemu.bin, id:3174, 并未关联固件库
07-28 17:39:19,790024 [INFOR] [userlog] 当前:2023-07-28 17:39:19 用户:cxh 开始固件扫描任务:vxWorks_v7_x86_qemu.bin, id:3174
07-28 17:39:20,300786 [INFOR] [userlog] 当前:2023-07-28 17:39:20 用户:cxh 开始固件扫描任务:vxWorks_v7_x86_qemu.elf, id:3173
07-28 17:39:37,559563 [INFOR] [userlog] 当前:2023-07-28 17:39:37 用户:cxh 删除固件扫描任务:vxWorks_v7_arm_little-endian_nxp_raspberrypi4b.elf, id:3160
07-28 17:39:37,559583 [INFOR] [userlog] 当前:2023-07-28 17:39:37 用户:cxh 删除固件扫描任务:vxWorks_v7_arm_little-endian_nxp_raspberrypi4b.elf, id:2982
07-28 17:39:57,819749 [INFOR] [userlog] 当前:2023-07-28 17:39:57 用户:cxh 创建固件扫描任务:vxWorks_v7_arm_little-endian_nxp_raspberrypi4b.elf, id:3175, 并未关联固件库
07-28 17:39:59,633132 [INFOR] [userlog] 当前:2023-07-28 17:39:59 用户:cxh 开始固件扫描任务:vxWorks_v7_arm_little-endian_nxp_raspberrypi4b.elf, id:3175
07-28 17:40:58,917106 [INFOR] [userlog] 当前:2023-07-28 17:40:58 用户:cxh 开始生成任务:vxWorks_v5_mips_little-endian.binPDF报告
07-28 17:41:36,998344 [INFOR] [userlog] 当前:2023-07-28 17:41:36 用户:cxh 重新开始固件库扫描任务:LEADPFASoftware, id:3111
07-28 17:41:44,182252 [INFOR] [userlog] 当前:2023-07-28 17:41:44 用户:cxh 重新开始固件库扫描任务:LEADPFASoftware, id:3111
07-28 17:42:12,040712 [INFOR] [userlog] 当前:2023-07-28 17:42:12 用户:cxh 重新开始固件库扫描任务:libcrypto.so.0.9.8, id:3030
07-28 17:42:21,356437 [INFOR] [userlog] 当前:2023-07-28 17:42:21 用户:cxh 重新开始固件库扫描任务:example(1.06M).bin, id:3028
07-28 17:42:24,691065 [INFOR] [userlog] 当前:2023-07-28 17:42:24 用户:cxh 下载了任务:vxWorks_v5_mips_little-endian.binPDF报告
07-28 17:42:34,921611 [INFOR] [userlog] 当前:2023-07-28 17:42:34 用户:cxh 删除固件扫描任务:vxWorks_v5_mips_little-endian.bin, id:3167
07-28 17:42:34,921626 [INFOR] [userlog] 当前:2023-07-28 17:42:34 用户:cxh 删除固件扫描任务:vxWorks_v5_mips_little-endian.bin, id:2974
07-28 17:42:48,263279 [INFOR] [userlog] 当前:2023-07-28 17:42:48 用户:cxh 创建固件扫描任务:vxWorks_v5_mips_little-endian.bin, id:3180, 并未关联固件库
07-28 17:42:49,761276 [INFOR] [userlog] 当前:2023-07-28 17:42:49 用户:cxh 开始固件扫描任务:vxWorks_v5_mips_little-endian.bin, id:3180
07-28 17:42:50,095626 [INFOR] [userlog] 当前:2023-07-28 17:42:50 用户:cxh 暂停固件扫描任务:example(1.06M).bin, id:3179
07-28 17:42:51,922504 [INFOR] [userlog] 当前:2023-07-28 17:42:51 用户:cxh 暂停固件扫描任务:libcrypto.so.0.9.8, id:3178
07-28 17:42:53,568395 [INFOR] [userlog] 当前:2023-07-28 17:42:53 用户:cxh 暂停固件扫描任务:LEADPFASoftware, id:3177
07-28 17:45:50,061246 [INFOR] [userlog] 当前:2023-07-28 17:45:50 用户:cxh 恢复固件扫描任务:LEADPFASoftware, id:3177
07-28 17:57:44,192367 [INFOR] [userlog] 当前:2023-07-28 17:57:44 用户:cxh 暂停固件扫描任务:LEADPFASoftware, id:3177
07-28 17:57:58,578747 [INFOR] [userlog] 当前:2023-07-28 17:57:58 用户:cxh 恢复固件扫描任务:LEADPFASoftware, id:3177
07-28 18:01:00,492480 [INFOR] [userlog] 当前:2023-07-28 18:01:00 用户:cxh 暂停固件扫描任务:LEADPFASoftware, id:3177
07-28 18:01:11,370962 [INFOR] [userlog] 当前:2023-07-28 18:01:11 用户:cxh 恢复固件扫描任务:LEADPFASoftware, id:3177
07-28 18:10:02,457610 [INFOR] [userlog] 当前:2023-07-28 18:10:02 用户:cxh 暂停固件扫描任务:LEADPFASoftware, id:3177
07-28 18:10:03,992163 [INFOR] [userlog] 当前:2023-07-28 18:10:03 用户:cxh 恢复固件扫描任务:libcrypto.so.0.9.8, id:3178
07-28 18:10:04,489357 [INFOR] [userlog] 当前:2023-07-28 18:10:04 用户:cxh 恢复固件扫描任务:example(1.06M).bin, id:3179
07-28 18:11:47,759290 [INFOR] [userlog] 当前:2023-07-28 18:11:47 用户:cxh 暂停固件扫描任务:libcrypto.so.0.9.8, id:3178
07-28 18:11:48,445810 [INFOR] [userlog] 当前:2023-07-28 18:11:48 用户:cxh 暂停固件扫描任务:example(1.06M).bin, id:3179
07-28 18:14:12,198980 [INFOR] [userlog] 当前:2023-07-28 18:14:12 用户:cxh 开始生成任务:bileiqi_monitorPDF报告
07-28 18:14:24,282684 [INFOR] [userlog] 当前:2023-07-28 18:14:24 用户:cxh 开始生成任务:ArresterOnLine.hexPDF报告
07-28 18:14:25,001807 [INFOR] [userlog] 当前:2023-07-28 18:14:24 用户:cxh 下载了任务:bileiqi_monitorPDF报告
07-28 18:15:24,979252 [INFOR] [userlog] 当前:2023-07-28 18:15:24 用户:cxh 下载了任务:ArresterOnLine.hexPDF报告
07-28 18:15:29,171817 [INFOR] [userlog] 当前:2023-07-28 18:15:29 用户:cxh 开始生成任务:防爆盒固件-cable_proof_app_V206.hexPDF报告
07-28 18:16:01,448537 [INFOR] [userlog] 当前:2023-07-28 18:16:01 用户:wt 删除固件扫描任务:vxWorks.elf, id:3159
07-28 18:16:23,150659 [INFOR] [userlog] 当前:2023-07-28 18:16:23 用户:wt 删除固件扫描任务:vxWorks_v7_arm_little-endian_nxp_lmx8.elf, id:3161
07-28 18:16:24,805776 [INFOR] [userlog] 当前:2023-07-28 18:16:24 用户:cxh 下载了任务:防爆盒固件-cable_proof_app_V206.hexPDF报告
07-28 18:16:36,526816 [INFOR] [userlog] 当前:2023-07-28 18:16:36 用户:wt 创建固件扫描任务:vxWorks.elf, id:3181, 并未关联固件库
07-28 18:16:38,816577 [INFOR] [userlog] 当前:2023-07-28 18:16:38 用户:wt 开始固件扫描任务:vxWorks.elf, id:3181
07-28 18:16:59,335618 [INFOR] [userlog] 当前:2023-07-28 18:16:55 用户:wt 创建固件扫描任务:vxWorks_v7_arm_little-endian_nxp_lmx8.elf, id:3182, 并未关联固件库
07-28 18:17:05,592782 [INFOR] [userlog] 当前:2023-07-28 18:17:04 用户:wt 开始固件扫描任务:vxWorks_v7_arm_little-endian_nxp_lmx8.elf, id:3182
07-28 18:19:03,817741 [INFOR] [userlog] 当前:2023-07-28 18:19:03 用户:cxh 退出登录
07-28 18:19:06,147121 [INFOR] [userlog] 当前:2023-07-28 18:19:06 用户:cxh 登录成功
07-28 18:19:14,326287 [INFOR] [userlog] 当前:2023-07-28 18:19:14 用户:wx 登录成功
07-28 18:19:54,057463 [INFOR] [userlog] 当前:2023-07-28 18:19:54 用户:wt 退出登录
07-28 18:20:00,917137 [INFOR] [userlog] 当前:2023-07-28 18:20:00 用户:wt 登录成功
07-28 18:25:48,132525 [INFOR] [userlog] 当前:2023-07-28 18:25:48 用户:config 登录成功
07-28 18:26:36,170700 [INFOR] [userlog] 当前:2023-07-28 18:26:36 用户:wt 登录成功
07-28 18:27:40,037198 [INFOR] [userlog] 当前:2023-07-28 18:27:39 用户:wx 登录成功
07-28 18:28:43,118893 [INFOR] [userlog] 当前:2023-07-28 18:28:43 用户:wx 退出登录
07-28 18:29:22,897212 [INFOR] [userlog] 当前:2023-07-28 18:29:22 用户:cxh 登录成功
07-28 18:29:42,405016 [INFOR] [userlog] 当前:2023-07-28 18:29:42 用户:cxh 创建固件扫描任务:CONFIG.gz, id:3183, 并未关联固件库
07-28 18:29:43,435965 [INFOR] [userlog] 当前:2023-07-28 18:29:43 用户:cxh 开始固件扫描任务:CONFIG.gz, id:3183
07-28 18:29:56,902695 [INFOR] [userlog] 当前:2023-07-28 18:29:56 用户:cxh 创建固件扫描任务:device_tree.dtb, id:3184, 并未关联固件库
07-28 18:29:58,600235 [INFOR] [userlog] 当前:2023-07-28 18:29:58 用户:cxh 开始固件扫描任务:device_tree.dtb, id:3184
07-28 18:34:23,182305 [INFOR] [userlog] 当前:2023-07-28 18:34:23 用户:cxh 登录成功
07-28 18:38:29,832324 [INFOR] [userlog] 当前:2023-07-28 18:38:29 用户:cxh 登录成功
07-28 18:50:20,371389 [INFOR] [userlog] 当前:2023-07-28 18:50:20 用户:wwh 登录成功
07-28 18:50:21,565631 [INFOR] [userlog] 当前:2023-07-28 18:50:21 用户:wwh 创建固件扫描任务:zsy.zip, id:3185, 并未关联固件库
07-28 18:50:21,908796 [INFOR] [userlog] 当前:2023-07-28 18:50:21 用户:wwh 开始固件扫描任务:zsy.zip, id:3185
07-28 18:50:22,681230 [INFOR] [userlog] 当前:2023-07-28 18:50:22 用户:wwh 创建固件扫描任务:zsy.zip, id:3186, 并未关联固件库
07-28 18:50:23,019339 [INFOR] [userlog] 当前:2023-07-28 18:50:22 用户:wwh 开始固件扫描任务:zsy.zip, id:3186
07-28 18:50:23,915630 [INFOR] [userlog] 当前:2023-07-28 18:50:23 用户:wwh 创建固件扫描任务:zsy.zip, id:3187, 并未关联固件库
07-28 18:50:24,246285 [INFOR] [userlog] 当前:2023-07-28 18:50:24 用户:wwh 开始固件扫描任务:zsy.zip, id:3187
07-28 18:50:24,942148 [INFOR] [userlog] 当前:2023-07-28 18:50:24 用户:wwh 创建固件扫描任务:zsy.zip, id:3188, 并未关联固件库
07-28 18:50:25,278043 [INFOR] [userlog] 当前:2023-07-28 18:50:25 用户:wwh 开始固件扫描任务:zsy.zip, id:3188
07-28 18:50:26,030390 [INFOR] [userlog] 当前:2023-07-28 18:50:26 用户:wwh 创建固件扫描任务:zsy.zip, id:3189, 并未关联固件库
07-28 18:50:26,373024 [INFOR] [userlog] 当前:2023-07-28 18:50:26 用户:wwh 开始固件扫描任务:zsy.zip, id:3189
07-28 18:50:27,183707 [INFOR] [userlog] 当前:2023-07-28 18:50:27 用户:wwh 创建固件扫描任务:zsy.zip, id:3190, 并未关联固件库
07-28 18:50:27,512042 [INFOR] [userlog] 当前:2023-07-28 18:50:27 用户:wwh 开始固件扫描任务:zsy.zip, id:3190
07-28 18:50:28,273703 [INFOR] [userlog] 当前:2023-07-28 18:50:28 用户:wwh 创建固件扫描任务:zsy.zip, id:3191, 并未关联固件库
07-28 18:50:28,674121 [INFOR] [userlog] 当前:2023-07-28 18:50:28 用户:wwh 开始固件扫描任务:zsy.zip, id:3191
07-28 18:50:29,475377 [INFOR] [userlog] 当前:2023-07-28 18:50:29 用户:wwh 创建固件扫描任务:zsy.zip, id:3192, 并未关联固件库
07-28 18:50:29,801696 [INFOR] [userlog] 当前:2023-07-28 18:50:29 用户:wwh 开始固件扫描任务:zsy.zip, id:3192
07-28 18:50:30,597032 [INFOR] [userlog] 当前:2023-07-28 18:50:30 用户:wwh 创建固件扫描任务:zsy.zip, id:3193, 并未关联固件库
07-28 18:50:30,925612 [INFOR] [userlog] 当前:2023-07-28 18:50:30 用户:wwh 开始固件扫描任务:zsy.zip, id:3193
07-28 18:50:31,630228 [INFOR] [userlog] 当前:2023-07-28 18:50:31 用户:wwh 创建固件扫描任务:zsy.zip, id:3194, 并未关联固件库
07-28 18:50:31,971960 [INFOR] [userlog] 当前:2023-07-28 18:50:31 用户:wwh 开始固件扫描任务:zsy.zip, id:3194
07-28 18:50:32,862478 [INFOR] [userlog] 当前:2023-07-28 18:50:32 用户:wwh 创建固件扫描任务:zsy.zip, id:3195, 并未关联固件库
07-28 18:50:33,219709 [INFOR] [userlog] 当前:2023-07-28 18:50:32 用户:wwh 开始固件扫描任务:zsy.zip, id:3195
07-28 18:50:34,231824 [INFOR] [userlog] 当前:2023-07-28 18:50:34 用户:wwh 创建固件扫描任务:zsy.zip, id:3196, 并未关联固件库
07-28 18:50:34,573275 [INFOR] [userlog] 当前:2023-07-28 18:50:34 用户:wwh 开始固件扫描任务:zsy.zip, id:3196
07-28 18:50:35,476346 [INFOR] [userlog] 当前:2023-07-28 18:50:35 用户:wwh 创建固件扫描任务:zsy.zip, id:3197, 并未关联固件库
07-28 18:50:35,813504 [INFOR] [userlog] 当前:2023-07-28 18:50:35 用户:wwh 开始固件扫描任务:zsy.zip, id:3197
07-28 18:50:36,864299 [INFOR] [userlog] 当前:2023-07-28 18:50:36 用户:wwh 创建固件扫描任务:zsy.zip, id:3198, 并未关联固件库
07-28 18:50:37,314205 [INFOR] [userlog] 当前:2023-07-28 18:50:37 用户:wwh 开始固件扫描任务:zsy.zip, id:3198
07-28 18:50:38,446635 [INFOR] [userlog] 当前:2023-07-28 18:50:38 用户:wwh 创建固件扫描任务:zsy.zip, id:3199, 并未关联固件库
07-28 18:50:38,837339 [INFOR] [userlog] 当前:2023-07-28 18:50:38 用户:wwh 开始固件扫描任务:zsy.zip, id:3199
07-28 18:50:39,862993 [INFOR] [userlog] 当前:2023-07-28 18:50:39 用户:wwh 创建固件扫描任务:zsy.zip, id:3200, 并未关联固件库
07-28 18:50:40,202236 [INFOR] [userlog] 当前:2023-07-28 18:50:39 用户:wwh 开始固件扫描任务:zsy.zip, id:3200
07-28 18:50:41,138805 [INFOR] [userlog] 当前:2023-07-28 18:50:41 用户:wwh 创建固件扫描任务:zsy.zip, id:3201, 并未关联固件库
07-28 18:50:41,463029 [INFOR] [userlog] 当前:2023-07-28 18:50:41 用户:wwh 开始固件扫描任务:zsy.zip, id:3201
07-28 18:50:41,485681 [INFOR] [userlog] 当前:2023-07-28 18:50:41 用户:wwh 退出登录
07-28 18:50:57,125171 [INFOR] [userlog] 当前:2023-07-28 18:50:57 用户:wwh 登录成功
07-28 18:50:57,553455 [INFOR] [userlog] 当前:2023-07-28 18:50:57 用户:wwh 创建固件扫描任务:libcurl_7.17.1-1_arm.ipk, id:3202, 并未关联固件库
07-28 18:50:58,023043 [INFOR] [userlog] 当前:2023-07-28 18:50:57 用户:wwh 开始固件扫描任务:libcurl_7.17.1-1_arm.ipk, id:3202
07-28 18:50:58,056747 [INFOR] [userlog] 当前:2023-07-28 18:50:58 用户:wwh 退出登录
07-28 18:50:58,162982 [INFOR] [userlog] 当前:2023-07-28 18:50:58 用户:wwh 登录成功
07-28 18:50:58,971822 [INFOR] [userlog] 当前:2023-07-28 18:50:58 用户:wwh 创建固件扫描任务:WE1N2_1000.bin, id:3203, 并未关联固件库
07-28 18:50:59,454258 [INFOR] [userlog] 当前:2023-07-28 18:50:59 用户:wwh 开始固件扫描任务:WE1N2_1000.bin, id:3203
07-28 18:50:59,485317 [INFOR] [userlog] 当前:2023-07-28 18:50:59 用户:wwh 退出登录
07-28 18:50:59,585963 [INFOR] [userlog] 当前:2023-07-28 18:50:59 用户:wwh 登录成功
07-28 18:51:00,026946 [INFOR] [userlog] 当前:2023-07-28 18:51:00 用户:wwh 创建固件扫描任务:V204TA.GZ, id:3204, 并未关联固件库
07-28 18:51:00,496498 [INFOR] [userlog] 当前:2023-07-28 18:51:00 用户:wwh 开始固件扫描任务:V204TA.GZ, id:3204
07-28 18:51:00,518603 [INFOR] [userlog] 当前:2023-07-28 18:51:00 用户:wwh 退出登录
07-28 18:51:00,626916 [INFOR] [userlog] 当前:2023-07-28 18:51:00 用户:wwh 登录成功
07-28 18:51:04,498592 [INFOR] [userlog] 当前:2023-07-28 18:51:04 用户:wwh 创建固件扫描任务:51110.2.1800.96.bin, id:3205, 并未关联固件库
07-28 18:51:04,963887 [INFOR] [userlog] 当前:2023-07-28 18:51:04 用户:wwh 开始固件扫描任务:51110.2.1800.96.bin, id:3205
07-28 18:51:04,983978 [INFOR] [userlog] 当前:2023-07-28 18:51:04 用户:wwh 退出登录
07-28 18:51:05,085596 [INFOR] [userlog] 当前:2023-07-28 18:51:05 用户:wwh 登录成功
07-28 18:51:06,351755 [INFOR] [userlog] 当前:2023-07-28 18:51:06 用户:wwh 创建固件扫描任务:Auto_Vigor2910_V3.0.6_tw.zip, id:3206, 并未关联固件库
07-28 18:51:06,856308 [INFOR] [userlog] 当前:2023-07-28 18:51:06 用户:wwh 开始固件扫描任务:Auto_Vigor2910_V3.0.6_tw.zip, id:3206
07-28 18:51:06,884172 [INFOR] [userlog] 当前:2023-07-28 18:51:06 用户:wwh 退出登录
07-28 18:51:06,985010 [INFOR] [userlog] 当前:2023-07-28 18:51:06 用户:wwh 登录成功
07-28 18:51:10,122321 [INFOR] [userlog] 当前:2023-07-28 18:51:10 用户:wwh 创建固件扫描任务:VDR-308_Ramdisk.zip, id:3207, 并未关联固件库
07-28 18:51:10,587069 [INFOR] [userlog] 当前:2023-07-28 18:51:10 用户:wwh 开始固件扫描任务:VDR-308_Ramdisk.zip, id:3207
07-28 18:51:10,613715 [INFOR] [userlog] 当前:2023-07-28 18:51:10 用户:wwh 退出登录
07-28 18:51:10,712186 [INFOR] [userlog] 当前:2023-07-28 18:51:10 用户:wwh 登录成功
07-28 18:51:11,105520 [INFOR] [userlog] 当前:2023-07-28 18:51:11 用户:wwh 创建固件扫描任务:transmission-web_2.13-1_arm.ipk, id:3208, 并未关联固件库
07-28 18:51:11,564111 [INFOR] [userlog] 当前:2023-07-28 18:51:11 用户:wwh 开始固件扫描任务:transmission-web_2.13-1_arm.ipk, id:3208
07-28 18:51:11,583257 [INFOR] [userlog] 当前:2023-07-28 18:51:11 用户:wwh 退出登录
07-28 18:51:11,694830 [INFOR] [userlog] 当前:2023-07-28 18:51:11 用户:wwh 登录成功
07-28 18:51:12,599597 [INFOR] [userlog] 当前:2023-07-28 18:51:12 用户:wwh 创建固件扫描任务:MA100-tftp.103j.bin, id:3209, 并未关联固件库
07-28 18:51:13,080411 [INFOR] [userlog] 当前:2023-07-28 18:51:12 用户:wwh 开始固件扫描任务:MA100-tftp.103j.bin, id:3209
07-28 18:51:13,101999 [INFOR] [userlog] 当前:2023-07-28 18:51:13 用户:wwh 退出登录
07-28 18:51:13,204791 [INFOR] [userlog] 当前:2023-07-28 18:51:13 用户:wwh 登录成功
07-28 18:51:13,864639 [INFOR] [userlog] 当前:2023-07-28 18:51:13 用户:wwh 创建固件扫描任务:AFL-2.57b.zip, id:3210, 并未关联固件库
07-28 18:51:14,333016 [INFOR] [userlog] 当前:2023-07-28 18:51:14 用户:wwh 开始固件扫描任务:AFL-2.57b.zip, id:3210
07-28 18:51:14,359074 [INFOR] [userlog] 当前:2023-07-28 18:51:14 用户:wwh 退出登录
07-28 18:51:14,485323 [INFOR] [userlog] 当前:2023-07-28 18:51:14 用户:wwh 登录成功
07-28 18:51:16,881909 [INFOR] [userlog] 当前:2023-07-28 18:51:16 用户:wwh 创建固件扫描任务:miwifi_r1cl_firmware_1b415_2.12.9.bin, id:3211, 并未关联固件库
07-28 18:51:17,447779 [INFOR] [userlog] 当前:2023-07-28 18:51:17 用户:wwh 开始固件扫描任务:miwifi_r1cl_firmware_1b415_2.12.9.bin, id:3211
07-28 18:51:17,468991 [INFOR] [userlog] 当前:2023-07-28 18:51:17 用户:wwh 退出登录
07-28 18:51:17,557348 [INFOR] [userlog] 当前:2023-07-28 18:51:17 用户:wwh 登录成功
07-28 18:51:25,811334 [INFOR] [userlog] 当前:2023-07-28 18:51:25 用户:wwh 创建固件扫描任务:337557852378103808.zip, id:3212, 并未关联固件库
07-28 18:51:26,295796 [INFOR] [userlog] 当前:2023-07-28 18:51:26 用户:wwh 开始固件扫描任务:337557852378103808.zip, id:3212
07-28 18:51:26,332919 [INFOR] [userlog] 当前:2023-07-28 18:51:26 用户:wwh 退出登录
07-28 18:51:26,427315 [INFOR] [userlog] 当前:2023-07-28 18:51:26 用户:wwh 登录成功
07-28 18:51:28,521657 [INFOR] [userlog] 当前:2023-07-28 18:51:28 用户:wwh 创建固件扫描任务:NBD6804T-F.bin, id:3213, 并未关联固件库
07-28 18:51:29,024333 [INFOR] [userlog] 当前:2023-07-28 18:51:28 用户:wwh 开始固件扫描任务:NBD6804T-F.bin, id:3213
07-28 18:51:29,045160 [INFOR] [userlog] 当前:2023-07-28 18:51:29 用户:wwh 退出登录
07-28 18:51:29,189735 [INFOR] [userlog] 当前:2023-07-28 18:51:29 用户:wwh 登录成功
07-28 18:51:30,549029 [INFOR] [userlog] 当前:2023-07-28 18:51:30 用户:wwh 创建固件扫描任务:factory-to-ddwrt(2).bin, id:3214, 并未关联固件库
07-28 18:51:31,033109 [INFOR] [userlog] 当前:2023-07-28 18:51:30 用户:wwh 开始固件扫描任务:factory-to-ddwrt(2).bin, id:3214
07-28 18:51:31,056812 [INFOR] [userlog] 当前:2023-07-28 18:51:31 用户:wwh 退出登录
07-28 18:51:31,165371 [INFOR] [userlog] 当前:2023-07-28 18:51:31 用户:wwh 登录成功
07-28 18:51:32,109267 [INFOR] [userlog] 当前:2023-07-28 18:51:32 用户:wwh 创建固件扫描任务:A2Kv206.out, id:3215, 并未关联固件库
07-28 18:51:32,613838 [INFOR] [userlog] 当前:2023-07-28 18:51:32 用户:wwh 开始固件扫描任务:A2Kv206.out, id:3215
07-28 18:51:32,660592 [INFOR] [userlog] 当前:2023-07-28 18:51:32 用户:wwh 退出登录
07-28 18:51:32,764325 [INFOR] [userlog] 当前:2023-07-28 18:51:32 用户:wwh 登录成功
07-28 18:51:35,043880 [INFOR] [userlog] 当前:2023-07-28 18:51:35 用户:wwh 创建固件扫描任务:lj4300fw_04.019.1.rfu, id:3216, 并未关联固件库
07-28 18:51:35,533529 [INFOR] [userlog] 当前:2023-07-28 18:51:35 用户:wwh 开始固件扫描任务:lj4300fw_04.019.1.rfu, id:3216
07-28 18:51:35,561857 [INFOR] [userlog] 当前:2023-07-28 18:51:35 用户:wwh 退出登录
07-28 18:51:35,664260 [INFOR] [userlog] 当前:2023-07-28 18:51:35 用户:wwh 登录成功
07-28 18:51:36,024455 [INFOR] [userlog] 当前:2023-07-28 18:51:36 用户:wwh 创建固件扫描任务:annex_log.tgz, id:3217, 并未关联固件库
07-28 18:51:36,501564 [INFOR] [userlog] 当前:2023-07-28 18:51:36 用户:wwh 开始固件扫描任务:annex_log.tgz, id:3217
07-28 18:51:36,528231 [INFOR] [userlog] 当前:2023-07-28 18:51:36 用户:wwh 退出登录
07-28 18:51:36,626958 [INFOR] [userlog] 当前:2023-07-28 18:51:36 用户:wwh 登录成功
07-28 18:51:39,105943 [INFOR] [userlog] 当前:2023-07-28 18:51:39 用户:wwh 创建固件扫描任务:WJ-HD300A_3.13.zip, id:3218, 并未关联固件库
07-28 18:51:39,650970 [INFOR] [userlog] 当前:2023-07-28 18:51:39 用户:wwh 开始固件扫描任务:WJ-HD300A_3.13.zip, id:3218
07-28 18:51:39,677534 [INFOR] [userlog] 当前:2023-07-28 18:51:39 用户:wwh 退出登录
07-28 18:51:39,767162 [INFOR] [userlog] 当前:2023-07-28 18:51:39 用户:wwh 登录成功
07-28 18:51:41,234910 [INFOR] [userlog] 当前:2023-07-28 18:51:41 用户:wwh 创建固件扫描任务:mtd1_rootfs.zip, id:3219, 并未关联固件库
07-28 18:51:41,832728 [INFOR] [userlog] 当前:2023-07-28 18:51:41 用户:wwh 开始固件扫描任务:mtd1_rootfs.zip, id:3219
07-28 18:51:41,854733 [INFOR] [userlog] 当前:2023-07-28 18:51:41 用户:wwh 退出登录
07-28 18:51:41,957294 [INFOR] [userlog] 当前:2023-07-28 18:51:41 用户:wwh 登录成功
07-28 18:51:42,336853 [INFOR] [userlog] 当前:2023-07-28 18:51:42 用户:wwh 创建固件扫描任务:ES002200.bin, id:3220, 并未关联固件库
07-28 18:51:42,850706 [INFOR] [userlog] 当前:2023-07-28 18:51:42 用户:wwh 开始固件扫描任务:ES002200.bin, id:3220
07-28 18:51:42,872946 [INFOR] [userlog] 当前:2023-07-28 18:51:42 用户:wwh 退出登录
07-28 18:51:42,970493 [INFOR] [userlog] 当前:2023-07-28 18:51:42 用户:wwh 登录成功
07-28 18:51:44,371554 [INFOR] [userlog] 当前:2023-07-28 18:51:44 用户:wwh 创建固件扫描任务:samplejet_7b20130320_i386.deb, id:3221, 并未关联固件库
07-28 18:51:44,902144 [INFOR] [userlog] 当前:2023-07-28 18:51:44 用户:wwh 开始固件扫描任务:samplejet_7b20130320_i386.deb, id:3221
07-28 18:51:44,945022 [INFOR] [userlog] 当前:2023-07-28 18:51:44 用户:wwh 退出登录
07-28 18:51:45,072401 [INFOR] [userlog] 当前:2023-07-28 18:51:44 用户:wwh 登录成功
07-28 18:51:45,561995 [INFOR] [userlog] 当前:2023-07-28 18:51:45 用户:wwh 创建固件扫描任务:mtlan1.sys, id:3222, 并未关联固件库
07-28 18:51:46,115986 [INFOR] [userlog] 当前:2023-07-28 18:51:45 用户:wwh 开始固件扫描任务:mtlan1.sys, id:3222
07-28 18:51:46,135917 [INFOR] [userlog] 当前:2023-07-28 18:51:46 用户:wwh 退出登录
07-28 18:51:46,238842 [INFOR] [userlog] 当前:2023-07-28 18:51:46 用户:wwh 登录成功
07-28 18:52:06,034849 [INFOR] [userlog] 当前:2023-07-28 18:52:06 用户:wwh 创建固件扫描任务:DH_IPC-HX5XXX-Volt_Chn_PN_Stream3_V2.840.0000000.13.R.220110.bin, id:3223, 并未关联固件库
07-28 18:52:06,633945 [INFOR] [userlog] 当前:2023-07-28 18:52:06 用户:wwh 开始固件扫描任务:DH_IPC-HX5XXX-Volt_Chn_PN_Stream3_V2.840.0000000.13.R.220110.bin, id:3223
07-28 18:52:06,664744 [INFOR] [userlog] 当前:2023-07-28 18:52:06 用户:wwh 退出登录
07-28 18:52:06,759390 [INFOR] [userlog] 当前:2023-07-28 18:52:06 用户:wwh 登录成功
07-28 18:52:08,839974 [INFOR] [userlog] 当前:2023-07-28 18:52:08 用户:wwh 创建固件扫描任务:general.bin, id:3224, 并未关联固件库
07-28 18:52:09,358999 [INFOR] [userlog] 当前:2023-07-28 18:52:09 用户:wwh 开始固件扫描任务:general.bin, id:3224
07-28 18:52:09,379951 [INFOR] [userlog] 当前:2023-07-28 18:52:09 用户:wwh 退出登录
07-28 18:52:09,499607 [INFOR] [userlog] 当前:2023-07-28 18:52:09 用户:wwh 登录成功
07-28 18:52:10,795517 [INFOR] [userlog] 当前:2023-07-28 18:52:10 用户:wwh 创建固件扫描任务:ReadySHARE_USB_Printer_MAC_V2.36.dmg, id:3225, 并未关联固件库
07-28 18:52:11,403527 [INFOR] [userlog] 当前:2023-07-28 18:52:11 用户:wwh 开始固件扫描任务:ReadySHARE_USB_Printer_MAC_V2.36.dmg, id:3225
07-28 18:52:11,425644 [INFOR] [userlog] 当前:2023-07-28 18:52:11 用户:wwh 退出登录
07-28 18:52:11,518398 [INFOR] [userlog] 当前:2023-07-28 18:52:11 用户:wwh 登录成功
07-28 18:52:12,902822 [INFOR] [userlog] 当前:2023-07-28 18:52:12 用户:wwh 创建固件扫描任务:Aceex-NR22-webflash.bin, id:3226, 并未关联固件库
07-28 18:52:13,421628 [INFOR] [userlog] 当前:2023-07-28 18:52:13 用户:wwh 开始固件扫描任务:Aceex-NR22-webflash.bin, id:3226
07-28 18:52:13,445378 [INFOR] [userlog] 当前:2023-07-28 18:52:13 用户:wwh 退出登录

